INFO: 01:54:03.445812 main.go:29: ID:0 | N:4 | F:1 | Clients:1 | Scenario:NORMAL | Remote:false

INFO: 01:54:03.446212 messenger.go:91: Receive from Server 1 on tcp://*:4001
INFO: 01:54:03.446472 messenger.go:108: Send to Server 1 on tcp://localhost:4100
INFO: 01:54:03.446539 messenger.go:91: Receive from Server 2 on tcp://*:4002
INFO: 01:54:03.446583 messenger.go:108: Send to Server 2 on tcp://localhost:4200
INFO: 01:54:03.446629 messenger.go:91: Receive from Server 3 on tcp://*:4003
INFO: 01:54:03.446671 messenger.go:108: Send to Server 3 on tcp://localhost:4300
INFO: 01:54:03.446692 messenger.go:114: -----------------------------------------
INFO: 01:54:03.446732 messenger.go:136: Requests from Client 0 on tcp://*:7000
INFO: 01:54:03.446777 messenger.go:153: Response to Client 0 on tcp://*:10000
INFO: 01:54:03.446798 messenger.go:156: -----------------------------------------

INFO: 01:54:03.447055 main.go:83: Initial estimate value:  0
INFO: 01:54:03.447089 binary_consensus.go:23: 4.BC: bcid-1 round-1
INFO: 01:54:03.461295 binary_consensus.go:121: SEND EST 0
INFO: 01:54:03.480385 messenger.go:394: RECEIVED BVB j=3 v=1
INFO: 01:54:03.480485 binary_consensus.go:137: map[0:1 1:1]
INFO: 01:54:03.498071 messenger.go:394: RECEIVED BVB j=1 v=1
INFO: 01:54:03.498527 binary_consensus.go:137: map[0:1 1:2]
INFO: 01:54:03.504775 messenger.go:394: RECEIVED BVB j=2 v=0
INFO: 01:54:03.592103 messenger.go:286: SENT BVB j=2 v=0
INFO: 01:54:03.614998 messenger.go:286: SENT BVB j=1 v=0
INFO: 01:54:03.615316 messenger.go:286: SENT BVB j=1 v=1
INFO: 01:54:03.615603 messenger.go:286: SENT BVB j=2 v=1
INFO: 01:54:03.622140 messenger.go:394: RECEIVED BVB j=2 v=1
INFO: 01:54:03.627577 messenger.go:286: SENT BVB j=3 v=0
INFO: 01:54:03.628388 messenger.go:286: SENT BVB j=3 v=1
INFO: 01:54:03.627986 messenger.go:418: RECEIVED BC j=2 v=1
INFO: 01:54:03.629667 messenger.go:394: RECEIVED BVB j=1 v=0
INFO: 01:54:03.629873 binary_consensus.go:155: 4.BC: bin_values-[1]
INFO: 01:54:03.629934 binary_consensus.go:137: map[0:2 1:3]
INFO: 01:54:03.629973 binary_consensus.go:137: map[0:2 1:4]
INFO: 01:54:03.630004 binary_consensus.go:137: map[0:3 1:4]
INFO: 01:54:03.630041 binary_consensus.go:155: 4.BC: bin_values-[1 0]
INFO: 01:54:03.633401 messenger.go:418: RECEIVED BC j=3 v=1
INFO: 01:54:03.637302 messenger.go:286: SENT BC j=1 v=1
INFO: 01:54:03.637357 binary_consensus.go:77: 4.BC: vals-[1] coin-0
INFO: 01:54:03.637367 binary_consensus.go:23: 7.BC: bcid-1 round-2
INFO: 01:54:03.638109 messenger.go:286: SENT BC j=3 v=1
INFO: 01:54:03.638420 messenger.go:286: SENT BC j=2 v=1
INFO: 01:54:03.639779 messenger.go:418: RECEIVED BC j=1 v=0
INFO: 01:54:03.642463 binary_consensus.go:121: SEND EST 1
INFO: 01:54:03.644689 messenger.go:286: SENT BVB j=1 v=1
INFO: 01:54:03.646375 messenger.go:286: SENT BVB j=3 v=1
INFO: 01:54:03.649982 messenger.go:394: RECEIVED BVB j=3 v=0
INFO: 01:54:03.650056 binary_consensus.go:137: map[0:4 1:4]
INFO: 01:54:03.650203 messenger.go:394: RECEIVED BVB j=2 v=1
INFO: 01:54:03.650236 binary_consensus.go:137: map[0:0 1:2]
INFO: 01:54:03.650280 messenger.go:286: SENT BVB j=2 v=1
INFO: 01:54:03.652072 messenger.go:394: RECEIVED BVB j=1 v=1
INFO: 01:54:03.652110 binary_consensus.go:137: map[0:0 1:3]
INFO: 01:54:03.652982 binary_consensus.go:155: 7.BC: bin_values-[1]
INFO: 01:54:03.654469 messenger.go:394: RECEIVED BVB j=3 v=1
INFO: 01:54:03.654545 binary_consensus.go:137: map[0:0 1:4]
INFO: 01:54:03.657530 messenger.go:418: RECEIVED BC j=3 v=1
INFO: 01:54:03.660736 messenger.go:418: RECEIVED BC j=2 v=1
INFO: 01:54:03.661354 binary_consensus.go:77: 7.BC: vals-[1] coin-1
INFO: 01:54:03.661453 binary_consensus.go:82: 7.BC: decide-1
INFO: 01:54:03.663016 messenger.go:286: SENT BC j=2 v=1
INFO: 01:54:03.663102 messenger.go:286: SENT BC j=3 v=1
INFO: 01:54:03.664291 messenger.go:286: SENT BC j=1 v=1
INFO: 01:54:03.665444 messenger.go:418: RECEIVED BC j=1 v=1
