INFO: 00:33:34.593847 main.go:29: ID:0 | N:4 | F:1 | Clients:1 | Scenario:NORMAL | Remote:false

INFO: 00:33:34.597188 messenger.go:90: Receive from Server 1 on tcp://*:4001
INFO: 00:33:34.597521 messenger.go:107: Send to Server 1 on tcp://localhost:4100
INFO: 00:33:34.597838 messenger.go:90: Receive from Server 2 on tcp://*:4002
INFO: 00:33:34.597926 messenger.go:107: Send to Server 2 on tcp://localhost:4200
INFO: 00:33:34.597977 messenger.go:90: Receive from Server 3 on tcp://*:4003
INFO: 00:33:34.598038 messenger.go:107: Send to Server 3 on tcp://localhost:4300
INFO: 00:33:34.598065 messenger.go:113: -----------------------------------------
INFO: 00:33:34.598097 messenger.go:135: Requests from Client 0 on tcp://*:7000
INFO: 00:33:34.598159 messenger.go:152: Response to Client 0 on tcp://*:10000
INFO: 00:33:34.598185 messenger.go:155: -----------------------------------------

INFO: 00:33:34.606920 main.go:83: Initial estimate value:  0
INFO: 00:33:34.606988 self-stabilizing-binary-consensus.go:90: round=1 repeat=1
INFO: 00:33:34.606998 self-stabilizing-binary-consensus.go:181: binValues(1,3)={}
INFO: 00:33:34.607003 self-stabilizing-binary-consensus.go:181: binValues(1,2)={}
INFO: 00:33:34.633306 self-stabilizing-binary-consensus.go:138: SEND flag=1 r=1 est={0} aux={}
INFO: 00:33:34.650245 self-stabilizing-binary-consensus.go:407: RECEIVE j=1 flag=1 r=1 est={0} aux={}
INFO: 00:33:34.650288 self-stabilizing-binary-consensus.go:424: est[1][1]={0} aux[1][1]={}
INFO: 00:33:34.665572 self-stabilizing-binary-consensus.go:431: SEND flag=0 r=1 est={0} aux={}
INFO: 00:33:34.665632 self-stabilizing-binary-consensus.go:407: RECEIVE j=2 flag=1 r=1 est={1} aux={}
INFO: 00:33:34.665648 self-stabilizing-binary-consensus.go:424: est[1][2]={1} aux[1][2]={}
INFO: 00:33:34.679809 self-stabilizing-binary-consensus.go:431: SEND flag=0 r=1 est={0} aux={}
INFO: 00:33:34.680163 self-stabilizing-binary-consensus.go:407: RECEIVE j=3 flag=1 r=1 est={1} aux={}
INFO: 00:33:34.680284 self-stabilizing-binary-consensus.go:424: est[1][3]={1} aux[1][3]={}
INFO: 00:33:34.700284 self-stabilizing-binary-consensus.go:431: SEND flag=0 r=1 est={0} aux={}
INFO: 00:33:34.700319 self-stabilizing-binary-consensus.go:407: RECEIVE j=2 flag=0 r=1 est={1} aux={}
INFO: 00:33:34.700328 self-stabilizing-binary-consensus.go:424: est[1][2]={1} aux[1][2]={}
INFO: 00:33:34.700334 self-stabilizing-binary-consensus.go:407: RECEIVE j=3 flag=0 r=1 est={1} aux={}
INFO: 00:33:34.700338 self-stabilizing-binary-consensus.go:424: est[1][3]={1} aux[1][3]={}
INFO: 00:33:34.700343 self-stabilizing-binary-consensus.go:407: RECEIVE j=1 flag=0 r=1 est={0} aux={}
INFO: 00:33:34.700347 self-stabilizing-binary-consensus.go:424: est[1][1]={0} aux[1][1]={}
INFO: 00:33:34.700352 self-stabilizing-binary-consensus.go:407: RECEIVE j=2 flag=0 r=1 est={1} aux={}
INFO: 00:33:34.700356 self-stabilizing-binary-consensus.go:424: est[1][2]={1} aux[1][2]={}
INFO: 00:33:34.700579 self-stabilizing-binary-consensus.go:407: RECEIVE j=1 flag=0 r=1 est={0} aux={}
INFO: 00:33:34.700590 self-stabilizing-binary-consensus.go:424: est[1][1]={0} aux[1][1]={}
INFO: 00:33:34.700828 self-stabilizing-binary-consensus.go:407: RECEIVE j=2 flag=0 r=1 est={1} aux={}
INFO: 00:33:34.700843 self-stabilizing-binary-consensus.go:424: est[1][2]={1} aux[1][2]={}
INFO: 00:33:34.702808 self-stabilizing-binary-consensus.go:407: RECEIVE j=3 flag=0 r=1 est={1} aux={}
INFO: 00:33:34.703008 self-stabilizing-binary-consensus.go:424: est[1][3]={1} aux[1][3]={}
INFO: 00:33:34.704159 self-stabilizing-binary-consensus.go:407: RECEIVE j=1 flag=0 r=1 est={0} aux={}
INFO: 00:33:34.704231 self-stabilizing-binary-consensus.go:424: est[1][1]={0} aux[1][1]={}
INFO: 00:33:34.716381 self-stabilizing-binary-consensus.go:407: RECEIVE j=3 flag=0 r=1 est={1} aux={}
INFO: 00:33:34.716428 self-stabilizing-binary-consensus.go:424: est[1][3]={1} aux[1][3]={}
INFO: 00:33:36.626110 self-stabilizing-binary-consensus.go:407: RECEIVE j=1 flag=1 r=1 est={0 1} aux={}
INFO: 00:33:36.626163 self-stabilizing-binary-consensus.go:424: est[1][1]={0 1} aux[1][1]={}
INFO: 00:33:36.633828 self-stabilizing-binary-consensus.go:181: binValues(1,3)={1}
INFO: 00:33:36.633885 self-stabilizing-binary-consensus.go:208: infoResults()={}
INFO: 00:33:36.633909 self-stabilizing-binary-consensus.go:90: round=1 repeat=2
INFO: 00:33:36.633931 self-stabilizing-binary-consensus.go:181: binValues(1,3)={1}
INFO: 00:33:36.633952 self-stabilizing-binary-consensus.go:129: aux[1][0]=1
INFO: 00:33:36.633974 self-stabilizing-binary-consensus.go:181: binValues(1,2)={1}
INFO: 00:33:36.645386 self-stabilizing-binary-consensus.go:138: SEND flag=1 r=1 est={0 1} aux={1}
INFO: 00:33:36.651285 self-stabilizing-binary-consensus.go:431: SEND flag=0 r=1 est={0} aux={1}
INFO: 00:33:36.651315 self-stabilizing-binary-consensus.go:407: RECEIVE j=2 flag=1 r=1 est={0 1} aux={}
INFO: 00:33:36.651327 self-stabilizing-binary-consensus.go:424: est[1][2]={0 1} aux[1][2]={}
INFO: 00:33:36.676638 self-stabilizing-binary-consensus.go:431: SEND flag=0 r=1 est={0} aux={1}
INFO: 00:33:36.680026 self-stabilizing-binary-consensus.go:407: RECEIVE j=3 flag=0 r=1 est={1} aux={}
INFO: 00:33:36.680083 self-stabilizing-binary-consensus.go:424: est[1][3]={1} aux[1][3]={}
INFO: 00:33:36.680098 self-stabilizing-binary-consensus.go:407: RECEIVE j=1 flag=0 r=1 est={0} aux={}
INFO: 00:33:36.680105 self-stabilizing-binary-consensus.go:424: est[1][1]={0 1} aux[1][1]={}
INFO: 00:33:36.680178 self-stabilizing-binary-consensus.go:407: RECEIVE j=3 flag=0 r=1 est={1} aux={}
INFO: 00:33:36.680228 self-stabilizing-binary-consensus.go:424: est[1][3]={1} aux[1][3]={}
INFO: 00:33:36.680242 self-stabilizing-binary-consensus.go:407: RECEIVE j=2 flag=0 r=1 est={1} aux={}
INFO: 00:33:36.680249 self-stabilizing-binary-consensus.go:424: est[1][2]={0 1} aux[1][2]={}
INFO: 00:33:36.680258 self-stabilizing-binary-consensus.go:407: RECEIVE j=3 flag=0 r=1 est={1} aux={0}
INFO: 00:33:36.680324 self-stabilizing-binary-consensus.go:424: est[1][3]={1} aux[1][3]={0}
INFO: 00:33:36.680339 self-stabilizing-binary-consensus.go:407: RECEIVE j=3 flag=1 r=1 est={0 1} aux={0}
INFO: 00:33:36.680347 self-stabilizing-binary-consensus.go:424: est[1][3]={0 1} aux[1][3]={0}
INFO: 00:33:36.688310 self-stabilizing-binary-consensus.go:431: SEND flag=0 r=1 est={0} aux={1}
INFO: 00:33:36.688732 self-stabilizing-binary-consensus.go:407: RECEIVE j=2 flag=0 r=1 est={1} aux={}
INFO: 00:33:36.688785 self-stabilizing-binary-consensus.go:424: est[1][2]={0 1} aux[1][2]={}
INFO: 00:33:36.688838 self-stabilizing-binary-consensus.go:407: RECEIVE j=1 flag=0 r=1 est={0} aux={}
INFO: 00:33:36.688953 self-stabilizing-binary-consensus.go:424: est[1][1]={0 1} aux[1][1]={}
INFO: 00:33:36.689020 self-stabilizing-binary-consensus.go:407: RECEIVE j=2 flag=0 r=1 est={1} aux={}
INFO: 00:33:36.689083 self-stabilizing-binary-consensus.go:424: est[1][2]={0 1} aux[1][2]={}
INFO: 00:33:36.689149 self-stabilizing-binary-consensus.go:407: RECEIVE j=1 flag=0 r=1 est={0} aux={}
INFO: 00:33:36.689227 self-stabilizing-binary-consensus.go:424: est[1][1]={0 1} aux[1][1]={}
INFO: 00:33:38.639353 self-stabilizing-binary-consensus.go:407: RECEIVE j=1 flag=1 r=1 est={0 1} aux={0}
INFO: 00:33:38.639591 self-stabilizing-binary-consensus.go:424: est[1][1]={0 1} aux[1][1]={0}
INFO: 00:33:38.646544 self-stabilizing-binary-consensus.go:181: binValues(1,3)={0 1}
INFO: 00:33:38.646650 self-stabilizing-binary-consensus.go:208: infoResults()={}
INFO: 00:33:38.646676 self-stabilizing-binary-consensus.go:90: round=1 repeat=3
INFO: 00:33:38.646691 self-stabilizing-binary-consensus.go:181: binValues(1,3)={0 1}
INFO: 00:33:38.646879 self-stabilizing-binary-consensus.go:181: binValues(1,2)={0 1}
INFO: 00:33:38.647358 self-stabilizing-binary-consensus.go:431: SEND flag=0 r=1 est={0} aux={1}
INFO: 00:33:38.654703 self-stabilizing-binary-consensus.go:138: SEND flag=1 r=1 est={0 1} aux={1}
INFO: 00:33:38.655723 self-stabilizing-binary-consensus.go:407: RECEIVE j=2 flag=0 r=1 est={1} aux={0}
INFO: 00:33:38.655920 self-stabilizing-binary-consensus.go:424: est[1][2]={0 1} aux[1][2]={0}
INFO: 00:33:38.660988 self-stabilizing-binary-consensus.go:407: RECEIVE j=1 flag=0 r=1 est={0} aux={0}
INFO: 00:33:38.661025 self-stabilizing-binary-consensus.go:424: est[1][1]={0 1} aux[1][1]={0}
INFO: 00:33:38.661497 self-stabilizing-binary-consensus.go:407: RECEIVE j=3 flag=0 r=1 est={1} aux={0}
INFO: 00:33:38.661559 self-stabilizing-binary-consensus.go:424: est[1][3]={0 1} aux[1][3]={0}
INFO: 00:33:38.663501 self-stabilizing-binary-consensus.go:407: RECEIVE j=2 flag=0 r=1 est={1} aux={0}
INFO: 00:33:38.663947 self-stabilizing-binary-consensus.go:424: est[1][2]={0 1} aux[1][2]={0}
INFO: 00:33:38.665300 self-stabilizing-binary-consensus.go:407: RECEIVE j=2 flag=1 r=1 est={0 1} aux={0}
INFO: 00:33:38.665500 self-stabilizing-binary-consensus.go:424: est[1][2]={0 1} aux[1][2]={0}
INFO: 00:33:38.672373 self-stabilizing-binary-consensus.go:431: SEND flag=0 r=1 est={0} aux={1}
INFO: 00:33:38.672508 self-stabilizing-binary-consensus.go:407: RECEIVE j=3 flag=0 r=1 est={1} aux={0}
INFO: 00:33:38.672622 self-stabilizing-binary-consensus.go:424: est[1][3]={0 1} aux[1][3]={0}
INFO: 00:33:38.672678 self-stabilizing-binary-consensus.go:407: RECEIVE j=1 flag=0 r=1 est={0} aux={0}
INFO: 00:33:38.672730 self-stabilizing-binary-consensus.go:424: est[1][1]={0 1} aux[1][1]={0}
INFO: 00:33:38.674605 self-stabilizing-binary-consensus.go:407: RECEIVE j=3 flag=1 r=1 est={0 1} aux={0}
INFO: 00:33:38.674668 self-stabilizing-binary-consensus.go:424: est[1][3]={0 1} aux[1][3]={0}
INFO: 00:33:38.676952 self-stabilizing-binary-consensus.go:431: SEND flag=0 r=1 est={0} aux={1}
INFO: 00:33:38.679055 self-stabilizing-binary-consensus.go:407: RECEIVE j=3 flag=0 r=1 est={1} aux={0}
INFO: 00:33:38.679086 self-stabilizing-binary-consensus.go:424: est[1][3]={0 1} aux[1][3]={0}
INFO: 00:33:38.679262 self-stabilizing-binary-consensus.go:407: RECEIVE j=1 flag=0 r=1 est={0} aux={0}
INFO: 00:33:38.679732 self-stabilizing-binary-consensus.go:424: est[1][1]={0 1} aux[1][1]={0}
INFO: 00:33:38.682935 self-stabilizing-binary-consensus.go:407: RECEIVE j=2 flag=0 r=1 est={1} aux={0}
INFO: 00:33:38.683000 self-stabilizing-binary-consensus.go:424: est[1][2]={0 1} aux[1][2]={0}
INFO: 00:33:40.642488 self-stabilizing-binary-consensus.go:407: RECEIVE j=1 flag=1 r=1 est={0 1} aux={0}
INFO: 00:33:40.642507 self-stabilizing-binary-consensus.go:424: est[1][1]={0 1} aux[1][1]={0}
INFO: 00:33:40.644233 self-stabilizing-binary-consensus.go:431: SEND flag=0 r=1 est={0} aux={1}
INFO: 00:33:40.645695 self-stabilizing-binary-consensus.go:407: RECEIVE j=3 flag=0 r=1 est={1} aux={0}
INFO: 00:33:40.645760 self-stabilizing-binary-consensus.go:424: est[1][3]={0 1} aux[1][3]={0}
INFO: 00:33:40.648465 self-stabilizing-binary-consensus.go:407: RECEIVE j=2 flag=0 r=1 est={1} aux={0}
INFO: 00:33:40.648528 self-stabilizing-binary-consensus.go:424: est[1][2]={0 1} aux[1][2]={0}
INFO: 00:33:40.656870 self-stabilizing-binary-consensus.go:181: binValues(1,3)={0 1}
INFO: 00:33:40.656996 self-stabilizing-binary-consensus.go:208: infoResults()={0}
INFO: 00:33:40.657043 self-stabilizing-binary-consensus.go:181: binValues(1,3)={0 1}
INFO: 00:33:40.657068 self-stabilizing-binary-consensus.go:208: infoResults()={0}
INFO: 00:33:40.657122 self-stabilizing-binary-consensus.go:252: randomBit(1)=0
INFO: 00:33:40.657209 self-stabilizing-binary-consensus.go:246: decision=0
INFO: 00:33:40.657354 self-stabilizing-binary-consensus.go:181: binValues(11,2)={}
INFO: 00:33:40.657448 self-stabilizing-binary-consensus.go:90: round=11 repeat=1
INFO: 00:33:40.657516 self-stabilizing-binary-consensus.go:181: binValues(11,3)={}
INFO: 00:33:40.657577 self-stabilizing-binary-consensus.go:181: binValues(11,2)={}
INFO: 00:33:40.659379 self-stabilizing-binary-consensus.go:138: SEND flag=1 r=11 est={0} aux={0}
INFO: 00:33:40.670283 self-stabilizing-binary-consensus.go:407: RECEIVE j=2 flag=1 r=1 est={0 1} aux={0}
INFO: 00:33:40.670308 self-stabilizing-binary-consensus.go:424: est[1][2]={0 1} aux[1][2]={0}
INFO: 00:33:40.672940 self-stabilizing-binary-consensus.go:431: SEND flag=0 r=1 est={0} aux={1}
INFO: 00:33:40.672969 self-stabilizing-binary-consensus.go:407: RECEIVE j=3 flag=0 r=1 est={1} aux={0}
INFO: 00:33:40.672978 self-stabilizing-binary-consensus.go:424: est[1][3]={0 1} aux[1][3]={0}
INFO: 00:33:40.672991 self-stabilizing-binary-consensus.go:407: RECEIVE j=1 flag=0 r=1 est={0} aux={0}
INFO: 00:33:40.672995 self-stabilizing-binary-consensus.go:424: est[1][1]={0 1} aux[1][1]={0}
INFO: 00:33:40.677689 self-stabilizing-binary-consensus.go:407: RECEIVE j=3 flag=1 r=1 est={0 1} aux={0}
INFO: 00:33:40.677721 self-stabilizing-binary-consensus.go:424: est[1][3]={0 1} aux[1][3]={0}
INFO: 00:33:40.679592 self-stabilizing-binary-consensus.go:431: SEND flag=0 r=1 est={0} aux={1}
INFO: 00:33:40.682131 self-stabilizing-binary-consensus.go:407: RECEIVE j=1 flag=0 r=1 est={0} aux={0}
INFO: 00:33:40.682182 self-stabilizing-binary-consensus.go:424: est[1][1]={0 1} aux[1][1]={0}
INFO: 00:33:40.683026 self-stabilizing-binary-consensus.go:407: RECEIVE j=2 flag=0 r=1 est={1} aux={0}
INFO: 00:33:40.683095 self-stabilizing-binary-consensus.go:424: est[1][2]={0 1} aux[1][2]={0}
INFO: 00:33:42.651566 self-stabilizing-binary-consensus.go:407: RECEIVE j=1 flag=1 r=1 est={0 1} aux={0}
INFO: 00:33:42.651714 self-stabilizing-binary-consensus.go:424: est[1][1]={0 1} aux[1][1]={0}
INFO: 00:33:42.656613 self-stabilizing-binary-consensus.go:431: SEND flag=0 r=1 est={0} aux={1}
INFO: 00:33:42.657571 self-stabilizing-binary-consensus.go:407: RECEIVE j=3 flag=0 r=1 est={1} aux={0}
INFO: 00:33:42.657596 self-stabilizing-binary-consensus.go:424: est[1][3]={0 1} aux[1][3]={0}
INFO: 00:33:42.659643 self-stabilizing-binary-consensus.go:181: binValues(11,3)={}
INFO: 00:33:42.659666 self-stabilizing-binary-consensus.go:208: infoResults()={}
INFO: 00:33:42.659674 self-stabilizing-binary-consensus.go:90: round=11 repeat=2
INFO: 00:33:42.659680 self-stabilizing-binary-consensus.go:181: binValues(11,3)={}
INFO: 00:33:42.659683 self-stabilizing-binary-consensus.go:181: binValues(11,2)={}
INFO: 00:33:42.661095 self-stabilizing-binary-consensus.go:407: RECEIVE j=2 flag=0 r=1 est={1} aux={0}
INFO: 00:33:42.661131 self-stabilizing-binary-consensus.go:424: est[1][2]={0 1} aux[1][2]={0}
INFO: 00:33:42.662090 self-stabilizing-binary-consensus.go:138: SEND flag=1 r=11 est={0} aux={0}
INFO: 00:33:42.669960 self-stabilizing-binary-consensus.go:407: RECEIVE j=2 flag=1 r=1 est={0 1} aux={0}
INFO: 00:33:42.669999 self-stabilizing-binary-consensus.go:424: est[1][2]={0 1} aux[1][2]={0}
INFO: 00:33:42.672633 self-stabilizing-binary-consensus.go:431: SEND flag=0 r=1 est={0} aux={1}
INFO: 00:33:42.673368 self-stabilizing-binary-consensus.go:407: RECEIVE j=3 flag=0 r=1 est={1} aux={0}
INFO: 00:33:42.673476 self-stabilizing-binary-consensus.go:424: est[1][3]={0 1} aux[1][3]={0}
INFO: 00:33:42.675303 self-stabilizing-binary-consensus.go:407: RECEIVE j=1 flag=0 r=1 est={0} aux={0}
INFO: 00:33:42.675365 self-stabilizing-binary-consensus.go:424: est[1][1]={0 1} aux[1][1]={0}
INFO: 00:33:42.680143 self-stabilizing-binary-consensus.go:407: RECEIVE j=3 flag=1 r=1 est={0 1} aux={0}
INFO: 00:33:42.680186 self-stabilizing-binary-consensus.go:424: est[1][3]={0 1} aux[1][3]={0}
INFO: 00:33:42.682022 self-stabilizing-binary-consensus.go:431: SEND flag=0 r=1 est={0} aux={1}
INFO: 00:33:42.683941 self-stabilizing-binary-consensus.go:407: RECEIVE j=2 flag=0 r=1 est={1} aux={0}
INFO: 00:33:42.683978 self-stabilizing-binary-consensus.go:424: est[1][2]={0 1} aux[1][2]={0}
INFO: 00:33:42.685531 self-stabilizing-binary-consensus.go:407: RECEIVE j=1 flag=0 r=1 est={0} aux={0}
INFO: 00:33:42.685617 self-stabilizing-binary-consensus.go:424: est[1][1]={0 1} aux[1][1]={0}
INFO: 00:33:44.663682 self-stabilizing-binary-consensus.go:181: binValues(11,3)={}
INFO: 00:33:44.663751 self-stabilizing-binary-consensus.go:208: infoResults()={}
INFO: 00:33:44.663773 self-stabilizing-binary-consensus.go:90: round=11 repeat=3
INFO: 00:33:44.663795 self-stabilizing-binary-consensus.go:181: binValues(11,3)={}
INFO: 00:33:44.663840 self-stabilizing-binary-consensus.go:181: binValues(11,2)={}
INFO: 00:33:44.664118 self-stabilizing-binary-consensus.go:407: RECEIVE j=1 flag=1 r=1 est={0 1} aux={0}
INFO: 00:33:44.664276 self-stabilizing-binary-consensus.go:424: est[1][1]={0 1} aux[1][1]={0}
INFO: 00:33:44.667757 self-stabilizing-binary-consensus.go:138: SEND flag=1 r=11 est={0} aux={0}
INFO: 00:33:44.674419 self-stabilizing-binary-consensus.go:431: SEND flag=0 r=1 est={0} aux={1}
INFO: 00:33:44.674492 self-stabilizing-binary-consensus.go:407: RECEIVE j=2 flag=0 r=1 est={1} aux={0}
INFO: 00:33:44.674592 self-stabilizing-binary-consensus.go:424: est[1][2]={0 1} aux[1][2]={0}
INFO: 00:33:44.675075 self-stabilizing-binary-consensus.go:407: RECEIVE j=3 flag=0 r=1 est={1} aux={0}
INFO: 00:33:44.675231 self-stabilizing-binary-consensus.go:424: est[1][3]={0 1} aux[1][3]={0}
INFO: 00:33:44.677284 self-stabilizing-binary-consensus.go:407: RECEIVE j=2 flag=1 r=1 est={0 1} aux={0}
INFO: 00:33:44.677362 self-stabilizing-binary-consensus.go:424: est[1][2]={0 1} aux[1][2]={0}
INFO: 00:33:44.681423 self-stabilizing-binary-consensus.go:431: SEND flag=0 r=1 est={0} aux={1}
INFO: 00:33:44.682026 self-stabilizing-binary-consensus.go:407: RECEIVE j=1 flag=0 r=1 est={0} aux={0}
INFO: 00:33:44.682104 self-stabilizing-binary-consensus.go:424: est[1][1]={0 1} aux[1][1]={0}
INFO: 00:33:44.685184 self-stabilizing-binary-consensus.go:407: RECEIVE j=3 flag=0 r=1 est={1} aux={0}
INFO: 00:33:44.685250 self-stabilizing-binary-consensus.go:424: est[1][3]={0 1} aux[1][3]={0}
INFO: 00:33:44.686333 self-stabilizing-binary-consensus.go:407: RECEIVE j=3 flag=1 r=1 est={0 1} aux={0}
INFO: 00:33:44.686386 self-stabilizing-binary-consensus.go:424: est[1][3]={0 1} aux[1][3]={0}
INFO: 00:33:44.688263 self-stabilizing-binary-consensus.go:431: SEND flag=0 r=1 est={0} aux={1}
INFO: 00:33:44.691973 self-stabilizing-binary-consensus.go:407: RECEIVE j=1 flag=0 r=1 est={0} aux={0}
INFO: 00:33:44.692000 self-stabilizing-binary-consensus.go:424: est[1][1]={0 1} aux[1][1]={0}
INFO: 00:33:44.693299 self-stabilizing-binary-consensus.go:407: RECEIVE j=2 flag=0 r=1 est={1} aux={0}
INFO: 00:33:44.693339 self-stabilizing-binary-consensus.go:424: est[1][2]={0 1} aux[1][2]={0}
INFO: 00:33:46.664788 self-stabilizing-binary-consensus.go:407: RECEIVE j=1 flag=1 r=1 est={0 1} aux={0}
INFO: 00:33:46.664808 self-stabilizing-binary-consensus.go:424: est[1][1]={0 1} aux[1][1]={0}
INFO: 00:33:46.666602 self-stabilizing-binary-consensus.go:431: SEND flag=0 r=1 est={0} aux={1}
INFO: 00:33:46.667976 self-stabilizing-binary-consensus.go:407: RECEIVE j=3 flag=0 r=1 est={1} aux={0}
INFO: 00:33:46.668021 self-stabilizing-binary-consensus.go:424: est[1][3]={0 1} aux[1][3]={0}
INFO: 00:33:46.668046 self-stabilizing-binary-consensus.go:181: binValues(11,3)={}
INFO: 00:33:46.668064 self-stabilizing-binary-consensus.go:208: infoResults()={}
INFO: 00:33:46.668081 self-stabilizing-binary-consensus.go:90: round=11 repeat=4
INFO: 00:33:46.668098 self-stabilizing-binary-consensus.go:181: binValues(11,3)={}
INFO: 00:33:46.668115 self-stabilizing-binary-consensus.go:181: binValues(11,2)={}
INFO: 00:33:46.670208 self-stabilizing-binary-consensus.go:407: RECEIVE j=2 flag=0 r=1 est={1} aux={0}
INFO: 00:33:46.670232 self-stabilizing-binary-consensus.go:424: est[1][2]={0 1} aux[1][2]={0}
INFO: 00:33:46.671286 self-stabilizing-binary-consensus.go:138: SEND flag=1 r=11 est={0} aux={0}
INFO: 00:33:46.679831 self-stabilizing-binary-consensus.go:407: RECEIVE j=2 flag=1 r=1 est={0 1} aux={0}
INFO: 00:33:46.679868 self-stabilizing-binary-consensus.go:424: est[1][2]={0 1} aux[1][2]={0}
INFO: 00:33:46.682580 self-stabilizing-binary-consensus.go:431: SEND flag=0 r=1 est={0} aux={1}
INFO: 00:33:46.684049 self-stabilizing-binary-consensus.go:407: RECEIVE j=3 flag=0 r=1 est={1} aux={0}
INFO: 00:33:46.684075 self-stabilizing-binary-consensus.go:424: est[1][3]={0 1} aux[1][3]={0}
INFO: 00:33:46.684656 self-stabilizing-binary-consensus.go:407: RECEIVE j=1 flag=0 r=1 est={0} aux={0}
INFO: 00:33:46.684693 self-stabilizing-binary-consensus.go:424: est[1][1]={0 1} aux[1][1]={0}
INFO: 00:33:46.691581 self-stabilizing-binary-consensus.go:407: RECEIVE j=3 flag=1 r=1 est={0 1} aux={0}
INFO: 00:33:46.691654 self-stabilizing-binary-consensus.go:424: est[1][3]={0 1} aux[1][3]={0}
INFO: 00:33:46.693563 self-stabilizing-binary-consensus.go:431: SEND flag=0 r=1 est={0} aux={1}
INFO: 00:33:46.695608 self-stabilizing-binary-consensus.go:407: RECEIVE j=2 flag=0 r=1 est={1} aux={0}
INFO: 00:33:46.695641 self-stabilizing-binary-consensus.go:424: est[1][2]={0 1} aux[1][2]={0}
INFO: 00:33:46.696328 self-stabilizing-binary-consensus.go:407: RECEIVE j=1 flag=0 r=1 est={0} aux={0}
INFO: 00:33:46.696366 self-stabilizing-binary-consensus.go:424: est[1][1]={0 1} aux[1][1]={0}
INFO: 00:33:48.669537 self-stabilizing-binary-consensus.go:407: RECEIVE j=1 flag=1 r=1 est={0 1} aux={0}
INFO: 00:33:48.669555 self-stabilizing-binary-consensus.go:424: est[1][1]={0 1} aux[1][1]={0}
INFO: 00:33:48.671369 self-stabilizing-binary-consensus.go:181: binValues(11,3)={}
INFO: 00:33:48.671381 self-stabilizing-binary-consensus.go:208: infoResults()={}
INFO: 00:33:48.671386 self-stabilizing-binary-consensus.go:90: round=11 repeat=5
INFO: 00:33:48.671391 self-stabilizing-binary-consensus.go:181: binValues(11,3)={}
INFO: 00:33:48.671395 self-stabilizing-binary-consensus.go:181: binValues(11,2)={}
INFO: 00:33:48.671395 self-stabilizing-binary-consensus.go:431: SEND flag=0 r=1 est={0} aux={1}
INFO: 00:33:48.675174 self-stabilizing-binary-consensus.go:407: RECEIVE j=3 flag=0 r=1 est={1} aux={0}
INFO: 00:33:48.675209 self-stabilizing-binary-consensus.go:424: est[1][3]={0 1} aux[1][3]={0}
INFO: 00:33:48.676376 self-stabilizing-binary-consensus.go:138: SEND flag=1 r=11 est={0} aux={0}
INFO: 00:33:48.676464 self-stabilizing-binary-consensus.go:407: RECEIVE j=2 flag=0 r=1 est={1} aux={0}
INFO: 00:33:48.676505 self-stabilizing-binary-consensus.go:424: est[1][2]={0 1} aux[1][2]={0}
INFO: 00:33:48.681962 self-stabilizing-binary-consensus.go:407: RECEIVE j=2 flag=1 r=1 est={0 1} aux={0}
INFO: 00:33:48.682006 self-stabilizing-binary-consensus.go:424: est[1][2]={0 1} aux[1][2]={0}
INFO: 00:33:48.684448 self-stabilizing-binary-consensus.go:431: SEND flag=0 r=1 est={0} aux={1}
INFO: 00:33:48.684705 self-stabilizing-binary-consensus.go:407: RECEIVE j=1 flag=0 r=1 est={0} aux={0}
INFO: 00:33:48.684729 self-stabilizing-binary-consensus.go:424: est[1][1]={0 1} aux[1][1]={0}
INFO: 00:33:48.687602 self-stabilizing-binary-consensus.go:407: RECEIVE j=3 flag=0 r=1 est={1} aux={0}
INFO: 00:33:48.687617 self-stabilizing-binary-consensus.go:424: est[1][3]={0 1} aux[1][3]={0}
INFO: 00:33:48.694038 self-stabilizing-binary-consensus.go:407: RECEIVE j=3 flag=1 r=1 est={0 1} aux={0}
INFO: 00:33:48.694068 self-stabilizing-binary-consensus.go:424: est[1][3]={0 1} aux[1][3]={0}
INFO: 00:33:48.695972 self-stabilizing-binary-consensus.go:431: SEND flag=0 r=1 est={0} aux={1}
INFO: 00:33:48.697494 self-stabilizing-binary-consensus.go:407: RECEIVE j=2 flag=0 r=1 est={1} aux={0}
INFO: 00:33:48.697625 self-stabilizing-binary-consensus.go:424: est[1][2]={0 1} aux[1][2]={0}
INFO: 00:33:48.699600 self-stabilizing-binary-consensus.go:407: RECEIVE j=1 flag=0 r=1 est={0} aux={0}
INFO: 00:33:48.699629 self-stabilizing-binary-consensus.go:424: est[1][1]={0 1} aux[1][1]={0}
INFO: 00:33:50.676410 self-stabilizing-binary-consensus.go:407: RECEIVE j=1 flag=1 r=1 est={0 1} aux={0}
INFO: 00:33:50.676428 self-stabilizing-binary-consensus.go:424: est[1][1]={0 1} aux[1][1]={0}
INFO: 00:33:50.677688 self-stabilizing-binary-consensus.go:181: binValues(11,3)={}
INFO: 00:33:50.677702 self-stabilizing-binary-consensus.go:208: infoResults()={}
INFO: 00:33:50.677707 self-stabilizing-binary-consensus.go:90: round=11 repeat=6
INFO: 00:33:50.677712 self-stabilizing-binary-consensus.go:181: binValues(11,3)={}
INFO: 00:33:50.677716 self-stabilizing-binary-consensus.go:181: binValues(11,2)={}
INFO: 00:33:50.685833 self-stabilizing-binary-consensus.go:138: SEND flag=1 r=11 est={0} aux={0}
INFO: 00:33:50.690794 self-stabilizing-binary-consensus.go:431: SEND flag=0 r=1 est={0} aux={1}
INFO: 00:33:50.690829 self-stabilizing-binary-consensus.go:407: RECEIVE j=2 flag=1 r=1 est={0 1} aux={0}
INFO: 00:33:50.690838 self-stabilizing-binary-consensus.go:424: est[1][2]={0 1} aux[1][2]={0}
INFO: 00:33:50.697114 self-stabilizing-binary-consensus.go:431: SEND flag=0 r=1 est={0} aux={1}
INFO: 00:33:50.697152 self-stabilizing-binary-consensus.go:407: RECEIVE j=3 flag=0 r=1 est={1} aux={0}
INFO: 00:33:50.697161 self-stabilizing-binary-consensus.go:424: est[1][3]={0 1} aux[1][3]={0}
INFO: 00:33:50.697167 self-stabilizing-binary-consensus.go:407: RECEIVE j=2 flag=0 r=1 est={1} aux={0}
INFO: 00:33:50.697171 self-stabilizing-binary-consensus.go:424: est[1][2]={0 1} aux[1][2]={0}
INFO: 00:33:50.697176 self-stabilizing-binary-consensus.go:407: RECEIVE j=3 flag=0 r=1 est={1} aux={0}
INFO: 00:33:50.697180 self-stabilizing-binary-consensus.go:424: est[1][3]={0 1} aux[1][3]={0}
INFO: 00:33:50.697186 self-stabilizing-binary-consensus.go:407: RECEIVE j=1 flag=0 r=1 est={0} aux={0}
INFO: 00:33:50.697190 self-stabilizing-binary-consensus.go:424: est[1][1]={0 1} aux[1][1]={0}
INFO: 00:33:50.700519 self-stabilizing-binary-consensus.go:407: RECEIVE j=3 flag=1 r=1 est={0 1} aux={0}
INFO: 00:33:50.700571 self-stabilizing-binary-consensus.go:424: est[1][3]={0 1} aux[1][3]={0}
INFO: 00:33:50.703947 self-stabilizing-binary-consensus.go:431: SEND flag=0 r=1 est={0} aux={1}
INFO: 00:33:50.704190 self-stabilizing-binary-consensus.go:407: RECEIVE j=2 flag=0 r=1 est={1} aux={0}
INFO: 00:33:50.704259 self-stabilizing-binary-consensus.go:424: est[1][2]={0 1} aux[1][2]={0}
INFO: 00:33:50.706783 self-stabilizing-binary-consensus.go:407: RECEIVE j=1 flag=0 r=1 est={0} aux={0}
INFO: 00:33:50.706821 self-stabilizing-binary-consensus.go:424: est[1][1]={0 1} aux[1][1]={0}
INFO: 00:33:52.682858 self-stabilizing-binary-consensus.go:407: RECEIVE j=1 flag=1 r=1 est={0 1} aux={0}
INFO: 00:33:52.683016 self-stabilizing-binary-consensus.go:424: est[1][1]={0 1} aux[1][1]={0}
INFO: 00:33:52.684900 self-stabilizing-binary-consensus.go:431: SEND flag=0 r=1 est={0} aux={1}
INFO: 00:33:52.686464 self-stabilizing-binary-consensus.go:181: binValues(11,3)={}
INFO: 00:33:52.686495 self-stabilizing-binary-consensus.go:208: infoResults()={}
INFO: 00:33:52.686513 self-stabilizing-binary-consensus.go:90: round=11 repeat=7
INFO: 00:33:52.686531 self-stabilizing-binary-consensus.go:181: binValues(11,3)={}
INFO: 00:33:52.686548 self-stabilizing-binary-consensus.go:181: binValues(11,2)={}
INFO: 00:33:52.689883 self-stabilizing-binary-consensus.go:407: RECEIVE j=3 flag=0 r=1 est={1} aux={0}
INFO: 00:33:52.689946 self-stabilizing-binary-consensus.go:424: est[1][3]={0 1} aux[1][3]={0}
INFO: 00:33:52.696296 self-stabilizing-binary-consensus.go:407: RECEIVE j=2 flag=0 r=1 est={1} aux={0}
INFO: 00:33:52.696371 self-stabilizing-binary-consensus.go:424: est[1][2]={0 1} aux[1][2]={0}
INFO: 00:33:52.696594 self-stabilizing-binary-consensus.go:407: RECEIVE j=2 flag=1 r=1 est={0 1} aux={0}
INFO: 00:33:52.696623 self-stabilizing-binary-consensus.go:424: est[1][2]={0 1} aux[1][2]={0}
INFO: 00:33:52.702232 self-stabilizing-binary-consensus.go:138: SEND flag=1 r=11 est={0} aux={0}
INFO: 00:33:52.702872 self-stabilizing-binary-consensus.go:431: SEND flag=0 r=1 est={0} aux={1}
INFO: 00:33:52.702909 self-stabilizing-binary-consensus.go:407: RECEIVE j=1 flag=0 r=1 est={0} aux={0}
INFO: 00:33:52.702918 self-stabilizing-binary-consensus.go:424: est[1][1]={0 1} aux[1][1]={0}
INFO: 00:33:52.702924 self-stabilizing-binary-consensus.go:407: RECEIVE j=3 flag=0 r=1 est={1} aux={0}
INFO: 00:33:52.702928 self-stabilizing-binary-consensus.go:424: est[1][3]={0 1} aux[1][3]={0}
INFO: 00:33:52.708297 self-stabilizing-binary-consensus.go:407: RECEIVE j=3 flag=1 r=1 est={0 1} aux={0}
INFO: 00:33:52.708325 self-stabilizing-binary-consensus.go:424: est[1][3]={0 1} aux[1][3]={0}
INFO: 00:33:52.710096 self-stabilizing-binary-consensus.go:431: SEND flag=0 r=1 est={0} aux={1}
INFO: 00:33:52.713525 self-stabilizing-binary-consensus.go:407: RECEIVE j=1 flag=0 r=1 est={0} aux={0}
INFO: 00:33:52.714316 self-stabilizing-binary-consensus.go:424: est[1][1]={0 1} aux[1][1]={0}
INFO: 00:33:52.714357 self-stabilizing-binary-consensus.go:407: RECEIVE j=2 flag=0 r=1 est={1} aux={0}
INFO: 00:33:52.714366 self-stabilizing-binary-consensus.go:424: est[1][2]={0 1} aux[1][2]={0}
INFO: 00:33:54.690182 self-stabilizing-binary-consensus.go:407: RECEIVE j=1 flag=1 r=1 est={0 1} aux={0}
INFO: 00:33:54.690224 self-stabilizing-binary-consensus.go:424: est[1][1]={0 1} aux[1][1]={0}
INFO: 00:33:54.692176 self-stabilizing-binary-consensus.go:431: SEND flag=0 r=1 est={0} aux={1}
INFO: 00:33:54.693867 self-stabilizing-binary-consensus.go:407: RECEIVE j=3 flag=0 r=1 est={1} aux={0}
INFO: 00:33:54.693898 self-stabilizing-binary-consensus.go:424: est[1][3]={0 1} aux[1][3]={0}
INFO: 00:33:54.694730 self-stabilizing-binary-consensus.go:407: RECEIVE j=2 flag=0 r=1 est={1} aux={0}
INFO: 00:33:54.694843 self-stabilizing-binary-consensus.go:424: est[1][2]={0 1} aux[1][2]={0}
INFO: 00:33:54.701580 self-stabilizing-binary-consensus.go:407: RECEIVE j=2 flag=1 r=1 est={0 1} aux={0}
INFO: 00:33:54.701762 self-stabilizing-binary-consensus.go:424: est[1][2]={0 1} aux[1][2]={0}
INFO: 00:33:54.703547 self-stabilizing-binary-consensus.go:181: binValues(11,3)={}
INFO: 00:33:54.703580 self-stabilizing-binary-consensus.go:208: infoResults()={}
INFO: 00:33:54.703613 self-stabilizing-binary-consensus.go:90: round=11 repeat=8
INFO: 00:33:54.703642 self-stabilizing-binary-consensus.go:181: binValues(11,3)={}
INFO: 00:33:54.703659 self-stabilizing-binary-consensus.go:181: binValues(11,2)={}
INFO: 00:33:54.704358 self-stabilizing-binary-consensus.go:431: SEND flag=0 r=1 est={0} aux={1}
INFO: 00:33:54.706838 self-stabilizing-binary-consensus.go:407: RECEIVE j=3 flag=0 r=1 est={1} aux={0}
INFO: 00:33:54.706893 self-stabilizing-binary-consensus.go:424: est[1][3]={0 1} aux[1][3]={0}
INFO: 00:33:54.708014 self-stabilizing-binary-consensus.go:138: SEND flag=1 r=11 est={0} aux={0}
INFO: 00:33:54.709203 self-stabilizing-binary-consensus.go:407: RECEIVE j=1 flag=0 r=1 est={0} aux={0}
INFO: 00:33:54.709215 self-stabilizing-binary-consensus.go:424: est[1][1]={0 1} aux[1][1]={0}
INFO: 00:33:54.716724 self-stabilizing-binary-consensus.go:407: RECEIVE j=3 flag=1 r=1 est={0 1} aux={0}
INFO: 00:33:54.716765 self-stabilizing-binary-consensus.go:424: est[1][3]={0 1} aux[1][3]={0}
INFO: 00:33:54.719051 self-stabilizing-binary-consensus.go:431: SEND flag=0 r=1 est={0} aux={1}
INFO: 00:33:54.719312 self-stabilizing-binary-consensus.go:407: RECEIVE j=2 flag=0 r=1 est={1} aux={0}
INFO: 00:33:54.719345 self-stabilizing-binary-consensus.go:424: est[1][2]={0 1} aux[1][2]={0}
INFO: 00:33:54.721945 self-stabilizing-binary-consensus.go:407: RECEIVE j=1 flag=0 r=1 est={0} aux={0}
INFO: 00:33:54.721980 self-stabilizing-binary-consensus.go:424: est[1][1]={0 1} aux[1][1]={0}
INFO: 00:33:56.696400 self-stabilizing-binary-consensus.go:407: RECEIVE j=1 flag=1 r=1 est={0 1} aux={0}
INFO: 00:33:56.696441 self-stabilizing-binary-consensus.go:424: est[1][1]={0 1} aux[1][1]={0}
INFO: 00:33:56.699211 self-stabilizing-binary-consensus.go:431: SEND flag=0 r=1 est={0} aux={1}
INFO: 00:33:56.699246 self-stabilizing-binary-consensus.go:407: RECEIVE j=2 flag=0 r=1 est={1} aux={0}
INFO: 00:33:56.699255 self-stabilizing-binary-consensus.go:424: est[1][2]={0 1} aux[1][2]={0}
INFO: 00:33:56.700710 self-stabilizing-binary-consensus.go:407: RECEIVE j=3 flag=0 r=1 est={1} aux={0}
INFO: 00:33:56.700739 self-stabilizing-binary-consensus.go:424: est[1][3]={0 1} aux[1][3]={0}
INFO: 00:33:56.703500 self-stabilizing-binary-consensus.go:407: RECEIVE j=2 flag=1 r=1 est={0 1} aux={0}
INFO: 00:33:56.703539 self-stabilizing-binary-consensus.go:424: est[1][2]={0 1} aux[1][2]={0}
INFO: 00:33:56.705234 self-stabilizing-binary-consensus.go:431: SEND flag=0 r=1 est={0} aux={1}
INFO: 00:33:56.707303 self-stabilizing-binary-consensus.go:407: RECEIVE j=1 flag=0 r=1 est={0} aux={0}
INFO: 00:33:56.707332 self-stabilizing-binary-consensus.go:424: est[1][1]={0 1} aux[1][1]={0}
INFO: 00:33:56.708920 self-stabilizing-binary-consensus.go:181: binValues(11,3)={}
INFO: 00:33:56.708949 self-stabilizing-binary-consensus.go:208: infoResults()={}
INFO: 00:33:56.708958 self-stabilizing-binary-consensus.go:90: round=11 repeat=9
INFO: 00:33:56.708964 self-stabilizing-binary-consensus.go:181: binValues(11,3)={}
INFO: 00:33:56.708990 self-stabilizing-binary-consensus.go:181: binValues(11,2)={}
INFO: 00:33:56.709351 self-stabilizing-binary-consensus.go:407: RECEIVE j=3 flag=0 r=1 est={1} aux={0}
INFO: 00:33:56.709388 self-stabilizing-binary-consensus.go:424: est[1][3]={0 1} aux[1][3]={0}
INFO: 00:33:56.710684 self-stabilizing-binary-consensus.go:138: SEND flag=1 r=11 est={0} aux={0}
INFO: 00:33:56.720487 self-stabilizing-binary-consensus.go:407: RECEIVE j=3 flag=1 r=1 est={0 1} aux={0}
INFO: 00:33:56.720517 self-stabilizing-binary-consensus.go:424: est[1][3]={0 1} aux[1][3]={0}
INFO: 00:33:56.722220 self-stabilizing-binary-consensus.go:431: SEND flag=0 r=1 est={0} aux={1}
INFO: 00:33:56.725557 self-stabilizing-binary-consensus.go:407: RECEIVE j=1 flag=0 r=1 est={0} aux={0}
INFO: 00:33:56.725595 self-stabilizing-binary-consensus.go:424: est[1][1]={0 1} aux[1][1]={0}
INFO: 00:33:56.726528 self-stabilizing-binary-consensus.go:407: RECEIVE j=2 flag=0 r=1 est={1} aux={0}
INFO: 00:33:56.726612 self-stabilizing-binary-consensus.go:424: est[1][2]={0 1} aux[1][2]={0}
INFO: 00:33:58.702905 self-stabilizing-binary-consensus.go:407: RECEIVE j=1 flag=1 r=1 est={0 1} aux={0}
INFO: 00:33:58.703057 self-stabilizing-binary-consensus.go:424: est[1][1]={0 1} aux[1][1]={0}
INFO: 00:33:58.704981 self-stabilizing-binary-consensus.go:431: SEND flag=0 r=1 est={0} aux={1}
INFO: 00:33:58.706095 self-stabilizing-binary-consensus.go:407: RECEIVE j=3 flag=0 r=1 est={1} aux={0}
INFO: 00:33:58.706176 self-stabilizing-binary-consensus.go:424: est[1][3]={0 1} aux[1][3]={0}
INFO: 00:33:58.708863 self-stabilizing-binary-consensus.go:407: RECEIVE j=2 flag=1 r=1 est={0 1} aux={0}
INFO: 00:33:58.708951 self-stabilizing-binary-consensus.go:424: est[1][2]={0 1} aux[1][2]={0}
INFO: 00:33:58.711011 self-stabilizing-binary-consensus.go:431: SEND flag=0 r=1 est={0} aux={1}
INFO: 00:33:58.711049 self-stabilizing-binary-consensus.go:181: binValues(11,3)={}
INFO: 00:33:58.711072 self-stabilizing-binary-consensus.go:208: infoResults()={}
INFO: 00:33:58.711092 self-stabilizing-binary-consensus.go:90: round=11 repeat=10
INFO: 00:33:58.711113 self-stabilizing-binary-consensus.go:181: binValues(11,3)={}
INFO: 00:33:58.711373 self-stabilizing-binary-consensus.go:181: binValues(11,2)={}
INFO: 00:33:58.712688 self-stabilizing-binary-consensus.go:407: RECEIVE j=3 flag=0 r=1 est={1} aux={0}
INFO: 00:33:58.712719 self-stabilizing-binary-consensus.go:424: est[1][3]={0 1} aux[1][3]={0}
INFO: 00:33:58.714848 self-stabilizing-binary-consensus.go:407: RECEIVE j=1 flag=0 r=1 est={0} aux={0}
INFO: 00:33:58.715194 self-stabilizing-binary-consensus.go:424: est[1][1]={0 1} aux[1][1]={0}
INFO: 00:33:58.715144 self-stabilizing-binary-consensus.go:138: SEND flag=1 r=11 est={0} aux={0}
INFO: 00:33:58.715869 self-stabilizing-binary-consensus.go:407: RECEIVE j=2 flag=0 r=1 est={1} aux={0}
INFO: 00:33:58.715879 self-stabilizing-binary-consensus.go:424: est[1][2]={0 1} aux[1][2]={0}
INFO: 00:33:58.723244 self-stabilizing-binary-consensus.go:407: RECEIVE j=3 flag=1 r=1 est={0 1} aux={0}
INFO: 00:33:58.723316 self-stabilizing-binary-consensus.go:424: est[1][3]={0 1} aux[1][3]={0}
INFO: 00:33:58.725159 self-stabilizing-binary-consensus.go:431: SEND flag=0 r=1 est={0} aux={1}
INFO: 00:33:58.727038 self-stabilizing-binary-consensus.go:407: RECEIVE j=2 flag=0 r=1 est={1} aux={0}
INFO: 00:33:58.727077 self-stabilizing-binary-consensus.go:424: est[1][2]={0 1} aux[1][2]={0}
INFO: 00:33:58.729276 self-stabilizing-binary-consensus.go:407: RECEIVE j=1 flag=0 r=1 est={0} aux={0}
INFO: 00:33:58.729301 self-stabilizing-binary-consensus.go:424: est[1][1]={0 1} aux[1][1]={0}
INFO: 00:34:00.709931 self-stabilizing-binary-consensus.go:407: RECEIVE j=1 flag=1 r=1 est={0 1} aux={0}
INFO: 00:34:00.709946 self-stabilizing-binary-consensus.go:424: est[1][1]={0 1} aux[1][1]={0}
INFO: 00:34:00.711693 self-stabilizing-binary-consensus.go:431: SEND flag=0 r=1 est={0} aux={1}
INFO: 00:34:00.712945 self-stabilizing-binary-consensus.go:407: RECEIVE j=2 flag=1 r=1 est={0 1} aux={0}
INFO: 00:34:00.713000 self-stabilizing-binary-consensus.go:424: est[1][2]={0 1} aux[1][2]={0}
INFO: 00:34:00.715241 self-stabilizing-binary-consensus.go:431: SEND flag=0 r=1 est={0} aux={1}
INFO: 00:34:00.715337 self-stabilizing-binary-consensus.go:181: binValues(11,3)={}
INFO: 00:34:00.715432 self-stabilizing-binary-consensus.go:208: infoResults()={}
INFO: 00:34:00.715458 self-stabilizing-binary-consensus.go:90: round=11 repeat=11
INFO: 00:34:00.715473 self-stabilizing-binary-consensus.go:181: binValues(11,3)={}
INFO: 00:34:00.715487 self-stabilizing-binary-consensus.go:181: binValues(11,2)={}
INFO: 00:34:00.717398 self-stabilizing-binary-consensus.go:407: RECEIVE j=2 flag=0 r=1 est={1} aux={0}
INFO: 00:34:00.717451 self-stabilizing-binary-consensus.go:424: est[1][2]={0 1} aux[1][2]={0}
INFO: 00:34:00.717945 self-stabilizing-binary-consensus.go:407: RECEIVE j=3 flag=0 r=1 est={1} aux={0}
INFO: 00:34:00.718046 self-stabilizing-binary-consensus.go:424: est[1][3]={0 1} aux[1][3]={0}
INFO: 00:34:00.719040 self-stabilizing-binary-consensus.go:407: RECEIVE j=1 flag=0 r=1 est={0} aux={0}
INFO: 00:34:00.719068 self-stabilizing-binary-consensus.go:424: est[1][1]={0 1} aux[1][1]={0}
INFO: 00:34:00.720622 self-stabilizing-binary-consensus.go:138: SEND flag=1 r=11 est={0} aux={0}
INFO: 00:34:00.722965 self-stabilizing-binary-consensus.go:407: RECEIVE j=3 flag=0 r=1 est={1} aux={0}
INFO: 00:34:00.723006 self-stabilizing-binary-consensus.go:424: est[1][3]={0 1} aux[1][3]={0}
INFO: 00:34:00.727592 self-stabilizing-binary-consensus.go:407: RECEIVE j=3 flag=1 r=1 est={0 1} aux={0}
INFO: 00:34:00.727693 self-stabilizing-binary-consensus.go:424: est[1][3]={0 1} aux[1][3]={0}
INFO: 00:34:00.730177 self-stabilizing-binary-consensus.go:431: SEND flag=0 r=1 est={0} aux={1}
INFO: 00:34:00.730218 self-stabilizing-binary-consensus.go:407: RECEIVE j=2 flag=0 r=1 est={1} aux={0}
INFO: 00:34:00.730226 self-stabilizing-binary-consensus.go:424: est[1][2]={0 1} aux[1][2]={0}
INFO: 00:34:00.733149 self-stabilizing-binary-consensus.go:407: RECEIVE j=1 flag=0 r=1 est={0} aux={0}
INFO: 00:34:00.733186 self-stabilizing-binary-consensus.go:424: est[1][1]={0 1} aux[1][1]={0}
INFO: 00:34:02.719016 self-stabilizing-binary-consensus.go:407: RECEIVE j=2 flag=1 r=1 est={0 1} aux={0}
INFO: 00:34:02.719176 self-stabilizing-binary-consensus.go:424: est[1][2]={0 1} aux[1][2]={0}
INFO: 00:34:02.721822 self-stabilizing-binary-consensus.go:181: binValues(11,3)={}
INFO: 00:34:02.721870 self-stabilizing-binary-consensus.go:208: infoResults()={}
INFO: 00:34:02.721885 self-stabilizing-binary-consensus.go:90: round=11 repeat=12
INFO: 00:34:02.721895 self-stabilizing-binary-consensus.go:181: binValues(11,3)={}
INFO: 00:34:02.721902 self-stabilizing-binary-consensus.go:181: binValues(11,2)={}
INFO: 00:34:02.724045 self-stabilizing-binary-consensus.go:431: SEND flag=0 r=1 est={0} aux={1}
INFO: 00:34:02.727368 self-stabilizing-binary-consensus.go:407: RECEIVE j=3 flag=0 r=1 est={1} aux={0}
INFO: 00:34:02.727409 self-stabilizing-binary-consensus.go:424: est[1][3]={0 1} aux[1][3]={0}
INFO: 00:34:02.731440 self-stabilizing-binary-consensus.go:138: SEND flag=1 r=11 est={0} aux={0}
INFO: 00:34:02.731463 self-stabilizing-binary-consensus.go:407: RECEIVE j=1 flag=0 r=1 est={0} aux={0}
INFO: 00:34:02.731526 self-stabilizing-binary-consensus.go:424: est[1][1]={0 1} aux[1][1]={0}
INFO: 00:34:02.733358 self-stabilizing-binary-consensus.go:407: RECEIVE j=1 flag=1 r=1 est={0 1} aux={0}
INFO: 00:34:02.733395 self-stabilizing-binary-consensus.go:424: est[1][1]={0 1} aux[1][1]={0}
INFO: 00:34:02.737724 self-stabilizing-binary-consensus.go:431: SEND flag=0 r=1 est={0} aux={1}
INFO: 00:34:02.737902 self-stabilizing-binary-consensus.go:407: RECEIVE j=3 flag=1 r=1 est={0 1} aux={0}
INFO: 00:34:02.737932 self-stabilizing-binary-consensus.go:424: est[1][3]={0 1} aux[1][3]={0}
INFO: 00:34:02.745007 self-stabilizing-binary-consensus.go:431: SEND flag=0 r=1 est={0} aux={1}
INFO: 00:34:02.745146 self-stabilizing-binary-consensus.go:407: RECEIVE j=2 flag=0 r=1 est={1} aux={0}
INFO: 00:34:02.745243 self-stabilizing-binary-consensus.go:424: est[1][2]={0 1} aux[1][2]={0}
INFO: 00:34:02.745280 self-stabilizing-binary-consensus.go:407: RECEIVE j=2 flag=0 r=1 est={1} aux={0}
INFO: 00:34:02.745288 self-stabilizing-binary-consensus.go:424: est[1][2]={0 1} aux[1][2]={0}
INFO: 00:34:02.745294 self-stabilizing-binary-consensus.go:407: RECEIVE j=1 flag=0 r=1 est={0} aux={0}
INFO: 00:34:02.745298 self-stabilizing-binary-consensus.go:424: est[1][1]={0 1} aux[1][1]={0}
INFO: 00:34:02.747680 self-stabilizing-binary-consensus.go:407: RECEIVE j=3 flag=0 r=1 est={1} aux={0}
INFO: 00:34:02.747717 self-stabilizing-binary-consensus.go:424: est[1][3]={0 1} aux[1][3]={0}
INFO: 00:34:04.721826 self-stabilizing-binary-consensus.go:407: RECEIVE j=2 flag=1 r=1 est={0 1} aux={0}
INFO: 00:34:04.721843 self-stabilizing-binary-consensus.go:424: est[1][2]={0 1} aux[1][2]={0}
INFO: 00:34:04.724565 self-stabilizing-binary-consensus.go:431: SEND flag=0 r=1 est={0} aux={1}
INFO: 00:34:04.726359 self-stabilizing-binary-consensus.go:407: RECEIVE j=3 flag=0 r=1 est={1} aux={0}
INFO: 00:34:04.726394 self-stabilizing-binary-consensus.go:424: est[1][3]={0 1} aux[1][3]={0}
INFO: 00:34:04.727739 self-stabilizing-binary-consensus.go:407: RECEIVE j=1 flag=0 r=1 est={0} aux={0}
INFO: 00:34:04.727751 self-stabilizing-binary-consensus.go:424: est[1][1]={0 1} aux[1][1]={0}
INFO: 00:34:04.731768 self-stabilizing-binary-consensus.go:181: binValues(11,3)={}
INFO: 00:34:04.731791 self-stabilizing-binary-consensus.go:208: infoResults()={}
INFO: 00:34:04.731797 self-stabilizing-binary-consensus.go:90: round=11 repeat=13
INFO: 00:34:04.731803 self-stabilizing-binary-consensus.go:181: binValues(11,3)={}
INFO: 00:34:04.731807 self-stabilizing-binary-consensus.go:181: binValues(11,2)={}
INFO: 00:34:04.733622 self-stabilizing-binary-consensus.go:138: SEND flag=1 r=11 est={0} aux={0}
INFO: 00:34:04.736229 self-stabilizing-binary-consensus.go:407: RECEIVE j=3 flag=1 r=1 est={0 1} aux={0}
INFO: 00:34:04.736271 self-stabilizing-binary-consensus.go:424: est[1][3]={0 1} aux[1][3]={0}
INFO: 00:34:04.738314 self-stabilizing-binary-consensus.go:431: SEND flag=0 r=1 est={0} aux={1}
INFO: 00:34:04.739978 self-stabilizing-binary-consensus.go:407: RECEIVE j=1 flag=0 r=1 est={0} aux={0}
INFO: 00:34:04.740019 self-stabilizing-binary-consensus.go:424: est[1][1]={0 1} aux[1][1]={0}
INFO: 00:34:04.742232 self-stabilizing-binary-consensus.go:407: RECEIVE j=2 flag=0 r=1 est={1} aux={0}
INFO: 00:34:04.742308 self-stabilizing-binary-consensus.go:424: est[1][2]={0 1} aux[1][2]={0}
INFO: 00:34:04.752914 self-stabilizing-binary-consensus.go:407: RECEIVE j=1 flag=1 r=1 est={0 1} aux={0}
INFO: 00:34:04.752953 self-stabilizing-binary-consensus.go:424: est[1][1]={0 1} aux[1][1]={0}
INFO: 00:34:04.755671 self-stabilizing-binary-consensus.go:431: SEND flag=0 r=1 est={0} aux={1}
INFO: 00:34:04.755721 self-stabilizing-binary-consensus.go:407: RECEIVE j=3 flag=0 r=1 est={1} aux={0}
INFO: 00:34:04.755772 self-stabilizing-binary-consensus.go:424: est[1][3]={0 1} aux[1][3]={0}
INFO: 00:34:04.755793 self-stabilizing-binary-consensus.go:407: RECEIVE j=2 flag=0 r=1 est={1} aux={0}
INFO: 00:34:04.755811 self-stabilizing-binary-consensus.go:424: est[1][2]={0 1} aux[1][2]={0}
INFO: 00:34:06.724509 self-stabilizing-binary-consensus.go:407: RECEIVE j=2 flag=1 r=1 est={0 1} aux={0}
INFO: 00:34:06.724545 self-stabilizing-binary-consensus.go:424: est[1][2]={0 1} aux[1][2]={0}
INFO: 00:34:06.726462 self-stabilizing-binary-consensus.go:431: SEND flag=0 r=1 est={0} aux={1}
INFO: 00:34:06.728104 self-stabilizing-binary-consensus.go:407: RECEIVE j=1 flag=0 r=1 est={0} aux={0}
INFO: 00:34:06.728185 self-stabilizing-binary-consensus.go:424: est[1][1]={0 1} aux[1][1]={0}
INFO: 00:34:06.730086 self-stabilizing-binary-consensus.go:407: RECEIVE j=3 flag=0 r=1 est={1} aux={0}
INFO: 00:34:06.730123 self-stabilizing-binary-consensus.go:424: est[1][3]={0 1} aux[1][3]={0}
INFO: 00:34:06.734143 self-stabilizing-binary-consensus.go:181: binValues(11,3)={}
INFO: 00:34:06.734248 self-stabilizing-binary-consensus.go:208: infoResults()={}
INFO: 00:34:06.734277 self-stabilizing-binary-consensus.go:90: round=11 repeat=14
INFO: 00:34:06.734321 self-stabilizing-binary-consensus.go:181: binValues(11,3)={}
INFO: 00:34:06.734343 self-stabilizing-binary-consensus.go:181: binValues(11,2)={}
INFO: 00:34:06.736313 self-stabilizing-binary-consensus.go:138: SEND flag=1 r=11 est={0} aux={0}
INFO: 00:34:06.738701 self-stabilizing-binary-consensus.go:407: RECEIVE j=3 flag=1 r=1 est={0 1} aux={0}
INFO: 00:34:06.738748 self-stabilizing-binary-consensus.go:424: est[1][3]={0 1} aux[1][3]={0}
INFO: 00:34:06.740902 self-stabilizing-binary-consensus.go:431: SEND flag=0 r=1 est={0} aux={1}
INFO: 00:34:06.741812 self-stabilizing-binary-consensus.go:407: RECEIVE j=2 flag=0 r=1 est={1} aux={0}
INFO: 00:34:06.741847 self-stabilizing-binary-consensus.go:424: est[1][2]={0 1} aux[1][2]={0}
INFO: 00:34:06.744546 self-stabilizing-binary-consensus.go:407: RECEIVE j=1 flag=0 r=1 est={0} aux={0}
INFO: 00:34:06.744573 self-stabilizing-binary-consensus.go:424: est[1][1]={0 1} aux[1][1]={0}
INFO: 00:34:06.756282 self-stabilizing-binary-consensus.go:407: RECEIVE j=2 flag=0 r=1 est={1} aux={0}
INFO: 00:34:06.756311 self-stabilizing-binary-consensus.go:424: est[1][2]={0 1} aux[1][2]={0}
INFO: 00:34:06.756530 self-stabilizing-binary-consensus.go:407: RECEIVE j=1 flag=1 r=1 est={0 1} aux={0}
INFO: 00:34:06.756861 self-stabilizing-binary-consensus.go:424: est[1][1]={0 1} aux[1][1]={0}
INFO: 00:34:06.759040 self-stabilizing-binary-consensus.go:431: SEND flag=0 r=1 est={0} aux={1}
INFO: 00:34:06.759081 self-stabilizing-binary-consensus.go:407: RECEIVE j=3 flag=0 r=1 est={1} aux={0}
INFO: 00:34:06.759102 self-stabilizing-binary-consensus.go:424: est[1][3]={0 1} aux[1][3]={0}
INFO: 00:34:08.733906 self-stabilizing-binary-consensus.go:407: RECEIVE j=2 flag=1 r=1 est={0 1} aux={0}
INFO: 00:34:08.734435 self-stabilizing-binary-consensus.go:424: est[1][2]={0 1} aux[1][2]={0}
INFO: 00:34:08.742067 self-stabilizing-binary-consensus.go:431: SEND flag=0 r=1 est={0} aux={1}
INFO: 00:34:08.742205 self-stabilizing-binary-consensus.go:181: binValues(11,3)={}
INFO: 00:34:08.742355 self-stabilizing-binary-consensus.go:208: infoResults()={}
INFO: 00:34:08.742430 self-stabilizing-binary-consensus.go:90: round=11 repeat=15
INFO: 00:34:08.742501 self-stabilizing-binary-consensus.go:181: binValues(11,3)={}
INFO: 00:34:08.742552 self-stabilizing-binary-consensus.go:181: binValues(11,2)={}
INFO: 00:34:08.748826 self-stabilizing-binary-consensus.go:407: RECEIVE j=3 flag=0 r=1 est={1} aux={0}
INFO: 00:34:08.748947 self-stabilizing-binary-consensus.go:424: est[1][3]={0 1} aux[1][3]={0}
INFO: 00:34:08.750001 self-stabilizing-binary-consensus.go:138: SEND flag=1 r=11 est={0} aux={0}
INFO: 00:34:08.751720 self-stabilizing-binary-consensus.go:407: RECEIVE j=3 flag=1 r=1 est={0 1} aux={0}
INFO: 00:34:08.751782 self-stabilizing-binary-consensus.go:424: est[1][3]={0 1} aux[1][3]={0}
INFO: 00:34:08.764097 self-stabilizing-binary-consensus.go:431: SEND flag=0 r=1 est={0} aux={1}
INFO: 00:34:08.764126 self-stabilizing-binary-consensus.go:407: RECEIVE j=1 flag=0 r=1 est={0} aux={0}
INFO: 00:34:08.764134 self-stabilizing-binary-consensus.go:424: est[1][1]={0 1} aux[1][1]={0}
INFO: 00:34:08.764140 self-stabilizing-binary-consensus.go:407: RECEIVE j=1 flag=0 r=1 est={0} aux={0}
INFO: 00:34:08.764145 self-stabilizing-binary-consensus.go:424: est[1][1]={0 1} aux[1][1]={0}
INFO: 00:34:08.764150 self-stabilizing-binary-consensus.go:407: RECEIVE j=2 flag=0 r=1 est={1} aux={0}
INFO: 00:34:08.764154 self-stabilizing-binary-consensus.go:424: est[1][2]={0 1} aux[1][2]={0}
INFO: 00:34:08.764159 self-stabilizing-binary-consensus.go:407: RECEIVE j=1 flag=1 r=1 est={0 1} aux={0}
INFO: 00:34:08.764163 self-stabilizing-binary-consensus.go:424: est[1][1]={0 1} aux[1][1]={0}
INFO: 00:34:08.766727 self-stabilizing-binary-consensus.go:431: SEND flag=0 r=1 est={0} aux={1}
INFO: 00:34:08.766755 self-stabilizing-binary-consensus.go:407: RECEIVE j=2 flag=0 r=1 est={1} aux={0}
INFO: 00:34:08.766763 self-stabilizing-binary-consensus.go:424: est[1][2]={0 1} aux[1][2]={0}
INFO: 00:34:08.767895 self-stabilizing-binary-consensus.go:407: RECEIVE j=3 flag=0 r=1 est={1} aux={0}
INFO: 00:34:08.767942 self-stabilizing-binary-consensus.go:424: est[1][3]={0 1} aux[1][3]={0}
INFO: 00:34:10.742652 self-stabilizing-binary-consensus.go:407: RECEIVE j=2 flag=1 r=1 est={0 1} aux={0}
INFO: 00:34:10.742808 self-stabilizing-binary-consensus.go:424: est[1][2]={0 1} aux[1][2]={0}
INFO: 00:34:10.751467 self-stabilizing-binary-consensus.go:431: SEND flag=0 r=1 est={0} aux={1}
INFO: 00:34:10.752480 self-stabilizing-binary-consensus.go:407: RECEIVE j=3 flag=0 r=1 est={1} aux={0}
INFO: 00:34:10.752539 self-stabilizing-binary-consensus.go:424: est[1][3]={0 1} aux[1][3]={0}
INFO: 00:34:10.752836 self-stabilizing-binary-consensus.go:407: RECEIVE j=1 flag=0 r=1 est={0} aux={0}
INFO: 00:34:10.752873 self-stabilizing-binary-consensus.go:424: est[1][1]={0 1} aux[1][1]={0}
INFO: 00:34:10.753550 self-stabilizing-binary-consensus.go:181: binValues(11,3)={}
INFO: 00:34:10.753615 self-stabilizing-binary-consensus.go:208: infoResults()={}
INFO: 00:34:10.753655 self-stabilizing-binary-consensus.go:90: round=11 repeat=16
INFO: 00:34:10.753684 self-stabilizing-binary-consensus.go:181: binValues(11,3)={}
INFO: 00:34:10.753711 self-stabilizing-binary-consensus.go:181: binValues(11,2)={}
INFO: 00:34:10.756640 self-stabilizing-binary-consensus.go:138: SEND flag=1 r=11 est={0} aux={0}
INFO: 00:34:10.763324 self-stabilizing-binary-consensus.go:407: RECEIVE j=3 flag=1 r=1 est={0 1} aux={0}
INFO: 00:34:10.763413 self-stabilizing-binary-consensus.go:424: est[1][3]={0 1} aux[1][3]={0}
INFO: 00:34:10.765601 self-stabilizing-binary-consensus.go:431: SEND flag=0 r=1 est={0} aux={1}
INFO: 00:34:10.767531 self-stabilizing-binary-consensus.go:407: RECEIVE j=1 flag=1 r=1 est={0 1} aux={0}
INFO: 00:34:10.767581 self-stabilizing-binary-consensus.go:424: est[1][1]={0 1} aux[1][1]={0}
INFO: 00:34:10.771086 self-stabilizing-binary-consensus.go:431: SEND flag=0 r=1 est={0} aux={1}
INFO: 00:34:10.771115 self-stabilizing-binary-consensus.go:407: RECEIVE j=1 flag=0 r=1 est={0} aux={0}
INFO: 00:34:10.771124 self-stabilizing-binary-consensus.go:424: est[1][1]={0 1} aux[1][1]={0}
INFO: 00:34:10.771987 self-stabilizing-binary-consensus.go:407: RECEIVE j=3 flag=0 r=1 est={1} aux={0}
INFO: 00:34:10.772480 self-stabilizing-binary-consensus.go:424: est[1][3]={0 1} aux[1][3]={0}
INFO: 00:34:10.772510 self-stabilizing-binary-consensus.go:407: RECEIVE j=2 flag=0 r=1 est={1} aux={0}
INFO: 00:34:10.772519 self-stabilizing-binary-consensus.go:424: est[1][2]={0 1} aux[1][2]={0}
INFO: 00:34:10.774518 self-stabilizing-binary-consensus.go:407: RECEIVE j=2 flag=0 r=1 est={1} aux={0}
INFO: 00:34:10.774544 self-stabilizing-binary-consensus.go:424: est[1][2]={0 1} aux[1][2]={0}
