INFO: 20:57:25.349866 main.go:29: ID:0 | N:4 | F:1 | Clients:1 | Scenario:NORMAL | Remote:false

INFO: 20:57:25.350386 messenger.go:90: Receive from Server 1 on tcp://*:4001
INFO: 20:57:25.350583 messenger.go:107: Send to Server 1 on tcp://localhost:4100
INFO: 20:57:25.350649 messenger.go:90: Receive from Server 2 on tcp://*:4002
INFO: 20:57:25.350696 messenger.go:107: Send to Server 2 on tcp://localhost:4200
INFO: 20:57:25.350742 messenger.go:90: Receive from Server 3 on tcp://*:4003
INFO: 20:57:25.350786 messenger.go:107: Send to Server 3 on tcp://localhost:4300
INFO: 20:57:25.350796 messenger.go:113: -----------------------------------------
INFO: 20:57:25.350825 messenger.go:135: Requests from Client 0 on tcp://*:7000
INFO: 20:57:25.350878 messenger.go:152: Response to Client 0 on tcp://*:10000
INFO: 20:57:25.350899 messenger.go:155: -----------------------------------------

INFO: 20:57:25.351061 main.go:83: Initial estimate value:  0
INFO: 20:57:25.351111 self-stabilizing-binary-consensus.go:93: round=1 repeat=1
INFO: 20:57:25.351133 self-stabilizing-binary-consensus.go:200: binValues(1,3)={}
INFO: 20:57:25.351141 self-stabilizing-binary-consensus.go:200: binValues(1,2)={}
INFO: 20:57:25.352926 self-stabilizing-binary-consensus.go:141: SEND flag=1 r=1 est={0} aux={}
INFO: 20:57:25.364504 self-stabilizing-binary-consensus.go:431: RECEIVE j=3 flag=1 r=1 est={1} aux={}
INFO: 20:57:25.364643 self-stabilizing-binary-consensus.go:433: est[1][3]={1} aux[1][3]={}
INFO: 20:57:25.529233 self-stabilizing-binary-consensus.go:441: SEND flag=0 r=1 est={0} aux={}
INFO: 20:57:25.529277 self-stabilizing-binary-consensus.go:431: RECEIVE j=2 flag=1 r=1 est={1} aux={}
INFO: 20:57:25.529286 self-stabilizing-binary-consensus.go:433: est[1][2]={1} aux[1][2]={}
INFO: 20:57:25.531048 self-stabilizing-binary-consensus.go:441: SEND flag=0 r=1 est={0} aux={}
INFO: 20:57:25.531251 self-stabilizing-binary-consensus.go:431: RECEIVE j=3 flag=0 r=1 est={1} aux={}
INFO: 20:57:25.531262 self-stabilizing-binary-consensus.go:433: est[1][3]={1} aux[1][3]={}
INFO: 20:57:25.531281 self-stabilizing-binary-consensus.go:431: RECEIVE j=1 flag=1 r=1 est={0} aux={}
INFO: 20:57:25.531289 self-stabilizing-binary-consensus.go:433: est[1][1]={0} aux[1][1]={}
INFO: 20:57:25.535411 self-stabilizing-binary-consensus.go:441: SEND flag=0 r=1 est={0} aux={}
INFO: 20:57:25.535465 self-stabilizing-binary-consensus.go:431: RECEIVE j=2 flag=0 r=1 est={1} aux={}
INFO: 20:57:25.535495 self-stabilizing-binary-consensus.go:433: est[1][2]={1} aux[1][2]={}
INFO: 20:57:25.535516 self-stabilizing-binary-consensus.go:431: RECEIVE j=1 flag=0 r=1 est={0} aux={}
INFO: 20:57:25.535535 self-stabilizing-binary-consensus.go:433: est[1][1]={0} aux[1][1]={}
INFO: 20:57:25.535554 self-stabilizing-binary-consensus.go:431: RECEIVE j=3 flag=0 r=1 est={1} aux={}
INFO: 20:57:25.535572 self-stabilizing-binary-consensus.go:433: est[1][3]={1} aux[1][3]={}
INFO: 20:57:25.535591 self-stabilizing-binary-consensus.go:431: RECEIVE j=1 flag=0 r=1 est={0} aux={}
INFO: 20:57:25.535609 self-stabilizing-binary-consensus.go:433: est[1][1]={0} aux[1][1]={}
INFO: 20:57:25.535661 self-stabilizing-binary-consensus.go:431: RECEIVE j=1 flag=0 r=1 est={0} aux={}
INFO: 20:57:25.535764 self-stabilizing-binary-consensus.go:433: est[1][1]={0} aux[1][1]={}
INFO: 20:57:25.535827 self-stabilizing-binary-consensus.go:431: RECEIVE j=3 flag=0 r=1 est={1} aux={}
INFO: 20:57:25.535855 self-stabilizing-binary-consensus.go:433: est[1][3]={1} aux[1][3]={}
INFO: 20:57:25.535876 self-stabilizing-binary-consensus.go:431: RECEIVE j=2 flag=0 r=1 est={1} aux={}
INFO: 20:57:25.535898 self-stabilizing-binary-consensus.go:433: est[1][2]={1} aux[1][2]={}
INFO: 20:57:25.539799 self-stabilizing-binary-consensus.go:431: RECEIVE j=2 flag=0 r=1 est={1} aux={}
INFO: 20:57:25.539830 self-stabilizing-binary-consensus.go:433: est[1][2]={1} aux[1][2]={}
INFO: 20:57:26.354810 self-stabilizing-binary-consensus.go:200: binValues(1,3)={}
INFO: 20:57:26.354906 self-stabilizing-binary-consensus.go:225: infoResults()={}
INFO: 20:57:26.354931 self-stabilizing-binary-consensus.go:93: round=1 repeat=2
INFO: 20:57:26.354962 self-stabilizing-binary-consensus.go:200: binValues(1,3)={}
INFO: 20:57:26.354973 self-stabilizing-binary-consensus.go:200: binValues(1,2)={1}
INFO: 20:57:26.358326 self-stabilizing-binary-consensus.go:141: SEND flag=1 r=1 est={0 1} aux={}
INFO: 20:57:26.364106 self-stabilizing-binary-consensus.go:431: RECEIVE j=3 flag=0 r=1 est={1} aux={}
INFO: 20:57:26.364151 self-stabilizing-binary-consensus.go:433: est[1][3]={1} aux[1][3]={}
INFO: 20:57:26.364385 self-stabilizing-binary-consensus.go:431: RECEIVE j=2 flag=0 r=1 est={1} aux={}
INFO: 20:57:26.364412 self-stabilizing-binary-consensus.go:433: est[1][2]={1} aux[1][2]={}
INFO: 20:57:26.364768 self-stabilizing-binary-consensus.go:431: RECEIVE j=3 flag=1 r=1 est={0 1} aux={}
INFO: 20:57:26.364797 self-stabilizing-binary-consensus.go:433: est[1][3]={0 1} aux[1][3]={}
INFO: 20:57:26.366531 self-stabilizing-binary-consensus.go:441: SEND flag=0 r=1 est={0} aux={}
INFO: 20:57:26.366568 self-stabilizing-binary-consensus.go:431: RECEIVE j=1 flag=0 r=1 est={0} aux={}
INFO: 20:57:26.366576 self-stabilizing-binary-consensus.go:433: est[1][1]={0} aux[1][1]={}
INFO: 20:57:26.370764 self-stabilizing-binary-consensus.go:431: RECEIVE j=1 flag=0 r=1 est={0} aux={}
INFO: 20:57:26.370834 self-stabilizing-binary-consensus.go:433: est[1][1]={0} aux[1][1]={}
INFO: 20:57:26.371520 self-stabilizing-binary-consensus.go:431: RECEIVE j=2 flag=0 r=1 est={1} aux={}
INFO: 20:57:26.371836 self-stabilizing-binary-consensus.go:433: est[1][2]={1} aux[1][2]={}
INFO: 20:57:26.373944 self-stabilizing-binary-consensus.go:431: RECEIVE j=1 flag=1 r=1 est={0 1} aux={1}
INFO: 20:57:26.373990 self-stabilizing-binary-consensus.go:433: est[1][1]={0 1} aux[1][1]={1}
INFO: 20:57:26.375797 self-stabilizing-binary-consensus.go:441: SEND flag=0 r=1 est={0} aux={}
INFO: 20:57:26.376501 self-stabilizing-binary-consensus.go:431: RECEIVE j=3 flag=0 r=1 est={1} aux={}
INFO: 20:57:26.376529 self-stabilizing-binary-consensus.go:433: est[1][3]={0 1} aux[1][3]={}
INFO: 20:57:26.378392 self-stabilizing-binary-consensus.go:431: RECEIVE j=2 flag=1 r=1 est={0 1} aux={}
INFO: 20:57:26.378436 self-stabilizing-binary-consensus.go:433: est[1][2]={0 1} aux[1][2]={}
INFO: 20:57:26.382902 self-stabilizing-binary-consensus.go:441: SEND flag=0 r=1 est={0} aux={}
INFO: 20:57:26.383992 self-stabilizing-binary-consensus.go:431: RECEIVE j=2 flag=0 r=1 est={1} aux={}
INFO: 20:57:26.384040 self-stabilizing-binary-consensus.go:433: est[1][2]={0 1} aux[1][2]={}
INFO: 20:57:26.384339 self-stabilizing-binary-consensus.go:431: RECEIVE j=1 flag=0 r=1 est={0} aux={1}
INFO: 20:57:26.384400 self-stabilizing-binary-consensus.go:433: est[1][1]={0 1} aux[1][1]={1}
INFO: 20:57:26.384629 self-stabilizing-binary-consensus.go:431: RECEIVE j=3 flag=0 r=1 est={1} aux={}
INFO: 20:57:26.384670 self-stabilizing-binary-consensus.go:433: est[1][3]={0 1} aux[1][3]={}
INFO: 20:57:27.359639 self-stabilizing-binary-consensus.go:200: binValues(1,3)={0 1}
INFO: 20:57:27.359913 self-stabilizing-binary-consensus.go:225: infoResults()={}
INFO: 20:57:27.359968 self-stabilizing-binary-consensus.go:93: round=1 repeat=3
INFO: 20:57:27.359996 self-stabilizing-binary-consensus.go:200: binValues(1,3)={0 1}
INFO: 20:57:27.360021 self-stabilizing-binary-consensus.go:132: aux[1][0]=0
INFO: 20:57:27.360109 self-stabilizing-binary-consensus.go:200: binValues(1,2)={0 1}
INFO: 20:57:27.366145 self-stabilizing-binary-consensus.go:141: SEND flag=1 r=1 est={0 1} aux={0}
INFO: 20:57:27.367597 self-stabilizing-binary-consensus.go:431: RECEIVE j=3 flag=1 r=1 est={0 1} aux={0}
INFO: 20:57:27.367662 self-stabilizing-binary-consensus.go:433: est[1][3]={0 1} aux[1][3]={0}
INFO: 20:57:27.371887 self-stabilizing-binary-consensus.go:441: SEND flag=0 r=1 est={0} aux={0}
INFO: 20:57:27.372123 self-stabilizing-binary-consensus.go:431: RECEIVE j=1 flag=0 r=1 est={0} aux={1}
INFO: 20:57:27.372157 self-stabilizing-binary-consensus.go:433: est[1][1]={0 1} aux[1][1]={1}
INFO: 20:57:27.373597 self-stabilizing-binary-consensus.go:431: RECEIVE j=1 flag=0 r=1 est={0} aux={1}
INFO: 20:57:27.373643 self-stabilizing-binary-consensus.go:433: est[1][1]={0 1} aux[1][1]={1}
INFO: 20:57:27.374427 self-stabilizing-binary-consensus.go:431: RECEIVE j=3 flag=0 r=1 est={1} aux={0}
INFO: 20:57:27.374678 self-stabilizing-binary-consensus.go:433: est[1][3]={0 1} aux[1][3]={0}
INFO: 20:57:27.376428 self-stabilizing-binary-consensus.go:431: RECEIVE j=1 flag=1 r=1 est={0 1} aux={1}
INFO: 20:57:27.376454 self-stabilizing-binary-consensus.go:433: est[1][1]={0 1} aux[1][1]={1}
INFO: 20:57:27.378175 self-stabilizing-binary-consensus.go:441: SEND flag=0 r=1 est={0} aux={0}
INFO: 20:57:27.380852 self-stabilizing-binary-consensus.go:431: RECEIVE j=3 flag=0 r=1 est={1} aux={0}
INFO: 20:57:27.380902 self-stabilizing-binary-consensus.go:433: est[1][3]={0 1} aux[1][3]={0}
INFO: 20:57:27.382025 self-stabilizing-binary-consensus.go:431: RECEIVE j=2 flag=0 r=1 est={1} aux={}
INFO: 20:57:27.382147 self-stabilizing-binary-consensus.go:433: est[1][2]={0 1} aux[1][2]={}
INFO: 20:57:27.385529 self-stabilizing-binary-consensus.go:431: RECEIVE j=2 flag=1 r=1 est={0 1} aux={0}
INFO: 20:57:27.385582 self-stabilizing-binary-consensus.go:433: est[1][2]={0 1} aux[1][2]={0}
INFO: 20:57:27.388455 self-stabilizing-binary-consensus.go:441: SEND flag=0 r=1 est={0} aux={0}
INFO: 20:57:27.388500 self-stabilizing-binary-consensus.go:431: RECEIVE j=1 flag=0 r=1 est={0} aux={1}
INFO: 20:57:27.388521 self-stabilizing-binary-consensus.go:433: est[1][1]={0 1} aux[1][1]={1}
INFO: 20:57:27.388540 self-stabilizing-binary-consensus.go:431: RECEIVE j=2 flag=0 r=1 est={1} aux={0}
INFO: 20:57:27.388559 self-stabilizing-binary-consensus.go:433: est[1][2]={0 1} aux[1][2]={0}
INFO: 20:57:27.388578 self-stabilizing-binary-consensus.go:431: RECEIVE j=3 flag=0 r=1 est={1} aux={0}
INFO: 20:57:27.388595 self-stabilizing-binary-consensus.go:433: est[1][3]={0 1} aux[1][3]={0}
INFO: 20:57:27.391672 self-stabilizing-binary-consensus.go:431: RECEIVE j=2 flag=0 r=1 est={1} aux={0}
INFO: 20:57:27.391724 self-stabilizing-binary-consensus.go:433: est[1][2]={0 1} aux[1][2]={0}
INFO: 20:57:28.367315 self-stabilizing-binary-consensus.go:200: binValues(1,3)={0 1}
INFO: 20:57:28.367556 self-stabilizing-binary-consensus.go:225: infoResults()={0}
INFO: 20:57:28.367695 self-stabilizing-binary-consensus.go:200: binValues(1,3)={0 1}
INFO: 20:57:28.367843 self-stabilizing-binary-consensus.go:225: infoResults()={0}
INFO: 20:57:28.367891 self-stabilizing-binary-consensus.go:256: randomBit(1)=0
INFO: 20:57:28.367959 self-stabilizing-binary-consensus.go:249: decision=0
INFO: 20:57:28.368038 self-stabilizing-binary-consensus.go:200: binValues(11,2)={}
INFO: 20:57:28.368059 self-stabilizing-binary-consensus.go:93: round=11 repeat=1
INFO: 20:57:28.368092 self-stabilizing-binary-consensus.go:200: binValues(11,3)={}
INFO: 20:57:28.368101 self-stabilizing-binary-consensus.go:200: binValues(11,2)={}
INFO: 20:57:28.370775 self-stabilizing-binary-consensus.go:141: SEND flag=1 r=11 est={0} aux={0}
INFO: 20:57:28.373829 self-stabilizing-binary-consensus.go:431: RECEIVE j=3 flag=1 r=11 est={0} aux={0}
INFO: 20:57:28.374551 self-stabilizing-binary-consensus.go:433: est[11][3]={0} aux[11][3]={0}
INFO: 20:57:28.392373 self-stabilizing-binary-consensus.go:441: SEND flag=0 r=11 est={0} aux={0}
INFO: 20:57:28.400842 self-stabilizing-binary-consensus.go:431: RECEIVE j=3 flag=0 r=11 est={0} aux={0}
INFO: 20:57:28.403157 self-stabilizing-binary-consensus.go:433: est[11][3]={0} aux[11][3]={0}
INFO: 20:57:28.405128 self-stabilizing-binary-consensus.go:431: RECEIVE j=1 flag=0 r=11 est={0} aux={0}
INFO: 20:57:28.405229 self-stabilizing-binary-consensus.go:433: est[11][1]={0} aux[11][1]={0}
INFO: 20:57:28.405258 self-stabilizing-binary-consensus.go:431: RECEIVE j=1 flag=0 r=11 est={0} aux={0}
INFO: 20:57:28.405282 self-stabilizing-binary-consensus.go:433: est[11][1]={0} aux[11][1]={0}
INFO: 20:57:28.405304 self-stabilizing-binary-consensus.go:431: RECEIVE j=2 flag=0 r=11 est={0} aux={0}
INFO: 20:57:28.405326 self-stabilizing-binary-consensus.go:433: est[11][2]={0} aux[11][2]={0}
INFO: 20:57:28.405347 self-stabilizing-binary-consensus.go:431: RECEIVE j=1 flag=1 r=11 est={0} aux={0}
INFO: 20:57:28.405382 self-stabilizing-binary-consensus.go:433: est[11][1]={0} aux[11][1]={0}
INFO: 20:57:28.408701 self-stabilizing-binary-consensus.go:441: SEND flag=0 r=11 est={0} aux={0}
INFO: 20:57:28.409614 self-stabilizing-binary-consensus.go:431: RECEIVE j=2 flag=0 r=11 est={0} aux={0}
INFO: 20:57:28.409665 self-stabilizing-binary-consensus.go:433: est[11][2]={0} aux[11][2]={0}
INFO: 20:57:28.409698 self-stabilizing-binary-consensus.go:431: RECEIVE j=2 flag=1 r=11 est={0} aux={0}
INFO: 20:57:28.409716 self-stabilizing-binary-consensus.go:433: est[11][2]={0} aux[11][2]={0}
INFO: 20:57:28.413442 self-stabilizing-binary-consensus.go:441: SEND flag=0 r=11 est={0} aux={0}
INFO: 20:57:28.414157 self-stabilizing-binary-consensus.go:431: RECEIVE j=3 flag=0 r=11 est={0} aux={0}
INFO: 20:57:28.414201 self-stabilizing-binary-consensus.go:433: est[11][3]={0} aux[11][3]={0}
INFO: 20:57:28.414211 self-stabilizing-binary-consensus.go:431: RECEIVE j=2 flag=0 r=11 est={0} aux={0}
INFO: 20:57:28.414242 self-stabilizing-binary-consensus.go:433: est[11][2]={0} aux[11][2]={0}
INFO: 20:57:28.414271 self-stabilizing-binary-consensus.go:431: RECEIVE j=3 flag=0 r=11 est={0} aux={0}
INFO: 20:57:28.414279 self-stabilizing-binary-consensus.go:433: est[11][3]={0} aux[11][3]={0}
INFO: 20:57:28.414286 self-stabilizing-binary-consensus.go:431: RECEIVE j=1 flag=0 r=11 est={0} aux={0}
INFO: 20:57:28.414291 self-stabilizing-binary-consensus.go:433: est[11][1]={0} aux[11][1]={0}
INFO: 20:57:29.371689 self-stabilizing-binary-consensus.go:200: binValues(11,3)={0}
INFO: 20:57:29.372209 self-stabilizing-binary-consensus.go:225: infoResults()={0}
INFO: 20:57:29.372511 self-stabilizing-binary-consensus.go:200: binValues(11,3)={0}
INFO: 20:57:29.372636 self-stabilizing-binary-consensus.go:225: infoResults()={0}
INFO: 20:57:29.372685 self-stabilizing-binary-consensus.go:256: randomBit(11)=0
INFO: 20:57:29.372714 self-stabilizing-binary-consensus.go:249: decision=0
INFO: 20:57:29.372804 self-stabilizing-binary-consensus.go:200: binValues(11,2)={0}
INFO: 20:57:29.372871 self-stabilizing-binary-consensus.go:249: decision=0
INFO: 20:57:29.373088 self-stabilizing-binary-consensus.go:93: round=11 repeat=1
INFO: 20:57:29.373287 self-stabilizing-binary-consensus.go:200: binValues(11,3)={0}
INFO: 20:57:29.373330 self-stabilizing-binary-consensus.go:200: binValues(11,2)={0}
INFO: 20:57:29.377194 self-stabilizing-binary-consensus.go:141: SEND flag=1 r=11 est={0} aux={0}
INFO: 20:57:29.378311 self-stabilizing-binary-consensus.go:431: RECEIVE j=3 flag=1 r=11 est={0} aux={0}
INFO: 20:57:29.381540 self-stabilizing-binary-consensus.go:433: est[11][3]={0} aux[11][3]={0}
INFO: 20:57:29.384540 self-stabilizing-binary-consensus.go:431: RECEIVE j=2 flag=0 r=11 est={0} aux={0}
INFO: 20:57:29.384600 self-stabilizing-binary-consensus.go:433: est[11][2]={0} aux[11][2]={0}
INFO: 20:57:29.385290 self-stabilizing-binary-consensus.go:431: RECEIVE j=1 flag=0 r=11 est={0} aux={0}
INFO: 20:57:29.385359 self-stabilizing-binary-consensus.go:433: est[11][1]={0} aux[11][1]={0}
INFO: 20:57:29.390118 self-stabilizing-binary-consensus.go:441: SEND flag=0 r=11 est={0} aux={0}
INFO: 20:57:29.390877 self-stabilizing-binary-consensus.go:431: RECEIVE j=3 flag=0 r=11 est={0} aux={0}
INFO: 20:57:29.391935 self-stabilizing-binary-consensus.go:433: est[11][3]={0} aux[11][3]={0}
INFO: 20:57:29.396810 self-stabilizing-binary-consensus.go:431: RECEIVE j=2 flag=0 r=11 est={0} aux={0}
INFO: 20:57:29.396870 self-stabilizing-binary-consensus.go:433: est[11][2]={0} aux[11][2]={0}
INFO: 20:57:29.397477 self-stabilizing-binary-consensus.go:431: RECEIVE j=1 flag=0 r=11 est={0} aux={0}
INFO: 20:57:29.397514 self-stabilizing-binary-consensus.go:433: est[11][1]={0} aux[11][1]={0}
INFO: 20:57:29.400390 self-stabilizing-binary-consensus.go:431: RECEIVE j=1 flag=1 r=11 est={0} aux={0}
INFO: 20:57:29.400550 self-stabilizing-binary-consensus.go:433: est[11][1]={0} aux[11][1]={0}
INFO: 20:57:29.402495 self-stabilizing-binary-consensus.go:441: SEND flag=0 r=11 est={0} aux={0}
INFO: 20:57:29.406466 self-stabilizing-binary-consensus.go:431: RECEIVE j=2 flag=1 r=11 est={0} aux={0}
INFO: 20:57:29.406791 self-stabilizing-binary-consensus.go:433: est[11][2]={0} aux[11][2]={0}
INFO: 20:57:29.416406 self-stabilizing-binary-consensus.go:431: RECEIVE j=3 flag=0 r=11 est={0} aux={0}
INFO: 20:57:29.418354 self-stabilizing-binary-consensus.go:433: est[11][3]={0} aux[11][3]={0}
INFO: 20:57:29.418390 self-stabilizing-binary-consensus.go:431: RECEIVE j=1 flag=0 r=11 est={0} aux={0}
INFO: 20:57:29.418403 self-stabilizing-binary-consensus.go:433: est[11][1]={0} aux[11][1]={0}
INFO: 20:57:29.418412 self-stabilizing-binary-consensus.go:431: RECEIVE j=2 flag=0 r=11 est={0} aux={0}
INFO: 20:57:29.418420 self-stabilizing-binary-consensus.go:433: est[11][2]={0} aux[11][2]={0}
INFO: 20:57:29.418429 self-stabilizing-binary-consensus.go:431: RECEIVE j=3 flag=0 r=11 est={0} aux={0}
INFO: 20:57:29.418592 self-stabilizing-binary-consensus.go:433: est[11][3]={0} aux[11][3]={0}
INFO: 20:57:29.418640 self-stabilizing-binary-consensus.go:441: SEND flag=0 r=11 est={0} aux={0}
INFO: 20:57:30.355830 self-stabilizing-multivalued-consensus.go:18: Successful decide
