INFO: 20:52:55.392905 main.go:29: ID:0 | N:4 | F:1 | Clients:1 | Scenario:HALF_&_HALF | Remote:false

INFO: 20:52:55.393510 messenger.go:91: Receive from Server 1 on tcp://*:4001
INFO: 20:52:55.393815 messenger.go:108: Send to Server 1 on tcp://localhost:4100
INFO: 20:52:55.393934 messenger.go:91: Receive from Server 2 on tcp://*:4002
INFO: 20:52:55.394023 messenger.go:108: Send to Server 2 on tcp://localhost:4200
INFO: 20:52:55.394117 messenger.go:91: Receive from Server 3 on tcp://*:4003
INFO: 20:52:55.394203 messenger.go:108: Send to Server 3 on tcp://localhost:4300
INFO: 20:52:55.394256 messenger.go:114: -----------------------------------------
INFO: 20:52:55.394349 messenger.go:136: Requests from Client 0 on tcp://*:7000
INFO: 20:52:55.394446 messenger.go:153: Response to Client 0 on tcp://*:10000
INFO: 20:52:55.394500 messenger.go:156: -----------------------------------------

INFO: 20:52:55.394872 main.go:83: Initial estimate value:  0
INFO: 20:52:55.394919 bin-consensus.go:23: 4.BC: bcid-1 round-1
INFO: 20:52:55.416887 messenger.go:239: HALF&HALF ATTACK: j=1 v=0->1
INFO: 20:52:55.425910 messenger.go:239: HALF&HALF ATTACK: j=2 v=1->0
INFO: 20:52:55.431525 messenger.go:239: HALF&HALF ATTACK: j=3 v=0->1
INFO: 20:52:55.444176 messenger.go:468: RECEIVE BVB j=2 v=0
INFO: 20:52:55.440717 messenger.go:468: RECEIVE BVB j=3 v=1
INFO: 20:52:55.462181 messenger.go:468: RECEIVE BVB j=1 v=1
INFO: 20:52:55.472673 messenger.go:239: HALF&HALF ATTACK: j=1 v=1->1
INFO: 20:52:55.542239 messenger.go:360: SEND BVB j=2 v=0
INFO: 20:52:55.557893 messenger.go:468: RECEIVE BVB j=2 v=1
INFO: 20:52:55.564955 messenger.go:360: SEND BVB j=1 v=1
INFO: 20:52:55.565176 messenger.go:239: HALF&HALF ATTACK: j=2 v=1->0
INFO: 20:52:55.567143 messenger.go:239: HALF&HALF ATTACK: j=3 v=0->1
INFO: 20:52:55.568790 messenger.go:360: SEND BVB j=2 v=0
INFO: 20:52:55.572888 messenger.go:360: SEND BVB j=1 v=1
INFO: 20:52:55.573559 messenger.go:360: SEND BVB j=3 v=1
INFO: 20:52:55.574290 messenger.go:360: SEND BVB j=3 v=1
INFO: 20:52:55.574510 bin-consensus.go:154: 4.BC: bin_values-[1]
INFO: 20:52:55.579523 messenger.go:239: HALF&HALF ATTACK: j=1 v=1->1
INFO: 20:52:55.582111 messenger.go:239: HALF&HALF ATTACK: j=2 v=1->0
INFO: 20:52:55.583044 messenger.go:360: SEND BC j=1 v=1
INFO: 20:52:55.584655 messenger.go:239: HALF&HALF ATTACK: j=3 v=0->1
INFO: 20:52:55.585087 messenger.go:360: SEND BC j=2 v=0
INFO: 20:52:55.587350 messenger.go:492: RECEIVE BC j=2 v=1
INFO: 20:52:55.588272 messenger.go:360: SEND BC j=3 v=1
INFO: 20:52:55.590855 messenger.go:492: RECEIVE BC j=3 v=1
INFO: 20:52:55.591068 bin-consensus.go:77: 4.BC: vals-[1] coin-0
INFO: 20:52:55.591101 bin-consensus.go:23: 7.BC: bcid-1 round-2
INFO: 20:52:55.601814 messenger.go:468: RECEIVE BVB j=3 v=1
INFO: 20:52:55.608463 messenger.go:492: RECEIVE BC j=1 v=1
INFO: 20:52:55.610706 messenger.go:239: HALF&HALF ATTACK: j=1 v=1->1
INFO: 20:52:55.612680 messenger.go:239: HALF&HALF ATTACK: j=2 v=1->0
INFO: 20:52:55.614556 messenger.go:239: HALF&HALF ATTACK: j=3 v=0->1
INFO: 20:52:55.636338 messenger.go:468: RECEIVE BVB j=2 v=1
INFO: 20:52:55.636793 messenger.go:360: SEND BVB j=3 v=1
INFO: 20:52:55.638844 messenger.go:360: SEND BVB j=2 v=0
INFO: 20:52:55.640804 messenger.go:468: RECEIVE BVB j=1 v=1
INFO: 20:52:55.640965 bin-consensus.go:154: 7.BC: bin_values-[1]
INFO: 20:52:55.641788 messenger.go:360: SEND BVB j=1 v=1
INFO: 20:52:55.643429 messenger.go:492: RECEIVE BC j=3 v=1
INFO: 20:52:55.646414 messenger.go:492: RECEIVE BC j=2 v=1
INFO: 20:52:55.647332 messenger.go:239: HALF&HALF ATTACK: j=1 v=1->1
INFO: 20:52:55.648191 messenger.go:492: RECEIVE BC j=1 v=1
INFO: 20:52:55.651062 messenger.go:239: HALF&HALF ATTACK: j=2 v=1->0
INFO: 20:52:55.654489 messenger.go:239: HALF&HALF ATTACK: j=3 v=0->1
INFO: 20:52:55.656801 bin-consensus.go:77: 7.BC: vals-[1] coin-1
INFO: 20:52:55.656941 bin-consensus.go:82: 7.BC: decide-1
INFO: 20:52:55.659596 messenger.go:360: SEND BC j=3 v=1
INFO: 20:52:55.660056 messenger.go:360: SEND BC j=2 v=0
INFO: 20:52:55.661874 messenger.go:360: SEND BC j=1 v=1
