INFO: 01:45:18.461836 main.go:29: ID:0 | N:4 | F:1 | Clients:1 | Scenario:NORMAL | Remote:false

INFO: 01:45:18.465272 messenger.go:90: Receive from Server 1 on tcp://*:4001
INFO: 01:45:18.469280 messenger.go:107: Send to Server 1 on tcp://localhost:4100
INFO: 01:45:18.469701 messenger.go:90: Receive from Server 2 on tcp://*:4002
INFO: 01:45:18.470107 messenger.go:107: Send to Server 2 on tcp://localhost:4200
INFO: 01:45:18.470468 messenger.go:90: Receive from Server 3 on tcp://*:4003
INFO: 01:45:18.470699 messenger.go:107: Send to Server 3 on tcp://localhost:4300
INFO: 01:45:18.471730 messenger.go:113: -----------------------------------------
INFO: 01:45:18.471894 messenger.go:135: Requests from Client 0 on tcp://*:7000
INFO: 01:45:18.471994 messenger.go:152: Response to Client 0 on tcp://*:10000
INFO: 01:45:18.472050 messenger.go:155: -----------------------------------------

INFO: 01:45:18.486110 main.go:83: Initial estimate value:  0
INFO: 01:45:18.487485 self-stabilizing-binary-consensus.go:78: Round:1
INFO: 01:45:18.497225 self-stabilizing-binary-consensus.go:118: binValues(1,3)={} w=-1
INFO: 01:45:18.497366 self-stabilizing-binary-consensus.go:129: binValues(1,2)={} w=-1
INFO: 01:45:18.518940 self-stabilizing-binary-consensus.go:419: RECEIVE j=3 flag=1 r=1 est={1} aux={}
INFO: 01:45:18.519057 self-stabilizing-binary-consensus.go:436: est[1][3]={1} aux[1][3]={}
INFO: 01:45:18.521476 self-stabilizing-binary-consensus.go:443: SEND flag=0 r=1 est={0} aux={}
INFO: 01:45:18.522423 self-stabilizing-binary-consensus.go:419: RECEIVE j=2 flag=1 r=1 est={1} aux={}
INFO: 01:45:18.523727 self-stabilizing-binary-consensus.go:436: est[1][2]={1} aux[1][2]={}
INFO: 01:45:18.646237 self-stabilizing-binary-consensus.go:133: SEND flag=1 r=1 est={0} aux={}
INFO: 01:45:18.647022 self-stabilizing-binary-consensus.go:443: SEND flag=0 r=1 est={0} aux={}
INFO: 01:45:18.647151 self-stabilizing-binary-consensus.go:419: RECEIVE j=2 flag=0 r=1 est={1} aux={}
INFO: 01:45:18.647168 self-stabilizing-binary-consensus.go:436: est[1][2]={1} aux[1][2]={}
INFO: 01:45:18.647182 self-stabilizing-binary-consensus.go:419: RECEIVE j=1 flag=1 r=1 est={0} aux={}
INFO: 01:45:18.647192 self-stabilizing-binary-consensus.go:436: est[1][1]={0} aux[1][1]={}
INFO: 01:45:18.650417 self-stabilizing-binary-consensus.go:443: SEND flag=0 r=1 est={0} aux={}
INFO: 01:45:18.650471 self-stabilizing-binary-consensus.go:419: RECEIVE j=3 flag=0 r=1 est={1} aux={}
INFO: 01:45:18.650482 self-stabilizing-binary-consensus.go:436: est[1][3]={1} aux[1][3]={}
INFO: 01:45:18.650495 self-stabilizing-binary-consensus.go:419: RECEIVE j=1 flag=0 r=1 est={0} aux={}
INFO: 01:45:18.650501 self-stabilizing-binary-consensus.go:436: est[1][1]={0} aux[1][1]={}
INFO: 01:45:18.661902 self-stabilizing-binary-consensus.go:419: RECEIVE j=1 flag=0 r=1 est={0} aux={}
INFO: 01:45:18.662199 self-stabilizing-binary-consensus.go:436: est[1][1]={0} aux[1][1]={}
INFO: 01:45:18.662500 self-stabilizing-binary-consensus.go:419: RECEIVE j=3 flag=0 r=1 est={1} aux={}
INFO: 01:45:18.662591 self-stabilizing-binary-consensus.go:436: est[1][3]={1} aux[1][3]={}
INFO: 01:45:18.666302 self-stabilizing-binary-consensus.go:419: RECEIVE j=3 flag=0 r=1 est={1} aux={}
INFO: 01:45:18.666483 self-stabilizing-binary-consensus.go:436: est[1][3]={1} aux[1][3]={}
INFO: 01:45:18.666692 self-stabilizing-binary-consensus.go:419: RECEIVE j=1 flag=0 r=1 est={0} aux={}
INFO: 01:45:18.666717 self-stabilizing-binary-consensus.go:436: est[1][1]={0} aux[1][1]={}
INFO: 01:45:18.670458 self-stabilizing-binary-consensus.go:419: RECEIVE j=2 flag=0 r=1 est={1} aux={}
INFO: 01:45:18.671046 self-stabilizing-binary-consensus.go:436: est[1][2]={1} aux[1][2]={}
INFO: 01:45:18.673786 self-stabilizing-binary-consensus.go:419: RECEIVE j=2 flag=0 r=1 est={1} aux={}
INFO: 01:45:18.674210 self-stabilizing-binary-consensus.go:436: est[1][2]={1} aux[1][2]={}
INFO: 01:45:26.523090 self-stabilizing-binary-consensus.go:419: RECEIVE j=3 flag=1 r=1 est={0 1} aux={}
INFO: 01:45:26.523632 self-stabilizing-binary-consensus.go:436: est[1][3]={0 1} aux[1][3]={}
INFO: 01:45:26.537384 self-stabilizing-binary-consensus.go:443: SEND flag=0 r=1 est={0} aux={}
INFO: 01:45:26.537438 self-stabilizing-binary-consensus.go:419: RECEIVE j=2 flag=1 r=1 est={0 1} aux={}
INFO: 01:45:26.537450 self-stabilizing-binary-consensus.go:436: est[1][2]={0 1} aux[1][2]={}
INFO: 01:45:26.544314 self-stabilizing-binary-consensus.go:443: SEND flag=0 r=1 est={0} aux={}
INFO: 01:45:26.544367 self-stabilizing-binary-consensus.go:419: RECEIVE j=3 flag=0 r=1 est={1} aux={}
INFO: 01:45:26.544394 self-stabilizing-binary-consensus.go:436: est[1][3]={0 1} aux[1][3]={}
INFO: 01:45:26.544417 self-stabilizing-binary-consensus.go:419: RECEIVE j=1 flag=0 r=1 est={0} aux={}
INFO: 01:45:26.544438 self-stabilizing-binary-consensus.go:436: est[1][1]={0} aux[1][1]={}
INFO: 01:45:26.545027 self-stabilizing-binary-consensus.go:419: RECEIVE j=2 flag=0 r=1 est={1} aux={}
INFO: 01:45:26.545053 self-stabilizing-binary-consensus.go:436: est[1][2]={0 1} aux[1][2]={}
INFO: 01:45:26.545076 self-stabilizing-binary-consensus.go:419: RECEIVE j=1 flag=0 r=1 est={0} aux={}
INFO: 01:45:26.545097 self-stabilizing-binary-consensus.go:436: est[1][1]={0} aux[1][1]={}
INFO: 01:45:26.547956 self-stabilizing-binary-consensus.go:419: RECEIVE j=1 flag=1 r=1 est={0 1} aux={0}
INFO: 01:45:26.548888 self-stabilizing-binary-consensus.go:436: est[1][1]={0 1} aux[1][1]={0}
INFO: 01:45:26.552627 self-stabilizing-binary-consensus.go:443: SEND flag=0 r=1 est={0} aux={}
INFO: 01:45:26.552684 self-stabilizing-binary-consensus.go:419: RECEIVE j=3 flag=0 r=1 est={1} aux={}
INFO: 01:45:26.552694 self-stabilizing-binary-consensus.go:436: est[1][3]={0 1} aux[1][3]={}
INFO: 01:45:26.554015 self-stabilizing-binary-consensus.go:419: RECEIVE j=2 flag=0 r=1 est={1} aux={}
INFO: 01:45:26.554092 self-stabilizing-binary-consensus.go:436: est[1][2]={0 1} aux[1][2]={}
INFO: 01:45:26.647789 self-stabilizing-binary-consensus.go:118: binValues(1,3)={0 1} w=0
INFO: 01:45:26.648180 self-stabilizing-binary-consensus.go:123: aux[1][0]=0
INFO: 01:45:26.648932 self-stabilizing-binary-consensus.go:129: binValues(1,2)={0 1} w=0
INFO: 01:45:26.653990 self-stabilizing-binary-consensus.go:133: SEND flag=1 r=1 est={0 1} aux={0}
INFO: 01:45:26.668077 self-stabilizing-binary-consensus.go:419: RECEIVE j=3 flag=0 r=1 est={1} aux={}
INFO: 01:45:26.669317 self-stabilizing-binary-consensus.go:436: est[1][3]={0 1} aux[1][3]={}
INFO: 01:45:26.671035 self-stabilizing-binary-consensus.go:419: RECEIVE j=1 flag=0 r=1 est={0} aux={0}
INFO: 01:45:26.671279 self-stabilizing-binary-consensus.go:436: est[1][1]={0 1} aux[1][1]={0}
INFO: 01:45:26.676072 self-stabilizing-binary-consensus.go:419: RECEIVE j=2 flag=0 r=1 est={1} aux={}
INFO: 01:45:26.676432 self-stabilizing-binary-consensus.go:436: est[1][2]={0 1} aux[1][2]={}
