INFO: 01:40:48.851660 main.go:29: ID:0 | N:4 | F:1 | Clients:1 | Scenario:NORMAL | Remote:false

INFO: 01:40:48.852122 messenger.go:90: Receive from Server 1 on tcp://*:4001
INFO: 01:40:48.852303 messenger.go:107: Send to Server 1 on tcp://localhost:4100
INFO: 01:40:48.852371 messenger.go:90: Receive from Server 2 on tcp://*:4002
INFO: 01:40:48.852483 messenger.go:107: Send to Server 2 on tcp://localhost:4200
INFO: 01:40:48.852543 messenger.go:90: Receive from Server 3 on tcp://*:4003
INFO: 01:40:48.852585 messenger.go:107: Send to Server 3 on tcp://localhost:4300
INFO: 01:40:48.852607 messenger.go:113: -----------------------------------------
INFO: 01:40:48.852675 messenger.go:135: Requests from Client 0 on tcp://*:7000
INFO: 01:40:48.852725 messenger.go:152: Response to Client 0 on tcp://*:10000
INFO: 01:40:48.852749 messenger.go:155: -----------------------------------------

INFO: 01:40:48.853005 main.go:83: Initial estimate value:  0
INFO: 01:40:48.853048 self-stabilizing-binary-consensus.go:78: Round:1
INFO: 01:40:48.853102 self-stabilizing-binary-consensus.go:118: binValues(1,3)={} w=-1
INFO: 01:40:48.853125 self-stabilizing-binary-consensus.go:129: binValues(1,2)={} w=-1
INFO: 01:40:48.855664 self-stabilizing-binary-consensus.go:133: SEND flag=1 r=1 est={0} aux={}
INFO: 01:40:48.873218 self-stabilizing-binary-consensus.go:414: RECEIVE j=3 flag=1 r=1 est={1} aux={}
INFO: 01:40:48.873328 self-stabilizing-binary-consensus.go:431: est[1][3]={1} aux[1][3]={}
INFO: 01:40:49.027481 self-stabilizing-binary-consensus.go:438: SEND flag=0 r=1 est={0} aux={}
INFO: 01:40:49.027536 self-stabilizing-binary-consensus.go:414: RECEIVE j=2 flag=1 r=1 est={1} aux={}
INFO: 01:40:49.027554 self-stabilizing-binary-consensus.go:431: est[1][2]={1} aux[1][2]={}
INFO: 01:40:49.033752 self-stabilizing-binary-consensus.go:438: SEND flag=0 r=1 est={0} aux={}
INFO: 01:40:49.033814 self-stabilizing-binary-consensus.go:414: RECEIVE j=3 flag=0 r=1 est={1} aux={}
INFO: 01:40:49.033829 self-stabilizing-binary-consensus.go:431: est[1][3]={1} aux[1][3]={}
INFO: 01:40:49.033837 self-stabilizing-binary-consensus.go:414: RECEIVE j=1 flag=1 r=1 est={0} aux={}
INFO: 01:40:49.033844 self-stabilizing-binary-consensus.go:431: est[1][1]={0} aux[1][1]={}
INFO: 01:40:49.047035 self-stabilizing-binary-consensus.go:438: SEND flag=0 r=1 est={0} aux={}
INFO: 01:40:49.048265 self-stabilizing-binary-consensus.go:414: RECEIVE j=2 flag=0 r=1 est={1} aux={}
INFO: 01:40:49.048332 self-stabilizing-binary-consensus.go:431: est[1][2]={1} aux[1][2]={}
INFO: 01:40:49.048359 self-stabilizing-binary-consensus.go:414: RECEIVE j=1 flag=0 r=1 est={0} aux={}
INFO: 01:40:49.048370 self-stabilizing-binary-consensus.go:431: est[1][1]={0} aux[1][1]={}
INFO: 01:40:49.048651 self-stabilizing-binary-consensus.go:414: RECEIVE j=3 flag=0 r=1 est={1} aux={}
INFO: 01:40:49.048745 self-stabilizing-binary-consensus.go:431: est[1][3]={1} aux[1][3]={}
INFO: 01:40:49.048774 self-stabilizing-binary-consensus.go:414: RECEIVE j=1 flag=0 r=1 est={0} aux={}
INFO: 01:40:49.048784 self-stabilizing-binary-consensus.go:431: est[1][1]={0} aux[1][1]={}
INFO: 01:40:49.048793 self-stabilizing-binary-consensus.go:414: RECEIVE j=2 flag=0 r=1 est={1} aux={}
INFO: 01:40:49.048800 self-stabilizing-binary-consensus.go:431: est[1][2]={1} aux[1][2]={}
INFO: 01:40:49.048860 self-stabilizing-binary-consensus.go:414: RECEIVE j=1 flag=0 r=1 est={0} aux={}
INFO: 01:40:49.050385 self-stabilizing-binary-consensus.go:431: est[1][1]={0} aux[1][1]={}
INFO: 01:40:49.050449 self-stabilizing-binary-consensus.go:414: RECEIVE j=3 flag=0 r=1 est={1} aux={}
INFO: 01:40:49.050475 self-stabilizing-binary-consensus.go:431: est[1][3]={1} aux[1][3]={}
INFO: 01:40:49.053421 self-stabilizing-binary-consensus.go:414: RECEIVE j=2 flag=0 r=1 est={1} aux={}
INFO: 01:40:49.053498 self-stabilizing-binary-consensus.go:431: est[1][2]={1} aux[1][2]={}
INFO: 01:40:56.857094 self-stabilizing-binary-consensus.go:118: binValues(1,3)={} w=-1
INFO: 01:40:56.857171 self-stabilizing-binary-consensus.go:129: binValues(1,2)={} w=-1
INFO: 01:40:56.860905 self-stabilizing-binary-consensus.go:133: SEND flag=1 r=1 est={0 1} aux={}
INFO: 01:40:56.868644 self-stabilizing-binary-consensus.go:414: RECEIVE j=1 flag=0 r=1 est={0} aux={}
INFO: 01:40:56.868669 self-stabilizing-binary-consensus.go:431: est[1][1]={0} aux[1][1]={}
INFO: 01:40:56.870403 self-stabilizing-binary-consensus.go:414: RECEIVE j=3 flag=0 r=1 est={1} aux={}
INFO: 01:40:56.870929 self-stabilizing-binary-consensus.go:431: est[1][3]={1} aux[1][3]={}
INFO: 01:40:56.876153 self-stabilizing-binary-consensus.go:414: RECEIVE j=3 flag=1 r=1 est={0 1} aux={}
INFO: 01:40:56.876194 self-stabilizing-binary-consensus.go:431: est[1][3]={0 1} aux[1][3]={}
INFO: 01:40:56.878140 self-stabilizing-binary-consensus.go:438: SEND flag=0 r=1 est={0} aux={}
INFO: 01:40:56.880877 self-stabilizing-binary-consensus.go:414: RECEIVE j=2 flag=0 r=1 est={1} aux={}
INFO: 01:40:56.880924 self-stabilizing-binary-consensus.go:431: est[1][2]={1} aux[1][2]={}
INFO: 01:40:56.887625 self-stabilizing-binary-consensus.go:414: RECEIVE j=2 flag=1 r=1 est={0 1} aux={}
INFO: 01:40:56.887671 self-stabilizing-binary-consensus.go:431: est[1][2]={0 1} aux[1][2]={}
INFO: 01:40:56.903511 self-stabilizing-binary-consensus.go:438: SEND flag=0 r=1 est={0} aux={}
INFO: 01:40:56.903559 self-stabilizing-binary-consensus.go:414: RECEIVE j=1 flag=1 r=1 est={0 1} aux={1}
INFO: 01:40:56.903569 self-stabilizing-binary-consensus.go:431: est[1][1]={0 1} aux[1][1]={1}
INFO: 01:40:56.911587 self-stabilizing-binary-consensus.go:438: SEND flag=0 r=1 est={0} aux={}
INFO: 01:40:56.913298 self-stabilizing-binary-consensus.go:414: RECEIVE j=3 flag=0 r=1 est={1} aux={}
INFO: 01:40:56.914529 self-stabilizing-binary-consensus.go:431: est[1][3]={0 1} aux[1][3]={}
INFO: 01:40:56.938777 self-stabilizing-binary-consensus.go:414: RECEIVE j=3 flag=0 r=1 est={1} aux={}
INFO: 01:40:56.938999 self-stabilizing-binary-consensus.go:431: est[1][3]={0 1} aux[1][3]={}
INFO: 01:40:56.939716 self-stabilizing-binary-consensus.go:414: RECEIVE j=2 flag=0 r=1 est={1} aux={}
INFO: 01:40:56.939738 self-stabilizing-binary-consensus.go:431: est[1][2]={0 1} aux[1][2]={}
INFO: 01:40:56.940620 self-stabilizing-binary-consensus.go:414: RECEIVE j=2 flag=0 r=1 est={1} aux={}
INFO: 01:40:56.940648 self-stabilizing-binary-consensus.go:431: est[1][2]={0 1} aux[1][2]={}
INFO: 01:40:56.953683 self-stabilizing-binary-consensus.go:414: RECEIVE j=1 flag=0 r=1 est={0} aux={1}
INFO: 01:40:56.956933 self-stabilizing-binary-consensus.go:431: est[1][1]={0 1} aux[1][1]={1}
INFO: 01:40:56.958061 self-stabilizing-binary-consensus.go:414: RECEIVE j=1 flag=0 r=1 est={0} aux={1}
INFO: 01:40:56.958091 self-stabilizing-binary-consensus.go:431: est[1][1]={0 1} aux[1][1]={1}
