INFO: 17:55:05.052337 main.go:29: ID:0 | N:4 | F:1 | Clients:1 | Scenario:NORMAL | Remote:false

INFO: 17:55:05.054939 messenger.go:90: Receive from Server 1 on tcp://*:4001
INFO: 17:55:05.055260 messenger.go:107: Send to Server 1 on tcp://localhost:4100
INFO: 17:55:05.055356 messenger.go:90: Receive from Server 2 on tcp://*:4002
INFO: 17:55:05.055522 messenger.go:107: Send to Server 2 on tcp://localhost:4200
INFO: 17:55:05.055640 messenger.go:90: Receive from Server 3 on tcp://*:4003
INFO: 17:55:05.055717 messenger.go:107: Send to Server 3 on tcp://localhost:4300
INFO: 17:55:05.055789 messenger.go:113: -----------------------------------------
INFO: 17:55:05.055889 messenger.go:135: Requests from Client 0 on tcp://*:7000
INFO: 17:55:05.056024 messenger.go:152: Response to Client 0 on tcp://*:10000
INFO: 17:55:05.056079 messenger.go:155: -----------------------------------------

INFO: 17:55:05.065805 main.go:83: Initial estimate value:  0
INFO: 17:55:05.065857 self-stabilizing-binary-consensus.go:90: round=1 repeat=1
INFO: 17:55:05.065944 self-stabilizing-binary-consensus.go:127: binValues(1,3)={} w=-1
INFO: 17:55:05.070388 self-stabilizing-binary-consensus.go:142: binValues(1,2)={} w=-1
INFO: 17:55:05.070436 self-stabilizing-binary-consensus.go:143: SEND flag=1 r=1 est={0} aux={}
INFO: 17:55:05.075453 self-stabilizing-binary-consensus.go:410: RECEIVE j=3 flag=1 r=1 est={1} aux={}
INFO: 17:55:05.075644 self-stabilizing-binary-consensus.go:427: est[1][3]={1} aux[1][3]={}
INFO: 17:55:05.236276 self-stabilizing-binary-consensus.go:434: SEND flag=0 r=1 est={0} aux={}
INFO: 17:55:05.236312 self-stabilizing-binary-consensus.go:410: RECEIVE j=2 flag=0 r=1 est={1} aux={}
INFO: 17:55:05.236323 self-stabilizing-binary-consensus.go:427: est[1][2]={1} aux[1][2]={}
INFO: 17:55:05.236650 self-stabilizing-binary-consensus.go:410: RECEIVE j=2 flag=1 r=1 est={1} aux={}
INFO: 17:55:05.236669 self-stabilizing-binary-consensus.go:427: est[1][2]={1} aux[1][2]={}
INFO: 17:55:05.240146 self-stabilizing-binary-consensus.go:434: SEND flag=0 r=1 est={0} aux={}
INFO: 17:55:05.240169 self-stabilizing-binary-consensus.go:410: RECEIVE j=1 flag=1 r=1 est={0} aux={}
INFO: 17:55:05.251451 self-stabilizing-binary-consensus.go:427: est[1][1]={0} aux[1][1]={}
INFO: 17:55:05.278968 self-stabilizing-binary-consensus.go:434: SEND flag=0 r=1 est={0} aux={}
INFO: 17:55:05.279010 self-stabilizing-binary-consensus.go:410: RECEIVE j=2 flag=0 r=1 est={1} aux={}
INFO: 17:55:05.279023 self-stabilizing-binary-consensus.go:427: est[1][2]={1} aux[1][2]={}
INFO: 17:55:05.279030 self-stabilizing-binary-consensus.go:410: RECEIVE j=3 flag=0 r=1 est={1} aux={}
INFO: 17:55:05.279034 self-stabilizing-binary-consensus.go:427: est[1][3]={1} aux[1][3]={}
INFO: 17:55:05.279040 self-stabilizing-binary-consensus.go:410: RECEIVE j=1 flag=0 r=1 est={0} aux={}
INFO: 17:55:05.279044 self-stabilizing-binary-consensus.go:427: est[1][1]={0} aux[1][1]={}
INFO: 17:55:05.279049 self-stabilizing-binary-consensus.go:410: RECEIVE j=2 flag=0 r=1 est={1} aux={}
INFO: 17:55:05.279053 self-stabilizing-binary-consensus.go:427: est[1][2]={1} aux[1][2]={}
INFO: 17:55:05.279058 self-stabilizing-binary-consensus.go:410: RECEIVE j=3 flag=0 r=1 est={1} aux={}
INFO: 17:55:05.279062 self-stabilizing-binary-consensus.go:427: est[1][3]={1} aux[1][3]={}
INFO: 17:55:05.279067 self-stabilizing-binary-consensus.go:410: RECEIVE j=1 flag=0 r=1 est={0} aux={}
INFO: 17:55:05.279071 self-stabilizing-binary-consensus.go:427: est[1][1]={0} aux[1][1]={}
INFO: 17:55:05.279117 self-stabilizing-binary-consensus.go:410: RECEIVE j=3 flag=0 r=1 est={1} aux={}
INFO: 17:55:05.279122 self-stabilizing-binary-consensus.go:427: est[1][3]={1} aux[1][3]={}
INFO: 17:55:05.282530 self-stabilizing-binary-consensus.go:410: RECEIVE j=1 flag=0 r=1 est={0} aux={}
INFO: 17:55:05.282553 self-stabilizing-binary-consensus.go:427: est[1][1]={0} aux[1][1]={}
INFO: 17:55:10.074354 self-stabilizing-binary-consensus.go:148: infoResults()={}
INFO: 17:55:10.074463 self-stabilizing-binary-consensus.go:90: round=1 repeat=2
INFO: 17:55:10.074486 self-stabilizing-binary-consensus.go:127: binValues(1,3)={} w=-1
INFO: 17:55:10.078781 self-stabilizing-binary-consensus.go:142: binValues(1,2)={1} w=-1
INFO: 17:55:10.078826 self-stabilizing-binary-consensus.go:143: SEND flag=1 r=1 est={0 1} aux={}
INFO: 17:55:10.083867 self-stabilizing-binary-consensus.go:410: RECEIVE j=3 flag=1 r=1 est={0 1} aux={}
INFO: 17:55:10.083881 self-stabilizing-binary-consensus.go:427: est[1][3]={0 1} aux[1][3]={}
INFO: 17:55:10.087217 self-stabilizing-binary-consensus.go:434: SEND flag=0 r=1 est={0} aux={}
INFO: 17:55:10.087242 self-stabilizing-binary-consensus.go:410: RECEIVE j=1 flag=0 r=1 est={0} aux={}
INFO: 17:55:10.087263 self-stabilizing-binary-consensus.go:427: est[1][1]={0} aux[1][1]={}
INFO: 17:55:10.090030 self-stabilizing-binary-consensus.go:410: RECEIVE j=3 flag=0 r=1 est={1} aux={}
INFO: 17:55:10.090054 self-stabilizing-binary-consensus.go:427: est[1][3]={0 1} aux[1][3]={}
INFO: 17:55:10.090245 self-stabilizing-binary-consensus.go:410: RECEIVE j=2 flag=0 r=1 est={1} aux={}
INFO: 17:55:10.090275 self-stabilizing-binary-consensus.go:427: est[1][2]={1} aux[1][2]={}
INFO: 17:55:10.091240 self-stabilizing-binary-consensus.go:410: RECEIVE j=1 flag=0 r=1 est={0} aux={1}
INFO: 17:55:10.091285 self-stabilizing-binary-consensus.go:427: est[1][1]={0} aux[1][1]={1}
INFO: 17:55:10.092600 self-stabilizing-binary-consensus.go:410: RECEIVE j=1 flag=1 r=1 est={0 1} aux={1}
INFO: 17:55:10.092622 self-stabilizing-binary-consensus.go:427: est[1][1]={0 1} aux[1][1]={1}
INFO: 17:55:10.094399 self-stabilizing-binary-consensus.go:434: SEND flag=0 r=1 est={0} aux={}
INFO: 17:55:10.095585 self-stabilizing-binary-consensus.go:410: RECEIVE j=2 flag=0 r=1 est={1} aux={}
INFO: 17:55:10.095631 self-stabilizing-binary-consensus.go:427: est[1][2]={1} aux[1][2]={}
INFO: 17:55:10.096117 self-stabilizing-binary-consensus.go:410: RECEIVE j=2 flag=0 r=1 est={1} aux={}
INFO: 17:55:10.096148 self-stabilizing-binary-consensus.go:427: est[1][2]={1} aux[1][2]={}
INFO: 17:55:10.098607 self-stabilizing-binary-consensus.go:410: RECEIVE j=3 flag=0 r=1 est={1} aux={}
INFO: 17:55:10.098653 self-stabilizing-binary-consensus.go:427: est[1][3]={0 1} aux[1][3]={}
INFO: 17:55:10.189209 self-stabilizing-binary-consensus.go:410: RECEIVE j=2 flag=1 r=1 est={0 1} aux={0}
INFO: 17:55:10.190137 self-stabilizing-binary-consensus.go:427: est[1][2]={0 1} aux[1][2]={0}
INFO: 17:55:10.196947 self-stabilizing-binary-consensus.go:434: SEND flag=0 r=1 est={0} aux={}
INFO: 17:55:10.201941 self-stabilizing-binary-consensus.go:410: RECEIVE j=3 flag=0 r=1 est={1} aux={}
INFO: 17:55:10.202027 self-stabilizing-binary-consensus.go:427: est[1][3]={0 1} aux[1][3]={}
INFO: 17:55:10.205545 self-stabilizing-binary-consensus.go:410: RECEIVE j=1 flag=0 r=1 est={0} aux={1}
INFO: 17:55:10.205618 self-stabilizing-binary-consensus.go:427: est[1][1]={0 1} aux[1][1]={1}
INFO: 17:55:15.079259 self-stabilizing-binary-consensus.go:148: infoResults()={}
INFO: 17:55:15.079378 self-stabilizing-binary-consensus.go:90: round=1 repeat=3
INFO: 17:55:15.079421 self-stabilizing-binary-consensus.go:127: binValues(1,3)={0 1} w=0
INFO: 17:55:15.079446 self-stabilizing-binary-consensus.go:133: aux[1][0]=0
INFO: 17:55:15.090960 self-stabilizing-binary-consensus.go:142: binValues(1,2)={0 1} w=0
INFO: 17:55:15.091046 self-stabilizing-binary-consensus.go:143: SEND flag=1 r=1 est={0 1} aux={0}
INFO: 17:55:15.101067 self-stabilizing-binary-consensus.go:410: RECEIVE j=1 flag=1 r=1 est={0 1} aux={1}
INFO: 17:55:15.101125 self-stabilizing-binary-consensus.go:427: est[1][1]={0 1} aux[1][1]={1}
INFO: 17:55:15.111032 self-stabilizing-binary-consensus.go:434: SEND flag=0 r=1 est={0} aux={0}
INFO: 17:55:15.111081 self-stabilizing-binary-consensus.go:410: RECEIVE j=2 flag=0 r=1 est={1} aux={0}
INFO: 17:55:15.111093 self-stabilizing-binary-consensus.go:427: est[1][2]={0 1} aux[1][2]={0}
INFO: 17:55:15.111877 self-stabilizing-binary-consensus.go:410: RECEIVE j=3 flag=0 r=1 est={1} aux={0}
INFO: 17:55:15.111919 self-stabilizing-binary-consensus.go:427: est[1][3]={0 1} aux[1][3]={0}
INFO: 17:55:15.112851 self-stabilizing-binary-consensus.go:410: RECEIVE j=3 flag=1 r=1 est={0 1} aux={0}
INFO: 17:55:15.112880 self-stabilizing-binary-consensus.go:427: est[1][3]={0 1} aux[1][3]={0}
INFO: 17:55:15.121987 self-stabilizing-binary-consensus.go:434: SEND flag=0 r=1 est={0} aux={0}
INFO: 17:55:15.123301 self-stabilizing-binary-consensus.go:410: RECEIVE j=1 flag=0 r=1 est={0} aux={1}
INFO: 17:55:15.123417 self-stabilizing-binary-consensus.go:427: est[1][1]={0 1} aux[1][1]={1}
INFO: 17:55:15.123483 self-stabilizing-binary-consensus.go:410: RECEIVE j=3 flag=0 r=1 est={1} aux={0}
INFO: 17:55:15.124142 self-stabilizing-binary-consensus.go:427: est[1][3]={0 1} aux[1][3]={0}
INFO: 17:55:15.124244 self-stabilizing-binary-consensus.go:410: RECEIVE j=1 flag=0 r=1 est={0} aux={1}
INFO: 17:55:15.124375 self-stabilizing-binary-consensus.go:427: est[1][1]={0 1} aux[1][1]={1}
INFO: 17:55:15.127934 self-stabilizing-binary-consensus.go:410: RECEIVE j=2 flag=0 r=1 est={1} aux={0}
INFO: 17:55:15.128552 self-stabilizing-binary-consensus.go:427: est[1][2]={0 1} aux[1][2]={0}
INFO: 17:55:15.128819 self-stabilizing-binary-consensus.go:410: RECEIVE j=2 flag=0 r=1 est={1} aux={0}
INFO: 17:55:15.128885 self-stabilizing-binary-consensus.go:427: est[1][2]={0 1} aux[1][2]={0}
INFO: 17:55:15.198829 self-stabilizing-binary-consensus.go:410: RECEIVE j=2 flag=1 r=1 est={0 1} aux={0}
INFO: 17:55:15.198862 self-stabilizing-binary-consensus.go:427: est[1][2]={0 1} aux[1][2]={0}
INFO: 17:55:15.200490 self-stabilizing-binary-consensus.go:434: SEND flag=0 r=1 est={0} aux={0}
INFO: 17:55:15.202308 self-stabilizing-binary-consensus.go:410: RECEIVE j=3 flag=0 r=1 est={1} aux={0}
INFO: 17:55:15.202349 self-stabilizing-binary-consensus.go:427: est[1][3]={0 1} aux[1][3]={0}
INFO: 17:55:15.204760 self-stabilizing-binary-consensus.go:410: RECEIVE j=1 flag=0 r=1 est={0} aux={1}
INFO: 17:55:15.204807 self-stabilizing-binary-consensus.go:427: est[1][1]={0 1} aux[1][1]={1}
