INFO: 01:43:19.248237 main.go:29: ID:0 | N:4 | F:1 | Clients:1 | Scenario:NORMAL | Remote:false

INFO: 01:43:19.248710 messenger.go:90: Receive from Server 1 on tcp://*:4001
INFO: 01:43:19.248898 messenger.go:107: Send to Server 1 on tcp://localhost:4100
INFO: 01:43:19.248950 messenger.go:90: Receive from Server 2 on tcp://*:4002
INFO: 01:43:19.249012 messenger.go:107: Send to Server 2 on tcp://localhost:4200
INFO: 01:43:19.249041 messenger.go:90: Receive from Server 3 on tcp://*:4003
INFO: 01:43:19.249062 messenger.go:107: Send to Server 3 on tcp://localhost:4300
INFO: 01:43:19.249068 messenger.go:113: -----------------------------------------
INFO: 01:43:19.249092 messenger.go:135: Requests from Client 0 on tcp://*:7000
INFO: 01:43:19.249181 messenger.go:152: Response to Client 0 on tcp://*:10000
INFO: 01:43:19.249192 messenger.go:155: -----------------------------------------

INFO: 01:43:19.249398 main.go:83: Initial estimate value:  0
INFO: 01:43:19.249416 self-stabilizing-binary-consensus.go:78: Round:1
INFO: 01:43:19.249584 self-stabilizing-binary-consensus.go:118: binValues(1,3)={} w=-1
INFO: 01:43:19.249629 self-stabilizing-binary-consensus.go:129: binValues(1,2)={} w=-1
INFO: 01:43:19.251377 self-stabilizing-binary-consensus.go:133: SEND flag=1 r=1 est={0} aux={}
INFO: 01:43:19.266762 self-stabilizing-binary-consensus.go:419: RECEIVE j=2 flag=1 r=1 est={1} aux={}
INFO: 01:43:19.266869 self-stabilizing-binary-consensus.go:436: est[1][2]={1} aux[1][2]={}
INFO: 01:43:19.428548 self-stabilizing-binary-consensus.go:443: SEND flag=0 r=1 est={0} aux={}
INFO: 01:43:19.428619 self-stabilizing-binary-consensus.go:419: RECEIVE j=3 flag=1 r=1 est={1} aux={}
INFO: 01:43:19.428641 self-stabilizing-binary-consensus.go:436: est[1][3]={1} aux[1][3]={}
INFO: 01:43:19.432920 self-stabilizing-binary-consensus.go:443: SEND flag=0 r=1 est={0} aux={}
INFO: 01:43:19.432979 self-stabilizing-binary-consensus.go:419: RECEIVE j=1 flag=1 r=1 est={0} aux={}
INFO: 01:43:19.432988 self-stabilizing-binary-consensus.go:436: est[1][1]={0} aux[1][1]={}
INFO: 01:43:19.435840 self-stabilizing-binary-consensus.go:443: SEND flag=0 r=1 est={0} aux={}
INFO: 01:43:19.435896 self-stabilizing-binary-consensus.go:419: RECEIVE j=3 flag=0 r=1 est={1} aux={}
INFO: 01:43:19.435906 self-stabilizing-binary-consensus.go:436: est[1][3]={1} aux[1][3]={}
INFO: 01:43:19.435913 self-stabilizing-binary-consensus.go:419: RECEIVE j=2 flag=0 r=1 est={1} aux={}
INFO: 01:43:19.435917 self-stabilizing-binary-consensus.go:436: est[1][2]={1} aux[1][2]={}
INFO: 01:43:19.435923 self-stabilizing-binary-consensus.go:419: RECEIVE j=1 flag=0 r=1 est={0} aux={}
INFO: 01:43:19.435927 self-stabilizing-binary-consensus.go:436: est[1][1]={0} aux[1][1]={}
INFO: 01:43:19.435946 self-stabilizing-binary-consensus.go:419: RECEIVE j=1 flag=0 r=1 est={0} aux={}
INFO: 01:43:19.435957 self-stabilizing-binary-consensus.go:436: est[1][1]={0} aux[1][1]={}
INFO: 01:43:19.435963 self-stabilizing-binary-consensus.go:419: RECEIVE j=3 flag=0 r=1 est={1} aux={}
INFO: 01:43:19.435967 self-stabilizing-binary-consensus.go:436: est[1][3]={1} aux[1][3]={}
INFO: 01:43:19.435973 self-stabilizing-binary-consensus.go:419: RECEIVE j=3 flag=0 r=1 est={1} aux={}
INFO: 01:43:19.435977 self-stabilizing-binary-consensus.go:436: est[1][3]={1} aux[1][3]={}
INFO: 01:43:19.438499 self-stabilizing-binary-consensus.go:419: RECEIVE j=1 flag=0 r=1 est={0} aux={}
INFO: 01:43:19.438557 self-stabilizing-binary-consensus.go:436: est[1][1]={0} aux[1][1]={}
INFO: 01:43:19.442219 self-stabilizing-binary-consensus.go:419: RECEIVE j=2 flag=0 r=1 est={1} aux={}
INFO: 01:43:19.442442 self-stabilizing-binary-consensus.go:436: est[1][2]={1} aux[1][2]={}
INFO: 01:43:19.446810 self-stabilizing-binary-consensus.go:419: RECEIVE j=2 flag=0 r=1 est={1} aux={}
INFO: 01:43:19.446990 self-stabilizing-binary-consensus.go:436: est[1][2]={1} aux[1][2]={}
INFO: 01:43:27.253894 self-stabilizing-binary-consensus.go:118: binValues(1,3)={} w=-1
INFO: 01:43:27.254089 self-stabilizing-binary-consensus.go:129: binValues(1,2)={} w=-1
INFO: 01:43:27.256167 self-stabilizing-binary-consensus.go:133: SEND flag=1 r=1 est={0 1} aux={}
INFO: 01:43:27.263685 self-stabilizing-binary-consensus.go:419: RECEIVE j=1 flag=0 r=1 est={0} aux={}
INFO: 01:43:27.263791 self-stabilizing-binary-consensus.go:436: est[1][1]={0} aux[1][1]={}
INFO: 01:43:27.267467 self-stabilizing-binary-consensus.go:419: RECEIVE j=2 flag=0 r=1 est={1} aux={}
INFO: 01:43:27.267520 self-stabilizing-binary-consensus.go:436: est[1][2]={1} aux[1][2]={}
INFO: 01:43:27.267701 self-stabilizing-binary-consensus.go:419: RECEIVE j=3 flag=0 r=1 est={1} aux={}
INFO: 01:43:27.267730 self-stabilizing-binary-consensus.go:436: est[1][3]={1} aux[1][3]={}
INFO: 01:43:27.271254 self-stabilizing-binary-consensus.go:419: RECEIVE j=2 flag=1 r=1 est={0 1} aux={}
INFO: 01:43:27.272095 self-stabilizing-binary-consensus.go:436: est[1][2]={0 1} aux[1][2]={}
INFO: 01:43:27.278385 self-stabilizing-binary-consensus.go:443: SEND flag=0 r=1 est={0} aux={}
INFO: 01:43:27.280161 self-stabilizing-binary-consensus.go:419: RECEIVE j=3 flag=1 r=1 est={0 1} aux={0}
INFO: 01:43:27.280449 self-stabilizing-binary-consensus.go:436: est[1][3]={0 1} aux[1][3]={0}
INFO: 01:43:27.287010 self-stabilizing-binary-consensus.go:443: SEND flag=0 r=1 est={0} aux={}
INFO: 01:43:27.287505 self-stabilizing-binary-consensus.go:419: RECEIVE j=1 flag=0 r=1 est={0} aux={}
INFO: 01:43:27.287550 self-stabilizing-binary-consensus.go:436: est[1][1]={0} aux[1][1]={}
INFO: 01:43:27.287586 self-stabilizing-binary-consensus.go:419: RECEIVE j=3 flag=0 r=1 est={1} aux={}
INFO: 01:43:27.287616 self-stabilizing-binary-consensus.go:436: est[1][3]={0 1} aux[1][3]={}
INFO: 01:43:27.287648 self-stabilizing-binary-consensus.go:419: RECEIVE j=1 flag=1 r=1 est={0 1} aux={1}
INFO: 01:43:27.287676 self-stabilizing-binary-consensus.go:436: est[1][1]={0 1} aux[1][1]={1}
INFO: 01:43:27.296203 self-stabilizing-binary-consensus.go:443: SEND flag=0 r=1 est={0} aux={}
INFO: 01:43:27.296534 self-stabilizing-binary-consensus.go:419: RECEIVE j=2 flag=0 r=1 est={1} aux={}
INFO: 01:43:27.296571 self-stabilizing-binary-consensus.go:436: est[1][2]={0 1} aux[1][2]={}
INFO: 01:43:27.296592 self-stabilizing-binary-consensus.go:419: RECEIVE j=2 flag=0 r=1 est={1} aux={}
INFO: 01:43:27.296610 self-stabilizing-binary-consensus.go:436: est[1][2]={0 1} aux[1][2]={}
INFO: 01:43:27.296907 self-stabilizing-binary-consensus.go:419: RECEIVE j=3 flag=0 r=1 est={1} aux={0}
INFO: 01:43:27.296943 self-stabilizing-binary-consensus.go:436: est[1][3]={0 1} aux[1][3]={0}
INFO: 01:43:27.297939 self-stabilizing-binary-consensus.go:419: RECEIVE j=1 flag=0 r=1 est={0} aux={1}
INFO: 01:43:27.297966 self-stabilizing-binary-consensus.go:436: est[1][1]={0 1} aux[1][1]={1}
