INFO: 20:31:24.356969 main.go:29: ID:0 | N:4 | F:1 | Clients:1 | Scenario:NORMAL | Remote:false

INFO: 20:31:24.357441 messenger.go:90: Receive from Server 1 on tcp://*:4001
INFO: 20:31:24.357627 messenger.go:107: Send to Server 1 on tcp://localhost:4100
INFO: 20:31:24.357730 messenger.go:90: Receive from Server 2 on tcp://*:4002
INFO: 20:31:24.357788 messenger.go:107: Send to Server 2 on tcp://localhost:4200
INFO: 20:31:24.357837 messenger.go:90: Receive from Server 3 on tcp://*:4003
INFO: 20:31:24.357882 messenger.go:107: Send to Server 3 on tcp://localhost:4300
INFO: 20:31:24.357902 messenger.go:113: -----------------------------------------
INFO: 20:31:24.357935 messenger.go:135: Requests from Client 0 on tcp://*:7000
INFO: 20:31:24.357983 messenger.go:152: Response to Client 0 on tcp://*:10000
INFO: 20:31:24.358003 messenger.go:155: -----------------------------------------

INFO: 20:31:24.360530 main.go:83: Initial estimate value:  0
INFO: 20:31:24.360591 self-stabilizing-binary-consensus.go:90: round=1 repeat=1
INFO: 20:31:24.360653 self-stabilizing-binary-consensus.go:127: binValues(1,3)={} w=-1
INFO: 20:31:24.364120 self-stabilizing-binary-consensus.go:142: binValues(1,2)={} w=-1
INFO: 20:31:24.371214 self-stabilizing-binary-consensus.go:143: SEND flag=1 r=1 est={0} aux={}
INFO: 20:31:24.376897 self-stabilizing-binary-consensus.go:410: RECEIVE j=3 flag=1 r=1 est={0} aux={}
INFO: 20:31:24.376923 self-stabilizing-binary-consensus.go:427: est[1][3]={0} aux[1][3]={}
INFO: 20:31:24.524057 self-stabilizing-binary-consensus.go:434: SEND flag=0 r=1 est={0} aux={}
INFO: 20:31:24.524105 self-stabilizing-binary-consensus.go:410: RECEIVE j=3 flag=0 r=1 est={0} aux={}
INFO: 20:31:24.524114 self-stabilizing-binary-consensus.go:427: est[1][3]={0} aux[1][3]={}
INFO: 20:31:24.524121 self-stabilizing-binary-consensus.go:410: RECEIVE j=2 flag=1 r=1 est={0} aux={}
INFO: 20:31:24.524125 self-stabilizing-binary-consensus.go:427: est[1][2]={0} aux[1][2]={}
INFO: 20:31:24.527552 self-stabilizing-binary-consensus.go:434: SEND flag=0 r=1 est={0} aux={}
INFO: 20:31:24.527609 self-stabilizing-binary-consensus.go:410: RECEIVE j=1 flag=1 r=1 est={0} aux={}
INFO: 20:31:24.527618 self-stabilizing-binary-consensus.go:427: est[1][1]={0} aux[1][1]={}
INFO: 20:31:24.542534 self-stabilizing-binary-consensus.go:434: SEND flag=0 r=1 est={0} aux={}
INFO: 20:31:24.542761 self-stabilizing-binary-consensus.go:410: RECEIVE j=2 flag=0 r=1 est={0} aux={}
INFO: 20:31:24.542777 self-stabilizing-binary-consensus.go:427: est[1][2]={0} aux[1][2]={}
INFO: 20:31:24.542784 self-stabilizing-binary-consensus.go:410: RECEIVE j=2 flag=0 r=1 est={0} aux={}
INFO: 20:31:24.542788 self-stabilizing-binary-consensus.go:427: est[1][2]={0} aux[1][2]={}
INFO: 20:31:24.542795 self-stabilizing-binary-consensus.go:410: RECEIVE j=1 flag=0 r=1 est={0} aux={}
INFO: 20:31:24.542799 self-stabilizing-binary-consensus.go:427: est[1][1]={0} aux[1][1]={}
INFO: 20:31:24.542805 self-stabilizing-binary-consensus.go:410: RECEIVE j=2 flag=0 r=1 est={0} aux={}
INFO: 20:31:24.542814 self-stabilizing-binary-consensus.go:427: est[1][2]={0} aux[1][2]={}
INFO: 20:31:24.542820 self-stabilizing-binary-consensus.go:410: RECEIVE j=1 flag=0 r=1 est={0} aux={}
INFO: 20:31:24.542824 self-stabilizing-binary-consensus.go:427: est[1][1]={0} aux[1][1]={}
INFO: 20:31:24.542866 self-stabilizing-binary-consensus.go:410: RECEIVE j=1 flag=0 r=1 est={0} aux={}
INFO: 20:31:24.542871 self-stabilizing-binary-consensus.go:427: est[1][1]={0} aux[1][1]={}
INFO: 20:31:24.545899 self-stabilizing-binary-consensus.go:410: RECEIVE j=3 flag=0 r=1 est={0} aux={}
INFO: 20:31:24.545918 self-stabilizing-binary-consensus.go:427: est[1][3]={0} aux[1][3]={}
INFO: 20:31:24.549637 self-stabilizing-binary-consensus.go:410: RECEIVE j=3 flag=0 r=1 est={0} aux={}
INFO: 20:31:24.549666 self-stabilizing-binary-consensus.go:427: est[1][3]={0} aux[1][3]={}
INFO: 20:31:29.371368 self-stabilizing-binary-consensus.go:148: infoResults()={}
INFO: 20:31:29.371421 self-stabilizing-binary-consensus.go:90: round=1 repeat=2
INFO: 20:31:29.371439 self-stabilizing-binary-consensus.go:127: binValues(1,3)={0} w=0
INFO: 20:31:29.371451 self-stabilizing-binary-consensus.go:133: aux[1][0]=0
INFO: 20:31:29.373103 self-stabilizing-binary-consensus.go:142: binValues(1,2)={0} w=0
INFO: 20:31:29.373118 self-stabilizing-binary-consensus.go:143: SEND flag=1 r=1 est={0} aux={0}
INFO: 20:31:29.375766 self-stabilizing-binary-consensus.go:410: RECEIVE j=3 flag=1 r=1 est={0} aux={0}
INFO: 20:31:29.375784 self-stabilizing-binary-consensus.go:427: est[1][3]={0} aux[1][3]={0}
INFO: 20:31:29.380748 self-stabilizing-binary-consensus.go:434: SEND flag=0 r=1 est={0} aux={0}
INFO: 20:31:29.382822 self-stabilizing-binary-consensus.go:410: RECEIVE j=3 flag=0 r=1 est={0} aux={0}
INFO: 20:31:29.382864 self-stabilizing-binary-consensus.go:427: est[1][3]={0} aux[1][3]={0}
INFO: 20:31:29.384354 self-stabilizing-binary-consensus.go:410: RECEIVE j=2 flag=1 r=1 est={0} aux={0}
INFO: 20:31:29.384407 self-stabilizing-binary-consensus.go:427: est[1][2]={0} aux[1][2]={0}
INFO: 20:31:29.402669 self-stabilizing-binary-consensus.go:434: SEND flag=0 r=1 est={0} aux={0}
INFO: 20:31:29.402714 self-stabilizing-binary-consensus.go:410: RECEIVE j=1 flag=0 r=1 est={0} aux={}
INFO: 20:31:29.402725 self-stabilizing-binary-consensus.go:427: est[1][1]={0} aux[1][1]={}
INFO: 20:31:29.402732 self-stabilizing-binary-consensus.go:410: RECEIVE j=2 flag=0 r=1 est={0} aux={}
INFO: 20:31:29.402737 self-stabilizing-binary-consensus.go:427: est[1][2]={0} aux[1][2]={}
INFO: 20:31:29.402743 self-stabilizing-binary-consensus.go:410: RECEIVE j=1 flag=1 r=1 est={0} aux={0}
INFO: 20:31:29.402747 self-stabilizing-binary-consensus.go:427: est[1][1]={0} aux[1][1]={0}
INFO: 20:31:29.407861 self-stabilizing-binary-consensus.go:434: SEND flag=0 r=1 est={0} aux={0}
INFO: 20:31:29.408063 self-stabilizing-binary-consensus.go:410: RECEIVE j=3 flag=0 r=1 est={0} aux={0}
INFO: 20:31:29.408087 self-stabilizing-binary-consensus.go:427: est[1][3]={0} aux[1][3]={0}
INFO: 20:31:29.408107 self-stabilizing-binary-consensus.go:410: RECEIVE j=3 flag=0 r=1 est={0} aux={0}
INFO: 20:31:29.408124 self-stabilizing-binary-consensus.go:427: est[1][3]={0} aux[1][3]={0}
INFO: 20:31:29.410978 self-stabilizing-binary-consensus.go:410: RECEIVE j=1 flag=0 r=1 est={0} aux={0}
INFO: 20:31:29.411018 self-stabilizing-binary-consensus.go:427: est[1][1]={0} aux[1][1]={0}
INFO: 20:31:29.414810 self-stabilizing-binary-consensus.go:410: RECEIVE j=2 flag=0 r=1 est={0} aux={0}
INFO: 20:31:29.414924 self-stabilizing-binary-consensus.go:427: est[1][2]={0} aux[1][2]={0}
INFO: 20:31:29.416547 self-stabilizing-binary-consensus.go:410: RECEIVE j=2 flag=0 r=1 est={0} aux={0}
INFO: 20:31:29.417266 self-stabilizing-binary-consensus.go:427: est[1][2]={0} aux[1][2]={0}
INFO: 20:31:29.420018 self-stabilizing-binary-consensus.go:410: RECEIVE j=1 flag=0 r=1 est={0} aux={0}
INFO: 20:31:29.420089 self-stabilizing-binary-consensus.go:427: est[1][1]={0} aux[1][1]={0}
INFO: 20:31:34.374600 self-stabilizing-binary-consensus.go:148: infoResults()={0}
INFO: 20:31:34.374650 self-stabilizing-binary-consensus.go:255: randomBit(1)=0
INFO: 20:31:34.374661 self-stabilizing-binary-consensus.go:249: decision=0
INFO: 20:31:34.374679 self-stabilizing-binary-consensus.go:90: round=11 repeat=1
INFO: 20:31:34.374690 self-stabilizing-binary-consensus.go:127: binValues(11,3)={} w=-1
INFO: 20:31:34.376643 self-stabilizing-binary-consensus.go:142: binValues(11,2)={} w=-1
INFO: 20:31:34.376704 self-stabilizing-binary-consensus.go:143: SEND flag=1 r=11 est={0} aux={0}
INFO: 20:31:34.377039 self-stabilizing-binary-consensus.go:410: RECEIVE j=3 flag=1 r=11 est={0} aux={0}
INFO: 20:31:34.379282 self-stabilizing-binary-consensus.go:427: est[11][3]={0} aux[11][3]={0}
INFO: 20:31:34.381341 self-stabilizing-binary-consensus.go:434: SEND flag=0 r=11 est={0} aux={0}
INFO: 20:31:34.386336 self-stabilizing-binary-consensus.go:410: RECEIVE j=2 flag=0 r=11 est={0} aux={0}
INFO: 20:31:34.386400 self-stabilizing-binary-consensus.go:427: est[11][2]={0} aux[11][2]={0}
INFO: 20:31:34.386508 self-stabilizing-binary-consensus.go:410: RECEIVE j=3 flag=0 r=11 est={0} aux={0}
INFO: 20:31:34.386568 self-stabilizing-binary-consensus.go:427: est[11][3]={0} aux[11][3]={0}
INFO: 20:31:34.386874 self-stabilizing-binary-consensus.go:410: RECEIVE j=2 flag=1 r=11 est={0} aux={0}
INFO: 20:31:34.388009 self-stabilizing-binary-consensus.go:427: est[11][2]={0} aux[11][2]={0}
INFO: 20:31:34.393937 self-stabilizing-binary-consensus.go:434: SEND flag=0 r=11 est={0} aux={0}
INFO: 20:31:34.393988 self-stabilizing-binary-consensus.go:410: RECEIVE j=3 flag=0 r=11 est={0} aux={0}
INFO: 20:31:34.394008 self-stabilizing-binary-consensus.go:427: est[11][3]={0} aux[11][3]={0}
INFO: 20:31:34.394028 self-stabilizing-binary-consensus.go:410: RECEIVE j=2 flag=0 r=11 est={0} aux={0}
INFO: 20:31:34.394045 self-stabilizing-binary-consensus.go:427: est[11][2]={0} aux[11][2]={0}
INFO: 20:31:34.404330 self-stabilizing-binary-consensus.go:410: RECEIVE j=1 flag=1 r=11 est={0} aux={0}
INFO: 20:31:34.404609 self-stabilizing-binary-consensus.go:427: est[11][1]={0} aux[11][1]={0}
INFO: 20:31:34.409097 self-stabilizing-binary-consensus.go:434: SEND flag=0 r=11 est={0} aux={0}
INFO: 20:31:34.409180 self-stabilizing-binary-consensus.go:410: RECEIVE j=2 flag=0 r=11 est={0} aux={0}
INFO: 20:31:34.409210 self-stabilizing-binary-consensus.go:427: est[11][2]={0} aux[11][2]={0}
INFO: 20:31:34.409229 self-stabilizing-binary-consensus.go:410: RECEIVE j=1 flag=0 r=11 est={0} aux={0}
INFO: 20:31:34.409247 self-stabilizing-binary-consensus.go:427: est[11][1]={0} aux[11][1]={0}
INFO: 20:31:34.411647 self-stabilizing-binary-consensus.go:410: RECEIVE j=3 flag=0 r=11 est={0} aux={0}
INFO: 20:31:34.412386 self-stabilizing-binary-consensus.go:427: est[11][3]={0} aux[11][3]={0}
INFO: 20:31:34.413700 self-stabilizing-binary-consensus.go:410: RECEIVE j=1 flag=0 r=11 est={0} aux={0}
INFO: 20:31:34.413742 self-stabilizing-binary-consensus.go:427: est[11][1]={0} aux[11][1]={0}
INFO: 20:31:34.416175 self-stabilizing-binary-consensus.go:410: RECEIVE j=1 flag=0 r=11 est={0} aux={0}
INFO: 20:31:34.416239 self-stabilizing-binary-consensus.go:427: est[11][1]={0} aux[11][1]={0}
INFO: 20:31:39.377599 self-stabilizing-binary-consensus.go:148: infoResults()={0}
INFO: 20:31:39.377631 self-stabilizing-binary-consensus.go:255: randomBit(11)=0
INFO: 20:31:39.377638 self-stabilizing-binary-consensus.go:249: decision=0
INFO: 20:31:39.377651 self-stabilizing-binary-consensus.go:249: decision=0
INFO: 20:31:39.377659 self-stabilizing-binary-consensus.go:90: round=11 repeat=1
INFO: 20:31:39.377666 self-stabilizing-binary-consensus.go:127: binValues(11,3)={0} w=0
INFO: 20:31:39.379414 self-stabilizing-binary-consensus.go:142: binValues(11,2)={0} w=0
INFO: 20:31:39.379430 self-stabilizing-binary-consensus.go:143: SEND flag=1 r=11 est={0} aux={0}
INFO: 20:31:39.389741 self-stabilizing-binary-consensus.go:410: RECEIVE j=1 flag=0 r=11 est={0} aux={0}
INFO: 20:31:39.390056 self-stabilizing-binary-consensus.go:427: est[11][1]={0} aux[11][1]={0}
INFO: 20:31:39.389984 self-stabilizing-binary-consensus.go:410: RECEIVE j=3 flag=1 r=11 est={0} aux={0}
INFO: 20:31:39.390079 self-stabilizing-binary-consensus.go:427: est[11][3]={0} aux[11][3]={0}
INFO: 20:31:39.394451 self-stabilizing-binary-consensus.go:410: RECEIVE j=3 flag=0 r=11 est={0} aux={0}
INFO: 20:31:39.394562 self-stabilizing-binary-consensus.go:427: est[11][3]={0} aux[11][3]={0}
INFO: 20:31:39.395004 self-stabilizing-binary-consensus.go:410: RECEIVE j=2 flag=0 r=11 est={0} aux={0}
INFO: 20:31:39.395105 self-stabilizing-binary-consensus.go:427: est[11][2]={0} aux[11][2]={0}
INFO: 20:31:39.396347 self-stabilizing-binary-consensus.go:410: RECEIVE j=1 flag=0 r=11 est={0} aux={0}
INFO: 20:31:39.396864 self-stabilizing-binary-consensus.go:427: est[11][1]={0} aux[11][1]={0}
INFO: 20:31:39.407577 self-stabilizing-binary-consensus.go:410: RECEIVE j=2 flag=0 r=11 est={0} aux={0}
INFO: 20:31:39.407640 self-stabilizing-binary-consensus.go:427: est[11][2]={0} aux[11][2]={0}
INFO: 20:31:39.407659 self-stabilizing-binary-consensus.go:434: SEND flag=0 r=11 est={0} aux={0}
INFO: 20:31:39.409204 self-stabilizing-binary-consensus.go:410: RECEIVE j=2 flag=1 r=11 est={0} aux={0}
INFO: 20:31:39.409240 self-stabilizing-binary-consensus.go:427: est[11][2]={0} aux[11][2]={0}
INFO: 20:31:39.420296 self-stabilizing-binary-consensus.go:410: RECEIVE j=3 flag=0 r=11 est={0} aux={0}
INFO: 20:31:39.420331 self-stabilizing-binary-consensus.go:427: est[11][3]={0} aux[11][3]={0}
INFO: 20:31:39.421224 self-stabilizing-binary-consensus.go:410: RECEIVE j=1 flag=0 r=11 est={0} aux={0}
INFO: 20:31:39.421265 self-stabilizing-binary-consensus.go:427: est[11][1]={0} aux[11][1]={0}
INFO: 20:31:39.421802 self-stabilizing-binary-consensus.go:410: RECEIVE j=1 flag=1 r=11 est={0} aux={0}
INFO: 20:31:39.424079 self-stabilizing-binary-consensus.go:427: est[11][1]={0} aux[11][1]={0}
INFO: 20:31:39.428106 self-stabilizing-binary-consensus.go:434: SEND flag=0 r=11 est={0} aux={0}
INFO: 20:31:39.428598 self-stabilizing-binary-consensus.go:410: RECEIVE j=2 flag=0 r=11 est={0} aux={0}
INFO: 20:31:39.428618 self-stabilizing-binary-consensus.go:427: est[11][2]={0} aux[11][2]={0}
INFO: 20:31:39.431431 self-stabilizing-binary-consensus.go:410: RECEIVE j=3 flag=0 r=11 est={0} aux={0}
INFO: 20:31:39.431452 self-stabilizing-binary-consensus.go:427: est[11][3]={0} aux[11][3]={0}
INFO: 20:31:39.431776 self-stabilizing-binary-consensus.go:434: SEND flag=0 r=11 est={0} aux={0}
INFO: 20:31:44.380947 self-stabilizing-binary-consensus.go:148: infoResults()={0}
INFO: 20:31:44.380986 self-stabilizing-binary-consensus.go:255: randomBit(11)=0
INFO: 20:31:44.380992 self-stabilizing-binary-consensus.go:249: decision=0
INFO: 20:31:44.381004 self-stabilizing-binary-consensus.go:249: decision=0
INFO: 20:31:44.381012 self-stabilizing-binary-consensus.go:90: round=11 repeat=1
INFO: 20:31:44.381020 self-stabilizing-binary-consensus.go:127: binValues(11,3)={0} w=0
INFO: 20:31:44.383359 self-stabilizing-binary-consensus.go:142: binValues(11,2)={0} w=0
INFO: 20:31:44.383381 self-stabilizing-binary-consensus.go:143: SEND flag=1 r=11 est={0} aux={0}
INFO: 20:31:44.386683 self-stabilizing-binary-consensus.go:410: RECEIVE j=3 flag=1 r=11 est={0} aux={0}
INFO: 20:31:44.386742 self-stabilizing-binary-consensus.go:427: est[11][3]={0} aux[11][3]={0}
INFO: 20:31:44.390245 self-stabilizing-binary-consensus.go:434: SEND flag=0 r=11 est={0} aux={0}
INFO: 20:31:44.390775 self-stabilizing-binary-consensus.go:410: RECEIVE j=3 flag=0 r=11 est={0} aux={0}
INFO: 20:31:44.390841 self-stabilizing-binary-consensus.go:427: est[11][3]={0} aux[11][3]={0}
INFO: 20:31:44.395376 self-stabilizing-binary-consensus.go:410: RECEIVE j=1 flag=0 r=11 est={0} aux={0}
INFO: 20:31:44.395482 self-stabilizing-binary-consensus.go:427: est[11][1]={0} aux[11][1]={0}
INFO: 20:31:44.398561 self-stabilizing-binary-consensus.go:410: RECEIVE j=2 flag=0 r=11 est={0} aux={0}
INFO: 20:31:44.399384 self-stabilizing-binary-consensus.go:427: est[11][2]={0} aux[11][2]={0}
INFO: 20:31:44.404284 self-stabilizing-binary-consensus.go:410: RECEIVE j=2 flag=1 r=11 est={0} aux={0}
INFO: 20:31:44.404312 self-stabilizing-binary-consensus.go:427: est[11][2]={0} aux[11][2]={0}
INFO: 20:31:44.406056 self-stabilizing-binary-consensus.go:434: SEND flag=0 r=11 est={0} aux={0}
INFO: 20:31:44.407194 self-stabilizing-binary-consensus.go:410: RECEIVE j=1 flag=0 r=11 est={0} aux={0}
INFO: 20:31:44.407241 self-stabilizing-binary-consensus.go:427: est[11][1]={0} aux[11][1]={0}
INFO: 20:31:44.412118 self-stabilizing-binary-consensus.go:410: RECEIVE j=2 flag=0 r=11 est={0} aux={0}
INFO: 20:31:44.412221 self-stabilizing-binary-consensus.go:427: est[11][2]={0} aux[11][2]={0}
INFO: 20:31:44.414453 self-stabilizing-binary-consensus.go:410: RECEIVE j=3 flag=0 r=11 est={0} aux={0}
INFO: 20:31:44.416075 self-stabilizing-binary-consensus.go:427: est[11][3]={0} aux[11][3]={0}
INFO: 20:31:44.421230 self-stabilizing-binary-consensus.go:410: RECEIVE j=1 flag=0 r=11 est={0} aux={0}
INFO: 20:31:44.428396 self-stabilizing-binary-consensus.go:427: est[11][1]={0} aux[11][1]={0}
INFO: 20:31:44.430411 self-stabilizing-binary-consensus.go:410: RECEIVE j=1 flag=1 r=11 est={0} aux={0}
INFO: 20:31:44.430445 self-stabilizing-binary-consensus.go:427: est[11][1]={0} aux[11][1]={0}
INFO: 20:31:44.433425 self-stabilizing-binary-consensus.go:434: SEND flag=0 r=11 est={0} aux={0}
INFO: 20:31:44.434837 self-stabilizing-binary-consensus.go:410: RECEIVE j=3 flag=0 r=11 est={0} aux={0}
INFO: 20:31:44.434899 self-stabilizing-binary-consensus.go:427: est[11][3]={0} aux[11][3]={0}
INFO: 20:31:44.436582 self-stabilizing-binary-consensus.go:410: RECEIVE j=2 flag=0 r=11 est={0} aux={0}
INFO: 20:31:44.436626 self-stabilizing-binary-consensus.go:427: est[11][2]={0} aux[11][2]={0}
