INFO: 01:23:01.481717 main.go:29: ID:0 | N:4 | F:1 | Clients:1 | Scenario:NORMAL | Remote:false

INFO: 01:23:01.484267 messenger.go:90: Receive from Server 1 on tcp://*:4001
INFO: 01:23:01.489650 messenger.go:107: Send to Server 1 on tcp://localhost:4100
INFO: 01:23:01.489937 messenger.go:90: Receive from Server 2 on tcp://*:4002
INFO: 01:23:01.489996 messenger.go:107: Send to Server 2 on tcp://localhost:4200
INFO: 01:23:01.490454 messenger.go:90: Receive from Server 3 on tcp://*:4003
INFO: 01:23:01.490581 messenger.go:107: Send to Server 3 on tcp://localhost:4300
INFO: 01:23:01.490913 messenger.go:113: -----------------------------------------
INFO: 01:23:01.491028 messenger.go:135: Requests from Client 0 on tcp://*:7000
INFO: 01:23:01.491477 messenger.go:152: Response to Client 0 on tcp://*:10000
INFO: 01:23:01.491650 messenger.go:155: -----------------------------------------

INFO: 01:23:01.493982 main.go:83: Initial estimate value:  0
INFO: 01:23:01.494074 self-stabilizing-binary-consensus.go:76: Round:1
INFO: 01:23:01.494102 self-stabilizing-binary-consensus.go:116: binValues(1,3)={} w=-1
INFO: 01:23:01.494121 self-stabilizing-binary-consensus.go:127: binValues(1,2)={} w=-1
INFO: 01:23:01.501413 self-stabilizing-binary-consensus.go:131: SEND flag=1 r=1 est={0} aux={}
INFO: 01:23:01.504748 self-stabilizing-binary-consensus.go:116: binValues(1,3)={} w=-1
INFO: 01:23:01.504913 self-stabilizing-binary-consensus.go:127: binValues(1,2)={} w=-1
INFO: 01:23:01.513962 self-stabilizing-binary-consensus.go:407: RECEIVE j=3 flag=1 r=1 est={1} aux={}
INFO: 01:23:01.514409 self-stabilizing-binary-consensus.go:424: est[1][3]={1} aux[1][3]={}
INFO: 01:23:06.514186 self-stabilizing-binary-consensus.go:131: SEND flag=1 r=1 est={0} aux={}
