INFO: 16:44:32.186057 main.go:29: ID:0 | N:4 | F:1 | Clients:1 | Scenario:NORMAL | Remote:false

INFO: 16:44:32.186444 messenger.go:90: Receive from Server 1 on tcp://*:4001
INFO: 16:44:32.186613 messenger.go:107: Send to Server 1 on tcp://localhost:4100
INFO: 16:44:32.186661 messenger.go:90: Receive from Server 2 on tcp://*:4002
INFO: 16:44:32.186689 messenger.go:107: Send to Server 2 on tcp://localhost:4200
INFO: 16:44:32.186746 messenger.go:90: Receive from Server 3 on tcp://*:4003
INFO: 16:44:32.186777 messenger.go:107: Send to Server 3 on tcp://localhost:4300
INFO: 16:44:32.186814 messenger.go:113: -----------------------------------------
INFO: 16:44:32.186860 messenger.go:135: Requests from Client 0 on tcp://*:7000
INFO: 16:44:32.186910 messenger.go:152: Response to Client 0 on tcp://*:10000
INFO: 16:44:32.186933 messenger.go:155: -----------------------------------------

INFO: 16:44:32.187419 main.go:83: Initial estimate value:  0
INFO: 16:44:32.187472 self-stabilizing-binary-consensus.go:93: round=1 repeat=1
INFO: 16:44:32.187495 self-stabilizing-binary-consensus.go:200: binValues(1,3)={}
INFO: 16:44:32.187514 self-stabilizing-binary-consensus.go:200: binValues(1,2)={}
INFO: 16:44:32.189405 self-stabilizing-binary-consensus.go:141: SEND flag=1 r=1 est={0} aux={}
INFO: 16:44:32.199629 self-stabilizing-binary-consensus.go:433: RECEIVE j=2 flag=1 r=1 est={0} aux={}
INFO: 16:44:32.199706 self-stabilizing-binary-consensus.go:435: est[1][2]={0} aux[1][2]={}
INFO: 16:44:32.363778 self-stabilizing-binary-consensus.go:443: SEND flag=0 r=1 est={0} aux={}
INFO: 16:44:32.363807 self-stabilizing-binary-consensus.go:433: RECEIVE j=2 flag=0 r=1 est={0} aux={}
INFO: 16:44:32.363815 self-stabilizing-binary-consensus.go:435: est[1][2]={0} aux[1][2]={}
INFO: 16:44:32.363821 self-stabilizing-binary-consensus.go:433: RECEIVE j=3 flag=1 r=1 est={0} aux={}
INFO: 16:44:32.363825 self-stabilizing-binary-consensus.go:435: est[1][3]={0} aux[1][3]={}
INFO: 16:44:32.367919 self-stabilizing-binary-consensus.go:443: SEND flag=0 r=1 est={0} aux={}
INFO: 16:44:32.368208 self-stabilizing-binary-consensus.go:433: RECEIVE j=1 flag=1 r=1 est={0} aux={}
INFO: 16:44:32.368244 self-stabilizing-binary-consensus.go:435: est[1][1]={0} aux[1][1]={}
INFO: 16:44:32.370021 self-stabilizing-binary-consensus.go:443: SEND flag=0 r=1 est={0} aux={}
INFO: 16:44:32.370061 self-stabilizing-binary-consensus.go:433: RECEIVE j=3 flag=0 r=1 est={0} aux={}
INFO: 16:44:32.370081 self-stabilizing-binary-consensus.go:435: est[1][3]={0} aux[1][3]={}
INFO: 16:44:32.370100 self-stabilizing-binary-consensus.go:433: RECEIVE j=1 flag=0 r=1 est={0} aux={}
INFO: 16:44:32.370118 self-stabilizing-binary-consensus.go:435: est[1][1]={0} aux[1][1]={}
INFO: 16:44:32.370136 self-stabilizing-binary-consensus.go:433: RECEIVE j=1 flag=0 r=1 est={0} aux={}
INFO: 16:44:32.370154 self-stabilizing-binary-consensus.go:435: est[1][1]={0} aux[1][1]={}
INFO: 16:44:32.370172 self-stabilizing-binary-consensus.go:433: RECEIVE j=2 flag=0 r=1 est={0} aux={}
INFO: 16:44:32.370195 self-stabilizing-binary-consensus.go:435: est[1][2]={0} aux[1][2]={}
INFO: 16:44:32.370223 self-stabilizing-binary-consensus.go:433: RECEIVE j=1 flag=0 r=1 est={0} aux={}
INFO: 16:44:32.370248 self-stabilizing-binary-consensus.go:435: est[1][1]={0} aux[1][1]={}
INFO: 16:44:32.370267 self-stabilizing-binary-consensus.go:433: RECEIVE j=2 flag=0 r=1 est={0} aux={}
INFO: 16:44:32.370285 self-stabilizing-binary-consensus.go:435: est[1][2]={0} aux[1][2]={}
INFO: 16:44:32.370303 self-stabilizing-binary-consensus.go:433: RECEIVE j=3 flag=0 r=1 est={0} aux={}
INFO: 16:44:32.370321 self-stabilizing-binary-consensus.go:435: est[1][3]={0} aux[1][3]={}
INFO: 16:44:32.374335 self-stabilizing-binary-consensus.go:433: RECEIVE j=3 flag=0 r=1 est={0} aux={}
INFO: 16:44:32.374379 self-stabilizing-binary-consensus.go:435: est[1][3]={0} aux[1][3]={}
INFO: 16:44:33.190876 self-stabilizing-binary-consensus.go:200: binValues(1,3)={0}
INFO: 16:44:33.191038 self-stabilizing-binary-consensus.go:227: infoResults()={}
INFO: 16:44:33.191143 self-stabilizing-binary-consensus.go:93: round=1 repeat=2
INFO: 16:44:33.191222 self-stabilizing-binary-consensus.go:200: binValues(1,3)={0}
INFO: 16:44:33.191244 self-stabilizing-binary-consensus.go:132: aux[1][0]=0
INFO: 16:44:33.191266 self-stabilizing-binary-consensus.go:200: binValues(1,2)={0}
INFO: 16:44:33.198322 self-stabilizing-binary-consensus.go:141: SEND flag=1 r=1 est={0} aux={0}
INFO: 16:44:33.216193 self-stabilizing-binary-consensus.go:433: RECEIVE j=1 flag=0 r=1 est={0} aux={}
INFO: 16:44:33.220894 self-stabilizing-binary-consensus.go:435: est[1][1]={0} aux[1][1]={}
INFO: 16:44:33.222121 self-stabilizing-binary-consensus.go:433: RECEIVE j=2 flag=1 r=1 est={0} aux={0}
INFO: 16:44:33.222176 self-stabilizing-binary-consensus.go:435: est[1][2]={0} aux[1][2]={0}
INFO: 16:44:33.228733 self-stabilizing-binary-consensus.go:443: SEND flag=0 r=1 est={0} aux={0}
INFO: 16:44:33.229497 self-stabilizing-binary-consensus.go:433: RECEIVE j=1 flag=1 r=1 est={0} aux={0}
INFO: 16:44:33.229538 self-stabilizing-binary-consensus.go:435: est[1][1]={0} aux[1][1]={0}
INFO: 16:44:33.244366 self-stabilizing-binary-consensus.go:443: SEND flag=0 r=1 est={0} aux={0}
INFO: 16:44:33.244448 self-stabilizing-binary-consensus.go:433: RECEIVE j=2 flag=0 r=1 est={0} aux={0}
INFO: 16:44:33.244489 self-stabilizing-binary-consensus.go:435: est[1][2]={0} aux[1][2]={0}
INFO: 16:44:33.244577 self-stabilizing-binary-consensus.go:433: RECEIVE j=3 flag=1 r=1 est={0} aux={0}
INFO: 16:44:33.244616 self-stabilizing-binary-consensus.go:435: est[1][3]={0} aux[1][3]={0}
INFO: 16:44:33.249492 self-stabilizing-binary-consensus.go:443: SEND flag=0 r=1 est={0} aux={0}
INFO: 16:44:33.250376 self-stabilizing-binary-consensus.go:433: RECEIVE j=2 flag=0 r=1 est={0} aux={0}
INFO: 16:44:33.250385 self-stabilizing-binary-consensus.go:435: est[1][2]={0} aux[1][2]={0}
INFO: 16:44:33.250391 self-stabilizing-binary-consensus.go:433: RECEIVE j=1 flag=0 r=1 est={0} aux={0}
INFO: 16:44:33.250395 self-stabilizing-binary-consensus.go:435: est[1][1]={0} aux[1][1]={0}
INFO: 16:44:33.250476 self-stabilizing-binary-consensus.go:433: RECEIVE j=1 flag=0 r=1 est={0} aux={0}
INFO: 16:44:33.250486 self-stabilizing-binary-consensus.go:435: est[1][1]={0} aux[1][1]={0}
INFO: 16:44:33.250491 self-stabilizing-binary-consensus.go:433: RECEIVE j=3 flag=0 r=1 est={0} aux={0}
INFO: 16:44:33.250495 self-stabilizing-binary-consensus.go:435: est[1][3]={0} aux[1][3]={0}
INFO: 16:44:33.250535 self-stabilizing-binary-consensus.go:433: RECEIVE j=3 flag=0 r=1 est={0} aux={0}
INFO: 16:44:33.250543 self-stabilizing-binary-consensus.go:435: est[1][3]={0} aux[1][3]={0}
INFO: 16:44:33.250549 self-stabilizing-binary-consensus.go:433: RECEIVE j=2 flag=0 r=1 est={0} aux={0}
INFO: 16:44:33.250553 self-stabilizing-binary-consensus.go:435: est[1][2]={0} aux[1][2]={0}
INFO: 16:44:33.252576 self-stabilizing-binary-consensus.go:433: RECEIVE j=3 flag=0 r=1 est={0} aux={0}
INFO: 16:44:33.252637 self-stabilizing-binary-consensus.go:435: est[1][3]={0} aux[1][3]={0}
INFO: 16:44:34.200253 self-stabilizing-binary-consensus.go:200: binValues(1,3)={0}
INFO: 16:44:34.204358 self-stabilizing-binary-consensus.go:227: infoResults()={0}
INFO: 16:44:34.204417 self-stabilizing-binary-consensus.go:200: binValues(1,3)={0}
INFO: 16:44:34.204435 self-stabilizing-binary-consensus.go:227: infoResults()={0}
INFO: 16:44:34.204450 self-stabilizing-binary-consensus.go:258: randomBit(1)=0
INFO: 16:44:34.204556 self-stabilizing-binary-consensus.go:251: decision=0
INFO: 16:44:34.204633 self-stabilizing-binary-consensus.go:200: binValues(11,2)={}
INFO: 16:44:34.204688 self-stabilizing-binary-consensus.go:93: round=11 repeat=1
INFO: 16:44:34.204828 self-stabilizing-binary-consensus.go:200: binValues(11,3)={}
INFO: 16:44:34.204907 self-stabilizing-binary-consensus.go:200: binValues(11,2)={}
INFO: 16:44:34.211518 self-stabilizing-binary-consensus.go:141: SEND flag=1 r=11 est={0} aux={0}
INFO: 16:44:34.226172 self-stabilizing-binary-consensus.go:433: RECEIVE j=2 flag=1 r=11 est={0} aux={0}
INFO: 16:44:34.226201 self-stabilizing-binary-consensus.go:435: est[11][2]={0} aux[11][2]={0}
INFO: 16:44:34.245626 self-stabilizing-binary-consensus.go:443: SEND flag=0 r=11 est={0} aux={0}
INFO: 16:44:34.245659 self-stabilizing-binary-consensus.go:433: RECEIVE j=1 flag=1 r=11 est={0} aux={0}
INFO: 16:44:34.245668 self-stabilizing-binary-consensus.go:435: est[11][1]={0} aux[11][1]={0}
INFO: 16:44:34.253536 self-stabilizing-binary-consensus.go:443: SEND flag=0 r=11 est={0} aux={0}
INFO: 16:44:34.253689 self-stabilizing-binary-consensus.go:433: RECEIVE j=2 flag=0 r=11 est={0} aux={0}
INFO: 16:44:34.253719 self-stabilizing-binary-consensus.go:435: est[11][2]={0} aux[11][2]={0}
INFO: 16:44:34.253733 self-stabilizing-binary-consensus.go:433: RECEIVE j=3 flag=1 r=11 est={0} aux={0}
INFO: 16:44:34.253742 self-stabilizing-binary-consensus.go:435: est[11][3]={0} aux[11][3]={0}
INFO: 16:44:34.258218 self-stabilizing-binary-consensus.go:443: SEND flag=0 r=11 est={0} aux={0}
INFO: 16:44:34.258275 self-stabilizing-binary-consensus.go:433: RECEIVE j=2 flag=0 r=11 est={0} aux={0}
INFO: 16:44:34.258303 self-stabilizing-binary-consensus.go:435: est[11][2]={0} aux[11][2]={0}
INFO: 16:44:34.258329 self-stabilizing-binary-consensus.go:433: RECEIVE j=1 flag=0 r=11 est={0} aux={0}
INFO: 16:44:34.258353 self-stabilizing-binary-consensus.go:435: est[11][1]={0} aux[11][1]={0}
INFO: 16:44:34.258378 self-stabilizing-binary-consensus.go:433: RECEIVE j=3 flag=0 r=11 est={0} aux={0}
INFO: 16:44:34.258405 self-stabilizing-binary-consensus.go:435: est[11][3]={0} aux[11][3]={0}
INFO: 16:44:34.258429 self-stabilizing-binary-consensus.go:433: RECEIVE j=1 flag=0 r=11 est={0} aux={0}
INFO: 16:44:34.258452 self-stabilizing-binary-consensus.go:435: est[11][1]={0} aux[11][1]={0}
INFO: 16:44:34.258476 self-stabilizing-binary-consensus.go:433: RECEIVE j=1 flag=0 r=11 est={0} aux={0}
INFO: 16:44:34.258499 self-stabilizing-binary-consensus.go:435: est[11][1]={0} aux[11][1]={0}
INFO: 16:44:34.258524 self-stabilizing-binary-consensus.go:433: RECEIVE j=2 flag=0 r=11 est={0} aux={0}
INFO: 16:44:34.258546 self-stabilizing-binary-consensus.go:435: est[11][2]={0} aux[11][2]={0}
INFO: 16:44:34.259530 self-stabilizing-binary-consensus.go:433: RECEIVE j=3 flag=0 r=11 est={0} aux={0}
INFO: 16:44:34.259563 self-stabilizing-binary-consensus.go:435: est[11][3]={0} aux[11][3]={0}
INFO: 16:44:34.262250 self-stabilizing-binary-consensus.go:433: RECEIVE j=3 flag=0 r=11 est={0} aux={0}
INFO: 16:44:34.262410 self-stabilizing-binary-consensus.go:435: est[11][3]={0} aux[11][3]={0}
INFO: 16:44:35.190495 self-stabilizing-multivalued-consensus.go:20: Successful decide
