INFO: 00:38:55.828703 main.go:29: ID:0 | N:10 | F:3 | Clients:1 | Scenario:NORMAL | Remote:false

INFO: 00:38:55.837863 messenger.go:90: Receive from Server 1 on tcp://*:4001
INFO: 00:38:55.837968 messenger.go:107: Send to Server 1 on tcp://localhost:4100
INFO: 00:38:55.838008 messenger.go:90: Receive from Server 2 on tcp://*:4002
INFO: 00:38:55.838030 messenger.go:107: Send to Server 2 on tcp://localhost:4200
INFO: 00:38:55.838053 messenger.go:90: Receive from Server 3 on tcp://*:4003
INFO: 00:38:55.838074 messenger.go:107: Send to Server 3 on tcp://localhost:4300
INFO: 00:38:55.838096 messenger.go:90: Receive from Server 4 on tcp://*:4004
INFO: 00:38:55.838116 messenger.go:107: Send to Server 4 on tcp://localhost:4400
INFO: 00:38:55.838149 messenger.go:90: Receive from Server 5 on tcp://*:4005
INFO: 00:38:55.838173 messenger.go:107: Send to Server 5 on tcp://localhost:4500
INFO: 00:38:55.838197 messenger.go:90: Receive from Server 6 on tcp://*:4006
INFO: 00:38:55.838219 messenger.go:107: Send to Server 6 on tcp://localhost:4600
INFO: 00:38:55.838286 messenger.go:90: Receive from Server 7 on tcp://*:4007
INFO: 00:38:55.838313 messenger.go:107: Send to Server 7 on tcp://localhost:4700
INFO: 00:38:55.838336 messenger.go:90: Receive from Server 8 on tcp://*:4008
INFO: 00:38:55.838362 messenger.go:107: Send to Server 8 on tcp://localhost:4800
INFO: 00:38:55.838386 messenger.go:90: Receive from Server 9 on tcp://*:4009
INFO: 00:38:55.838407 messenger.go:107: Send to Server 9 on tcp://localhost:4900
INFO: 00:38:55.838418 messenger.go:113: -----------------------------------------
INFO: 00:38:55.838441 messenger.go:135: Requests from Client 0 on tcp://*:7000
INFO: 00:38:55.838464 messenger.go:152: Response to Client 0 on tcp://*:10000
INFO: 00:38:55.838470 messenger.go:155: -----------------------------------------

INFO: 00:38:55.937395 main.go:83: Initial estimate value:  0
INFO: 00:38:56.245985 messenger.go:346: RECEIVED EST from 4
INFO: 00:38:56.299278 messenger.go:270: SENT EST to 1
INFO: 00:38:56.314673 messenger.go:270: SENT EST to 9
INFO: 00:38:56.315558 messenger.go:270: SENT EST to 3
INFO: 00:38:56.524613 messenger.go:346: RECEIVED EST from 5
INFO: 00:38:56.562658 messenger.go:346: RECEIVED EST from 6
INFO: 00:38:56.579486 messenger.go:346: RECEIVED EST from 7
INFO: 00:38:56.793691 messenger.go:346: RECEIVED EST from 9
INFO: 00:38:56.813143 messenger.go:346: RECEIVED EST from 1
INFO: 00:38:56.813310 messenger.go:346: RECEIVED EST from 3
INFO: 00:38:56.814281 messenger.go:270: SENT EST to 4
INFO: 00:38:56.820473 messenger.go:270: SENT EST to 2
INFO: 00:38:56.823128 messenger.go:346: RECEIVED EST from 8
INFO: 00:38:56.823184 messenger.go:270: SENT EST to 5
INFO: 00:38:56.824627 messenger.go:346: RECEIVED EST from 2
INFO: 00:38:56.824738 messenger.go:270: SENT EST to 8
INFO: 00:38:56.824747 messenger.go:270: SENT EST to 7
INFO: 00:38:56.825657 messenger.go:270: SENT EST to 6
