INFO: 01:41:03.088508 main.go:29: ID:0 | N:10 | F:3 | Clients:1 | Scenario:NORMAL | Remote:false

INFO: 01:41:03.092155 messenger.go:90: Receive from Server 1 on tcp://*:4001
INFO: 01:41:03.093584 messenger.go:107: Send to Server 1 on tcp://localhost:4100
INFO: 01:41:03.095287 messenger.go:90: Receive from Server 2 on tcp://*:4002
INFO: 01:41:03.095380 messenger.go:107: Send to Server 2 on tcp://localhost:4200
INFO: 01:41:03.095428 messenger.go:90: Receive from Server 3 on tcp://*:4003
INFO: 01:41:03.095474 messenger.go:107: Send to Server 3 on tcp://localhost:4300
INFO: 01:41:03.095516 messenger.go:90: Receive from Server 4 on tcp://*:4004
INFO: 01:41:03.095556 messenger.go:107: Send to Server 4 on tcp://localhost:4400
INFO: 01:41:03.095602 messenger.go:90: Receive from Server 5 on tcp://*:4005
INFO: 01:41:03.095645 messenger.go:107: Send to Server 5 on tcp://localhost:4500
INFO: 01:41:03.095720 messenger.go:90: Receive from Server 6 on tcp://*:4006
INFO: 01:41:03.095767 messenger.go:107: Send to Server 6 on tcp://localhost:4600
INFO: 01:41:03.095811 messenger.go:90: Receive from Server 7 on tcp://*:4007
INFO: 01:41:03.095851 messenger.go:107: Send to Server 7 on tcp://localhost:4700
INFO: 01:41:03.096028 messenger.go:90: Receive from Server 8 on tcp://*:4008
INFO: 01:41:03.096484 messenger.go:107: Send to Server 8 on tcp://localhost:4800
INFO: 01:41:03.096537 messenger.go:90: Receive from Server 9 on tcp://*:4009
INFO: 01:41:03.096585 messenger.go:107: Send to Server 9 on tcp://localhost:4900
INFO: 01:41:03.096641 messenger.go:113: -----------------------------------------
INFO: 01:41:03.096779 messenger.go:135: Requests from Client 0 on tcp://*:7000
INFO: 01:41:03.096954 messenger.go:152: Response to Client 0 on tcp://*:10000
INFO: 01:41:03.097014 messenger.go:155: -----------------------------------------

INFO: 01:41:03.131102 main.go:83: Initial estimate value:  0
