INFO: 01:23:30.820261 main.go:29: ID:0 | N:4 | F:1 | Clients:1 | Scenario:NORMAL | Remote:false

INFO: 01:23:30.820672 messenger.go:90: Receive from Server 1 on tcp://*:4001
INFO: 01:23:30.820841 messenger.go:107: Send to Server 1 on tcp://localhost:4100
INFO: 01:23:30.820888 messenger.go:90: Receive from Server 2 on tcp://*:4002
INFO: 01:23:30.820912 messenger.go:107: Send to Server 2 on tcp://localhost:4200
INFO: 01:23:30.820945 messenger.go:90: Receive from Server 3 on tcp://*:4003
INFO: 01:23:30.820968 messenger.go:107: Send to Server 3 on tcp://localhost:4300
INFO: 01:23:30.820973 messenger.go:113: -----------------------------------------
INFO: 01:23:30.820996 messenger.go:135: Requests from Client 0 on tcp://*:7000
INFO: 01:23:30.821063 messenger.go:152: Response to Client 0 on tcp://*:10000
INFO: 01:23:30.821089 messenger.go:155: -----------------------------------------

INFO: 01:23:30.828409 main.go:83: Initial estimate value:  0
INFO: 01:23:30.828459 self-stabilizing-binary-consensus.go:77: Round:1
INFO: 01:23:30.828482 self-stabilizing-binary-consensus.go:117: binValues(1,3)={} w=-1
INFO: 01:23:30.828501 self-stabilizing-binary-consensus.go:128: binValues(1,2)={} w=-1
INFO: 01:23:30.832662 self-stabilizing-binary-consensus.go:132: SEND flag=1 r=1 est={0} aux={}
INFO: 01:23:30.837669 self-stabilizing-binary-consensus.go:408: RECEIVE j=3 flag=1 r=1 est={1} aux={}
INFO: 01:23:30.837761 self-stabilizing-binary-consensus.go:425: est[1][3]={1} aux[1][3]={}
INFO: 01:23:30.995768 self-stabilizing-binary-consensus.go:432: SEND flag=0 r=1 est={0} aux={}
INFO: 01:23:30.995808 self-stabilizing-binary-consensus.go:408: RECEIVE j=2 flag=1 r=1 est={1} aux={}
INFO: 01:23:30.995817 self-stabilizing-binary-consensus.go:425: est[1][2]={1} aux[1][2]={}
INFO: 01:23:30.998304 self-stabilizing-binary-consensus.go:432: SEND flag=0 r=1 est={0} aux={}
INFO: 01:23:30.998340 self-stabilizing-binary-consensus.go:408: RECEIVE j=3 flag=0 r=1 est={1} aux={}
INFO: 01:23:30.998360 self-stabilizing-binary-consensus.go:425: est[1][3]={1} aux[1][3]={}
INFO: 01:23:30.998367 self-stabilizing-binary-consensus.go:408: RECEIVE j=1 flag=1 r=1 est={0} aux={}
INFO: 01:23:30.998372 self-stabilizing-binary-consensus.go:425: est[1][1]={0} aux[1][1]={}
INFO: 01:23:31.004374 self-stabilizing-binary-consensus.go:432: SEND flag=0 r=1 est={0} aux={}
INFO: 01:23:31.004419 self-stabilizing-binary-consensus.go:408: RECEIVE j=1 flag=0 r=1 est={0} aux={}
INFO: 01:23:31.004427 self-stabilizing-binary-consensus.go:425: est[1][1]={0} aux[1][1]={}
INFO: 01:23:31.004433 self-stabilizing-binary-consensus.go:408: RECEIVE j=2 flag=0 r=1 est={1} aux={}
INFO: 01:23:31.004437 self-stabilizing-binary-consensus.go:425: est[1][2]={1} aux[1][2]={}
INFO: 01:23:31.004443 self-stabilizing-binary-consensus.go:408: RECEIVE j=2 flag=0 r=1 est={1} aux={}
INFO: 01:23:31.004447 self-stabilizing-binary-consensus.go:425: est[1][2]={1} aux[1][2]={}
INFO: 01:23:31.004452 self-stabilizing-binary-consensus.go:408: RECEIVE j=2 flag=0 r=1 est={1} aux={}
INFO: 01:23:31.004460 self-stabilizing-binary-consensus.go:425: est[1][2]={1} aux[1][2]={}
INFO: 01:23:31.004466 self-stabilizing-binary-consensus.go:408: RECEIVE j=1 flag=0 r=1 est={0} aux={}
INFO: 01:23:31.004470 self-stabilizing-binary-consensus.go:425: est[1][1]={0} aux[1][1]={}
INFO: 01:23:31.004481 self-stabilizing-binary-consensus.go:408: RECEIVE j=3 flag=0 r=1 est={1} aux={}
INFO: 01:23:31.004485 self-stabilizing-binary-consensus.go:425: est[1][3]={1} aux[1][3]={}
INFO: 01:23:31.004490 self-stabilizing-binary-consensus.go:408: RECEIVE j=1 flag=0 r=1 est={0} aux={}
INFO: 01:23:31.004495 self-stabilizing-binary-consensus.go:425: est[1][1]={0} aux[1][1]={}
INFO: 01:23:31.004500 self-stabilizing-binary-consensus.go:408: RECEIVE j=3 flag=0 r=1 est={1} aux={}
INFO: 01:23:31.004504 self-stabilizing-binary-consensus.go:425: est[1][3]={1} aux[1][3]={}
INFO: 01:23:38.837098 self-stabilizing-binary-consensus.go:117: binValues(1,3)={} w=-1
INFO: 01:23:38.837309 self-stabilizing-binary-consensus.go:128: binValues(1,2)={} w=-1
INFO: 01:23:38.847571 self-stabilizing-binary-consensus.go:132: SEND flag=1 r=1 est={0 1} aux={}
INFO: 01:23:38.864142 self-stabilizing-binary-consensus.go:408: RECEIVE j=2 flag=1 r=1 est={0 1} aux={}
INFO: 01:23:38.864317 self-stabilizing-binary-consensus.go:425: est[1][2]={0 1} aux[1][2]={}
INFO: 01:23:38.871289 self-stabilizing-binary-consensus.go:432: SEND flag=0 r=1 est={0} aux={}
INFO: 01:23:38.873763 self-stabilizing-binary-consensus.go:408: RECEIVE j=2 flag=0 r=1 est={1} aux={}
INFO: 01:23:38.873816 self-stabilizing-binary-consensus.go:425: est[1][2]={0 1} aux[1][2]={}
INFO: 01:23:38.875366 self-stabilizing-binary-consensus.go:408: RECEIVE j=1 flag=0 r=1 est={0} aux={}
INFO: 01:23:38.875401 self-stabilizing-binary-consensus.go:425: est[1][1]={0} aux[1][1]={}
INFO: 01:23:38.875926 self-stabilizing-binary-consensus.go:408: RECEIVE j=3 flag=0 r=1 est={1} aux={}
INFO: 01:23:38.875986 self-stabilizing-binary-consensus.go:425: est[1][3]={1} aux[1][3]={}
INFO: 01:23:38.877269 self-stabilizing-binary-consensus.go:408: RECEIVE j=3 flag=0 r=1 est={1} aux={}
INFO: 01:23:38.877331 self-stabilizing-binary-consensus.go:425: est[1][3]={1} aux[1][3]={}
INFO: 01:23:38.878408 self-stabilizing-binary-consensus.go:408: RECEIVE j=1 flag=0 r=1 est={0} aux={}
INFO: 01:23:38.878450 self-stabilizing-binary-consensus.go:425: est[1][1]={0} aux[1][1]={}
INFO: 01:23:38.879146 self-stabilizing-binary-consensus.go:408: RECEIVE j=3 flag=1 r=1 est={0 1} aux={}
INFO: 01:23:38.879185 self-stabilizing-binary-consensus.go:425: est[1][3]={0 1} aux[1][3]={}
INFO: 01:23:38.880775 self-stabilizing-binary-consensus.go:432: SEND flag=0 r=1 est={0} aux={}
INFO: 01:23:38.881635 self-stabilizing-binary-consensus.go:408: RECEIVE j=2 flag=0 r=1 est={1} aux={}
INFO: 01:23:38.882147 self-stabilizing-binary-consensus.go:425: est[1][2]={0 1} aux[1][2]={}
INFO: 01:23:38.882392 self-stabilizing-binary-consensus.go:408: RECEIVE j=3 flag=0 r=1 est={1} aux={}
INFO: 01:23:38.882426 self-stabilizing-binary-consensus.go:425: est[1][3]={0 1} aux[1][3]={}
INFO: 01:23:38.882562 self-stabilizing-binary-consensus.go:408: RECEIVE j=1 flag=1 r=1 est={0 1} aux={}
INFO: 01:23:38.882610 self-stabilizing-binary-consensus.go:425: est[1][1]={0 1} aux[1][1]={}
INFO: 01:23:38.885493 self-stabilizing-binary-consensus.go:432: SEND flag=0 r=1 est={0} aux={}
INFO: 01:23:38.887089 self-stabilizing-binary-consensus.go:408: RECEIVE j=2 flag=0 r=1 est={1} aux={}
INFO: 01:23:38.887227 self-stabilizing-binary-consensus.go:425: est[1][2]={0 1} aux[1][2]={}
INFO: 01:23:38.889186 self-stabilizing-binary-consensus.go:408: RECEIVE j=1 flag=0 r=1 est={0} aux={}
INFO: 01:23:38.889269 self-stabilizing-binary-consensus.go:425: est[1][1]={0 1} aux[1][1]={}
