INFO: 01:22:48.284105 main.go:29: ID:0 | N:4 | F:1 | Clients:1 | Scenario:NORMAL | Remote:false

INFO: 01:22:48.284560 messenger.go:90: Receive from Server 1 on tcp://*:4001
INFO: 01:22:48.284732 messenger.go:107: Send to Server 1 on tcp://localhost:4100
INFO: 01:22:48.284845 messenger.go:90: Receive from Server 2 on tcp://*:4002
INFO: 01:22:48.284920 messenger.go:107: Send to Server 2 on tcp://localhost:4200
INFO: 01:22:48.284972 messenger.go:90: Receive from Server 3 on tcp://*:4003
INFO: 01:22:48.285015 messenger.go:107: Send to Server 3 on tcp://localhost:4300
INFO: 01:22:48.285041 messenger.go:113: -----------------------------------------
INFO: 01:22:48.285084 messenger.go:135: Requests from Client 0 on tcp://*:7000
INFO: 01:22:48.285133 messenger.go:152: Response to Client 0 on tcp://*:10000
INFO: 01:22:48.285157 messenger.go:155: -----------------------------------------

INFO: 01:22:48.286597 main.go:83: Initial estimate value:  0
INFO: 01:22:48.286677 self-stabilizing-binary-consensus.go:93: round=1 repeat=1
INFO: 01:22:48.286699 self-stabilizing-binary-consensus.go:200: binValues(1,3)={}
INFO: 01:22:48.286716 self-stabilizing-binary-consensus.go:200: binValues(1,2)={}
INFO: 01:22:48.288594 self-stabilizing-binary-consensus.go:141: SEND flag=1 r=1 est={0} aux={}
INFO: 01:22:48.301391 self-stabilizing-binary-consensus.go:431: RECEIVE j=2 flag=1 r=1 est={0} aux={}
INFO: 01:22:48.301475 self-stabilizing-binary-consensus.go:433: est[1][2]={0} aux[1][2]={}
INFO: 01:22:48.460202 self-stabilizing-binary-consensus.go:441: SEND flag=0 r=1 est={0} aux={}
INFO: 01:22:48.460403 self-stabilizing-binary-consensus.go:431: RECEIVE j=1 flag=1 r=1 est={1} aux={}
INFO: 01:22:48.460723 self-stabilizing-binary-consensus.go:433: est[1][1]={1} aux[1][1]={}
INFO: 01:22:48.474970 self-stabilizing-binary-consensus.go:441: SEND flag=0 r=1 est={0} aux={}
INFO: 01:22:48.475256 self-stabilizing-binary-consensus.go:431: RECEIVE j=3 flag=1 r=1 est={1} aux={}
INFO: 01:22:48.475321 self-stabilizing-binary-consensus.go:433: est[1][3]={1} aux[1][3]={}
INFO: 01:22:48.484041 self-stabilizing-binary-consensus.go:441: SEND flag=0 r=1 est={0} aux={}
INFO: 01:22:48.484106 self-stabilizing-binary-consensus.go:431: RECEIVE j=1 flag=0 r=1 est={1} aux={}
INFO: 01:22:48.484139 self-stabilizing-binary-consensus.go:433: est[1][1]={1} aux[1][1]={}
INFO: 01:22:48.484171 self-stabilizing-binary-consensus.go:431: RECEIVE j=2 flag=0 r=1 est={0} aux={}
INFO: 01:22:48.484202 self-stabilizing-binary-consensus.go:433: est[1][2]={0} aux[1][2]={}
INFO: 01:22:48.484234 self-stabilizing-binary-consensus.go:431: RECEIVE j=3 flag=0 r=1 est={1} aux={}
INFO: 01:22:48.484272 self-stabilizing-binary-consensus.go:433: est[1][3]={1} aux[1][3]={}
INFO: 01:22:48.484309 self-stabilizing-binary-consensus.go:431: RECEIVE j=1 flag=0 r=1 est={1} aux={}
INFO: 01:22:48.484340 self-stabilizing-binary-consensus.go:433: est[1][1]={1} aux[1][1]={}
INFO: 01:22:48.484936 self-stabilizing-binary-consensus.go:431: RECEIVE j=3 flag=0 r=1 est={1} aux={}
INFO: 01:22:48.485014 self-stabilizing-binary-consensus.go:433: est[1][3]={1} aux[1][3]={}
INFO: 01:22:48.485454 self-stabilizing-binary-consensus.go:431: RECEIVE j=2 flag=0 r=1 est={0} aux={}
INFO: 01:22:48.485491 self-stabilizing-binary-consensus.go:433: est[1][2]={0} aux[1][2]={}
INFO: 01:22:48.485518 self-stabilizing-binary-consensus.go:431: RECEIVE j=1 flag=0 r=1 est={1} aux={}
INFO: 01:22:48.485544 self-stabilizing-binary-consensus.go:433: est[1][1]={1} aux[1][1]={}
INFO: 01:22:48.485570 self-stabilizing-binary-consensus.go:431: RECEIVE j=3 flag=0 r=1 est={1} aux={}
INFO: 01:22:48.485596 self-stabilizing-binary-consensus.go:433: est[1][3]={1} aux[1][3]={}
INFO: 01:22:48.485622 self-stabilizing-binary-consensus.go:431: RECEIVE j=2 flag=0 r=1 est={0} aux={}
INFO: 01:22:48.485648 self-stabilizing-binary-consensus.go:433: est[1][2]={0} aux[1][2]={}
INFO: 01:22:49.290252 self-stabilizing-binary-consensus.go:200: binValues(1,3)={}
INFO: 01:22:49.290343 self-stabilizing-binary-consensus.go:225: infoResults()={}
INFO: 01:22:49.290368 self-stabilizing-binary-consensus.go:93: round=1 repeat=2
INFO: 01:22:49.290422 self-stabilizing-binary-consensus.go:200: binValues(1,3)={}
INFO: 01:22:49.290442 self-stabilizing-binary-consensus.go:200: binValues(1,2)={1}
INFO: 01:22:49.295995 self-stabilizing-binary-consensus.go:141: SEND flag=1 r=1 est={0 1} aux={}
INFO: 01:22:49.298840 self-stabilizing-binary-consensus.go:431: RECEIVE j=1 flag=0 r=1 est={1} aux={}
INFO: 01:22:49.298853 self-stabilizing-binary-consensus.go:433: est[1][1]={1} aux[1][1]={}
INFO: 01:22:49.300126 self-stabilizing-binary-consensus.go:431: RECEIVE j=3 flag=0 r=1 est={1} aux={}
INFO: 01:22:49.300163 self-stabilizing-binary-consensus.go:433: est[1][3]={1} aux[1][3]={}
INFO: 01:22:49.301192 self-stabilizing-binary-consensus.go:431: RECEIVE j=2 flag=1 r=1 est={0 1} aux={}
INFO: 01:22:49.301204 self-stabilizing-binary-consensus.go:433: est[1][2]={0 1} aux[1][2]={}
INFO: 01:22:49.302904 self-stabilizing-binary-consensus.go:441: SEND flag=0 r=1 est={0} aux={}
INFO: 01:22:49.303917 self-stabilizing-binary-consensus.go:431: RECEIVE j=3 flag=0 r=1 est={1} aux={}
INFO: 01:22:49.303929 self-stabilizing-binary-consensus.go:433: est[1][3]={1} aux[1][3]={}
INFO: 01:22:49.305332 self-stabilizing-binary-consensus.go:431: RECEIVE j=2 flag=0 r=1 est={0} aux={}
INFO: 01:22:49.305356 self-stabilizing-binary-consensus.go:433: est[1][2]={0 1} aux[1][2]={}
INFO: 01:22:49.308190 self-stabilizing-binary-consensus.go:431: RECEIVE j=1 flag=0 r=1 est={1} aux={}
INFO: 01:22:49.308692 self-stabilizing-binary-consensus.go:433: est[1][1]={1} aux[1][1]={}
INFO: 01:22:49.309818 self-stabilizing-binary-consensus.go:431: RECEIVE j=1 flag=1 r=1 est={0 1} aux={}
INFO: 01:22:49.309887 self-stabilizing-binary-consensus.go:433: est[1][1]={0 1} aux[1][1]={}
INFO: 01:22:49.312100 self-stabilizing-binary-consensus.go:441: SEND flag=0 r=1 est={0} aux={}
INFO: 01:22:49.313654 self-stabilizing-binary-consensus.go:431: RECEIVE j=2 flag=0 r=1 est={0} aux={}
INFO: 01:22:49.313678 self-stabilizing-binary-consensus.go:433: est[1][2]={0 1} aux[1][2]={}
INFO: 01:22:49.313697 self-stabilizing-binary-consensus.go:431: RECEIVE j=3 flag=1 r=1 est={0 1} aux={1}
INFO: 01:22:49.313705 self-stabilizing-binary-consensus.go:433: est[1][3]={0 1} aux[1][3]={1}
INFO: 01:22:49.315634 self-stabilizing-binary-consensus.go:441: SEND flag=0 r=1 est={0} aux={}
INFO: 01:22:49.317223 self-stabilizing-binary-consensus.go:431: RECEIVE j=1 flag=0 r=1 est={1} aux={}
INFO: 01:22:49.317281 self-stabilizing-binary-consensus.go:433: est[1][1]={0 1} aux[1][1]={}
INFO: 01:22:49.318006 self-stabilizing-binary-consensus.go:431: RECEIVE j=2 flag=0 r=1 est={0} aux={}
INFO: 01:22:49.318031 self-stabilizing-binary-consensus.go:433: est[1][2]={0 1} aux[1][2]={}
INFO: 01:22:49.319712 self-stabilizing-binary-consensus.go:431: RECEIVE j=3 flag=0 r=1 est={1} aux={1}
INFO: 01:22:49.319766 self-stabilizing-binary-consensus.go:433: est[1][3]={0 1} aux[1][3]={1}
INFO: 01:22:50.296420 self-stabilizing-binary-consensus.go:200: binValues(1,3)={0 1}
INFO: 01:22:50.296517 self-stabilizing-binary-consensus.go:225: infoResults()={}
INFO: 01:22:50.296540 self-stabilizing-binary-consensus.go:93: round=1 repeat=3
INFO: 01:22:50.296557 self-stabilizing-binary-consensus.go:200: binValues(1,3)={0 1}
INFO: 01:22:50.296571 self-stabilizing-binary-consensus.go:132: aux[1][0]=0
INFO: 01:22:50.296589 self-stabilizing-binary-consensus.go:200: binValues(1,2)={0 1}
INFO: 01:22:50.302575 self-stabilizing-binary-consensus.go:141: SEND flag=1 r=1 est={0 1} aux={0}
INFO: 01:22:50.304438 self-stabilizing-binary-consensus.go:431: RECEIVE j=2 flag=1 r=1 est={0 1} aux={0}
INFO: 01:22:50.304481 self-stabilizing-binary-consensus.go:433: est[1][2]={0 1} aux[1][2]={0}
INFO: 01:22:50.306641 self-stabilizing-binary-consensus.go:441: SEND flag=0 r=1 est={0} aux={0}
INFO: 01:22:50.307766 self-stabilizing-binary-consensus.go:431: RECEIVE j=3 flag=0 r=1 est={1} aux={1}
INFO: 01:22:50.307790 self-stabilizing-binary-consensus.go:433: est[1][3]={0 1} aux[1][3]={1}
INFO: 01:22:50.309984 self-stabilizing-binary-consensus.go:431: RECEIVE j=1 flag=0 r=1 est={1} aux={}
INFO: 01:22:50.310184 self-stabilizing-binary-consensus.go:433: est[1][1]={0 1} aux[1][1]={}
INFO: 01:22:50.314806 self-stabilizing-binary-consensus.go:431: RECEIVE j=1 flag=0 r=1 est={1} aux={}
INFO: 01:22:50.314884 self-stabilizing-binary-consensus.go:433: est[1][1]={0 1} aux[1][1]={}
INFO: 01:22:50.315269 self-stabilizing-binary-consensus.go:431: RECEIVE j=1 flag=1 r=1 est={0 1} aux={0}
INFO: 01:22:50.315317 self-stabilizing-binary-consensus.go:433: est[1][1]={0 1} aux[1][1]={0}
INFO: 01:22:50.321791 self-stabilizing-binary-consensus.go:441: SEND flag=0 r=1 est={0} aux={0}
INFO: 01:22:50.321875 self-stabilizing-binary-consensus.go:431: RECEIVE j=2 flag=0 r=1 est={0} aux={0}
INFO: 01:22:50.321922 self-stabilizing-binary-consensus.go:433: est[1][2]={0 1} aux[1][2]={0}
INFO: 01:22:50.322143 self-stabilizing-binary-consensus.go:431: RECEIVE j=3 flag=0 r=1 est={1} aux={1}
INFO: 01:22:50.322190 self-stabilizing-binary-consensus.go:433: est[1][3]={0 1} aux[1][3]={1}
INFO: 01:22:50.323339 self-stabilizing-binary-consensus.go:431: RECEIVE j=3 flag=1 r=1 est={0 1} aux={1}
INFO: 01:22:50.323437 self-stabilizing-binary-consensus.go:433: est[1][3]={0 1} aux[1][3]={1}
INFO: 01:22:50.326827 self-stabilizing-binary-consensus.go:441: SEND flag=0 r=1 est={0} aux={0}
INFO: 01:22:50.326888 self-stabilizing-binary-consensus.go:431: RECEIVE j=3 flag=0 r=1 est={1} aux={1}
INFO: 01:22:50.327048 self-stabilizing-binary-consensus.go:433: est[1][3]={0 1} aux[1][3]={1}
INFO: 01:22:50.328948 self-stabilizing-binary-consensus.go:431: RECEIVE j=1 flag=0 r=1 est={1} aux={0}
INFO: 01:22:50.329037 self-stabilizing-binary-consensus.go:433: est[1][1]={0 1} aux[1][1]={0}
INFO: 01:22:50.330184 self-stabilizing-binary-consensus.go:431: RECEIVE j=2 flag=0 r=1 est={0} aux={0}
INFO: 01:22:50.330237 self-stabilizing-binary-consensus.go:433: est[1][2]={0 1} aux[1][2]={0}
INFO: 01:22:50.332873 self-stabilizing-binary-consensus.go:431: RECEIVE j=2 flag=0 r=1 est={0} aux={0}
INFO: 01:22:50.332946 self-stabilizing-binary-consensus.go:433: est[1][2]={0 1} aux[1][2]={0}
INFO: 01:22:51.303821 self-stabilizing-binary-consensus.go:200: binValues(1,3)={0 1}
INFO: 01:22:51.304599 self-stabilizing-binary-consensus.go:225: infoResults()={0}
INFO: 01:22:51.304728 self-stabilizing-binary-consensus.go:200: binValues(1,3)={0 1}
INFO: 01:22:51.304838 self-stabilizing-binary-consensus.go:225: infoResults()={0}
INFO: 01:22:51.304908 self-stabilizing-binary-consensus.go:256: randomBit(1)=0
INFO: 01:22:51.304979 self-stabilizing-binary-consensus.go:249: decision=0
INFO: 01:22:51.305066 self-stabilizing-binary-consensus.go:200: binValues(11,2)={}
INFO: 01:22:51.305149 self-stabilizing-binary-consensus.go:93: round=11 repeat=1
INFO: 01:22:51.305342 self-stabilizing-binary-consensus.go:200: binValues(11,3)={}
INFO: 01:22:51.305474 self-stabilizing-binary-consensus.go:200: binValues(11,2)={}
INFO: 01:22:51.309356 self-stabilizing-binary-consensus.go:141: SEND flag=1 r=11 est={0} aux={0}
INFO: 01:22:51.310258 self-stabilizing-binary-consensus.go:431: RECEIVE j=2 flag=1 r=11 est={0} aux={0}
INFO: 01:22:51.310312 self-stabilizing-binary-consensus.go:433: est[11][2]={0} aux[11][2]={0}
INFO: 01:22:51.312387 self-stabilizing-binary-consensus.go:441: SEND flag=0 r=11 est={0} aux={0}
INFO: 01:22:51.314920 self-stabilizing-binary-consensus.go:431: RECEIVE j=2 flag=0 r=11 est={0} aux={0}
INFO: 01:22:51.314960 self-stabilizing-binary-consensus.go:433: est[11][2]={0} aux[11][2]={0}
INFO: 01:22:51.320296 self-stabilizing-binary-consensus.go:431: RECEIVE j=1 flag=1 r=11 est={0} aux={0}
INFO: 01:22:51.320682 self-stabilizing-binary-consensus.go:433: est[11][1]={0} aux[11][1]={0}
INFO: 01:22:51.326892 self-stabilizing-binary-consensus.go:441: SEND flag=0 r=11 est={0} aux={0}
INFO: 01:22:51.328389 self-stabilizing-binary-consensus.go:431: RECEIVE j=2 flag=0 r=11 est={0} aux={0}
INFO: 01:22:51.328442 self-stabilizing-binary-consensus.go:433: est[11][2]={0} aux[11][2]={0}
INFO: 01:22:51.329741 self-stabilizing-binary-consensus.go:431: RECEIVE j=1 flag=0 r=11 est={0} aux={0}
INFO: 01:22:51.329811 self-stabilizing-binary-consensus.go:433: est[11][1]={0} aux[11][1]={0}
INFO: 01:22:51.331855 self-stabilizing-binary-consensus.go:431: RECEIVE j=3 flag=0 r=11 est={0} aux={0}
INFO: 01:22:51.331937 self-stabilizing-binary-consensus.go:433: est[11][3]={0} aux[11][3]={0}
INFO: 01:22:51.332243 self-stabilizing-binary-consensus.go:431: RECEIVE j=3 flag=0 r=11 est={0} aux={0}
INFO: 01:22:51.332320 self-stabilizing-binary-consensus.go:433: est[11][3]={0} aux[11][3]={0}
INFO: 01:22:51.343994 self-stabilizing-binary-consensus.go:431: RECEIVE j=1 flag=0 r=11 est={0} aux={0}
INFO: 01:22:51.344047 self-stabilizing-binary-consensus.go:433: est[11][1]={0} aux[11][1]={0}
INFO: 01:22:51.344528 self-stabilizing-binary-consensus.go:431: RECEIVE j=3 flag=1 r=11 est={0} aux={0}
INFO: 01:22:51.344576 self-stabilizing-binary-consensus.go:433: est[11][3]={0} aux[11][3]={0}
INFO: 01:22:51.352876 self-stabilizing-binary-consensus.go:441: SEND flag=0 r=11 est={0} aux={0}
INFO: 01:22:51.353340 self-stabilizing-binary-consensus.go:431: RECEIVE j=3 flag=0 r=11 est={0} aux={0}
INFO: 01:22:51.353612 self-stabilizing-binary-consensus.go:433: est[11][3]={0} aux[11][3]={0}
INFO: 01:22:51.353635 self-stabilizing-binary-consensus.go:431: RECEIVE j=1 flag=0 r=11 est={0} aux={0}
INFO: 01:22:51.353642 self-stabilizing-binary-consensus.go:433: est[11][1]={0} aux[11][1]={0}
INFO: 01:22:51.353647 self-stabilizing-binary-consensus.go:431: RECEIVE j=2 flag=0 r=11 est={0} aux={0}
INFO: 01:22:51.353655 self-stabilizing-binary-consensus.go:433: est[11][2]={0} aux[11][2]={0}
INFO: 01:22:52.309963 self-stabilizing-binary-consensus.go:200: binValues(11,3)={0}
INFO: 01:22:52.310111 self-stabilizing-binary-consensus.go:225: infoResults()={0}
INFO: 01:22:52.310140 self-stabilizing-binary-consensus.go:200: binValues(11,3)={0}
INFO: 01:22:52.310153 self-stabilizing-binary-consensus.go:225: infoResults()={0}
INFO: 01:22:52.310164 self-stabilizing-binary-consensus.go:256: randomBit(11)=0
INFO: 01:22:52.310179 self-stabilizing-binary-consensus.go:249: decision=0
INFO: 01:22:52.310289 self-stabilizing-binary-consensus.go:200: binValues(11,2)={0}
INFO: 01:22:52.310325 self-stabilizing-binary-consensus.go:249: decision=0
INFO: 01:22:52.310358 self-stabilizing-binary-consensus.go:93: round=11 repeat=1
INFO: 01:22:52.310376 self-stabilizing-binary-consensus.go:200: binValues(11,3)={0}
INFO: 01:22:52.310391 self-stabilizing-binary-consensus.go:200: binValues(11,2)={0}
INFO: 01:22:52.315255 self-stabilizing-binary-consensus.go:141: SEND flag=1 r=11 est={0} aux={0}
INFO: 01:22:52.316012 self-stabilizing-binary-consensus.go:431: RECEIVE j=2 flag=1 r=11 est={0} aux={0}
INFO: 01:22:52.318720 self-stabilizing-binary-consensus.go:433: est[11][2]={0} aux[11][2]={0}
INFO: 01:22:52.318432 self-stabilizing-binary-consensus.go:431: RECEIVE j=3 flag=0 r=11 est={0} aux={0}
INFO: 01:22:52.318963 self-stabilizing-binary-consensus.go:433: est[11][3]={0} aux[11][3]={0}
INFO: 01:22:52.321345 self-stabilizing-binary-consensus.go:431: RECEIVE j=2 flag=0 r=11 est={0} aux={0}
INFO: 01:22:52.321380 self-stabilizing-binary-consensus.go:433: est[11][2]={0} aux[11][2]={0}
INFO: 01:22:52.324135 self-stabilizing-binary-consensus.go:431: RECEIVE j=1 flag=0 r=11 est={0} aux={0}
INFO: 01:22:52.324344 self-stabilizing-binary-consensus.go:433: est[11][1]={0} aux[11][1]={0}
INFO: 01:22:52.326056 self-stabilizing-binary-consensus.go:431: RECEIVE j=1 flag=1 r=11 est={0} aux={0}
INFO: 01:22:52.326099 self-stabilizing-binary-consensus.go:433: est[11][1]={0} aux[11][1]={0}
INFO: 01:22:52.331210 self-stabilizing-binary-consensus.go:441: SEND flag=0 r=11 est={0} aux={0}
INFO: 01:22:52.331443 self-stabilizing-binary-consensus.go:431: RECEIVE j=3 flag=0 r=11 est={0} aux={0}
INFO: 01:22:52.331477 self-stabilizing-binary-consensus.go:433: est[11][3]={0} aux[11][3]={0}
INFO: 01:22:52.331500 self-stabilizing-binary-consensus.go:431: RECEIVE j=1 flag=0 r=11 est={0} aux={0}
INFO: 01:22:52.331525 self-stabilizing-binary-consensus.go:433: est[11][1]={0} aux[11][1]={0}
INFO: 01:22:52.331550 self-stabilizing-binary-consensus.go:441: SEND flag=0 r=11 est={0} aux={0}
INFO: 01:22:52.334398 self-stabilizing-binary-consensus.go:431: RECEIVE j=3 flag=0 r=11 est={0} aux={0}
INFO: 01:22:52.334435 self-stabilizing-binary-consensus.go:433: est[11][3]={0} aux[11][3]={0}
INFO: 01:22:52.336231 self-stabilizing-binary-consensus.go:431: RECEIVE j=2 flag=0 r=11 est={0} aux={0}
INFO: 01:22:52.336270 self-stabilizing-binary-consensus.go:433: est[11][2]={0} aux[11][2]={0}
INFO: 01:22:52.348218 self-stabilizing-binary-consensus.go:431: RECEIVE j=3 flag=1 r=11 est={0} aux={0}
INFO: 01:22:52.348254 self-stabilizing-binary-consensus.go:433: est[11][3]={0} aux[11][3]={0}
INFO: 01:22:52.350561 self-stabilizing-binary-consensus.go:431: RECEIVE j=2 flag=0 r=11 est={0} aux={0}
INFO: 01:22:52.350598 self-stabilizing-binary-consensus.go:433: est[11][2]={0} aux[11][2]={0}
INFO: 01:22:52.351198 self-stabilizing-binary-consensus.go:441: SEND flag=0 r=11 est={0} aux={0}
INFO: 01:22:52.354693 self-stabilizing-binary-consensus.go:431: RECEIVE j=1 flag=0 r=11 est={0} aux={0}
INFO: 01:22:52.355191 self-stabilizing-binary-consensus.go:433: est[11][1]={0} aux[11][1]={0}
INFO: 01:22:53.288510 self-stabilizing-multivalued-consensus.go:18: Successful decide
