INFO: 21:42:37.003340 main.go:29: ID:0 | N:10 | F:3 | Clients:1 | Scenario:NORMAL | Remote:false

INFO: 21:42:37.004523 messenger.go:90: Receive from Server 1 on tcp://*:4001
INFO: 21:42:37.004750 messenger.go:107: Send to Server 1 on tcp://localhost:4100
INFO: 21:42:37.004823 messenger.go:90: Receive from Server 2 on tcp://*:4002
INFO: 21:42:37.004923 messenger.go:107: Send to Server 2 on tcp://localhost:4200
INFO: 21:42:37.004976 messenger.go:90: Receive from Server 3 on tcp://*:4003
INFO: 21:42:37.005024 messenger.go:107: Send to Server 3 on tcp://localhost:4300
INFO: 21:42:37.005089 messenger.go:90: Receive from Server 4 on tcp://*:4004
INFO: 21:42:37.005137 messenger.go:107: Send to Server 4 on tcp://localhost:4400
INFO: 21:42:37.005185 messenger.go:90: Receive from Server 5 on tcp://*:4005
INFO: 21:42:37.005228 messenger.go:107: Send to Server 5 on tcp://localhost:4500
INFO: 21:42:37.005273 messenger.go:90: Receive from Server 6 on tcp://*:4006
INFO: 21:42:37.005316 messenger.go:107: Send to Server 6 on tcp://localhost:4600
INFO: 21:42:37.005360 messenger.go:90: Receive from Server 7 on tcp://*:4007
INFO: 21:42:37.005399 messenger.go:107: Send to Server 7 on tcp://localhost:4700
INFO: 21:42:37.005441 messenger.go:90: Receive from Server 8 on tcp://*:4008
INFO: 21:42:37.005486 messenger.go:107: Send to Server 8 on tcp://localhost:4800
INFO: 21:42:37.005902 messenger.go:90: Receive from Server 9 on tcp://*:4009
INFO: 21:42:37.005964 messenger.go:107: Send to Server 9 on tcp://localhost:4900
INFO: 21:42:37.005992 messenger.go:113: -----------------------------------------
INFO: 21:42:37.006034 messenger.go:135: Requests from Client 0 on tcp://*:7000
INFO: 21:42:37.006114 messenger.go:152: Response to Client 0 on tcp://*:10000
INFO: 21:42:37.006176 messenger.go:155: -----------------------------------------

INFO: 21:42:37.029818 main.go:83: Initial estimate value:  0
INFO: 21:42:37.067510 messenger.go:346: RECEIVED EST from 7
INFO: 21:42:37.069308 messenger.go:346: RECEIVED EST from 8
INFO: 21:42:37.072692 messenger.go:346: RECEIVED EST from 2
INFO: 21:42:37.073514 messenger.go:346: RECEIVED EST from 1
INFO: 21:42:37.076180 messenger.go:346: RECEIVED EST from 6
INFO: 21:42:37.076773 messenger.go:346: RECEIVED EST from 5
INFO: 21:42:37.079879 messenger.go:346: RECEIVED EST from 4
INFO: 21:42:37.093133 messenger.go:270: SENT EST to 7
INFO: 21:42:37.093452 messenger.go:346: RECEIVED EST from 3
INFO: 21:42:37.094062 messenger.go:346: RECEIVED EST from 9
INFO: 21:42:37.124838 messenger.go:270: SENT EST to 6
INFO: 21:42:37.125328 messenger.go:270: SENT EST to 8
INFO: 21:42:37.127089 messenger.go:270: SENT EST to 1
INFO: 21:42:37.149131 messenger.go:270: SENT EST to 4
INFO: 21:42:37.180877 messenger.go:270: SENT EST to 3
INFO: 21:42:37.188200 messenger.go:270: SENT EST to 2
INFO: 21:42:37.201290 messenger.go:270: SENT EST to 9
INFO: 21:42:37.208412 messenger.go:270: SENT EST to 5
