INFO: 01:18:40.226827 main.go:29: ID:0 | N:4 | F:1 | Clients:1 | Scenario:NORMAL | Remote:false

INFO: 01:18:40.227459 messenger.go:90: Receive from Server 1 on tcp://*:4001
INFO: 01:18:40.227687 messenger.go:107: Send to Server 1 on tcp://localhost:4100
INFO: 01:18:40.227791 messenger.go:90: Receive from Server 2 on tcp://*:4002
INFO: 01:18:40.227849 messenger.go:107: Send to Server 2 on tcp://localhost:4200
INFO: 01:18:40.227924 messenger.go:90: Receive from Server 3 on tcp://*:4003
INFO: 01:18:40.227984 messenger.go:107: Send to Server 3 on tcp://localhost:4300
INFO: 01:18:40.228012 messenger.go:113: -----------------------------------------
INFO: 01:18:40.228062 messenger.go:135: Requests from Client 0 on tcp://*:7000
INFO: 01:18:40.228122 messenger.go:152: Response to Client 0 on tcp://*:10000
INFO: 01:18:40.228152 messenger.go:155: -----------------------------------------

INFO: 01:18:40.229019 main.go:83: Initial estimate value:  0
INFO: 01:18:40.229122 self-stabilizing-binary-consensus.go:93: round=1 repeat=1
INFO: 01:18:40.229161 self-stabilizing-binary-consensus.go:200: binValues(1,3)={}
INFO: 01:18:40.229187 self-stabilizing-binary-consensus.go:200: binValues(1,2)={}
INFO: 01:18:40.231918 self-stabilizing-binary-consensus.go:141: SEND flag=1 r=1 est={0} aux={}
INFO: 01:18:40.232324 self-stabilizing-binary-consensus.go:200: binValues(1,3)={}
INFO: 01:18:40.232357 self-stabilizing-binary-consensus.go:225: infoResults()={}
INFO: 01:18:40.232383 self-stabilizing-binary-consensus.go:93: round=1 repeat=2
INFO: 01:18:40.232407 self-stabilizing-binary-consensus.go:200: binValues(1,3)={}
INFO: 01:18:40.232430 self-stabilizing-binary-consensus.go:200: binValues(1,2)={}
INFO: 01:18:40.245119 self-stabilizing-binary-consensus.go:431: RECEIVE j=3 flag=1 r=1 est={0} aux={}
INFO: 01:18:40.245206 self-stabilizing-binary-consensus.go:433: est[1][3]={0} aux[1][3]={}
INFO: 01:18:40.401991 self-stabilizing-binary-consensus.go:141: SEND flag=1 r=1 est={0} aux={}
INFO: 01:18:40.402038 self-stabilizing-binary-consensus.go:200: binValues(1,3)={}
INFO: 01:18:40.402048 self-stabilizing-binary-consensus.go:225: infoResults()={}
INFO: 01:18:40.402053 self-stabilizing-binary-consensus.go:93: round=1 repeat=3
INFO: 01:18:40.402057 self-stabilizing-binary-consensus.go:200: binValues(1,3)={}
INFO: 01:18:40.402062 self-stabilizing-binary-consensus.go:200: binValues(1,2)={}
INFO: 01:18:40.405884 self-stabilizing-binary-consensus.go:441: SEND flag=0 r=1 est={0} aux={}
INFO: 01:18:40.405964 self-stabilizing-binary-consensus.go:431: RECEIVE j=2 flag=1 r=1 est={0} aux={}
INFO: 01:18:40.405982 self-stabilizing-binary-consensus.go:433: est[1][2]={0} aux[1][2]={}
INFO: 01:18:40.412935 self-stabilizing-binary-consensus.go:141: SEND flag=1 r=1 est={0} aux={}
INFO: 01:18:40.412972 self-stabilizing-binary-consensus.go:200: binValues(1,3)={}
INFO: 01:18:40.412980 self-stabilizing-binary-consensus.go:225: infoResults()={}
INFO: 01:18:40.412985 self-stabilizing-binary-consensus.go:93: round=1 repeat=4
INFO: 01:18:40.412989 self-stabilizing-binary-consensus.go:200: binValues(1,3)={}
INFO: 01:18:40.412994 self-stabilizing-binary-consensus.go:200: binValues(1,2)={0}
INFO: 01:18:40.415727 self-stabilizing-binary-consensus.go:441: SEND flag=0 r=1 est={0} aux={}
INFO: 01:18:40.415761 self-stabilizing-binary-consensus.go:431: RECEIVE j=2 flag=1 r=1 est={0} aux={}
INFO: 01:18:40.415769 self-stabilizing-binary-consensus.go:433: est[1][2]={0} aux[1][2]={}
INFO: 01:18:40.424229 self-stabilizing-binary-consensus.go:141: SEND flag=1 r=1 est={0} aux={}
INFO: 01:18:40.424272 self-stabilizing-binary-consensus.go:200: binValues(1,3)={}
INFO: 01:18:40.424281 self-stabilizing-binary-consensus.go:225: infoResults()={}
INFO: 01:18:40.424286 self-stabilizing-binary-consensus.go:93: round=1 repeat=5
INFO: 01:18:40.424291 self-stabilizing-binary-consensus.go:200: binValues(1,3)={}
INFO: 01:18:40.424295 self-stabilizing-binary-consensus.go:200: binValues(1,2)={0}
INFO: 01:18:40.431235 self-stabilizing-binary-consensus.go:441: SEND flag=0 r=1 est={0} aux={}
INFO: 01:18:40.431420 self-stabilizing-binary-consensus.go:431: RECEIVE j=3 flag=1 r=1 est={0} aux={}
INFO: 01:18:40.431473 self-stabilizing-binary-consensus.go:433: est[1][3]={0} aux[1][3]={}
INFO: 01:18:40.437943 self-stabilizing-binary-consensus.go:141: SEND flag=1 r=1 est={0} aux={}
INFO: 01:18:40.438040 self-stabilizing-binary-consensus.go:200: binValues(1,3)={}
INFO: 01:18:40.438066 self-stabilizing-binary-consensus.go:225: infoResults()={}
INFO: 01:18:40.438087 self-stabilizing-binary-consensus.go:93: round=1 repeat=6
INFO: 01:18:40.438133 self-stabilizing-binary-consensus.go:200: binValues(1,3)={}
INFO: 01:18:40.438180 self-stabilizing-binary-consensus.go:200: binValues(1,2)={0}
INFO: 01:18:40.442673 self-stabilizing-binary-consensus.go:441: SEND flag=0 r=1 est={0} aux={}
INFO: 01:18:40.443162 self-stabilizing-binary-consensus.go:431: RECEIVE j=1 flag=1 r=1 est={0} aux={}
INFO: 01:18:40.443427 self-stabilizing-binary-consensus.go:433: est[1][1]={0} aux[1][1]={}
INFO: 01:18:40.454355 self-stabilizing-binary-consensus.go:141: SEND flag=1 r=1 est={0} aux={}
INFO: 01:18:40.454486 self-stabilizing-binary-consensus.go:200: binValues(1,3)={0}
INFO: 01:18:40.454521 self-stabilizing-binary-consensus.go:225: infoResults()={}
INFO: 01:18:40.454561 self-stabilizing-binary-consensus.go:93: round=1 repeat=7
INFO: 01:18:40.454586 self-stabilizing-binary-consensus.go:200: binValues(1,3)={0}
INFO: 01:18:40.454606 self-stabilizing-binary-consensus.go:132: aux[1][0]=0
INFO: 01:18:40.454632 self-stabilizing-binary-consensus.go:200: binValues(1,2)={0}
INFO: 01:18:40.459747 self-stabilizing-binary-consensus.go:441: SEND flag=0 r=1 est={0} aux={0}
INFO: 01:18:40.459838 self-stabilizing-binary-consensus.go:431: RECEIVE j=1 flag=1 r=1 est={0} aux={}
INFO: 01:18:40.459899 self-stabilizing-binary-consensus.go:433: est[1][1]={0} aux[1][1]={}
INFO: 01:18:40.463224 self-stabilizing-binary-consensus.go:141: SEND flag=1 r=1 est={0} aux={0}
INFO: 01:18:40.463330 self-stabilizing-binary-consensus.go:200: binValues(1,3)={0}
INFO: 01:18:40.463445 self-stabilizing-binary-consensus.go:225: infoResults()={}
INFO: 01:18:40.463514 self-stabilizing-binary-consensus.go:93: round=1 repeat=8
INFO: 01:18:40.463539 self-stabilizing-binary-consensus.go:200: binValues(1,3)={0}
INFO: 01:18:40.463559 self-stabilizing-binary-consensus.go:200: binValues(1,2)={0}
INFO: 01:18:40.471028 self-stabilizing-binary-consensus.go:441: SEND flag=0 r=1 est={0} aux={0}
INFO: 01:18:40.482921 self-stabilizing-binary-consensus.go:431: RECEIVE j=3 flag=0 r=1 est={0} aux={}
INFO: 01:18:40.484181 self-stabilizing-binary-consensus.go:433: est[1][3]={0} aux[1][3]={}
INFO: 01:18:40.487709 self-stabilizing-binary-consensus.go:431: RECEIVE j=2 flag=0 r=1 est={0} aux={}
INFO: 01:18:40.487781 self-stabilizing-binary-consensus.go:433: est[1][2]={0} aux[1][2]={}
INFO: 01:18:40.487806 self-stabilizing-binary-consensus.go:431: RECEIVE j=1 flag=1 r=1 est={0} aux={}
INFO: 01:18:40.487828 self-stabilizing-binary-consensus.go:433: est[1][1]={0} aux[1][1]={}
INFO: 01:18:40.487953 self-stabilizing-binary-consensus.go:141: SEND flag=1 r=1 est={0} aux={0}
INFO: 01:18:40.487983 self-stabilizing-binary-consensus.go:200: binValues(1,3)={0}
INFO: 01:18:40.487992 self-stabilizing-binary-consensus.go:225: infoResults()={}
INFO: 01:18:40.487997 self-stabilizing-binary-consensus.go:93: round=1 repeat=9
INFO: 01:18:40.488001 self-stabilizing-binary-consensus.go:200: binValues(1,3)={0}
INFO: 01:18:40.488006 self-stabilizing-binary-consensus.go:200: binValues(1,2)={0}
INFO: 01:18:40.513434 self-stabilizing-binary-consensus.go:441: SEND flag=0 r=1 est={0} aux={0}
INFO: 01:18:40.513723 self-stabilizing-binary-consensus.go:431: RECEIVE j=1 flag=1 r=1 est={0} aux={}
INFO: 01:18:40.513770 self-stabilizing-binary-consensus.go:433: est[1][1]={0} aux[1][1]={}
INFO: 01:18:40.530867 self-stabilizing-binary-consensus.go:141: SEND flag=1 r=1 est={0} aux={0}
INFO: 01:18:40.530965 self-stabilizing-binary-consensus.go:200: binValues(1,3)={0}
INFO: 01:18:40.531012 self-stabilizing-binary-consensus.go:225: infoResults()={}
INFO: 01:18:40.531035 self-stabilizing-binary-consensus.go:93: round=1 repeat=10
INFO: 01:18:40.531070 self-stabilizing-binary-consensus.go:200: binValues(1,3)={0}
INFO: 01:18:40.531091 self-stabilizing-binary-consensus.go:200: binValues(1,2)={0}
INFO: 01:18:40.536244 self-stabilizing-binary-consensus.go:441: SEND flag=0 r=1 est={0} aux={0}
INFO: 01:18:40.536287 self-stabilizing-binary-consensus.go:431: RECEIVE j=1 flag=1 r=1 est={0} aux={}
INFO: 01:18:40.536297 self-stabilizing-binary-consensus.go:433: est[1][1]={0} aux[1][1]={}
INFO: 01:18:40.541930 self-stabilizing-binary-consensus.go:141: SEND flag=1 r=1 est={0} aux={0}
INFO: 01:18:40.541990 self-stabilizing-binary-consensus.go:200: binValues(1,3)={0}
INFO: 01:18:40.542033 self-stabilizing-binary-consensus.go:225: infoResults()={}
INFO: 01:18:40.542067 self-stabilizing-binary-consensus.go:93: round=1 repeat=11
INFO: 01:18:40.542089 self-stabilizing-binary-consensus.go:200: binValues(1,3)={0}
INFO: 01:18:40.542139 self-stabilizing-binary-consensus.go:200: binValues(1,2)={0}
INFO: 01:18:40.553078 self-stabilizing-binary-consensus.go:441: SEND flag=0 r=1 est={0} aux={0}
INFO: 01:18:40.553140 self-stabilizing-binary-consensus.go:431: RECEIVE j=1 flag=1 r=1 est={0} aux={}
INFO: 01:18:40.553166 self-stabilizing-binary-consensus.go:433: est[1][1]={0} aux[1][1]={}
INFO: 01:18:40.560576 self-stabilizing-binary-consensus.go:441: SEND flag=0 r=1 est={0} aux={0}
INFO: 01:18:40.560631 self-stabilizing-binary-consensus.go:431: RECEIVE j=1 flag=1 r=1 est={0} aux={}
INFO: 01:18:40.560640 self-stabilizing-binary-consensus.go:433: est[1][1]={0} aux[1][1]={}
INFO: 01:18:40.569381 self-stabilizing-binary-consensus.go:141: SEND flag=1 r=1 est={0} aux={0}
INFO: 01:18:40.569437 self-stabilizing-binary-consensus.go:200: binValues(1,3)={0}
INFO: 01:18:40.569446 self-stabilizing-binary-consensus.go:225: infoResults()={}
INFO: 01:18:40.569451 self-stabilizing-binary-consensus.go:93: round=1 repeat=12
INFO: 01:18:40.569455 self-stabilizing-binary-consensus.go:200: binValues(1,3)={0}
INFO: 01:18:40.569459 self-stabilizing-binary-consensus.go:200: binValues(1,2)={0}
INFO: 01:18:40.571202 self-stabilizing-binary-consensus.go:441: SEND flag=0 r=1 est={0} aux={0}
INFO: 01:18:40.571294 self-stabilizing-binary-consensus.go:431: RECEIVE j=1 flag=1 r=1 est={0} aux={}
INFO: 01:18:40.571303 self-stabilizing-binary-consensus.go:433: est[1][1]={0} aux[1][1]={}
INFO: 01:18:40.582811 self-stabilizing-binary-consensus.go:141: SEND flag=1 r=1 est={0} aux={0}
INFO: 01:18:40.582847 self-stabilizing-binary-consensus.go:200: binValues(1,3)={0}
INFO: 01:18:40.582886 self-stabilizing-binary-consensus.go:225: infoResults()={}
INFO: 01:18:40.582892 self-stabilizing-binary-consensus.go:93: round=1 repeat=13
INFO: 01:18:40.582900 self-stabilizing-binary-consensus.go:200: binValues(1,3)={0}
INFO: 01:18:40.582904 self-stabilizing-binary-consensus.go:200: binValues(1,2)={0}
INFO: 01:18:40.586886 self-stabilizing-binary-consensus.go:441: SEND flag=0 r=1 est={0} aux={0}
INFO: 01:18:40.586985 self-stabilizing-binary-consensus.go:431: RECEIVE j=1 flag=1 r=1 est={0} aux={}
INFO: 01:18:40.587127 self-stabilizing-binary-consensus.go:433: est[1][1]={0} aux[1][1]={}
INFO: 01:18:40.590057 self-stabilizing-binary-consensus.go:441: SEND flag=0 r=1 est={0} aux={0}
INFO: 01:18:40.596395 self-stabilizing-binary-consensus.go:431: RECEIVE j=1 flag=1 r=1 est={0} aux={}
INFO: 01:18:40.596445 self-stabilizing-binary-consensus.go:433: est[1][1]={0} aux[1][1]={}
INFO: 01:18:40.602737 self-stabilizing-binary-consensus.go:141: SEND flag=1 r=1 est={0} aux={0}
INFO: 01:18:40.605955 self-stabilizing-binary-consensus.go:200: binValues(1,3)={0}
INFO: 01:18:40.606015 self-stabilizing-binary-consensus.go:225: infoResults()={}
INFO: 01:18:40.606048 self-stabilizing-binary-consensus.go:93: round=1 repeat=14
INFO: 01:18:40.606057 self-stabilizing-binary-consensus.go:200: binValues(1,3)={0}
INFO: 01:18:40.606062 self-stabilizing-binary-consensus.go:200: binValues(1,2)={0}
INFO: 01:18:40.616403 self-stabilizing-binary-consensus.go:141: SEND flag=1 r=1 est={0} aux={0}
INFO: 01:18:40.616467 self-stabilizing-binary-consensus.go:200: binValues(1,3)={0}
INFO: 01:18:40.616500 self-stabilizing-binary-consensus.go:225: infoResults()={}
INFO: 01:18:40.616521 self-stabilizing-binary-consensus.go:93: round=1 repeat=15
INFO: 01:18:40.616541 self-stabilizing-binary-consensus.go:200: binValues(1,3)={0}
INFO: 01:18:40.616561 self-stabilizing-binary-consensus.go:200: binValues(1,2)={0}
INFO: 01:18:40.626083 self-stabilizing-binary-consensus.go:141: SEND flag=1 r=1 est={0} aux={0}
INFO: 01:18:40.626119 self-stabilizing-binary-consensus.go:200: binValues(1,3)={0}
INFO: 01:18:40.626127 self-stabilizing-binary-consensus.go:225: infoResults()={}
INFO: 01:18:40.626132 self-stabilizing-binary-consensus.go:93: round=1 repeat=16
INFO: 01:18:40.626136 self-stabilizing-binary-consensus.go:200: binValues(1,3)={0}
INFO: 01:18:40.626161 self-stabilizing-binary-consensus.go:200: binValues(1,2)={0}
INFO: 01:18:40.637159 self-stabilizing-binary-consensus.go:441: SEND flag=0 r=1 est={0} aux={0}
INFO: 01:18:40.637207 self-stabilizing-binary-consensus.go:431: RECEIVE j=1 flag=1 r=1 est={0} aux={}
INFO: 01:18:40.637260 self-stabilizing-binary-consensus.go:433: est[1][1]={0} aux[1][1]={}
INFO: 01:18:40.639184 self-stabilizing-binary-consensus.go:141: SEND flag=1 r=1 est={0} aux={0}
INFO: 01:18:40.639218 self-stabilizing-binary-consensus.go:200: binValues(1,3)={0}
INFO: 01:18:40.639226 self-stabilizing-binary-consensus.go:225: infoResults()={}
INFO: 01:18:40.639231 self-stabilizing-binary-consensus.go:93: round=1 repeat=17
INFO: 01:18:40.639235 self-stabilizing-binary-consensus.go:200: binValues(1,3)={0}
INFO: 01:18:40.639240 self-stabilizing-binary-consensus.go:200: binValues(1,2)={0}
INFO: 01:18:40.643488 self-stabilizing-binary-consensus.go:141: SEND flag=1 r=1 est={0} aux={0}
INFO: 01:18:40.652135 self-stabilizing-binary-consensus.go:200: binValues(1,3)={0}
INFO: 01:18:40.652232 self-stabilizing-binary-consensus.go:225: infoResults()={}
INFO: 01:18:40.651758 self-stabilizing-binary-consensus.go:441: SEND flag=0 r=1 est={0} aux={0}
INFO: 01:18:40.652540 self-stabilizing-binary-consensus.go:431: RECEIVE j=1 flag=1 r=1 est={0} aux={}
INFO: 01:18:40.652549 self-stabilizing-binary-consensus.go:433: est[1][1]={0} aux[1][1]={}
INFO: 01:18:40.652586 self-stabilizing-binary-consensus.go:93: round=1 repeat=18
INFO: 01:18:40.652630 self-stabilizing-binary-consensus.go:200: binValues(1,3)={0}
INFO: 01:18:40.652652 self-stabilizing-binary-consensus.go:200: binValues(1,2)={0}
INFO: 01:18:40.654331 self-stabilizing-binary-consensus.go:441: SEND flag=0 r=1 est={0} aux={0}
INFO: 01:18:40.654431 self-stabilizing-binary-consensus.go:431: RECEIVE j=1 flag=1 r=1 est={0} aux={}
INFO: 01:18:40.654443 self-stabilizing-binary-consensus.go:433: est[1][1]={0} aux[1][1]={}
INFO: 01:18:40.657154 self-stabilizing-binary-consensus.go:441: SEND flag=0 r=1 est={0} aux={0}
INFO: 01:18:40.657203 self-stabilizing-binary-consensus.go:431: RECEIVE j=1 flag=1 r=1 est={0} aux={}
INFO: 01:18:40.657226 self-stabilizing-binary-consensus.go:433: est[1][1]={0} aux[1][1]={}
INFO: 01:18:40.662913 self-stabilizing-binary-consensus.go:441: SEND flag=0 r=1 est={0} aux={0}
INFO: 01:18:40.664167 self-stabilizing-binary-consensus.go:431: RECEIVE j=1 flag=1 r=1 est={0} aux={}
INFO: 01:18:40.664210 self-stabilizing-binary-consensus.go:433: est[1][1]={0} aux[1][1]={}
INFO: 01:18:40.670131 self-stabilizing-binary-consensus.go:141: SEND flag=1 r=1 est={0} aux={0}
INFO: 01:18:40.670173 self-stabilizing-binary-consensus.go:200: binValues(1,3)={0}
INFO: 01:18:40.670182 self-stabilizing-binary-consensus.go:225: infoResults()={}
INFO: 01:18:40.670189 self-stabilizing-binary-consensus.go:93: round=1 repeat=19
INFO: 01:18:40.670194 self-stabilizing-binary-consensus.go:200: binValues(1,3)={0}
INFO: 01:18:40.670198 self-stabilizing-binary-consensus.go:200: binValues(1,2)={0}
INFO: 01:18:40.671100 self-stabilizing-binary-consensus.go:441: SEND flag=0 r=1 est={0} aux={0}
INFO: 01:18:40.671179 self-stabilizing-binary-consensus.go:431: RECEIVE j=1 flag=1 r=1 est={0} aux={}
INFO: 01:18:40.671211 self-stabilizing-binary-consensus.go:433: est[1][1]={0} aux[1][1]={}
INFO: 01:18:40.673856 self-stabilizing-binary-consensus.go:441: SEND flag=0 r=1 est={0} aux={0}
INFO: 01:18:40.673929 self-stabilizing-binary-consensus.go:431: RECEIVE j=1 flag=1 r=1 est={0} aux={}
INFO: 01:18:40.673955 self-stabilizing-binary-consensus.go:433: est[1][1]={0} aux[1][1]={}
INFO: 01:18:40.680999 self-stabilizing-binary-consensus.go:441: SEND flag=0 r=1 est={0} aux={0}
INFO: 01:18:40.689785 self-stabilizing-binary-consensus.go:431: RECEIVE j=1 flag=1 r=1 est={0} aux={}
INFO: 01:18:40.689813 self-stabilizing-binary-consensus.go:433: est[1][1]={0} aux[1][1]={}
INFO: 01:18:40.684104 self-stabilizing-binary-consensus.go:141: SEND flag=1 r=1 est={0} aux={0}
INFO: 01:18:40.690185 self-stabilizing-binary-consensus.go:200: binValues(1,3)={0}
INFO: 01:18:40.690215 self-stabilizing-binary-consensus.go:225: infoResults()={}
INFO: 01:18:40.690236 self-stabilizing-binary-consensus.go:93: round=1 repeat=20
INFO: 01:18:40.690793 self-stabilizing-binary-consensus.go:200: binValues(1,3)={0}
INFO: 01:18:40.690829 self-stabilizing-binary-consensus.go:200: binValues(1,2)={0}
INFO: 01:18:40.692546 self-stabilizing-binary-consensus.go:141: SEND flag=1 r=1 est={0} aux={0}
INFO: 01:18:40.692572 self-stabilizing-binary-consensus.go:200: binValues(1,3)={0}
INFO: 01:18:40.692579 self-stabilizing-binary-consensus.go:225: infoResults()={}
INFO: 01:18:40.692584 self-stabilizing-binary-consensus.go:93: round=1 repeat=21
INFO: 01:18:40.692588 self-stabilizing-binary-consensus.go:200: binValues(1,3)={0}
INFO: 01:18:40.692592 self-stabilizing-binary-consensus.go:200: binValues(1,2)={0}
INFO: 01:18:40.700582 self-stabilizing-binary-consensus.go:141: SEND flag=1 r=1 est={0} aux={0}
INFO: 01:18:40.700629 self-stabilizing-binary-consensus.go:200: binValues(1,3)={0}
INFO: 01:18:40.700638 self-stabilizing-binary-consensus.go:225: infoResults()={}
INFO: 01:18:40.700643 self-stabilizing-binary-consensus.go:93: round=1 repeat=22
INFO: 01:18:40.700647 self-stabilizing-binary-consensus.go:200: binValues(1,3)={0}
INFO: 01:18:40.700651 self-stabilizing-binary-consensus.go:200: binValues(1,2)={0}
INFO: 01:18:40.711034 self-stabilizing-binary-consensus.go:141: SEND flag=1 r=1 est={0} aux={0}
INFO: 01:18:40.711070 self-stabilizing-binary-consensus.go:200: binValues(1,3)={0}
INFO: 01:18:40.711078 self-stabilizing-binary-consensus.go:225: infoResults()={}
INFO: 01:18:40.711083 self-stabilizing-binary-consensus.go:93: round=1 repeat=23
INFO: 01:18:40.711088 self-stabilizing-binary-consensus.go:200: binValues(1,3)={0}
INFO: 01:18:40.711092 self-stabilizing-binary-consensus.go:200: binValues(1,2)={0}
INFO: 01:18:40.713600 self-stabilizing-binary-consensus.go:441: SEND flag=0 r=1 est={0} aux={0}
INFO: 01:18:40.713652 self-stabilizing-binary-consensus.go:431: RECEIVE j=1 flag=1 r=1 est={0} aux={}
INFO: 01:18:40.713676 self-stabilizing-binary-consensus.go:433: est[1][1]={0} aux[1][1]={}
INFO: 01:18:40.723992 self-stabilizing-binary-consensus.go:441: SEND flag=0 r=1 est={0} aux={0}
INFO: 01:18:40.724420 self-stabilizing-binary-consensus.go:431: RECEIVE j=1 flag=1 r=1 est={0} aux={}
INFO: 01:18:40.724529 self-stabilizing-binary-consensus.go:433: est[1][1]={0} aux[1][1]={}
INFO: 01:18:40.731997 self-stabilizing-binary-consensus.go:441: SEND flag=0 r=1 est={0} aux={0}
INFO: 01:18:40.732168 self-stabilizing-binary-consensus.go:431: RECEIVE j=1 flag=1 r=1 est={0} aux={}
INFO: 01:18:40.732317 self-stabilizing-binary-consensus.go:433: est[1][1]={0} aux[1][1]={}
INFO: 01:18:40.732178 self-stabilizing-binary-consensus.go:141: SEND flag=1 r=1 est={0} aux={0}
INFO: 01:18:40.734410 self-stabilizing-binary-consensus.go:200: binValues(1,3)={0}
INFO: 01:18:40.734432 self-stabilizing-binary-consensus.go:225: infoResults()={}
INFO: 01:18:40.734504 self-stabilizing-binary-consensus.go:93: round=1 repeat=24
INFO: 01:18:40.734595 self-stabilizing-binary-consensus.go:200: binValues(1,3)={0}
INFO: 01:18:40.734628 self-stabilizing-binary-consensus.go:200: binValues(1,2)={0}
INFO: 01:18:40.737283 self-stabilizing-binary-consensus.go:441: SEND flag=0 r=1 est={0} aux={0}
INFO: 01:18:40.737341 self-stabilizing-binary-consensus.go:431: RECEIVE j=1 flag=1 r=1 est={0} aux={}
INFO: 01:18:40.737350 self-stabilizing-binary-consensus.go:433: est[1][1]={0} aux[1][1]={}
INFO: 01:18:40.746655 self-stabilizing-binary-consensus.go:141: SEND flag=1 r=1 est={0} aux={0}
INFO: 01:18:40.746690 self-stabilizing-binary-consensus.go:200: binValues(1,3)={0}
INFO: 01:18:40.746699 self-stabilizing-binary-consensus.go:225: infoResults()={}
INFO: 01:18:40.746703 self-stabilizing-binary-consensus.go:93: round=1 repeat=25
INFO: 01:18:40.746708 self-stabilizing-binary-consensus.go:200: binValues(1,3)={0}
INFO: 01:18:40.746712 self-stabilizing-binary-consensus.go:200: binValues(1,2)={0}
INFO: 01:18:40.756103 self-stabilizing-binary-consensus.go:441: SEND flag=0 r=1 est={0} aux={0}
INFO: 01:18:40.756157 self-stabilizing-binary-consensus.go:431: RECEIVE j=1 flag=1 r=1 est={0} aux={}
INFO: 01:18:40.756182 self-stabilizing-binary-consensus.go:433: est[1][1]={0} aux[1][1]={}
INFO: 01:18:40.766272 self-stabilizing-binary-consensus.go:141: SEND flag=1 r=1 est={0} aux={0}
INFO: 01:18:40.766354 self-stabilizing-binary-consensus.go:200: binValues(1,3)={0}
INFO: 01:18:40.766380 self-stabilizing-binary-consensus.go:225: infoResults()={}
INFO: 01:18:40.766435 self-stabilizing-binary-consensus.go:93: round=1 repeat=26
INFO: 01:18:40.766466 self-stabilizing-binary-consensus.go:200: binValues(1,3)={0}
INFO: 01:18:40.766487 self-stabilizing-binary-consensus.go:200: binValues(1,2)={0}
INFO: 01:18:40.768883 self-stabilizing-binary-consensus.go:441: SEND flag=0 r=1 est={0} aux={0}
INFO: 01:18:40.768920 self-stabilizing-binary-consensus.go:431: RECEIVE j=1 flag=1 r=1 est={0} aux={}
INFO: 01:18:40.768929 self-stabilizing-binary-consensus.go:433: est[1][1]={0} aux[1][1]={}
INFO: 01:18:40.773624 self-stabilizing-binary-consensus.go:141: SEND flag=1 r=1 est={0} aux={0}
INFO: 01:18:40.773678 self-stabilizing-binary-consensus.go:200: binValues(1,3)={0}
INFO: 01:18:40.773702 self-stabilizing-binary-consensus.go:225: infoResults()={}
INFO: 01:18:40.773722 self-stabilizing-binary-consensus.go:93: round=1 repeat=27
INFO: 01:18:40.773743 self-stabilizing-binary-consensus.go:200: binValues(1,3)={0}
INFO: 01:18:40.773763 self-stabilizing-binary-consensus.go:200: binValues(1,2)={0}
INFO: 01:18:40.779693 self-stabilizing-binary-consensus.go:441: SEND flag=0 r=1 est={0} aux={0}
INFO: 01:18:40.779731 self-stabilizing-binary-consensus.go:431: RECEIVE j=1 flag=1 r=1 est={0} aux={}
INFO: 01:18:40.779741 self-stabilizing-binary-consensus.go:433: est[1][1]={0} aux[1][1]={}
INFO: 01:18:40.780302 self-stabilizing-binary-consensus.go:141: SEND flag=1 r=1 est={0} aux={0}
INFO: 01:18:40.780346 self-stabilizing-binary-consensus.go:200: binValues(1,3)={0}
INFO: 01:18:40.780369 self-stabilizing-binary-consensus.go:225: infoResults()={}
INFO: 01:18:40.780389 self-stabilizing-binary-consensus.go:93: round=1 repeat=28
INFO: 01:18:40.780409 self-stabilizing-binary-consensus.go:200: binValues(1,3)={0}
INFO: 01:18:40.780429 self-stabilizing-binary-consensus.go:200: binValues(1,2)={0}
INFO: 01:18:40.790385 self-stabilizing-binary-consensus.go:441: SEND flag=0 r=1 est={0} aux={0}
INFO: 01:18:40.792600 self-stabilizing-binary-consensus.go:431: RECEIVE j=1 flag=1 r=1 est={0} aux={}
INFO: 01:18:40.792621 self-stabilizing-binary-consensus.go:433: est[1][1]={0} aux[1][1]={}
INFO: 01:18:40.796166 self-stabilizing-binary-consensus.go:141: SEND flag=1 r=1 est={0} aux={0}
INFO: 01:18:40.796291 self-stabilizing-binary-consensus.go:200: binValues(1,3)={0}
INFO: 01:18:40.796327 self-stabilizing-binary-consensus.go:225: infoResults()={}
INFO: 01:18:40.796349 self-stabilizing-binary-consensus.go:93: round=1 repeat=29
INFO: 01:18:40.796369 self-stabilizing-binary-consensus.go:200: binValues(1,3)={0}
INFO: 01:18:40.796389 self-stabilizing-binary-consensus.go:200: binValues(1,2)={0}
INFO: 01:18:40.804256 self-stabilizing-binary-consensus.go:441: SEND flag=0 r=1 est={0} aux={0}
INFO: 01:18:40.804320 self-stabilizing-binary-consensus.go:431: RECEIVE j=1 flag=1 r=1 est={0} aux={}
INFO: 01:18:40.804336 self-stabilizing-binary-consensus.go:433: est[1][1]={0} aux[1][1]={}
INFO: 01:18:40.816730 self-stabilizing-binary-consensus.go:141: SEND flag=1 r=1 est={0} aux={0}
INFO: 01:18:40.816788 self-stabilizing-binary-consensus.go:200: binValues(1,3)={0}
INFO: 01:18:40.816980 self-stabilizing-binary-consensus.go:225: infoResults()={}
INFO: 01:18:40.817014 self-stabilizing-binary-consensus.go:93: round=1 repeat=30
INFO: 01:18:40.817036 self-stabilizing-binary-consensus.go:200: binValues(1,3)={0}
INFO: 01:18:40.817056 self-stabilizing-binary-consensus.go:200: binValues(1,2)={0}
INFO: 01:18:40.838047 self-stabilizing-binary-consensus.go:441: SEND flag=0 r=1 est={0} aux={0}
INFO: 01:18:40.838111 self-stabilizing-binary-consensus.go:431: RECEIVE j=1 flag=0 r=1 est={0} aux={}
INFO: 01:18:40.838122 self-stabilizing-binary-consensus.go:433: est[1][1]={0} aux[1][1]={}
INFO: 01:18:40.838128 self-stabilizing-binary-consensus.go:431: RECEIVE j=1 flag=0 r=1 est={0} aux={}
INFO: 01:18:40.838132 self-stabilizing-binary-consensus.go:433: est[1][1]={0} aux[1][1]={}
INFO: 01:18:40.838138 self-stabilizing-binary-consensus.go:431: RECEIVE j=1 flag=1 r=1 est={0} aux={}
INFO: 01:18:40.838142 self-stabilizing-binary-consensus.go:433: est[1][1]={0} aux[1][1]={}
INFO: 01:18:40.839991 self-stabilizing-binary-consensus.go:141: SEND flag=1 r=1 est={0} aux={0}
INFO: 01:18:40.840071 self-stabilizing-binary-consensus.go:200: binValues(1,3)={0}
INFO: 01:18:40.840103 self-stabilizing-binary-consensus.go:225: infoResults()={}
INFO: 01:18:40.840124 self-stabilizing-binary-consensus.go:93: round=1 repeat=31
INFO: 01:18:40.840144 self-stabilizing-binary-consensus.go:200: binValues(1,3)={0}
INFO: 01:18:40.840164 self-stabilizing-binary-consensus.go:200: binValues(1,2)={0}
INFO: 01:18:40.843103 self-stabilizing-binary-consensus.go:141: SEND flag=1 r=1 est={0} aux={0}
INFO: 01:18:40.843161 self-stabilizing-binary-consensus.go:200: binValues(1,3)={0}
INFO: 01:18:40.843186 self-stabilizing-binary-consensus.go:225: infoResults()={}
INFO: 01:18:40.843207 self-stabilizing-binary-consensus.go:93: round=1 repeat=32
INFO: 01:18:40.843227 self-stabilizing-binary-consensus.go:200: binValues(1,3)={0}
INFO: 01:18:40.843247 self-stabilizing-binary-consensus.go:200: binValues(1,2)={0}
INFO: 01:18:40.849878 self-stabilizing-binary-consensus.go:441: SEND flag=0 r=1 est={0} aux={0}
INFO: 01:18:40.849966 self-stabilizing-binary-consensus.go:431: RECEIVE j=1 flag=0 r=1 est={0} aux={}
INFO: 01:18:40.849991 self-stabilizing-binary-consensus.go:433: est[1][1]={0} aux[1][1]={}
INFO: 01:18:40.850001 self-stabilizing-binary-consensus.go:431: RECEIVE j=3 flag=1 r=1 est={0} aux={}
INFO: 01:18:40.850005 self-stabilizing-binary-consensus.go:433: est[1][3]={0} aux[1][3]={}
INFO: 01:18:40.852150 self-stabilizing-binary-consensus.go:141: SEND flag=1 r=1 est={0} aux={0}
INFO: 01:18:40.852265 self-stabilizing-binary-consensus.go:200: binValues(1,3)={0}
INFO: 01:18:40.852275 self-stabilizing-binary-consensus.go:225: infoResults()={}
INFO: 01:18:40.852280 self-stabilizing-binary-consensus.go:93: round=1 repeat=33
INFO: 01:18:40.852284 self-stabilizing-binary-consensus.go:200: binValues(1,3)={0}
INFO: 01:18:40.852289 self-stabilizing-binary-consensus.go:200: binValues(1,2)={0}
INFO: 01:18:40.857571 self-stabilizing-binary-consensus.go:141: SEND flag=1 r=1 est={0} aux={0}
INFO: 01:18:40.857662 self-stabilizing-binary-consensus.go:200: binValues(1,3)={0}
INFO: 01:18:40.857702 self-stabilizing-binary-consensus.go:225: infoResults()={}
INFO: 01:18:40.857736 self-stabilizing-binary-consensus.go:93: round=1 repeat=34
INFO: 01:18:40.857774 self-stabilizing-binary-consensus.go:200: binValues(1,3)={0}
INFO: 01:18:40.857808 self-stabilizing-binary-consensus.go:200: binValues(1,2)={0}
INFO: 01:18:40.862594 self-stabilizing-binary-consensus.go:141: SEND flag=1 r=1 est={0} aux={0}
INFO: 01:18:40.862685 self-stabilizing-binary-consensus.go:200: binValues(1,3)={0}
INFO: 01:18:40.862711 self-stabilizing-binary-consensus.go:225: infoResults()={}
INFO: 01:18:40.862731 self-stabilizing-binary-consensus.go:93: round=1 repeat=35
INFO: 01:18:40.862761 self-stabilizing-binary-consensus.go:200: binValues(1,3)={0}
INFO: 01:18:40.862781 self-stabilizing-binary-consensus.go:200: binValues(1,2)={0}
INFO: 01:18:40.869696 self-stabilizing-binary-consensus.go:441: SEND flag=0 r=1 est={0} aux={0}
INFO: 01:18:40.869738 self-stabilizing-binary-consensus.go:431: RECEIVE j=2 flag=1 r=1 est={0} aux={}
INFO: 01:18:40.869747 self-stabilizing-binary-consensus.go:433: est[1][2]={0} aux[1][2]={}
INFO: 01:18:40.878920 self-stabilizing-binary-consensus.go:441: SEND flag=0 r=1 est={0} aux={0}
INFO: 01:18:40.878970 self-stabilizing-binary-consensus.go:431: RECEIVE j=2 flag=0 r=1 est={0} aux={}
INFO: 01:18:40.878980 self-stabilizing-binary-consensus.go:433: est[1][2]={0} aux[1][2]={}
INFO: 01:18:40.878986 self-stabilizing-binary-consensus.go:431: RECEIVE j=2 flag=1 r=1 est={0} aux={}
INFO: 01:18:40.878991 self-stabilizing-binary-consensus.go:433: est[1][2]={0} aux[1][2]={}
INFO: 01:18:40.883693 self-stabilizing-binary-consensus.go:141: SEND flag=1 r=1 est={0} aux={0}
INFO: 01:18:40.883726 self-stabilizing-binary-consensus.go:200: binValues(1,3)={0}
INFO: 01:18:40.883734 self-stabilizing-binary-consensus.go:225: infoResults()={}
INFO: 01:18:40.883739 self-stabilizing-binary-consensus.go:93: round=1 repeat=36
INFO: 01:18:40.883743 self-stabilizing-binary-consensus.go:200: binValues(1,3)={0}
INFO: 01:18:40.883748 self-stabilizing-binary-consensus.go:200: binValues(1,2)={0}
INFO: 01:18:40.887906 self-stabilizing-binary-consensus.go:441: SEND flag=0 r=1 est={0} aux={0}
INFO: 01:18:40.887991 self-stabilizing-binary-consensus.go:431: RECEIVE j=1 flag=0 r=1 est={0} aux={}
INFO: 01:18:40.888035 self-stabilizing-binary-consensus.go:433: est[1][1]={0} aux[1][1]={}
INFO: 01:18:40.888073 self-stabilizing-binary-consensus.go:431: RECEIVE j=1 flag=1 r=1 est={0} aux={0}
INFO: 01:18:40.888108 self-stabilizing-binary-consensus.go:433: est[1][1]={0} aux[1][1]={0}
INFO: 01:18:40.896916 self-stabilizing-binary-consensus.go:441: SEND flag=0 r=1 est={0} aux={0}
INFO: 01:18:40.896995 self-stabilizing-binary-consensus.go:431: RECEIVE j=3 flag=0 r=1 est={0} aux={}
INFO: 01:18:40.897022 self-stabilizing-binary-consensus.go:433: est[1][3]={0} aux[1][3]={}
INFO: 01:18:40.897044 self-stabilizing-binary-consensus.go:431: RECEIVE j=2 flag=0 r=1 est={0} aux={}
INFO: 01:18:40.897064 self-stabilizing-binary-consensus.go:433: est[1][2]={0} aux[1][2]={}
INFO: 01:18:40.897085 self-stabilizing-binary-consensus.go:431: RECEIVE j=3 flag=1 r=1 est={0} aux={}
INFO: 01:18:40.897105 self-stabilizing-binary-consensus.go:433: est[1][3]={0} aux[1][3]={}
INFO: 01:18:40.901684 self-stabilizing-binary-consensus.go:141: SEND flag=1 r=1 est={0} aux={0}
INFO: 01:18:40.901721 self-stabilizing-binary-consensus.go:200: binValues(1,3)={0}
INFO: 01:18:40.901730 self-stabilizing-binary-consensus.go:225: infoResults()={}
INFO: 01:18:40.901734 self-stabilizing-binary-consensus.go:93: round=1 repeat=37
INFO: 01:18:40.901739 self-stabilizing-binary-consensus.go:200: binValues(1,3)={0}
INFO: 01:18:40.901743 self-stabilizing-binary-consensus.go:200: binValues(1,2)={0}
INFO: 01:18:40.903977 self-stabilizing-binary-consensus.go:441: SEND flag=0 r=1 est={0} aux={0}
INFO: 01:18:40.904054 self-stabilizing-binary-consensus.go:431: RECEIVE j=2 flag=1 r=1 est={0} aux={}
INFO: 01:18:40.904296 self-stabilizing-binary-consensus.go:433: est[1][2]={0} aux[1][2]={}
INFO: 01:18:40.906869 self-stabilizing-binary-consensus.go:141: SEND flag=1 r=1 est={0} aux={0}
INFO: 01:18:40.906897 self-stabilizing-binary-consensus.go:200: binValues(1,3)={0}
INFO: 01:18:40.906905 self-stabilizing-binary-consensus.go:225: infoResults()={}
INFO: 01:18:40.906910 self-stabilizing-binary-consensus.go:93: round=1 repeat=38
INFO: 01:18:40.906915 self-stabilizing-binary-consensus.go:200: binValues(1,3)={0}
INFO: 01:18:40.906919 self-stabilizing-binary-consensus.go:200: binValues(1,2)={0}
INFO: 01:18:40.908030 self-stabilizing-binary-consensus.go:441: SEND flag=0 r=1 est={0} aux={0}
INFO: 01:18:40.908076 self-stabilizing-binary-consensus.go:431: RECEIVE j=3 flag=0 r=1 est={0} aux={}
INFO: 01:18:40.908108 self-stabilizing-binary-consensus.go:433: est[1][3]={0} aux[1][3]={}
INFO: 01:18:40.908131 self-stabilizing-binary-consensus.go:431: RECEIVE j=1 flag=0 r=1 est={0} aux={0}
INFO: 01:18:40.908152 self-stabilizing-binary-consensus.go:433: est[1][1]={0} aux[1][1]={0}
INFO: 01:18:40.908174 self-stabilizing-binary-consensus.go:431: RECEIVE j=1 flag=1 r=1 est={0} aux={0}
INFO: 01:18:40.908195 self-stabilizing-binary-consensus.go:433: est[1][1]={0} aux[1][1]={0}
INFO: 01:18:40.908939 self-stabilizing-binary-consensus.go:141: SEND flag=1 r=1 est={0} aux={0}
INFO: 01:18:40.908976 self-stabilizing-binary-consensus.go:200: binValues(1,3)={0}
INFO: 01:18:40.908984 self-stabilizing-binary-consensus.go:225: infoResults()={}
INFO: 01:18:40.908988 self-stabilizing-binary-consensus.go:93: round=1 repeat=39
INFO: 01:18:40.908993 self-stabilizing-binary-consensus.go:200: binValues(1,3)={0}
INFO: 01:18:40.908997 self-stabilizing-binary-consensus.go:200: binValues(1,2)={0}
INFO: 01:18:40.923956 self-stabilizing-binary-consensus.go:441: SEND flag=0 r=1 est={0} aux={0}
INFO: 01:18:40.923994 self-stabilizing-binary-consensus.go:431: RECEIVE j=2 flag=0 r=1 est={0} aux={}
INFO: 01:18:40.924003 self-stabilizing-binary-consensus.go:433: est[1][2]={0} aux[1][2]={}
INFO: 01:18:40.924009 self-stabilizing-binary-consensus.go:431: RECEIVE j=3 flag=1 r=1 est={0} aux={}
INFO: 01:18:40.924014 self-stabilizing-binary-consensus.go:433: est[1][3]={0} aux[1][3]={}
INFO: 01:18:40.926976 self-stabilizing-binary-consensus.go:141: SEND flag=1 r=1 est={0} aux={0}
INFO: 01:18:40.927013 self-stabilizing-binary-consensus.go:200: binValues(1,3)={0}
INFO: 01:18:40.927022 self-stabilizing-binary-consensus.go:225: infoResults()={}
INFO: 01:18:40.927027 self-stabilizing-binary-consensus.go:93: round=1 repeat=40
INFO: 01:18:40.927031 self-stabilizing-binary-consensus.go:200: binValues(1,3)={0}
INFO: 01:18:40.927035 self-stabilizing-binary-consensus.go:200: binValues(1,2)={0}
INFO: 01:18:40.927916 self-stabilizing-binary-consensus.go:441: SEND flag=0 r=1 est={0} aux={0}
INFO: 01:18:40.927942 self-stabilizing-binary-consensus.go:431: RECEIVE j=1 flag=0 r=1 est={0} aux={0}
INFO: 01:18:40.927961 self-stabilizing-binary-consensus.go:433: est[1][1]={0} aux[1][1]={0}
INFO: 01:18:40.927969 self-stabilizing-binary-consensus.go:431: RECEIVE j=3 flag=0 r=1 est={0} aux={}
INFO: 01:18:40.927974 self-stabilizing-binary-consensus.go:433: est[1][3]={0} aux[1][3]={}
INFO: 01:18:40.927979 self-stabilizing-binary-consensus.go:431: RECEIVE j=1 flag=1 r=1 est={0} aux={0}
INFO: 01:18:40.927984 self-stabilizing-binary-consensus.go:433: est[1][1]={0} aux[1][1]={0}
INFO: 01:18:40.938205 self-stabilizing-binary-consensus.go:441: SEND flag=0 r=1 est={0} aux={0}
INFO: 01:18:40.938265 self-stabilizing-binary-consensus.go:431: RECEIVE j=2 flag=1 r=1 est={0} aux={}
INFO: 01:18:40.938274 self-stabilizing-binary-consensus.go:433: est[1][2]={0} aux[1][2]={}
INFO: 01:18:40.943607 self-stabilizing-binary-consensus.go:141: SEND flag=1 r=1 est={0} aux={0}
INFO: 01:18:40.943657 self-stabilizing-binary-consensus.go:200: binValues(1,3)={0}
INFO: 01:18:40.943665 self-stabilizing-binary-consensus.go:225: infoResults()={}
INFO: 01:18:40.943673 self-stabilizing-binary-consensus.go:93: round=1 repeat=41
INFO: 01:18:40.943678 self-stabilizing-binary-consensus.go:200: binValues(1,3)={0}
INFO: 01:18:40.943682 self-stabilizing-binary-consensus.go:200: binValues(1,2)={0}
INFO: 01:18:40.951554 self-stabilizing-binary-consensus.go:441: SEND flag=0 r=1 est={0} aux={0}
INFO: 01:18:40.951591 self-stabilizing-binary-consensus.go:431: RECEIVE j=2 flag=0 r=1 est={0} aux={}
INFO: 01:18:40.951603 self-stabilizing-binary-consensus.go:433: est[1][2]={0} aux[1][2]={}
INFO: 01:18:40.951610 self-stabilizing-binary-consensus.go:431: RECEIVE j=3 flag=1 r=1 est={0} aux={}
INFO: 01:18:40.951614 self-stabilizing-binary-consensus.go:433: est[1][3]={0} aux[1][3]={}
INFO: 01:18:40.967167 self-stabilizing-binary-consensus.go:441: SEND flag=0 r=1 est={0} aux={0}
INFO: 01:18:40.967204 self-stabilizing-binary-consensus.go:431: RECEIVE j=2 flag=0 r=1 est={0} aux={}
INFO: 01:18:40.967221 self-stabilizing-binary-consensus.go:433: est[1][2]={0} aux[1][2]={}
INFO: 01:18:40.967228 self-stabilizing-binary-consensus.go:431: RECEIVE j=3 flag=0 r=1 est={0} aux={}
INFO: 01:18:40.967234 self-stabilizing-binary-consensus.go:433: est[1][3]={0} aux[1][3]={}
INFO: 01:18:40.967240 self-stabilizing-binary-consensus.go:431: RECEIVE j=3 flag=0 r=1 est={0} aux={}
INFO: 01:18:40.967244 self-stabilizing-binary-consensus.go:433: est[1][3]={0} aux[1][3]={}
INFO: 01:18:40.967250 self-stabilizing-binary-consensus.go:431: RECEIVE j=3 flag=1 r=1 est={0} aux={}
INFO: 01:18:40.967254 self-stabilizing-binary-consensus.go:433: est[1][3]={0} aux[1][3]={}
INFO: 01:18:40.977256 self-stabilizing-binary-consensus.go:141: SEND flag=1 r=1 est={0} aux={0}
INFO: 01:18:40.977307 self-stabilizing-binary-consensus.go:200: binValues(1,3)={0}
INFO: 01:18:40.977316 self-stabilizing-binary-consensus.go:225: infoResults()={}
INFO: 01:18:40.977321 self-stabilizing-binary-consensus.go:93: round=1 repeat=42
INFO: 01:18:40.977326 self-stabilizing-binary-consensus.go:200: binValues(1,3)={0}
INFO: 01:18:40.977330 self-stabilizing-binary-consensus.go:200: binValues(1,2)={0}
INFO: 01:18:40.980564 self-stabilizing-binary-consensus.go:441: SEND flag=0 r=1 est={0} aux={0}
INFO: 01:18:40.980665 self-stabilizing-binary-consensus.go:431: RECEIVE j=1 flag=0 r=1 est={0} aux={0}
INFO: 01:18:40.980698 self-stabilizing-binary-consensus.go:433: est[1][1]={0} aux[1][1]={0}
INFO: 01:18:40.980720 self-stabilizing-binary-consensus.go:431: RECEIVE j=1 flag=1 r=1 est={0} aux={0}
INFO: 01:18:40.980741 self-stabilizing-binary-consensus.go:433: est[1][1]={0} aux[1][1]={0}
INFO: 01:18:40.983387 self-stabilizing-binary-consensus.go:141: SEND flag=1 r=1 est={0} aux={0}
INFO: 01:18:40.983462 self-stabilizing-binary-consensus.go:200: binValues(1,3)={0}
INFO: 01:18:40.983472 self-stabilizing-binary-consensus.go:225: infoResults()={}
INFO: 01:18:40.983477 self-stabilizing-binary-consensus.go:93: round=1 repeat=43
INFO: 01:18:40.983482 self-stabilizing-binary-consensus.go:200: binValues(1,3)={0}
INFO: 01:18:40.983486 self-stabilizing-binary-consensus.go:200: binValues(1,2)={0}
INFO: 01:18:40.984621 self-stabilizing-binary-consensus.go:441: SEND flag=0 r=1 est={0} aux={0}
INFO: 01:18:40.984688 self-stabilizing-binary-consensus.go:431: RECEIVE j=2 flag=0 r=1 est={0} aux={}
INFO: 01:18:40.984721 self-stabilizing-binary-consensus.go:433: est[1][2]={0} aux[1][2]={}
INFO: 01:18:40.984743 self-stabilizing-binary-consensus.go:431: RECEIVE j=2 flag=1 r=1 est={0} aux={}
INFO: 01:18:40.985511 self-stabilizing-binary-consensus.go:433: est[1][2]={0} aux[1][2]={}
INFO: 01:18:40.990336 self-stabilizing-binary-consensus.go:141: SEND flag=1 r=1 est={0} aux={0}
INFO: 01:18:40.990376 self-stabilizing-binary-consensus.go:200: binValues(1,3)={0}
INFO: 01:18:40.990385 self-stabilizing-binary-consensus.go:225: infoResults()={}
INFO: 01:18:40.990390 self-stabilizing-binary-consensus.go:93: round=1 repeat=44
INFO: 01:18:40.990395 self-stabilizing-binary-consensus.go:200: binValues(1,3)={0}
INFO: 01:18:40.990399 self-stabilizing-binary-consensus.go:200: binValues(1,2)={0}
INFO: 01:18:40.999005 self-stabilizing-binary-consensus.go:441: SEND flag=0 r=1 est={0} aux={0}
INFO: 01:18:40.999036 self-stabilizing-binary-consensus.go:431: RECEIVE j=3 flag=0 r=1 est={0} aux={}
INFO: 01:18:40.999043 self-stabilizing-binary-consensus.go:433: est[1][3]={0} aux[1][3]={}
INFO: 01:18:40.999049 self-stabilizing-binary-consensus.go:431: RECEIVE j=2 flag=1 r=1 est={0} aux={}
INFO: 01:18:40.999053 self-stabilizing-binary-consensus.go:433: est[1][2]={0} aux[1][2]={}
INFO: 01:18:41.001364 self-stabilizing-binary-consensus.go:141: SEND flag=1 r=1 est={0} aux={0}
INFO: 01:18:41.001399 self-stabilizing-binary-consensus.go:200: binValues(1,3)={0}
INFO: 01:18:41.001408 self-stabilizing-binary-consensus.go:225: infoResults()={}
INFO: 01:18:41.001412 self-stabilizing-binary-consensus.go:93: round=1 repeat=45
INFO: 01:18:41.001417 self-stabilizing-binary-consensus.go:200: binValues(1,3)={0}
INFO: 01:18:41.001429 self-stabilizing-binary-consensus.go:200: binValues(1,2)={0}
INFO: 01:18:41.006226 self-stabilizing-binary-consensus.go:441: SEND flag=0 r=1 est={0} aux={0}
INFO: 01:18:41.006286 self-stabilizing-binary-consensus.go:431: RECEIVE j=1 flag=0 r=1 est={0} aux={0}
INFO: 01:18:41.006297 self-stabilizing-binary-consensus.go:433: est[1][1]={0} aux[1][1]={0}
INFO: 01:18:41.006304 self-stabilizing-binary-consensus.go:431: RECEIVE j=2 flag=0 r=1 est={0} aux={}
INFO: 01:18:41.006315 self-stabilizing-binary-consensus.go:433: est[1][2]={0} aux[1][2]={}
INFO: 01:18:41.006322 self-stabilizing-binary-consensus.go:431: RECEIVE j=3 flag=1 r=1 est={0} aux={}
INFO: 01:18:41.006327 self-stabilizing-binary-consensus.go:433: est[1][3]={0} aux[1][3]={}
INFO: 01:18:41.011897 self-stabilizing-binary-consensus.go:141: SEND flag=1 r=1 est={0} aux={0}
INFO: 01:18:41.011936 self-stabilizing-binary-consensus.go:200: binValues(1,3)={0}
INFO: 01:18:41.011944 self-stabilizing-binary-consensus.go:225: infoResults()={}
INFO: 01:18:41.011949 self-stabilizing-binary-consensus.go:93: round=1 repeat=46
INFO: 01:18:41.011954 self-stabilizing-binary-consensus.go:200: binValues(1,3)={0}
INFO: 01:18:41.011958 self-stabilizing-binary-consensus.go:200: binValues(1,2)={0}
INFO: 01:18:41.015622 self-stabilizing-binary-consensus.go:441: SEND flag=0 r=1 est={0} aux={0}
INFO: 01:18:41.015658 self-stabilizing-binary-consensus.go:431: RECEIVE j=1 flag=1 r=1 est={0} aux={0}
INFO: 01:18:41.015667 self-stabilizing-binary-consensus.go:433: est[1][1]={0} aux[1][1]={0}
INFO: 01:18:41.022754 self-stabilizing-binary-consensus.go:441: SEND flag=0 r=1 est={0} aux={0}
INFO: 01:18:41.022855 self-stabilizing-binary-consensus.go:431: RECEIVE j=2 flag=1 r=1 est={0} aux={}
INFO: 01:18:41.022888 self-stabilizing-binary-consensus.go:433: est[1][2]={0} aux[1][2]={}
INFO: 01:18:41.046757 self-stabilizing-binary-consensus.go:441: SEND flag=0 r=1 est={0} aux={0}
INFO: 01:18:41.046806 self-stabilizing-binary-consensus.go:431: RECEIVE j=1 flag=0 r=1 est={0} aux={0}
INFO: 01:18:41.046815 self-stabilizing-binary-consensus.go:433: est[1][1]={0} aux[1][1]={0}
INFO: 01:18:41.046821 self-stabilizing-binary-consensus.go:431: RECEIVE j=3 flag=0 r=1 est={0} aux={}
INFO: 01:18:41.046826 self-stabilizing-binary-consensus.go:433: est[1][3]={0} aux[1][3]={}
INFO: 01:18:41.046832 self-stabilizing-binary-consensus.go:431: RECEIVE j=2 flag=0 r=1 est={0} aux={}
INFO: 01:18:41.046837 self-stabilizing-binary-consensus.go:433: est[1][2]={0} aux[1][2]={}
INFO: 01:18:41.046842 self-stabilizing-binary-consensus.go:431: RECEIVE j=3 flag=1 r=1 est={0} aux={}
INFO: 01:18:41.046847 self-stabilizing-binary-consensus.go:433: est[1][3]={0} aux[1][3]={}
INFO: 01:18:41.056058 self-stabilizing-binary-consensus.go:141: SEND flag=1 r=1 est={0} aux={0}
INFO: 01:18:41.056174 self-stabilizing-binary-consensus.go:200: binValues(1,3)={0}
INFO: 01:18:41.056184 self-stabilizing-binary-consensus.go:225: infoResults()={}
INFO: 01:18:41.056189 self-stabilizing-binary-consensus.go:93: round=1 repeat=47
INFO: 01:18:41.056193 self-stabilizing-binary-consensus.go:200: binValues(1,3)={0}
INFO: 01:18:41.056197 self-stabilizing-binary-consensus.go:200: binValues(1,2)={0}
INFO: 01:18:41.082645 self-stabilizing-binary-consensus.go:441: SEND flag=0 r=1 est={0} aux={0}
INFO: 01:18:41.082694 self-stabilizing-binary-consensus.go:431: RECEIVE j=1 flag=0 r=1 est={0} aux={0}
INFO: 01:18:41.082707 self-stabilizing-binary-consensus.go:433: est[1][1]={0} aux[1][1]={0}
INFO: 01:18:41.082716 self-stabilizing-binary-consensus.go:431: RECEIVE j=2 flag=1 r=1 est={0} aux={}
INFO: 01:18:41.082723 self-stabilizing-binary-consensus.go:433: est[1][2]={0} aux[1][2]={}
INFO: 01:18:41.089935 self-stabilizing-binary-consensus.go:141: SEND flag=1 r=1 est={0} aux={0}
INFO: 01:18:41.089979 self-stabilizing-binary-consensus.go:200: binValues(1,3)={0}
INFO: 01:18:41.089988 self-stabilizing-binary-consensus.go:225: infoResults()={}
INFO: 01:18:41.089993 self-stabilizing-binary-consensus.go:93: round=1 repeat=48
INFO: 01:18:41.090006 self-stabilizing-binary-consensus.go:200: binValues(1,3)={0}
INFO: 01:18:41.090012 self-stabilizing-binary-consensus.go:200: binValues(1,2)={0}
INFO: 01:18:41.097369 self-stabilizing-binary-consensus.go:441: SEND flag=0 r=1 est={0} aux={0}
INFO: 01:18:41.097832 self-stabilizing-binary-consensus.go:431: RECEIVE j=3 flag=0 r=1 est={0} aux={}
INFO: 01:18:41.098015 self-stabilizing-binary-consensus.go:433: est[1][3]={0} aux[1][3]={}
INFO: 01:18:41.098102 self-stabilizing-binary-consensus.go:431: RECEIVE j=3 flag=0 r=1 est={0} aux={}
INFO: 01:18:41.098135 self-stabilizing-binary-consensus.go:433: est[1][3]={0} aux[1][3]={}
INFO: 01:18:41.098157 self-stabilizing-binary-consensus.go:431: RECEIVE j=3 flag=1 r=1 est={0} aux={}
INFO: 01:18:41.098177 self-stabilizing-binary-consensus.go:433: est[1][3]={0} aux[1][3]={}
INFO: 01:18:41.110737 self-stabilizing-binary-consensus.go:141: SEND flag=1 r=1 est={0} aux={0}
INFO: 01:18:41.110772 self-stabilizing-binary-consensus.go:200: binValues(1,3)={0}
INFO: 01:18:41.110781 self-stabilizing-binary-consensus.go:225: infoResults()={}
INFO: 01:18:41.110785 self-stabilizing-binary-consensus.go:93: round=1 repeat=49
INFO: 01:18:41.110790 self-stabilizing-binary-consensus.go:200: binValues(1,3)={0}
INFO: 01:18:41.110794 self-stabilizing-binary-consensus.go:200: binValues(1,2)={0}
INFO: 01:18:41.121415 self-stabilizing-binary-consensus.go:441: SEND flag=0 r=1 est={0} aux={0}
INFO: 01:18:41.121455 self-stabilizing-binary-consensus.go:431: RECEIVE j=2 flag=0 r=1 est={0} aux={}
INFO: 01:18:41.121488 self-stabilizing-binary-consensus.go:433: est[1][2]={0} aux[1][2]={}
INFO: 01:18:41.121495 self-stabilizing-binary-consensus.go:431: RECEIVE j=2 flag=1 r=1 est={0} aux={}
INFO: 01:18:41.121499 self-stabilizing-binary-consensus.go:433: est[1][2]={0} aux[1][2]={}
INFO: 01:18:41.126026 self-stabilizing-binary-consensus.go:141: SEND flag=1 r=1 est={0} aux={0}
INFO: 01:18:41.126084 self-stabilizing-binary-consensus.go:200: binValues(1,3)={0}
INFO: 01:18:41.126109 self-stabilizing-binary-consensus.go:225: infoResults()={}
INFO: 01:18:41.126129 self-stabilizing-binary-consensus.go:93: round=1 repeat=50
INFO: 01:18:41.126152 self-stabilizing-binary-consensus.go:200: binValues(1,3)={0}
INFO: 01:18:41.126172 self-stabilizing-binary-consensus.go:200: binValues(1,2)={0}
INFO: 01:18:41.131926 self-stabilizing-binary-consensus.go:441: SEND flag=0 r=1 est={0} aux={0}
INFO: 01:18:41.132041 self-stabilizing-binary-consensus.go:431: RECEIVE j=3 flag=0 r=1 est={0} aux={}
INFO: 01:18:41.132075 self-stabilizing-binary-consensus.go:433: est[1][3]={0} aux[1][3]={}
INFO: 01:18:41.132097 self-stabilizing-binary-consensus.go:431: RECEIVE j=1 flag=1 r=1 est={0} aux={0}
INFO: 01:18:41.132155 self-stabilizing-binary-consensus.go:433: est[1][1]={0} aux[1][1]={0}
INFO: 01:18:41.134764 self-stabilizing-binary-consensus.go:141: SEND flag=1 r=1 est={0} aux={0}
INFO: 01:18:41.134801 self-stabilizing-binary-consensus.go:200: binValues(1,3)={0}
INFO: 01:18:41.134811 self-stabilizing-binary-consensus.go:225: infoResults()={}
INFO: 01:18:41.134816 self-stabilizing-binary-consensus.go:93: round=1 repeat=51
INFO: 01:18:41.134823 self-stabilizing-binary-consensus.go:200: binValues(1,3)={0}
INFO: 01:18:41.134827 self-stabilizing-binary-consensus.go:200: binValues(1,2)={0}
INFO: 01:18:41.146952 self-stabilizing-binary-consensus.go:141: SEND flag=1 r=1 est={0} aux={0}
INFO: 01:18:41.146989 self-stabilizing-binary-consensus.go:200: binValues(1,3)={0}
INFO: 01:18:41.146998 self-stabilizing-binary-consensus.go:225: infoResults()={}
INFO: 01:18:41.147003 self-stabilizing-binary-consensus.go:93: round=1 repeat=52
INFO: 01:18:41.147007 self-stabilizing-binary-consensus.go:200: binValues(1,3)={0}
INFO: 01:18:41.147011 self-stabilizing-binary-consensus.go:200: binValues(1,2)={0}
INFO: 01:18:41.164357 self-stabilizing-binary-consensus.go:441: SEND flag=0 r=1 est={0} aux={0}
INFO: 01:18:41.164408 self-stabilizing-binary-consensus.go:431: RECEIVE j=2 flag=1 r=1 est={0} aux={}
INFO: 01:18:41.164418 self-stabilizing-binary-consensus.go:433: est[1][2]={0} aux[1][2]={}
INFO: 01:18:41.174344 self-stabilizing-binary-consensus.go:141: SEND flag=1 r=1 est={0} aux={0}
INFO: 01:18:41.174394 self-stabilizing-binary-consensus.go:200: binValues(1,3)={0}
INFO: 01:18:41.174442 self-stabilizing-binary-consensus.go:225: infoResults()={}
INFO: 01:18:41.174468 self-stabilizing-binary-consensus.go:93: round=1 repeat=53
INFO: 01:18:41.174486 self-stabilizing-binary-consensus.go:200: binValues(1,3)={0}
INFO: 01:18:41.174503 self-stabilizing-binary-consensus.go:200: binValues(1,2)={0}
INFO: 01:18:41.179522 self-stabilizing-binary-consensus.go:141: SEND flag=1 r=1 est={0} aux={0}
INFO: 01:18:41.179580 self-stabilizing-binary-consensus.go:200: binValues(1,3)={0}
INFO: 01:18:41.179645 self-stabilizing-binary-consensus.go:225: infoResults()={}
INFO: 01:18:41.179674 self-stabilizing-binary-consensus.go:93: round=1 repeat=54
INFO: 01:18:41.179693 self-stabilizing-binary-consensus.go:200: binValues(1,3)={0}
INFO: 01:18:41.179710 self-stabilizing-binary-consensus.go:200: binValues(1,2)={0}
INFO: 01:18:41.189092 self-stabilizing-binary-consensus.go:141: SEND flag=1 r=1 est={0} aux={0}
INFO: 01:18:41.189122 self-stabilizing-binary-consensus.go:200: binValues(1,3)={0}
INFO: 01:18:41.189129 self-stabilizing-binary-consensus.go:225: infoResults()={}
INFO: 01:18:41.189134 self-stabilizing-binary-consensus.go:93: round=1 repeat=55
INFO: 01:18:41.189138 self-stabilizing-binary-consensus.go:200: binValues(1,3)={0}
INFO: 01:18:41.189142 self-stabilizing-binary-consensus.go:200: binValues(1,2)={0}
INFO: 01:18:41.192934 self-stabilizing-binary-consensus.go:141: SEND flag=1 r=1 est={0} aux={0}
INFO: 01:18:41.192966 self-stabilizing-binary-consensus.go:200: binValues(1,3)={0}
INFO: 01:18:41.192975 self-stabilizing-binary-consensus.go:225: infoResults()={}
INFO: 01:18:41.192979 self-stabilizing-binary-consensus.go:93: round=1 repeat=56
INFO: 01:18:41.192986 self-stabilizing-binary-consensus.go:200: binValues(1,3)={0}
INFO: 01:18:41.192991 self-stabilizing-binary-consensus.go:200: binValues(1,2)={0}
INFO: 01:18:41.205767 self-stabilizing-binary-consensus.go:441: SEND flag=0 r=1 est={0} aux={0}
INFO: 01:18:41.205807 self-stabilizing-binary-consensus.go:431: RECEIVE j=3 flag=0 r=1 est={0} aux={}
INFO: 01:18:41.205816 self-stabilizing-binary-consensus.go:433: est[1][3]={0} aux[1][3]={}
INFO: 01:18:41.205822 self-stabilizing-binary-consensus.go:431: RECEIVE j=1 flag=0 r=1 est={0} aux={0}
INFO: 01:18:41.205827 self-stabilizing-binary-consensus.go:433: est[1][1]={0} aux[1][1]={0}
INFO: 01:18:41.205832 self-stabilizing-binary-consensus.go:431: RECEIVE j=2 flag=0 r=1 est={0} aux={}
INFO: 01:18:41.205855 self-stabilizing-binary-consensus.go:433: est[1][2]={0} aux[1][2]={}
INFO: 01:18:41.205864 self-stabilizing-binary-consensus.go:431: RECEIVE j=1 flag=1 r=1 est={0} aux={0}
INFO: 01:18:41.205869 self-stabilizing-binary-consensus.go:433: est[1][1]={0} aux[1][1]={0}
INFO: 01:18:41.208424 self-stabilizing-binary-consensus.go:141: SEND flag=1 r=1 est={0} aux={0}
INFO: 01:18:41.208629 self-stabilizing-binary-consensus.go:200: binValues(1,3)={0}
INFO: 01:18:41.208780 self-stabilizing-binary-consensus.go:225: infoResults()={}
INFO: 01:18:41.208811 self-stabilizing-binary-consensus.go:93: round=1 repeat=57
INFO: 01:18:41.208830 self-stabilizing-binary-consensus.go:200: binValues(1,3)={0}
INFO: 01:18:41.208847 self-stabilizing-binary-consensus.go:200: binValues(1,2)={0}
INFO: 01:18:41.214779 self-stabilizing-binary-consensus.go:441: SEND flag=0 r=1 est={0} aux={0}
INFO: 01:18:41.214917 self-stabilizing-binary-consensus.go:431: RECEIVE j=1 flag=0 r=1 est={0} aux={0}
INFO: 01:18:41.214945 self-stabilizing-binary-consensus.go:433: est[1][1]={0} aux[1][1]={0}
INFO: 01:18:41.215010 self-stabilizing-binary-consensus.go:431: RECEIVE j=2 flag=1 r=1 est={0} aux={}
INFO: 01:18:41.215043 self-stabilizing-binary-consensus.go:433: est[1][2]={0} aux[1][2]={}
INFO: 01:18:41.218581 self-stabilizing-binary-consensus.go:441: SEND flag=0 r=1 est={0} aux={0}
INFO: 01:18:41.218665 self-stabilizing-binary-consensus.go:431: RECEIVE j=3 flag=1 r=1 est={0} aux={}
INFO: 01:18:41.218707 self-stabilizing-binary-consensus.go:433: est[1][3]={0} aux[1][3]={}
INFO: 01:18:41.218669 self-stabilizing-binary-consensus.go:141: SEND flag=1 r=1 est={0} aux={0}
INFO: 01:18:41.218943 self-stabilizing-binary-consensus.go:200: binValues(1,3)={0}
INFO: 01:18:41.218952 self-stabilizing-binary-consensus.go:225: infoResults()={}
INFO: 01:18:41.218956 self-stabilizing-binary-consensus.go:93: round=1 repeat=58
INFO: 01:18:41.218961 self-stabilizing-binary-consensus.go:200: binValues(1,3)={0}
INFO: 01:18:41.218965 self-stabilizing-binary-consensus.go:200: binValues(1,2)={0}
INFO: 01:18:41.222162 self-stabilizing-binary-consensus.go:141: SEND flag=1 r=1 est={0} aux={0}
INFO: 01:18:41.222228 self-stabilizing-binary-consensus.go:200: binValues(1,3)={0}
INFO: 01:18:41.222258 self-stabilizing-binary-consensus.go:225: infoResults()={}
INFO: 01:18:41.222283 self-stabilizing-binary-consensus.go:93: round=1 repeat=59
INFO: 01:18:41.222307 self-stabilizing-binary-consensus.go:200: binValues(1,3)={0}
INFO: 01:18:41.222332 self-stabilizing-binary-consensus.go:200: binValues(1,2)={0}
INFO: 01:18:41.226252 self-stabilizing-binary-consensus.go:441: SEND flag=0 r=1 est={0} aux={0}
INFO: 01:18:41.226313 self-stabilizing-binary-consensus.go:431: RECEIVE j=1 flag=0 r=1 est={0} aux={0}
INFO: 01:18:41.226335 self-stabilizing-binary-consensus.go:433: est[1][1]={0} aux[1][1]={0}
INFO: 01:18:41.226355 self-stabilizing-binary-consensus.go:431: RECEIVE j=3 flag=0 r=1 est={0} aux={}
INFO: 01:18:41.226375 self-stabilizing-binary-consensus.go:433: est[1][3]={0} aux[1][3]={}
INFO: 01:18:41.226393 self-stabilizing-binary-consensus.go:431: RECEIVE j=1 flag=1 r=1 est={0} aux={0}
INFO: 01:18:41.226411 self-stabilizing-binary-consensus.go:433: est[1][1]={0} aux[1][1]={0}
INFO: 01:18:41.232553 self-stabilizing-binary-consensus.go:141: SEND flag=1 r=1 est={0} aux={0}
INFO: 01:18:41.232621 self-stabilizing-binary-consensus.go:200: binValues(1,3)={0}
INFO: 01:18:41.232817 self-stabilizing-binary-consensus.go:225: infoResults()={}
INFO: 01:18:41.232840 self-stabilizing-binary-consensus.go:93: round=1 repeat=60
INFO: 01:18:41.232848 self-stabilizing-binary-consensus.go:200: binValues(1,3)={0}
INFO: 01:18:41.232853 self-stabilizing-binary-consensus.go:200: binValues(1,2)={0}
INFO: 01:18:41.237401 self-stabilizing-binary-consensus.go:441: SEND flag=0 r=1 est={0} aux={0}
INFO: 01:18:41.237499 self-stabilizing-binary-consensus.go:431: RECEIVE j=2 flag=1 r=1 est={0} aux={}
INFO: 01:18:41.237592 self-stabilizing-binary-consensus.go:433: est[1][2]={0} aux[1][2]={}
INFO: 01:18:46.243022 self-stabilizing-binary-consensus.go:141: SEND flag=1 r=1 est={0} aux={0}
INFO: 01:18:46.244323 self-stabilizing-binary-consensus.go:200: binValues(1,3)={0}
INFO: 01:18:46.244429 self-stabilizing-binary-consensus.go:225: infoResults()={}
INFO: 01:18:46.244500 self-stabilizing-binary-consensus.go:93: round=1 repeat=61
INFO: 01:18:46.244572 self-stabilizing-binary-consensus.go:200: binValues(1,3)={0}
INFO: 01:18:46.244640 self-stabilizing-binary-consensus.go:200: binValues(1,2)={0}
INFO: 01:18:51.244672 self-stabilizing-binary-consensus.go:441: SEND flag=0 r=1 est={0} aux={0}
INFO: 01:18:51.244726 self-stabilizing-binary-consensus.go:431: RECEIVE j=3 flag=1 r=1 est={0} aux={}
INFO: 01:18:51.244737 self-stabilizing-binary-consensus.go:433: est[1][3]={0} aux[1][3]={}
