INFO: 21:43:42.678033 main.go:29: ID:0 | N:10 | F:3 | Clients:1 | Scenario:NORMAL | Remote:false

INFO: 21:43:42.678622 messenger.go:90: Receive from Server 1 on tcp://*:4001
INFO: 21:43:42.679004 messenger.go:107: Send to Server 1 on tcp://localhost:4100
INFO: 21:43:42.679146 messenger.go:90: Receive from Server 2 on tcp://*:4002
INFO: 21:43:42.679276 messenger.go:107: Send to Server 2 on tcp://localhost:4200
INFO: 21:43:42.679451 messenger.go:90: Receive from Server 3 on tcp://*:4003
INFO: 21:43:42.679527 messenger.go:107: Send to Server 3 on tcp://localhost:4300
INFO: 21:43:42.679733 messenger.go:90: Receive from Server 4 on tcp://*:4004
INFO: 21:43:42.679811 messenger.go:107: Send to Server 4 on tcp://localhost:4400
INFO: 21:43:42.679996 messenger.go:90: Receive from Server 5 on tcp://*:4005
INFO: 21:43:42.680068 messenger.go:107: Send to Server 5 on tcp://localhost:4500
INFO: 21:43:42.680386 messenger.go:90: Receive from Server 6 on tcp://*:4006
INFO: 21:43:42.683788 messenger.go:107: Send to Server 6 on tcp://localhost:4600
INFO: 21:43:42.684886 messenger.go:90: Receive from Server 7 on tcp://*:4007
INFO: 21:43:42.685763 messenger.go:107: Send to Server 7 on tcp://localhost:4700
INFO: 21:43:42.686774 messenger.go:90: Receive from Server 8 on tcp://*:4008
INFO: 21:43:42.688494 messenger.go:107: Send to Server 8 on tcp://localhost:4800
INFO: 21:43:42.690515 messenger.go:90: Receive from Server 9 on tcp://*:4009
INFO: 21:43:42.690790 messenger.go:107: Send to Server 9 on tcp://localhost:4900
INFO: 21:43:42.692367 messenger.go:113: -----------------------------------------
INFO: 21:43:42.692696 messenger.go:135: Requests from Client 0 on tcp://*:7000
INFO: 21:43:42.692973 messenger.go:152: Response to Client 0 on tcp://*:10000
INFO: 21:43:42.693063 messenger.go:155: -----------------------------------------

INFO: 21:43:42.707402 main.go:83: Initial estimate value:  0
INFO: 21:43:42.783020 messenger.go:346: RECEIVED EST from 6
INFO: 21:43:42.831492 messenger.go:346: RECEIVED EST from 7
INFO: 21:43:42.936189 messenger.go:346: RECEIVED EST from 8
INFO: 21:43:42.937168 messenger.go:346: RECEIVED EST from 9
INFO: 21:43:42.952020 messenger.go:270: SENT EST to 5
INFO: 21:43:42.968514 messenger.go:270: SENT EST to 3
INFO: 21:43:42.968519 messenger.go:270: SENT EST to 7
INFO: 21:43:42.968675 messenger.go:346: RECEIVED EST from 5
INFO: 21:43:42.979239 messenger.go:346: RECEIVED EST from 4
INFO: 21:43:42.980124 messenger.go:346: RECEIVED EST from 2
INFO: 21:43:42.980130 messenger.go:270: SENT EST to 8
INFO: 21:43:42.980131 messenger.go:270: SENT EST to 9
INFO: 21:43:42.980134 messenger.go:270: SENT EST to 1
INFO: 21:43:42.980137 messenger.go:270: SENT EST to 2
INFO: 21:43:42.982334 messenger.go:346: RECEIVED EST from 3
INFO: 21:43:42.987009 messenger.go:270: SENT EST to 4
INFO: 21:43:42.990466 messenger.go:346: RECEIVED EST from 1
INFO: 21:43:42.991366 messenger.go:270: SENT EST to 6
