INFO: 01:01:36.651501 main.go:29: ID:0 | N:4 | F:1 | Clients:1 | Scenario:NORMAL | Remote:false

INFO: 01:01:36.652179 messenger.go:91: Receive from Server 1 on tcp://*:4001
INFO: 01:01:36.652494 messenger.go:108: Send to Server 1 on tcp://localhost:4100
INFO: 01:01:36.652683 messenger.go:91: Receive from Server 2 on tcp://*:4002
INFO: 01:01:36.652746 messenger.go:108: Send to Server 2 on tcp://localhost:4200
INFO: 01:01:36.652801 messenger.go:91: Receive from Server 3 on tcp://*:4003
INFO: 01:01:36.652844 messenger.go:108: Send to Server 3 on tcp://localhost:4300
INFO: 01:01:36.652866 messenger.go:114: -----------------------------------------
INFO: 01:01:36.652905 messenger.go:136: Requests from Client 0 on tcp://*:7000
INFO: 01:01:36.652947 messenger.go:153: Response to Client 0 on tcp://*:10000
INFO: 01:01:36.652969 messenger.go:156: -----------------------------------------

INFO: 01:01:36.655111 main.go:83: Initial estimate value:  0
INFO: 01:01:36.655170 self-stabilizing-binary-consensus.go:96: round=1 repeat=1
INFO: 01:01:36.655198 self-stabilizing-binary-consensus.go:210: binValues(1,3)={}
INFO: 01:01:36.655217 self-stabilizing-binary-consensus.go:210: binValues(1,2)={}
INFO: 01:01:36.663248 self-stabilizing-binary-consensus.go:146: SEND OLD flag=1 r=1 est={0} aux={}
INFO: 01:01:36.667962 self-stabilizing-binary-consensus.go:445: RECEIVE j=3 flag=true r=1 est={1} aux={}
INFO: 01:01:36.668016 self-stabilizing-binary-consensus.go:447: est[1][3]={1} aux[1][3]={}
INFO: 01:01:36.674277 messenger.go:302: SEND j=3 flag=true r=1 est={0} aux={}
INFO: 01:01:36.676099 messenger.go:302: SEND j=1 flag=true r=1 est={0} aux={}
INFO: 01:01:36.676292 messenger.go:302: SEND j=1 flag=false r=1 est={0} aux={}
INFO: 01:01:36.677007 messenger.go:302: SEND j=2 flag=true r=1 est={0} aux={}
INFO: 01:01:36.677392 self-stabilizing-binary-consensus.go:455: SEND OLD flag=0 r=1 est={0} aux={}
INFO: 01:01:36.677418 self-stabilizing-binary-consensus.go:445: RECEIVE j=1 flag=true r=1 est={0} aux={}
INFO: 01:01:36.677426 self-stabilizing-binary-consensus.go:447: est[1][1]={0} aux[1][1]={}
INFO: 01:01:36.687785 messenger.go:302: SEND j=1 flag=false r=1 est={0} aux={}
INFO: 01:01:36.687954 messenger.go:302: SEND j=3 flag=false r=1 est={0} aux={}
INFO: 01:01:36.694400 messenger.go:302: SEND j=2 flag=false r=1 est={0} aux={}
INFO: 01:01:36.695158 self-stabilizing-binary-consensus.go:455: SEND OLD flag=0 r=1 est={0} aux={}
INFO: 01:01:36.695201 self-stabilizing-binary-consensus.go:445: RECEIVE j=2 flag=true r=1 est={1} aux={}
INFO: 01:01:36.695214 self-stabilizing-binary-consensus.go:447: est[1][2]={1} aux[1][2]={}
INFO: 01:01:36.700397 messenger.go:302: SEND j=1 flag=false r=1 est={0} aux={}
INFO: 01:01:36.701664 messenger.go:302: SEND j=3 flag=false r=1 est={0} aux={}
INFO: 01:01:36.702601 messenger.go:302: SEND j=2 flag=false r=1 est={0} aux={}
INFO: 01:01:36.702919 self-stabilizing-binary-consensus.go:455: SEND OLD flag=0 r=1 est={0} aux={}
INFO: 01:01:36.702983 self-stabilizing-binary-consensus.go:445: RECEIVE j=3 flag=false r=1 est={1} aux={}
INFO: 01:01:36.703014 self-stabilizing-binary-consensus.go:447: est[1][3]={1} aux[1][3]={}
INFO: 01:01:36.703028 self-stabilizing-binary-consensus.go:445: RECEIVE j=2 flag=false r=1 est={1} aux={}
INFO: 01:01:36.703037 self-stabilizing-binary-consensus.go:447: est[1][2]={1} aux[1][2]={}
INFO: 01:01:36.703047 self-stabilizing-binary-consensus.go:445: RECEIVE j=2 flag=false r=1 est={1} aux={}
INFO: 01:01:36.703384 self-stabilizing-binary-consensus.go:447: est[1][2]={1} aux[1][2]={}
INFO: 01:01:36.703450 self-stabilizing-binary-consensus.go:445: RECEIVE j=1 flag=false r=1 est={0} aux={}
INFO: 01:01:36.703479 self-stabilizing-binary-consensus.go:447: est[1][1]={0} aux[1][1]={}
INFO: 01:01:36.703508 self-stabilizing-binary-consensus.go:445: RECEIVE j=2 flag=false r=1 est={1} aux={}
INFO: 01:01:36.703517 self-stabilizing-binary-consensus.go:447: est[1][2]={1} aux[1][2]={}
INFO: 01:01:36.703577 self-stabilizing-binary-consensus.go:445: RECEIVE j=3 flag=false r=1 est={1} aux={}
INFO: 01:01:36.703604 self-stabilizing-binary-consensus.go:447: est[1][3]={1} aux[1][3]={}
INFO: 01:01:36.703627 self-stabilizing-binary-consensus.go:445: RECEIVE j=1 flag=false r=1 est={0} aux={}
INFO: 01:01:36.703682 self-stabilizing-binary-consensus.go:447: est[1][1]={0} aux[1][1]={}
INFO: 01:01:36.703711 self-stabilizing-binary-consensus.go:445: RECEIVE j=1 flag=false r=1 est={0} aux={}
INFO: 01:01:36.703722 self-stabilizing-binary-consensus.go:447: est[1][1]={0} aux[1][1]={}
INFO: 01:01:36.703732 self-stabilizing-binary-consensus.go:445: RECEIVE j=3 flag=false r=1 est={1} aux={}
INFO: 01:01:36.703740 self-stabilizing-binary-consensus.go:447: est[1][3]={1} aux[1][3]={}
INFO: 01:01:36.703371 messenger.go:302: SEND j=3 flag=false r=1 est={0} aux={}
INFO: 01:01:36.704620 messenger.go:302: SEND j=2 flag=false r=1 est={0} aux={}
INFO: 01:01:37.667684 self-stabilizing-binary-consensus.go:210: binValues(1,3)={}
INFO: 01:01:37.667834 self-stabilizing-binary-consensus.go:235: infoResults()={}
INFO: 01:01:37.667858 self-stabilizing-binary-consensus.go:96: round=1 repeat=2
INFO: 01:01:37.667877 self-stabilizing-binary-consensus.go:210: binValues(1,3)={}
INFO: 01:01:37.667896 self-stabilizing-binary-consensus.go:210: binValues(1,2)={0 1}
INFO: 01:01:37.682977 self-stabilizing-binary-consensus.go:146: SEND OLD flag=1 r=1 est={0 1} aux={}
INFO: 01:01:37.684110 self-stabilizing-binary-consensus.go:445: RECEIVE j=3 flag=true r=1 est={0 1} aux={}
INFO: 01:01:37.684142 self-stabilizing-binary-consensus.go:447: est[1][3]={0 1} aux[1][3]={}
INFO: 01:01:37.693070 messenger.go:302: SEND j=3 flag=true r=1 est={0 1} aux={}
INFO: 01:01:37.695441 messenger.go:302: SEND j=1 flag=true r=1 est={0 1} aux={}
INFO: 01:01:37.697444 messenger.go:302: SEND j=1 flag=false r=1 est={0} aux={}
INFO: 01:01:37.701098 messenger.go:302: SEND j=2 flag=true r=1 est={0 1} aux={}
INFO: 01:01:37.701735 self-stabilizing-binary-consensus.go:455: SEND OLD flag=0 r=1 est={0} aux={}
INFO: 01:01:37.701827 self-stabilizing-binary-consensus.go:445: RECEIVE j=1 flag=false r=1 est={0} aux={}
INFO: 01:01:37.701859 self-stabilizing-binary-consensus.go:447: est[1][1]={0} aux[1][1]={}
INFO: 01:01:37.701874 self-stabilizing-binary-consensus.go:445: RECEIVE j=1 flag=true r=1 est={0 1} aux={}
INFO: 01:01:37.701883 self-stabilizing-binary-consensus.go:447: est[1][1]={0 1} aux[1][1]={}
INFO: 01:01:37.709066 messenger.go:302: SEND j=2 flag=false r=1 est={0} aux={}
INFO: 01:01:37.710918 messenger.go:302: SEND j=2 flag=false r=1 est={0} aux={}
INFO: 01:01:37.713883 messenger.go:302: SEND j=3 flag=false r=1 est={0} aux={}
INFO: 01:01:37.713999 self-stabilizing-binary-consensus.go:455: SEND OLD flag=0 r=1 est={0} aux={}
INFO: 01:01:37.714180 self-stabilizing-binary-consensus.go:445: RECEIVE j=2 flag=true r=1 est={0 1} aux={}
INFO: 01:01:37.715403 self-stabilizing-binary-consensus.go:447: est[1][2]={0 1} aux[1][2]={}
INFO: 01:01:37.715683 messenger.go:302: SEND j=3 flag=false r=1 est={0} aux={}
INFO: 01:01:37.715400 messenger.go:302: SEND j=1 flag=false r=1 est={0} aux={}
INFO: 01:01:37.719166 self-stabilizing-binary-consensus.go:455: SEND OLD flag=0 r=1 est={0} aux={}
INFO: 01:01:37.719185 self-stabilizing-binary-consensus.go:445: RECEIVE j=1 flag=false r=1 est={0} aux={}
INFO: 01:01:37.719191 self-stabilizing-binary-consensus.go:447: est[1][1]={0 1} aux[1][1]={}
INFO: 01:01:37.719197 self-stabilizing-binary-consensus.go:445: RECEIVE j=3 flag=false r=1 est={1} aux={}
INFO: 01:01:37.719201 self-stabilizing-binary-consensus.go:447: est[1][3]={0 1} aux[1][3]={}
INFO: 01:01:37.719206 self-stabilizing-binary-consensus.go:445: RECEIVE j=1 flag=false r=1 est={0} aux={}
INFO: 01:01:37.719211 self-stabilizing-binary-consensus.go:447: est[1][1]={0 1} aux[1][1]={}
INFO: 01:01:37.719216 self-stabilizing-binary-consensus.go:445: RECEIVE j=2 flag=false r=1 est={1} aux={}
INFO: 01:01:37.719221 self-stabilizing-binary-consensus.go:447: est[1][2]={0 1} aux[1][2]={}
INFO: 01:01:37.719226 self-stabilizing-binary-consensus.go:445: RECEIVE j=2 flag=false r=1 est={1} aux={}
INFO: 01:01:37.719230 self-stabilizing-binary-consensus.go:447: est[1][2]={0 1} aux[1][2]={}
INFO: 01:01:37.720513 self-stabilizing-binary-consensus.go:445: RECEIVE j=2 flag=false r=1 est={1} aux={}
INFO: 01:01:37.720528 self-stabilizing-binary-consensus.go:447: est[1][2]={0 1} aux[1][2]={}
INFO: 01:01:37.720538 self-stabilizing-binary-consensus.go:445: RECEIVE j=3 flag=false r=1 est={1} aux={}
INFO: 01:01:37.720547 self-stabilizing-binary-consensus.go:447: est[1][3]={0 1} aux[1][3]={}
INFO: 01:01:37.719493 messenger.go:302: SEND j=1 flag=false r=1 est={0} aux={}
INFO: 01:01:37.719649 messenger.go:302: SEND j=3 flag=false r=1 est={0} aux={}
INFO: 01:01:37.720335 messenger.go:302: SEND j=2 flag=false r=1 est={0} aux={}
INFO: 01:01:37.722849 self-stabilizing-binary-consensus.go:445: RECEIVE j=3 flag=false r=1 est={1} aux={}
INFO: 01:01:37.722927 self-stabilizing-binary-consensus.go:447: est[1][3]={0 1} aux[1][3]={}
INFO: 01:01:38.683204 self-stabilizing-binary-consensus.go:210: binValues(1,3)={0 1}
INFO: 01:01:38.683313 self-stabilizing-binary-consensus.go:235: infoResults()={}
INFO: 01:01:38.683336 self-stabilizing-binary-consensus.go:96: round=1 repeat=3
INFO: 01:01:38.683354 self-stabilizing-binary-consensus.go:210: binValues(1,3)={0 1}
INFO: 01:01:38.683369 self-stabilizing-binary-consensus.go:135: aux[1][0]=0
INFO: 01:01:38.683388 self-stabilizing-binary-consensus.go:210: binValues(1,2)={0 1}
INFO: 01:01:38.691201 self-stabilizing-binary-consensus.go:146: SEND OLD flag=1 r=1 est={0 1} aux={0}
INFO: 01:01:38.693203 self-stabilizing-binary-consensus.go:445: RECEIVE j=3 flag=true r=1 est={0 1} aux={0}
INFO: 01:01:38.693353 self-stabilizing-binary-consensus.go:447: est[1][3]={0 1} aux[1][3]={0}
INFO: 01:01:38.701245 messenger.go:302: SEND j=2 flag=true r=1 est={0 1} aux={0}
INFO: 01:01:38.705342 messenger.go:302: SEND j=3 flag=true r=1 est={0 1} aux={0}
INFO: 01:01:38.711235 messenger.go:302: SEND j=1 flag=true r=1 est={0 1} aux={0}
INFO: 01:01:38.717081 self-stabilizing-binary-consensus.go:455: SEND OLD flag=0 r=1 est={0} aux={0}
INFO: 01:01:38.717141 self-stabilizing-binary-consensus.go:445: RECEIVE j=1 flag=false r=1 est={0} aux={0}
INFO: 01:01:38.717167 self-stabilizing-binary-consensus.go:447: est[1][1]={0 1} aux[1][1]={0}
INFO: 01:01:38.718489 messenger.go:302: SEND j=2 flag=false r=1 est={0} aux={0}
INFO: 01:01:38.719119 self-stabilizing-binary-consensus.go:445: RECEIVE j=2 flag=false r=1 est={1} aux={}
INFO: 01:01:38.719247 self-stabilizing-binary-consensus.go:447: est[1][2]={0 1} aux[1][2]={}
INFO: 01:01:38.722492 self-stabilizing-binary-consensus.go:445: RECEIVE j=1 flag=true r=1 est={0 1} aux={0}
INFO: 01:01:38.722920 self-stabilizing-binary-consensus.go:447: est[1][1]={0 1} aux[1][1]={0}
INFO: 01:01:38.727654 messenger.go:302: SEND j=1 flag=false r=1 est={0} aux={0}
INFO: 01:01:38.727760 messenger.go:302: SEND j=3 flag=false r=1 est={0} aux={0}
INFO: 01:01:38.730349 messenger.go:302: SEND j=1 flag=false r=1 est={0} aux={0}
INFO: 01:01:38.733132 self-stabilizing-binary-consensus.go:455: SEND OLD flag=0 r=1 est={0} aux={0}
INFO: 01:01:38.733238 self-stabilizing-binary-consensus.go:445: RECEIVE j=2 flag=true r=1 est={0 1} aux={0}
INFO: 01:01:38.733250 self-stabilizing-binary-consensus.go:447: est[1][2]={0 1} aux[1][2]={0}
INFO: 01:01:38.736308 messenger.go:302: SEND j=2 flag=false r=1 est={0} aux={0}
INFO: 01:01:38.737083 messenger.go:302: SEND j=2 flag=false r=1 est={0} aux={0}
INFO: 01:01:38.739339 messenger.go:302: SEND j=1 flag=false r=1 est={0} aux={0}
INFO: 01:01:38.740928 messenger.go:302: SEND j=3 flag=false r=1 est={0} aux={0}
INFO: 01:01:38.741087 self-stabilizing-binary-consensus.go:455: SEND OLD flag=0 r=1 est={0} aux={0}
INFO: 01:01:38.741136 self-stabilizing-binary-consensus.go:445: RECEIVE j=1 flag=false r=1 est={0} aux={0}
INFO: 01:01:38.741146 self-stabilizing-binary-consensus.go:447: est[1][1]={0 1} aux[1][1]={0}
INFO: 01:01:38.741153 self-stabilizing-binary-consensus.go:445: RECEIVE j=3 flag=false r=1 est={1} aux={0}
INFO: 01:01:38.741157 self-stabilizing-binary-consensus.go:447: est[1][3]={0 1} aux[1][3]={0}
INFO: 01:01:38.741163 self-stabilizing-binary-consensus.go:445: RECEIVE j=2 flag=false r=1 est={1} aux={0}
INFO: 01:01:38.741190 self-stabilizing-binary-consensus.go:447: est[1][2]={0 1} aux[1][2]={0}
INFO: 01:01:38.741199 self-stabilizing-binary-consensus.go:445: RECEIVE j=3 flag=false r=1 est={1} aux={0}
INFO: 01:01:38.741203 self-stabilizing-binary-consensus.go:447: est[1][3]={0 1} aux[1][3]={0}
INFO: 01:01:38.741209 self-stabilizing-binary-consensus.go:445: RECEIVE j=1 flag=false r=1 est={0} aux={0}
INFO: 01:01:38.741213 self-stabilizing-binary-consensus.go:447: est[1][1]={0 1} aux[1][1]={0}
INFO: 01:01:38.741218 self-stabilizing-binary-consensus.go:445: RECEIVE j=2 flag=false r=1 est={1} aux={0}
INFO: 01:01:38.741223 self-stabilizing-binary-consensus.go:447: est[1][2]={0 1} aux[1][2]={0}
INFO: 01:01:38.741268 messenger.go:302: SEND j=3 flag=false r=1 est={0} aux={0}
INFO: 01:01:38.742926 self-stabilizing-binary-consensus.go:445: RECEIVE j=3 flag=false r=1 est={1} aux={0}
INFO: 01:01:38.742976 self-stabilizing-binary-consensus.go:447: est[1][3]={0 1} aux[1][3]={0}
INFO: 01:01:39.693005 self-stabilizing-binary-consensus.go:210: binValues(1,3)={0 1}
INFO: 01:01:39.693077 self-stabilizing-binary-consensus.go:235: infoResults()={0}
INFO: 01:01:39.693092 self-stabilizing-binary-consensus.go:210: binValues(1,3)={0 1}
INFO: 01:01:39.693099 self-stabilizing-binary-consensus.go:235: infoResults()={0}
INFO: 01:01:39.693120 self-stabilizing-binary-consensus.go:268: randomBit(1)=1
INFO: 01:01:39.693127 self-stabilizing-binary-consensus.go:210: binValues(11,2)={}
INFO: 01:01:39.693136 self-stabilizing-binary-consensus.go:96: round=2 repeat=1
INFO: 01:01:39.693143 self-stabilizing-binary-consensus.go:210: binValues(2,3)={}
INFO: 01:01:39.693149 self-stabilizing-binary-consensus.go:210: binValues(2,2)={}
INFO: 01:01:39.696669 self-stabilizing-binary-consensus.go:445: RECEIVE j=3 flag=true r=2 est={0} aux={}
INFO: 01:01:39.696728 self-stabilizing-binary-consensus.go:447: est[2][3]={0} aux[2][3]={}
INFO: 01:01:39.697364 self-stabilizing-binary-consensus.go:146: SEND OLD flag=1 r=2 est={0} aux={}
INFO: 01:01:39.697904 messenger.go:302: SEND j=3 flag=true r=2 est={0} aux={}
INFO: 01:01:39.698576 messenger.go:302: SEND j=1 flag=true r=2 est={0} aux={}
INFO: 01:01:39.698660 messenger.go:302: SEND j=2 flag=true r=2 est={0} aux={}
INFO: 01:01:39.700373 self-stabilizing-binary-consensus.go:455: SEND OLD flag=0 r=2 est={0} aux={}
INFO: 01:01:39.700599 messenger.go:302: SEND j=3 flag=false r=2 est={0} aux={}
INFO: 01:01:39.701939 messenger.go:302: SEND j=2 flag=false r=2 est={0} aux={}
INFO: 01:01:39.702219 self-stabilizing-binary-consensus.go:445: RECEIVE j=3 flag=false r=2 est={0} aux={}
INFO: 01:01:39.702492 self-stabilizing-binary-consensus.go:447: est[2][3]={0} aux[2][3]={}
INFO: 01:01:39.702367 messenger.go:302: SEND j=1 flag=false r=2 est={0} aux={}
INFO: 01:01:39.715356 self-stabilizing-binary-consensus.go:445: RECEIVE j=1 flag=true r=2 est={0} aux={}
INFO: 01:01:39.715395 self-stabilizing-binary-consensus.go:447: est[2][1]={0} aux[2][1]={}
INFO: 01:01:39.718935 self-stabilizing-binary-consensus.go:455: SEND OLD flag=0 r=2 est={0} aux={}
INFO: 01:01:39.718949 self-stabilizing-binary-consensus.go:445: RECEIVE j=1 flag=false r=2 est={0} aux={}
INFO: 01:01:39.718955 self-stabilizing-binary-consensus.go:447: est[2][1]={0} aux[2][1]={}
INFO: 01:01:39.719141 messenger.go:302: SEND j=1 flag=false r=2 est={0} aux={}
INFO: 01:01:39.719351 self-stabilizing-binary-consensus.go:445: RECEIVE j=3 flag=false r=2 est={0} aux={}
INFO: 01:01:39.719381 self-stabilizing-binary-consensus.go:447: est[2][3]={0} aux[2][3]={}
INFO: 01:01:39.719571 messenger.go:302: SEND j=3 flag=false r=2 est={0} aux={}
INFO: 01:01:39.721490 messenger.go:302: SEND j=2 flag=false r=2 est={0} aux={}
INFO: 01:01:39.721667 self-stabilizing-binary-consensus.go:445: RECEIVE j=1 flag=false r=2 est={0} aux={}
INFO: 01:01:39.721691 self-stabilizing-binary-consensus.go:447: est[2][1]={0} aux[2][1]={}
INFO: 01:01:39.727439 self-stabilizing-binary-consensus.go:445: RECEIVE j=2 flag=true r=2 est={0} aux={}
INFO: 01:01:39.727484 self-stabilizing-binary-consensus.go:447: est[2][2]={0} aux[2][2]={}
INFO: 01:01:39.729220 self-stabilizing-binary-consensus.go:455: SEND OLD flag=0 r=2 est={0} aux={}
INFO: 01:01:39.729479 messenger.go:302: SEND j=3 flag=false r=2 est={0} aux={}
INFO: 01:01:39.729697 messenger.go:302: SEND j=1 flag=false r=2 est={0} aux={}
INFO: 01:01:39.730115 messenger.go:302: SEND j=2 flag=false r=2 est={0} aux={}
INFO: 01:01:39.731097 self-stabilizing-binary-consensus.go:445: RECEIVE j=2 flag=false r=2 est={0} aux={}
INFO: 01:01:39.731149 self-stabilizing-binary-consensus.go:447: est[2][2]={0} aux[2][2]={}
INFO: 01:01:39.733164 self-stabilizing-binary-consensus.go:445: RECEIVE j=1 flag=false r=2 est={0} aux={}
INFO: 01:01:39.733220 self-stabilizing-binary-consensus.go:447: est[2][1]={0} aux[2][1]={}
INFO: 01:01:39.734353 self-stabilizing-binary-consensus.go:445: RECEIVE j=3 flag=false r=2 est={0} aux={}
INFO: 01:01:39.734619 self-stabilizing-binary-consensus.go:447: est[2][3]={0} aux[2][3]={}
INFO: 01:01:39.735759 self-stabilizing-binary-consensus.go:445: RECEIVE j=2 flag=false r=2 est={0} aux={}
INFO: 01:01:39.735792 self-stabilizing-binary-consensus.go:447: est[2][2]={0} aux[2][2]={}
INFO: 01:01:39.738302 self-stabilizing-binary-consensus.go:445: RECEIVE j=2 flag=false r=2 est={0} aux={}
INFO: 01:01:39.738332 self-stabilizing-binary-consensus.go:447: est[2][2]={0} aux[2][2]={}
INFO: 01:01:40.698236 self-stabilizing-binary-consensus.go:210: binValues(2,3)={0}
INFO: 01:01:40.698301 self-stabilizing-binary-consensus.go:235: infoResults()={}
INFO: 01:01:40.698320 self-stabilizing-binary-consensus.go:96: round=2 repeat=2
INFO: 01:01:40.698337 self-stabilizing-binary-consensus.go:210: binValues(2,3)={0}
INFO: 01:01:40.698376 self-stabilizing-binary-consensus.go:135: aux[2][0]=0
INFO: 01:01:40.698395 self-stabilizing-binary-consensus.go:210: binValues(2,2)={0}
INFO: 01:01:40.706846 self-stabilizing-binary-consensus.go:445: RECEIVE j=3 flag=true r=2 est={0} aux={0}
INFO: 01:01:40.711637 self-stabilizing-binary-consensus.go:447: est[2][3]={0} aux[2][3]={0}
INFO: 01:01:40.718588 self-stabilizing-binary-consensus.go:455: SEND OLD flag=0 r=2 est={0} aux={0}
INFO: 01:01:40.719142 self-stabilizing-binary-consensus.go:445: RECEIVE j=2 flag=false r=2 est={0} aux={}
INFO: 01:01:40.719203 self-stabilizing-binary-consensus.go:447: est[2][2]={0} aux[2][2]={}
INFO: 01:01:40.720404 self-stabilizing-binary-consensus.go:445: RECEIVE j=1 flag=false r=2 est={0} aux={}
INFO: 01:01:40.720471 self-stabilizing-binary-consensus.go:447: est[2][1]={0} aux[2][1]={}
INFO: 01:01:40.721461 messenger.go:302: SEND j=1 flag=false r=2 est={0} aux={0}
INFO: 01:01:40.722080 messenger.go:302: SEND j=3 flag=false r=2 est={0} aux={0}
INFO: 01:01:40.722219 messenger.go:302: SEND j=1 flag=true r=2 est={0} aux={0}
INFO: 01:01:40.724975 messenger.go:302: SEND j=2 flag=false r=2 est={0} aux={0}
INFO: 01:01:40.725371 self-stabilizing-binary-consensus.go:146: SEND OLD flag=1 r=2 est={0} aux={0}
INFO: 01:01:40.726267 self-stabilizing-binary-consensus.go:445: RECEIVE j=1 flag=true r=2 est={0} aux={0}
INFO: 01:01:40.729148 self-stabilizing-binary-consensus.go:447: est[2][1]={0} aux[2][1]={0}
INFO: 01:01:40.728518 messenger.go:302: SEND j=2 flag=true r=2 est={0} aux={0}
INFO: 01:01:40.728531 messenger.go:302: SEND j=3 flag=true r=2 est={0} aux={0}
INFO: 01:01:40.736843 self-stabilizing-binary-consensus.go:455: SEND OLD flag=0 r=2 est={0} aux={0}
INFO: 01:01:40.736872 self-stabilizing-binary-consensus.go:445: RECEIVE j=1 flag=false r=2 est={0} aux={0}
INFO: 01:01:40.736880 self-stabilizing-binary-consensus.go:447: est[2][1]={0} aux[2][1]={0}
INFO: 01:01:40.736885 self-stabilizing-binary-consensus.go:445: RECEIVE j=3 flag=false r=2 est={0} aux={0}
INFO: 01:01:40.736890 self-stabilizing-binary-consensus.go:447: est[2][3]={0} aux[2][3]={0}
INFO: 01:01:40.736895 self-stabilizing-binary-consensus.go:445: RECEIVE j=3 flag=false r=2 est={0} aux={0}
INFO: 01:01:40.736899 self-stabilizing-binary-consensus.go:447: est[2][3]={0} aux[2][3]={0}
INFO: 01:01:40.736905 self-stabilizing-binary-consensus.go:445: RECEIVE j=2 flag=false r=2 est={0} aux={}
INFO: 01:01:40.736913 self-stabilizing-binary-consensus.go:447: est[2][2]={0} aux[2][2]={}
INFO: 01:01:40.736919 self-stabilizing-binary-consensus.go:445: RECEIVE j=2 flag=false r=2 est={0} aux={}
INFO: 01:01:40.736923 self-stabilizing-binary-consensus.go:447: est[2][2]={0} aux[2][2]={}
INFO: 01:01:40.737286 messenger.go:302: SEND j=2 flag=false r=2 est={0} aux={0}
INFO: 01:01:40.737483 messenger.go:302: SEND j=1 flag=false r=2 est={0} aux={0}
INFO: 01:01:40.737685 messenger.go:302: SEND j=3 flag=false r=2 est={0} aux={0}
INFO: 01:01:41.729310 self-stabilizing-binary-consensus.go:210: binValues(2,3)={0}
INFO: 01:01:41.729372 self-stabilizing-binary-consensus.go:235: infoResults()={0}
INFO: 01:01:41.729384 self-stabilizing-binary-consensus.go:210: binValues(2,3)={0}
INFO: 01:01:41.729391 self-stabilizing-binary-consensus.go:235: infoResults()={0}
INFO: 01:01:41.729408 self-stabilizing-binary-consensus.go:268: randomBit(2)=0
INFO: 01:01:41.729417 self-stabilizing-binary-consensus.go:261: decision=0
INFO: 01:01:41.729478 self-stabilizing-binary-consensus.go:210: binValues(11,2)={}
INFO: 01:01:42.660615 self-stabilizing-multivalued-consensus.go:18: Successful decide
