INFO: 20:42:30.286588 main.go:29: ID:0 | N:4 | F:1 | Clients:1 | Scenario:NORMAL | Remote:false

INFO: 20:42:30.287107 messenger.go:90: Receive from Server 1 on tcp://*:4001
INFO: 20:42:30.287333 messenger.go:107: Send to Server 1 on tcp://localhost:4100
INFO: 20:42:30.287407 messenger.go:90: Receive from Server 2 on tcp://*:4002
INFO: 20:42:30.287452 messenger.go:107: Send to Server 2 on tcp://localhost:4200
INFO: 20:42:30.287496 messenger.go:90: Receive from Server 3 on tcp://*:4003
INFO: 20:42:30.287537 messenger.go:107: Send to Server 3 on tcp://localhost:4300
INFO: 20:42:30.287558 messenger.go:113: -----------------------------------------
INFO: 20:42:30.287597 messenger.go:135: Requests from Client 0 on tcp://*:7000
INFO: 20:42:30.287646 messenger.go:152: Response to Client 0 on tcp://*:10000
INFO: 20:42:30.287669 messenger.go:155: -----------------------------------------

INFO: 20:42:30.291617 main.go:83: Initial estimate value:  0
INFO: 20:42:30.291821 binary_consensus.go:24: 4.BC: bcid-1 round-1
INFO: 20:42:30.307356 binary_consensus.go:124: SEND EST 0
INFO: 20:42:30.331550 binary_consensus.go:141: RECEIVE EST j=3 val=1
INFO: 20:42:30.335399 binary_consensus.go:141: RECEIVE EST j=2 val=1
INFO: 20:42:30.463259 binary_consensus.go:145: SEND EST 1
INFO: 20:42:30.463316 binary_consensus.go:141: RECEIVE EST j=1 val=1
INFO: 20:42:30.463367 binary_consensus.go:154: 4.BC: bin_values-[1]
INFO: 20:42:30.463399 binary_consensus.go:141: RECEIVE EST j=1 val=0
INFO: 20:42:30.463418 binary_consensus.go:141: RECEIVE EST j=2 val=0
INFO: 20:42:30.463437 binary_consensus.go:154: 4.BC: bin_values-[1 0]
INFO: 20:42:30.463455 binary_consensus.go:141: RECEIVE EST j=3 val=0
INFO: 20:42:30.465404 binary_consensus.go:39: SEND AUX 1
INFO: 20:42:30.465437 binary_consensus.go:65: RECEIVE AUX j=2 val=1
INFO: 20:42:30.465447 binary_consensus.go:65: RECEIVE AUX j=3 val=1
INFO: 20:42:30.465453 binary_consensus.go:80: 4.BC: vals-[1] coin-0
INFO: 20:42:30.465458 binary_consensus.go:24: 7.BC: bcid-1 round-2
INFO: 20:42:30.481522 binary_consensus.go:124: SEND EST 1
INFO: 20:42:30.483317 binary_consensus.go:141: RECEIVE EST j=3 val=1
INFO: 20:42:30.483423 binary_consensus.go:141: RECEIVE EST j=2 val=1
INFO: 20:42:30.484157 binary_consensus.go:154: 7.BC: bin_values-[1]
INFO: 20:42:30.487487 binary_consensus.go:141: RECEIVE EST j=1 val=1
INFO: 20:42:30.494863 binary_consensus.go:39: SEND AUX 1
INFO: 20:42:30.494903 binary_consensus.go:65: RECEIVE AUX j=3 val=1
INFO: 20:42:30.497232 binary_consensus.go:65: RECEIVE AUX j=1 val=1
INFO: 20:42:30.497392 binary_consensus.go:80: 7.BC: vals-[1] coin-1
INFO: 20:42:30.497865 binary_consensus.go:85: 7.BC: decide-1
INFO: 20:42:30.498090 binary_consensus.go:181: My final decision 1
