INFO: 16:38:43.219917 main.go:29: ID:0 | N:4 | F:1 | Clients:1 | Scenario:NORMAL | Remote:false

INFO: 16:38:43.222228 messenger.go:90: Receive from Server 1 on tcp://*:4001
INFO: 16:38:43.222481 messenger.go:107: Send to Server 1 on tcp://localhost:4100
INFO: 16:38:43.222563 messenger.go:90: Receive from Server 2 on tcp://*:4002
INFO: 16:38:43.222609 messenger.go:107: Send to Server 2 on tcp://localhost:4200
INFO: 16:38:43.222665 messenger.go:90: Receive from Server 3 on tcp://*:4003
INFO: 16:38:43.222706 messenger.go:107: Send to Server 3 on tcp://localhost:4300
INFO: 16:38:43.222726 messenger.go:113: -----------------------------------------
INFO: 16:38:43.222757 messenger.go:135: Requests from Client 0 on tcp://*:7000
INFO: 16:38:43.222805 messenger.go:152: Response to Client 0 on tcp://*:10000
INFO: 16:38:43.222832 messenger.go:155: -----------------------------------------

INFO: 16:38:43.228521 main.go:83: Initial estimate value:  0
INFO: 16:38:43.228726 self-stabilizing-binary-consensus.go:93: round=1 repeat=1
INFO: 16:38:43.228826 self-stabilizing-binary-consensus.go:200: binValues(1,3)={}
INFO: 16:38:43.228884 self-stabilizing-binary-consensus.go:200: binValues(1,2)={}
INFO: 16:38:43.231766 self-stabilizing-binary-consensus.go:141: SEND flag=1 r=1 est={0} aux={}
INFO: 16:38:43.240728 self-stabilizing-binary-consensus.go:433: RECEIVE j=1 flag=1 r=1 est={0} aux={}
INFO: 16:38:43.240845 self-stabilizing-binary-consensus.go:435: est[1][1]={0} aux[1][1]={}
INFO: 16:38:43.396326 self-stabilizing-binary-consensus.go:443: SEND flag=0 r=1 est={0} aux={}
INFO: 16:38:43.396370 self-stabilizing-binary-consensus.go:433: RECEIVE j=1 flag=0 r=1 est={0} aux={}
INFO: 16:38:43.396379 self-stabilizing-binary-consensus.go:435: est[1][1]={0} aux[1][1]={}
INFO: 16:38:43.396385 self-stabilizing-binary-consensus.go:433: RECEIVE j=3 flag=1 r=1 est={0} aux={}
INFO: 16:38:43.396390 self-stabilizing-binary-consensus.go:435: est[1][3]={0} aux[1][3]={}
INFO: 16:38:43.398407 self-stabilizing-binary-consensus.go:443: SEND flag=0 r=1 est={0} aux={}
INFO: 16:38:43.398621 self-stabilizing-binary-consensus.go:433: RECEIVE j=2 flag=1 r=1 est={0} aux={}
INFO: 16:38:43.398643 self-stabilizing-binary-consensus.go:435: est[1][2]={0} aux[1][2]={}
INFO: 16:38:43.403429 self-stabilizing-binary-consensus.go:443: SEND flag=0 r=1 est={0} aux={}
INFO: 16:38:43.403470 self-stabilizing-binary-consensus.go:433: RECEIVE j=3 flag=0 r=1 est={0} aux={}
INFO: 16:38:43.403479 self-stabilizing-binary-consensus.go:435: est[1][3]={0} aux[1][3]={}
INFO: 16:38:43.403485 self-stabilizing-binary-consensus.go:433: RECEIVE j=2 flag=0 r=1 est={0} aux={}
INFO: 16:38:43.403489 self-stabilizing-binary-consensus.go:435: est[1][2]={0} aux[1][2]={}
INFO: 16:38:43.403494 self-stabilizing-binary-consensus.go:433: RECEIVE j=1 flag=0 r=1 est={0} aux={}
INFO: 16:38:43.403498 self-stabilizing-binary-consensus.go:435: est[1][1]={0} aux[1][1]={}
INFO: 16:38:43.403503 self-stabilizing-binary-consensus.go:433: RECEIVE j=1 flag=0 r=1 est={0} aux={}
INFO: 16:38:43.403507 self-stabilizing-binary-consensus.go:435: est[1][1]={0} aux[1][1]={}
INFO: 16:38:43.404478 self-stabilizing-binary-consensus.go:433: RECEIVE j=2 flag=0 r=1 est={0} aux={}
INFO: 16:38:43.404542 self-stabilizing-binary-consensus.go:435: est[1][2]={0} aux[1][2]={}
INFO: 16:38:43.408051 self-stabilizing-binary-consensus.go:433: RECEIVE j=3 flag=0 r=1 est={0} aux={}
INFO: 16:38:43.408078 self-stabilizing-binary-consensus.go:435: est[1][3]={0} aux[1][3]={}
INFO: 16:38:43.411920 self-stabilizing-binary-consensus.go:433: RECEIVE j=3 flag=0 r=1 est={0} aux={}
INFO: 16:38:43.411962 self-stabilizing-binary-consensus.go:435: est[1][3]={0} aux[1][3]={}
INFO: 16:38:43.414346 self-stabilizing-binary-consensus.go:433: RECEIVE j=2 flag=0 r=1 est={0} aux={}
INFO: 16:38:43.414362 self-stabilizing-binary-consensus.go:435: est[1][2]={0} aux[1][2]={}
INFO: 16:38:45.232918 self-stabilizing-binary-consensus.go:200: binValues(1,3)={0}
INFO: 16:38:45.232933 self-stabilizing-binary-consensus.go:227: infoResults()={}
INFO: 16:38:45.232938 self-stabilizing-binary-consensus.go:93: round=1 repeat=2
INFO: 16:38:45.232979 self-stabilizing-binary-consensus.go:200: binValues(1,3)={0}
INFO: 16:38:45.232985 self-stabilizing-binary-consensus.go:132: aux[1][0]=0
INFO: 16:38:45.233315 self-stabilizing-binary-consensus.go:200: binValues(1,2)={0}
INFO: 16:38:45.234995 self-stabilizing-binary-consensus.go:141: SEND flag=1 r=1 est={0} aux={0}
INFO: 16:38:45.236364 self-stabilizing-binary-consensus.go:433: RECEIVE j=3 flag=0 r=1 est={0} aux={}
INFO: 16:38:45.236395 self-stabilizing-binary-consensus.go:435: est[1][3]={0} aux[1][3]={}
INFO: 16:38:45.244844 self-stabilizing-binary-consensus.go:433: RECEIVE j=1 flag=1 r=1 est={0} aux={0}
INFO: 16:38:45.247347 self-stabilizing-binary-consensus.go:435: est[1][1]={0} aux[1][1]={0}
INFO: 16:38:45.253115 self-stabilizing-binary-consensus.go:443: SEND flag=0 r=1 est={0} aux={0}
INFO: 16:38:45.253309 self-stabilizing-binary-consensus.go:433: RECEIVE j=2 flag=0 r=1 est={0} aux={}
INFO: 16:38:45.253347 self-stabilizing-binary-consensus.go:435: est[1][2]={0} aux[1][2]={}
INFO: 16:38:45.253371 self-stabilizing-binary-consensus.go:433: RECEIVE j=2 flag=0 r=1 est={0} aux={}
INFO: 16:38:45.253391 self-stabilizing-binary-consensus.go:435: est[1][2]={0} aux[1][2]={}
INFO: 16:38:45.264766 self-stabilizing-binary-consensus.go:433: RECEIVE j=2 flag=1 r=1 est={0} aux={0}
INFO: 16:38:45.264798 self-stabilizing-binary-consensus.go:435: est[1][2]={0} aux[1][2]={0}
INFO: 16:38:45.270403 self-stabilizing-binary-consensus.go:443: SEND flag=0 r=1 est={0} aux={0}
INFO: 16:38:45.270423 self-stabilizing-binary-consensus.go:433: RECEIVE j=3 flag=1 r=1 est={0} aux={0}
INFO: 16:38:45.270430 self-stabilizing-binary-consensus.go:435: est[1][3]={0} aux[1][3]={0}
INFO: 16:38:45.280042 self-stabilizing-binary-consensus.go:443: SEND flag=0 r=1 est={0} aux={0}
INFO: 16:38:45.283682 self-stabilizing-binary-consensus.go:433: RECEIVE j=1 flag=0 r=1 est={0} aux={0}
INFO: 16:38:45.283704 self-stabilizing-binary-consensus.go:435: est[1][1]={0} aux[1][1]={0}
INFO: 16:38:45.283831 self-stabilizing-binary-consensus.go:433: RECEIVE j=1 flag=0 r=1 est={0} aux={0}
INFO: 16:38:45.283892 self-stabilizing-binary-consensus.go:435: est[1][1]={0} aux[1][1]={0}
INFO: 16:38:45.293134 self-stabilizing-binary-consensus.go:433: RECEIVE j=1 flag=0 r=1 est={0} aux={0}
INFO: 16:38:45.293248 self-stabilizing-binary-consensus.go:435: est[1][1]={0} aux[1][1]={0}
INFO: 16:38:45.294188 self-stabilizing-binary-consensus.go:433: RECEIVE j=3 flag=0 r=1 est={0} aux={}
INFO: 16:38:45.294225 self-stabilizing-binary-consensus.go:435: est[1][3]={0} aux[1][3]={}
INFO: 16:38:45.301635 self-stabilizing-binary-consensus.go:433: RECEIVE j=2 flag=0 r=1 est={0} aux={0}
INFO: 16:38:45.301665 self-stabilizing-binary-consensus.go:435: est[1][2]={0} aux[1][2]={0}
INFO: 16:38:45.302057 self-stabilizing-binary-consensus.go:433: RECEIVE j=3 flag=0 r=1 est={0} aux={0}
INFO: 16:38:45.302072 self-stabilizing-binary-consensus.go:435: est[1][3]={0} aux[1][3]={0}
INFO: 16:38:47.235056 self-stabilizing-binary-consensus.go:200: binValues(1,3)={0}
INFO: 16:38:47.235072 self-stabilizing-binary-consensus.go:227: infoResults()={0}
INFO: 16:38:47.235077 self-stabilizing-binary-consensus.go:200: binValues(1,3)={0}
INFO: 16:38:47.235081 self-stabilizing-binary-consensus.go:227: infoResults()={0}
INFO: 16:38:47.235084 self-stabilizing-binary-consensus.go:258: randomBit(1)=0
INFO: 16:38:47.235089 self-stabilizing-binary-consensus.go:251: decision=0
INFO: 16:38:47.235114 self-stabilizing-binary-consensus.go:200: binValues(11,2)={}
INFO: 16:38:47.235122 self-stabilizing-binary-consensus.go:93: round=11 repeat=1
INFO: 16:38:47.235158 self-stabilizing-binary-consensus.go:200: binValues(11,3)={}
INFO: 16:38:47.235162 self-stabilizing-binary-consensus.go:200: binValues(11,2)={}
INFO: 16:38:47.235981 self-stabilizing-binary-consensus.go:433: RECEIVE j=1 flag=1 r=11 est={0} aux={0}
INFO: 16:38:47.236001 self-stabilizing-binary-consensus.go:435: est[11][1]={0} aux[11][1]={0}
INFO: 16:38:47.237234 self-stabilizing-binary-consensus.go:141: SEND flag=1 r=11 est={0} aux={0}
INFO: 16:38:47.241568 self-stabilizing-binary-consensus.go:443: SEND flag=0 r=11 est={0} aux={0}
INFO: 16:38:47.242485 self-stabilizing-binary-consensus.go:433: RECEIVE j=1 flag=0 r=11 est={0} aux={0}
INFO: 16:38:47.242511 self-stabilizing-binary-consensus.go:435: est[11][1]={0} aux[11][1]={0}
INFO: 16:38:47.261648 self-stabilizing-binary-consensus.go:433: RECEIVE j=3 flag=1 r=11 est={0} aux={0}
INFO: 16:38:47.261708 self-stabilizing-binary-consensus.go:435: est[11][3]={0} aux[11][3]={0}
INFO: 16:38:47.287927 self-stabilizing-binary-consensus.go:443: SEND flag=0 r=11 est={0} aux={0}
INFO: 16:38:47.288010 self-stabilizing-binary-consensus.go:433: RECEIVE j=1 flag=0 r=11 est={0} aux={0}
INFO: 16:38:47.288032 self-stabilizing-binary-consensus.go:435: est[11][1]={0} aux[11][1]={0}
INFO: 16:38:47.288041 self-stabilizing-binary-consensus.go:433: RECEIVE j=3 flag=0 r=11 est={0} aux={0}
INFO: 16:38:47.288046 self-stabilizing-binary-consensus.go:435: est[11][3]={0} aux[11][3]={0}
INFO: 16:38:47.288051 self-stabilizing-binary-consensus.go:433: RECEIVE j=3 flag=0 r=11 est={0} aux={0}
INFO: 16:38:47.288055 self-stabilizing-binary-consensus.go:435: est[11][3]={0} aux[11][3]={0}
INFO: 16:38:47.288060 self-stabilizing-binary-consensus.go:433: RECEIVE j=2 flag=1 r=11 est={0} aux={0}
INFO: 16:38:47.288064 self-stabilizing-binary-consensus.go:435: est[11][2]={0} aux[11][2]={0}
INFO: 16:38:47.302216 self-stabilizing-binary-consensus.go:443: SEND flag=0 r=11 est={0} aux={0}
INFO: 16:38:47.302338 self-stabilizing-binary-consensus.go:433: RECEIVE j=3 flag=0 r=11 est={0} aux={0}
INFO: 16:38:47.302351 self-stabilizing-binary-consensus.go:435: est[11][3]={0} aux[11][3]={0}
INFO: 16:38:47.302361 self-stabilizing-binary-consensus.go:433: RECEIVE j=1 flag=0 r=11 est={0} aux={0}
INFO: 16:38:47.302373 self-stabilizing-binary-consensus.go:435: est[11][1]={0} aux[11][1]={0}
INFO: 16:38:47.302431 self-stabilizing-binary-consensus.go:433: RECEIVE j=2 flag=0 r=11 est={0} aux={0}
INFO: 16:38:47.302439 self-stabilizing-binary-consensus.go:435: est[11][2]={0} aux[11][2]={0}
INFO: 16:38:47.302447 self-stabilizing-binary-consensus.go:433: RECEIVE j=2 flag=0 r=11 est={0} aux={0}
INFO: 16:38:47.302453 self-stabilizing-binary-consensus.go:435: est[11][2]={0} aux[11][2]={0}
INFO: 16:38:47.317690 self-stabilizing-binary-consensus.go:433: RECEIVE j=2 flag=0 r=11 est={0} aux={0}
INFO: 16:38:47.317716 self-stabilizing-binary-consensus.go:435: est[11][2]={0} aux[11][2]={0}
INFO: 16:38:49.239374 self-stabilizing-binary-consensus.go:200: binValues(11,3)={0}
INFO: 16:38:49.239597 self-stabilizing-binary-consensus.go:227: infoResults()={0}
INFO: 16:38:49.239675 self-stabilizing-binary-consensus.go:200: binValues(11,3)={0}
INFO: 16:38:49.239711 self-stabilizing-binary-consensus.go:227: infoResults()={0}
INFO: 16:38:49.239780 self-stabilizing-binary-consensus.go:258: randomBit(11)=0
INFO: 16:38:49.239847 self-stabilizing-binary-consensus.go:251: decision=0
INFO: 16:38:49.240171 self-stabilizing-binary-consensus.go:200: binValues(11,2)={0}
INFO: 16:38:49.240264 self-stabilizing-binary-consensus.go:251: decision=0
INFO: 16:38:49.240621 self-stabilizing-binary-consensus.go:93: round=11 repeat=1
INFO: 16:38:49.249447 self-stabilizing-binary-consensus.go:200: binValues(11,3)={0}
INFO: 16:38:49.249491 self-stabilizing-binary-consensus.go:200: binValues(11,2)={0}
INFO: 16:38:49.270048 self-stabilizing-binary-consensus.go:433: RECEIVE j=1 flag=1 r=11 est={0} aux={0}
INFO: 16:38:49.270177 self-stabilizing-binary-consensus.go:435: est[11][1]={0} aux[11][1]={0}
INFO: 16:38:49.284593 self-stabilizing-binary-consensus.go:141: SEND flag=1 r=11 est={0} aux={0}
INFO: 16:38:49.311635 self-stabilizing-binary-consensus.go:433: RECEIVE j=2 flag=1 r=11 est={0} aux={0}
INFO: 16:38:49.311674 self-stabilizing-binary-consensus.go:435: est[11][2]={0} aux[11][2]={0}
INFO: 16:38:49.425707 self-stabilizing-binary-consensus.go:443: SEND flag=0 r=11 est={0} aux={0}
INFO: 16:38:49.425813 self-stabilizing-binary-consensus.go:433: RECEIVE j=3 flag=1 r=11 est={0} aux={0}
INFO: 16:38:49.425832 self-stabilizing-binary-consensus.go:435: est[11][3]={0} aux[11][3]={0}
INFO: 16:38:49.433479 self-stabilizing-binary-consensus.go:443: SEND flag=0 r=11 est={0} aux={0}
INFO: 16:38:49.433721 self-stabilizing-binary-consensus.go:433: RECEIVE j=2 flag=0 r=11 est={0} aux={0}
INFO: 16:38:49.433754 self-stabilizing-binary-consensus.go:435: est[11][2]={0} aux[11][2]={0}
INFO: 16:38:49.433770 self-stabilizing-binary-consensus.go:433: RECEIVE j=1 flag=0 r=11 est={0} aux={0}
INFO: 16:38:49.433783 self-stabilizing-binary-consensus.go:435: est[11][1]={0} aux[11][1]={0}
INFO: 16:38:49.433797 self-stabilizing-binary-consensus.go:433: RECEIVE j=2 flag=0 r=11 est={0} aux={0}
INFO: 16:38:49.433806 self-stabilizing-binary-consensus.go:435: est[11][2]={0} aux[11][2]={0}
INFO: 16:38:49.433819 self-stabilizing-binary-consensus.go:433: RECEIVE j=1 flag=0 r=11 est={0} aux={0}
INFO: 16:38:49.433828 self-stabilizing-binary-consensus.go:435: est[11][1]={0} aux[11][1]={0}
INFO: 16:38:49.433841 self-stabilizing-binary-consensus.go:433: RECEIVE j=1 flag=0 r=11 est={0} aux={0}
INFO: 16:38:49.433870 self-stabilizing-binary-consensus.go:435: est[11][1]={0} aux[11][1]={0}
INFO: 16:38:49.444542 self-stabilizing-binary-consensus.go:443: SEND flag=0 r=11 est={0} aux={0}
INFO: 16:38:49.460600 self-stabilizing-binary-consensus.go:433: RECEIVE j=2 flag=0 r=11 est={0} aux={0}
INFO: 16:38:49.460612 self-stabilizing-binary-consensus.go:435: est[11][2]={0} aux[11][2]={0}
INFO: 16:38:49.460781 self-stabilizing-binary-consensus.go:433: RECEIVE j=3 flag=0 r=11 est={0} aux={0}
INFO: 16:38:49.460793 self-stabilizing-binary-consensus.go:435: est[11][3]={0} aux[11][3]={0}
INFO: 16:38:49.484698 self-stabilizing-binary-consensus.go:433: RECEIVE j=3 flag=0 r=11 est={0} aux={0}
INFO: 16:38:49.484810 self-stabilizing-binary-consensus.go:435: est[11][3]={0} aux[11][3]={0}
INFO: 16:38:49.491810 self-stabilizing-binary-consensus.go:433: RECEIVE j=3 flag=0 r=11 est={0} aux={0}
INFO: 16:38:49.491827 self-stabilizing-binary-consensus.go:435: est[11][3]={0} aux[11][3]={0}
INFO: 16:38:51.285968 self-stabilizing-binary-consensus.go:200: binValues(11,3)={0}
INFO: 16:38:51.286016 self-stabilizing-binary-consensus.go:227: infoResults()={0}
INFO: 16:38:51.286026 self-stabilizing-binary-consensus.go:200: binValues(11,3)={0}
INFO: 16:38:51.286031 self-stabilizing-binary-consensus.go:227: infoResults()={0}
INFO: 16:38:51.286034 self-stabilizing-binary-consensus.go:258: randomBit(11)=0
INFO: 16:38:51.286039 self-stabilizing-binary-consensus.go:251: decision=0
INFO: 16:38:51.286067 self-stabilizing-binary-consensus.go:200: binValues(11,2)={0}
INFO: 16:38:51.286075 self-stabilizing-binary-consensus.go:251: decision=0
INFO: 16:38:51.286083 self-stabilizing-binary-consensus.go:93: round=11 repeat=1
INFO: 16:38:51.286088 self-stabilizing-binary-consensus.go:200: binValues(11,3)={0}
INFO: 16:38:51.286092 self-stabilizing-binary-consensus.go:200: binValues(11,2)={0}
INFO: 16:38:51.291093 self-stabilizing-binary-consensus.go:141: SEND flag=1 r=11 est={0} aux={0}
INFO: 16:38:51.317513 self-stabilizing-binary-consensus.go:433: RECEIVE j=1 flag=0 r=11 est={0} aux={0}
INFO: 16:38:51.317533 self-stabilizing-binary-consensus.go:435: est[11][1]={0} aux[11][1]={0}
INFO: 16:38:51.317696 self-stabilizing-binary-consensus.go:433: RECEIVE j=1 flag=1 r=11 est={0} aux={0}
INFO: 16:38:51.317722 self-stabilizing-binary-consensus.go:435: est[11][1]={0} aux[11][1]={0}
INFO: 16:38:51.324739 self-stabilizing-binary-consensus.go:443: SEND flag=0 r=11 est={0} aux={0}
INFO: 16:38:51.345740 self-stabilizing-binary-consensus.go:433: RECEIVE j=3 flag=0 r=11 est={0} aux={0}
INFO: 16:38:51.345805 self-stabilizing-binary-consensus.go:435: est[11][3]={0} aux[11][3]={0}
INFO: 16:38:51.345948 self-stabilizing-binary-consensus.go:433: RECEIVE j=2 flag=0 r=11 est={0} aux={0}
INFO: 16:38:51.345972 self-stabilizing-binary-consensus.go:435: est[11][2]={0} aux[11][2]={0}
INFO: 16:38:51.346155 self-stabilizing-binary-consensus.go:433: RECEIVE j=3 flag=0 r=11 est={0} aux={0}
INFO: 16:38:51.346177 self-stabilizing-binary-consensus.go:435: est[11][3]={0} aux[11][3]={0}
INFO: 16:38:51.358683 self-stabilizing-binary-consensus.go:433: RECEIVE j=3 flag=1 r=11 est={0} aux={0}
INFO: 16:38:51.359012 self-stabilizing-binary-consensus.go:435: est[11][3]={0} aux[11][3]={0}
INFO: 16:38:51.360980 self-stabilizing-binary-consensus.go:433: RECEIVE j=2 flag=0 r=11 est={0} aux={0}
INFO: 16:38:51.361007 self-stabilizing-binary-consensus.go:435: est[11][2]={0} aux[11][2]={0}
INFO: 16:38:51.361808 self-stabilizing-binary-consensus.go:443: SEND flag=0 r=11 est={0} aux={0}
INFO: 16:38:51.368105 self-stabilizing-binary-consensus.go:433: RECEIVE j=1 flag=0 r=11 est={0} aux={0}
INFO: 16:38:51.368245 self-stabilizing-binary-consensus.go:435: est[11][1]={0} aux[11][1]={0}
INFO: 16:38:51.371596 self-stabilizing-binary-consensus.go:433: RECEIVE j=2 flag=1 r=11 est={0} aux={0}
INFO: 16:38:51.371638 self-stabilizing-binary-consensus.go:435: est[11][2]={0} aux[11][2]={0}
INFO: 16:38:51.373395 self-stabilizing-binary-consensus.go:443: SEND flag=0 r=11 est={0} aux={0}
INFO: 16:38:51.394790 self-stabilizing-binary-consensus.go:433: RECEIVE j=2 flag=0 r=11 est={0} aux={0}
INFO: 16:38:51.394862 self-stabilizing-binary-consensus.go:435: est[11][2]={0} aux[11][2]={0}
INFO: 16:38:51.400205 self-stabilizing-binary-consensus.go:433: RECEIVE j=1 flag=0 r=11 est={0} aux={0}
INFO: 16:38:51.400231 self-stabilizing-binary-consensus.go:435: est[11][1]={0} aux[11][1]={0}
INFO: 16:38:51.404821 self-stabilizing-binary-consensus.go:433: RECEIVE j=3 flag=0 r=11 est={0} aux={0}
INFO: 16:38:51.404853 self-stabilizing-binary-consensus.go:435: est[11][3]={0} aux[11][3]={0}
INFO: 16:38:53.291673 self-stabilizing-binary-consensus.go:200: binValues(11,3)={0}
INFO: 16:38:53.291705 self-stabilizing-binary-consensus.go:227: infoResults()={0}
INFO: 16:38:53.291714 self-stabilizing-binary-consensus.go:200: binValues(11,3)={0}
INFO: 16:38:53.291720 self-stabilizing-binary-consensus.go:227: infoResults()={0}
INFO: 16:38:53.291725 self-stabilizing-binary-consensus.go:258: randomBit(11)=0
INFO: 16:38:53.291732 self-stabilizing-binary-consensus.go:251: decision=0
INFO: 16:38:53.291756 self-stabilizing-binary-consensus.go:200: binValues(11,2)={0}
INFO: 16:38:53.291765 self-stabilizing-binary-consensus.go:251: decision=0
INFO: 16:38:53.291786 self-stabilizing-binary-consensus.go:93: round=11 repeat=1
INFO: 16:38:53.291798 self-stabilizing-binary-consensus.go:200: binValues(11,3)={0}
INFO: 16:38:53.291805 self-stabilizing-binary-consensus.go:200: binValues(11,2)={0}
INFO: 16:38:53.294598 self-stabilizing-binary-consensus.go:141: SEND flag=1 r=11 est={0} aux={0}
INFO: 16:38:53.304141 self-stabilizing-binary-consensus.go:433: RECEIVE j=3 flag=0 r=11 est={0} aux={0}
INFO: 16:38:53.304194 self-stabilizing-binary-consensus.go:435: est[11][3]={0} aux[11][3]={0}
INFO: 16:38:53.312668 self-stabilizing-binary-consensus.go:433: RECEIVE j=2 flag=0 r=11 est={0} aux={0}
INFO: 16:38:53.312703 self-stabilizing-binary-consensus.go:435: est[11][2]={0} aux[11][2]={0}
INFO: 16:38:53.327490 self-stabilizing-binary-consensus.go:433: RECEIVE j=1 flag=1 r=11 est={0} aux={0}
INFO: 16:38:53.327582 self-stabilizing-binary-consensus.go:435: est[11][1]={0} aux[11][1]={0}
INFO: 16:38:53.334547 self-stabilizing-binary-consensus.go:443: SEND flag=0 r=11 est={0} aux={0}
INFO: 16:38:53.336055 self-stabilizing-binary-consensus.go:433: RECEIVE j=3 flag=0 r=11 est={0} aux={0}
INFO: 16:38:53.336087 self-stabilizing-binary-consensus.go:435: est[11][3]={0} aux[11][3]={0}
INFO: 16:38:53.344867 self-stabilizing-binary-consensus.go:433: RECEIVE j=1 flag=0 r=11 est={0} aux={0}
INFO: 16:38:53.344888 self-stabilizing-binary-consensus.go:435: est[11][1]={0} aux[11][1]={0}
INFO: 16:38:53.350861 self-stabilizing-binary-consensus.go:433: RECEIVE j=2 flag=0 r=11 est={0} aux={0}
INFO: 16:38:53.350917 self-stabilizing-binary-consensus.go:435: est[11][2]={0} aux[11][2]={0}
INFO: 16:38:53.362017 self-stabilizing-binary-consensus.go:433: RECEIVE j=3 flag=1 r=11 est={0} aux={0}
INFO: 16:38:53.362046 self-stabilizing-binary-consensus.go:435: est[11][3]={0} aux[11][3]={0}
INFO: 16:38:53.366370 self-stabilizing-binary-consensus.go:443: SEND flag=0 r=11 est={0} aux={0}
INFO: 16:38:53.368468 self-stabilizing-binary-consensus.go:433: RECEIVE j=1 flag=0 r=11 est={0} aux={0}
INFO: 16:38:53.368495 self-stabilizing-binary-consensus.go:435: est[11][1]={0} aux[11][1]={0}
INFO: 16:38:53.373093 self-stabilizing-binary-consensus.go:433: RECEIVE j=2 flag=0 r=11 est={0} aux={0}
INFO: 16:38:53.373174 self-stabilizing-binary-consensus.go:435: est[11][2]={0} aux[11][2]={0}
INFO: 16:38:53.404497 self-stabilizing-binary-consensus.go:433: RECEIVE j=1 flag=0 r=11 est={0} aux={0}
INFO: 16:38:53.404542 self-stabilizing-binary-consensus.go:435: est[11][1]={0} aux[11][1]={0}
INFO: 16:38:53.404811 self-stabilizing-binary-consensus.go:433: RECEIVE j=2 flag=1 r=11 est={0} aux={0}
INFO: 16:38:53.404829 self-stabilizing-binary-consensus.go:435: est[11][2]={0} aux[11][2]={0}
INFO: 16:38:53.406920 self-stabilizing-binary-consensus.go:443: SEND flag=0 r=11 est={0} aux={0}
INFO: 16:38:53.413864 self-stabilizing-binary-consensus.go:433: RECEIVE j=3 flag=0 r=11 est={0} aux={0}
INFO: 16:38:53.414070 self-stabilizing-binary-consensus.go:435: est[11][3]={0} aux[11][3]={0}
INFO: 16:38:55.295466 self-stabilizing-binary-consensus.go:200: binValues(11,3)={0}
INFO: 16:38:55.295510 self-stabilizing-binary-consensus.go:227: infoResults()={0}
INFO: 16:38:55.295520 self-stabilizing-binary-consensus.go:200: binValues(11,3)={0}
INFO: 16:38:55.295524 self-stabilizing-binary-consensus.go:227: infoResults()={0}
INFO: 16:38:55.295528 self-stabilizing-binary-consensus.go:258: randomBit(11)=0
INFO: 16:38:55.295532 self-stabilizing-binary-consensus.go:251: decision=0
INFO: 16:38:55.295564 self-stabilizing-binary-consensus.go:200: binValues(11,2)={0}
INFO: 16:38:55.295572 self-stabilizing-binary-consensus.go:251: decision=0
INFO: 16:38:55.295580 self-stabilizing-binary-consensus.go:93: round=11 repeat=1
INFO: 16:38:55.295586 self-stabilizing-binary-consensus.go:200: binValues(11,3)={0}
INFO: 16:38:55.295590 self-stabilizing-binary-consensus.go:200: binValues(11,2)={0}
INFO: 16:38:55.297300 self-stabilizing-binary-consensus.go:141: SEND flag=1 r=11 est={0} aux={0}
INFO: 16:38:55.327923 self-stabilizing-binary-consensus.go:433: RECEIVE j=1 flag=0 r=11 est={0} aux={0}
INFO: 16:38:55.328004 self-stabilizing-binary-consensus.go:435: est[11][1]={0} aux[11][1]={0}
INFO: 16:38:55.329326 self-stabilizing-binary-consensus.go:433: RECEIVE j=2 flag=0 r=11 est={0} aux={0}
INFO: 16:38:55.329525 self-stabilizing-binary-consensus.go:435: est[11][2]={0} aux[11][2]={0}
INFO: 16:38:55.330461 self-stabilizing-binary-consensus.go:433: RECEIVE j=3 flag=0 r=11 est={0} aux={0}
INFO: 16:38:55.330485 self-stabilizing-binary-consensus.go:435: est[11][3]={0} aux[11][3]={0}
INFO: 16:38:55.330772 self-stabilizing-binary-consensus.go:433: RECEIVE j=1 flag=1 r=11 est={0} aux={0}
INFO: 16:38:55.331586 self-stabilizing-binary-consensus.go:435: est[11][1]={0} aux[11][1]={0}
INFO: 16:38:55.333719 self-stabilizing-binary-consensus.go:443: SEND flag=0 r=11 est={0} aux={0}
INFO: 16:38:55.334038 self-stabilizing-binary-consensus.go:433: RECEIVE j=3 flag=0 r=11 est={0} aux={0}
INFO: 16:38:55.334050 self-stabilizing-binary-consensus.go:435: est[11][3]={0} aux[11][3]={0}
INFO: 16:38:55.334590 self-stabilizing-binary-consensus.go:433: RECEIVE j=2 flag=0 r=11 est={0} aux={0}
INFO: 16:38:55.334599 self-stabilizing-binary-consensus.go:435: est[11][2]={0} aux[11][2]={0}
INFO: 16:38:55.359390 self-stabilizing-binary-consensus.go:433: RECEIVE j=3 flag=1 r=11 est={0} aux={0}
INFO: 16:38:55.359425 self-stabilizing-binary-consensus.go:435: est[11][3]={0} aux[11][3]={0}
INFO: 16:38:55.361182 self-stabilizing-binary-consensus.go:443: SEND flag=0 r=11 est={0} aux={0}
INFO: 16:38:55.363487 self-stabilizing-binary-consensus.go:433: RECEIVE j=2 flag=0 r=11 est={0} aux={0}
INFO: 16:38:55.363523 self-stabilizing-binary-consensus.go:435: est[11][2]={0} aux[11][2]={0}
INFO: 16:38:55.365157 self-stabilizing-binary-consensus.go:433: RECEIVE j=1 flag=0 r=11 est={0} aux={0}
INFO: 16:38:55.365198 self-stabilizing-binary-consensus.go:435: est[11][1]={0} aux[11][1]={0}
INFO: 16:38:55.433366 self-stabilizing-binary-consensus.go:433: RECEIVE j=3 flag=0 r=11 est={0} aux={0}
INFO: 16:38:55.433405 self-stabilizing-binary-consensus.go:435: est[11][3]={0} aux[11][3]={0}
INFO: 16:38:55.433535 self-stabilizing-binary-consensus.go:433: RECEIVE j=2 flag=1 r=11 est={0} aux={0}
INFO: 16:38:55.433558 self-stabilizing-binary-consensus.go:435: est[11][2]={0} aux[11][2]={0}
INFO: 16:38:55.435308 self-stabilizing-binary-consensus.go:443: SEND flag=0 r=11 est={0} aux={0}
INFO: 16:38:55.436134 self-stabilizing-binary-consensus.go:433: RECEIVE j=1 flag=0 r=11 est={0} aux={0}
INFO: 16:38:55.436148 self-stabilizing-binary-consensus.go:435: est[11][1]={0} aux[11][1]={0}
INFO: 16:38:57.298453 self-stabilizing-binary-consensus.go:200: binValues(11,3)={0}
INFO: 16:38:57.298491 self-stabilizing-binary-consensus.go:227: infoResults()={0}
INFO: 16:38:57.298500 self-stabilizing-binary-consensus.go:200: binValues(11,3)={0}
INFO: 16:38:57.298505 self-stabilizing-binary-consensus.go:227: infoResults()={0}
INFO: 16:38:57.298508 self-stabilizing-binary-consensus.go:258: randomBit(11)=0
INFO: 16:38:57.298513 self-stabilizing-binary-consensus.go:251: decision=0
INFO: 16:38:57.298531 self-stabilizing-binary-consensus.go:200: binValues(11,2)={0}
INFO: 16:38:57.298536 self-stabilizing-binary-consensus.go:251: decision=0
INFO: 16:38:57.298543 self-stabilizing-binary-consensus.go:93: round=11 repeat=1
INFO: 16:38:57.298548 self-stabilizing-binary-consensus.go:200: binValues(11,3)={0}
INFO: 16:38:57.298565 self-stabilizing-binary-consensus.go:200: binValues(11,2)={0}
INFO: 16:38:57.300351 self-stabilizing-binary-consensus.go:141: SEND flag=1 r=11 est={0} aux={0}
INFO: 16:38:57.329282 self-stabilizing-binary-consensus.go:433: RECEIVE j=3 flag=0 r=11 est={0} aux={0}
INFO: 16:38:57.329337 self-stabilizing-binary-consensus.go:435: est[11][3]={0} aux[11][3]={0}
INFO: 16:38:57.329560 self-stabilizing-binary-consensus.go:433: RECEIVE j=2 flag=0 r=11 est={0} aux={0}
INFO: 16:38:57.329590 self-stabilizing-binary-consensus.go:435: est[11][2]={0} aux[11][2]={0}
INFO: 16:38:57.344836 self-stabilizing-binary-consensus.go:433: RECEIVE j=1 flag=0 r=11 est={0} aux={0}
INFO: 16:38:57.344979 self-stabilizing-binary-consensus.go:435: est[11][1]={0} aux[11][1]={0}
INFO: 16:38:57.359906 self-stabilizing-binary-consensus.go:433: RECEIVE j=1 flag=1 r=11 est={0} aux={0}
INFO: 16:38:57.360010 self-stabilizing-binary-consensus.go:435: est[11][1]={0} aux[11][1]={0}
INFO: 16:38:57.365691 self-stabilizing-binary-consensus.go:443: SEND flag=0 r=11 est={0} aux={0}
INFO: 16:38:57.440163 self-stabilizing-binary-consensus.go:433: RECEIVE j=3 flag=0 r=11 est={0} aux={0}
INFO: 16:38:57.440308 self-stabilizing-binary-consensus.go:435: est[11][3]={0} aux[11][3]={0}
INFO: 16:38:57.440352 self-stabilizing-binary-consensus.go:433: RECEIVE j=2 flag=0 r=11 est={0} aux={0}
INFO: 16:38:57.440382 self-stabilizing-binary-consensus.go:435: est[11][2]={0} aux[11][2]={0}
INFO: 16:38:57.459782 self-stabilizing-binary-consensus.go:433: RECEIVE j=3 flag=1 r=11 est={0} aux={0}
INFO: 16:38:57.459824 self-stabilizing-binary-consensus.go:435: est[11][3]={0} aux[11][3]={0}
INFO: 16:38:57.460878 self-stabilizing-binary-consensus.go:433: RECEIVE j=2 flag=0 r=11 est={0} aux={0}
INFO: 16:38:57.461111 self-stabilizing-binary-consensus.go:435: est[11][2]={0} aux[11][2]={0}
INFO: 16:38:57.472784 self-stabilizing-binary-consensus.go:433: RECEIVE j=2 flag=1 r=11 est={0} aux={0}
INFO: 16:38:57.472817 self-stabilizing-binary-consensus.go:435: est[11][2]={0} aux[11][2]={0}
INFO: 16:38:57.474587 self-stabilizing-binary-consensus.go:443: SEND flag=0 r=11 est={0} aux={0}
INFO: 16:38:57.478644 self-stabilizing-binary-consensus.go:433: RECEIVE j=1 flag=0 r=11 est={0} aux={0}
INFO: 16:38:57.478706 self-stabilizing-binary-consensus.go:435: est[11][1]={0} aux[11][1]={0}
INFO: 16:38:57.500085 self-stabilizing-binary-consensus.go:433: RECEIVE j=1 flag=0 r=11 est={0} aux={0}
INFO: 16:38:57.500111 self-stabilizing-binary-consensus.go:435: est[11][1]={0} aux[11][1]={0}
INFO: 16:38:57.504956 self-stabilizing-binary-consensus.go:433: RECEIVE j=3 flag=0 r=11 est={0} aux={0}
INFO: 16:38:57.507091 self-stabilizing-binary-consensus.go:435: est[11][3]={0} aux[11][3]={0}
INFO: 16:38:57.512150 self-stabilizing-binary-consensus.go:443: SEND flag=0 r=11 est={0} aux={0}
INFO: 16:38:59.301780 self-stabilizing-binary-consensus.go:200: binValues(11,3)={0}
INFO: 16:38:59.301821 self-stabilizing-binary-consensus.go:227: infoResults()={0}
INFO: 16:38:59.301827 self-stabilizing-binary-consensus.go:200: binValues(11,3)={0}
INFO: 16:38:59.301831 self-stabilizing-binary-consensus.go:227: infoResults()={0}
INFO: 16:38:59.301857 self-stabilizing-binary-consensus.go:258: randomBit(11)=0
INFO: 16:38:59.301862 self-stabilizing-binary-consensus.go:251: decision=0
INFO: 16:38:59.301879 self-stabilizing-binary-consensus.go:200: binValues(11,2)={0}
INFO: 16:38:59.301884 self-stabilizing-binary-consensus.go:251: decision=0
INFO: 16:38:59.301891 self-stabilizing-binary-consensus.go:93: round=11 repeat=1
INFO: 16:38:59.301896 self-stabilizing-binary-consensus.go:200: binValues(11,3)={0}
INFO: 16:38:59.301900 self-stabilizing-binary-consensus.go:200: binValues(11,2)={0}
INFO: 16:38:59.303802 self-stabilizing-binary-consensus.go:141: SEND flag=1 r=11 est={0} aux={0}
INFO: 16:38:59.340401 self-stabilizing-binary-consensus.go:433: RECEIVE j=3 flag=0 r=11 est={0} aux={0}
INFO: 16:38:59.340452 self-stabilizing-binary-consensus.go:435: est[11][3]={0} aux[11][3]={0}
INFO: 16:38:59.348310 self-stabilizing-binary-consensus.go:433: RECEIVE j=2 flag=0 r=11 est={0} aux={0}
INFO: 16:38:59.348353 self-stabilizing-binary-consensus.go:435: est[11][2]={0} aux[11][2]={0}
INFO: 16:38:59.348526 self-stabilizing-binary-consensus.go:433: RECEIVE j=1 flag=0 r=11 est={0} aux={0}
INFO: 16:38:59.348550 self-stabilizing-binary-consensus.go:435: est[11][1]={0} aux[11][1]={0}
INFO: 16:38:59.359468 self-stabilizing-binary-consensus.go:433: RECEIVE j=1 flag=1 r=11 est={0} aux={0}
INFO: 16:38:59.359594 self-stabilizing-binary-consensus.go:435: est[11][1]={0} aux[11][1]={0}
INFO: 16:38:59.366084 self-stabilizing-binary-consensus.go:443: SEND flag=0 r=11 est={0} aux={0}
INFO: 16:38:59.384186 self-stabilizing-binary-consensus.go:433: RECEIVE j=2 flag=0 r=11 est={0} aux={0}
INFO: 16:38:59.384248 self-stabilizing-binary-consensus.go:435: est[11][2]={0} aux[11][2]={0}
INFO: 16:38:59.391946 self-stabilizing-binary-consensus.go:433: RECEIVE j=3 flag=0 r=11 est={0} aux={0}
INFO: 16:38:59.392067 self-stabilizing-binary-consensus.go:435: est[11][3]={0} aux[11][3]={0}
INFO: 16:38:59.486828 self-stabilizing-binary-consensus.go:433: RECEIVE j=2 flag=1 r=11 est={0} aux={0}
INFO: 16:38:59.487029 self-stabilizing-binary-consensus.go:435: est[11][2]={0} aux[11][2]={0}
INFO: 16:38:59.488903 self-stabilizing-binary-consensus.go:443: SEND flag=0 r=11 est={0} aux={0}
INFO: 16:38:59.490901 self-stabilizing-binary-consensus.go:433: RECEIVE j=2 flag=0 r=11 est={0} aux={0}
INFO: 16:38:59.490956 self-stabilizing-binary-consensus.go:435: est[11][2]={0} aux[11][2]={0}
INFO: 16:38:59.496183 self-stabilizing-binary-consensus.go:433: RECEIVE j=3 flag=1 r=11 est={0} aux={0}
INFO: 16:38:59.496229 self-stabilizing-binary-consensus.go:435: est[11][3]={0} aux[11][3]={0}
INFO: 16:38:59.502167 self-stabilizing-binary-consensus.go:433: RECEIVE j=1 flag=0 r=11 est={0} aux={0}
INFO: 16:38:59.502236 self-stabilizing-binary-consensus.go:435: est[11][1]={0} aux[11][1]={0}
INFO: 16:38:59.511823 self-stabilizing-binary-consensus.go:433: RECEIVE j=3 flag=0 r=11 est={0} aux={0}
INFO: 16:38:59.512892 self-stabilizing-binary-consensus.go:435: est[11][3]={0} aux[11][3]={0}
INFO: 16:38:59.513262 self-stabilizing-binary-consensus.go:443: SEND flag=0 r=11 est={0} aux={0}
INFO: 16:38:59.523171 self-stabilizing-binary-consensus.go:433: RECEIVE j=1 flag=0 r=11 est={0} aux={0}
INFO: 16:38:59.523187 self-stabilizing-binary-consensus.go:435: est[11][1]={0} aux[11][1]={0}
INFO: 16:39:01.312534 self-stabilizing-binary-consensus.go:200: binValues(11,3)={0}
INFO: 16:39:01.312607 self-stabilizing-binary-consensus.go:227: infoResults()={0}
INFO: 16:39:01.312866 self-stabilizing-binary-consensus.go:200: binValues(11,3)={0}
INFO: 16:39:01.312883 self-stabilizing-binary-consensus.go:227: infoResults()={0}
INFO: 16:39:01.312890 self-stabilizing-binary-consensus.go:258: randomBit(11)=0
INFO: 16:39:01.312896 self-stabilizing-binary-consensus.go:251: decision=0
INFO: 16:39:01.312931 self-stabilizing-binary-consensus.go:200: binValues(11,2)={0}
INFO: 16:39:01.312944 self-stabilizing-binary-consensus.go:251: decision=0
INFO: 16:39:01.312956 self-stabilizing-binary-consensus.go:93: round=11 repeat=1
INFO: 16:39:01.312964 self-stabilizing-binary-consensus.go:200: binValues(11,3)={0}
INFO: 16:39:01.312970 self-stabilizing-binary-consensus.go:200: binValues(11,2)={0}
INFO: 16:39:01.315256 self-stabilizing-binary-consensus.go:141: SEND flag=1 r=11 est={0} aux={0}
INFO: 16:39:01.350101 self-stabilizing-binary-consensus.go:433: RECEIVE j=3 flag=0 r=11 est={0} aux={0}
INFO: 16:39:01.350128 self-stabilizing-binary-consensus.go:435: est[11][3]={0} aux[11][3]={0}
INFO: 16:39:01.353697 self-stabilizing-binary-consensus.go:433: RECEIVE j=2 flag=0 r=11 est={0} aux={0}
INFO: 16:39:01.353714 self-stabilizing-binary-consensus.go:435: est[11][2]={0} aux[11][2]={0}
INFO: 16:39:01.353842 self-stabilizing-binary-consensus.go:433: RECEIVE j=1 flag=0 r=11 est={0} aux={0}
INFO: 16:39:01.353849 self-stabilizing-binary-consensus.go:435: est[11][1]={0} aux[11][1]={0}
INFO: 16:39:01.359241 self-stabilizing-binary-consensus.go:433: RECEIVE j=1 flag=1 r=11 est={0} aux={0}
INFO: 16:39:01.359262 self-stabilizing-binary-consensus.go:435: est[11][1]={0} aux[11][1]={0}
INFO: 16:39:01.372631 self-stabilizing-binary-consensus.go:433: RECEIVE j=2 flag=0 r=11 est={0} aux={0}
INFO: 16:39:01.372665 self-stabilizing-binary-consensus.go:435: est[11][2]={0} aux[11][2]={0}
INFO: 16:39:01.372826 self-stabilizing-binary-consensus.go:433: RECEIVE j=3 flag=0 r=11 est={0} aux={0}
INFO: 16:39:01.372849 self-stabilizing-binary-consensus.go:435: est[11][3]={0} aux[11][3]={0}
INFO: 16:39:01.374524 self-stabilizing-binary-consensus.go:443: SEND flag=0 r=11 est={0} aux={0}
INFO: 16:39:01.486622 self-stabilizing-binary-consensus.go:433: RECEIVE j=2 flag=1 r=11 est={0} aux={0}
INFO: 16:39:01.486654 self-stabilizing-binary-consensus.go:435: est[11][2]={0} aux[11][2]={0}
INFO: 16:39:01.488406 self-stabilizing-binary-consensus.go:443: SEND flag=0 r=11 est={0} aux={0}
INFO: 16:39:01.508286 self-stabilizing-binary-consensus.go:433: RECEIVE j=3 flag=0 r=11 est={0} aux={0}
INFO: 16:39:01.508336 self-stabilizing-binary-consensus.go:435: est[11][3]={0} aux[11][3]={0}
INFO: 16:39:01.508508 self-stabilizing-binary-consensus.go:433: RECEIVE j=3 flag=1 r=11 est={0} aux={0}
INFO: 16:39:01.508534 self-stabilizing-binary-consensus.go:435: est[11][3]={0} aux[11][3]={0}
INFO: 16:39:01.516861 self-stabilizing-binary-consensus.go:433: RECEIVE j=1 flag=0 r=11 est={0} aux={0}
INFO: 16:39:01.519845 self-stabilizing-binary-consensus.go:435: est[11][1]={0} aux[11][1]={0}
INFO: 16:39:01.517551 self-stabilizing-binary-consensus.go:443: SEND flag=0 r=11 est={0} aux={0}
INFO: 16:39:01.518334 self-stabilizing-binary-consensus.go:433: RECEIVE j=2 flag=0 r=11 est={0} aux={0}
INFO: 16:39:01.519926 self-stabilizing-binary-consensus.go:435: est[11][2]={0} aux[11][2]={0}
INFO: 16:39:01.524130 self-stabilizing-binary-consensus.go:433: RECEIVE j=1 flag=0 r=11 est={0} aux={0}
INFO: 16:39:01.524387 self-stabilizing-binary-consensus.go:435: est[11][1]={0} aux[11][1]={0}
INFO: 16:39:03.315980 self-stabilizing-binary-consensus.go:200: binValues(11,3)={0}
INFO: 16:39:03.316078 self-stabilizing-binary-consensus.go:227: infoResults()={0}
INFO: 16:39:03.316125 self-stabilizing-binary-consensus.go:200: binValues(11,3)={0}
INFO: 16:39:03.316152 self-stabilizing-binary-consensus.go:227: infoResults()={0}
INFO: 16:39:03.316170 self-stabilizing-binary-consensus.go:258: randomBit(11)=0
INFO: 16:39:03.316187 self-stabilizing-binary-consensus.go:251: decision=0
INFO: 16:39:03.316338 self-stabilizing-binary-consensus.go:200: binValues(11,2)={0}
INFO: 16:39:03.316389 self-stabilizing-binary-consensus.go:251: decision=0
INFO: 16:39:03.316593 self-stabilizing-binary-consensus.go:93: round=11 repeat=1
INFO: 16:39:03.316665 self-stabilizing-binary-consensus.go:200: binValues(11,3)={0}
INFO: 16:39:03.316749 self-stabilizing-binary-consensus.go:200: binValues(11,2)={0}
INFO: 16:39:03.319867 self-stabilizing-binary-consensus.go:141: SEND flag=1 r=11 est={0} aux={0}
INFO: 16:39:03.366514 self-stabilizing-binary-consensus.go:433: RECEIVE j=1 flag=0 r=11 est={0} aux={0}
INFO: 16:39:03.366547 self-stabilizing-binary-consensus.go:435: est[11][1]={0} aux[11][1]={0}
INFO: 16:39:03.366746 self-stabilizing-binary-consensus.go:433: RECEIVE j=2 flag=0 r=11 est={0} aux={0}
INFO: 16:39:03.366772 self-stabilizing-binary-consensus.go:435: est[11][2]={0} aux[11][2]={0}
INFO: 16:39:03.366975 self-stabilizing-binary-consensus.go:433: RECEIVE j=3 flag=0 r=11 est={0} aux={0}
INFO: 16:39:03.367000 self-stabilizing-binary-consensus.go:435: est[11][3]={0} aux[11][3]={0}
INFO: 16:39:03.369010 self-stabilizing-binary-consensus.go:433: RECEIVE j=1 flag=1 r=11 est={0} aux={0}
INFO: 16:39:03.369370 self-stabilizing-binary-consensus.go:435: est[11][1]={0} aux[11][1]={0}
INFO: 16:39:03.376052 self-stabilizing-binary-consensus.go:443: SEND flag=0 r=11 est={0} aux={0}
INFO: 16:39:03.391833 self-stabilizing-binary-consensus.go:433: RECEIVE j=2 flag=0 r=11 est={0} aux={0}
INFO: 16:39:03.391860 self-stabilizing-binary-consensus.go:435: est[11][2]={0} aux[11][2]={0}
INFO: 16:39:03.400372 self-stabilizing-binary-consensus.go:433: RECEIVE j=3 flag=0 r=11 est={0} aux={0}
INFO: 16:39:03.400387 self-stabilizing-binary-consensus.go:435: est[11][3]={0} aux[11][3]={0}
INFO: 16:39:03.511649 self-stabilizing-binary-consensus.go:433: RECEIVE j=3 flag=0 r=11 est={0} aux={0}
INFO: 16:39:03.517462 self-stabilizing-binary-consensus.go:435: est[11][3]={0} aux[11][3]={0}
INFO: 16:39:03.518562 self-stabilizing-binary-consensus.go:433: RECEIVE j=3 flag=1 r=11 est={0} aux={0}
INFO: 16:39:03.519381 self-stabilizing-binary-consensus.go:435: est[11][3]={0} aux[11][3]={0}
INFO: 16:39:03.518688 self-stabilizing-binary-consensus.go:433: RECEIVE j=1 flag=0 r=11 est={0} aux={0}
INFO: 16:39:03.519614 self-stabilizing-binary-consensus.go:435: est[11][1]={0} aux[11][1]={0}
INFO: 16:39:03.519311 self-stabilizing-binary-consensus.go:433: RECEIVE j=2 flag=1 r=11 est={0} aux={0}
INFO: 16:39:03.519650 self-stabilizing-binary-consensus.go:435: est[11][2]={0} aux[11][2]={0}
INFO: 16:39:03.522571 self-stabilizing-binary-consensus.go:443: SEND flag=0 r=11 est={0} aux={0}
INFO: 16:39:03.538027 self-stabilizing-binary-consensus.go:443: SEND flag=0 r=11 est={0} aux={0}
INFO: 16:39:03.563266 self-stabilizing-binary-consensus.go:433: RECEIVE j=1 flag=0 r=11 est={0} aux={0}
INFO: 16:39:03.563408 self-stabilizing-binary-consensus.go:435: est[11][1]={0} aux[11][1]={0}
INFO: 16:39:03.570900 self-stabilizing-binary-consensus.go:433: RECEIVE j=2 flag=0 r=11 est={0} aux={0}
INFO: 16:39:03.571017 self-stabilizing-binary-consensus.go:435: est[11][2]={0} aux[11][2]={0}
INFO: 16:39:05.328390 self-stabilizing-binary-consensus.go:200: binValues(11,3)={0}
INFO: 16:39:05.328431 self-stabilizing-binary-consensus.go:227: infoResults()={0}
INFO: 16:39:05.328441 self-stabilizing-binary-consensus.go:200: binValues(11,3)={0}
INFO: 16:39:05.328447 self-stabilizing-binary-consensus.go:227: infoResults()={0}
INFO: 16:39:05.328453 self-stabilizing-binary-consensus.go:258: randomBit(11)=0
INFO: 16:39:05.328457 self-stabilizing-binary-consensus.go:251: decision=0
INFO: 16:39:05.328476 self-stabilizing-binary-consensus.go:200: binValues(11,2)={0}
INFO: 16:39:05.328488 self-stabilizing-binary-consensus.go:251: decision=0
INFO: 16:39:05.328505 self-stabilizing-binary-consensus.go:93: round=11 repeat=1
INFO: 16:39:05.328516 self-stabilizing-binary-consensus.go:200: binValues(11,3)={0}
INFO: 16:39:05.328522 self-stabilizing-binary-consensus.go:200: binValues(11,2)={0}
INFO: 16:39:05.330477 self-stabilizing-binary-consensus.go:141: SEND flag=1 r=11 est={0} aux={0}
INFO: 16:39:05.355874 self-stabilizing-binary-consensus.go:433: RECEIVE j=3 flag=0 r=11 est={0} aux={0}
INFO: 16:39:05.355935 self-stabilizing-binary-consensus.go:435: est[11][3]={0} aux[11][3]={0}
INFO: 16:39:05.385745 self-stabilizing-binary-consensus.go:433: RECEIVE j=1 flag=0 r=11 est={0} aux={0}
INFO: 16:39:05.385758 self-stabilizing-binary-consensus.go:435: est[11][1]={0} aux[11][1]={0}
INFO: 16:39:05.388175 self-stabilizing-binary-consensus.go:433: RECEIVE j=2 flag=0 r=11 est={0} aux={0}
INFO: 16:39:05.388190 self-stabilizing-binary-consensus.go:435: est[11][2]={0} aux[11][2]={0}
INFO: 16:39:05.401043 self-stabilizing-binary-consensus.go:433: RECEIVE j=1 flag=1 r=11 est={0} aux={0}
INFO: 16:39:05.401065 self-stabilizing-binary-consensus.go:435: est[11][1]={0} aux[11][1]={0}
INFO: 16:39:05.408206 self-stabilizing-binary-consensus.go:443: SEND flag=0 r=11 est={0} aux={0}
INFO: 16:39:05.418693 self-stabilizing-binary-consensus.go:433: RECEIVE j=2 flag=0 r=11 est={0} aux={0}
INFO: 16:39:05.418725 self-stabilizing-binary-consensus.go:435: est[11][2]={0} aux[11][2]={0}
INFO: 16:39:05.425987 self-stabilizing-binary-consensus.go:433: RECEIVE j=3 flag=0 r=11 est={0} aux={0}
INFO: 16:39:05.426040 self-stabilizing-binary-consensus.go:435: est[11][3]={0} aux[11][3]={0}
INFO: 16:39:05.508820 self-stabilizing-binary-consensus.go:433: RECEIVE j=2 flag=1 r=11 est={0} aux={0}
INFO: 16:39:05.508877 self-stabilizing-binary-consensus.go:435: est[11][2]={0} aux[11][2]={0}
INFO: 16:39:05.515358 self-stabilizing-binary-consensus.go:443: SEND flag=0 r=11 est={0} aux={0}
INFO: 16:39:05.530494 self-stabilizing-binary-consensus.go:433: RECEIVE j=3 flag=0 r=11 est={0} aux={0}
INFO: 16:39:05.530532 self-stabilizing-binary-consensus.go:435: est[11][3]={0} aux[11][3]={0}
INFO: 16:39:05.546678 self-stabilizing-binary-consensus.go:433: RECEIVE j=1 flag=0 r=11 est={0} aux={0}
INFO: 16:39:05.546703 self-stabilizing-binary-consensus.go:435: est[11][1]={0} aux[11][1]={0}
INFO: 16:39:05.561828 self-stabilizing-binary-consensus.go:433: RECEIVE j=3 flag=1 r=11 est={0} aux={0}
INFO: 16:39:05.561893 self-stabilizing-binary-consensus.go:435: est[11][3]={0} aux[11][3]={0}
INFO: 16:39:05.564873 self-stabilizing-binary-consensus.go:443: SEND flag=0 r=11 est={0} aux={0}
INFO: 16:39:05.594319 self-stabilizing-binary-consensus.go:433: RECEIVE j=2 flag=0 r=11 est={0} aux={0}
INFO: 16:39:05.594364 self-stabilizing-binary-consensus.go:435: est[11][2]={0} aux[11][2]={0}
INFO: 16:39:05.595373 self-stabilizing-binary-consensus.go:433: RECEIVE j=1 flag=0 r=11 est={0} aux={0}
INFO: 16:39:05.595401 self-stabilizing-binary-consensus.go:435: est[11][1]={0} aux[11][1]={0}
INFO: 16:39:07.331459 self-stabilizing-binary-consensus.go:200: binValues(11,3)={0}
INFO: 16:39:07.331532 self-stabilizing-binary-consensus.go:227: infoResults()={0}
INFO: 16:39:07.331556 self-stabilizing-binary-consensus.go:200: binValues(11,3)={0}
INFO: 16:39:07.331565 self-stabilizing-binary-consensus.go:227: infoResults()={0}
INFO: 16:39:07.331572 self-stabilizing-binary-consensus.go:258: randomBit(11)=0
INFO: 16:39:07.331585 self-stabilizing-binary-consensus.go:251: decision=0
INFO: 16:39:07.331621 self-stabilizing-binary-consensus.go:200: binValues(11,2)={0}
INFO: 16:39:07.331646 self-stabilizing-binary-consensus.go:251: decision=0
INFO: 16:39:07.331729 self-stabilizing-binary-consensus.go:93: round=11 repeat=1
INFO: 16:39:07.331743 self-stabilizing-binary-consensus.go:200: binValues(11,3)={0}
INFO: 16:39:07.331750 self-stabilizing-binary-consensus.go:200: binValues(11,2)={0}
INFO: 16:39:07.334135 self-stabilizing-binary-consensus.go:141: SEND flag=1 r=11 est={0} aux={0}
INFO: 16:39:07.374186 self-stabilizing-binary-consensus.go:433: RECEIVE j=1 flag=0 r=11 est={0} aux={0}
INFO: 16:39:07.374239 self-stabilizing-binary-consensus.go:435: est[11][1]={0} aux[11][1]={0}
INFO: 16:39:07.386836 self-stabilizing-binary-consensus.go:433: RECEIVE j=2 flag=0 r=11 est={0} aux={0}
INFO: 16:39:07.386874 self-stabilizing-binary-consensus.go:435: est[11][2]={0} aux[11][2]={0}
INFO: 16:39:07.391871 self-stabilizing-binary-consensus.go:433: RECEIVE j=3 flag=0 r=11 est={0} aux={0}
INFO: 16:39:07.391919 self-stabilizing-binary-consensus.go:435: est[11][3]={0} aux[11][3]={0}
INFO: 16:39:07.429650 self-stabilizing-binary-consensus.go:433: RECEIVE j=1 flag=1 r=11 est={0} aux={0}
INFO: 16:39:07.429798 self-stabilizing-binary-consensus.go:435: est[11][1]={0} aux[11][1]={0}
INFO: 16:39:07.437262 self-stabilizing-binary-consensus.go:433: RECEIVE j=3 flag=0 r=11 est={0} aux={0}
INFO: 16:39:07.437324 self-stabilizing-binary-consensus.go:435: est[11][3]={0} aux[11][3]={0}
INFO: 16:39:07.437811 self-stabilizing-binary-consensus.go:443: SEND flag=0 r=11 est={0} aux={0}
INFO: 16:39:07.468507 self-stabilizing-binary-consensus.go:433: RECEIVE j=2 flag=0 r=11 est={0} aux={0}
INFO: 16:39:07.468568 self-stabilizing-binary-consensus.go:435: est[11][2]={0} aux[11][2]={0}
INFO: 16:39:07.514387 self-stabilizing-binary-consensus.go:433: RECEIVE j=3 flag=0 r=11 est={0} aux={0}
INFO: 16:39:07.514435 self-stabilizing-binary-consensus.go:435: est[11][3]={0} aux[11][3]={0}
INFO: 16:39:07.514791 self-stabilizing-binary-consensus.go:433: RECEIVE j=2 flag=1 r=11 est={0} aux={0}
INFO: 16:39:07.514876 self-stabilizing-binary-consensus.go:435: est[11][2]={0} aux[11][2]={0}
INFO: 16:39:07.522772 self-stabilizing-binary-consensus.go:443: SEND flag=0 r=11 est={0} aux={0}
INFO: 16:39:07.530489 self-stabilizing-binary-consensus.go:433: RECEIVE j=1 flag=0 r=11 est={0} aux={0}
INFO: 16:39:07.530534 self-stabilizing-binary-consensus.go:435: est[11][1]={0} aux[11][1]={0}
INFO: 16:39:07.607949 self-stabilizing-binary-consensus.go:433: RECEIVE j=3 flag=1 r=11 est={0} aux={0}
INFO: 16:39:07.616949 self-stabilizing-binary-consensus.go:435: est[11][3]={0} aux[11][3]={0}
INFO: 16:39:07.619374 self-stabilizing-binary-consensus.go:443: SEND flag=0 r=11 est={0} aux={0}
INFO: 16:39:07.635016 self-stabilizing-binary-consensus.go:433: RECEIVE j=2 flag=0 r=11 est={0} aux={0}
INFO: 16:39:07.635071 self-stabilizing-binary-consensus.go:435: est[11][2]={0} aux[11][2]={0}
INFO: 16:39:07.648547 self-stabilizing-binary-consensus.go:433: RECEIVE j=1 flag=0 r=11 est={0} aux={0}
INFO: 16:39:07.648569 self-stabilizing-binary-consensus.go:435: est[11][1]={0} aux[11][1]={0}
INFO: 16:39:09.335571 self-stabilizing-binary-consensus.go:200: binValues(11,3)={0}
INFO: 16:39:09.335621 self-stabilizing-binary-consensus.go:227: infoResults()={0}
INFO: 16:39:09.335630 self-stabilizing-binary-consensus.go:200: binValues(11,3)={0}
INFO: 16:39:09.335634 self-stabilizing-binary-consensus.go:227: infoResults()={0}
INFO: 16:39:09.335638 self-stabilizing-binary-consensus.go:258: randomBit(11)=0
INFO: 16:39:09.335642 self-stabilizing-binary-consensus.go:251: decision=0
INFO: 16:39:09.335684 self-stabilizing-binary-consensus.go:200: binValues(11,2)={0}
INFO: 16:39:09.335704 self-stabilizing-binary-consensus.go:251: decision=0
INFO: 16:39:09.335722 self-stabilizing-binary-consensus.go:93: round=11 repeat=1
INFO: 16:39:09.335729 self-stabilizing-binary-consensus.go:200: binValues(11,3)={0}
INFO: 16:39:09.335733 self-stabilizing-binary-consensus.go:200: binValues(11,2)={0}
INFO: 16:39:09.337444 self-stabilizing-binary-consensus.go:141: SEND flag=1 r=11 est={0} aux={0}
INFO: 16:39:09.353282 self-stabilizing-binary-consensus.go:433: RECEIVE j=1 flag=0 r=11 est={0} aux={0}
INFO: 16:39:09.353325 self-stabilizing-binary-consensus.go:435: est[11][1]={0} aux[11][1]={0}
INFO: 16:39:09.358180 self-stabilizing-binary-consensus.go:433: RECEIVE j=2 flag=0 r=11 est={0} aux={0}
INFO: 16:39:09.358222 self-stabilizing-binary-consensus.go:435: est[11][2]={0} aux[11][2]={0}
INFO: 16:39:09.371694 self-stabilizing-binary-consensus.go:433: RECEIVE j=3 flag=0 r=11 est={0} aux={0}
INFO: 16:39:09.371772 self-stabilizing-binary-consensus.go:435: est[11][3]={0} aux[11][3]={0}
INFO: 16:39:09.440653 self-stabilizing-binary-consensus.go:433: RECEIVE j=1 flag=1 r=11 est={0} aux={0}
INFO: 16:39:09.440686 self-stabilizing-binary-consensus.go:435: est[11][1]={0} aux[11][1]={0}
INFO: 16:39:09.442633 self-stabilizing-binary-consensus.go:443: SEND flag=0 r=11 est={0} aux={0}
INFO: 16:39:09.467693 self-stabilizing-binary-consensus.go:433: RECEIVE j=2 flag=0 r=11 est={0} aux={0}
INFO: 16:39:09.467776 self-stabilizing-binary-consensus.go:435: est[11][2]={0} aux[11][2]={0}
INFO: 16:39:09.468136 self-stabilizing-binary-consensus.go:433: RECEIVE j=3 flag=0 r=11 est={0} aux={0}
INFO: 16:39:09.468150 self-stabilizing-binary-consensus.go:435: est[11][3]={0} aux[11][3]={0}
INFO: 16:39:09.543462 self-stabilizing-binary-consensus.go:433: RECEIVE j=1 flag=0 r=11 est={0} aux={0}
INFO: 16:39:09.543522 self-stabilizing-binary-consensus.go:435: est[11][1]={0} aux[11][1]={0}
INFO: 16:39:09.543653 self-stabilizing-binary-consensus.go:433: RECEIVE j=2 flag=1 r=11 est={0} aux={0}
INFO: 16:39:09.543674 self-stabilizing-binary-consensus.go:435: est[11][2]={0} aux[11][2]={0}
INFO: 16:39:09.545443 self-stabilizing-binary-consensus.go:443: SEND flag=0 r=11 est={0} aux={0}
INFO: 16:39:09.555382 self-stabilizing-binary-consensus.go:433: RECEIVE j=3 flag=0 r=11 est={0} aux={0}
INFO: 16:39:09.555501 self-stabilizing-binary-consensus.go:435: est[11][3]={0} aux[11][3]={0}
INFO: 16:39:09.612449 self-stabilizing-binary-consensus.go:433: RECEIVE j=3 flag=1 r=11 est={0} aux={0}
INFO: 16:39:09.612479 self-stabilizing-binary-consensus.go:435: est[11][3]={0} aux[11][3]={0}
INFO: 16:39:09.614488 self-stabilizing-binary-consensus.go:443: SEND flag=0 r=11 est={0} aux={0}
INFO: 16:39:09.632071 self-stabilizing-binary-consensus.go:433: RECEIVE j=2 flag=0 r=11 est={0} aux={0}
INFO: 16:39:09.632102 self-stabilizing-binary-consensus.go:435: est[11][2]={0} aux[11][2]={0}
INFO: 16:39:09.633774 self-stabilizing-binary-consensus.go:433: RECEIVE j=1 flag=0 r=11 est={0} aux={0}
INFO: 16:39:09.633820 self-stabilizing-binary-consensus.go:435: est[11][1]={0} aux[11][1]={0}
INFO: 16:39:11.338644 self-stabilizing-binary-consensus.go:200: binValues(11,3)={0}
INFO: 16:39:11.338714 self-stabilizing-binary-consensus.go:227: infoResults()={0}
INFO: 16:39:11.338727 self-stabilizing-binary-consensus.go:200: binValues(11,3)={0}
INFO: 16:39:11.338732 self-stabilizing-binary-consensus.go:227: infoResults()={0}
INFO: 16:39:11.338736 self-stabilizing-binary-consensus.go:258: randomBit(11)=0
INFO: 16:39:11.338741 self-stabilizing-binary-consensus.go:251: decision=0
INFO: 16:39:11.338769 self-stabilizing-binary-consensus.go:200: binValues(11,2)={0}
INFO: 16:39:11.338777 self-stabilizing-binary-consensus.go:251: decision=0
INFO: 16:39:11.338785 self-stabilizing-binary-consensus.go:93: round=11 repeat=1
INFO: 16:39:11.338791 self-stabilizing-binary-consensus.go:200: binValues(11,3)={0}
INFO: 16:39:11.338795 self-stabilizing-binary-consensus.go:200: binValues(11,2)={0}
INFO: 16:39:11.340482 self-stabilizing-binary-consensus.go:141: SEND flag=1 r=11 est={0} aux={0}
INFO: 16:39:11.382847 self-stabilizing-binary-consensus.go:433: RECEIVE j=2 flag=0 r=11 est={0} aux={0}
INFO: 16:39:11.382902 self-stabilizing-binary-consensus.go:435: est[11][2]={0} aux[11][2]={0}
INFO: 16:39:11.383028 self-stabilizing-binary-consensus.go:433: RECEIVE j=3 flag=0 r=11 est={0} aux={0}
INFO: 16:39:11.383036 self-stabilizing-binary-consensus.go:435: est[11][3]={0} aux[11][3]={0}
INFO: 16:39:11.383176 self-stabilizing-binary-consensus.go:433: RECEIVE j=1 flag=0 r=11 est={0} aux={0}
INFO: 16:39:11.383239 self-stabilizing-binary-consensus.go:435: est[11][1]={0} aux[11][1]={0}
INFO: 16:39:11.442217 self-stabilizing-binary-consensus.go:433: RECEIVE j=1 flag=1 r=11 est={0} aux={0}
INFO: 16:39:11.442256 self-stabilizing-binary-consensus.go:435: est[11][1]={0} aux[11][1]={0}
INFO: 16:39:11.445130 self-stabilizing-binary-consensus.go:443: SEND flag=0 r=11 est={0} aux={0}
INFO: 16:39:11.455871 self-stabilizing-binary-consensus.go:433: RECEIVE j=2 flag=0 r=11 est={0} aux={0}
INFO: 16:39:11.457812 self-stabilizing-binary-consensus.go:435: est[11][2]={0} aux[11][2]={0}
INFO: 16:39:11.476405 self-stabilizing-binary-consensus.go:433: RECEIVE j=3 flag=0 r=11 est={0} aux={0}
INFO: 16:39:11.476455 self-stabilizing-binary-consensus.go:435: est[11][3]={0} aux[11][3]={0}
INFO: 16:39:11.507933 self-stabilizing-binary-consensus.go:433: RECEIVE j=2 flag=1 r=11 est={0} aux={0}
INFO: 16:39:11.507972 self-stabilizing-binary-consensus.go:435: est[11][2]={0} aux[11][2]={0}
INFO: 16:39:11.509697 self-stabilizing-binary-consensus.go:443: SEND flag=0 r=11 est={0} aux={0}
INFO: 16:39:11.512904 self-stabilizing-binary-consensus.go:433: RECEIVE j=3 flag=0 r=11 est={0} aux={0}
INFO: 16:39:11.512929 self-stabilizing-binary-consensus.go:435: est[11][3]={0} aux[11][3]={0}
INFO: 16:39:11.531902 self-stabilizing-binary-consensus.go:433: RECEIVE j=1 flag=0 r=11 est={0} aux={0}
INFO: 16:39:11.531927 self-stabilizing-binary-consensus.go:435: est[11][1]={0} aux[11][1]={0}
INFO: 16:39:11.611342 self-stabilizing-binary-consensus.go:433: RECEIVE j=3 flag=1 r=11 est={0} aux={0}
INFO: 16:39:11.611398 self-stabilizing-binary-consensus.go:435: est[11][3]={0} aux[11][3]={0}
INFO: 16:39:11.613236 self-stabilizing-binary-consensus.go:443: SEND flag=0 r=11 est={0} aux={0}
INFO: 16:39:11.619099 self-stabilizing-binary-consensus.go:433: RECEIVE j=2 flag=0 r=11 est={0} aux={0}
INFO: 16:39:11.619128 self-stabilizing-binary-consensus.go:435: est[11][2]={0} aux[11][2]={0}
INFO: 16:39:11.619798 self-stabilizing-binary-consensus.go:433: RECEIVE j=1 flag=0 r=11 est={0} aux={0}
INFO: 16:39:11.619827 self-stabilizing-binary-consensus.go:435: est[11][1]={0} aux[11][1]={0}
