INFO: 21:01:53.333854 main.go:29: ID:0 | N:4 | F:1 | Clients:1 | Scenario:NORMAL | Remote:false

INFO: 21:01:53.334373 messenger.go:90: Receive from Server 1 on tcp://*:4001
INFO: 21:01:53.334582 messenger.go:107: Send to Server 1 on tcp://localhost:4100
INFO: 21:01:53.334651 messenger.go:90: Receive from Server 2 on tcp://*:4002
INFO: 21:01:53.334696 messenger.go:107: Send to Server 2 on tcp://localhost:4200
INFO: 21:01:53.334744 messenger.go:90: Receive from Server 3 on tcp://*:4003
INFO: 21:01:53.334789 messenger.go:107: Send to Server 3 on tcp://localhost:4300
INFO: 21:01:53.334809 messenger.go:113: -----------------------------------------
INFO: 21:01:53.334843 messenger.go:135: Requests from Client 0 on tcp://*:7000
INFO: 21:01:53.334890 messenger.go:152: Response to Client 0 on tcp://*:10000
INFO: 21:01:53.334911 messenger.go:155: -----------------------------------------

INFO: 21:01:53.335083 main.go:83: Initial estimate value:  0
INFO: 21:01:53.335122 self-stabilizing-binary-consensus.go:93: round=1 repeat=1
INFO: 21:01:53.335143 self-stabilizing-binary-consensus.go:200: binValues(1,3)={}
INFO: 21:01:53.335151 self-stabilizing-binary-consensus.go:200: binValues(1,2)={}
INFO: 21:01:53.336950 self-stabilizing-binary-consensus.go:141: SEND flag=1 r=1 est={0} aux={}
INFO: 21:01:53.346193 self-stabilizing-binary-consensus.go:431: RECEIVE j=3 flag=1 r=1 est={1} aux={}
INFO: 21:01:53.346304 self-stabilizing-binary-consensus.go:433: est[1][3]={1} aux[1][3]={}
INFO: 21:01:53.511547 self-stabilizing-binary-consensus.go:441: SEND flag=0 r=1 est={0} aux={}
INFO: 21:01:53.511623 self-stabilizing-binary-consensus.go:431: RECEIVE j=3 flag=0 r=1 est={1} aux={}
INFO: 21:01:53.511660 self-stabilizing-binary-consensus.go:433: est[1][3]={1} aux[1][3]={}
INFO: 21:01:53.511687 self-stabilizing-binary-consensus.go:431: RECEIVE j=1 flag=1 r=1 est={0} aux={}
INFO: 21:01:53.511706 self-stabilizing-binary-consensus.go:433: est[1][1]={0} aux[1][1]={}
INFO: 21:01:53.514222 self-stabilizing-binary-consensus.go:441: SEND flag=0 r=1 est={0} aux={}
INFO: 21:01:53.514318 self-stabilizing-binary-consensus.go:431: RECEIVE j=2 flag=1 r=1 est={1} aux={}
INFO: 21:01:53.514345 self-stabilizing-binary-consensus.go:433: est[1][2]={1} aux[1][2]={}
INFO: 21:01:53.518622 self-stabilizing-binary-consensus.go:441: SEND flag=0 r=1 est={0} aux={}
INFO: 21:01:53.518676 self-stabilizing-binary-consensus.go:431: RECEIVE j=2 flag=0 r=1 est={1} aux={}
INFO: 21:01:53.518698 self-stabilizing-binary-consensus.go:433: est[1][2]={1} aux[1][2]={}
INFO: 21:01:53.518718 self-stabilizing-binary-consensus.go:431: RECEIVE j=1 flag=0 r=1 est={0} aux={}
INFO: 21:01:53.518736 self-stabilizing-binary-consensus.go:433: est[1][1]={0} aux[1][1]={}
INFO: 21:01:53.518758 self-stabilizing-binary-consensus.go:431: RECEIVE j=1 flag=0 r=1 est={0} aux={}
INFO: 21:01:53.518777 self-stabilizing-binary-consensus.go:433: est[1][1]={0} aux[1][1]={}
INFO: 21:01:53.518796 self-stabilizing-binary-consensus.go:431: RECEIVE j=3 flag=0 r=1 est={1} aux={}
INFO: 21:01:53.518814 self-stabilizing-binary-consensus.go:433: est[1][3]={1} aux[1][3]={}
INFO: 21:01:53.518833 self-stabilizing-binary-consensus.go:431: RECEIVE j=2 flag=0 r=1 est={1} aux={}
INFO: 21:01:53.518850 self-stabilizing-binary-consensus.go:433: est[1][2]={1} aux[1][2]={}
INFO: 21:01:53.518997 self-stabilizing-binary-consensus.go:431: RECEIVE j=1 flag=0 r=1 est={0} aux={}
INFO: 21:01:53.519063 self-stabilizing-binary-consensus.go:433: est[1][1]={0} aux[1][1]={}
INFO: 21:01:53.519093 self-stabilizing-binary-consensus.go:431: RECEIVE j=3 flag=0 r=1 est={1} aux={}
INFO: 21:01:53.519111 self-stabilizing-binary-consensus.go:433: est[1][3]={1} aux[1][3]={}
INFO: 21:01:53.521705 self-stabilizing-binary-consensus.go:431: RECEIVE j=2 flag=0 r=1 est={1} aux={}
INFO: 21:01:53.521902 self-stabilizing-binary-consensus.go:433: est[1][2]={1} aux[1][2]={}
INFO: 21:01:54.338318 self-stabilizing-binary-consensus.go:200: binValues(1,3)={}
INFO: 21:01:54.338504 self-stabilizing-binary-consensus.go:225: infoResults()={}
INFO: 21:01:54.338547 self-stabilizing-binary-consensus.go:93: round=1 repeat=2
INFO: 21:01:54.338604 self-stabilizing-binary-consensus.go:200: binValues(1,3)={}
INFO: 21:01:54.338800 self-stabilizing-binary-consensus.go:200: binValues(1,2)={1}
INFO: 21:01:54.343835 self-stabilizing-binary-consensus.go:141: SEND flag=1 r=1 est={0 1} aux={}
INFO: 21:01:54.347045 self-stabilizing-binary-consensus.go:431: RECEIVE j=2 flag=0 r=1 est={1} aux={}
INFO: 21:01:54.347091 self-stabilizing-binary-consensus.go:433: est[1][2]={1} aux[1][2]={}
INFO: 21:01:54.347264 self-stabilizing-binary-consensus.go:431: RECEIVE j=3 flag=1 r=1 est={0 1} aux={}
INFO: 21:01:54.347275 self-stabilizing-binary-consensus.go:433: est[1][3]={0 1} aux[1][3]={}
INFO: 21:01:54.349388 self-stabilizing-binary-consensus.go:441: SEND flag=0 r=1 est={0} aux={}
INFO: 21:01:54.349920 self-stabilizing-binary-consensus.go:431: RECEIVE j=3 flag=0 r=1 est={1} aux={}
INFO: 21:01:54.349936 self-stabilizing-binary-consensus.go:433: est[1][3]={0 1} aux[1][3]={}
INFO: 21:01:54.353735 self-stabilizing-binary-consensus.go:431: RECEIVE j=1 flag=0 r=1 est={0} aux={}
INFO: 21:01:54.353764 self-stabilizing-binary-consensus.go:433: est[1][1]={0} aux[1][1]={}
INFO: 21:01:54.354245 self-stabilizing-binary-consensus.go:431: RECEIVE j=1 flag=1 r=1 est={0 1} aux={1}
INFO: 21:01:54.354272 self-stabilizing-binary-consensus.go:433: est[1][1]={0 1} aux[1][1]={1}
INFO: 21:01:54.356014 self-stabilizing-binary-consensus.go:441: SEND flag=0 r=1 est={0} aux={}
INFO: 21:01:54.357366 self-stabilizing-binary-consensus.go:431: RECEIVE j=1 flag=0 r=1 est={0} aux={1}
INFO: 21:01:54.357409 self-stabilizing-binary-consensus.go:433: est[1][1]={0 1} aux[1][1]={1}
INFO: 21:01:54.358060 self-stabilizing-binary-consensus.go:431: RECEIVE j=2 flag=0 r=1 est={1} aux={}
INFO: 21:01:54.358105 self-stabilizing-binary-consensus.go:433: est[1][2]={1} aux[1][2]={}
INFO: 21:01:54.360233 self-stabilizing-binary-consensus.go:431: RECEIVE j=2 flag=1 r=1 est={0 1} aux={0}
INFO: 21:01:54.360275 self-stabilizing-binary-consensus.go:433: est[1][2]={0 1} aux[1][2]={0}
INFO: 21:01:54.362785 self-stabilizing-binary-consensus.go:441: SEND flag=0 r=1 est={0} aux={}
INFO: 21:01:54.363731 self-stabilizing-binary-consensus.go:431: RECEIVE j=2 flag=0 r=1 est={1} aux={0}
INFO: 21:01:54.363782 self-stabilizing-binary-consensus.go:433: est[1][2]={0 1} aux[1][2]={0}
INFO: 21:01:54.365237 self-stabilizing-binary-consensus.go:431: RECEIVE j=1 flag=0 r=1 est={0} aux={1}
INFO: 21:01:54.365319 self-stabilizing-binary-consensus.go:433: est[1][1]={0 1} aux[1][1]={1}
INFO: 21:01:54.365662 self-stabilizing-binary-consensus.go:431: RECEIVE j=3 flag=0 r=1 est={1} aux={}
INFO: 21:01:54.365715 self-stabilizing-binary-consensus.go:433: est[1][3]={0 1} aux[1][3]={}
INFO: 21:01:54.369402 self-stabilizing-binary-consensus.go:431: RECEIVE j=3 flag=0 r=1 est={1} aux={}
INFO: 21:01:54.369547 self-stabilizing-binary-consensus.go:433: est[1][3]={0 1} aux[1][3]={}
INFO: 21:01:55.345017 self-stabilizing-binary-consensus.go:200: binValues(1,3)={0 1}
INFO: 21:01:55.345254 self-stabilizing-binary-consensus.go:225: infoResults()={}
INFO: 21:01:55.345299 self-stabilizing-binary-consensus.go:93: round=1 repeat=3
INFO: 21:01:55.345319 self-stabilizing-binary-consensus.go:200: binValues(1,3)={0 1}
INFO: 21:01:55.345336 self-stabilizing-binary-consensus.go:132: aux[1][0]=0
INFO: 21:01:55.345709 self-stabilizing-binary-consensus.go:200: binValues(1,2)={0 1}
INFO: 21:01:55.350812 self-stabilizing-binary-consensus.go:141: SEND flag=1 r=1 est={0 1} aux={0}
INFO: 21:01:55.353673 self-stabilizing-binary-consensus.go:431: RECEIVE j=3 flag=1 r=1 est={0 1} aux={0}
INFO: 21:01:55.353716 self-stabilizing-binary-consensus.go:433: est[1][3]={0 1} aux[1][3]={0}
INFO: 21:01:55.360645 self-stabilizing-binary-consensus.go:441: SEND flag=0 r=1 est={0} aux={0}
INFO: 21:01:55.360704 self-stabilizing-binary-consensus.go:431: RECEIVE j=1 flag=0 r=1 est={0} aux={1}
INFO: 21:01:55.360717 self-stabilizing-binary-consensus.go:433: est[1][1]={0 1} aux[1][1]={1}
INFO: 21:01:55.360727 self-stabilizing-binary-consensus.go:431: RECEIVE j=1 flag=0 r=1 est={0} aux={1}
INFO: 21:01:55.360743 self-stabilizing-binary-consensus.go:433: est[1][1]={0 1} aux[1][1]={1}
INFO: 21:01:55.360754 self-stabilizing-binary-consensus.go:431: RECEIVE j=3 flag=0 r=1 est={1} aux={0}
INFO: 21:01:55.360762 self-stabilizing-binary-consensus.go:433: est[1][3]={0 1} aux[1][3]={0}
INFO: 21:01:55.363201 self-stabilizing-binary-consensus.go:431: RECEIVE j=2 flag=0 r=1 est={1} aux={0}
INFO: 21:01:55.363256 self-stabilizing-binary-consensus.go:433: est[1][2]={0 1} aux[1][2]={0}
INFO: 21:01:55.369750 self-stabilizing-binary-consensus.go:431: RECEIVE j=2 flag=1 r=1 est={0 1} aux={0}
INFO: 21:01:55.369823 self-stabilizing-binary-consensus.go:433: est[1][2]={0 1} aux[1][2]={0}
INFO: 21:01:55.375807 self-stabilizing-binary-consensus.go:441: SEND flag=0 r=1 est={0} aux={0}
INFO: 21:01:55.375925 self-stabilizing-binary-consensus.go:431: RECEIVE j=2 flag=0 r=1 est={1} aux={0}
INFO: 21:01:55.375935 self-stabilizing-binary-consensus.go:433: est[1][2]={0 1} aux[1][2]={0}
INFO: 21:01:55.375942 self-stabilizing-binary-consensus.go:431: RECEIVE j=3 flag=0 r=1 est={1} aux={0}
INFO: 21:01:55.375947 self-stabilizing-binary-consensus.go:433: est[1][3]={0 1} aux[1][3]={0}
INFO: 21:01:55.375952 self-stabilizing-binary-consensus.go:431: RECEIVE j=1 flag=0 r=1 est={0} aux={1}
INFO: 21:01:55.375957 self-stabilizing-binary-consensus.go:433: est[1][1]={0 1} aux[1][1]={1}
INFO: 21:01:56.351645 self-stabilizing-binary-consensus.go:200: binValues(1,3)={0 1}
INFO: 21:01:56.351730 self-stabilizing-binary-consensus.go:225: infoResults()={0}
INFO: 21:01:56.351754 self-stabilizing-binary-consensus.go:200: binValues(1,3)={0 1}
INFO: 21:01:56.351831 self-stabilizing-binary-consensus.go:225: infoResults()={0}
INFO: 21:01:56.351911 self-stabilizing-binary-consensus.go:256: randomBit(1)=0
INFO: 21:01:56.351944 self-stabilizing-binary-consensus.go:249: decision=0
INFO: 21:01:56.352071 self-stabilizing-binary-consensus.go:200: binValues(11,2)={}
INFO: 21:01:56.352109 self-stabilizing-binary-consensus.go:93: round=11 repeat=1
INFO: 21:01:56.352245 self-stabilizing-binary-consensus.go:200: binValues(11,3)={}
INFO: 21:01:56.352275 self-stabilizing-binary-consensus.go:200: binValues(11,2)={}
INFO: 21:01:56.356685 self-stabilizing-binary-consensus.go:141: SEND flag=1 r=11 est={0} aux={0}
INFO: 21:01:56.357417 self-stabilizing-binary-consensus.go:431: RECEIVE j=1 flag=1 r=11 est={0} aux={0}
INFO: 21:01:56.357477 self-stabilizing-binary-consensus.go:433: est[11][1]={0} aux[11][1]={0}
INFO: 21:01:57.358341 self-stabilizing-binary-consensus.go:200: binValues(11,3)={}
INFO: 21:01:57.358523 self-stabilizing-binary-consensus.go:225: infoResults()={}
INFO: 21:01:57.358708 self-stabilizing-binary-consensus.go:93: round=11 repeat=2
INFO: 21:01:57.358863 self-stabilizing-binary-consensus.go:200: binValues(11,3)={}
INFO: 21:01:57.358910 self-stabilizing-binary-consensus.go:200: binValues(11,2)={0}
INFO: 21:01:58.338304 self-stabilizing-multivalued-consensus.go:18: Successful decide
