INFO: 01:44:09.590538 main.go:29: ID:0 | N:10 | F:3 | Clients:1 | Scenario:NORMAL | Remote:false

INFO: 01:44:09.591627 messenger.go:90: Receive from Server 1 on tcp://*:4001
INFO: 01:44:09.591784 messenger.go:107: Send to Server 1 on tcp://localhost:4100
INFO: 01:44:09.592205 messenger.go:90: Receive from Server 2 on tcp://*:4002
INFO: 01:44:09.592247 messenger.go:107: Send to Server 2 on tcp://localhost:4200
INFO: 01:44:09.592283 messenger.go:90: Receive from Server 3 on tcp://*:4003
INFO: 01:44:09.592307 messenger.go:107: Send to Server 3 on tcp://localhost:4300
INFO: 01:44:09.592330 messenger.go:90: Receive from Server 4 on tcp://*:4004
INFO: 01:44:09.592354 messenger.go:107: Send to Server 4 on tcp://localhost:4400
INFO: 01:44:09.592381 messenger.go:90: Receive from Server 5 on tcp://*:4005
INFO: 01:44:09.592407 messenger.go:107: Send to Server 5 on tcp://localhost:4500
INFO: 01:44:09.592430 messenger.go:90: Receive from Server 6 on tcp://*:4006
INFO: 01:44:09.592451 messenger.go:107: Send to Server 6 on tcp://localhost:4600
INFO: 01:44:09.592476 messenger.go:90: Receive from Server 7 on tcp://*:4007
INFO: 01:44:09.592496 messenger.go:107: Send to Server 7 on tcp://localhost:4700
INFO: 01:44:09.592519 messenger.go:90: Receive from Server 8 on tcp://*:4008
INFO: 01:44:09.592544 messenger.go:107: Send to Server 8 on tcp://localhost:4800
INFO: 01:44:09.592571 messenger.go:90: Receive from Server 9 on tcp://*:4009
INFO: 01:44:09.592592 messenger.go:107: Send to Server 9 on tcp://localhost:4900
INFO: 01:44:09.592598 messenger.go:113: -----------------------------------------
INFO: 01:44:09.592628 messenger.go:135: Requests from Client 0 on tcp://*:7000
INFO: 01:44:09.592653 messenger.go:152: Response to Client 0 on tcp://*:10000
INFO: 01:44:09.592659 messenger.go:155: -----------------------------------------

INFO: 01:44:09.661376 main.go:83: Initial estimate value:  0
INFO: 01:44:09.724306 messenger.go:346: RECEIVED EST from 3
INFO: 01:44:09.841129 messenger.go:346: RECEIVED EST from 4
INFO: 01:44:09.841570 messenger.go:346: RECEIVED EST from 6
INFO: 01:44:09.762252 messenger.go:346: RECEIVED EST from 7
INFO: 01:44:09.763539 messenger.go:270: SENT EST to 4
INFO: 01:44:09.773772 messenger.go:346: RECEIVED EST from 8
INFO: 01:44:09.815420 messenger.go:346: RECEIVED EST from 9
INFO: 01:44:09.815567 messenger.go:346: RECEIVED EST from 3
INFO: 01:44:09.818166 messenger.go:270: SENT EST to 3
INFO: 01:44:09.818471 messenger.go:346: RECEIVED EST from 1
INFO: 01:44:09.823581 messenger.go:346: RECEIVED EST from 5
INFO: 01:44:09.823586 messenger.go:270: SENT EST to 1
INFO: 01:44:09.843611 messenger.go:346: RECEIVED EST from 7
INFO: 01:44:09.843779 messenger.go:346: RECEIVED EST from 8
INFO: 01:44:09.843835 messenger.go:270: SENT EST to 5
INFO: 01:44:09.825671 messenger.go:346: RECEIVED EST from 7
INFO: 01:44:09.841574 messenger.go:270: SENT EST to 6
INFO: 01:44:09.841575 messenger.go:270: SENT EST to 7
INFO: 01:44:09.725580 messenger.go:270: SENT EST to 2
INFO: 01:44:09.868292 messenger.go:346: RECEIVED EST from 5
INFO: 01:44:09.868516 messenger.go:346: RECEIVED EST from 2
INFO: 01:44:09.868835 messenger.go:270: SENT EST to 8
INFO: 01:44:09.874432 messenger.go:346: RECEIVED EST from 5
INFO: 01:44:09.875443 messenger.go:270: SENT EST to 9
INFO: 01:44:09.880168 messenger.go:346: RECEIVED EST from 3
INFO: 01:44:09.910625 messenger.go:346: RECEIVED EST from 9
INFO: 01:44:09.911007 messenger.go:346: RECEIVED EST from 7
INFO: 01:44:09.911182 messenger.go:346: RECEIVED EST from 4
INFO: 01:44:09.911268 messenger.go:346: RECEIVED EST from 2
INFO: 01:44:09.912491 messenger.go:346: RECEIVED EST from 6
INFO: 01:44:09.912829 messenger.go:346: RECEIVED EST from 4
INFO: 01:44:09.912917 messenger.go:270: SENT EST to 2
INFO: 01:44:09.913578 messenger.go:346: RECEIVED EST from 5
INFO: 01:44:09.882974 messenger.go:346: RECEIVED EST from 6
INFO: 01:44:09.882978 messenger.go:270: SENT EST to 3
INFO: 01:44:09.914239 messenger.go:346: RECEIVED EST from 9
INFO: 01:44:09.882981 messenger.go:270: SENT EST to 8
INFO: 01:44:09.883510 messenger.go:270: SENT EST to 5
INFO: 01:44:09.883630 messenger.go:346: RECEIVED EST from 8
INFO: 01:44:09.883934 messenger.go:346: RECEIVED EST from 1
INFO: 01:44:09.883937 messenger.go:270: SENT EST to 1
INFO: 01:44:09.916055 messenger.go:346: RECEIVED EST from 8
INFO: 01:44:09.916101 messenger.go:270: SENT EST to 4
INFO: 01:44:09.916265 messenger.go:346: RECEIVED EST from 3
INFO: 01:44:09.930001 messenger.go:346: RECEIVED EST from 7
INFO: 01:44:09.930060 messenger.go:270: SENT EST to 7
INFO: 01:44:09.930108 messenger.go:270: SENT EST to 1
INFO: 01:44:09.930603 messenger.go:346: RECEIVED EST from 1
INFO: 01:44:09.930660 messenger.go:270: SENT EST to 9
INFO: 01:44:09.930686 messenger.go:270: SENT EST to 5
INFO: 01:44:09.930708 messenger.go:270: SENT EST to 4
INFO: 01:44:09.930747 messenger.go:270: SENT EST to 6
INFO: 01:44:09.931122 messenger.go:346: RECEIVED EST from 9
INFO: 01:44:09.940481 messenger.go:346: RECEIVED EST from 6
INFO: 01:44:09.944361 messenger.go:346: RECEIVED EST from 2
INFO: 01:44:09.956309 messenger.go:270: SENT EST to 3
INFO: 01:44:09.956372 messenger.go:270: SENT EST to 1
INFO: 01:44:09.961271 messenger.go:346: RECEIVED EST from 4
INFO: 01:44:09.961358 messenger.go:270: SENT EST to 7
INFO: 01:44:09.962234 messenger.go:346: RECEIVED EST from 9
INFO: 01:44:09.962467 messenger.go:346: RECEIVED EST from 6
INFO: 01:44:09.964481 messenger.go:270: SENT EST to 1
INFO: 01:44:09.966490 messenger.go:346: RECEIVED EST from 5
INFO: 01:44:09.966996 messenger.go:346: RECEIVED EST from 7
INFO: 01:44:09.966702 messenger.go:346: RECEIVED EST from 2
INFO: 01:44:09.967252 messenger.go:346: RECEIVED EST from 1
INFO: 01:44:09.974451 messenger.go:346: RECEIVED EST from 1
INFO: 01:44:09.971989 messenger.go:270: SENT EST to 9
INFO: 01:44:09.982471 messenger.go:270: SENT EST to 8
INFO: 01:44:09.982964 messenger.go:270: SENT EST to 2
INFO: 01:44:09.983151 messenger.go:346: RECEIVED EST from 8
INFO: 01:44:09.988674 messenger.go:346: RECEIVED EST from 2
INFO: 01:44:09.994713 messenger.go:346: RECEIVED EST from 3
INFO: 01:44:09.997170 messenger.go:346: RECEIVED EST from 4
INFO: 01:44:09.999438 messenger.go:270: SENT EST to 5
INFO: 01:44:10.000299 messenger.go:270: SENT EST to 2
INFO: 01:44:10.002172 messenger.go:270: SENT EST to 3
INFO: 01:44:10.002898 messenger.go:270: SENT EST to 6
INFO: 01:44:10.008598 messenger.go:270: SENT EST to 6
INFO: 01:44:10.009158 messenger.go:270: SENT EST to 2
INFO: 01:44:10.009207 messenger.go:270: SENT EST to 8
INFO: 01:44:10.010973 messenger.go:270: SENT EST to 3
INFO: 01:44:10.011168 messenger.go:270: SENT EST to 9
INFO: 01:44:10.016991 messenger.go:270: SENT EST to 7
INFO: 01:44:10.024092 messenger.go:270: SENT EST to 1
INFO: 01:44:10.028950 messenger.go:270: SENT EST to 4
INFO: 01:44:10.035097 messenger.go:270: SENT EST to 4
INFO: 01:44:10.040048 messenger.go:270: SENT EST to 2
INFO: 01:44:10.040228 messenger.go:346: RECEIVED EST from 9
INFO: 01:44:10.047299 messenger.go:270: SENT EST to 6
INFO: 01:44:10.055941 messenger.go:346: RECEIVED EST from 2
INFO: 01:44:10.064783 messenger.go:346: RECEIVED EST from 6
INFO: 01:44:10.065311 messenger.go:346: RECEIVED EST from 7
INFO: 01:44:10.065826 messenger.go:346: RECEIVED EST from 5
INFO: 01:44:10.068007 messenger.go:270: SENT EST to 5
INFO: 01:44:10.066733 messenger.go:270: SENT EST to 7
INFO: 01:44:10.067821 messenger.go:270: SENT EST to 4
INFO: 01:44:10.067996 messenger.go:346: RECEIVED EST from 4
INFO: 01:44:10.068455 messenger.go:346: RECEIVED EST from 6
INFO: 01:44:10.069291 messenger.go:346: RECEIVED EST from 7
INFO: 01:44:10.071172 messenger.go:270: SENT EST to 2
INFO: 01:44:10.071214 messenger.go:270: SENT EST to 9
INFO: 01:44:10.071535 messenger.go:270: SENT EST to 7
INFO: 01:44:10.071672 messenger.go:346: RECEIVED EST from 8
INFO: 01:44:10.071713 messenger.go:270: SENT EST to 5
INFO: 01:44:10.071850 messenger.go:270: SENT EST to 6
INFO: 01:44:10.086542 messenger.go:270: SENT EST to 8
INFO: 01:44:10.088871 messenger.go:270: SENT EST to 1
INFO: 01:44:10.089115 messenger.go:346: RECEIVED EST from 3
INFO: 01:44:10.089285 messenger.go:346: RECEIVED EST from 9
INFO: 01:44:10.089583 messenger.go:270: SENT EST to 3
INFO: 01:44:10.089827 messenger.go:346: RECEIVED EST from 7
INFO: 01:44:10.103440 messenger.go:270: SENT EST to 2
INFO: 01:44:10.104078 messenger.go:346: RECEIVED EST from 8
INFO: 01:44:10.104706 messenger.go:346: RECEIVED EST from 6
INFO: 01:44:10.104842 messenger.go:270: SENT EST to 8
INFO: 01:44:10.104959 messenger.go:346: RECEIVED EST from 2
INFO: 01:44:10.105053 messenger.go:270: SENT EST to 6
INFO: 01:44:10.105098 messenger.go:270: SENT EST to 1
INFO: 01:44:10.105288 messenger.go:346: RECEIVED EST from 9
INFO: 01:44:10.105383 messenger.go:270: SENT EST to 7
INFO: 01:44:10.122037 messenger.go:270: SENT EST to 3
INFO: 01:44:10.126846 messenger.go:346: RECEIVED EST from 1
INFO: 01:44:10.135143 messenger.go:346: RECEIVED EST from 7
INFO: 01:44:10.135277 messenger.go:270: SENT EST to 8
INFO: 01:44:10.135846 messenger.go:346: RECEIVED EST from 5
INFO: 01:44:10.136711 messenger.go:346: RECEIVED EST from 9
INFO: 01:44:10.162292 messenger.go:346: RECEIVED EST from 4
INFO: 01:44:10.163287 messenger.go:346: RECEIVED EST from 1
INFO: 01:44:10.163291 messenger.go:270: SENT EST to 5
INFO: 01:44:10.163676 messenger.go:270: SENT EST to 9
INFO: 01:44:10.172258 messenger.go:346: RECEIVED EST from 8
INFO: 01:44:10.174468 messenger.go:346: RECEIVED EST from 9
INFO: 01:44:10.174868 messenger.go:270: SENT EST to 4
INFO: 01:44:10.175958 messenger.go:346: RECEIVED EST from 8
INFO: 01:44:10.195766 messenger.go:270: SENT EST to 3
INFO: 01:44:10.196232 messenger.go:346: RECEIVED EST from 1
INFO: 01:44:10.196343 messenger.go:270: SENT EST to 9
INFO: 01:44:10.206904 messenger.go:346: RECEIVED EST from 3
INFO: 01:44:10.209202 messenger.go:270: SENT EST to 1
INFO: 01:44:10.210563 messenger.go:346: RECEIVED EST from 9
INFO: 01:44:10.210780 messenger.go:346: RECEIVED EST from 5
INFO: 01:44:10.210953 messenger.go:346: RECEIVED EST from 2
INFO: 01:44:10.211145 messenger.go:346: RECEIVED EST from 8
INFO: 01:44:10.212289 messenger.go:270: SENT EST to 9
INFO: 01:44:10.212335 messenger.go:270: SENT EST to 5
INFO: 01:44:10.213063 messenger.go:270: SENT EST to 1
INFO: 01:44:10.213287 messenger.go:346: RECEIVED EST from 3
INFO: 01:44:10.213933 messenger.go:346: RECEIVED EST from 5
INFO: 01:44:10.215826 messenger.go:346: RECEIVED EST from 4
INFO: 01:44:10.215993 messenger.go:346: RECEIVED EST from 1
INFO: 01:44:10.216050 messenger.go:270: SENT EST to 3
INFO: 01:44:10.219021 messenger.go:346: RECEIVED EST from 7
INFO: 01:44:10.246252 messenger.go:270: SENT EST to 7
INFO: 01:44:10.246753 messenger.go:346: RECEIVED EST from 5
INFO: 01:44:10.247232 messenger.go:346: RECEIVED EST from 3
INFO: 01:44:10.247520 messenger.go:270: SENT EST to 6
INFO: 01:44:10.247884 messenger.go:346: RECEIVED EST from 8
INFO: 01:44:10.247884 messenger.go:346: RECEIVED EST from 9
INFO: 01:44:10.247953 messenger.go:270: SENT EST to 4
INFO: 01:44:10.248804 messenger.go:270: SENT EST to 8
INFO: 01:44:10.249846 messenger.go:270: SENT EST to 8
INFO: 01:44:10.252412 messenger.go:346: RECEIVED EST from 4
INFO: 01:44:10.252874 messenger.go:270: SENT EST to 2
INFO: 01:44:10.254973 messenger.go:346: RECEIVED EST from 8
INFO: 01:44:10.255040 messenger.go:270: SENT EST to 7
INFO: 01:44:10.255158 messenger.go:270: SENT EST to 5
INFO: 01:44:10.255335 messenger.go:346: RECEIVED EST from 1
INFO: 01:44:10.256268 messenger.go:270: SENT EST to 9
INFO: 01:44:10.257665 messenger.go:270: SENT EST to 1
INFO: 01:44:10.257904 messenger.go:346: RECEIVED EST from 6
INFO: 01:44:10.292205 messenger.go:346: RECEIVED EST from 3
INFO: 01:44:10.293939 messenger.go:346: RECEIVED EST from 5
INFO: 01:44:10.294185 messenger.go:270: SENT EST to 3
INFO: 01:44:10.294187 messenger.go:270: SENT EST to 6
INFO: 01:44:10.294407 messenger.go:270: SENT EST to 4
INFO: 01:44:10.300263 messenger.go:270: SENT EST to 1
INFO: 01:44:10.294542 messenger.go:346: RECEIVED EST from 6
INFO: 01:44:10.300406 messenger.go:270: SENT EST to 7
INFO: 01:44:10.295590 messenger.go:346: RECEIVED EST from 8
INFO: 01:44:10.302148 messenger.go:346: RECEIVED EST from 2
INFO: 01:44:10.295037 messenger.go:346: RECEIVED EST from 9
INFO: 01:44:10.295265 messenger.go:346: RECEIVED EST from 4
INFO: 01:44:10.295410 messenger.go:346: RECEIVED EST from 2
INFO: 01:44:10.302409 messenger.go:270: SENT EST to 9
INFO: 01:44:10.304867 messenger.go:346: RECEIVED EST from 2
INFO: 01:44:10.305171 messenger.go:270: SENT EST to 8
INFO: 01:44:10.310739 messenger.go:270: SENT EST to 4
INFO: 01:44:10.312437 messenger.go:346: RECEIVED EST from 1
INFO: 01:44:10.314854 messenger.go:270: SENT EST to 2
INFO: 01:44:10.315698 messenger.go:346: RECEIVED EST from 7
INFO: 01:44:10.316822 messenger.go:270: SENT EST to 5
INFO: 01:44:10.317081 messenger.go:346: RECEIVED EST from 5
INFO: 01:44:10.317423 messenger.go:270: SENT EST to 5
INFO: 01:44:10.318729 messenger.go:346: RECEIVED EST from 4
INFO: 01:44:10.320942 messenger.go:346: RECEIVED EST from 7
INFO: 01:44:10.321027 messenger.go:270: SENT EST to 4
INFO: 01:44:10.329633 messenger.go:346: RECEIVED EST from 3
INFO: 01:44:10.330140 messenger.go:270: SENT EST to 3
INFO: 01:44:10.330329 messenger.go:346: RECEIVED EST from 8
INFO: 01:44:10.330551 messenger.go:346: RECEIVED EST from 5
INFO: 01:44:10.336781 messenger.go:346: RECEIVED EST from 3
INFO: 01:44:10.338658 messenger.go:346: RECEIVED EST from 9
INFO: 01:44:10.338784 messenger.go:270: SENT EST to 2
INFO: 01:44:10.358904 messenger.go:346: RECEIVED EST from 3
INFO: 01:44:10.359189 messenger.go:270: SENT EST to 2
INFO: 01:44:10.361422 messenger.go:346: RECEIVED EST from 8
INFO: 01:44:10.362260 messenger.go:270: SENT EST to 3
INFO: 01:44:10.375691 messenger.go:346: RECEIVED EST from 6
INFO: 01:44:10.376272 messenger.go:270: SENT EST to 5
INFO: 01:44:10.376446 messenger.go:346: RECEIVED EST from 4
INFO: 01:44:10.378624 messenger.go:346: RECEIVED EST from 1
INFO: 01:44:10.381876 messenger.go:270: SENT EST to 6
INFO: 01:44:10.393117 messenger.go:270: SENT EST to 1
INFO: 01:44:10.394103 messenger.go:270: SENT EST to 7
INFO: 01:44:10.395150 messenger.go:346: RECEIVED EST from 7
INFO: 01:44:10.395984 messenger.go:270: SENT EST to 9
INFO: 01:44:10.397735 messenger.go:346: RECEIVED EST from 9
INFO: 01:44:10.400488 messenger.go:270: SENT EST to 4
INFO: 01:44:10.400964 messenger.go:270: SENT EST to 8
INFO: 01:44:10.427251 messenger.go:270: SENT EST to 5
INFO: 01:44:10.427329 messenger.go:270: SENT EST to 6
INFO: 01:44:10.427426 messenger.go:346: RECEIVED EST from 5
INFO: 01:44:10.429403 messenger.go:346: RECEIVED EST from 1
INFO: 01:44:10.430613 messenger.go:346: RECEIVED EST from 6
INFO: 01:44:10.433084 messenger.go:270: SENT EST to 1
INFO: 01:44:10.439159 messenger.go:346: RECEIVED EST from 4
INFO: 01:44:10.451755 messenger.go:270: SENT EST to 2
INFO: 01:44:10.452620 messenger.go:270: SENT EST to 6
INFO: 01:44:10.455530 messenger.go:270: SENT EST to 9
INFO: 01:44:10.456091 messenger.go:346: RECEIVED EST from 7
INFO: 01:44:10.457142 messenger.go:346: RECEIVED EST from 3
INFO: 01:44:10.457255 messenger.go:270: SENT EST to 7
INFO: 01:44:10.457492 messenger.go:346: RECEIVED EST from 6
INFO: 01:44:10.457588 messenger.go:270: SENT EST to 4
INFO: 01:44:10.457698 messenger.go:346: RECEIVED EST from 2
INFO: 01:44:10.459509 messenger.go:270: SENT EST to 7
INFO: 01:44:10.460613 messenger.go:270: SENT EST to 3
INFO: 01:44:10.463039 messenger.go:346: RECEIVED EST from 9
INFO: 01:44:10.463209 messenger.go:270: SENT EST to 4
INFO: 01:44:10.463532 messenger.go:270: SENT EST to 5
INFO: 01:44:10.466469 messenger.go:270: SENT EST to 2
INFO: 01:44:10.479816 messenger.go:346: RECEIVED EST from 1
INFO: 01:44:10.480351 messenger.go:270: SENT EST to 6
INFO: 01:44:10.481874 messenger.go:270: SENT EST to 7
INFO: 01:44:10.481899 messenger.go:270: SENT EST to 6
INFO: 01:44:10.482232 messenger.go:270: SENT EST to 3
INFO: 01:44:10.490361 messenger.go:346: RECEIVED EST from 6
INFO: 01:44:10.493999 messenger.go:346: RECEIVED EST from 1
INFO: 01:44:10.506023 messenger.go:346: RECEIVED EST from 5
INFO: 01:44:10.506552 messenger.go:346: RECEIVED EST from 5
INFO: 01:44:10.509005 messenger.go:346: RECEIVED EST from 6
INFO: 01:44:10.514466 messenger.go:346: RECEIVED EST from 5
INFO: 01:44:10.538150 messenger.go:270: SENT EST to 8
INFO: 01:44:10.539085 messenger.go:346: RECEIVED EST from 8
INFO: 01:44:10.540137 messenger.go:346: RECEIVED EST from 1
INFO: 01:44:10.538518 messenger.go:346: RECEIVED EST from 2
INFO: 01:44:10.541483 messenger.go:346: RECEIVED EST from 5
INFO: 01:44:10.540354 messenger.go:346: RECEIVED EST from 9
INFO: 01:44:10.540234 messenger.go:346: RECEIVED EST from 4
INFO: 01:44:10.538489 messenger.go:346: RECEIVED EST from 3
INFO: 01:44:10.545706 messenger.go:270: SENT EST to 1
INFO: 01:44:10.546424 messenger.go:270: SENT EST to 9
INFO: 01:44:10.546821 messenger.go:270: SENT EST to 5
INFO: 01:44:10.549282 messenger.go:270: SENT EST to 6
INFO: 01:44:10.549436 messenger.go:270: SENT EST to 7
INFO: 01:44:10.553255 messenger.go:346: RECEIVED EST from 7
INFO: 01:44:10.554559 messenger.go:346: RECEIVED EST from 6
INFO: 01:44:10.561217 messenger.go:270: SENT EST to 8
INFO: 01:44:10.563149 messenger.go:346: RECEIVED EST from 1
INFO: 01:44:10.564866 messenger.go:346: RECEIVED EST from 9
INFO: 01:44:10.577344 messenger.go:346: RECEIVED EST from 8
INFO: 01:44:10.578665 messenger.go:270: SENT EST to 8
INFO: 01:44:10.579914 messenger.go:270: SENT EST to 3
INFO: 01:44:10.580076 messenger.go:346: RECEIVED EST from 3
INFO: 01:44:10.580116 messenger.go:270: SENT EST to 2
INFO: 01:44:10.582051 messenger.go:270: SENT EST to 4
INFO: 01:44:10.582774 messenger.go:270: SENT EST to 1
INFO: 01:44:10.582938 messenger.go:346: RECEIVED EST from 2
INFO: 01:44:10.583085 messenger.go:346: RECEIVED EST from 1
INFO: 01:44:10.583559 messenger.go:270: SENT EST to 9
INFO: 01:44:10.597052 messenger.go:270: SENT EST to 3
INFO: 01:44:10.597148 messenger.go:270: SENT EST to 2
INFO: 01:44:10.599408 messenger.go:346: RECEIVED EST from 2
INFO: 01:44:10.599410 messenger.go:346: RECEIVED EST from 4
INFO: 01:44:10.597306 messenger.go:346: RECEIVED EST from 3
INFO: 01:44:10.597309 messenger.go:270: SENT EST to 8
INFO: 01:44:10.597397 messenger.go:346: RECEIVED EST from 9
INFO: 01:44:10.597192 messenger.go:270: SENT EST to 4
INFO: 01:44:10.608473 messenger.go:270: SENT EST to 9
INFO: 01:44:10.608690 messenger.go:346: RECEIVED EST from 5
INFO: 01:44:10.617675 messenger.go:270: SENT EST to 1
INFO: 01:44:10.617848 messenger.go:270: SENT EST to 2
INFO: 01:44:10.617953 messenger.go:270: SENT EST to 8
INFO: 01:44:10.617959 messenger.go:270: SENT EST to 3
INFO: 01:44:10.618062 messenger.go:346: RECEIVED EST from 4
INFO: 01:44:10.618063 messenger.go:346: RECEIVED EST from 7
INFO: 01:44:10.618181 messenger.go:346: RECEIVED EST from 2
INFO: 01:44:10.619925 messenger.go:346: RECEIVED EST from 9
INFO: 01:44:10.621315 messenger.go:346: RECEIVED EST from 1
INFO: 01:44:10.624160 messenger.go:270: SENT EST to 9
INFO: 01:44:10.631490 messenger.go:270: SENT EST to 5
INFO: 01:44:10.632031 messenger.go:270: SENT EST to 3
INFO: 01:44:10.632238 messenger.go:270: SENT EST to 4
INFO: 01:44:10.632398 messenger.go:270: SENT EST to 7
INFO: 01:44:10.632535 messenger.go:270: SENT EST to 1
INFO: 01:44:10.632587 messenger.go:270: SENT EST to 2
INFO: 01:44:10.633013 messenger.go:346: RECEIVED EST from 7
INFO: 01:44:10.633846 messenger.go:346: RECEIVED EST from 5
INFO: 01:44:10.634963 messenger.go:270: SENT EST to 4
INFO: 01:44:10.635708 messenger.go:270: SENT EST to 5
INFO: 01:44:10.635980 messenger.go:270: SENT EST to 5
INFO: 01:44:10.643410 messenger.go:346: RECEIVED EST from 7
INFO: 01:44:10.655269 messenger.go:270: SENT EST to 6
INFO: 01:44:10.655417 messenger.go:346: RECEIVED EST from 3
INFO: 01:44:10.655575 messenger.go:346: RECEIVED EST from 8
INFO: 01:44:10.657960 messenger.go:346: RECEIVED EST from 1
INFO: 01:44:10.658209 messenger.go:346: RECEIVED EST from 2
INFO: 01:44:10.658413 messenger.go:346: RECEIVED EST from 9
INFO: 01:44:10.664625 messenger.go:346: RECEIVED EST from 7
INFO: 01:44:10.666569 messenger.go:270: SENT EST to 1
INFO: 01:44:10.670321 messenger.go:346: RECEIVED EST from 8
INFO: 01:44:10.670681 messenger.go:270: SENT EST to 8
INFO: 01:44:10.670723 messenger.go:270: SENT EST to 4
INFO: 01:44:10.671125 messenger.go:346: RECEIVED EST from 4
INFO: 01:44:10.673886 messenger.go:270: SENT EST to 3
INFO: 01:44:10.674053 messenger.go:270: SENT EST to 9
INFO: 01:44:10.674234 messenger.go:270: SENT EST to 2
INFO: 01:44:10.675315 messenger.go:346: RECEIVED EST from 6
INFO: 01:44:10.689134 messenger.go:270: SENT EST to 6
INFO: 01:44:10.692247 messenger.go:270: SENT EST to 7
INFO: 01:44:10.693017 messenger.go:346: RECEIVED EST from 9
INFO: 01:44:10.693662 messenger.go:346: RECEIVED EST from 7
INFO: 01:44:10.694009 messenger.go:346: RECEIVED EST from 1
INFO: 01:44:10.694063 messenger.go:270: SENT EST to 5
INFO: 01:44:10.694711 messenger.go:346: RECEIVED EST from 6
INFO: 01:44:10.695000 messenger.go:346: RECEIVED EST from 5
INFO: 01:44:10.695609 messenger.go:346: RECEIVED EST from 3
INFO: 01:44:10.696294 messenger.go:346: RECEIVED EST from 2
INFO: 01:44:10.703734 messenger.go:270: SENT EST to 4
INFO: 01:44:10.703797 messenger.go:270: SENT EST to 1
INFO: 01:44:10.703978 messenger.go:346: RECEIVED EST from 4
INFO: 01:44:10.704379 messenger.go:270: SENT EST to 8
INFO: 01:44:10.705026 messenger.go:346: RECEIVED EST from 8
INFO: 01:44:10.707291 messenger.go:270: SENT EST to 3
INFO: 01:44:10.707372 messenger.go:270: SENT EST to 2
INFO: 01:44:10.707544 messenger.go:346: RECEIVED EST from 2
INFO: 01:44:10.708032 messenger.go:346: RECEIVED EST from 9
INFO: 01:44:10.708774 messenger.go:270: SENT EST to 9
INFO: 01:44:10.715733 messenger.go:270: SENT EST to 6
INFO: 01:44:10.715852 messenger.go:270: SENT EST to 7
INFO: 01:44:10.718956 messenger.go:346: RECEIVED EST from 1
INFO: 01:44:10.723329 messenger.go:270: SENT EST to 4
INFO: 01:44:10.723472 messenger.go:346: RECEIVED EST from 3
INFO: 01:44:10.723587 messenger.go:270: SENT EST to 1
INFO: 01:44:10.724530 messenger.go:270: SENT EST to 7
INFO: 01:44:10.725247 messenger.go:270: SENT EST to 5
INFO: 01:44:10.729117 messenger.go:270: SENT EST to 6
INFO: 01:44:10.730273 messenger.go:346: RECEIVED EST from 5
INFO: 01:44:10.731363 messenger.go:270: SENT EST to 6
INFO: 01:44:10.732449 messenger.go:270: SENT EST to 6
INFO: 01:44:10.732796 messenger.go:270: SENT EST to 5
INFO: 01:44:10.738132 messenger.go:346: RECEIVED EST from 9
INFO: 01:44:10.739497 messenger.go:270: SENT EST to 3
INFO: 01:44:10.739571 messenger.go:270: SENT EST to 2
INFO: 01:44:10.739982 messenger.go:346: RECEIVED EST from 6
INFO: 01:44:10.745125 messenger.go:346: RECEIVED EST from 1
INFO: 01:44:10.745193 messenger.go:270: SENT EST to 9
INFO: 01:44:10.745519 messenger.go:270: SENT EST to 7
INFO: 01:44:10.746054 messenger.go:346: RECEIVED EST from 7
INFO: 01:44:10.748095 messenger.go:346: RECEIVED EST from 8
INFO: 01:44:10.765537 messenger.go:270: SENT EST to 8
INFO: 01:44:10.767116 messenger.go:346: RECEIVED EST from 3
INFO: 01:44:10.767618 messenger.go:346: RECEIVED EST from 2
INFO: 01:44:10.769824 messenger.go:346: RECEIVED EST from 1
INFO: 01:44:10.770149 messenger.go:346: RECEIVED EST from 4
INFO: 01:44:10.781676 messenger.go:346: RECEIVED EST from 8
INFO: 01:44:10.781842 messenger.go:270: SENT EST to 8
INFO: 01:44:10.781971 messenger.go:270: SENT EST to 1
INFO: 01:44:10.782233 messenger.go:346: RECEIVED EST from 4
INFO: 01:44:10.782883 messenger.go:270: SENT EST to 4
INFO: 01:44:10.783195 messenger.go:270: SENT EST to 3
INFO: 01:44:10.792691 messenger.go:270: SENT EST to 8
INFO: 01:44:10.792925 messenger.go:270: SENT EST to 7
INFO: 01:44:10.794109 messenger.go:346: RECEIVED EST from 6
INFO: 01:44:10.794422 messenger.go:270: SENT EST to 2
INFO: 01:44:10.794430 messenger.go:270: SENT EST to 5
INFO: 01:44:10.795544 messenger.go:270: SENT EST to 6
INFO: 01:44:10.798072 messenger.go:346: RECEIVED EST from 9
INFO: 01:44:10.800330 messenger.go:346: RECEIVED EST from 1
INFO: 01:44:10.801030 messenger.go:346: RECEIVED EST from 3
INFO: 01:44:10.803437 messenger.go:270: SENT EST to 8
INFO: 01:44:10.804656 messenger.go:346: RECEIVED EST from 2
INFO: 01:44:10.809522 messenger.go:346: RECEIVED EST from 8
INFO: 01:44:10.810377 messenger.go:270: SENT EST to 9
INFO: 01:44:10.824196 messenger.go:346: RECEIVED EST from 9
INFO: 01:44:10.825097 messenger.go:270: SENT EST to 7
INFO: 01:44:10.825489 messenger.go:346: RECEIVED EST from 5
INFO: 01:44:10.825793 messenger.go:346: RECEIVED EST from 4
INFO: 01:44:10.825980 messenger.go:346: RECEIVED EST from 7
INFO: 01:44:10.828316 messenger.go:346: RECEIVED EST from 6
INFO: 01:44:10.828552 messenger.go:346: RECEIVED EST from 1
INFO: 01:44:10.832227 messenger.go:270: SENT EST to 6
INFO: 01:44:10.832814 messenger.go:270: SENT EST to 4
INFO: 01:44:10.832920 messenger.go:270: SENT EST to 5
INFO: 01:44:10.832987 messenger.go:270: SENT EST to 7
INFO: 01:44:10.833043 messenger.go:270: SENT EST to 8
INFO: 01:44:10.833246 messenger.go:346: RECEIVED EST from 5
INFO: 01:44:10.833846 messenger.go:270: SENT EST to 2
INFO: 01:44:10.834150 messenger.go:346: RECEIVED EST from 3
INFO: 01:44:10.834366 messenger.go:270: SENT EST to 3
INFO: 01:44:10.835391 messenger.go:270: SENT EST to 1
INFO: 01:44:10.838348 messenger.go:270: SENT EST to 9
INFO: 01:44:10.842282 messenger.go:270: SENT EST to 3
INFO: 01:44:10.842439 messenger.go:346: RECEIVED EST from 3
INFO: 01:44:10.842616 messenger.go:346: RECEIVED EST from 1
INFO: 01:44:10.847528 messenger.go:270: SENT EST to 2
INFO: 01:44:10.847608 messenger.go:270: SENT EST to 1
INFO: 01:44:10.848208 messenger.go:270: SENT EST to 4
INFO: 01:44:10.848503 messenger.go:346: RECEIVED EST from 2
INFO: 01:44:10.849741 messenger.go:270: SENT EST to 6
INFO: 01:44:10.851854 messenger.go:346: RECEIVED EST from 9
INFO: 01:44:10.853902 messenger.go:270: SENT EST to 9
INFO: 01:44:10.854775 messenger.go:346: RECEIVED EST from 1
INFO: 01:44:10.857497 messenger.go:346: RECEIVED EST from 6
INFO: 01:44:10.858135 messenger.go:346: RECEIVED EST from 6
INFO: 01:44:10.859730 messenger.go:270: SENT EST to 2
INFO: 01:44:10.863851 messenger.go:270: SENT EST to 1
INFO: 01:44:10.865618 messenger.go:270: SENT EST to 5
INFO: 01:44:10.866776 messenger.go:270: SENT EST to 5
INFO: 01:44:10.867260 messenger.go:270: SENT EST to 7
INFO: 01:44:10.871648 messenger.go:270: SENT EST to 7
INFO: 01:44:10.871851 messenger.go:346: RECEIVED EST from 1
INFO: 01:44:10.875915 messenger.go:270: SENT EST to 9
INFO: 01:44:10.876250 messenger.go:270: SENT EST to 3
INFO: 01:44:10.886377 messenger.go:346: RECEIVED EST from 5
INFO: 01:44:10.886680 messenger.go:270: SENT EST to 6
INFO: 01:44:10.889007 messenger.go:346: RECEIVED EST from 7
INFO: 01:44:10.893049 messenger.go:270: SENT EST to 9
INFO: 01:44:10.912762 messenger.go:270: SENT EST to 2
INFO: 01:44:10.912798 messenger.go:270: SENT EST to 1
INFO: 01:44:10.912822 messenger.go:270: SENT EST to 3
INFO: 01:44:10.916316 messenger.go:346: RECEIVED EST from 4
INFO: 01:44:10.917608 messenger.go:270: SENT EST to 4
INFO: 01:44:10.919504 messenger.go:346: RECEIVED EST from 3
INFO: 01:44:10.938254 messenger.go:270: SENT EST to 4
INFO: 01:44:10.940582 messenger.go:346: RECEIVED EST from 4
INFO: 01:44:10.947710 messenger.go:346: RECEIVED EST from 8
INFO: 01:44:10.947755 messenger.go:270: SENT EST to 8
INFO: 01:44:10.965632 messenger.go:346: RECEIVED EST from 6
INFO: 01:44:10.977844 messenger.go:346: RECEIVED EST from 6
INFO: 01:44:10.978090 messenger.go:270: SENT EST to 9
INFO: 01:44:10.978349 messenger.go:346: RECEIVED EST from 7
INFO: 01:44:10.981967 messenger.go:346: RECEIVED EST from 1
INFO: 01:44:10.982081 messenger.go:270: SENT EST to 8
INFO: 01:44:10.996718 messenger.go:346: RECEIVED EST from 5
INFO: 01:44:10.998869 messenger.go:270: SENT EST to 1
INFO: 01:44:11.002065 messenger.go:270: SENT EST to 8
INFO: 01:44:11.002227 messenger.go:346: RECEIVED EST from 8
INFO: 01:44:11.003323 messenger.go:270: SENT EST to 4
INFO: 01:44:11.004285 messenger.go:346: RECEIVED EST from 4
INFO: 01:44:11.004795 messenger.go:270: SENT EST to 1
INFO: 01:44:11.004997 messenger.go:346: RECEIVED EST from 5
INFO: 01:44:11.006187 messenger.go:270: SENT EST to 5
INFO: 01:44:11.008936 messenger.go:270: SENT EST to 6
INFO: 01:44:11.027386 messenger.go:270: SENT EST to 9
INFO: 01:44:11.027403 messenger.go:270: SENT EST to 5
INFO: 01:44:11.028516 messenger.go:346: RECEIVED EST from 4
INFO: 01:44:11.029457 messenger.go:346: RECEIVED EST from 9
INFO: 01:44:11.032253 messenger.go:346: RECEIVED EST from 1
INFO: 01:44:11.032835 messenger.go:346: RECEIVED EST from 2
INFO: 01:44:11.044649 messenger.go:270: SENT EST to 3
INFO: 01:44:11.050772 messenger.go:346: RECEIVED EST from 7
INFO: 01:44:11.050844 messenger.go:270: SENT EST to 7
INFO: 01:44:11.051224 messenger.go:270: SENT EST to 2
INFO: 01:44:11.056819 messenger.go:270: SENT EST to 5
INFO: 01:44:11.057075 messenger.go:270: SENT EST to 9
INFO: 01:44:11.057526 messenger.go:270: SENT EST to 4
INFO: 01:44:11.065906 messenger.go:346: RECEIVED EST from 3
INFO: 01:44:11.065989 messenger.go:270: SENT EST to 3
INFO: 01:44:11.066869 messenger.go:346: RECEIVED EST from 2
INFO: 01:44:11.069469 messenger.go:270: SENT EST to 2
INFO: 01:44:11.073129 messenger.go:346: RECEIVED EST from 2
INFO: 01:44:11.074017 messenger.go:270: SENT EST to 3
INFO: 01:44:11.074032 messenger.go:270: SENT EST to 4
INFO: 01:44:11.074581 messenger.go:270: SENT EST to 2
INFO: 01:44:11.080700 messenger.go:346: RECEIVED EST from 9
INFO: 01:44:11.081786 messenger.go:346: RECEIVED EST from 6
INFO: 01:44:11.082688 messenger.go:270: SENT EST to 7
INFO: 01:44:11.083379 messenger.go:346: RECEIVED EST from 7
INFO: 01:44:11.085923 messenger.go:346: RECEIVED EST from 5
INFO: 01:44:11.087219 messenger.go:270: SENT EST to 5
INFO: 01:44:11.088740 messenger.go:270: SENT EST to 1
INFO: 01:44:11.097431 messenger.go:346: RECEIVED EST from 1
INFO: 01:44:11.108064 messenger.go:346: RECEIVED EST from 6
INFO: 01:44:11.111353 messenger.go:270: SENT EST to 6
INFO: 01:44:11.112046 messenger.go:346: RECEIVED EST from 1
INFO: 01:44:11.112468 messenger.go:346: RECEIVED EST from 2
INFO: 01:44:11.116019 messenger.go:270: SENT EST to 6
INFO: 01:44:11.116115 messenger.go:270: SENT EST to 7
INFO: 01:44:11.118659 messenger.go:270: SENT EST to 6
INFO: 01:44:11.118970 messenger.go:270: SENT EST to 7
INFO: 01:44:11.123092 messenger.go:346: RECEIVED EST from 9
INFO: 01:44:11.123251 messenger.go:270: SENT EST to 8
INFO: 01:44:11.128931 messenger.go:346: RECEIVED EST from 4
INFO: 01:44:11.133555 messenger.go:346: RECEIVED EST from 3
INFO: 01:44:11.134173 messenger.go:346: RECEIVED EST from 8
INFO: 01:44:11.134995 messenger.go:270: SENT EST to 1
INFO: 01:44:11.136068 messenger.go:270: SENT EST to 9
INFO: 01:44:11.137043 messenger.go:346: RECEIVED EST from 7
INFO: 01:44:11.137739 messenger.go:346: RECEIVED EST from 5
INFO: 01:44:11.137793 messenger.go:270: SENT EST to 6
INFO: 01:44:11.138939 messenger.go:270: SENT EST to 5
INFO: 01:44:11.142610 messenger.go:270: SENT EST to 7
INFO: 01:44:11.143226 messenger.go:346: RECEIVED EST from 6
INFO: 01:44:11.150468 messenger.go:346: RECEIVED EST from 1
INFO: 01:44:11.153446 messenger.go:270: SENT EST to 2
INFO: 01:44:11.157569 messenger.go:346: RECEIVED EST from 9
INFO: 01:44:11.157835 messenger.go:270: SENT EST to 4
INFO: 01:44:11.160538 messenger.go:346: RECEIVED EST from 8
INFO: 01:44:11.164848 messenger.go:346: RECEIVED EST from 5
INFO: 01:44:11.164906 messenger.go:270: SENT EST to 8
INFO: 01:44:11.167752 messenger.go:270: SENT EST to 1
INFO: 01:44:11.168159 messenger.go:346: RECEIVED EST from 1
INFO: 01:44:11.171945 messenger.go:346: RECEIVED EST from 4
INFO: 01:44:11.172187 messenger.go:270: SENT EST to 2
INFO: 01:44:11.173157 messenger.go:346: RECEIVED EST from 2
INFO: 01:44:11.174612 messenger.go:270: SENT EST to 3
INFO: 01:44:11.176101 messenger.go:270: SENT EST to 4
INFO: 01:44:11.176192 messenger.go:270: SENT EST to 5
INFO: 01:44:11.178105 messenger.go:346: RECEIVED EST from 3
INFO: 01:44:11.178204 messenger.go:346: RECEIVED EST from 8
INFO: 01:44:11.180370 messenger.go:270: SENT EST to 8
INFO: 01:44:11.183717 messenger.go:270: SENT EST to 3
INFO: 01:44:11.185481 messenger.go:270: SENT EST to 8
INFO: 01:44:11.189375 messenger.go:346: RECEIVED EST from 9
INFO: 01:44:11.192317 messenger.go:270: SENT EST to 9
INFO: 01:44:11.199111 messenger.go:270: SENT EST to 6
INFO: 01:44:11.199503 messenger.go:346: RECEIVED EST from 7
INFO: 01:44:11.203195 messenger.go:270: SENT EST to 3
INFO: 01:44:11.203944 messenger.go:346: RECEIVED EST from 2
INFO: 01:44:11.204034 messenger.go:270: SENT EST to 4
INFO: 01:44:11.204946 messenger.go:270: SENT EST to 1
INFO: 01:44:11.205625 messenger.go:346: RECEIVED EST from 1
INFO: 01:44:11.206401 messenger.go:270: SENT EST to 6
INFO: 01:44:11.206570 messenger.go:270: SENT EST to 5
INFO: 01:44:11.208520 messenger.go:270: SENT EST to 2
INFO: 01:44:11.209505 messenger.go:346: RECEIVED EST from 5
INFO: 01:44:11.210091 messenger.go:346: RECEIVED EST from 6
INFO: 01:44:11.210389 messenger.go:346: RECEIVED EST from 3
INFO: 01:44:11.211743 messenger.go:270: SENT EST to 7
INFO: 01:44:11.214339 messenger.go:346: RECEIVED EST from 4
INFO: 01:44:11.214808 messenger.go:270: SENT EST to 7
INFO: 01:44:11.215325 messenger.go:270: SENT EST to 9
INFO: 01:44:11.232978 messenger.go:270: SENT EST to 8
INFO: 01:44:11.237067 messenger.go:270: SENT EST to 9
INFO: 01:44:11.245110 messenger.go:270: SENT EST to 7
INFO: 01:44:11.250433 messenger.go:346: RECEIVED EST from 5
INFO: 01:44:11.261290 messenger.go:270: SENT EST to 8
INFO: 01:44:11.261741 messenger.go:346: RECEIVED EST from 8
INFO: 01:44:11.265060 messenger.go:346: RECEIVED EST from 4
INFO: 01:44:11.267324 messenger.go:346: RECEIVED EST from 7
INFO: 01:44:11.267500 messenger.go:346: RECEIVED EST from 1
INFO: 01:44:11.267682 messenger.go:346: RECEIVED EST from 4
INFO: 01:44:11.267832 messenger.go:346: RECEIVED EST from 3
INFO: 01:44:11.267998 messenger.go:346: RECEIVED EST from 2
INFO: 01:44:11.268432 messenger.go:346: RECEIVED EST from 9
INFO: 01:44:11.269254 messenger.go:346: RECEIVED EST from 6
INFO: 01:44:11.269413 messenger.go:346: RECEIVED EST from 1
INFO: 01:44:11.270303 messenger.go:346: RECEIVED EST from 7
INFO: 01:44:11.270943 messenger.go:270: SENT EST to 1
INFO: 01:44:11.271184 messenger.go:270: SENT EST to 4
INFO: 01:44:11.271691 messenger.go:346: RECEIVED EST from 4
INFO: 01:44:11.271756 messenger.go:270: SENT EST to 2
INFO: 01:44:11.272197 messenger.go:346: RECEIVED EST from 2
INFO: 01:44:11.272565 messenger.go:270: SENT EST to 1
INFO: 01:44:11.273365 messenger.go:270: SENT EST to 2
INFO: 01:44:11.273906 messenger.go:346: RECEIVED EST from 4
INFO: 01:44:11.276224 messenger.go:346: RECEIVED EST from 5
INFO: 01:44:11.277689 messenger.go:346: RECEIVED EST from 8
INFO: 01:44:11.279163 messenger.go:270: SENT EST to 3
INFO: 01:44:11.279527 messenger.go:270: SENT EST to 9
INFO: 01:44:11.279598 messenger.go:270: SENT EST to 6
INFO: 01:44:11.290368 messenger.go:270: SENT EST to 5
INFO: 01:44:11.291121 messenger.go:346: RECEIVED EST from 5
INFO: 01:44:11.292117 messenger.go:270: SENT EST to 3
INFO: 01:44:11.295776 messenger.go:346: RECEIVED EST from 9
INFO: 01:44:11.295886 messenger.go:270: SENT EST to 4
INFO: 01:44:11.295959 messenger.go:346: RECEIVED EST from 6
INFO: 01:44:11.299331 messenger.go:270: SENT EST to 1
INFO: 01:44:11.299714 messenger.go:346: RECEIVED EST from 7
INFO: 01:44:11.304514 messenger.go:270: SENT EST to 7
INFO: 01:44:11.304970 messenger.go:346: RECEIVED EST from 3
INFO: 01:44:11.305163 messenger.go:270: SENT EST to 3
INFO: 01:44:11.305708 messenger.go:346: RECEIVED EST from 8
INFO: 01:44:11.306812 messenger.go:270: SENT EST to 2
INFO: 01:44:11.314701 messenger.go:270: SENT EST to 5
INFO: 01:44:11.318836 messenger.go:346: RECEIVED EST from 2
INFO: 01:44:11.319848 messenger.go:346: RECEIVED EST from 4
INFO: 01:44:11.321539 messenger.go:270: SENT EST to 6
INFO: 01:44:11.328519 messenger.go:270: SENT EST to 5
INFO: 01:44:11.328752 messenger.go:346: RECEIVED EST from 5
INFO: 01:44:11.328978 messenger.go:346: RECEIVED EST from 6
INFO: 01:44:11.329373 messenger.go:346: RECEIVED EST from 7
INFO: 01:44:11.329577 messenger.go:270: SENT EST to 9
INFO: 01:44:11.329738 messenger.go:346: RECEIVED EST from 1
INFO: 01:44:11.329902 messenger.go:270: SENT EST to 8
INFO: 01:44:11.330159 messenger.go:346: RECEIVED EST from 3
INFO: 01:44:11.330731 messenger.go:346: RECEIVED EST from 9
INFO: 01:44:11.330875 messenger.go:346: RECEIVED EST from 8
INFO: 01:44:11.397254 messenger.go:270: SENT EST to 4
INFO: 01:44:11.397655 messenger.go:270: SENT EST to 7
INFO: 01:44:11.397744 messenger.go:270: SENT EST to 6
INFO: 01:44:11.397974 messenger.go:346: RECEIVED EST from 1
INFO: 01:44:11.398310 messenger.go:346: RECEIVED EST from 2
INFO: 01:44:11.427550 messenger.go:346: RECEIVED EST from 7
INFO: 01:44:11.428354 messenger.go:346: RECEIVED EST from 3
INFO: 01:44:11.430006 messenger.go:270: SENT EST to 3
INFO: 01:44:11.430133 messenger.go:270: SENT EST to 6
INFO: 01:44:11.430723 messenger.go:346: RECEIVED EST from 5
INFO: 01:44:11.431792 messenger.go:270: SENT EST to 4
INFO: 01:44:11.431924 messenger.go:270: SENT EST to 7
INFO: 01:44:11.432050 messenger.go:346: RECEIVED EST from 8
INFO: 01:44:11.432108 messenger.go:270: SENT EST to 2
INFO: 01:44:11.432157 messenger.go:270: SENT EST to 8
INFO: 01:44:11.433265 messenger.go:270: SENT EST to 9
INFO: 01:44:11.433538 messenger.go:346: RECEIVED EST from 6
INFO: 01:44:11.434864 messenger.go:346: RECEIVED EST from 7
INFO: 01:44:11.435377 messenger.go:346: RECEIVED EST from 4
INFO: 01:44:11.435577 messenger.go:270: SENT EST to 8
INFO: 01:44:11.436000 messenger.go:270: SENT EST to 8
INFO: 01:44:11.445683 messenger.go:346: RECEIVED EST from 4
INFO: 01:44:11.454812 messenger.go:346: RECEIVED EST from 9
INFO: 01:44:11.454854 messenger.go:270: SENT EST to 5
INFO: 01:44:11.454882 messenger.go:270: SENT EST to 9
INFO: 01:44:11.457270 messenger.go:346: RECEIVED EST from 2
INFO: 01:44:11.457340 messenger.go:346: RECEIVED EST from 6
INFO: 01:44:11.457570 messenger.go:346: RECEIVED EST from 1
INFO: 01:44:11.457758 messenger.go:270: SENT EST to 1
INFO: 01:44:11.459492 messenger.go:270: SENT EST to 8
INFO: 01:44:11.460173 messenger.go:270: SENT EST to 7
INFO: 01:44:11.460703 messenger.go:270: SENT EST to 4
INFO: 01:44:11.465750 messenger.go:270: SENT EST to 6
INFO: 01:44:11.468493 messenger.go:346: RECEIVED EST from 9
INFO: 01:44:11.469215 messenger.go:270: SENT EST to 3
INFO: 01:44:11.471286 messenger.go:270: SENT EST to 1
INFO: 01:44:11.472042 messenger.go:346: RECEIVED EST from 8
INFO: 01:44:11.472260 messenger.go:346: RECEIVED EST from 7
INFO: 01:44:11.472692 messenger.go:270: SENT EST to 1
INFO: 01:44:11.474813 messenger.go:270: SENT EST to 9
INFO: 01:44:11.476997 messenger.go:346: RECEIVED EST from 4
INFO: 01:44:11.477987 messenger.go:346: RECEIVED EST from 8
INFO: 01:44:11.480814 messenger.go:346: RECEIVED EST from 5
INFO: 01:44:11.481894 messenger.go:346: RECEIVED EST from 3
INFO: 01:44:11.487295 messenger.go:270: SENT EST to 5
INFO: 01:44:11.489434 messenger.go:346: RECEIVED EST from 9
INFO: 01:44:11.491864 messenger.go:346: RECEIVED EST from 1
INFO: 01:44:11.493395 messenger.go:346: RECEIVED EST from 6
INFO: 01:44:11.493531 messenger.go:270: SENT EST to 9
INFO: 01:44:11.494457 messenger.go:270: SENT EST to 1
INFO: 01:44:11.495511 messenger.go:346: RECEIVED EST from 2
INFO: 01:44:11.499055 messenger.go:270: SENT EST to 2
INFO: 01:44:11.500384 messenger.go:270: SENT EST to 4
INFO: 01:44:11.506858 messenger.go:346: RECEIVED EST from 3
INFO: 01:44:11.516056 messenger.go:346: RECEIVED EST from 1
INFO: 01:44:11.522984 messenger.go:346: RECEIVED EST from 9
INFO: 01:44:11.523279 messenger.go:270: SENT EST to 3
INFO: 01:44:11.524553 messenger.go:270: SENT EST to 6
INFO: 01:44:11.524683 messenger.go:270: SENT EST to 8
INFO: 01:44:11.525263 messenger.go:346: RECEIVED EST from 6
INFO: 01:44:11.530928 messenger.go:270: SENT EST to 7
INFO: 01:44:11.531136 messenger.go:270: SENT EST to 1
INFO: 01:44:11.535208 messenger.go:346: RECEIVED EST from 3
INFO: 01:44:11.560976 messenger.go:346: RECEIVED EST from 8
INFO: 01:44:11.570247 messenger.go:270: SENT EST to 2
INFO: 01:44:11.579960 messenger.go:346: RECEIVED EST from 4
INFO: 01:44:11.580117 messenger.go:346: RECEIVED EST from 7
INFO: 01:44:11.587537 messenger.go:346: RECEIVED EST from 1
INFO: 01:44:11.587789 messenger.go:270: SENT EST to 5
INFO: 01:44:11.590284 messenger.go:346: RECEIVED EST from 5
INFO: 01:44:11.591185 messenger.go:346: RECEIVED EST from 2
INFO: 01:44:11.592576 messenger.go:346: RECEIVED EST from 2
INFO: 01:44:11.594488 messenger.go:270: SENT EST to 2
INFO: 01:44:11.595118 messenger.go:270: SENT EST to 7
INFO: 01:44:11.596282 messenger.go:270: SENT EST to 4
INFO: 01:44:11.596320 messenger.go:270: SENT EST to 8
INFO: 01:44:11.602821 messenger.go:346: RECEIVED EST from 6
INFO: 01:44:11.603067 messenger.go:270: SENT EST to 3
INFO: 01:44:11.603160 messenger.go:346: RECEIVED EST from 3
INFO: 01:44:11.604609 messenger.go:270: SENT EST to 4
INFO: 01:44:11.606021 messenger.go:270: SENT EST to 3
INFO: 01:44:11.629828 messenger.go:270: SENT EST to 6
INFO: 01:44:11.651577 messenger.go:270: SENT EST to 2
INFO: 01:44:11.651938 messenger.go:270: SENT EST to 9
INFO: 01:44:11.657318 messenger.go:346: RECEIVED EST from 9
INFO: 01:44:11.661033 messenger.go:270: SENT EST to 1
INFO: 01:44:11.663505 messenger.go:270: SENT EST to 3
INFO: 01:44:11.665263 messenger.go:346: RECEIVED EST from 8
INFO: 01:44:11.665776 messenger.go:346: RECEIVED EST from 1
INFO: 01:44:11.685951 messenger.go:270: SENT EST to 4
INFO: 01:44:11.697374 messenger.go:346: RECEIVED EST from 4
INFO: 01:44:11.698596 messenger.go:270: SENT EST to 5
INFO: 01:44:11.703463 messenger.go:270: SENT EST to 8
INFO: 01:44:11.714625 messenger.go:346: RECEIVED EST from 6
INFO: 01:44:11.715272 messenger.go:270: SENT EST to 2
INFO: 01:44:11.715839 messenger.go:270: SENT EST to 9
INFO: 01:44:11.716106 messenger.go:346: RECEIVED EST from 3
INFO: 01:44:11.722872 messenger.go:346: RECEIVED EST from 8
INFO: 01:44:11.722924 messenger.go:270: SENT EST to 5
INFO: 01:44:11.723400 messenger.go:270: SENT EST to 4
INFO: 01:44:11.723520 messenger.go:270: SENT EST to 6
INFO: 01:44:11.725383 messenger.go:270: SENT EST to 2
INFO: 01:44:11.725549 messenger.go:346: RECEIVED EST from 5
INFO: 01:44:11.725785 messenger.go:346: RECEIVED EST from 2
INFO: 01:44:11.725859 messenger.go:270: SENT EST to 1
INFO: 01:44:11.726272 messenger.go:346: RECEIVED EST from 5
INFO: 01:44:11.729435 messenger.go:270: SENT EST to 3
INFO: 01:44:11.731710 messenger.go:270: SENT EST to 6
INFO: 01:44:11.731862 messenger.go:270: SENT EST to 9
INFO: 01:44:11.732010 messenger.go:346: RECEIVED EST from 1
INFO: 01:44:11.744156 messenger.go:270: SENT EST to 5
INFO: 01:44:11.745331 messenger.go:270: SENT EST to 5
INFO: 01:44:11.750136 messenger.go:270: SENT EST to 6
INFO: 01:44:11.763272 messenger.go:346: RECEIVED EST from 9
INFO: 01:44:11.763416 messenger.go:346: RECEIVED EST from 2
INFO: 01:44:11.764367 messenger.go:346: RECEIVED EST from 6
INFO: 01:44:11.772189 messenger.go:346: RECEIVED EST from 3
INFO: 01:44:11.774968 messenger.go:346: RECEIVED EST from 2
INFO: 01:44:11.780939 messenger.go:270: SENT EST to 7
INFO: 01:44:11.781113 messenger.go:270: SENT EST to 7
INFO: 01:44:11.781224 messenger.go:270: SENT EST to 7
INFO: 01:44:11.784167 messenger.go:346: RECEIVED EST from 5
INFO: 01:44:11.785496 messenger.go:346: RECEIVED EST from 7
INFO: 01:44:11.790107 messenger.go:346: RECEIVED EST from 1
INFO: 01:44:11.794851 messenger.go:346: RECEIVED EST from 7
INFO: 01:44:11.795332 messenger.go:346: RECEIVED EST from 6
INFO: 01:44:11.791033 messenger.go:270: SENT EST to 9
INFO: 01:44:11.791156 messenger.go:346: RECEIVED EST from 9
INFO: 01:44:11.792859 messenger.go:346: RECEIVED EST from 3
INFO: 01:44:11.792862 messenger.go:270: SENT EST to 7
INFO: 01:44:11.794163 messenger.go:346: RECEIVED EST from 5
INFO: 01:44:11.790111 messenger.go:270: SENT EST to 1
INFO: 01:44:11.791016 messenger.go:346: RECEIVED EST from 7
INFO: 01:44:11.796121 messenger.go:270: SENT EST to 2
INFO: 01:44:11.800120 messenger.go:346: RECEIVED EST from 2
INFO: 01:44:11.801657 messenger.go:270: SENT EST to 8
INFO: 01:44:11.803935 messenger.go:346: RECEIVED EST from 8
INFO: 01:44:11.804036 messenger.go:270: SENT EST to 2
INFO: 01:44:11.804406 messenger.go:270: SENT EST to 8
INFO: 01:44:11.807591 messenger.go:270: SENT EST to 8
INFO: 01:44:11.808717 messenger.go:346: RECEIVED EST from 1
INFO: 01:44:11.809059 messenger.go:270: SENT EST to 1
INFO: 01:44:11.815028 messenger.go:270: SENT EST to 9
INFO: 01:44:11.828186 messenger.go:270: SENT EST to 5
INFO: 01:44:11.828430 messenger.go:346: RECEIVED EST from 5
INFO: 01:44:11.828584 messenger.go:270: SENT EST to 4
INFO: 01:44:11.828659 messenger.go:270: SENT EST to 6
INFO: 01:44:11.828765 messenger.go:270: SENT EST to 3
INFO: 01:44:11.829140 messenger.go:346: RECEIVED EST from 3
INFO: 01:44:11.829808 messenger.go:346: RECEIVED EST from 6
INFO: 01:44:11.830079 messenger.go:270: SENT EST to 6
INFO: 01:44:11.830857 messenger.go:346: RECEIVED EST from 9
INFO: 01:44:11.831025 messenger.go:346: RECEIVED EST from 4
INFO: 01:44:11.833256 messenger.go:270: SENT EST to 7
INFO: 01:44:11.834708 messenger.go:346: RECEIVED EST from 2
INFO: 01:44:11.834764 messenger.go:270: SENT EST to 8
INFO: 01:44:11.835395 messenger.go:270: SENT EST to 2
INFO: 01:44:11.848380 messenger.go:346: RECEIVED EST from 1
INFO: 01:44:11.848710 messenger.go:270: SENT EST to 9
INFO: 01:44:11.848802 messenger.go:270: SENT EST to 5
INFO: 01:44:11.848935 messenger.go:346: RECEIVED EST from 7
INFO: 01:44:11.850826 messenger.go:270: SENT EST to 4
INFO: 01:44:11.851521 messenger.go:346: RECEIVED EST from 4
INFO: 01:44:11.851797 messenger.go:346: RECEIVED EST from 6
INFO: 01:44:11.851891 messenger.go:270: SENT EST to 1
INFO: 01:44:11.856486 messenger.go:270: SENT EST to 9
INFO: 01:44:11.856692 messenger.go:346: RECEIVED EST from 1
INFO: 01:44:11.856860 messenger.go:346: RECEIVED EST from 7
INFO: 01:44:11.857222 messenger.go:346: RECEIVED EST from 9
INFO: 01:44:11.861243 messenger.go:346: RECEIVED EST from 2
INFO: 01:44:11.864584 messenger.go:270: SENT EST to 2
INFO: 01:44:11.864885 messenger.go:346: RECEIVED EST from 8
INFO: 01:44:11.867718 messenger.go:270: SENT EST to 1
INFO: 01:44:11.868232 messenger.go:346: RECEIVED EST from 5
INFO: 01:44:11.875337 messenger.go:270: SENT EST to 3
INFO: 01:44:11.879740 messenger.go:346: RECEIVED EST from 3
INFO: 01:44:11.880372 messenger.go:346: RECEIVED EST from 9
INFO: 01:44:11.882549 messenger.go:346: RECEIVED EST from 7
INFO: 01:44:11.882713 messenger.go:346: RECEIVED EST from 5
INFO: 01:44:11.882847 messenger.go:270: SENT EST to 6
INFO: 01:44:11.883045 messenger.go:346: RECEIVED EST from 1
INFO: 01:44:11.883219 messenger.go:270: SENT EST to 2
INFO: 01:44:11.883467 messenger.go:270: SENT EST to 7
INFO: 01:44:11.884200 messenger.go:346: RECEIVED EST from 8
INFO: 01:44:11.886255 messenger.go:270: SENT EST to 3
INFO: 01:44:11.888343 messenger.go:270: SENT EST to 3
INFO: 01:44:11.888649 messenger.go:346: RECEIVED EST from 3
INFO: 01:44:11.888848 messenger.go:270: SENT EST to 8
INFO: 01:44:11.892636 messenger.go:270: SENT EST to 1
INFO: 01:44:11.893091 messenger.go:270: SENT EST to 3
INFO: 01:44:11.895626 messenger.go:346: RECEIVED EST from 4
INFO: 01:44:11.895695 messenger.go:270: SENT EST to 4
INFO: 01:44:11.897724 messenger.go:346: RECEIVED EST from 8
INFO: 01:44:11.901508 messenger.go:270: SENT EST to 5
INFO: 01:44:11.904098 messenger.go:270: SENT EST to 7
INFO: 01:44:11.905367 messenger.go:270: SENT EST to 6
INFO: 01:44:11.906500 messenger.go:346: RECEIVED EST from 6
INFO: 01:44:11.906943 messenger.go:270: SENT EST to 8
INFO: 01:44:11.910711 messenger.go:270: SENT EST to 9
INFO: 01:44:11.917878 messenger.go:346: RECEIVED EST from 9
INFO: 01:44:11.918028 messenger.go:346: RECEIVED EST from 1
INFO: 01:44:11.918461 messenger.go:270: SENT EST to 2
INFO: 01:44:11.918618 messenger.go:346: RECEIVED EST from 7
INFO: 01:44:11.919651 messenger.go:346: RECEIVED EST from 6
INFO: 01:44:11.921918 messenger.go:270: SENT EST to 3
INFO: 01:44:11.922125 messenger.go:346: RECEIVED EST from 8
INFO: 01:44:11.923824 messenger.go:346: RECEIVED EST from 3
INFO: 01:44:11.932173 messenger.go:270: SENT EST to 5
INFO: 01:44:11.932219 messenger.go:270: SENT EST to 4
INFO: 01:44:11.932753 messenger.go:270: SENT EST to 6
INFO: 01:44:11.932876 messenger.go:270: SENT EST to 7
INFO: 01:44:11.933802 messenger.go:346: RECEIVED EST from 2
INFO: 01:44:11.934243 messenger.go:346: RECEIVED EST from 9
INFO: 01:44:11.934491 messenger.go:270: SENT EST to 9
INFO: 01:44:11.936361 messenger.go:270: SENT EST to 8
INFO: 01:44:11.936417 messenger.go:270: SENT EST to 1
INFO: 01:44:11.938808 messenger.go:270: SENT EST to 2
INFO: 01:44:11.943181 messenger.go:270: SENT EST to 3
INFO: 01:44:11.945752 messenger.go:346: RECEIVED EST from 3
INFO: 01:44:11.946127 messenger.go:346: RECEIVED EST from 6
INFO: 01:44:11.946638 messenger.go:346: RECEIVED EST from 7
INFO: 01:44:11.949780 messenger.go:270: SENT EST to 5
INFO: 01:44:11.951158 messenger.go:346: RECEIVED EST from 4
INFO: 01:44:11.954660 messenger.go:270: SENT EST to 9
INFO: 01:44:11.954759 messenger.go:270: SENT EST to 1
INFO: 01:44:11.967735 messenger.go:346: RECEIVED EST from 1
INFO: 01:44:11.967798 messenger.go:270: SENT EST to 4
INFO: 01:44:11.967988 messenger.go:346: RECEIVED EST from 4
INFO: 01:44:11.968305 messenger.go:346: RECEIVED EST from 5
INFO: 01:44:11.968992 messenger.go:346: RECEIVED EST from 9
INFO: 01:44:11.973211 messenger.go:346: RECEIVED EST from 2
INFO: 01:44:11.981682 messenger.go:346: RECEIVED EST from 7
INFO: 01:44:11.982004 messenger.go:346: RECEIVED EST from 6
INFO: 01:44:11.982063 messenger.go:270: SENT EST to 8
INFO: 01:44:11.982252 messenger.go:346: RECEIVED EST from 8
INFO: 01:44:11.986582 messenger.go:270: SENT EST to 6
INFO: 01:44:11.986656 messenger.go:270: SENT EST to 2
INFO: 01:44:11.987140 messenger.go:346: RECEIVED EST from 8
INFO: 01:44:11.987498 messenger.go:346: RECEIVED EST from 3
INFO: 01:44:11.988483 messenger.go:270: SENT EST to 9
INFO: 01:44:11.993941 messenger.go:270: SENT EST to 7
INFO: 01:44:11.994101 messenger.go:346: RECEIVED EST from 2
INFO: 01:44:11.994284 messenger.go:346: RECEIVED EST from 7
INFO: 01:44:11.997456 messenger.go:346: RECEIVED EST from 3
INFO: 01:44:11.999008 messenger.go:270: SENT EST to 5
INFO: 01:44:11.999425 messenger.go:346: RECEIVED EST from 8
INFO: 01:44:12.000411 messenger.go:270: SENT EST to 3
INFO: 01:44:12.001638 messenger.go:346: RECEIVED EST from 9
INFO: 01:44:12.008654 messenger.go:346: RECEIVED EST from 6
INFO: 01:44:12.010425 messenger.go:346: RECEIVED EST from 7
INFO: 01:44:12.010789 messenger.go:346: RECEIVED EST from 2
INFO: 01:44:12.011250 messenger.go:270: SENT EST to 1
INFO: 01:44:12.011920 messenger.go:346: RECEIVED EST from 5
INFO: 01:44:12.016349 messenger.go:346: RECEIVED EST from 9
INFO: 01:44:12.021806 messenger.go:346: RECEIVED EST from 4
INFO: 01:44:12.028784 messenger.go:346: RECEIVED EST from 5
INFO: 01:44:12.030276 messenger.go:346: RECEIVED EST from 5
INFO: 01:44:12.035688 messenger.go:270: SENT EST to 4
INFO: 01:44:12.042118 messenger.go:346: RECEIVED EST from 8
INFO: 01:44:12.042375 messenger.go:346: RECEIVED EST from 1
INFO: 01:44:12.047132 messenger.go:270: SENT EST to 8
INFO: 01:44:12.047646 messenger.go:270: SENT EST to 2
INFO: 01:44:12.048740 messenger.go:346: RECEIVED EST from 9
INFO: 01:44:12.048921 messenger.go:346: RECEIVED EST from 6
INFO: 01:44:12.049475 messenger.go:270: SENT EST to 9
INFO: 01:44:12.049803 messenger.go:270: SENT EST to 5
INFO: 01:44:12.050423 messenger.go:270: SENT EST to 6
INFO: 01:44:12.050999 messenger.go:346: RECEIVED EST from 1
INFO: 01:44:12.052326 messenger.go:346: RECEIVED EST from 1
INFO: 01:44:12.056752 messenger.go:270: SENT EST to 7
INFO: 01:44:12.056949 messenger.go:346: RECEIVED EST from 7
INFO: 01:44:12.059427 messenger.go:270: SENT EST to 1
INFO: 01:44:12.060071 messenger.go:346: RECEIVED EST from 2
INFO: 01:44:12.060958 messenger.go:346: RECEIVED EST from 5
INFO: 01:44:12.066299 messenger.go:270: SENT EST to 4
INFO: 01:44:12.077643 messenger.go:346: RECEIVED EST from 8
INFO: 01:44:12.077764 messenger.go:270: SENT EST to 3
INFO: 01:44:12.078954 messenger.go:346: RECEIVED EST from 2
INFO: 01:44:12.079111 messenger.go:270: SENT EST to 1
INFO: 01:44:12.079191 messenger.go:346: RECEIVED EST from 4
INFO: 01:44:12.079268 messenger.go:346: RECEIVED EST from 7
INFO: 01:44:12.079449 messenger.go:346: RECEIVED EST from 6
INFO: 01:44:12.079853 messenger.go:270: SENT EST to 8
INFO: 01:44:12.081599 messenger.go:270: SENT EST to 6
INFO: 01:44:12.081668 messenger.go:270: SENT EST to 7
INFO: 01:44:12.081914 messenger.go:270: SENT EST to 2
INFO: 01:44:12.082010 messenger.go:270: SENT EST to 9
INFO: 01:44:12.082197 messenger.go:346: RECEIVED EST from 9
INFO: 01:44:12.084234 messenger.go:270: SENT EST to 5
INFO: 01:44:12.093286 messenger.go:270: SENT EST to 3
INFO: 01:44:12.093458 messenger.go:346: RECEIVED EST from 3
INFO: 01:44:12.093603 messenger.go:346: RECEIVED EST from 4
INFO: 01:44:12.099316 messenger.go:346: RECEIVED EST from 2
INFO: 01:44:12.104490 messenger.go:346: RECEIVED EST from 8
INFO: 01:44:12.106762 messenger.go:346: RECEIVED EST from 5
INFO: 01:44:12.108668 messenger.go:346: RECEIVED EST from 1
INFO: 01:44:12.123085 messenger.go:270: SENT EST to 4
INFO: 01:44:12.129012 messenger.go:346: RECEIVED EST from 4
INFO: 01:44:12.123250 messenger.go:346: RECEIVED EST from 6
INFO: 01:44:12.140505 messenger.go:270: SENT EST to 8
INFO: 01:44:12.141487 messenger.go:346: RECEIVED EST from 8
INFO: 01:44:12.146583 messenger.go:270: SENT EST to 1
INFO: 01:44:12.146777 messenger.go:270: SENT EST to 6
INFO: 01:44:12.146923 messenger.go:346: RECEIVED EST from 3
INFO: 01:44:12.147076 messenger.go:346: RECEIVED EST from 1
INFO: 01:44:12.151291 messenger.go:270: SENT EST to 7
INFO: 01:44:12.151566 messenger.go:346: RECEIVED EST from 7
INFO: 01:44:12.152020 messenger.go:270: SENT EST to 2
INFO: 01:44:12.152401 messenger.go:270: SENT EST to 9
INFO: 01:44:12.152851 messenger.go:346: RECEIVED EST from 9
INFO: 01:44:12.164526 messenger.go:270: SENT EST to 5
INFO: 01:44:12.164526 messenger.go:270: SENT EST to 4
INFO: 01:44:12.164547 messenger.go:270: SENT EST to 3
INFO: 01:44:12.168318 messenger.go:346: RECEIVED EST from 2
INFO: 01:44:12.174644 messenger.go:346: RECEIVED EST from 1
INFO: 01:44:12.174754 messenger.go:270: SENT EST to 8
INFO: 01:44:12.174881 messenger.go:346: RECEIVED EST from 3
INFO: 01:44:12.175065 messenger.go:346: RECEIVED EST from 8
INFO: 01:44:12.175916 messenger.go:270: SENT EST to 7
INFO: 01:44:12.177321 messenger.go:270: SENT EST to 2
INFO: 01:44:12.177330 messenger.go:270: SENT EST to 1
INFO: 01:44:12.178555 messenger.go:270: SENT EST to 9
INFO: 01:44:12.179221 messenger.go:270: SENT EST to 5
INFO: 01:44:12.179455 messenger.go:346: RECEIVED EST from 5
INFO: 01:44:12.185824 messenger.go:346: RECEIVED EST from 4
INFO: 01:44:12.188190 messenger.go:346: RECEIVED EST from 9
INFO: 01:44:12.188812 messenger.go:346: RECEIVED EST from 7
INFO: 01:44:12.194128 messenger.go:270: SENT EST to 4
INFO: 01:44:12.194279 messenger.go:270: SENT EST to 6
INFO: 01:44:12.198330 messenger.go:270: SENT EST to 2
INFO: 01:44:12.200247 messenger.go:346: RECEIVED EST from 3
INFO: 01:44:12.200352 messenger.go:270: SENT EST to 3
INFO: 01:44:12.201473 messenger.go:346: RECEIVED EST from 6
INFO: 01:44:12.205345 messenger.go:270: SENT EST to 7
INFO: 01:44:12.205546 messenger.go:346: RECEIVED EST from 4
INFO: 01:44:12.205755 messenger.go:346: RECEIVED EST from 1
INFO: 01:44:12.205815 messenger.go:270: SENT EST to 8
INFO: 01:44:12.206111 messenger.go:346: RECEIVED EST from 8
INFO: 01:44:12.208313 messenger.go:346: RECEIVED EST from 2
INFO: 01:44:12.208476 messenger.go:270: SENT EST to 6
INFO: 01:44:12.209417 messenger.go:270: SENT EST to 1
INFO: 01:44:12.211469 messenger.go:270: SENT EST to 9
INFO: 01:44:12.213931 messenger.go:270: SENT EST to 5
INFO: 01:44:12.220413 messenger.go:270: SENT EST to 3
INFO: 01:44:12.220550 messenger.go:346: RECEIVED EST from 6
INFO: 01:44:12.221941 messenger.go:346: RECEIVED EST from 7
INFO: 01:44:12.223267 messenger.go:346: RECEIVED EST from 5
INFO: 01:44:12.230999 messenger.go:346: RECEIVED EST from 7
INFO: 01:44:12.231999 messenger.go:346: RECEIVED EST from 6
INFO: 01:44:12.233440 messenger.go:346: RECEIVED EST from 7
INFO: 01:44:12.233791 messenger.go:270: SENT EST to 4
INFO: 01:44:12.236003 messenger.go:270: SENT EST to 8
INFO: 01:44:12.236822 messenger.go:346: RECEIVED EST from 2
INFO: 01:44:12.237157 messenger.go:346: RECEIVED EST from 9
INFO: 01:44:12.237596 messenger.go:270: SENT EST to 5
INFO: 01:44:12.238411 messenger.go:270: SENT EST to 2
INFO: 01:44:12.238498 messenger.go:270: SENT EST to 9
INFO: 01:44:12.247145 messenger.go:270: SENT EST to 7
INFO: 01:44:12.247306 messenger.go:346: RECEIVED EST from 3
INFO: 01:44:12.247451 messenger.go:270: SENT EST to 6
INFO: 01:44:12.247519 messenger.go:270: SENT EST to 1
INFO: 01:44:12.247977 messenger.go:346: RECEIVED EST from 1
INFO: 01:44:12.248518 messenger.go:346: RECEIVED EST from 8
INFO: 01:44:12.248731 messenger.go:270: SENT EST to 3
INFO: 01:44:12.255636 messenger.go:346: RECEIVED EST from 3
INFO: 01:44:12.255797 messenger.go:346: RECEIVED EST from 6
INFO: 01:44:12.266116 messenger.go:346: RECEIVED EST from 7
INFO: 01:44:12.272878 messenger.go:346: RECEIVED EST from 5
INFO: 01:44:12.273113 messenger.go:346: RECEIVED EST from 3
INFO: 01:44:12.273459 messenger.go:346: RECEIVED EST from 1
INFO: 01:44:12.273607 messenger.go:346: RECEIVED EST from 4
INFO: 01:44:12.273955 messenger.go:346: RECEIVED EST from 9
INFO: 01:44:12.282964 messenger.go:270: SENT EST to 4
INFO: 01:44:12.290100 messenger.go:346: RECEIVED EST from 4
INFO: 01:44:12.290246 messenger.go:346: RECEIVED EST from 6
INFO: 01:44:12.291670 messenger.go:270: SENT EST to 3
INFO: 01:44:12.291679 messenger.go:270: SENT EST to 7
INFO: 01:44:12.292075 messenger.go:346: RECEIVED EST from 7
INFO: 01:44:12.292223 messenger.go:270: SENT EST to 4
INFO: 01:44:12.292493 messenger.go:270: SENT EST to 6
INFO: 01:44:12.293222 messenger.go:270: SENT EST to 8
INFO: 01:44:12.293305 messenger.go:270: SENT EST to 2
INFO: 01:44:12.298514 messenger.go:346: RECEIVED EST from 3
INFO: 01:44:12.298747 messenger.go:346: RECEIVED EST from 2
INFO: 01:44:12.299155 messenger.go:270: SENT EST to 5
INFO: 01:44:12.299298 messenger.go:346: RECEIVED EST from 5
INFO: 01:44:12.306460 messenger.go:270: SENT EST to 7
INFO: 01:44:12.306525 messenger.go:270: SENT EST to 8
INFO: 01:44:12.306661 messenger.go:270: SENT EST to 9
INFO: 01:44:12.306780 messenger.go:346: RECEIVED EST from 8
INFO: 01:44:12.306946 messenger.go:270: SENT EST to 4
INFO: 01:44:12.307150 messenger.go:346: RECEIVED EST from 9
INFO: 01:44:12.308913 messenger.go:270: SENT EST to 6
INFO: 01:44:12.317562 messenger.go:270: SENT EST to 5
INFO: 01:44:12.317784 messenger.go:270: SENT EST to 4
INFO: 01:44:12.317935 messenger.go:346: RECEIVED EST from 6
INFO: 01:44:12.318399 messenger.go:346: RECEIVED EST from 4
INFO: 01:44:12.319064 messenger.go:346: RECEIVED EST from 2
INFO: 01:44:12.322402 messenger.go:270: SENT EST to 9
INFO: 01:44:12.323165 messenger.go:270: SENT EST to 6
INFO: 01:44:12.323409 messenger.go:346: RECEIVED EST from 8
INFO: 01:44:12.325030 messenger.go:270: SENT EST to 9
INFO: 01:44:12.325098 messenger.go:270: SENT EST to 5
INFO: 01:44:12.333760 messenger.go:270: SENT EST to 7
INFO: 01:44:12.333918 messenger.go:270: SENT EST to 8
INFO: 01:44:12.338905 messenger.go:346: RECEIVED EST from 7
INFO: 01:44:12.339076 messenger.go:346: RECEIVED EST from 8
INFO: 01:44:12.339352 messenger.go:346: RECEIVED EST from 6
INFO: 01:44:12.339561 messenger.go:346: RECEIVED EST from 2
INFO: 01:44:12.339871 messenger.go:270: SENT EST to 1
INFO: 01:44:12.340652 messenger.go:346: RECEIVED EST from 1
INFO: 01:44:12.353117 messenger.go:346: RECEIVED EST from 7
INFO: 01:44:12.353438 messenger.go:346: RECEIVED EST from 9
INFO: 01:44:12.353629 messenger.go:346: RECEIVED EST from 5
INFO: 01:44:12.359744 messenger.go:270: SENT EST to 8
INFO: 01:44:12.359857 messenger.go:270: SENT EST to 9
INFO: 01:44:12.359928 messenger.go:270: SENT EST to 3
INFO: 01:44:12.360019 messenger.go:270: SENT EST to 5
INFO: 01:44:12.368606 messenger.go:346: RECEIVED EST from 6
INFO: 01:44:12.368766 messenger.go:346: RECEIVED EST from 2
INFO: 01:44:12.369014 messenger.go:270: SENT EST to 2
INFO: 01:44:12.369255 messenger.go:270: SENT EST to 6
INFO: 01:44:12.369256 messenger.go:270: SENT EST to 7
INFO: 01:44:12.369395 messenger.go:270: SENT EST to 1
INFO: 01:44:12.369861 messenger.go:346: RECEIVED EST from 7
INFO: 01:44:12.370922 messenger.go:346: RECEIVED EST from 5
INFO: 01:44:12.377657 messenger.go:270: SENT EST to 3
INFO: 01:44:12.377817 messenger.go:346: RECEIVED EST from 1
INFO: 01:44:12.377943 messenger.go:270: SENT EST to 1
INFO: 01:44:12.378110 messenger.go:270: SENT EST to 2
INFO: 01:44:12.378315 messenger.go:346: RECEIVED EST from 3
INFO: 01:44:12.379259 messenger.go:270: SENT EST to 2
INFO: 01:44:12.382489 messenger.go:270: SENT EST to 4
INFO: 01:44:12.387415 messenger.go:346: RECEIVED EST from 5
INFO: 01:44:12.400337 messenger.go:346: RECEIVED EST from 8
INFO: 01:44:12.401580 messenger.go:270: SENT EST to 3
INFO: 01:44:12.401615 messenger.go:270: SENT EST to 1
INFO: 01:44:12.402332 messenger.go:346: RECEIVED EST from 3
INFO: 01:44:12.405045 messenger.go:346: RECEIVED EST from 9
INFO: 01:44:12.406006 messenger.go:346: RECEIVED EST from 2
INFO: 01:44:12.406310 messenger.go:270: SENT EST to 8
INFO: 01:44:12.407238 messenger.go:270: SENT EST to 2
INFO: 01:44:12.408347 messenger.go:346: RECEIVED EST from 3
INFO: 01:44:12.409228 messenger.go:270: SENT EST to 5
INFO: 01:44:12.409243 messenger.go:270: SENT EST to 9
INFO: 01:44:12.409905 messenger.go:270: SENT EST to 6
INFO: 01:44:12.411000 messenger.go:270: SENT EST to 3
INFO: 01:44:12.412704 messenger.go:346: RECEIVED EST from 6
INFO: 01:44:12.416120 messenger.go:346: RECEIVED EST from 1
INFO: 01:44:12.417188 messenger.go:270: SENT EST to 1
INFO: 01:44:12.423557 messenger.go:346: RECEIVED EST from 3
INFO: 01:44:12.438404 messenger.go:270: SENT EST to 7
INFO: 01:44:12.438525 messenger.go:270: SENT EST to 4
INFO: 01:44:12.438635 messenger.go:346: RECEIVED EST from 4
INFO: 01:44:12.443743 messenger.go:270: SENT EST to 5
INFO: 01:44:12.444297 messenger.go:346: RECEIVED EST from 9
INFO: 01:44:12.444732 messenger.go:346: RECEIVED EST from 5
INFO: 01:44:12.444943 messenger.go:346: RECEIVED EST from 6
INFO: 01:44:12.445508 messenger.go:346: RECEIVED EST from 8
INFO: 01:44:12.446125 messenger.go:270: SENT EST to 9
INFO: 01:44:12.446443 messenger.go:346: RECEIVED EST from 2
INFO: 01:44:12.447268 messenger.go:346: RECEIVED EST from 7
INFO: 01:44:12.447484 messenger.go:270: SENT EST to 8
INFO: 01:44:12.447991 messenger.go:270: SENT EST to 2
INFO: 01:44:12.448753 messenger.go:270: SENT EST to 6
INFO: 01:44:12.449421 messenger.go:270: SENT EST to 3
INFO: 01:44:12.457432 messenger.go:346: RECEIVED EST from 8
INFO: 01:44:12.462880 messenger.go:270: SENT EST to 1
INFO: 01:44:12.465892 messenger.go:346: RECEIVED EST from 3
INFO: 01:44:12.468690 messenger.go:346: RECEIVED EST from 1
INFO: 01:44:12.468872 messenger.go:270: SENT EST to 7
INFO: 01:44:12.469594 messenger.go:346: RECEIVED EST from 2
INFO: 01:44:12.471921 messenger.go:270: SENT EST to 4
INFO: 01:44:12.480057 messenger.go:346: RECEIVED EST from 5
INFO: 01:44:12.480488 messenger.go:346: RECEIVED EST from 4
INFO: 01:44:12.481006 messenger.go:270: SENT EST to 5
INFO: 01:44:12.481385 messenger.go:270: SENT EST to 7
INFO: 01:44:12.481658 messenger.go:270: SENT EST to 4
INFO: 01:44:12.484296 messenger.go:346: RECEIVED EST from 9
INFO: 01:44:12.492257 messenger.go:270: SENT EST to 6
INFO: 01:44:12.492340 messenger.go:270: SENT EST to 8
INFO: 01:44:12.492457 messenger.go:346: RECEIVED EST from 8
INFO: 01:44:12.506005 messenger.go:270: SENT EST to 9
INFO: 01:44:12.508654 messenger.go:346: RECEIVED EST from 7
INFO: 01:44:12.510546 messenger.go:270: SENT EST to 5
INFO: 01:44:12.506149 messenger.go:270: SENT EST to 2
INFO: 01:44:12.506170 messenger.go:270: SENT EST to 3
INFO: 01:44:12.506281 messenger.go:346: RECEIVED EST from 3
INFO: 01:44:12.506283 messenger.go:270: SENT EST to 1
INFO: 01:44:12.506288 messenger.go:346: RECEIVED EST from 5
INFO: 01:44:12.506675 messenger.go:346: RECEIVED EST from 6
INFO: 01:44:12.511170 messenger.go:346: RECEIVED EST from 2
INFO: 01:44:12.545779 messenger.go:270: SENT EST to 8
INFO: 01:44:12.547421 messenger.go:270: SENT EST to 7
INFO: 01:44:12.547700 messenger.go:270: SENT EST to 6
INFO: 01:44:12.547847 messenger.go:346: RECEIVED EST from 1
INFO: 01:44:12.548604 messenger.go:346: RECEIVED EST from 5
INFO: 01:44:12.549605 messenger.go:270: SENT EST to 4
INFO: 01:44:12.549979 messenger.go:346: RECEIVED EST from 9
INFO: 01:44:12.550655 messenger.go:346: RECEIVED EST from 3
INFO: 01:44:12.550669 messenger.go:346: RECEIVED EST from 4
INFO: 01:44:12.551032 messenger.go:346: RECEIVED EST from 6
INFO: 01:44:12.551962 messenger.go:346: RECEIVED EST from 2
INFO: 01:44:12.569845 messenger.go:270: SENT EST to 9
INFO: 01:44:12.570407 messenger.go:346: RECEIVED EST from 8
INFO: 01:44:12.576742 messenger.go:346: RECEIVED EST from 7
INFO: 01:44:12.577379 messenger.go:270: SENT EST to 3
INFO: 01:44:12.578651 messenger.go:270: SENT EST to 1
INFO: 01:44:12.583392 messenger.go:346: RECEIVED EST from 5
INFO: 01:44:12.583443 messenger.go:270: SENT EST to 2
INFO: 01:44:12.583763 messenger.go:346: RECEIVED EST from 3
INFO: 01:44:12.583809 messenger.go:270: SENT EST to 4
INFO: 01:44:12.586067 messenger.go:346: RECEIVED EST from 4
INFO: 01:44:12.586189 messenger.go:270: SENT EST to 7
INFO: 01:44:12.586413 messenger.go:270: SENT EST to 5
INFO: 01:44:12.594769 messenger.go:270: SENT EST to 8
INFO: 01:44:12.594868 messenger.go:270: SENT EST to 6
INFO: 01:44:12.595397 messenger.go:346: RECEIVED EST from 9
INFO: 01:44:12.595563 messenger.go:346: RECEIVED EST from 6
INFO: 01:44:12.595774 messenger.go:346: RECEIVED EST from 5
INFO: 01:44:12.595973 messenger.go:346: RECEIVED EST from 8
INFO: 01:44:12.600097 messenger.go:346: RECEIVED EST from 1
INFO: 01:44:12.600101 messenger.go:346: RECEIVED EST from 2
INFO: 01:44:12.595000 messenger.go:346: RECEIVED EST from 2
INFO: 01:44:12.601271 messenger.go:270: SENT EST to 9
INFO: 01:44:12.612548 messenger.go:270: SENT EST to 2
INFO: 01:44:12.612686 messenger.go:270: SENT EST to 6
INFO: 01:44:12.613095 messenger.go:270: SENT EST to 7
INFO: 01:44:12.613324 messenger.go:270: SENT EST to 5
INFO: 01:44:12.613641 messenger.go:270: SENT EST to 3
INFO: 01:44:12.618537 messenger.go:346: RECEIVED EST from 9
INFO: 01:44:12.618796 messenger.go:346: RECEIVED EST from 7
INFO: 01:44:12.618975 messenger.go:346: RECEIVED EST from 6
INFO: 01:44:12.619161 messenger.go:346: RECEIVED EST from 5
INFO: 01:44:12.620408 messenger.go:346: RECEIVED EST from 2
INFO: 01:44:12.621638 messenger.go:270: SENT EST to 9
INFO: 01:44:12.625290 messenger.go:270: SENT EST to 8
INFO: 01:44:12.625501 messenger.go:346: RECEIVED EST from 3
INFO: 01:44:12.627714 messenger.go:346: RECEIVED EST from 6
INFO: 01:44:12.631976 messenger.go:270: SENT EST to 1
INFO: 01:44:12.632265 messenger.go:270: SENT EST to 4
INFO: 01:44:12.632717 messenger.go:346: RECEIVED EST from 4
INFO: 01:44:12.634805 messenger.go:346: RECEIVED EST from 1
INFO: 01:44:12.638300 messenger.go:270: SENT EST to 2
INFO: 01:44:12.638378 messenger.go:270: SENT EST to 3
INFO: 01:44:12.638530 messenger.go:346: RECEIVED EST from 7
INFO: 01:44:12.638937 messenger.go:270: SENT EST to 5
INFO: 01:44:12.639009 messenger.go:270: SENT EST to 9
INFO: 01:44:12.639459 messenger.go:270: SENT EST to 4
INFO: 01:44:12.649834 messenger.go:270: SENT EST to 7
INFO: 01:44:12.650395 messenger.go:270: SENT EST to 1
INFO: 01:44:12.651362 messenger.go:346: RECEIVED EST from 8
INFO: 01:44:12.651414 messenger.go:270: SENT EST to 4
INFO: 01:44:12.651662 messenger.go:270: SENT EST to 4
INFO: 01:44:12.651784 messenger.go:346: RECEIVED EST from 7
INFO: 01:44:12.651924 messenger.go:346: RECEIVED EST from 4
INFO: 01:44:12.652590 messenger.go:270: SENT EST to 8
INFO: 01:44:12.652721 messenger.go:346: RECEIVED EST from 7
INFO: 01:44:12.654140 messenger.go:270: SENT EST to 3
INFO: 01:44:12.656601 messenger.go:346: RECEIVED EST from 3
INFO: 01:44:12.658152 messenger.go:346: RECEIVED EST from 2
INFO: 01:44:12.663600 messenger.go:270: SENT EST to 6
INFO: 01:44:12.666605 messenger.go:270: SENT EST to 5
INFO: 01:44:12.667609 messenger.go:346: RECEIVED EST from 3
INFO: 01:44:12.668024 messenger.go:346: RECEIVED EST from 4
INFO: 01:44:12.668184 messenger.go:346: RECEIVED EST from 9
INFO: 01:44:12.668332 messenger.go:346: RECEIVED EST from 6
INFO: 01:44:12.671304 messenger.go:346: RECEIVED EST from 1
INFO: 01:44:12.674183 messenger.go:270: SENT EST to 7
INFO: 01:44:12.674222 messenger.go:270: SENT EST to 2
INFO: 01:44:12.674648 messenger.go:346: RECEIVED EST from 5
INFO: 01:44:12.678433 messenger.go:270: SENT EST to 8
INFO: 01:44:12.680474 messenger.go:346: RECEIVED EST from 3
INFO: 01:44:12.703425 messenger.go:270: SENT EST to 5
INFO: 01:44:12.703844 messenger.go:346: RECEIVED EST from 9
INFO: 01:44:12.704343 messenger.go:270: SENT EST to 1
INFO: 01:44:12.704995 messenger.go:346: RECEIVED EST from 5
INFO: 01:44:12.705205 messenger.go:346: RECEIVED EST from 2
INFO: 01:44:12.706413 messenger.go:346: RECEIVED EST from 8
INFO: 01:44:12.706966 messenger.go:346: RECEIVED EST from 4
INFO: 01:44:12.707015 messenger.go:270: SENT EST to 6
INFO: 01:44:12.708296 messenger.go:270: SENT EST to 9
INFO: 01:44:12.710106 messenger.go:346: RECEIVED EST from 6
INFO: 01:44:12.710626 messenger.go:346: RECEIVED EST from 7
INFO: 01:44:12.711523 messenger.go:270: SENT EST to 7
INFO: 01:44:12.711730 messenger.go:270: SENT EST to 4
INFO: 01:44:12.712025 messenger.go:346: RECEIVED EST from 3
INFO: 01:44:12.712454 messenger.go:270: SENT EST to 3
INFO: 01:44:12.719073 messenger.go:346: RECEIVED EST from 1
INFO: 01:44:12.719257 messenger.go:346: RECEIVED EST from 9
INFO: 01:44:12.720508 messenger.go:346: RECEIVED EST from 8
INFO: 01:44:12.721870 messenger.go:346: RECEIVED EST from 2
INFO: 01:44:12.722367 messenger.go:270: SENT EST to 9
INFO: 01:44:12.726831 messenger.go:270: SENT EST to 6
INFO: 01:44:12.727106 messenger.go:270: SENT EST to 7
INFO: 01:44:12.727874 messenger.go:346: RECEIVED EST from 5
INFO: 01:44:12.728075 messenger.go:270: SENT EST to 5
INFO: 01:44:12.728282 messenger.go:270: SENT EST to 2
INFO: 01:44:12.729049 messenger.go:270: SENT EST to 8
INFO: 01:44:12.732750 messenger.go:346: RECEIVED EST from 6
INFO: 01:44:12.732820 messenger.go:270: SENT EST to 6
INFO: 01:44:12.732939 messenger.go:270: SENT EST to 1
INFO: 01:44:12.739260 messenger.go:346: RECEIVED EST from 4
INFO: 01:44:12.739558 messenger.go:270: SENT EST to 7
INFO: 01:44:12.740622 messenger.go:346: RECEIVED EST from 7
INFO: 01:44:12.741030 messenger.go:270: SENT EST to 4
INFO: 01:44:12.742763 messenger.go:346: RECEIVED EST from 9
INFO: 01:44:12.743071 messenger.go:270: SENT EST to 3
INFO: 01:44:12.743127 messenger.go:346: RECEIVED EST from 3
INFO: 01:44:12.750846 messenger.go:270: SENT EST to 8
INFO: 01:44:12.751722 messenger.go:270: SENT EST to 2
INFO: 01:44:12.752004 messenger.go:346: RECEIVED EST from 2
INFO: 01:44:12.752941 messenger.go:270: SENT EST to 9
INFO: 01:44:12.756927 messenger.go:346: RECEIVED EST from 9
INFO: 01:44:12.760843 messenger.go:346: RECEIVED EST from 8
INFO: 01:44:12.761275 messenger.go:346: RECEIVED EST from 5
INFO: 01:44:12.762502 messenger.go:346: RECEIVED EST from 1
INFO: 01:44:12.763576 messenger.go:270: SENT EST to 5
INFO: 01:44:12.763617 messenger.go:270: SENT EST to 6
INFO: 01:44:12.767062 messenger.go:346: RECEIVED EST from 3
INFO: 01:44:12.769122 messenger.go:270: SENT EST to 9
INFO: 01:44:12.775595 messenger.go:270: SENT EST to 1
INFO: 01:44:12.776831 messenger.go:346: RECEIVED EST from 4
INFO: 01:44:12.777037 messenger.go:270: SENT EST to 4
INFO: 01:44:12.777430 messenger.go:346: RECEIVED EST from 6
INFO: 01:44:12.778079 messenger.go:346: RECEIVED EST from 5
INFO: 01:44:12.778684 messenger.go:270: SENT EST to 3
INFO: 01:44:12.779365 messenger.go:346: RECEIVED EST from 7
INFO: 01:44:12.784201 messenger.go:270: SENT EST to 8
INFO: 01:44:12.787299 messenger.go:346: RECEIVED EST from 8
INFO: 01:44:12.789328 messenger.go:270: SENT EST to 2
INFO: 01:44:12.789563 messenger.go:270: SENT EST to 7
INFO: 01:44:12.790666 messenger.go:270: SENT EST to 5
INFO: 01:44:12.791549 messenger.go:346: RECEIVED EST from 2
INFO: 01:44:12.792827 messenger.go:346: RECEIVED EST from 9
INFO: 01:44:12.795610 messenger.go:346: RECEIVED EST from 3
INFO: 01:44:12.814542 messenger.go:270: SENT EST to 6
INFO: 01:44:12.814730 messenger.go:270: SENT EST to 8
INFO: 01:44:12.815094 messenger.go:270: SENT EST to 1
INFO: 01:44:12.817147 messenger.go:346: RECEIVED EST from 1
INFO: 01:44:12.817959 messenger.go:346: RECEIVED EST from 6
INFO: 01:44:12.818017 messenger.go:270: SENT EST to 9
INFO: 01:44:12.818676 messenger.go:346: RECEIVED EST from 9
INFO: 01:44:12.818705 messenger.go:346: RECEIVED EST from 8
INFO: 01:44:12.820992 messenger.go:346: RECEIVED EST from 4
INFO: 01:44:12.831263 messenger.go:270: SENT EST to 1
INFO: 01:44:12.833377 messenger.go:270: SENT EST to 8
INFO: 01:44:12.834787 messenger.go:270: SENT EST to 4
INFO: 01:44:12.834955 messenger.go:270: SENT EST to 3
INFO: 01:44:12.835816 messenger.go:346: RECEIVED EST from 1
INFO: 01:44:12.836039 messenger.go:270: SENT EST to 6
INFO: 01:44:12.837053 messenger.go:346: RECEIVED EST from 6
INFO: 01:44:12.838066 messenger.go:270: SENT EST to 7
INFO: 01:44:12.838214 messenger.go:270: SENT EST to 9
INFO: 01:44:12.842201 messenger.go:346: RECEIVED EST from 5
INFO: 01:44:12.842560 messenger.go:270: SENT EST to 2
INFO: 01:44:12.842962 messenger.go:346: RECEIVED EST from 2
INFO: 01:44:12.843330 messenger.go:346: RECEIVED EST from 7
INFO: 01:44:12.845310 messenger.go:270: SENT EST to 3
INFO: 01:44:12.845994 messenger.go:270: SENT EST to 5
INFO: 01:44:12.849004 messenger.go:270: SENT EST to 7
INFO: 01:44:12.849918 messenger.go:270: SENT EST to 4
INFO: 01:44:12.849955 messenger.go:346: RECEIVED EST from 3
INFO: 01:44:12.850226 messenger.go:270: SENT EST to 8
INFO: 01:44:12.851057 messenger.go:270: SENT EST to 1
INFO: 01:44:12.852100 messenger.go:270: SENT EST to 1
INFO: 01:44:12.852282 messenger.go:270: SENT EST to 1
INFO: 01:44:12.852739 messenger.go:346: RECEIVED EST from 4
INFO: 01:44:12.853874 messenger.go:346: RECEIVED EST from 8
INFO: 01:44:12.854081 messenger.go:346: RECEIVED EST from 1
INFO: 01:44:12.859605 messenger.go:270: SENT EST to 9
INFO: 01:44:12.859773 messenger.go:270: SENT EST to 6
INFO: 01:44:12.861629 messenger.go:346: RECEIVED EST from 9
INFO: 01:44:12.866188 messenger.go:346: RECEIVED EST from 6
INFO: 01:44:12.879847 messenger.go:346: RECEIVED EST from 5
INFO: 01:44:12.880068 messenger.go:270: SENT EST to 5
INFO: 01:44:12.880117 messenger.go:270: SENT EST to 2
INFO: 01:44:12.880990 messenger.go:346: RECEIVED EST from 7
INFO: 01:44:12.885718 messenger.go:346: RECEIVED EST from 6
INFO: 01:44:12.889182 messenger.go:270: SENT EST to 6
INFO: 01:44:12.889853 messenger.go:346: RECEIVED EST from 9
INFO: 01:44:12.889927 messenger.go:270: SENT EST to 4
INFO: 01:44:12.890045 messenger.go:270: SENT EST to 3
INFO: 01:44:12.890808 messenger.go:346: RECEIVED EST from 1
INFO: 01:44:12.893235 messenger.go:346: RECEIVED EST from 4
INFO: 01:44:12.893846 messenger.go:346: RECEIVED EST from 8
INFO: 01:44:12.894318 messenger.go:346: RECEIVED EST from 3
INFO: 01:44:12.894561 messenger.go:346: RECEIVED EST from 2
INFO: 01:44:12.894621 messenger.go:270: SENT EST to 8
INFO: 01:44:12.898872 messenger.go:346: RECEIVED EST from 6
INFO: 01:44:12.899365 messenger.go:270: SENT EST to 7
INFO: 01:44:12.901225 messenger.go:346: RECEIVED EST from 5
INFO: 01:44:12.901317 messenger.go:270: SENT EST to 5
INFO: 01:44:12.904316 messenger.go:270: SENT EST to 2
INFO: 01:44:12.904408 messenger.go:270: SENT EST to 9
INFO: 01:44:12.904629 messenger.go:346: RECEIVED EST from 7
INFO: 01:44:12.916975 messenger.go:270: SENT EST to 1
INFO: 01:44:12.917415 messenger.go:346: RECEIVED EST from 2
INFO: 01:44:12.921285 messenger.go:270: SENT EST to 8
INFO: 01:44:12.922712 messenger.go:346: RECEIVED EST from 4
INFO: 01:44:12.925059 messenger.go:346: RECEIVED EST from 8
INFO: 01:44:12.932698 messenger.go:346: RECEIVED EST from 5
INFO: 01:44:12.933098 messenger.go:346: RECEIVED EST from 9
INFO: 01:44:12.933242 messenger.go:270: SENT EST to 2
INFO: 01:44:12.934238 messenger.go:346: RECEIVED EST from 1
INFO: 01:44:12.935218 messenger.go:270: SENT EST to 4
INFO: 01:44:12.935278 messenger.go:270: SENT EST to 9
INFO: 01:44:12.936864 messenger.go:270: SENT EST to 1
INFO: 01:44:12.936988 messenger.go:270: SENT EST to 3
INFO: 01:44:12.937951 messenger.go:346: RECEIVED EST from 3
INFO: 01:44:12.938363 messenger.go:346: RECEIVED EST from 2
INFO: 01:44:12.938533 messenger.go:270: SENT EST to 5
INFO: 01:44:12.940129 messenger.go:270: SENT EST to 6
INFO: 01:44:12.942495 messenger.go:346: RECEIVED EST from 6
INFO: 01:44:12.943834 messenger.go:270: SENT EST to 4
INFO: 01:44:12.946071 messenger.go:346: RECEIVED EST from 9
INFO: 01:44:12.946598 messenger.go:270: SENT EST to 2
INFO: 01:44:12.947157 messenger.go:270: SENT EST to 7
INFO: 01:44:12.947400 messenger.go:346: RECEIVED EST from 7
INFO: 01:44:12.953371 messenger.go:270: SENT EST to 6
INFO: 01:44:12.953767 messenger.go:270: SENT EST to 3
INFO: 01:44:12.957884 messenger.go:346: RECEIVED EST from 4
INFO: 01:44:12.968154 messenger.go:270: SENT EST to 8
INFO: 01:44:12.968469 messenger.go:346: RECEIVED EST from 1
INFO: 01:44:12.968549 messenger.go:270: SENT EST to 9
INFO: 01:44:12.968641 messenger.go:346: RECEIVED EST from 8
INFO: 01:44:12.969521 messenger.go:346: RECEIVED EST from 6
INFO: 01:44:12.969586 messenger.go:270: SENT EST to 4
INFO: 01:44:12.970787 messenger.go:346: RECEIVED EST from 3
INFO: 01:44:12.973089 messenger.go:270: SENT EST to 3
INFO: 01:44:12.983425 messenger.go:270: SENT EST to 5
INFO: 01:44:12.983888 messenger.go:270: SENT EST to 6
INFO: 01:44:12.986631 messenger.go:270: SENT EST to 5
INFO: 01:44:12.987366 messenger.go:346: RECEIVED EST from 5
INFO: 01:44:12.994908 messenger.go:270: SENT EST to 1
INFO: 01:44:12.995130 messenger.go:270: SENT EST to 7
INFO: 01:44:12.995329 messenger.go:346: RECEIVED EST from 7
INFO: 01:44:13.001421 messenger.go:270: SENT EST to 1
INFO: 01:44:13.002496 messenger.go:270: SENT EST to 7
INFO: 01:44:13.003257 messenger.go:270: SENT EST to 8
INFO: 01:44:13.004569 messenger.go:270: SENT EST to 2
INFO: 01:44:13.006697 messenger.go:346: RECEIVED EST from 9
INFO: 01:44:13.008977 messenger.go:270: SENT EST to 6
INFO: 01:44:13.009550 messenger.go:346: RECEIVED EST from 4
INFO: 01:44:13.012924 messenger.go:270: SENT EST to 4
INFO: 01:44:13.013912 messenger.go:270: SENT EST to 3
INFO: 01:44:13.016843 messenger.go:270: SENT EST to 2
INFO: 01:44:13.016920 messenger.go:270: SENT EST to 8
INFO: 01:44:13.017070 messenger.go:346: RECEIVED EST from 8
INFO: 01:44:13.018234 messenger.go:346: RECEIVED EST from 2
INFO: 01:44:13.020656 messenger.go:270: SENT EST to 3
INFO: 01:44:13.021382 messenger.go:270: SENT EST to 4
INFO: 01:44:13.023542 messenger.go:270: SENT EST to 5
INFO: 01:44:13.024640 messenger.go:270: SENT EST to 6
INFO: 01:44:13.026913 messenger.go:270: SENT EST to 9
INFO: 01:44:13.031546 messenger.go:270: SENT EST to 5
INFO: 01:44:13.031624 messenger.go:270: SENT EST to 2
INFO: 01:44:13.033381 messenger.go:346: RECEIVED EST from 1
INFO: 01:44:13.033579 messenger.go:270: SENT EST to 7
INFO: 01:44:13.034572 messenger.go:270: SENT EST to 6
INFO: 01:44:13.034730 messenger.go:346: RECEIVED EST from 3
INFO: 01:44:13.034973 messenger.go:346: RECEIVED EST from 6
INFO: 01:44:13.035319 messenger.go:270: SENT EST to 1
INFO: 01:44:13.036802 messenger.go:270: SENT EST to 4
INFO: 01:44:13.036903 messenger.go:270: SENT EST to 8
INFO: 01:44:13.037142 messenger.go:270: SENT EST to 3
INFO: 01:44:13.040230 messenger.go:270: SENT EST to 7
INFO: 01:44:13.040936 messenger.go:270: SENT EST to 7
INFO: 01:44:13.041955 messenger.go:270: SENT EST to 8
INFO: 01:44:13.043760 messenger.go:270: SENT EST to 2
INFO: 01:44:13.051011 messenger.go:346: RECEIVED EST from 7
INFO: 01:44:13.051135 messenger.go:270: SENT EST to 5
INFO: 01:44:13.054124 messenger.go:346: RECEIVED EST from 4
INFO: 01:44:13.056307 messenger.go:346: RECEIVED EST from 9
INFO: 01:44:13.057495 messenger.go:346: RECEIVED EST from 8
INFO: 01:44:13.062842 messenger.go:346: RECEIVED EST from 5
INFO: 01:44:13.063925 messenger.go:270: SENT EST to 9
INFO: 01:44:13.068304 messenger.go:346: RECEIVED EST from 2
INFO: 01:44:13.073192 messenger.go:346: RECEIVED EST from 1
INFO: 01:44:13.073941 messenger.go:346: RECEIVED EST from 3
INFO: 01:44:13.074227 messenger.go:346: RECEIVED EST from 6
INFO: 01:44:13.074592 messenger.go:270: SENT EST to 3
INFO: 01:44:13.075532 messenger.go:270: SENT EST to 1
INFO: 01:44:13.075829 messenger.go:270: SENT EST to 4
INFO: 01:44:13.076082 messenger.go:270: SENT EST to 6
INFO: 01:44:13.077765 messenger.go:270: SENT EST to 7
INFO: 01:44:13.078828 messenger.go:346: RECEIVED EST from 9
INFO: 01:44:13.079184 messenger.go:270: SENT EST to 8
INFO: 01:44:13.083193 messenger.go:270: SENT EST to 5
INFO: 01:44:13.088063 messenger.go:346: RECEIVED EST from 4
INFO: 01:44:13.088616 messenger.go:270: SENT EST to 9
INFO: 01:44:13.088845 messenger.go:346: RECEIVED EST from 8
INFO: 01:44:13.093327 messenger.go:346: RECEIVED EST from 7
INFO: 01:44:13.099402 messenger.go:346: RECEIVED EST from 1
INFO: 01:44:13.099686 messenger.go:346: RECEIVED EST from 5
INFO: 01:44:13.099737 messenger.go:270: SENT EST to 1
INFO: 01:44:13.100600 messenger.go:346: RECEIVED EST from 6
INFO: 01:44:13.101001 messenger.go:270: SENT EST to 2
INFO: 01:44:13.108818 messenger.go:270: SENT EST to 3
INFO: 01:44:13.114535 messenger.go:270: SENT EST to 4
INFO: 01:44:13.114776 messenger.go:346: RECEIVED EST from 3
INFO: 01:44:13.117329 messenger.go:270: SENT EST to 8
INFO: 01:44:13.117530 messenger.go:346: RECEIVED EST from 8
INFO: 01:44:13.117664 messenger.go:270: SENT EST to 5
INFO: 01:44:13.122958 messenger.go:270: SENT EST to 6
INFO: 01:44:13.124272 messenger.go:270: SENT EST to 7
INFO: 01:44:13.124580 messenger.go:346: RECEIVED EST from 2
INFO: 01:44:13.124851 messenger.go:346: RECEIVED EST from 7
INFO: 01:44:13.129760 messenger.go:346: RECEIVED EST from 9
INFO: 01:44:13.130039 messenger.go:346: RECEIVED EST from 4
INFO: 01:44:13.130972 messenger.go:270: SENT EST to 9
INFO: 01:44:13.136306 messenger.go:346: RECEIVED EST from 5
INFO: 01:44:13.137932 messenger.go:270: SENT EST to 2
INFO: 01:44:13.138139 messenger.go:346: RECEIVED EST from 6
INFO: 01:44:13.168030 messenger.go:270: SENT EST to 4
INFO: 01:44:13.169405 messenger.go:270: SENT EST to 9
INFO: 01:44:13.174398 messenger.go:346: RECEIVED EST from 8
INFO: 01:44:13.170527 messenger.go:346: RECEIVED EST from 1
INFO: 01:44:13.200418 messenger.go:270: SENT EST to 1
INFO: 01:44:13.200509 messenger.go:270: SENT EST to 8
INFO: 01:44:13.200424 messenger.go:270: SENT EST to 5
INFO: 01:44:13.200620 messenger.go:270: SENT EST to 2
INFO: 01:44:13.200681 messenger.go:270: SENT EST to 7
INFO: 01:44:13.203014 messenger.go:270: SENT EST to 3
INFO: 01:44:13.207374 messenger.go:346: RECEIVED EST from 4
INFO: 01:44:13.207537 messenger.go:346: RECEIVED EST from 5
INFO: 01:44:13.207709 messenger.go:346: RECEIVED EST from 3
INFO: 01:44:13.207830 messenger.go:346: RECEIVED EST from 2
INFO: 01:44:13.207961 messenger.go:346: RECEIVED EST from 9
INFO: 01:44:13.210160 messenger.go:270: SENT EST to 1
INFO: 01:44:13.211048 messenger.go:346: RECEIVED EST from 7
INFO: 01:44:13.211199 messenger.go:346: RECEIVED EST from 1
INFO: 01:44:13.214469 messenger.go:270: SENT EST to 3
INFO: 01:44:13.214618 messenger.go:270: SENT EST to 5
INFO: 01:44:13.223931 messenger.go:270: SENT EST to 2
INFO: 01:44:13.226126 messenger.go:346: RECEIVED EST from 3
INFO: 01:44:13.226495 messenger.go:270: SENT EST to 6
INFO: 01:44:13.226715 messenger.go:346: RECEIVED EST from 4
INFO: 01:44:13.227098 messenger.go:346: RECEIVED EST from 8
INFO: 01:44:13.227247 messenger.go:346: RECEIVED EST from 2
INFO: 01:44:13.227768 messenger.go:346: RECEIVED EST from 5
INFO: 01:44:13.228101 messenger.go:346: RECEIVED EST from 6
INFO: 01:44:13.250545 messenger.go:346: RECEIVED EST from 1
INFO: 01:44:13.251514 messenger.go:270: SENT EST to 9
INFO: 01:44:13.252770 messenger.go:346: RECEIVED EST from 7
INFO: 01:44:13.255561 messenger.go:270: SENT EST to 6
INFO: 01:44:13.256226 messenger.go:346: RECEIVED EST from 2
INFO: 01:44:13.256290 messenger.go:270: SENT EST to 4
INFO: 01:44:13.256841 messenger.go:270: SENT EST to 7
INFO: 01:44:13.257460 messenger.go:346: RECEIVED EST from 5
INFO: 01:44:13.262991 messenger.go:346: RECEIVED EST from 3
INFO: 01:44:13.263944 messenger.go:346: RECEIVED EST from 8
INFO: 01:44:13.270525 messenger.go:346: RECEIVED EST from 7
INFO: 01:44:13.270672 messenger.go:346: RECEIVED EST from 9
INFO: 01:44:13.270675 messenger.go:270: SENT EST to 8
INFO: 01:44:13.271079 messenger.go:346: RECEIVED EST from 1
INFO: 01:44:13.271197 messenger.go:270: SENT EST to 7
INFO: 01:44:13.271229 messenger.go:270: SENT EST to 1
INFO: 01:44:13.282300 messenger.go:346: RECEIVED EST from 6
INFO: 01:44:13.287220 messenger.go:270: SENT EST to 6
INFO: 01:44:13.287360 messenger.go:270: SENT EST to 2
INFO: 01:44:13.288047 messenger.go:270: SENT EST to 4
INFO: 01:44:13.288275 messenger.go:346: RECEIVED EST from 2
INFO: 01:44:13.289017 messenger.go:346: RECEIVED EST from 3
INFO: 01:44:13.289246 messenger.go:346: RECEIVED EST from 4
INFO: 01:44:13.289270 messenger.go:270: SENT EST to 3
INFO: 01:44:13.289458 messenger.go:346: RECEIVED EST from 5
INFO: 01:44:13.296818 messenger.go:346: RECEIVED EST from 7
INFO: 01:44:13.297829 messenger.go:346: RECEIVED EST from 9
INFO: 01:44:13.297994 messenger.go:346: RECEIVED EST from 1
INFO: 01:44:13.298247 messenger.go:270: SENT EST to 8
INFO: 01:44:13.298551 messenger.go:270: SENT EST to 9
INFO: 01:44:13.299049 messenger.go:346: RECEIVED EST from 3
INFO: 01:44:13.301831 messenger.go:346: RECEIVED EST from 8
INFO: 01:44:13.301887 messenger.go:270: SENT EST to 5
INFO: 01:44:13.322827 messenger.go:346: RECEIVED EST from 7
INFO: 01:44:13.323971 messenger.go:346: RECEIVED EST from 1
INFO: 01:44:13.324849 messenger.go:346: RECEIVED EST from 6
INFO: 01:44:13.325077 messenger.go:346: RECEIVED EST from 2
INFO: 01:44:13.325580 messenger.go:270: SENT EST to 1
INFO: 01:44:13.325639 messenger.go:270: SENT EST to 6
INFO: 01:44:13.325683 messenger.go:270: SENT EST to 7
INFO: 01:44:13.326095 messenger.go:346: RECEIVED EST from 4
INFO: 01:44:13.326516 messenger.go:346: RECEIVED EST from 5
INFO: 01:44:13.326775 messenger.go:346: RECEIVED EST from 3
INFO: 01:44:13.326815 messenger.go:270: SENT EST to 5
INFO: 01:44:13.327008 messenger.go:270: SENT EST to 4
INFO: 01:44:13.329460 messenger.go:346: RECEIVED EST from 8
INFO: 01:44:13.329532 messenger.go:270: SENT EST to 8
INFO: 01:44:13.330950 messenger.go:346: RECEIVED EST from 7
INFO: 01:44:13.331780 messenger.go:346: RECEIVED EST from 1
INFO: 01:44:13.331848 messenger.go:270: SENT EST to 9
INFO: 01:44:13.332044 messenger.go:346: RECEIVED EST from 8
INFO: 01:44:13.333157 messenger.go:346: RECEIVED EST from 9
INFO: 01:44:13.336177 messenger.go:346: RECEIVED EST from 5
INFO: 01:44:13.367683 messenger.go:270: SENT EST to 2
INFO: 01:44:13.368532 messenger.go:346: RECEIVED EST from 7
INFO: 01:44:13.368794 messenger.go:270: SENT EST to 9
INFO: 01:44:13.370369 messenger.go:270: SENT EST to 3
INFO: 01:44:13.371379 messenger.go:346: RECEIVED EST from 1
INFO: 01:44:13.371781 messenger.go:346: RECEIVED EST from 6
INFO: 01:44:13.372325 messenger.go:270: SENT EST to 8
INFO: 01:44:13.372835 messenger.go:270: SENT EST to 1
INFO: 01:44:13.373817 messenger.go:346: RECEIVED EST from 9
INFO: 01:44:13.374219 messenger.go:346: RECEIVED EST from 8
INFO: 01:44:13.375103 messenger.go:346: RECEIVED EST from 2
INFO: 01:44:13.376125 messenger.go:346: RECEIVED EST from 5
INFO: 01:44:13.376583 messenger.go:346: RECEIVED EST from 4
INFO: 01:44:13.379225 messenger.go:346: RECEIVED EST from 3
INFO: 01:44:13.381350 messenger.go:270: SENT EST to 5
INFO: 01:44:13.383126 messenger.go:346: RECEIVED EST from 5
INFO: 01:44:13.384516 messenger.go:346: RECEIVED EST from 5
INFO: 01:44:13.384928 messenger.go:270: SENT EST to 1
INFO: 01:44:13.390382 messenger.go:346: RECEIVED EST from 7
INFO: 01:44:13.390453 messenger.go:270: SENT EST to 7
INFO: 01:44:13.398346 messenger.go:346: RECEIVED EST from 4
INFO: 01:44:13.398947 messenger.go:270: SENT EST to 2
INFO: 01:44:13.400098 messenger.go:346: RECEIVED EST from 2
INFO: 01:44:13.400286 messenger.go:346: RECEIVED EST from 7
INFO: 01:44:13.422415 messenger.go:346: RECEIVED EST from 1
INFO: 01:44:13.427796 messenger.go:346: RECEIVED EST from 3
INFO: 01:44:13.431370 messenger.go:270: SENT EST to 3
INFO: 01:44:13.434350 messenger.go:346: RECEIVED EST from 6
INFO: 01:44:13.438561 messenger.go:346: RECEIVED EST from 8
INFO: 01:44:13.439531 messenger.go:346: RECEIVED EST from 3
INFO: 01:44:13.441494 messenger.go:270: SENT EST to 3
INFO: 01:44:13.443750 messenger.go:270: SENT EST to 6
INFO: 01:44:13.451403 messenger.go:270: SENT EST to 4
INFO: 01:44:13.453460 messenger.go:270: SENT EST to 5
INFO: 01:44:13.453963 messenger.go:270: SENT EST to 2
INFO: 01:44:13.454116 messenger.go:270: SENT EST to 9
INFO: 01:44:13.456219 messenger.go:270: SENT EST to 8
INFO: 01:44:13.462313 messenger.go:346: RECEIVED EST from 7
INFO: 01:44:13.467448 messenger.go:270: SENT EST to 3
INFO: 01:44:13.468183 messenger.go:346: RECEIVED EST from 9
INFO: 01:44:13.468618 messenger.go:270: SENT EST to 1
INFO: 01:44:13.470704 messenger.go:346: RECEIVED EST from 2
INFO: 01:44:13.474116 messenger.go:270: SENT EST to 2
INFO: 01:44:13.476521 messenger.go:346: RECEIVED EST from 5
INFO: 01:44:13.488881 messenger.go:346: RECEIVED EST from 1
INFO: 01:44:13.490300 messenger.go:346: RECEIVED EST from 6
INFO: 01:44:13.490304 messenger.go:270: SENT EST to 6
INFO: 01:44:13.492201 messenger.go:346: RECEIVED EST from 3
INFO: 01:44:13.494488 messenger.go:346: RECEIVED EST from 4
INFO: 01:44:13.490305 messenger.go:270: SENT EST to 7
INFO: 01:44:13.498100 messenger.go:270: SENT EST to 4
INFO: 01:44:13.498630 messenger.go:270: SENT EST to 8
INFO: 01:44:13.505891 messenger.go:270: SENT EST to 5
INFO: 01:44:13.506988 messenger.go:346: RECEIVED EST from 4
INFO: 01:44:13.507226 messenger.go:346: RECEIVED EST from 8
INFO: 01:44:13.513687 messenger.go:270: SENT EST to 4
INFO: 01:44:13.515120 messenger.go:270: SENT EST to 9
INFO: 01:44:13.515932 messenger.go:270: SENT EST to 9
INFO: 01:44:13.518267 messenger.go:346: RECEIVED EST from 6
INFO: 01:44:13.518377 messenger.go:270: SENT EST to 5
INFO: 01:44:13.518440 messenger.go:346: RECEIVED EST from 9
INFO: 01:44:13.519449 messenger.go:270: SENT EST to 1
INFO: 01:44:13.520383 messenger.go:270: SENT EST to 3
INFO: 01:44:13.520595 messenger.go:270: SENT EST to 1
INFO: 01:44:13.523600 messenger.go:346: RECEIVED EST from 5
INFO: 01:44:13.524363 messenger.go:346: RECEIVED EST from 1
INFO: 01:44:13.524702 messenger.go:270: SENT EST to 4
INFO: 01:44:13.525095 messenger.go:270: SENT EST to 9
INFO: 01:44:13.529002 messenger.go:346: RECEIVED EST from 7
INFO: 01:44:13.530833 messenger.go:346: RECEIVED EST from 1
INFO: 01:44:13.532297 messenger.go:270: SENT EST to 6
INFO: 01:44:13.534199 messenger.go:346: RECEIVED EST from 3
INFO: 01:44:13.537850 messenger.go:346: RECEIVED EST from 2
INFO: 01:44:13.538682 messenger.go:346: RECEIVED EST from 4
INFO: 01:44:13.546298 messenger.go:346: RECEIVED EST from 5
INFO: 01:44:13.549546 messenger.go:346: RECEIVED EST from 9
INFO: 01:44:13.551195 messenger.go:346: RECEIVED EST from 8
INFO: 01:44:13.552554 messenger.go:270: SENT EST to 2
INFO: 01:44:13.552593 messenger.go:270: SENT EST to 7
INFO: 01:44:13.557834 messenger.go:346: RECEIVED EST from 3
INFO: 01:44:13.558032 messenger.go:346: RECEIVED EST from 1
INFO: 01:44:13.558035 messenger.go:270: SENT EST to 5
INFO: 01:44:13.559013 messenger.go:270: SENT EST to 4
INFO: 01:44:13.559067 messenger.go:270: SENT EST to 9
INFO: 01:44:13.559095 messenger.go:270: SENT EST to 1
INFO: 01:44:13.559118 messenger.go:270: SENT EST to 3
INFO: 01:44:13.559123 messenger.go:270: SENT EST to 8
INFO: 01:44:13.561947 messenger.go:270: SENT EST to 6
INFO: 01:44:13.563142 messenger.go:346: RECEIVED EST from 6
INFO: 01:44:13.564952 messenger.go:270: SENT EST to 2
INFO: 01:44:13.566350 messenger.go:270: SENT EST to 5
INFO: 01:44:13.566814 messenger.go:270: SENT EST to 3
INFO: 01:44:13.567319 messenger.go:270: SENT EST to 4
INFO: 01:44:13.570838 messenger.go:346: RECEIVED EST from 7
INFO: 01:44:13.571751 messenger.go:346: RECEIVED EST from 9
