INFO: 01:30:57.331922 main.go:29: ID:0 | N:4 | F:1 | Clients:1 | Scenario:NORMAL | Remote:false

INFO: 01:30:57.334189 messenger.go:90: Receive from Server 1 on tcp://*:4001
INFO: 01:30:57.337979 messenger.go:107: Send to Server 1 on tcp://localhost:4100
INFO: 01:30:57.338741 messenger.go:90: Receive from Server 2 on tcp://*:4002
INFO: 01:30:57.340108 messenger.go:107: Send to Server 2 on tcp://localhost:4200
INFO: 01:30:57.340220 messenger.go:90: Receive from Server 3 on tcp://*:4003
INFO: 01:30:57.340899 messenger.go:107: Send to Server 3 on tcp://localhost:4300
INFO: 01:30:57.340995 messenger.go:113: -----------------------------------------
INFO: 01:30:57.341070 messenger.go:135: Requests from Client 0 on tcp://*:7000
INFO: 01:30:57.341292 messenger.go:152: Response to Client 0 on tcp://*:10000
INFO: 01:30:57.341358 messenger.go:155: -----------------------------------------

INFO: 01:30:57.351051 main.go:83: Initial estimate value:  0
INFO: 01:30:57.353301 self-stabilizing-binary-consensus.go:78: Round:1
INFO: 01:30:57.356761 self-stabilizing-binary-consensus.go:118: binValues(1,3)={} w=-1
INFO: 01:30:57.356801 self-stabilizing-binary-consensus.go:129: binValues(1,2)={} w=-1
INFO: 01:30:57.357902 self-stabilizing-binary-consensus.go:413: RECEIVE j=2 flag=1 r=1 est={1} aux={}
INFO: 01:30:57.357984 self-stabilizing-binary-consensus.go:430: est[1][2]={1} aux[1][2]={}
INFO: 01:30:57.361259 self-stabilizing-binary-consensus.go:437: SEND flag=0 r=1 est={0} aux={}
INFO: 01:30:57.368619 self-stabilizing-binary-consensus.go:413: RECEIVE j=3 flag=0 r=1 est={1} aux={}
INFO: 01:30:57.368728 self-stabilizing-binary-consensus.go:430: est[1][3]={1} aux[1][3]={}
INFO: 01:30:57.369308 self-stabilizing-binary-consensus.go:413: RECEIVE j=2 flag=0 r=1 est={1} aux={}
INFO: 01:30:57.369393 self-stabilizing-binary-consensus.go:430: est[1][2]={1} aux[1][2]={}
INFO: 01:30:57.369827 self-stabilizing-binary-consensus.go:413: RECEIVE j=3 flag=1 r=1 est={1} aux={}
INFO: 01:30:57.369856 self-stabilizing-binary-consensus.go:430: est[1][3]={1} aux[1][3]={}
INFO: 01:30:57.508349 self-stabilizing-binary-consensus.go:133: SEND flag=1 r=1 est={0} aux={}
INFO: 01:30:57.513469 self-stabilizing-binary-consensus.go:437: SEND flag=0 r=1 est={0} aux={}
INFO: 01:30:57.513926 self-stabilizing-binary-consensus.go:413: RECEIVE j=1 flag=1 r=1 est={0} aux={}
INFO: 01:30:57.513946 self-stabilizing-binary-consensus.go:430: est[1][1]={0} aux[1][1]={}
INFO: 01:30:57.527195 self-stabilizing-binary-consensus.go:437: SEND flag=0 r=1 est={0} aux={}
INFO: 01:30:57.527317 self-stabilizing-binary-consensus.go:413: RECEIVE j=1 flag=0 r=1 est={0} aux={}
INFO: 01:30:57.527457 self-stabilizing-binary-consensus.go:430: est[1][1]={0} aux[1][1]={}
INFO: 01:30:57.527593 self-stabilizing-binary-consensus.go:413: RECEIVE j=3 flag=0 r=1 est={1} aux={}
INFO: 01:30:57.527659 self-stabilizing-binary-consensus.go:430: est[1][3]={1} aux[1][3]={}
INFO: 01:30:57.527682 self-stabilizing-binary-consensus.go:413: RECEIVE j=1 flag=0 r=1 est={0} aux={}
INFO: 01:30:57.527699 self-stabilizing-binary-consensus.go:430: est[1][1]={0} aux[1][1]={}
INFO: 01:30:57.529101 self-stabilizing-binary-consensus.go:413: RECEIVE j=2 flag=0 r=1 est={1} aux={}
INFO: 01:30:57.529187 self-stabilizing-binary-consensus.go:430: est[1][2]={1} aux[1][2]={}
INFO: 01:30:57.529463 self-stabilizing-binary-consensus.go:413: RECEIVE j=3 flag=0 r=1 est={1} aux={}
INFO: 01:30:57.529496 self-stabilizing-binary-consensus.go:430: est[1][3]={1} aux[1][3]={}
INFO: 01:30:57.530235 self-stabilizing-binary-consensus.go:413: RECEIVE j=1 flag=0 r=1 est={0} aux={}
INFO: 01:30:57.530302 self-stabilizing-binary-consensus.go:430: est[1][1]={0} aux[1][1]={}
INFO: 01:30:57.532059 self-stabilizing-binary-consensus.go:413: RECEIVE j=2 flag=0 r=1 est={1} aux={}
INFO: 01:30:57.532198 self-stabilizing-binary-consensus.go:430: est[1][2]={1} aux[1][2]={}
INFO: 01:31:05.362689 self-stabilizing-binary-consensus.go:413: RECEIVE j=3 flag=1 r=1 est={0 1} aux={}
INFO: 01:31:05.362808 self-stabilizing-binary-consensus.go:430: est[1][3]={0 1} aux[1][3]={}
INFO: 01:31:05.391295 self-stabilizing-binary-consensus.go:437: SEND flag=0 r=1 est={0} aux={}
INFO: 01:31:05.393231 self-stabilizing-binary-consensus.go:413: RECEIVE j=2 flag=1 r=1 est={0 1} aux={}
INFO: 01:31:05.393251 self-stabilizing-binary-consensus.go:430: est[1][2]={0 1} aux[1][2]={}
INFO: 01:31:05.401843 self-stabilizing-binary-consensus.go:437: SEND flag=0 r=1 est={0} aux={}
INFO: 01:31:05.401971 self-stabilizing-binary-consensus.go:413: RECEIVE j=2 flag=0 r=1 est={1} aux={}
INFO: 01:31:05.402013 self-stabilizing-binary-consensus.go:430: est[1][2]={0 1} aux[1][2]={}
INFO: 01:31:05.402050 self-stabilizing-binary-consensus.go:413: RECEIVE j=1 flag=1 r=1 est={0 1} aux={}
INFO: 01:31:05.402084 self-stabilizing-binary-consensus.go:430: est[1][1]={0 1} aux[1][1]={}
INFO: 01:31:05.409399 self-stabilizing-binary-consensus.go:437: SEND flag=0 r=1 est={0} aux={}
INFO: 01:31:05.410023 self-stabilizing-binary-consensus.go:413: RECEIVE j=2 flag=0 r=1 est={1} aux={}
INFO: 01:31:05.410067 self-stabilizing-binary-consensus.go:430: est[1][2]={0 1} aux[1][2]={}
INFO: 01:31:05.410173 self-stabilizing-binary-consensus.go:413: RECEIVE j=1 flag=0 r=1 est={0} aux={}
INFO: 01:31:05.410193 self-stabilizing-binary-consensus.go:430: est[1][1]={0 1} aux[1][1]={}
INFO: 01:31:05.411470 self-stabilizing-binary-consensus.go:413: RECEIVE j=3 flag=0 r=1 est={1} aux={}
INFO: 01:31:05.411478 self-stabilizing-binary-consensus.go:430: est[1][3]={0 1} aux[1][3]={}
INFO: 01:31:05.411484 self-stabilizing-binary-consensus.go:413: RECEIVE j=1 flag=0 r=1 est={0} aux={}
INFO: 01:31:05.411489 self-stabilizing-binary-consensus.go:430: est[1][1]={0 1} aux[1][1]={}
INFO: 01:31:05.411507 self-stabilizing-binary-consensus.go:413: RECEIVE j=3 flag=0 r=1 est={1} aux={}
INFO: 01:31:05.411514 self-stabilizing-binary-consensus.go:430: est[1][3]={0 1} aux[1][3]={}
INFO: 01:31:05.510219 self-stabilizing-binary-consensus.go:118: binValues(1,3)={0 1} w=0
INFO: 01:31:05.510321 self-stabilizing-binary-consensus.go:123: aux[1][0]=0
INFO: 01:31:05.510342 self-stabilizing-binary-consensus.go:129: binValues(1,2)={0 1} w=0
INFO: 01:31:05.514552 self-stabilizing-binary-consensus.go:133: SEND flag=1 r=1 est={0 1} aux={0}
INFO: 01:31:05.526759 self-stabilizing-binary-consensus.go:413: RECEIVE j=3 flag=0 r=1 est={1} aux={}
INFO: 01:31:05.527463 self-stabilizing-binary-consensus.go:430: est[1][3]={0 1} aux[1][3]={}
INFO: 01:31:05.527535 self-stabilizing-binary-consensus.go:413: RECEIVE j=1 flag=0 r=1 est={0} aux={}
INFO: 01:31:05.527556 self-stabilizing-binary-consensus.go:430: est[1][1]={0 1} aux[1][1]={}
INFO: 01:31:05.531237 self-stabilizing-binary-consensus.go:413: RECEIVE j=2 flag=0 r=1 est={1} aux={}
INFO: 01:31:05.531306 self-stabilizing-binary-consensus.go:430: est[1][2]={0 1} aux[1][2]={}
