INFO: 20:00:30.833841 main.go:29: ID:0 | N:4 | F:1 | Clients:1 | Scenario:NORMAL | Remote:false

INFO: 20:00:30.835533 messenger.go:90: Receive from Server 1 on tcp://*:4001
INFO: 20:00:30.835775 messenger.go:107: Send to Server 1 on tcp://localhost:4100
INFO: 20:00:30.835862 messenger.go:90: Receive from Server 2 on tcp://*:4002
INFO: 20:00:30.835927 messenger.go:107: Send to Server 2 on tcp://localhost:4200
INFO: 20:00:30.836015 messenger.go:90: Receive from Server 3 on tcp://*:4003
INFO: 20:00:30.836089 messenger.go:107: Send to Server 3 on tcp://localhost:4300
INFO: 20:00:30.836127 messenger.go:113: -----------------------------------------
INFO: 20:00:30.836199 messenger.go:135: Requests from Client 0 on tcp://*:7000
INFO: 20:00:30.836268 messenger.go:152: Response to Client 0 on tcp://*:10000
INFO: 20:00:30.836316 messenger.go:155: -----------------------------------------

INFO: 20:00:30.836455 main.go:83: Initial estimate value:  0
INFO: 20:00:30.836528 self-stabilizing-binary-consensus.go:93: round=1 repeat=1
INFO: 20:00:30.836571 self-stabilizing-binary-consensus.go:200: binValues(1,3)={}
INFO: 20:00:30.836608 self-stabilizing-binary-consensus.go:200: binValues(1,2)={}
INFO: 20:00:30.839094 self-stabilizing-binary-consensus.go:141: SEND flag=1 r=1 est={0} aux={}
INFO: 20:00:30.851464 self-stabilizing-binary-consensus.go:433: RECEIVE j=2 flag=1 r=1 est={0} aux={}
INFO: 20:00:30.851511 self-stabilizing-binary-consensus.go:435: est[1][2]={0} aux[1][2]={}
INFO: 20:00:31.020020 self-stabilizing-binary-consensus.go:443: SEND flag=0 r=1 est={0} aux={}
INFO: 20:00:31.023557 self-stabilizing-binary-consensus.go:433: RECEIVE j=2 flag=0 r=1 est={0} aux={}
INFO: 20:00:31.023668 self-stabilizing-binary-consensus.go:435: est[1][2]={0} aux[1][2]={}
INFO: 20:00:31.023696 self-stabilizing-binary-consensus.go:433: RECEIVE j=3 flag=0 r=1 est={0} aux={}
INFO: 20:00:31.023709 self-stabilizing-binary-consensus.go:435: est[1][3]={0} aux[1][3]={}
INFO: 20:00:31.023724 self-stabilizing-binary-consensus.go:433: RECEIVE j=3 flag=1 r=1 est={0} aux={}
INFO: 20:00:31.023823 self-stabilizing-binary-consensus.go:435: est[1][3]={0} aux[1][3]={}
INFO: 20:00:31.033278 self-stabilizing-binary-consensus.go:443: SEND flag=0 r=1 est={0} aux={}
INFO: 20:00:31.033367 self-stabilizing-binary-consensus.go:433: RECEIVE j=1 flag=1 r=1 est={0} aux={}
INFO: 20:00:31.033384 self-stabilizing-binary-consensus.go:435: est[1][1]={0} aux[1][1]={}
INFO: 20:00:31.046484 self-stabilizing-binary-consensus.go:443: SEND flag=0 r=1 est={0} aux={}
INFO: 20:00:31.046594 self-stabilizing-binary-consensus.go:433: RECEIVE j=2 flag=0 r=1 est={0} aux={}
INFO: 20:00:31.046635 self-stabilizing-binary-consensus.go:435: est[1][2]={0} aux[1][2]={}
INFO: 20:00:31.048446 self-stabilizing-binary-consensus.go:433: RECEIVE j=1 flag=0 r=1 est={0} aux={}
INFO: 20:00:31.048486 self-stabilizing-binary-consensus.go:435: est[1][1]={0} aux[1][1]={}
INFO: 20:00:31.048928 self-stabilizing-binary-consensus.go:433: RECEIVE j=2 flag=0 r=1 est={0} aux={}
INFO: 20:00:31.048958 self-stabilizing-binary-consensus.go:435: est[1][2]={0} aux[1][2]={}
INFO: 20:00:31.049828 self-stabilizing-binary-consensus.go:433: RECEIVE j=3 flag=0 r=1 est={0} aux={}
INFO: 20:00:31.049869 self-stabilizing-binary-consensus.go:435: est[1][3]={0} aux[1][3]={}
INFO: 20:00:31.050717 self-stabilizing-binary-consensus.go:433: RECEIVE j=1 flag=0 r=1 est={0} aux={}
INFO: 20:00:31.051345 self-stabilizing-binary-consensus.go:435: est[1][1]={0} aux[1][1]={}
INFO: 20:00:31.058068 self-stabilizing-binary-consensus.go:433: RECEIVE j=1 flag=0 r=1 est={0} aux={}
INFO: 20:00:31.058182 self-stabilizing-binary-consensus.go:435: est[1][1]={0} aux[1][1]={}
INFO: 20:00:31.058495 self-stabilizing-binary-consensus.go:433: RECEIVE j=3 flag=0 r=1 est={0} aux={}
INFO: 20:00:31.058586 self-stabilizing-binary-consensus.go:435: est[1][3]={0} aux[1][3]={}
INFO: 20:00:31.840003 self-stabilizing-binary-consensus.go:200: binValues(1,3)={0}
INFO: 20:00:31.840129 self-stabilizing-binary-consensus.go:227: infoResults()={}
INFO: 20:00:31.840161 self-stabilizing-binary-consensus.go:93: round=1 repeat=2
INFO: 20:00:31.840226 self-stabilizing-binary-consensus.go:200: binValues(1,3)={0}
INFO: 20:00:31.840248 self-stabilizing-binary-consensus.go:132: aux[1][0]=0
INFO: 20:00:31.840270 self-stabilizing-binary-consensus.go:200: binValues(1,2)={0}
INFO: 20:00:31.845196 self-stabilizing-binary-consensus.go:141: SEND flag=1 r=1 est={0} aux={0}
INFO: 20:00:31.848181 self-stabilizing-binary-consensus.go:433: RECEIVE j=1 flag=0 r=1 est={0} aux={}
INFO: 20:00:31.848349 self-stabilizing-binary-consensus.go:435: est[1][1]={0} aux[1][1]={}
INFO: 20:00:31.851352 self-stabilizing-binary-consensus.go:433: RECEIVE j=3 flag=0 r=1 est={0} aux={}
INFO: 20:00:31.851384 self-stabilizing-binary-consensus.go:435: est[1][3]={0} aux[1][3]={}
INFO: 20:00:31.851611 self-stabilizing-binary-consensus.go:433: RECEIVE j=2 flag=0 r=1 est={0} aux={}
INFO: 20:00:31.851662 self-stabilizing-binary-consensus.go:435: est[1][2]={0} aux[1][2]={}
INFO: 20:00:31.852980 self-stabilizing-binary-consensus.go:433: RECEIVE j=2 flag=1 r=1 est={0} aux={0}
INFO: 20:00:31.853178 self-stabilizing-binary-consensus.go:435: est[1][2]={0} aux[1][2]={0}
INFO: 20:00:31.855021 self-stabilizing-binary-consensus.go:443: SEND flag=0 r=1 est={0} aux={0}
INFO: 20:00:31.858809 self-stabilizing-binary-consensus.go:433: RECEIVE j=3 flag=0 r=1 est={0} aux={}
INFO: 20:00:31.858862 self-stabilizing-binary-consensus.go:435: est[1][3]={0} aux[1][3]={}
INFO: 20:00:31.859252 self-stabilizing-binary-consensus.go:433: RECEIVE j=1 flag=0 r=1 est={0} aux={}
INFO: 20:00:31.859376 self-stabilizing-binary-consensus.go:435: est[1][1]={0} aux[1][1]={}
INFO: 20:00:31.860816 self-stabilizing-binary-consensus.go:433: RECEIVE j=3 flag=1 r=1 est={0} aux={0}
INFO: 20:00:31.860842 self-stabilizing-binary-consensus.go:435: est[1][3]={0} aux[1][3]={0}
INFO: 20:00:31.862585 self-stabilizing-binary-consensus.go:443: SEND flag=0 r=1 est={0} aux={0}
INFO: 20:00:31.865293 self-stabilizing-binary-consensus.go:433: RECEIVE j=1 flag=0 r=1 est={0} aux={}
INFO: 20:00:31.865315 self-stabilizing-binary-consensus.go:435: est[1][1]={0} aux[1][1]={}
INFO: 20:00:31.865501 self-stabilizing-binary-consensus.go:433: RECEIVE j=2 flag=0 r=1 est={0} aux={0}
INFO: 20:00:31.865524 self-stabilizing-binary-consensus.go:435: est[1][2]={0} aux[1][2]={0}
INFO: 20:00:32.846145 self-stabilizing-binary-consensus.go:200: binValues(1,3)={0}
INFO: 20:00:32.846277 self-stabilizing-binary-consensus.go:227: infoResults()={}
INFO: 20:00:32.846299 self-stabilizing-binary-consensus.go:93: round=1 repeat=3
INFO: 20:00:32.846307 self-stabilizing-binary-consensus.go:200: binValues(1,3)={0}
INFO: 20:00:32.846313 self-stabilizing-binary-consensus.go:200: binValues(1,2)={0}
INFO: 20:00:32.848520 self-stabilizing-binary-consensus.go:141: SEND flag=1 r=1 est={0} aux={0}
INFO: 20:00:32.852349 self-stabilizing-binary-consensus.go:433: RECEIVE j=3 flag=0 r=1 est={0} aux={0}
INFO: 20:00:32.852388 self-stabilizing-binary-consensus.go:435: est[1][3]={0} aux[1][3]={0}
INFO: 20:00:32.853974 self-stabilizing-binary-consensus.go:433: RECEIVE j=1 flag=0 r=1 est={0} aux={0}
INFO: 20:00:32.853999 self-stabilizing-binary-consensus.go:435: est[1][1]={0} aux[1][1]={0}
INFO: 20:00:32.854531 self-stabilizing-binary-consensus.go:433: RECEIVE j=2 flag=0 r=1 est={0} aux={0}
INFO: 20:00:32.854541 self-stabilizing-binary-consensus.go:435: est[1][2]={0} aux[1][2]={0}
INFO: 20:00:32.857028 self-stabilizing-binary-consensus.go:433: RECEIVE j=2 flag=1 r=1 est={0} aux={0}
INFO: 20:00:32.857057 self-stabilizing-binary-consensus.go:435: est[1][2]={0} aux[1][2]={0}
INFO: 20:00:32.858792 self-stabilizing-binary-consensus.go:443: SEND flag=0 r=1 est={0} aux={0}
INFO: 20:00:32.862210 self-stabilizing-binary-consensus.go:433: RECEIVE j=3 flag=0 r=1 est={0} aux={0}
INFO: 20:00:32.862243 self-stabilizing-binary-consensus.go:435: est[1][3]={0} aux[1][3]={0}
INFO: 20:00:32.862436 self-stabilizing-binary-consensus.go:433: RECEIVE j=1 flag=0 r=1 est={0} aux={0}
INFO: 20:00:32.862468 self-stabilizing-binary-consensus.go:435: est[1][1]={0} aux[1][1]={0}
INFO: 20:00:33.851364 self-stabilizing-binary-consensus.go:200: binValues(1,3)={0}
INFO: 20:00:33.851546 self-stabilizing-binary-consensus.go:227: infoResults()={0}
INFO: 20:00:33.851590 self-stabilizing-binary-consensus.go:200: binValues(1,3)={0}
INFO: 20:00:33.851609 self-stabilizing-binary-consensus.go:227: infoResults()={0}
INFO: 20:00:33.851626 self-stabilizing-binary-consensus.go:258: randomBit(1)=0
INFO: 20:00:33.851647 self-stabilizing-binary-consensus.go:251: decision=0
INFO: 20:00:33.851965 self-stabilizing-binary-consensus.go:200: binValues(11,2)={}
INFO: 20:00:33.852070 self-stabilizing-binary-consensus.go:93: round=11 repeat=1
INFO: 20:00:33.852099 self-stabilizing-binary-consensus.go:200: binValues(11,3)={}
INFO: 20:00:33.852139 self-stabilizing-binary-consensus.go:200: binValues(11,2)={}
INFO: 20:00:33.852262 self-stabilizing-binary-consensus.go:433: RECEIVE j=1 flag=1 r=11 est={0} aux={0}
INFO: 20:00:33.852794 self-stabilizing-binary-consensus.go:435: est[11][1]={0} aux[11][1]={0}
INFO: 20:00:33.855091 self-stabilizing-binary-consensus.go:443: SEND flag=0 r=11 est={0} aux={0}
INFO: 20:00:33.855136 self-stabilizing-binary-consensus.go:433: RECEIVE j=3 flag=1 r=11 est={0} aux={0}
INFO: 20:00:33.855145 self-stabilizing-binary-consensus.go:435: est[11][3]={0} aux[11][3]={0}
INFO: 20:00:35.839651 self-stabilizing-multivalued-consensus.go:18: Successful decide
