INFO: 16:21:34.913866 main.go:29: ID:0 | N:4 | F:1 | Clients:1 | Scenario:NORMAL | Remote:false

INFO: 16:21:34.915981 messenger.go:90: Receive from Server 1 on tcp://*:4001
INFO: 16:21:34.916184 messenger.go:107: Send to Server 1 on tcp://localhost:4100
INFO: 16:21:34.916242 messenger.go:90: Receive from Server 2 on tcp://*:4002
INFO: 16:21:34.916286 messenger.go:107: Send to Server 2 on tcp://localhost:4200
INFO: 16:21:34.916334 messenger.go:90: Receive from Server 3 on tcp://*:4003
INFO: 16:21:34.916386 messenger.go:107: Send to Server 3 on tcp://localhost:4300
INFO: 16:21:34.916405 messenger.go:113: -----------------------------------------
INFO: 16:21:34.916439 messenger.go:135: Requests from Client 0 on tcp://*:7000
INFO: 16:21:34.916486 messenger.go:152: Response to Client 0 on tcp://*:10000
INFO: 16:21:34.916505 messenger.go:155: -----------------------------------------

INFO: 16:21:34.922886 main.go:83: Initial estimate value:  0
INFO: 16:21:34.922951 self-stabilizing-binary-consensus.go:96: round=1 repeat=1
INFO: 16:21:34.922974 self-stabilizing-binary-consensus.go:207: binValues(1,3)={}
INFO: 16:21:34.922993 self-stabilizing-binary-consensus.go:207: binValues(1,2)={}
INFO: 16:21:34.924800 self-stabilizing-binary-consensus.go:144: SEND flag=1 r=1 est={0} aux={}
INFO: 16:21:34.936761 self-stabilizing-binary-consensus.go:442: RECEIVE j=3 flag=1 r=1 est={1} aux={}
INFO: 16:21:34.936935 self-stabilizing-binary-consensus.go:444: est[1][3]={1} aux[1][3]={}
INFO: 16:21:35.090248 self-stabilizing-binary-consensus.go:452: SEND flag=0 r=1 est={0} aux={}
INFO: 16:21:35.090359 self-stabilizing-binary-consensus.go:442: RECEIVE j=2 flag=1 r=1 est={1} aux={}
INFO: 16:21:35.090386 self-stabilizing-binary-consensus.go:444: est[1][2]={1} aux[1][2]={}
INFO: 16:21:35.093225 self-stabilizing-binary-consensus.go:452: SEND flag=0 r=1 est={0} aux={}
INFO: 16:21:35.093350 self-stabilizing-binary-consensus.go:442: RECEIVE j=3 flag=0 r=1 est={1} aux={}
INFO: 16:21:35.093442 self-stabilizing-binary-consensus.go:444: est[1][3]={1} aux[1][3]={}
INFO: 16:21:35.093474 self-stabilizing-binary-consensus.go:442: RECEIVE j=1 flag=1 r=1 est={1} aux={}
INFO: 16:21:35.093493 self-stabilizing-binary-consensus.go:444: est[1][1]={1} aux[1][1]={}
INFO: 16:21:35.098612 self-stabilizing-binary-consensus.go:452: SEND flag=0 r=1 est={0} aux={}
INFO: 16:21:35.098649 self-stabilizing-binary-consensus.go:442: RECEIVE j=2 flag=0 r=1 est={1} aux={}
INFO: 16:21:35.098669 self-stabilizing-binary-consensus.go:444: est[1][2]={1} aux[1][2]={}
INFO: 16:21:35.098688 self-stabilizing-binary-consensus.go:442: RECEIVE j=1 flag=0 r=1 est={1} aux={}
INFO: 16:21:35.098705 self-stabilizing-binary-consensus.go:444: est[1][1]={1} aux[1][1]={}
INFO: 16:21:35.098723 self-stabilizing-binary-consensus.go:442: RECEIVE j=1 flag=0 r=1 est={1} aux={}
INFO: 16:21:35.098740 self-stabilizing-binary-consensus.go:444: est[1][1]={1} aux[1][1]={}
INFO: 16:21:35.098758 self-stabilizing-binary-consensus.go:442: RECEIVE j=1 flag=0 r=1 est={1} aux={}
INFO: 16:21:35.098775 self-stabilizing-binary-consensus.go:444: est[1][1]={1} aux[1][1]={}
INFO: 16:21:35.100261 self-stabilizing-binary-consensus.go:442: RECEIVE j=3 flag=0 r=1 est={1} aux={}
INFO: 16:21:35.100349 self-stabilizing-binary-consensus.go:444: est[1][3]={1} aux[1][3]={}
INFO: 16:21:35.102083 self-stabilizing-binary-consensus.go:442: RECEIVE j=2 flag=0 r=1 est={1} aux={}
INFO: 16:21:35.102120 self-stabilizing-binary-consensus.go:444: est[1][2]={1} aux[1][2]={}
INFO: 16:21:35.103440 self-stabilizing-binary-consensus.go:442: RECEIVE j=2 flag=0 r=1 est={1} aux={}
INFO: 16:21:35.103549 self-stabilizing-binary-consensus.go:444: est[1][2]={1} aux[1][2]={}
INFO: 16:21:35.106518 self-stabilizing-binary-consensus.go:442: RECEIVE j=3 flag=0 r=1 est={1} aux={}
INFO: 16:21:35.106577 self-stabilizing-binary-consensus.go:444: est[1][3]={1} aux[1][3]={}
INFO: 16:21:35.933782 self-stabilizing-binary-consensus.go:207: binValues(1,3)={1}
INFO: 16:21:35.933854 self-stabilizing-binary-consensus.go:232: infoResults()={}
INFO: 16:21:35.933875 self-stabilizing-binary-consensus.go:96: round=1 repeat=2
INFO: 16:21:35.933918 self-stabilizing-binary-consensus.go:207: binValues(1,3)={1}
INFO: 16:21:35.933938 self-stabilizing-binary-consensus.go:135: aux[1][0]=1
INFO: 16:21:35.933958 self-stabilizing-binary-consensus.go:207: binValues(1,2)={1}
INFO: 16:21:35.941192 self-stabilizing-binary-consensus.go:442: RECEIVE j=3 flag=1 r=1 est={1} aux={}
INFO: 16:21:35.941209 self-stabilizing-binary-consensus.go:444: est[1][3]={1} aux[1][3]={}
INFO: 16:21:35.943439 self-stabilizing-binary-consensus.go:452: SEND flag=0 r=1 est={0} aux={1}
INFO: 16:21:35.946983 self-stabilizing-binary-consensus.go:442: RECEIVE j=2 flag=1 r=1 est={1} aux={}
INFO: 16:21:35.948108 self-stabilizing-binary-consensus.go:444: est[1][2]={1} aux[1][2]={}
INFO: 16:21:35.950294 self-stabilizing-binary-consensus.go:452: SEND flag=0 r=1 est={0} aux={1}
INFO: 16:21:35.950332 self-stabilizing-binary-consensus.go:442: RECEIVE j=1 flag=0 r=1 est={1} aux={}
INFO: 16:21:35.950352 self-stabilizing-binary-consensus.go:444: est[1][1]={1} aux[1][1]={}
INFO: 16:21:35.950502 self-stabilizing-binary-consensus.go:442: RECEIVE j=2 flag=0 r=1 est={1} aux={}
INFO: 16:21:35.950530 self-stabilizing-binary-consensus.go:444: est[1][2]={1} aux[1][2]={}
INFO: 16:21:35.951511 self-stabilizing-binary-consensus.go:442: RECEIVE j=1 flag=1 r=1 est={1} aux={}
INFO: 16:21:35.951536 self-stabilizing-binary-consensus.go:444: est[1][1]={1} aux[1][1]={}
INFO: 16:21:35.955641 self-stabilizing-binary-consensus.go:144: SEND flag=1 r=1 est={0 1} aux={1}
INFO: 16:21:35.956878 self-stabilizing-binary-consensus.go:452: SEND flag=0 r=1 est={0} aux={1}
INFO: 16:21:35.956914 self-stabilizing-binary-consensus.go:442: RECEIVE j=1 flag=0 r=1 est={1} aux={}
INFO: 16:21:35.956935 self-stabilizing-binary-consensus.go:444: est[1][1]={1} aux[1][1]={}
INFO: 16:21:35.956954 self-stabilizing-binary-consensus.go:442: RECEIVE j=2 flag=0 r=1 est={1} aux={}
INFO: 16:21:35.956971 self-stabilizing-binary-consensus.go:444: est[1][2]={1} aux[1][2]={}
INFO: 16:21:35.957285 self-stabilizing-binary-consensus.go:442: RECEIVE j=3 flag=0 r=1 est={1} aux={}
INFO: 16:21:35.957341 self-stabilizing-binary-consensus.go:444: est[1][3]={1} aux[1][3]={}
INFO: 16:21:35.957618 self-stabilizing-binary-consensus.go:442: RECEIVE j=1 flag=0 r=1 est={1} aux={}
INFO: 16:21:35.958360 self-stabilizing-binary-consensus.go:444: est[1][1]={1} aux[1][1]={}
INFO: 16:21:35.959456 self-stabilizing-binary-consensus.go:442: RECEIVE j=3 flag=0 r=1 est={1} aux={}
INFO: 16:21:35.959480 self-stabilizing-binary-consensus.go:444: est[1][3]={1} aux[1][3]={}
INFO: 16:21:35.962001 self-stabilizing-binary-consensus.go:442: RECEIVE j=3 flag=0 r=1 est={1} aux={}
INFO: 16:21:35.962027 self-stabilizing-binary-consensus.go:444: est[1][3]={1} aux[1][3]={}
INFO: 16:21:35.962411 self-stabilizing-binary-consensus.go:442: RECEIVE j=2 flag=0 r=1 est={1} aux={}
INFO: 16:21:35.962521 self-stabilizing-binary-consensus.go:444: est[1][2]={1} aux[1][2]={}
INFO: 16:21:36.952144 self-stabilizing-binary-consensus.go:442: RECEIVE j=2 flag=1 r=1 est={1} aux={1}
INFO: 16:21:36.952360 self-stabilizing-binary-consensus.go:444: est[1][2]={1} aux[1][2]={1}
INFO: 16:21:36.956259 self-stabilizing-binary-consensus.go:207: binValues(1,3)={1}
INFO: 16:21:36.956344 self-stabilizing-binary-consensus.go:232: infoResults()={}
INFO: 16:21:36.956364 self-stabilizing-binary-consensus.go:96: round=1 repeat=3
INFO: 16:21:36.956376 self-stabilizing-binary-consensus.go:207: binValues(1,3)={1}
INFO: 16:21:36.956387 self-stabilizing-binary-consensus.go:207: binValues(1,2)={1}
INFO: 16:21:36.959947 self-stabilizing-binary-consensus.go:452: SEND flag=0 r=1 est={0} aux={1}
INFO: 16:21:36.964270 self-stabilizing-binary-consensus.go:442: RECEIVE j=3 flag=1 r=1 est={1} aux={1}
INFO: 16:21:36.964324 self-stabilizing-binary-consensus.go:444: est[1][3]={1} aux[1][3]={1}
INFO: 16:21:36.970847 self-stabilizing-binary-consensus.go:452: SEND flag=0 r=1 est={0} aux={1}
INFO: 16:21:36.975836 self-stabilizing-binary-consensus.go:442: RECEIVE j=1 flag=1 r=1 est={1} aux={1}
INFO: 16:21:36.975858 self-stabilizing-binary-consensus.go:444: est[1][1]={1} aux[1][1]={1}
INFO: 16:21:36.977520 self-stabilizing-binary-consensus.go:144: SEND flag=1 r=1 est={0 1} aux={1}
INFO: 16:21:36.985800 self-stabilizing-binary-consensus.go:452: SEND flag=0 r=1 est={0} aux={1}
INFO: 16:21:36.985902 self-stabilizing-binary-consensus.go:442: RECEIVE j=1 flag=0 r=1 est={1} aux={}
INFO: 16:21:36.987484 self-stabilizing-binary-consensus.go:444: est[1][1]={1} aux[1][1]={}
INFO: 16:21:36.987572 self-stabilizing-binary-consensus.go:442: RECEIVE j=2 flag=0 r=1 est={1} aux={1}
INFO: 16:21:36.987611 self-stabilizing-binary-consensus.go:444: est[1][2]={1} aux[1][2]={1}
INFO: 16:21:36.987833 self-stabilizing-binary-consensus.go:442: RECEIVE j=1 flag=0 r=1 est={1} aux={1}
INFO: 16:21:36.987908 self-stabilizing-binary-consensus.go:444: est[1][1]={1} aux[1][1]={1}
INFO: 16:21:36.987955 self-stabilizing-binary-consensus.go:442: RECEIVE j=2 flag=0 r=1 est={1} aux={1}
INFO: 16:21:36.988209 self-stabilizing-binary-consensus.go:444: est[1][2]={1} aux[1][2]={1}
INFO: 16:21:36.988550 self-stabilizing-binary-consensus.go:442: RECEIVE j=1 flag=0 r=1 est={1} aux={1}
INFO: 16:21:36.988587 self-stabilizing-binary-consensus.go:444: est[1][1]={1} aux[1][1]={1}
INFO: 16:21:36.988658 self-stabilizing-binary-consensus.go:442: RECEIVE j=3 flag=0 r=1 est={1} aux={1}
INFO: 16:21:36.988697 self-stabilizing-binary-consensus.go:444: est[1][3]={1} aux[1][3]={1}
INFO: 16:21:36.988749 self-stabilizing-binary-consensus.go:442: RECEIVE j=3 flag=0 r=1 est={1} aux={1}
INFO: 16:21:36.988785 self-stabilizing-binary-consensus.go:444: est[1][3]={1} aux[1][3]={1}
INFO: 16:21:36.988837 self-stabilizing-binary-consensus.go:442: RECEIVE j=2 flag=0 r=1 est={1} aux={1}
INFO: 16:21:36.988873 self-stabilizing-binary-consensus.go:444: est[1][2]={1} aux[1][2]={1}
INFO: 16:21:36.990756 self-stabilizing-binary-consensus.go:442: RECEIVE j=3 flag=0 r=1 est={1} aux={1}
INFO: 16:21:36.990808 self-stabilizing-binary-consensus.go:444: est[1][3]={1} aux[1][3]={1}
INFO: 16:21:37.981966 self-stabilizing-binary-consensus.go:207: binValues(1,3)={1}
INFO: 16:21:37.982249 self-stabilizing-binary-consensus.go:232: infoResults()={1}
INFO: 16:21:37.982280 self-stabilizing-binary-consensus.go:207: binValues(1,3)={1}
INFO: 16:21:37.982297 self-stabilizing-binary-consensus.go:232: infoResults()={1}
INFO: 16:21:37.982350 self-stabilizing-binary-consensus.go:265: randomBit(1)=1
INFO: 16:21:37.982369 self-stabilizing-binary-consensus.go:258: decision=1
INFO: 16:21:37.982477 self-stabilizing-binary-consensus.go:207: binValues(11,2)={}
INFO: 16:21:38.925777 self-stabilizing-multivalued-consensus.go:18: Successful decide
