INFO: 23:13:07.181649 main.go:29: ID:0 | N:4 | F:1 | Clients:1 | Scenario:NORMAL | Remote:false

INFO: 23:13:07.186059 messenger.go:90: Receive from Server 1 on tcp://*:4001
INFO: 23:13:07.186346 messenger.go:107: Send to Server 1 on tcp://localhost:4100
INFO: 23:13:07.186441 messenger.go:90: Receive from Server 2 on tcp://*:4002
INFO: 23:13:07.186514 messenger.go:107: Send to Server 2 on tcp://localhost:4200
INFO: 23:13:07.186600 messenger.go:90: Receive from Server 3 on tcp://*:4003
INFO: 23:13:07.186661 messenger.go:107: Send to Server 3 on tcp://localhost:4300
INFO: 23:13:07.186699 messenger.go:113: -----------------------------------------
INFO: 23:13:07.186762 messenger.go:135: Requests from Client 0 on tcp://*:7000
INFO: 23:13:07.186830 messenger.go:152: Response to Client 0 on tcp://*:10000
INFO: 23:13:07.186868 messenger.go:155: -----------------------------------------

INFO: 23:13:07.193516 main.go:83: Initial estimate value:  0
INFO: 23:13:07.193542 self-stabilizing-binary-consensus.go:90: round=1 repeat=1
INFO: 23:13:07.193594 self-stabilizing-binary-consensus.go:181: binValues(1,3)={}
INFO: 23:13:07.193602 self-stabilizing-binary-consensus.go:181: binValues(1,2)={}
INFO: 23:13:07.197642 self-stabilizing-binary-consensus.go:138: SEND flag=1 r=1 est={0} aux={}
INFO: 23:13:07.197952 self-stabilizing-binary-consensus.go:407: RECEIVE j=1 flag=1 r=1 est={0} aux={}
INFO: 23:13:07.198020 self-stabilizing-binary-consensus.go:424: est[1][1]={0} aux[1][1]={}
INFO: 23:13:07.357182 self-stabilizing-binary-consensus.go:431: SEND flag=0 r=1 est={0} aux={}
INFO: 23:13:07.357289 self-stabilizing-binary-consensus.go:407: RECEIVE j=3 flag=1 r=1 est={1} aux={}
INFO: 23:13:07.357315 self-stabilizing-binary-consensus.go:424: est[1][3]={1} aux[1][3]={}
INFO: 23:13:07.377769 self-stabilizing-binary-consensus.go:431: SEND flag=0 r=1 est={0} aux={}
INFO: 23:13:07.377911 self-stabilizing-binary-consensus.go:407: RECEIVE j=2 flag=0 r=1 est={1} aux={}
INFO: 23:13:07.378032 self-stabilizing-binary-consensus.go:424: est[1][2]={1} aux[1][2]={}
INFO: 23:13:07.378089 self-stabilizing-binary-consensus.go:407: RECEIVE j=2 flag=0 r=1 est={1} aux={}
INFO: 23:13:07.378174 self-stabilizing-binary-consensus.go:424: est[1][2]={1} aux[1][2]={}
INFO: 23:13:07.378273 self-stabilizing-binary-consensus.go:407: RECEIVE j=2 flag=1 r=1 est={1} aux={}
INFO: 23:13:07.379226 self-stabilizing-binary-consensus.go:424: est[1][2]={1} aux[1][2]={}
INFO: 23:13:07.383744 self-stabilizing-binary-consensus.go:431: SEND flag=0 r=1 est={0} aux={}
INFO: 23:13:07.383820 self-stabilizing-binary-consensus.go:407: RECEIVE j=3 flag=0 r=1 est={1} aux={}
INFO: 23:13:07.383866 self-stabilizing-binary-consensus.go:424: est[1][3]={1} aux[1][3]={}
INFO: 23:13:07.383925 self-stabilizing-binary-consensus.go:407: RECEIVE j=2 flag=0 r=1 est={1} aux={}
INFO: 23:13:07.383980 self-stabilizing-binary-consensus.go:424: est[1][2]={1} aux[1][2]={}
INFO: 23:13:07.384039 self-stabilizing-binary-consensus.go:407: RECEIVE j=3 flag=0 r=1 est={1} aux={}
INFO: 23:13:07.384167 self-stabilizing-binary-consensus.go:424: est[1][3]={1} aux[1][3]={}
INFO: 23:13:07.384216 self-stabilizing-binary-consensus.go:407: RECEIVE j=1 flag=0 r=1 est={0} aux={}
INFO: 23:13:07.384338 self-stabilizing-binary-consensus.go:424: est[1][1]={0} aux[1][1]={}
INFO: 23:13:07.385698 self-stabilizing-binary-consensus.go:407: RECEIVE j=1 flag=0 r=1 est={0} aux={}
INFO: 23:13:07.385758 self-stabilizing-binary-consensus.go:424: est[1][1]={0} aux[1][1]={}
INFO: 23:13:07.385980 self-stabilizing-binary-consensus.go:407: RECEIVE j=3 flag=0 r=1 est={1} aux={}
INFO: 23:13:07.386017 self-stabilizing-binary-consensus.go:424: est[1][3]={1} aux[1][3]={}
INFO: 23:13:07.389149 self-stabilizing-binary-consensus.go:407: RECEIVE j=1 flag=0 r=1 est={0} aux={}
INFO: 23:13:07.389162 self-stabilizing-binary-consensus.go:424: est[1][1]={0} aux[1][1]={}
INFO: 23:13:09.199239 self-stabilizing-binary-consensus.go:181: binValues(1,3)={}
INFO: 23:13:09.199462 self-stabilizing-binary-consensus.go:208: infoResults()={}
INFO: 23:13:09.199585 self-stabilizing-binary-consensus.go:90: round=1 repeat=2
INFO: 23:13:09.199690 self-stabilizing-binary-consensus.go:181: binValues(1,3)={}
INFO: 23:13:09.199756 self-stabilizing-binary-consensus.go:181: binValues(1,2)={1}
INFO: 23:13:09.203791 self-stabilizing-binary-consensus.go:138: SEND flag=1 r=1 est={0 1} aux={}
INFO: 23:13:09.208941 self-stabilizing-binary-consensus.go:407: RECEIVE j=1 flag=1 r=1 est={0 1} aux={}
INFO: 23:13:09.208955 self-stabilizing-binary-consensus.go:424: est[1][1]={0 1} aux[1][1]={}
INFO: 23:13:09.213759 self-stabilizing-binary-consensus.go:431: SEND flag=0 r=1 est={0} aux={}
INFO: 23:13:09.213828 self-stabilizing-binary-consensus.go:407: RECEIVE j=1 flag=0 r=1 est={0} aux={}
INFO: 23:13:09.213848 self-stabilizing-binary-consensus.go:424: est[1][1]={0 1} aux[1][1]={}
INFO: 23:13:09.213857 self-stabilizing-binary-consensus.go:407: RECEIVE j=2 flag=0 r=1 est={1} aux={}
INFO: 23:13:09.213861 self-stabilizing-binary-consensus.go:424: est[1][2]={1} aux[1][2]={}
INFO: 23:13:09.213866 self-stabilizing-binary-consensus.go:407: RECEIVE j=3 flag=1 r=1 est={0 1} aux={}
INFO: 23:13:09.213870 self-stabilizing-binary-consensus.go:424: est[1][3]={0 1} aux[1][3]={}
INFO: 23:13:09.216727 self-stabilizing-binary-consensus.go:431: SEND flag=0 r=1 est={0} aux={}
INFO: 23:13:09.217078 self-stabilizing-binary-consensus.go:407: RECEIVE j=3 flag=0 r=1 est={1} aux={}
INFO: 23:13:09.217891 self-stabilizing-binary-consensus.go:424: est[1][3]={0 1} aux[1][3]={}
INFO: 23:13:09.217941 self-stabilizing-binary-consensus.go:407: RECEIVE j=1 flag=0 r=1 est={0} aux={}
INFO: 23:13:09.217960 self-stabilizing-binary-consensus.go:424: est[1][1]={0 1} aux[1][1]={}
INFO: 23:13:09.217969 self-stabilizing-binary-consensus.go:407: RECEIVE j=3 flag=0 r=1 est={1} aux={}
INFO: 23:13:09.217973 self-stabilizing-binary-consensus.go:424: est[1][3]={0 1} aux[1][3]={}
INFO: 23:13:09.219520 self-stabilizing-binary-consensus.go:407: RECEIVE j=2 flag=0 r=1 est={1} aux={}
INFO: 23:13:09.219558 self-stabilizing-binary-consensus.go:424: est[1][2]={1} aux[1][2]={}
INFO: 23:13:09.221940 self-stabilizing-binary-consensus.go:407: RECEIVE j=2 flag=0 r=1 est={1} aux={}
INFO: 23:13:09.221956 self-stabilizing-binary-consensus.go:424: est[1][2]={1} aux[1][2]={}
INFO: 23:13:09.374279 self-stabilizing-binary-consensus.go:407: RECEIVE j=2 flag=1 r=1 est={0 1} aux={0}
INFO: 23:13:09.374430 self-stabilizing-binary-consensus.go:424: est[1][2]={0 1} aux[1][2]={0}
INFO: 23:13:09.379613 self-stabilizing-binary-consensus.go:431: SEND flag=0 r=1 est={0} aux={}
INFO: 23:13:09.381136 self-stabilizing-binary-consensus.go:407: RECEIVE j=1 flag=0 r=1 est={0} aux={}
INFO: 23:13:09.381231 self-stabilizing-binary-consensus.go:424: est[1][1]={0 1} aux[1][1]={}
INFO: 23:13:09.383312 self-stabilizing-binary-consensus.go:407: RECEIVE j=3 flag=0 r=1 est={1} aux={}
INFO: 23:13:09.383395 self-stabilizing-binary-consensus.go:424: est[1][3]={0 1} aux[1][3]={}
INFO: 23:13:11.204922 self-stabilizing-binary-consensus.go:181: binValues(1,3)={0 1}
INFO: 23:13:11.205018 self-stabilizing-binary-consensus.go:208: infoResults()={}
INFO: 23:13:11.205041 self-stabilizing-binary-consensus.go:90: round=1 repeat=3
INFO: 23:13:11.205058 self-stabilizing-binary-consensus.go:181: binValues(1,3)={0 1}
INFO: 23:13:11.205072 self-stabilizing-binary-consensus.go:129: aux[1][0]=0
INFO: 23:13:11.205089 self-stabilizing-binary-consensus.go:181: binValues(1,2)={0 1}
INFO: 23:13:11.209842 self-stabilizing-binary-consensus.go:138: SEND flag=1 r=1 est={0 1} aux={0}
INFO: 23:13:11.212835 self-stabilizing-binary-consensus.go:407: RECEIVE j=3 flag=1 r=1 est={0 1} aux={0}
INFO: 23:13:11.212865 self-stabilizing-binary-consensus.go:424: est[1][3]={0 1} aux[1][3]={0}
INFO: 23:13:11.219906 self-stabilizing-binary-consensus.go:431: SEND flag=0 r=1 est={0} aux={0}
INFO: 23:13:11.219954 self-stabilizing-binary-consensus.go:407: RECEIVE j=1 flag=1 r=1 est={0 1} aux={0}
INFO: 23:13:11.220007 self-stabilizing-binary-consensus.go:424: est[1][1]={0 1} aux[1][1]={0}
INFO: 23:13:11.222647 self-stabilizing-binary-consensus.go:431: SEND flag=0 r=1 est={0} aux={0}
INFO: 23:13:11.222722 self-stabilizing-binary-consensus.go:407: RECEIVE j=1 flag=0 r=1 est={0} aux={0}
INFO: 23:13:11.222856 self-stabilizing-binary-consensus.go:424: est[1][1]={0 1} aux[1][1]={0}
INFO: 23:13:11.222923 self-stabilizing-binary-consensus.go:407: RECEIVE j=3 flag=0 r=1 est={1} aux={0}
INFO: 23:13:11.222962 self-stabilizing-binary-consensus.go:424: est[1][3]={0 1} aux[1][3]={0}
INFO: 23:13:11.223011 self-stabilizing-binary-consensus.go:407: RECEIVE j=1 flag=0 r=1 est={0} aux={0}
INFO: 23:13:11.223048 self-stabilizing-binary-consensus.go:424: est[1][1]={0 1} aux[1][1]={0}
INFO: 23:13:11.223098 self-stabilizing-binary-consensus.go:407: RECEIVE j=2 flag=0 r=1 est={1} aux={0}
INFO: 23:13:11.223142 self-stabilizing-binary-consensus.go:424: est[1][2]={0 1} aux[1][2]={0}
INFO: 23:13:11.224584 self-stabilizing-binary-consensus.go:407: RECEIVE j=3 flag=0 r=1 est={1} aux={0}
INFO: 23:13:11.224607 self-stabilizing-binary-consensus.go:424: est[1][3]={0 1} aux[1][3]={0}
INFO: 23:13:11.227156 self-stabilizing-binary-consensus.go:407: RECEIVE j=2 flag=0 r=1 est={1} aux={0}
INFO: 23:13:11.227199 self-stabilizing-binary-consensus.go:424: est[1][2]={0 1} aux[1][2]={0}
INFO: 23:13:11.229861 self-stabilizing-binary-consensus.go:407: RECEIVE j=2 flag=0 r=1 est={1} aux={0}
INFO: 23:13:11.229876 self-stabilizing-binary-consensus.go:424: est[1][2]={0 1} aux[1][2]={0}
INFO: 23:13:13.211194 self-stabilizing-binary-consensus.go:181: binValues(1,3)={0 1}
INFO: 23:13:13.211382 self-stabilizing-binary-consensus.go:208: infoResults()={0}
INFO: 23:13:13.211422 self-stabilizing-binary-consensus.go:181: binValues(1,3)={0 1}
INFO: 23:13:13.211438 self-stabilizing-binary-consensus.go:208: infoResults()={0}
INFO: 23:13:13.211450 self-stabilizing-binary-consensus.go:252: randomBit(1)=0
INFO: 23:13:13.211466 self-stabilizing-binary-consensus.go:246: decision=0
INFO: 23:13:13.211562 self-stabilizing-binary-consensus.go:181: binValues(11,2)={}
INFO: 23:13:13.211732 self-stabilizing-binary-consensus.go:90: round=11 repeat=1
INFO: 23:13:13.211770 self-stabilizing-binary-consensus.go:181: binValues(11,3)={}
INFO: 23:13:13.211803 self-stabilizing-binary-consensus.go:181: binValues(11,2)={}
INFO: 23:13:13.213006 self-stabilizing-binary-consensus.go:407: RECEIVE j=2 flag=1 r=11 est={0} aux={0}
INFO: 23:13:13.213046 self-stabilizing-binary-consensus.go:424: est[11][2]={0} aux[11][2]={0}
INFO: 23:13:13.218221 self-stabilizing-binary-consensus.go:138: SEND flag=1 r=11 est={0} aux={0}
INFO: 23:13:13.224297 self-stabilizing-binary-consensus.go:431: SEND flag=0 r=11 est={0} aux={0}
INFO: 23:13:13.224334 self-stabilizing-binary-consensus.go:407: RECEIVE j=1 flag=1 r=11 est={0} aux={0}
INFO: 23:13:13.224343 self-stabilizing-binary-consensus.go:424: est[11][1]={0} aux[11][1]={0}
INFO: 23:13:13.229430 self-stabilizing-binary-consensus.go:431: SEND flag=0 r=11 est={0} aux={0}
INFO: 23:13:13.229807 self-stabilizing-binary-consensus.go:407: RECEIVE j=3 flag=1 r=11 est={0} aux={0}
INFO: 23:13:13.229881 self-stabilizing-binary-consensus.go:424: est[11][3]={0} aux[11][3]={0}
INFO: 23:13:13.235223 self-stabilizing-binary-consensus.go:431: SEND flag=0 r=11 est={0} aux={0}
INFO: 23:13:13.235294 self-stabilizing-binary-consensus.go:407: RECEIVE j=1 flag=0 r=11 est={0} aux={0}
INFO: 23:13:13.235332 self-stabilizing-binary-consensus.go:424: est[11][1]={0} aux[11][1]={0}
INFO: 23:13:13.235629 self-stabilizing-binary-consensus.go:407: RECEIVE j=2 flag=0 r=11 est={0} aux={0}
INFO: 23:13:13.235750 self-stabilizing-binary-consensus.go:424: est[11][2]={0} aux[11][2]={0}
INFO: 23:13:13.235864 self-stabilizing-binary-consensus.go:407: RECEIVE j=3 flag=0 r=11 est={0} aux={0}
INFO: 23:13:13.236278 self-stabilizing-binary-consensus.go:424: est[11][3]={0} aux[11][3]={0}
INFO: 23:13:13.236353 self-stabilizing-binary-consensus.go:407: RECEIVE j=3 flag=0 r=11 est={0} aux={0}
INFO: 23:13:13.236385 self-stabilizing-binary-consensus.go:424: est[11][3]={0} aux[11][3]={0}
INFO: 23:13:13.236446 self-stabilizing-binary-consensus.go:407: RECEIVE j=2 flag=0 r=11 est={0} aux={0}
INFO: 23:13:13.236484 self-stabilizing-binary-consensus.go:424: est[11][2]={0} aux[11][2]={0}
INFO: 23:13:13.236571 self-stabilizing-binary-consensus.go:407: RECEIVE j=3 flag=0 r=11 est={0} aux={0}
INFO: 23:13:13.236747 self-stabilizing-binary-consensus.go:424: est[11][3]={0} aux[11][3]={0}
INFO: 23:13:13.236864 self-stabilizing-binary-consensus.go:407: RECEIVE j=2 flag=0 r=11 est={0} aux={0}
INFO: 23:13:13.237482 self-stabilizing-binary-consensus.go:424: est[11][2]={0} aux[11][2]={0}
INFO: 23:13:13.237553 self-stabilizing-binary-consensus.go:407: RECEIVE j=1 flag=0 r=11 est={0} aux={0}
INFO: 23:13:13.237580 self-stabilizing-binary-consensus.go:424: est[11][1]={0} aux[11][1]={0}
INFO: 23:13:13.241938 self-stabilizing-binary-consensus.go:407: RECEIVE j=1 flag=0 r=11 est={0} aux={0}
INFO: 23:13:13.242035 self-stabilizing-binary-consensus.go:424: est[11][1]={0} aux[11][1]={0}
INFO: 23:13:13.392521 self-stabilizing-binary-consensus.go:407: RECEIVE j=2 flag=1 r=11 est={0} aux={0}
INFO: 23:13:13.392736 self-stabilizing-binary-consensus.go:424: est[11][2]={0} aux[11][2]={0}
INFO: 23:13:13.404251 self-stabilizing-binary-consensus.go:431: SEND flag=0 r=11 est={0} aux={0}
INFO: 23:13:13.404404 self-stabilizing-binary-consensus.go:407: RECEIVE j=3 flag=0 r=11 est={0} aux={0}
INFO: 23:13:13.404422 self-stabilizing-binary-consensus.go:424: est[11][3]={0} aux[11][3]={0}
INFO: 23:13:13.404433 self-stabilizing-binary-consensus.go:407: RECEIVE j=1 flag=0 r=11 est={0} aux={0}
INFO: 23:13:13.404441 self-stabilizing-binary-consensus.go:424: est[11][1]={0} aux[11][1]={0}
INFO: 23:13:15.219478 self-stabilizing-binary-consensus.go:181: binValues(11,3)={0}
INFO: 23:13:15.219551 self-stabilizing-binary-consensus.go:208: infoResults()={0}
INFO: 23:13:15.219574 self-stabilizing-binary-consensus.go:181: binValues(11,3)={0}
INFO: 23:13:15.220113 self-stabilizing-binary-consensus.go:208: infoResults()={0}
INFO: 23:13:15.220170 self-stabilizing-binary-consensus.go:252: randomBit(11)=0
INFO: 23:13:15.220185 self-stabilizing-binary-consensus.go:246: decision=0
INFO: 23:13:15.224052 self-stabilizing-binary-consensus.go:181: binValues(11,2)={0}
INFO: 23:13:15.224077 self-stabilizing-binary-consensus.go:246: decision=0
INFO: 23:13:15.224268 self-stabilizing-binary-consensus.go:90: round=11 repeat=1
INFO: 23:13:15.224295 self-stabilizing-binary-consensus.go:181: binValues(11,3)={0}
INFO: 23:13:15.224302 self-stabilizing-binary-consensus.go:181: binValues(11,2)={0}
INFO: 23:13:15.225969 self-stabilizing-binary-consensus.go:138: SEND flag=1 r=11 est={0} aux={0}
INFO: 23:13:15.226926 self-stabilizing-binary-consensus.go:407: RECEIVE j=1 flag=1 r=11 est={0} aux={0}
INFO: 23:13:15.226958 self-stabilizing-binary-consensus.go:424: est[11][1]={0} aux[11][1]={0}
INFO: 23:13:15.232324 self-stabilizing-binary-consensus.go:431: SEND flag=0 r=11 est={0} aux={0}
INFO: 23:13:15.232603 self-stabilizing-binary-consensus.go:407: RECEIVE j=2 flag=0 r=11 est={0} aux={0}
INFO: 23:13:15.232637 self-stabilizing-binary-consensus.go:424: est[11][2]={0} aux[11][2]={0}
INFO: 23:13:15.232780 self-stabilizing-binary-consensus.go:407: RECEIVE j=3 flag=1 r=11 est={0} aux={0}
INFO: 23:13:15.232805 self-stabilizing-binary-consensus.go:424: est[11][3]={0} aux[11][3]={0}
INFO: 23:13:15.234854 self-stabilizing-binary-consensus.go:407: RECEIVE j=3 flag=0 r=11 est={0} aux={0}
INFO: 23:13:15.234883 self-stabilizing-binary-consensus.go:424: est[11][3]={0} aux[11][3]={0}
INFO: 23:13:15.235024 self-stabilizing-binary-consensus.go:407: RECEIVE j=2 flag=0 r=11 est={0} aux={0}
INFO: 23:13:15.235048 self-stabilizing-binary-consensus.go:424: est[11][2]={0} aux[11][2]={0}
INFO: 23:13:15.235997 self-stabilizing-binary-consensus.go:431: SEND flag=0 r=11 est={0} aux={0}
INFO: 23:13:15.237165 self-stabilizing-binary-consensus.go:407: RECEIVE j=1 flag=0 r=11 est={0} aux={0}
INFO: 23:13:15.237188 self-stabilizing-binary-consensus.go:424: est[11][1]={0} aux[11][1]={0}
INFO: 23:13:15.239025 self-stabilizing-binary-consensus.go:407: RECEIVE j=3 flag=0 r=11 est={0} aux={0}
INFO: 23:13:15.239060 self-stabilizing-binary-consensus.go:424: est[11][3]={0} aux[11][3]={0}
INFO: 23:13:15.239781 self-stabilizing-binary-consensus.go:407: RECEIVE j=1 flag=0 r=11 est={0} aux={0}
INFO: 23:13:15.239817 self-stabilizing-binary-consensus.go:424: est[11][1]={0} aux[11][1]={0}
INFO: 23:13:15.241053 self-stabilizing-binary-consensus.go:407: RECEIVE j=2 flag=0 r=11 est={0} aux={0}
INFO: 23:13:15.241111 self-stabilizing-binary-consensus.go:424: est[11][2]={0} aux[11][2]={0}
INFO: 23:13:15.401280 self-stabilizing-binary-consensus.go:407: RECEIVE j=2 flag=1 r=11 est={0} aux={0}
INFO: 23:13:15.401553 self-stabilizing-binary-consensus.go:424: est[11][2]={0} aux[11][2]={0}
INFO: 23:13:15.407443 self-stabilizing-binary-consensus.go:431: SEND flag=0 r=11 est={0} aux={0}
INFO: 23:13:15.413549 self-stabilizing-binary-consensus.go:407: RECEIVE j=3 flag=0 r=11 est={0} aux={0}
INFO: 23:13:15.413638 self-stabilizing-binary-consensus.go:424: est[11][3]={0} aux[11][3]={0}
INFO: 23:13:15.416096 self-stabilizing-binary-consensus.go:407: RECEIVE j=1 flag=0 r=11 est={0} aux={0}
INFO: 23:13:15.416143 self-stabilizing-binary-consensus.go:424: est[11][1]={0} aux[11][1]={0}
INFO: 23:13:17.226203 self-stabilizing-binary-consensus.go:181: binValues(11,3)={0}
INFO: 23:13:17.226282 self-stabilizing-binary-consensus.go:208: infoResults()={0}
INFO: 23:13:17.226304 self-stabilizing-binary-consensus.go:181: binValues(11,3)={0}
INFO: 23:13:17.226318 self-stabilizing-binary-consensus.go:208: infoResults()={0}
INFO: 23:13:17.226333 self-stabilizing-binary-consensus.go:252: randomBit(11)=0
INFO: 23:13:17.226348 self-stabilizing-binary-consensus.go:246: decision=0
INFO: 23:13:17.226386 self-stabilizing-binary-consensus.go:181: binValues(11,2)={0}
INFO: 23:13:17.226403 self-stabilizing-binary-consensus.go:246: decision=0
INFO: 23:13:17.226437 self-stabilizing-binary-consensus.go:90: round=11 repeat=1
INFO: 23:13:17.226457 self-stabilizing-binary-consensus.go:181: binValues(11,3)={0}
INFO: 23:13:17.226552 self-stabilizing-binary-consensus.go:181: binValues(11,2)={0}
INFO: 23:13:17.250665 self-stabilizing-binary-consensus.go:407: RECEIVE j=1 flag=1 r=11 est={0} aux={0}
INFO: 23:13:17.250693 self-stabilizing-binary-consensus.go:424: est[11][1]={0} aux[11][1]={0}
INFO: 23:13:17.254895 self-stabilizing-binary-consensus.go:407: RECEIVE j=3 flag=0 r=11 est={0} aux={0}
INFO: 23:13:17.258128 self-stabilizing-binary-consensus.go:424: est[11][3]={0} aux[11][3]={0}
INFO: 23:13:17.255909 self-stabilizing-binary-consensus.go:431: SEND flag=0 r=11 est={0} aux={0}
INFO: 23:13:17.258124 self-stabilizing-binary-consensus.go:407: RECEIVE j=2 flag=0 r=11 est={0} aux={0}
INFO: 23:13:17.258201 self-stabilizing-binary-consensus.go:424: est[11][2]={0} aux[11][2]={0}
INFO: 23:13:17.265729 self-stabilizing-binary-consensus.go:407: RECEIVE j=3 flag=1 r=11 est={0} aux={0}
INFO: 23:13:17.265798 self-stabilizing-binary-consensus.go:424: est[11][3]={0} aux[11][3]={0}
INFO: 23:13:17.267956 self-stabilizing-binary-consensus.go:138: SEND flag=1 r=11 est={0} aux={0}
INFO: 23:13:17.272377 self-stabilizing-binary-consensus.go:407: RECEIVE j=2 flag=0 r=11 est={0} aux={0}
INFO: 23:13:17.272425 self-stabilizing-binary-consensus.go:424: est[11][2]={0} aux[11][2]={0}
INFO: 23:13:17.272987 self-stabilizing-binary-consensus.go:407: RECEIVE j=2 flag=0 r=11 est={0} aux={0}
INFO: 23:13:17.272998 self-stabilizing-binary-consensus.go:424: est[11][2]={0} aux[11][2]={0}
INFO: 23:13:17.274208 self-stabilizing-binary-consensus.go:431: SEND flag=0 r=11 est={0} aux={0}
INFO: 23:13:17.274517 self-stabilizing-binary-consensus.go:407: RECEIVE j=1 flag=0 r=11 est={0} aux={0}
INFO: 23:13:17.275777 self-stabilizing-binary-consensus.go:424: est[11][1]={0} aux[11][1]={0}
INFO: 23:13:17.275059 self-stabilizing-binary-consensus.go:407: RECEIVE j=1 flag=0 r=11 est={0} aux={0}
INFO: 23:13:17.275977 self-stabilizing-binary-consensus.go:424: est[11][1]={0} aux[11][1]={0}
INFO: 23:13:17.276449 self-stabilizing-binary-consensus.go:407: RECEIVE j=3 flag=0 r=11 est={0} aux={0}
INFO: 23:13:17.276504 self-stabilizing-binary-consensus.go:424: est[11][3]={0} aux[11][3]={0}
INFO: 23:13:17.407855 self-stabilizing-binary-consensus.go:407: RECEIVE j=2 flag=1 r=11 est={0} aux={0}
INFO: 23:13:17.407948 self-stabilizing-binary-consensus.go:424: est[11][2]={0} aux[11][2]={0}
INFO: 23:13:17.410488 self-stabilizing-binary-consensus.go:431: SEND flag=0 r=11 est={0} aux={0}
INFO: 23:13:17.416637 self-stabilizing-binary-consensus.go:407: RECEIVE j=3 flag=0 r=11 est={0} aux={0}
INFO: 23:13:17.421685 self-stabilizing-binary-consensus.go:424: est[11][3]={0} aux[11][3]={0}
INFO: 23:13:17.421261 self-stabilizing-binary-consensus.go:407: RECEIVE j=1 flag=0 r=11 est={0} aux={0}
INFO: 23:13:17.421796 self-stabilizing-binary-consensus.go:424: est[11][1]={0} aux[11][1]={0}
INFO: 23:13:19.248197 self-stabilizing-binary-consensus.go:407: RECEIVE j=1 flag=1 r=11 est={0} aux={0}
INFO: 23:13:19.248438 self-stabilizing-binary-consensus.go:424: est[11][1]={0} aux[11][1]={0}
INFO: 23:13:19.254037 self-stabilizing-binary-consensus.go:431: SEND flag=0 r=11 est={0} aux={0}
INFO: 23:13:19.254859 self-stabilizing-binary-consensus.go:407: RECEIVE j=2 flag=0 r=11 est={0} aux={0}
INFO: 23:13:19.254870 self-stabilizing-binary-consensus.go:424: est[11][2]={0} aux[11][2]={0}
INFO: 23:13:19.256944 self-stabilizing-binary-consensus.go:407: RECEIVE j=3 flag=0 r=11 est={0} aux={0}
INFO: 23:13:19.257690 self-stabilizing-binary-consensus.go:424: est[11][3]={0} aux[11][3]={0}
INFO: 23:13:19.262462 self-stabilizing-binary-consensus.go:407: RECEIVE j=3 flag=1 r=11 est={0} aux={0}
INFO: 23:13:19.262536 self-stabilizing-binary-consensus.go:424: est[11][3]={0} aux[11][3]={0}
INFO: 23:13:19.264299 self-stabilizing-binary-consensus.go:431: SEND flag=0 r=11 est={0} aux={0}
INFO: 23:13:19.265584 self-stabilizing-binary-consensus.go:407: RECEIVE j=2 flag=0 r=11 est={0} aux={0}
INFO: 23:13:19.265614 self-stabilizing-binary-consensus.go:424: est[11][2]={0} aux[11][2]={0}
INFO: 23:13:19.268661 self-stabilizing-binary-consensus.go:181: binValues(11,3)={0}
INFO: 23:13:19.268690 self-stabilizing-binary-consensus.go:208: infoResults()={0}
INFO: 23:13:19.268698 self-stabilizing-binary-consensus.go:181: binValues(11,3)={0}
INFO: 23:13:19.268702 self-stabilizing-binary-consensus.go:208: infoResults()={0}
INFO: 23:13:19.268706 self-stabilizing-binary-consensus.go:252: randomBit(11)=0
INFO: 23:13:19.268719 self-stabilizing-binary-consensus.go:246: decision=0
INFO: 23:13:19.268751 self-stabilizing-binary-consensus.go:181: binValues(11,2)={0}
INFO: 23:13:19.268770 self-stabilizing-binary-consensus.go:246: decision=0
INFO: 23:13:19.268791 self-stabilizing-binary-consensus.go:90: round=11 repeat=1
INFO: 23:13:19.268800 self-stabilizing-binary-consensus.go:181: binValues(11,3)={0}
INFO: 23:13:19.268804 self-stabilizing-binary-consensus.go:181: binValues(11,2)={0}
INFO: 23:13:19.270504 self-stabilizing-binary-consensus.go:138: SEND flag=1 r=11 est={0} aux={0}
INFO: 23:13:19.270656 self-stabilizing-binary-consensus.go:407: RECEIVE j=1 flag=0 r=11 est={0} aux={0}
INFO: 23:13:19.270799 self-stabilizing-binary-consensus.go:424: est[11][1]={0} aux[11][1]={0}
INFO: 23:13:19.273357 self-stabilizing-binary-consensus.go:407: RECEIVE j=3 flag=0 r=11 est={0} aux={0}
INFO: 23:13:19.273417 self-stabilizing-binary-consensus.go:424: est[11][3]={0} aux[11][3]={0}
INFO: 23:13:19.275416 self-stabilizing-binary-consensus.go:407: RECEIVE j=2 flag=0 r=11 est={0} aux={0}
INFO: 23:13:19.275473 self-stabilizing-binary-consensus.go:424: est[11][2]={0} aux[11][2]={0}
INFO: 23:13:19.279848 self-stabilizing-binary-consensus.go:407: RECEIVE j=1 flag=0 r=11 est={0} aux={0}
INFO: 23:13:19.279883 self-stabilizing-binary-consensus.go:424: est[11][1]={0} aux[11][1]={0}
INFO: 23:13:19.411889 self-stabilizing-binary-consensus.go:407: RECEIVE j=2 flag=1 r=11 est={0} aux={0}
INFO: 23:13:19.413006 self-stabilizing-binary-consensus.go:424: est[11][2]={0} aux[11][2]={0}
INFO: 23:13:19.421999 self-stabilizing-binary-consensus.go:407: RECEIVE j=3 flag=0 r=11 est={0} aux={0}
INFO: 23:13:19.422066 self-stabilizing-binary-consensus.go:424: est[11][3]={0} aux[11][3]={0}
INFO: 23:13:19.425612 self-stabilizing-binary-consensus.go:407: RECEIVE j=1 flag=0 r=11 est={0} aux={0}
INFO: 23:13:19.425770 self-stabilizing-binary-consensus.go:424: est[11][1]={0} aux[11][1]={0}
INFO: 23:13:19.427836 self-stabilizing-binary-consensus.go:431: SEND flag=0 r=11 est={0} aux={0}
