INFO: 00:38:55.891442 main.go:29: ID:1 | N:10 | F:3 | Clients:1 | Scenario:NORMAL | Remote:false

INFO: 00:38:55.891857 messenger.go:90: Receive from Server 0 on tcp://*:4100
INFO: 00:38:55.892002 messenger.go:107: Send to Server 0 on tcp://localhost:4001
INFO: 00:38:55.892111 messenger.go:90: Receive from Server 2 on tcp://*:4102
INFO: 00:38:55.892156 messenger.go:107: Send to Server 2 on tcp://localhost:4201
INFO: 00:38:55.892197 messenger.go:90: Receive from Server 3 on tcp://*:4103
INFO: 00:38:55.892234 messenger.go:107: Send to Server 3 on tcp://localhost:4301
INFO: 00:38:55.892272 messenger.go:90: Receive from Server 4 on tcp://*:4104
INFO: 00:38:55.892307 messenger.go:107: Send to Server 4 on tcp://localhost:4401
INFO: 00:38:55.892351 messenger.go:90: Receive from Server 5 on tcp://*:4105
INFO: 00:38:55.892387 messenger.go:107: Send to Server 5 on tcp://localhost:4501
INFO: 00:38:55.892424 messenger.go:90: Receive from Server 6 on tcp://*:4106
INFO: 00:38:55.892461 messenger.go:107: Send to Server 6 on tcp://localhost:4601
INFO: 00:38:55.892500 messenger.go:90: Receive from Server 7 on tcp://*:4107
INFO: 00:38:55.892535 messenger.go:107: Send to Server 7 on tcp://localhost:4701
INFO: 00:38:55.892572 messenger.go:90: Receive from Server 8 on tcp://*:4108
INFO: 00:38:55.892610 messenger.go:107: Send to Server 8 on tcp://localhost:4801
INFO: 00:38:55.892651 messenger.go:90: Receive from Server 9 on tcp://*:4109
INFO: 00:38:55.892692 messenger.go:107: Send to Server 9 on tcp://localhost:4901
INFO: 00:38:55.892710 messenger.go:113: -----------------------------------------
INFO: 00:38:55.892748 messenger.go:135: Requests from Client 0 on tcp://*:7100
INFO: 00:38:55.892787 messenger.go:152: Response to Client 0 on tcp://*:10100
INFO: 00:38:55.892805 messenger.go:155: -----------------------------------------

INFO: 00:38:56.123930 main.go:83: Initial estimate value:  1
INFO: 00:38:56.438388 messenger.go:346: RECEIVED EST from 0
INFO: 00:38:56.440142 messenger.go:346: RECEIVED EST from 8
INFO: 00:38:56.440508 messenger.go:346: RECEIVED EST from 2
INFO: 00:38:56.440815 messenger.go:346: RECEIVED EST from 5
INFO: 00:38:56.517010 messenger.go:270: SENT EST to 5
INFO: 00:38:56.609855 messenger.go:346: RECEIVED EST from 9
INFO: 00:38:56.610076 messenger.go:270: SENT EST to 9
INFO: 00:38:56.610200 messenger.go:346: RECEIVED EST from 3
INFO: 00:38:56.610406 messenger.go:270: SENT EST to 2
INFO: 00:38:56.610579 messenger.go:346: RECEIVED EST from 4
INFO: 00:38:56.809195 messenger.go:346: RECEIVED EST from 6
INFO: 00:38:56.809750 messenger.go:270: SENT EST to 4
INFO: 00:38:56.815662 messenger.go:270: SENT EST to 7
INFO: 00:38:56.815684 messenger.go:270: SENT EST to 8
INFO: 00:38:56.815691 messenger.go:270: SENT EST to 0
INFO: 00:38:56.815697 messenger.go:270: SENT EST to 6
INFO: 00:38:56.815861 messenger.go:346: RECEIVED EST from 7
INFO: 00:38:56.820962 messenger.go:270: SENT EST to 3
