INFO: 01:40:48.875263 main.go:29: ID:1 | N:4 | F:1 | Clients:1 | Scenario:NORMAL | Remote:false

INFO: 01:40:48.875721 messenger.go:90: Receive from Server 0 on tcp://*:4100
INFO: 01:40:48.875929 messenger.go:107: Send to Server 0 on tcp://localhost:4001
INFO: 01:40:48.875996 messenger.go:90: Receive from Server 2 on tcp://*:4102
INFO: 01:40:48.876052 messenger.go:107: Send to Server 2 on tcp://localhost:4201
INFO: 01:40:48.876101 messenger.go:90: Receive from Server 3 on tcp://*:4103
INFO: 01:40:48.876150 messenger.go:107: Send to Server 3 on tcp://localhost:4301
INFO: 01:40:48.876174 messenger.go:113: -----------------------------------------
INFO: 01:40:48.876214 messenger.go:135: Requests from Client 0 on tcp://*:7100
INFO: 01:40:48.876295 messenger.go:152: Response to Client 0 on tcp://*:10100
INFO: 01:40:48.876337 messenger.go:155: -----------------------------------------

INFO: 01:40:48.878254 main.go:83: Initial estimate value:  0
INFO: 01:40:48.879901 self-stabilizing-binary-consensus.go:78: Round:1
INFO: 01:40:48.879935 self-stabilizing-binary-consensus.go:118: binValues(1,3)={} w=-1
INFO: 01:40:48.879944 self-stabilizing-binary-consensus.go:129: binValues(1,2)={} w=-1
INFO: 01:40:48.883797 self-stabilizing-binary-consensus.go:133: SEND flag=1 r=1 est={0} aux={}
INFO: 01:40:49.024023 self-stabilizing-binary-consensus.go:414: RECEIVE j=0 flag=1 r=1 est={0} aux={}
INFO: 01:40:49.024080 self-stabilizing-binary-consensus.go:431: est[1][0]={0} aux[1][0]={}
INFO: 01:40:49.026002 self-stabilizing-binary-consensus.go:438: SEND flag=0 r=1 est={0} aux={}
INFO: 01:40:49.027877 self-stabilizing-binary-consensus.go:414: RECEIVE j=0 flag=0 r=1 est={0} aux={}
INFO: 01:40:49.027903 self-stabilizing-binary-consensus.go:431: est[1][0]={0} aux[1][0]={}
INFO: 01:40:49.028125 self-stabilizing-binary-consensus.go:414: RECEIVE j=3 flag=1 r=1 est={1} aux={}
INFO: 01:40:49.028137 self-stabilizing-binary-consensus.go:431: est[1][3]={1} aux[1][3]={}
INFO: 01:40:49.040706 self-stabilizing-binary-consensus.go:438: SEND flag=0 r=1 est={0} aux={}
INFO: 01:40:49.041228 self-stabilizing-binary-consensus.go:414: RECEIVE j=2 flag=0 r=1 est={1} aux={}
INFO: 01:40:49.041261 self-stabilizing-binary-consensus.go:431: est[1][2]={1} aux[1][2]={}
INFO: 01:40:49.041497 self-stabilizing-binary-consensus.go:414: RECEIVE j=2 flag=1 r=1 est={1} aux={}
INFO: 01:40:49.041527 self-stabilizing-binary-consensus.go:431: est[1][2]={1} aux[1][2]={}
INFO: 01:40:49.044906 self-stabilizing-binary-consensus.go:438: SEND flag=0 r=1 est={0} aux={}
INFO: 01:40:49.044970 self-stabilizing-binary-consensus.go:414: RECEIVE j=3 flag=0 r=1 est={1} aux={}
INFO: 01:40:49.044991 self-stabilizing-binary-consensus.go:431: est[1][3]={1} aux[1][3]={}
INFO: 01:40:49.045002 self-stabilizing-binary-consensus.go:414: RECEIVE j=0 flag=0 r=1 est={0} aux={}
INFO: 01:40:49.045010 self-stabilizing-binary-consensus.go:431: est[1][0]={0} aux[1][0]={}
INFO: 01:40:49.050861 self-stabilizing-binary-consensus.go:414: RECEIVE j=0 flag=0 r=1 est={0} aux={}
INFO: 01:40:49.050962 self-stabilizing-binary-consensus.go:431: est[1][0]={0} aux[1][0]={}
INFO: 01:40:49.051908 self-stabilizing-binary-consensus.go:414: RECEIVE j=3 flag=0 r=1 est={1} aux={}
INFO: 01:40:49.051985 self-stabilizing-binary-consensus.go:431: est[1][3]={1} aux[1][3]={}
INFO: 01:40:49.052258 self-stabilizing-binary-consensus.go:414: RECEIVE j=2 flag=0 r=1 est={1} aux={}
INFO: 01:40:49.052287 self-stabilizing-binary-consensus.go:431: est[1][2]={1} aux[1][2]={}
INFO: 01:40:49.053023 self-stabilizing-binary-consensus.go:414: RECEIVE j=3 flag=0 r=1 est={1} aux={}
INFO: 01:40:49.053094 self-stabilizing-binary-consensus.go:431: est[1][3]={1} aux[1][3]={}
INFO: 01:40:49.054105 self-stabilizing-binary-consensus.go:414: RECEIVE j=2 flag=0 r=1 est={1} aux={}
INFO: 01:40:49.054173 self-stabilizing-binary-consensus.go:431: est[1][2]={1} aux[1][2]={}
INFO: 01:40:56.861570 self-stabilizing-binary-consensus.go:414: RECEIVE j=0 flag=1 r=1 est={0 1} aux={}
INFO: 01:40:56.861669 self-stabilizing-binary-consensus.go:431: est[1][0]={0 1} aux[1][0]={}
INFO: 01:40:56.864563 self-stabilizing-binary-consensus.go:438: SEND flag=0 r=1 est={0} aux={}
INFO: 01:40:56.876647 self-stabilizing-binary-consensus.go:414: RECEIVE j=3 flag=0 r=1 est={1} aux={}
INFO: 01:40:56.876692 self-stabilizing-binary-consensus.go:431: est[1][3]={1} aux[1][3]={}
INFO: 01:40:56.884026 self-stabilizing-binary-consensus.go:118: binValues(1,3)={1} w=1
INFO: 01:40:56.884111 self-stabilizing-binary-consensus.go:123: aux[1][1]=1
INFO: 01:40:56.884128 self-stabilizing-binary-consensus.go:129: binValues(1,2)={1} w=1
INFO: 01:40:56.887251 self-stabilizing-binary-consensus.go:414: RECEIVE j=2 flag=0 r=1 est={1} aux={}
INFO: 01:40:56.887339 self-stabilizing-binary-consensus.go:431: est[1][2]={1} aux[1][2]={}
INFO: 01:40:56.888759 self-stabilizing-binary-consensus.go:133: SEND flag=1 r=1 est={0 1} aux={1}
INFO: 01:40:56.890509 self-stabilizing-binary-consensus.go:414: RECEIVE j=2 flag=1 r=1 est={0 1} aux={}
INFO: 01:40:56.890571 self-stabilizing-binary-consensus.go:431: est[1][2]={0 1} aux[1][2]={}
INFO: 01:40:56.951336 self-stabilizing-binary-consensus.go:438: SEND flag=0 r=1 est={0} aux={1}
INFO: 01:40:56.951413 self-stabilizing-binary-consensus.go:414: RECEIVE j=0 flag=0 r=1 est={0} aux={}
INFO: 01:40:56.951439 self-stabilizing-binary-consensus.go:431: est[1][0]={0 1} aux[1][0]={}
INFO: 01:40:56.951448 self-stabilizing-binary-consensus.go:414: RECEIVE j=0 flag=0 r=1 est={0} aux={}
INFO: 01:40:56.951453 self-stabilizing-binary-consensus.go:431: est[1][0]={0 1} aux[1][0]={}
INFO: 01:40:56.951514 self-stabilizing-binary-consensus.go:414: RECEIVE j=0 flag=0 r=1 est={0} aux={}
INFO: 01:40:56.951535 self-stabilizing-binary-consensus.go:431: est[1][0]={0 1} aux[1][0]={}
INFO: 01:40:56.951544 self-stabilizing-binary-consensus.go:414: RECEIVE j=3 flag=1 r=1 est={0 1} aux={}
INFO: 01:40:56.951549 self-stabilizing-binary-consensus.go:431: est[1][3]={0 1} aux[1][3]={}
INFO: 01:40:56.958145 self-stabilizing-binary-consensus.go:438: SEND flag=0 r=1 est={0} aux={1}
INFO: 01:40:56.958246 self-stabilizing-binary-consensus.go:414: RECEIVE j=3 flag=0 r=1 est={1} aux={}
INFO: 01:40:56.958256 self-stabilizing-binary-consensus.go:431: est[1][3]={0 1} aux[1][3]={}
INFO: 01:40:56.958263 self-stabilizing-binary-consensus.go:414: RECEIVE j=2 flag=0 r=1 est={1} aux={}
INFO: 01:40:56.958267 self-stabilizing-binary-consensus.go:431: est[1][2]={0 1} aux[1][2]={}
INFO: 01:40:56.958273 self-stabilizing-binary-consensus.go:414: RECEIVE j=3 flag=0 r=1 est={1} aux={}
INFO: 01:40:56.958277 self-stabilizing-binary-consensus.go:431: est[1][3]={0 1} aux[1][3]={}
INFO: 01:40:56.958283 self-stabilizing-binary-consensus.go:414: RECEIVE j=2 flag=0 r=1 est={1} aux={}
INFO: 01:40:56.958287 self-stabilizing-binary-consensus.go:431: est[1][2]={0 1} aux[1][2]={}
