INFO: 15:55:27.916112 main.go:29: ID:1 | N:4 | F:1 | Clients:1 | Scenario:NORMAL | Remote:false

INFO: 15:55:27.916544 messenger.go:90: Receive from Server 0 on tcp://*:4100
INFO: 15:55:27.916697 messenger.go:107: Send to Server 0 on tcp://localhost:4001
INFO: 15:55:27.916775 messenger.go:90: Receive from Server 2 on tcp://*:4102
INFO: 15:55:27.916820 messenger.go:107: Send to Server 2 on tcp://localhost:4201
INFO: 15:55:27.916882 messenger.go:90: Receive from Server 3 on tcp://*:4103
INFO: 15:55:27.916923 messenger.go:107: Send to Server 3 on tcp://localhost:4301
INFO: 15:55:27.916959 messenger.go:113: -----------------------------------------
INFO: 15:55:27.917008 messenger.go:135: Requests from Client 0 on tcp://*:7100
INFO: 15:55:27.917072 messenger.go:152: Response to Client 0 on tcp://*:10100
INFO: 15:55:27.917092 messenger.go:155: -----------------------------------------

INFO: 15:55:27.924074 main.go:83: Initial estimate value:  0
INFO: 15:55:27.924107 self-stabilizing-binary-consensus.go:90: round=1 repeat=1
INFO: 15:55:27.924127 self-stabilizing-binary-consensus.go:127: binValues(1,3)={} w=-1
INFO: 15:55:27.926231 self-stabilizing-binary-consensus.go:142: binValues(1,2)={} w=-1
INFO: 15:55:27.926271 self-stabilizing-binary-consensus.go:143: SEND flag=1 r=1 est={0} aux={}
INFO: 15:55:27.927319 self-stabilizing-binary-consensus.go:410: RECEIVE j=2 flag=1 r=1 est={1} aux={}
INFO: 15:55:27.927334 self-stabilizing-binary-consensus.go:427: est[1][2]={1} aux[1][2]={}
INFO: 15:55:27.932951 self-stabilizing-binary-consensus.go:434: SEND flag=0 r=1 est={0} aux={}
INFO: 15:55:27.935395 self-stabilizing-binary-consensus.go:410: RECEIVE j=2 flag=0 r=1 est={1} aux={}
INFO: 15:55:27.935448 self-stabilizing-binary-consensus.go:427: est[1][2]={1} aux[1][2]={}
INFO: 15:55:28.055411 self-stabilizing-binary-consensus.go:410: RECEIVE j=2 flag=0 r=1 est={1} aux={}
INFO: 15:55:28.055443 self-stabilizing-binary-consensus.go:427: est[1][2]={1} aux[1][2]={}
INFO: 15:55:28.057986 self-stabilizing-binary-consensus.go:410: RECEIVE j=2 flag=0 r=1 est={1} aux={}
INFO: 15:55:28.058039 self-stabilizing-binary-consensus.go:427: est[1][2]={1} aux[1][2]={}
INFO: 15:55:28.074981 self-stabilizing-binary-consensus.go:410: RECEIVE j=0 flag=1 r=1 est={0} aux={}
INFO: 15:55:28.075019 self-stabilizing-binary-consensus.go:427: est[1][0]={0} aux[1][0]={}
INFO: 15:55:28.076921 self-stabilizing-binary-consensus.go:434: SEND flag=0 r=1 est={0} aux={}
INFO: 15:55:28.076962 self-stabilizing-binary-consensus.go:410: RECEIVE j=0 flag=0 r=1 est={0} aux={}
INFO: 15:55:28.076976 self-stabilizing-binary-consensus.go:427: est[1][0]={0} aux[1][0]={}
INFO: 15:55:28.080618 self-stabilizing-binary-consensus.go:410: RECEIVE j=3 flag=1 r=1 est={1} aux={}
INFO: 15:55:28.080655 self-stabilizing-binary-consensus.go:427: est[1][3]={1} aux[1][3]={}
INFO: 15:55:28.083597 self-stabilizing-binary-consensus.go:434: SEND flag=0 r=1 est={0} aux={}
INFO: 15:55:28.084253 self-stabilizing-binary-consensus.go:410: RECEIVE j=3 flag=0 r=1 est={1} aux={}
INFO: 15:55:28.084272 self-stabilizing-binary-consensus.go:427: est[1][3]={1} aux[1][3]={}
INFO: 15:55:28.084281 self-stabilizing-binary-consensus.go:410: RECEIVE j=3 flag=0 r=1 est={1} aux={}
INFO: 15:55:28.084285 self-stabilizing-binary-consensus.go:427: est[1][3]={1} aux[1][3]={}
INFO: 15:55:28.087202 self-stabilizing-binary-consensus.go:410: RECEIVE j=0 flag=0 r=1 est={0} aux={}
INFO: 15:55:28.087232 self-stabilizing-binary-consensus.go:427: est[1][0]={0} aux[1][0]={}
INFO: 15:55:28.089053 self-stabilizing-binary-consensus.go:410: RECEIVE j=3 flag=0 r=1 est={1} aux={}
INFO: 15:55:28.089085 self-stabilizing-binary-consensus.go:427: est[1][3]={1} aux[1][3]={}
INFO: 15:55:28.091435 self-stabilizing-binary-consensus.go:410: RECEIVE j=0 flag=0 r=1 est={0} aux={}
INFO: 15:55:28.091478 self-stabilizing-binary-consensus.go:427: est[1][0]={0} aux[1][0]={}
INFO: 15:55:29.929604 self-stabilizing-binary-consensus.go:148: infoResults()={}
INFO: 15:55:29.929648 self-stabilizing-binary-consensus.go:90: round=1 repeat=2
INFO: 15:55:29.929668 self-stabilizing-binary-consensus.go:127: binValues(1,3)={} w=-1
INFO: 15:55:29.933615 self-stabilizing-binary-consensus.go:142: binValues(1,2)={1} w=-1
INFO: 15:55:29.933654 self-stabilizing-binary-consensus.go:143: SEND flag=1 r=1 est={0 1} aux={}
INFO: 15:55:29.933631 self-stabilizing-binary-consensus.go:410: RECEIVE j=3 flag=1 r=1 est={0 1} aux={}
INFO: 15:55:29.933745 self-stabilizing-binary-consensus.go:427: est[1][3]={0 1} aux[1][3]={}
INFO: 15:55:29.938087 self-stabilizing-binary-consensus.go:434: SEND flag=0 r=1 est={0} aux={}
INFO: 15:55:29.938143 self-stabilizing-binary-consensus.go:410: RECEIVE j=0 flag=1 r=1 est={0 1} aux={}
INFO: 15:55:29.938164 self-stabilizing-binary-consensus.go:427: est[1][0]={0 1} aux[1][0]={}
INFO: 15:55:29.941090 self-stabilizing-binary-consensus.go:434: SEND flag=0 r=1 est={0} aux={}
INFO: 15:55:29.941121 self-stabilizing-binary-consensus.go:410: RECEIVE j=0 flag=0 r=1 est={0} aux={}
INFO: 15:55:29.941129 self-stabilizing-binary-consensus.go:427: est[1][0]={0 1} aux[1][0]={}
INFO: 15:55:29.941135 self-stabilizing-binary-consensus.go:410: RECEIVE j=2 flag=0 r=1 est={1} aux={}
INFO: 15:55:29.941139 self-stabilizing-binary-consensus.go:427: est[1][2]={1} aux[1][2]={}
INFO: 15:55:29.941145 self-stabilizing-binary-consensus.go:410: RECEIVE j=2 flag=1 r=1 est={0 1} aux={}
INFO: 15:55:29.941148 self-stabilizing-binary-consensus.go:427: est[1][2]={0 1} aux[1][2]={}
INFO: 15:55:29.949691 self-stabilizing-binary-consensus.go:434: SEND flag=0 r=1 est={0} aux={}
INFO: 15:55:29.951571 self-stabilizing-binary-consensus.go:410: RECEIVE j=2 flag=0 r=1 est={1} aux={}
INFO: 15:55:29.951729 self-stabilizing-binary-consensus.go:427: est[1][2]={0 1} aux[1][2]={}
INFO: 15:55:29.951767 self-stabilizing-binary-consensus.go:410: RECEIVE j=0 flag=0 r=1 est={0} aux={}
INFO: 15:55:29.951786 self-stabilizing-binary-consensus.go:427: est[1][0]={0 1} aux[1][0]={}
INFO: 15:55:29.951812 self-stabilizing-binary-consensus.go:410: RECEIVE j=2 flag=0 r=1 est={1} aux={}
INFO: 15:55:29.951829 self-stabilizing-binary-consensus.go:427: est[1][2]={0 1} aux[1][2]={}
INFO: 15:55:29.951848 self-stabilizing-binary-consensus.go:410: RECEIVE j=3 flag=0 r=1 est={1} aux={}
INFO: 15:55:29.951865 self-stabilizing-binary-consensus.go:427: est[1][3]={0 1} aux[1][3]={}
INFO: 15:55:29.951883 self-stabilizing-binary-consensus.go:410: RECEIVE j=3 flag=0 r=1 est={1} aux={}
INFO: 15:55:29.951901 self-stabilizing-binary-consensus.go:427: est[1][3]={0 1} aux[1][3]={}
INFO: 15:55:29.951919 self-stabilizing-binary-consensus.go:410: RECEIVE j=0 flag=0 r=1 est={0} aux={}
INFO: 15:55:29.951937 self-stabilizing-binary-consensus.go:427: est[1][0]={0 1} aux[1][0]={}
INFO: 15:55:29.953183 self-stabilizing-binary-consensus.go:410: RECEIVE j=3 flag=0 r=1 est={1} aux={}
INFO: 15:55:29.953237 self-stabilizing-binary-consensus.go:427: est[1][3]={0 1} aux[1][3]={}
INFO: 15:55:31.932871 self-stabilizing-binary-consensus.go:410: RECEIVE j=3 flag=1 r=1 est={0 1} aux={0}
INFO: 15:55:31.932922 self-stabilizing-binary-consensus.go:427: est[1][3]={0 1} aux[1][3]={0}
INFO: 15:55:31.933690 self-stabilizing-binary-consensus.go:148: infoResults()={}
INFO: 15:55:31.933724 self-stabilizing-binary-consensus.go:90: round=1 repeat=3
INFO: 15:55:31.933765 self-stabilizing-binary-consensus.go:127: binValues(1,3)={0 1} w=0
INFO: 15:55:31.933792 self-stabilizing-binary-consensus.go:133: aux[1][1]=0
INFO: 15:55:31.936761 self-stabilizing-binary-consensus.go:434: SEND flag=0 r=1 est={0} aux={0}
INFO: 15:55:31.940791 self-stabilizing-binary-consensus.go:410: RECEIVE j=2 flag=0 r=1 est={1} aux={}
INFO: 15:55:31.940818 self-stabilizing-binary-consensus.go:427: est[1][2]={0 1} aux[1][2]={}
INFO: 15:55:31.940955 self-stabilizing-binary-consensus.go:410: RECEIVE j=0 flag=1 r=1 est={0 1} aux={0}
INFO: 15:55:31.940977 self-stabilizing-binary-consensus.go:427: est[1][0]={0 1} aux[1][0]={0}
INFO: 15:55:31.943553 self-stabilizing-binary-consensus.go:142: binValues(1,2)={0 1} w=0
INFO: 15:55:31.943584 self-stabilizing-binary-consensus.go:143: SEND flag=1 r=1 est={0 1} aux={0}
INFO: 15:55:31.946170 self-stabilizing-binary-consensus.go:434: SEND flag=0 r=1 est={0} aux={0}
INFO: 15:55:31.946202 self-stabilizing-binary-consensus.go:410: RECEIVE j=3 flag=0 r=1 est={1} aux={0}
INFO: 15:55:31.946210 self-stabilizing-binary-consensus.go:427: est[1][3]={0 1} aux[1][3]={0}
INFO: 15:55:31.946216 self-stabilizing-binary-consensus.go:410: RECEIVE j=2 flag=0 r=1 est={1} aux={}
INFO: 15:55:31.946220 self-stabilizing-binary-consensus.go:427: est[1][2]={0 1} aux[1][2]={}
INFO: 15:55:31.946225 self-stabilizing-binary-consensus.go:410: RECEIVE j=0 flag=0 r=1 est={0} aux={0}
INFO: 15:55:31.946228 self-stabilizing-binary-consensus.go:427: est[1][0]={0 1} aux[1][0]={0}
INFO: 15:55:31.948658 self-stabilizing-binary-consensus.go:410: RECEIVE j=0 flag=0 r=1 est={0} aux={0}
INFO: 15:55:31.948685 self-stabilizing-binary-consensus.go:427: est[1][0]={0 1} aux[1][0]={0}
INFO: 15:55:31.949113 self-stabilizing-binary-consensus.go:410: RECEIVE j=2 flag=1 r=1 est={0 1} aux={0}
INFO: 15:55:31.949136 self-stabilizing-binary-consensus.go:427: est[1][2]={0 1} aux[1][2]={0}
INFO: 15:55:31.953537 self-stabilizing-binary-consensus.go:434: SEND flag=0 r=1 est={0} aux={0}
INFO: 15:55:31.953562 self-stabilizing-binary-consensus.go:410: RECEIVE j=0 flag=0 r=1 est={0} aux={0}
INFO: 15:55:31.953570 self-stabilizing-binary-consensus.go:427: est[1][0]={0 1} aux[1][0]={0}
INFO: 15:55:31.953576 self-stabilizing-binary-consensus.go:410: RECEIVE j=3 flag=0 r=1 est={1} aux={0}
INFO: 15:55:31.953580 self-stabilizing-binary-consensus.go:427: est[1][3]={0 1} aux[1][3]={0}
INFO: 15:55:31.953763 self-stabilizing-binary-consensus.go:410: RECEIVE j=2 flag=0 r=1 est={1} aux={0}
INFO: 15:55:31.953785 self-stabilizing-binary-consensus.go:427: est[1][2]={0 1} aux[1][2]={0}
INFO: 15:55:31.954393 self-stabilizing-binary-consensus.go:410: RECEIVE j=3 flag=0 r=1 est={1} aux={0}
INFO: 15:55:31.954418 self-stabilizing-binary-consensus.go:427: est[1][3]={0 1} aux[1][3]={0}
INFO: 15:55:33.944317 self-stabilizing-binary-consensus.go:148: infoResults()={0}
INFO: 15:55:33.944447 self-stabilizing-binary-consensus.go:255: randomBit(1)=0
INFO: 15:55:33.944482 self-stabilizing-binary-consensus.go:249: decision=0
INFO: 15:55:33.944844 self-stabilizing-binary-consensus.go:90: round=11 repeat=1
INFO: 15:55:33.944876 self-stabilizing-binary-consensus.go:127: binValues(11,3)={} w=-1
INFO: 15:55:33.946531 self-stabilizing-binary-consensus.go:142: binValues(11,2)={} w=-1
INFO: 15:55:33.946558 self-stabilizing-binary-consensus.go:143: SEND flag=1 r=11 est={0} aux={0}
INFO: 15:55:33.946738 self-stabilizing-binary-consensus.go:410: RECEIVE j=3 flag=1 r=11 est={0} aux={0}
INFO: 15:55:33.946783 self-stabilizing-binary-consensus.go:427: est[11][3]={0} aux[11][3]={0}
INFO: 15:55:33.948888 self-stabilizing-binary-consensus.go:434: SEND flag=0 r=11 est={0} aux={0}
INFO: 15:55:33.948949 self-stabilizing-binary-consensus.go:410: RECEIVE j=0 flag=1 r=11 est={0} aux={0}
INFO: 15:55:33.948970 self-stabilizing-binary-consensus.go:427: est[11][0]={0} aux[11][0]={0}
INFO: 15:55:33.959027 self-stabilizing-binary-consensus.go:434: SEND flag=0 r=11 est={0} aux={0}
INFO: 15:55:33.959238 self-stabilizing-binary-consensus.go:410: RECEIVE j=3 flag=0 r=11 est={0} aux={0}
INFO: 15:55:33.959449 self-stabilizing-binary-consensus.go:427: est[11][3]={0} aux[11][3]={0}
INFO: 15:55:33.959483 self-stabilizing-binary-consensus.go:410: RECEIVE j=0 flag=0 r=11 est={0} aux={0}
INFO: 15:55:33.959501 self-stabilizing-binary-consensus.go:427: est[11][0]={0} aux[11][0]={0}
INFO: 15:55:33.959528 self-stabilizing-binary-consensus.go:410: RECEIVE j=2 flag=1 r=11 est={0} aux={0}
INFO: 15:55:33.959551 self-stabilizing-binary-consensus.go:427: est[11][2]={0} aux[11][2]={0}
INFO: 15:55:33.964839 self-stabilizing-binary-consensus.go:434: SEND flag=0 r=11 est={0} aux={0}
INFO: 15:55:33.964866 self-stabilizing-binary-consensus.go:410: RECEIVE j=2 flag=0 r=11 est={0} aux={0}
INFO: 15:55:33.964874 self-stabilizing-binary-consensus.go:427: est[11][2]={0} aux[11][2]={0}
INFO: 15:55:33.964880 self-stabilizing-binary-consensus.go:410: RECEIVE j=3 flag=0 r=11 est={0} aux={0}
INFO: 15:55:33.964916 self-stabilizing-binary-consensus.go:427: est[11][3]={0} aux[11][3]={0}
INFO: 15:55:33.964937 self-stabilizing-binary-consensus.go:410: RECEIVE j=0 flag=0 r=11 est={0} aux={0}
INFO: 15:55:33.964944 self-stabilizing-binary-consensus.go:427: est[11][0]={0} aux[11][0]={0}
INFO: 15:55:33.964949 self-stabilizing-binary-consensus.go:410: RECEIVE j=2 flag=0 r=11 est={0} aux={0}
INFO: 15:55:33.964953 self-stabilizing-binary-consensus.go:427: est[11][2]={0} aux[11][2]={0}
INFO: 15:55:33.964958 self-stabilizing-binary-consensus.go:410: RECEIVE j=2 flag=0 r=11 est={0} aux={0}
INFO: 15:55:33.964962 self-stabilizing-binary-consensus.go:427: est[11][2]={0} aux[11][2]={0}
INFO: 15:55:33.964967 self-stabilizing-binary-consensus.go:410: RECEIVE j=3 flag=0 r=11 est={0} aux={0}
INFO: 15:55:33.964971 self-stabilizing-binary-consensus.go:427: est[11][3]={0} aux[11][3]={0}
INFO: 15:55:33.965013 self-stabilizing-binary-consensus.go:410: RECEIVE j=0 flag=0 r=11 est={0} aux={0}
INFO: 15:55:33.965032 self-stabilizing-binary-consensus.go:427: est[11][0]={0} aux[11][0]={0}
INFO: 15:55:35.947351 self-stabilizing-binary-consensus.go:148: infoResults()={0}
INFO: 15:55:35.947390 self-stabilizing-binary-consensus.go:255: randomBit(11)=0
INFO: 15:55:35.947398 self-stabilizing-binary-consensus.go:249: decision=0
INFO: 15:55:35.947536 self-stabilizing-binary-consensus.go:249: decision=0
INFO: 15:55:35.947639 self-stabilizing-binary-consensus.go:90: round=11 repeat=1
INFO: 15:55:35.947661 self-stabilizing-binary-consensus.go:127: binValues(11,3)={0} w=0
INFO: 15:55:35.949410 self-stabilizing-binary-consensus.go:142: binValues(11,2)={0} w=0
INFO: 15:55:35.949452 self-stabilizing-binary-consensus.go:143: SEND flag=1 r=11 est={0} aux={0}
INFO: 15:55:35.949694 self-stabilizing-binary-consensus.go:410: RECEIVE j=3 flag=1 r=11 est={0} aux={0}
INFO: 15:55:35.949730 self-stabilizing-binary-consensus.go:427: est[11][3]={0} aux[11][3]={0}
INFO: 15:55:35.953196 self-stabilizing-binary-consensus.go:434: SEND flag=0 r=11 est={0} aux={0}
INFO: 15:55:35.953807 self-stabilizing-binary-consensus.go:410: RECEIVE j=0 flag=0 r=11 est={0} aux={0}
INFO: 15:55:35.953833 self-stabilizing-binary-consensus.go:427: est[11][0]={0} aux[11][0]={0}
INFO: 15:55:35.955191 self-stabilizing-binary-consensus.go:410: RECEIVE j=0 flag=1 r=11 est={0} aux={0}
INFO: 15:55:35.955224 self-stabilizing-binary-consensus.go:427: est[11][0]={0} aux[11][0]={0}
INFO: 15:55:35.955901 self-stabilizing-binary-consensus.go:410: RECEIVE j=3 flag=0 r=11 est={0} aux={0}
INFO: 15:55:35.955931 self-stabilizing-binary-consensus.go:427: est[11][3]={0} aux[11][3]={0}
INFO: 15:55:35.956556 self-stabilizing-binary-consensus.go:410: RECEIVE j=2 flag=0 r=11 est={0} aux={0}
INFO: 15:55:35.956595 self-stabilizing-binary-consensus.go:427: est[11][2]={0} aux[11][2]={0}
INFO: 15:55:35.958154 self-stabilizing-binary-consensus.go:410: RECEIVE j=2 flag=0 r=11 est={0} aux={0}
INFO: 15:55:35.958216 self-stabilizing-binary-consensus.go:427: est[11][2]={0} aux[11][2]={0}
INFO: 15:55:35.958396 self-stabilizing-binary-consensus.go:410: RECEIVE j=0 flag=0 r=11 est={0} aux={0}
INFO: 15:55:35.958443 self-stabilizing-binary-consensus.go:427: est[11][0]={0} aux[11][0]={0}
INFO: 15:55:35.959764 self-stabilizing-binary-consensus.go:410: RECEIVE j=3 flag=0 r=11 est={0} aux={0}
INFO: 15:55:35.959974 self-stabilizing-binary-consensus.go:427: est[11][3]={0} aux[11][3]={0}
INFO: 15:55:35.962562 self-stabilizing-binary-consensus.go:410: RECEIVE j=2 flag=1 r=11 est={0} aux={0}
INFO: 15:55:35.962606 self-stabilizing-binary-consensus.go:427: est[11][2]={0} aux[11][2]={0}
INFO: 15:55:35.966866 self-stabilizing-binary-consensus.go:434: SEND flag=0 r=11 est={0} aux={0}
INFO: 15:55:35.966972 self-stabilizing-binary-consensus.go:410: RECEIVE j=0 flag=0 r=11 est={0} aux={0}
INFO: 15:55:35.966996 self-stabilizing-binary-consensus.go:427: est[11][0]={0} aux[11][0]={0}
INFO: 15:55:35.967006 self-stabilizing-binary-consensus.go:410: RECEIVE j=2 flag=0 r=11 est={0} aux={0}
INFO: 15:55:35.967010 self-stabilizing-binary-consensus.go:427: est[11][2]={0} aux[11][2]={0}
INFO: 15:55:35.968409 self-stabilizing-binary-consensus.go:410: RECEIVE j=3 flag=0 r=11 est={0} aux={0}
INFO: 15:55:35.968506 self-stabilizing-binary-consensus.go:427: est[11][3]={0} aux[11][3]={0}
INFO: 15:55:35.970075 self-stabilizing-binary-consensus.go:434: SEND flag=0 r=11 est={0} aux={0}
INFO: 15:55:37.949892 self-stabilizing-binary-consensus.go:148: infoResults()={0}
INFO: 15:55:37.949930 self-stabilizing-binary-consensus.go:255: randomBit(11)=0
INFO: 15:55:37.949938 self-stabilizing-binary-consensus.go:249: decision=0
INFO: 15:55:37.949963 self-stabilizing-binary-consensus.go:249: decision=0
INFO: 15:55:37.949985 self-stabilizing-binary-consensus.go:90: round=11 repeat=1
INFO: 15:55:37.949993 self-stabilizing-binary-consensus.go:127: binValues(11,3)={0} w=0
INFO: 15:55:37.951573 self-stabilizing-binary-consensus.go:142: binValues(11,2)={0} w=0
INFO: 15:55:37.951585 self-stabilizing-binary-consensus.go:143: SEND flag=1 r=11 est={0} aux={0}
INFO: 15:55:37.951972 self-stabilizing-binary-consensus.go:410: RECEIVE j=3 flag=1 r=11 est={0} aux={0}
INFO: 15:55:37.952000 self-stabilizing-binary-consensus.go:427: est[11][3]={0} aux[11][3]={0}
INFO: 15:55:37.956090 self-stabilizing-binary-consensus.go:410: RECEIVE j=2 flag=0 r=11 est={0} aux={0}
INFO: 15:55:37.956115 self-stabilizing-binary-consensus.go:427: est[11][2]={0} aux[11][2]={0}
INFO: 15:55:37.956956 self-stabilizing-binary-consensus.go:410: RECEIVE j=3 flag=0 r=11 est={0} aux={0}
INFO: 15:55:37.957129 self-stabilizing-binary-consensus.go:427: est[11][3]={0} aux[11][3]={0}
INFO: 15:55:37.958114 self-stabilizing-binary-consensus.go:410: RECEIVE j=2 flag=0 r=11 est={0} aux={0}
INFO: 15:55:37.958179 self-stabilizing-binary-consensus.go:427: est[11][2]={0} aux[11][2]={0}
INFO: 15:55:37.958218 self-stabilizing-binary-consensus.go:434: SEND flag=0 r=11 est={0} aux={0}
INFO: 15:55:37.965519 self-stabilizing-binary-consensus.go:410: RECEIVE j=2 flag=1 r=11 est={0} aux={0}
INFO: 15:55:37.965563 self-stabilizing-binary-consensus.go:427: est[11][2]={0} aux[11][2]={0}
INFO: 15:55:37.967401 self-stabilizing-binary-consensus.go:434: SEND flag=0 r=11 est={0} aux={0}
INFO: 15:55:37.971156 self-stabilizing-binary-consensus.go:410: RECEIVE j=0 flag=0 r=11 est={0} aux={0}
INFO: 15:55:37.971389 self-stabilizing-binary-consensus.go:427: est[11][0]={0} aux[11][0]={0}
INFO: 15:55:37.971913 self-stabilizing-binary-consensus.go:410: RECEIVE j=0 flag=0 r=11 est={0} aux={0}
INFO: 15:55:37.972146 self-stabilizing-binary-consensus.go:427: est[11][0]={0} aux[11][0]={0}
INFO: 15:55:37.975389 self-stabilizing-binary-consensus.go:410: RECEIVE j=0 flag=1 r=11 est={0} aux={0}
INFO: 15:55:37.975427 self-stabilizing-binary-consensus.go:427: est[11][0]={0} aux[11][0]={0}
INFO: 15:55:37.977309 self-stabilizing-binary-consensus.go:434: SEND flag=0 r=11 est={0} aux={0}
INFO: 15:55:37.982176 self-stabilizing-binary-consensus.go:410: RECEIVE j=2 flag=0 r=11 est={0} aux={0}
INFO: 15:55:37.982257 self-stabilizing-binary-consensus.go:427: est[11][2]={0} aux[11][2]={0}
INFO: 15:55:37.982535 self-stabilizing-binary-consensus.go:410: RECEIVE j=0 flag=0 r=11 est={0} aux={0}
INFO: 15:55:37.982564 self-stabilizing-binary-consensus.go:427: est[11][0]={0} aux[11][0]={0}
INFO: 15:55:37.984481 self-stabilizing-binary-consensus.go:410: RECEIVE j=3 flag=0 r=11 est={0} aux={0}
INFO: 15:55:37.984516 self-stabilizing-binary-consensus.go:427: est[11][3]={0} aux[11][3]={0}
INFO: 15:55:37.985587 self-stabilizing-binary-consensus.go:410: RECEIVE j=3 flag=0 r=11 est={0} aux={0}
INFO: 15:55:37.985619 self-stabilizing-binary-consensus.go:427: est[11][3]={0} aux[11][3]={0}
INFO: 15:55:39.952438 self-stabilizing-binary-consensus.go:148: infoResults()={0}
INFO: 15:55:39.952514 self-stabilizing-binary-consensus.go:255: randomBit(11)=0
INFO: 15:55:39.952534 self-stabilizing-binary-consensus.go:249: decision=0
INFO: 15:55:39.952612 self-stabilizing-binary-consensus.go:249: decision=0
INFO: 15:55:39.952699 self-stabilizing-binary-consensus.go:90: round=11 repeat=1
INFO: 15:55:39.952728 self-stabilizing-binary-consensus.go:127: binValues(11,3)={0} w=0
INFO: 15:55:39.959273 self-stabilizing-binary-consensus.go:410: RECEIVE j=3 flag=1 r=11 est={0} aux={0}
INFO: 15:55:39.959307 self-stabilizing-binary-consensus.go:427: est[11][3]={0} aux[11][3]={0}
INFO: 15:55:39.959801 self-stabilizing-binary-consensus.go:142: binValues(11,2)={0} w=0
INFO: 15:55:39.962802 self-stabilizing-binary-consensus.go:143: SEND flag=1 r=11 est={0} aux={0}
INFO: 15:55:39.967838 self-stabilizing-binary-consensus.go:410: RECEIVE j=3 flag=0 r=11 est={0} aux={0}
INFO: 15:55:39.967957 self-stabilizing-binary-consensus.go:427: est[11][3]={0} aux[11][3]={0}
INFO: 15:55:39.968488 self-stabilizing-binary-consensus.go:410: RECEIVE j=0 flag=0 r=11 est={0} aux={0}
INFO: 15:55:39.968529 self-stabilizing-binary-consensus.go:427: est[11][0]={0} aux[11][0]={0}
INFO: 15:55:39.970527 self-stabilizing-binary-consensus.go:410: RECEIVE j=2 flag=0 r=11 est={0} aux={0}
INFO: 15:55:39.970581 self-stabilizing-binary-consensus.go:427: est[11][2]={0} aux[11][2]={0}
INFO: 15:55:39.970899 self-stabilizing-binary-consensus.go:434: SEND flag=0 r=11 est={0} aux={0}
INFO: 15:55:39.971958 self-stabilizing-binary-consensus.go:410: RECEIVE j=0 flag=0 r=11 est={0} aux={0}
INFO: 15:55:39.972002 self-stabilizing-binary-consensus.go:427: est[11][0]={0} aux[11][0]={0}
INFO: 15:55:39.972844 self-stabilizing-binary-consensus.go:410: RECEIVE j=2 flag=0 r=11 est={0} aux={0}
INFO: 15:55:39.972867 self-stabilizing-binary-consensus.go:427: est[11][2]={0} aux[11][2]={0}
INFO: 15:55:39.973429 self-stabilizing-binary-consensus.go:410: RECEIVE j=2 flag=1 r=11 est={0} aux={0}
INFO: 15:55:39.973451 self-stabilizing-binary-consensus.go:427: est[11][2]={0} aux[11][2]={0}
INFO: 15:55:39.977164 self-stabilizing-binary-consensus.go:410: RECEIVE j=3 flag=0 r=11 est={0} aux={0}
INFO: 15:55:39.977215 self-stabilizing-binary-consensus.go:427: est[11][3]={0} aux[11][3]={0}
INFO: 15:55:39.977640 self-stabilizing-binary-consensus.go:434: SEND flag=0 r=11 est={0} aux={0}
INFO: 15:55:39.987094 self-stabilizing-binary-consensus.go:410: RECEIVE j=3 flag=0 r=11 est={0} aux={0}
INFO: 15:55:39.987322 self-stabilizing-binary-consensus.go:427: est[11][3]={0} aux[11][3]={0}
INFO: 15:55:39.987467 self-stabilizing-binary-consensus.go:410: RECEIVE j=0 flag=1 r=11 est={0} aux={0}
INFO: 15:55:39.987638 self-stabilizing-binary-consensus.go:427: est[11][0]={0} aux[11][0]={0}
INFO: 15:55:39.988240 self-stabilizing-binary-consensus.go:410: RECEIVE j=0 flag=0 r=11 est={0} aux={0}
INFO: 15:55:39.988281 self-stabilizing-binary-consensus.go:427: est[11][0]={0} aux[11][0]={0}
INFO: 15:55:39.989115 self-stabilizing-binary-consensus.go:410: RECEIVE j=2 flag=0 r=11 est={0} aux={0}
INFO: 15:55:39.989144 self-stabilizing-binary-consensus.go:427: est[11][2]={0} aux[11][2]={0}
INFO: 15:55:39.990741 self-stabilizing-binary-consensus.go:434: SEND flag=0 r=11 est={0} aux={0}
INFO: 15:55:41.963281 self-stabilizing-binary-consensus.go:148: infoResults()={0}
INFO: 15:55:41.963341 self-stabilizing-binary-consensus.go:255: randomBit(11)=0
INFO: 15:55:41.963392 self-stabilizing-binary-consensus.go:249: decision=0
INFO: 15:55:41.964046 self-stabilizing-binary-consensus.go:410: RECEIVE j=3 flag=1 r=11 est={0} aux={0}
INFO: 15:55:41.964083 self-stabilizing-binary-consensus.go:427: est[11][3]={0} aux[11][3]={0}
INFO: 15:55:41.964248 self-stabilizing-binary-consensus.go:249: decision=0
INFO: 15:55:41.964327 self-stabilizing-binary-consensus.go:90: round=11 repeat=1
INFO: 15:55:41.964362 self-stabilizing-binary-consensus.go:127: binValues(11,3)={0} w=0
INFO: 15:55:41.966080 self-stabilizing-binary-consensus.go:434: SEND flag=0 r=11 est={0} aux={0}
INFO: 15:55:41.967151 self-stabilizing-binary-consensus.go:142: binValues(11,2)={0} w=0
INFO: 15:55:41.967205 self-stabilizing-binary-consensus.go:143: SEND flag=1 r=11 est={0} aux={0}
INFO: 15:55:41.967650 self-stabilizing-binary-consensus.go:410: RECEIVE j=0 flag=0 r=11 est={0} aux={0}
INFO: 15:55:41.967664 self-stabilizing-binary-consensus.go:427: est[11][0]={0} aux[11][0]={0}
INFO: 15:55:41.969689 self-stabilizing-binary-consensus.go:410: RECEIVE j=2 flag=0 r=11 est={0} aux={0}
INFO: 15:55:41.969798 self-stabilizing-binary-consensus.go:427: est[11][2]={0} aux[11][2]={0}
INFO: 15:55:41.971357 self-stabilizing-binary-consensus.go:410: RECEIVE j=3 flag=0 r=11 est={0} aux={0}
INFO: 15:55:41.971402 self-stabilizing-binary-consensus.go:427: est[11][3]={0} aux[11][3]={0}
INFO: 15:55:41.980249 self-stabilizing-binary-consensus.go:410: RECEIVE j=0 flag=0 r=11 est={0} aux={0}
INFO: 15:55:41.980340 self-stabilizing-binary-consensus.go:427: est[11][0]={0} aux[11][0]={0}
INFO: 15:55:41.987950 self-stabilizing-binary-consensus.go:410: RECEIVE j=2 flag=0 r=11 est={0} aux={0}
INFO: 15:55:41.987978 self-stabilizing-binary-consensus.go:427: est[11][2]={0} aux[11][2]={0}
INFO: 15:55:41.988321 self-stabilizing-binary-consensus.go:410: RECEIVE j=0 flag=1 r=11 est={0} aux={0}
INFO: 15:55:41.988722 self-stabilizing-binary-consensus.go:427: est[11][0]={0} aux[11][0]={0}
INFO: 15:55:41.990885 self-stabilizing-binary-consensus.go:434: SEND flag=0 r=11 est={0} aux={0}
INFO: 15:55:41.991355 self-stabilizing-binary-consensus.go:410: RECEIVE j=0 flag=0 r=11 est={0} aux={0}
INFO: 15:55:41.991394 self-stabilizing-binary-consensus.go:427: est[11][0]={0} aux[11][0]={0}
INFO: 15:55:41.991666 self-stabilizing-binary-consensus.go:410: RECEIVE j=2 flag=1 r=11 est={0} aux={0}
INFO: 15:55:41.991794 self-stabilizing-binary-consensus.go:427: est[11][2]={0} aux[11][2]={0}
INFO: 15:55:41.995568 self-stabilizing-binary-consensus.go:410: RECEIVE j=2 flag=0 r=11 est={0} aux={0}
INFO: 15:55:41.995584 self-stabilizing-binary-consensus.go:427: est[11][2]={0} aux[11][2]={0}
INFO: 15:55:41.998555 self-stabilizing-binary-consensus.go:410: RECEIVE j=3 flag=0 r=11 est={0} aux={0}
INFO: 15:55:41.998613 self-stabilizing-binary-consensus.go:427: est[11][3]={0} aux[11][3]={0}
INFO: 15:55:42.002489 self-stabilizing-binary-consensus.go:434: SEND flag=0 r=11 est={0} aux={0}
INFO: 15:55:42.004840 self-stabilizing-binary-consensus.go:410: RECEIVE j=3 flag=0 r=11 est={0} aux={0}
INFO: 15:55:42.004889 self-stabilizing-binary-consensus.go:427: est[11][3]={0} aux[11][3]={0}
INFO: 15:55:43.967762 self-stabilizing-binary-consensus.go:148: infoResults()={0}
INFO: 15:55:43.967785 self-stabilizing-binary-consensus.go:255: randomBit(11)=0
INFO: 15:55:43.967791 self-stabilizing-binary-consensus.go:249: decision=0
INFO: 15:55:43.967803 self-stabilizing-binary-consensus.go:249: decision=0
INFO: 15:55:43.967810 self-stabilizing-binary-consensus.go:90: round=11 repeat=1
INFO: 15:55:43.967815 self-stabilizing-binary-consensus.go:127: binValues(11,3)={0} w=0
INFO: 15:55:43.969383 self-stabilizing-binary-consensus.go:142: binValues(11,2)={0} w=0
INFO: 15:55:43.969398 self-stabilizing-binary-consensus.go:143: SEND flag=1 r=11 est={0} aux={0}
INFO: 15:55:43.972784 self-stabilizing-binary-consensus.go:410: RECEIVE j=3 flag=1 r=11 est={0} aux={0}
INFO: 15:55:43.972813 self-stabilizing-binary-consensus.go:427: est[11][3]={0} aux[11][3]={0}
INFO: 15:55:43.977978 self-stabilizing-binary-consensus.go:434: SEND flag=0 r=11 est={0} aux={0}
INFO: 15:55:43.978444 self-stabilizing-binary-consensus.go:410: RECEIVE j=0 flag=0 r=11 est={0} aux={0}
INFO: 15:55:43.978489 self-stabilizing-binary-consensus.go:427: est[11][0]={0} aux[11][0]={0}
INFO: 15:55:43.978672 self-stabilizing-binary-consensus.go:410: RECEIVE j=3 flag=0 r=11 est={0} aux={0}
INFO: 15:55:43.978706 self-stabilizing-binary-consensus.go:427: est[11][3]={0} aux[11][3]={0}
INFO: 15:55:43.978872 self-stabilizing-binary-consensus.go:410: RECEIVE j=2 flag=0 r=11 est={0} aux={0}
INFO: 15:55:43.978900 self-stabilizing-binary-consensus.go:427: est[11][2]={0} aux[11][2]={0}
INFO: 15:55:43.979027 self-stabilizing-binary-consensus.go:410: RECEIVE j=0 flag=0 r=11 est={0} aux={0}
INFO: 15:55:43.979052 self-stabilizing-binary-consensus.go:427: est[11][0]={0} aux[11][0]={0}
INFO: 15:55:43.984419 self-stabilizing-binary-consensus.go:410: RECEIVE j=2 flag=0 r=11 est={0} aux={0}
INFO: 15:55:43.984458 self-stabilizing-binary-consensus.go:427: est[11][2]={0} aux[11][2]={0}
INFO: 15:55:43.992094 self-stabilizing-binary-consensus.go:410: RECEIVE j=0 flag=1 r=11 est={0} aux={0}
INFO: 15:55:43.992124 self-stabilizing-binary-consensus.go:427: est[11][0]={0} aux[11][0]={0}
INFO: 15:55:43.993773 self-stabilizing-binary-consensus.go:434: SEND flag=0 r=11 est={0} aux={0}
INFO: 15:55:43.998448 self-stabilizing-binary-consensus.go:410: RECEIVE j=2 flag=1 r=11 est={0} aux={0}
INFO: 15:55:43.998495 self-stabilizing-binary-consensus.go:427: est[11][2]={0} aux[11][2]={0}
INFO: 15:55:44.000647 self-stabilizing-binary-consensus.go:410: RECEIVE j=0 flag=0 r=11 est={0} aux={0}
INFO: 15:55:44.000720 self-stabilizing-binary-consensus.go:427: est[11][0]={0} aux[11][0]={0}
INFO: 15:55:44.006733 self-stabilizing-binary-consensus.go:410: RECEIVE j=3 flag=0 r=11 est={0} aux={0}
INFO: 15:55:44.006763 self-stabilizing-binary-consensus.go:427: est[11][3]={0} aux[11][3]={0}
INFO: 15:55:44.007130 self-stabilizing-binary-consensus.go:434: SEND flag=0 r=11 est={0} aux={0}
INFO: 15:55:44.008037 self-stabilizing-binary-consensus.go:410: RECEIVE j=3 flag=0 r=11 est={0} aux={0}
INFO: 15:55:44.008101 self-stabilizing-binary-consensus.go:427: est[11][3]={0} aux[11][3]={0}
INFO: 15:55:44.010774 self-stabilizing-binary-consensus.go:410: RECEIVE j=2 flag=0 r=11 est={0} aux={0}
INFO: 15:55:44.010813 self-stabilizing-binary-consensus.go:427: est[11][2]={0} aux[11][2]={0}
INFO: 15:55:45.970939 self-stabilizing-binary-consensus.go:148: infoResults()={0}
INFO: 15:55:45.971145 self-stabilizing-binary-consensus.go:255: randomBit(11)=0
INFO: 15:55:45.971250 self-stabilizing-binary-consensus.go:249: decision=0
INFO: 15:55:45.971720 self-stabilizing-binary-consensus.go:249: decision=0
INFO: 15:55:45.972068 self-stabilizing-binary-consensus.go:90: round=11 repeat=1
INFO: 15:55:45.972180 self-stabilizing-binary-consensus.go:127: binValues(11,3)={0} w=0
INFO: 15:55:45.976093 self-stabilizing-binary-consensus.go:410: RECEIVE j=3 flag=1 r=11 est={0} aux={0}
INFO: 15:55:45.976127 self-stabilizing-binary-consensus.go:427: est[11][3]={0} aux[11][3]={0}
INFO: 15:55:45.977757 self-stabilizing-binary-consensus.go:434: SEND flag=0 r=11 est={0} aux={0}
INFO: 15:55:45.980586 self-stabilizing-binary-consensus.go:410: RECEIVE j=0 flag=0 r=11 est={0} aux={0}
INFO: 15:55:45.980697 self-stabilizing-binary-consensus.go:427: est[11][0]={0} aux[11][0]={0}
INFO: 15:55:45.982064 self-stabilizing-binary-consensus.go:142: binValues(11,2)={0} w=0
INFO: 15:55:45.982107 self-stabilizing-binary-consensus.go:143: SEND flag=1 r=11 est={0} aux={0}
INFO: 15:55:45.983166 self-stabilizing-binary-consensus.go:410: RECEIVE j=2 flag=0 r=11 est={0} aux={0}
INFO: 15:55:45.983300 self-stabilizing-binary-consensus.go:427: est[11][2]={0} aux[11][2]={0}
INFO: 15:55:45.988250 self-stabilizing-binary-consensus.go:410: RECEIVE j=0 flag=0 r=11 est={0} aux={0}
INFO: 15:55:45.988340 self-stabilizing-binary-consensus.go:427: est[11][0]={0} aux[11][0]={0}
INFO: 15:55:45.992107 self-stabilizing-binary-consensus.go:410: RECEIVE j=3 flag=0 r=11 est={0} aux={0}
INFO: 15:55:45.992151 self-stabilizing-binary-consensus.go:427: est[11][3]={0} aux[11][3]={0}
INFO: 15:55:45.992400 self-stabilizing-binary-consensus.go:410: RECEIVE j=2 flag=0 r=11 est={0} aux={0}
INFO: 15:55:45.992455 self-stabilizing-binary-consensus.go:427: est[11][2]={0} aux[11][2]={0}
INFO: 15:55:45.994346 self-stabilizing-binary-consensus.go:410: RECEIVE j=0 flag=1 r=11 est={0} aux={0}
INFO: 15:55:45.994383 self-stabilizing-binary-consensus.go:427: est[11][0]={0} aux[11][0]={0}
INFO: 15:55:45.996531 self-stabilizing-binary-consensus.go:434: SEND flag=0 r=11 est={0} aux={0}
INFO: 15:55:45.999879 self-stabilizing-binary-consensus.go:410: RECEIVE j=0 flag=0 r=11 est={0} aux={0}
INFO: 15:55:46.000552 self-stabilizing-binary-consensus.go:427: est[11][0]={0} aux[11][0]={0}
INFO: 15:55:46.001794 self-stabilizing-binary-consensus.go:410: RECEIVE j=3 flag=0 r=11 est={0} aux={0}
INFO: 15:55:46.002360 self-stabilizing-binary-consensus.go:427: est[11][3]={0} aux[11][3]={0}
INFO: 15:55:46.005451 self-stabilizing-binary-consensus.go:410: RECEIVE j=2 flag=1 r=11 est={0} aux={0}
INFO: 15:55:46.005507 self-stabilizing-binary-consensus.go:427: est[11][2]={0} aux[11][2]={0}
INFO: 15:55:46.008365 self-stabilizing-binary-consensus.go:410: RECEIVE j=3 flag=0 r=11 est={0} aux={0}
INFO: 15:55:46.008402 self-stabilizing-binary-consensus.go:427: est[11][3]={0} aux[11][3]={0}
INFO: 15:55:46.008607 self-stabilizing-binary-consensus.go:410: RECEIVE j=2 flag=0 r=11 est={0} aux={0}
INFO: 15:55:46.008642 self-stabilizing-binary-consensus.go:427: est[11][2]={0} aux[11][2]={0}
INFO: 15:55:46.009479 self-stabilizing-binary-consensus.go:434: SEND flag=0 r=11 est={0} aux={0}
INFO: 15:55:47.982947 self-stabilizing-binary-consensus.go:148: infoResults()={0}
INFO: 15:55:47.983014 self-stabilizing-binary-consensus.go:255: randomBit(11)=0
INFO: 15:55:47.983030 self-stabilizing-binary-consensus.go:249: decision=0
INFO: 15:55:47.983099 self-stabilizing-binary-consensus.go:249: decision=0
INFO: 15:55:47.983139 self-stabilizing-binary-consensus.go:90: round=11 repeat=1
INFO: 15:55:47.983158 self-stabilizing-binary-consensus.go:127: binValues(11,3)={0} w=0
INFO: 15:55:47.989132 self-stabilizing-binary-consensus.go:410: RECEIVE j=3 flag=1 r=11 est={0} aux={0}
INFO: 15:55:47.989254 self-stabilizing-binary-consensus.go:427: est[11][3]={0} aux[11][3]={0}
INFO: 15:55:47.992442 self-stabilizing-binary-consensus.go:142: binValues(11,2)={0} w=0
INFO: 15:55:48.002710 self-stabilizing-binary-consensus.go:143: SEND flag=1 r=11 est={0} aux={0}
INFO: 15:55:48.007284 self-stabilizing-binary-consensus.go:434: SEND flag=0 r=11 est={0} aux={0}
INFO: 15:55:48.010175 self-stabilizing-binary-consensus.go:410: RECEIVE j=0 flag=1 r=11 est={0} aux={0}
INFO: 15:55:48.010215 self-stabilizing-binary-consensus.go:427: est[11][0]={0} aux[11][0]={0}
INFO: 15:55:48.015125 self-stabilizing-binary-consensus.go:410: RECEIVE j=0 flag=0 r=11 est={0} aux={0}
INFO: 15:55:48.015166 self-stabilizing-binary-consensus.go:427: est[11][0]={0} aux[11][0]={0}
INFO: 15:55:48.019465 self-stabilizing-binary-consensus.go:410: RECEIVE j=2 flag=0 r=11 est={0} aux={0}
INFO: 15:55:48.019598 self-stabilizing-binary-consensus.go:427: est[11][2]={0} aux[11][2]={0}
INFO: 15:55:48.019967 self-stabilizing-binary-consensus.go:410: RECEIVE j=2 flag=0 r=11 est={0} aux={0}
INFO: 15:55:48.020004 self-stabilizing-binary-consensus.go:427: est[11][2]={0} aux[11][2]={0}
INFO: 15:55:48.021257 self-stabilizing-binary-consensus.go:410: RECEIVE j=2 flag=0 r=11 est={0} aux={0}
INFO: 15:55:48.021302 self-stabilizing-binary-consensus.go:427: est[11][2]={0} aux[11][2]={0}
INFO: 15:55:48.021263 self-stabilizing-binary-consensus.go:410: RECEIVE j=3 flag=0 r=11 est={0} aux={0}
INFO: 15:55:48.021315 self-stabilizing-binary-consensus.go:427: est[11][3]={0} aux[11][3]={0}
INFO: 15:55:48.021400 self-stabilizing-binary-consensus.go:410: RECEIVE j=3 flag=0 r=11 est={0} aux={0}
INFO: 15:55:48.021436 self-stabilizing-binary-consensus.go:427: est[11][3]={0} aux[11][3]={0}
INFO: 15:55:48.021829 self-stabilizing-binary-consensus.go:434: SEND flag=0 r=11 est={0} aux={0}
INFO: 15:55:48.022022 self-stabilizing-binary-consensus.go:410: RECEIVE j=0 flag=0 r=11 est={0} aux={0}
INFO: 15:55:48.022547 self-stabilizing-binary-consensus.go:427: est[11][0]={0} aux[11][0]={0}
INFO: 15:55:48.022024 self-stabilizing-binary-consensus.go:410: RECEIVE j=2 flag=1 r=11 est={0} aux={0}
INFO: 15:55:48.022560 self-stabilizing-binary-consensus.go:427: est[11][2]={0} aux[11][2]={0}
INFO: 15:55:48.022131 self-stabilizing-binary-consensus.go:410: RECEIVE j=0 flag=0 r=11 est={0} aux={0}
INFO: 15:55:48.023682 self-stabilizing-binary-consensus.go:427: est[11][0]={0} aux[11][0]={0}
INFO: 15:55:48.025708 self-stabilizing-binary-consensus.go:410: RECEIVE j=3 flag=0 r=11 est={0} aux={0}
INFO: 15:55:48.025722 self-stabilizing-binary-consensus.go:427: est[11][3]={0} aux[11][3]={0}
INFO: 15:55:48.026150 self-stabilizing-binary-consensus.go:434: SEND flag=0 r=11 est={0} aux={0}
INFO: 15:55:49.991647 self-stabilizing-binary-consensus.go:410: RECEIVE j=3 flag=1 r=11 est={0} aux={0}
INFO: 15:55:49.991689 self-stabilizing-binary-consensus.go:427: est[11][3]={0} aux[11][3]={0}
INFO: 15:55:49.993900 self-stabilizing-binary-consensus.go:434: SEND flag=0 r=11 est={0} aux={0}
INFO: 15:55:49.995090 self-stabilizing-binary-consensus.go:410: RECEIVE j=0 flag=0 r=11 est={0} aux={0}
INFO: 15:55:49.995146 self-stabilizing-binary-consensus.go:427: est[11][0]={0} aux[11][0]={0}
INFO: 15:55:49.995917 self-stabilizing-binary-consensus.go:410: RECEIVE j=2 flag=0 r=11 est={0} aux={0}
INFO: 15:55:49.995944 self-stabilizing-binary-consensus.go:427: est[11][2]={0} aux[11][2]={0}
INFO: 15:55:50.003159 self-stabilizing-binary-consensus.go:148: infoResults()={0}
INFO: 15:55:50.003434 self-stabilizing-binary-consensus.go:255: randomBit(11)=0
INFO: 15:55:50.003503 self-stabilizing-binary-consensus.go:249: decision=0
INFO: 15:55:50.003552 self-stabilizing-binary-consensus.go:249: decision=0
INFO: 15:55:50.003579 self-stabilizing-binary-consensus.go:90: round=11 repeat=1
INFO: 15:55:50.003589 self-stabilizing-binary-consensus.go:127: binValues(11,3)={0} w=0
INFO: 15:55:50.005474 self-stabilizing-binary-consensus.go:142: binValues(11,2)={0} w=0
INFO: 15:55:50.005507 self-stabilizing-binary-consensus.go:143: SEND flag=1 r=11 est={0} aux={0}
INFO: 15:55:50.009857 self-stabilizing-binary-consensus.go:410: RECEIVE j=3 flag=0 r=11 est={0} aux={0}
INFO: 15:55:50.009894 self-stabilizing-binary-consensus.go:427: est[11][3]={0} aux[11][3]={0}
INFO: 15:55:50.010127 self-stabilizing-binary-consensus.go:410: RECEIVE j=2 flag=0 r=11 est={0} aux={0}
INFO: 15:55:50.010152 self-stabilizing-binary-consensus.go:427: est[11][2]={0} aux[11][2]={0}
INFO: 15:55:50.010468 self-stabilizing-binary-consensus.go:410: RECEIVE j=0 flag=1 r=11 est={0} aux={0}
INFO: 15:55:50.010504 self-stabilizing-binary-consensus.go:427: est[11][0]={0} aux[11][0]={0}
INFO: 15:55:50.012127 self-stabilizing-binary-consensus.go:434: SEND flag=0 r=11 est={0} aux={0}
INFO: 15:55:50.015375 self-stabilizing-binary-consensus.go:410: RECEIVE j=0 flag=0 r=11 est={0} aux={0}
INFO: 15:55:50.015437 self-stabilizing-binary-consensus.go:427: est[11][0]={0} aux[11][0]={0}
INFO: 15:55:50.015973 self-stabilizing-binary-consensus.go:410: RECEIVE j=3 flag=0 r=11 est={0} aux={0}
INFO: 15:55:50.015991 self-stabilizing-binary-consensus.go:427: est[11][3]={0} aux[11][3]={0}
INFO: 15:55:50.021695 self-stabilizing-binary-consensus.go:410: RECEIVE j=2 flag=0 r=11 est={0} aux={0}
INFO: 15:55:50.021738 self-stabilizing-binary-consensus.go:427: est[11][2]={0} aux[11][2]={0}
INFO: 15:55:50.023257 self-stabilizing-binary-consensus.go:410: RECEIVE j=2 flag=1 r=11 est={0} aux={0}
INFO: 15:55:50.023306 self-stabilizing-binary-consensus.go:427: est[11][2]={0} aux[11][2]={0}
INFO: 15:55:50.025308 self-stabilizing-binary-consensus.go:434: SEND flag=0 r=11 est={0} aux={0}
INFO: 15:55:50.027067 self-stabilizing-binary-consensus.go:410: RECEIVE j=0 flag=0 r=11 est={0} aux={0}
INFO: 15:55:50.027171 self-stabilizing-binary-consensus.go:427: est[11][0]={0} aux[11][0]={0}
INFO: 15:55:50.031132 self-stabilizing-binary-consensus.go:410: RECEIVE j=3 flag=0 r=11 est={0} aux={0}
INFO: 15:55:50.031201 self-stabilizing-binary-consensus.go:427: est[11][3]={0} aux[11][3]={0}
