INFO: 01:22:48.293339 main.go:29: ID:1 | N:4 | F:1 | Clients:1 | Scenario:NORMAL | Remote:false

INFO: 01:22:48.293715 messenger.go:90: Receive from Server 0 on tcp://*:4100
INFO: 01:22:48.294120 messenger.go:107: Send to Server 0 on tcp://localhost:4001
INFO: 01:22:48.294180 messenger.go:90: Receive from Server 2 on tcp://*:4102
INFO: 01:22:48.294225 messenger.go:107: Send to Server 2 on tcp://localhost:4201
INFO: 01:22:48.294271 messenger.go:90: Receive from Server 3 on tcp://*:4103
INFO: 01:22:48.294315 messenger.go:107: Send to Server 3 on tcp://localhost:4301
INFO: 01:22:48.294338 messenger.go:113: -----------------------------------------
INFO: 01:22:48.294377 messenger.go:135: Requests from Client 0 on tcp://*:7100
INFO: 01:22:48.294426 messenger.go:152: Response to Client 0 on tcp://*:10100
INFO: 01:22:48.294449 messenger.go:155: -----------------------------------------

INFO: 01:22:48.298102 main.go:83: Initial estimate value:  1
INFO: 01:22:48.298162 self-stabilizing-binary-consensus.go:93: round=1 repeat=1
INFO: 01:22:48.298171 self-stabilizing-binary-consensus.go:200: binValues(1,3)={}
INFO: 01:22:48.298175 self-stabilizing-binary-consensus.go:200: binValues(1,2)={}
INFO: 01:22:48.300233 self-stabilizing-binary-consensus.go:141: SEND flag=1 r=1 est={1} aux={}
INFO: 01:22:48.303018 self-stabilizing-binary-consensus.go:431: RECEIVE j=2 flag=1 r=1 est={0} aux={}
INFO: 01:22:48.303058 self-stabilizing-binary-consensus.go:433: est[1][2]={0} aux[1][2]={}
INFO: 01:22:48.310359 self-stabilizing-binary-consensus.go:441: SEND flag=0 r=1 est={1} aux={}
INFO: 01:22:48.310417 self-stabilizing-binary-consensus.go:431: RECEIVE j=3 flag=1 r=1 est={1} aux={}
INFO: 01:22:48.310428 self-stabilizing-binary-consensus.go:433: est[1][3]={1} aux[1][3]={}
INFO: 01:22:48.313128 self-stabilizing-binary-consensus.go:441: SEND flag=0 r=1 est={1} aux={}
INFO: 01:22:48.313214 self-stabilizing-binary-consensus.go:431: RECEIVE j=2 flag=0 r=1 est={0} aux={}
INFO: 01:22:48.313236 self-stabilizing-binary-consensus.go:433: est[1][2]={0} aux[1][2]={}
INFO: 01:22:48.313245 self-stabilizing-binary-consensus.go:431: RECEIVE j=3 flag=0 r=1 est={1} aux={}
INFO: 01:22:48.313250 self-stabilizing-binary-consensus.go:433: est[1][3]={1} aux[1][3]={}
INFO: 01:22:48.314364 self-stabilizing-binary-consensus.go:431: RECEIVE j=3 flag=0 r=1 est={1} aux={}
INFO: 01:22:48.314467 self-stabilizing-binary-consensus.go:433: est[1][3]={1} aux[1][3]={}
INFO: 01:22:48.457655 self-stabilizing-binary-consensus.go:431: RECEIVE j=0 flag=1 r=1 est={0} aux={}
INFO: 01:22:48.457851 self-stabilizing-binary-consensus.go:433: est[1][0]={0} aux[1][0]={}
INFO: 01:22:48.476729 self-stabilizing-binary-consensus.go:441: SEND flag=0 r=1 est={1} aux={}
INFO: 01:22:48.476810 self-stabilizing-binary-consensus.go:431: RECEIVE j=0 flag=0 r=1 est={0} aux={}
INFO: 01:22:48.476931 self-stabilizing-binary-consensus.go:433: est[1][0]={0} aux[1][0]={}
INFO: 01:22:48.476993 self-stabilizing-binary-consensus.go:431: RECEIVE j=0 flag=0 r=1 est={0} aux={}
INFO: 01:22:48.477033 self-stabilizing-binary-consensus.go:433: est[1][0]={0} aux[1][0]={}
INFO: 01:22:48.478505 self-stabilizing-binary-consensus.go:431: RECEIVE j=2 flag=0 r=1 est={0} aux={}
INFO: 01:22:48.478620 self-stabilizing-binary-consensus.go:433: est[1][2]={0} aux[1][2]={}
INFO: 01:22:48.479163 self-stabilizing-binary-consensus.go:431: RECEIVE j=3 flag=0 r=1 est={1} aux={}
INFO: 01:22:48.479445 self-stabilizing-binary-consensus.go:433: est[1][3]={1} aux[1][3]={}
INFO: 01:22:48.484737 self-stabilizing-binary-consensus.go:431: RECEIVE j=0 flag=0 r=1 est={0} aux={}
INFO: 01:22:48.484787 self-stabilizing-binary-consensus.go:433: est[1][0]={0} aux[1][0]={}
INFO: 01:22:48.485197 self-stabilizing-binary-consensus.go:431: RECEIVE j=2 flag=0 r=1 est={0} aux={}
INFO: 01:22:48.485256 self-stabilizing-binary-consensus.go:433: est[1][2]={0} aux[1][2]={}
INFO: 01:22:49.296417 self-stabilizing-binary-consensus.go:431: RECEIVE j=0 flag=1 r=1 est={0 1} aux={}
INFO: 01:22:49.296452 self-stabilizing-binary-consensus.go:433: est[1][0]={0 1} aux[1][0]={}
INFO: 01:22:49.298227 self-stabilizing-binary-consensus.go:441: SEND flag=0 r=1 est={1} aux={}
INFO: 01:22:49.300897 self-stabilizing-binary-consensus.go:431: RECEIVE j=3 flag=0 r=1 est={1} aux={}
INFO: 01:22:49.301233 self-stabilizing-binary-consensus.go:433: est[1][3]={1} aux[1][3]={}
INFO: 01:22:49.303821 self-stabilizing-binary-consensus.go:200: binValues(1,3)={}
INFO: 01:22:49.303865 self-stabilizing-binary-consensus.go:225: infoResults()={}
INFO: 01:22:49.303884 self-stabilizing-binary-consensus.go:93: round=1 repeat=2
INFO: 01:22:49.303902 self-stabilizing-binary-consensus.go:200: binValues(1,3)={}
INFO: 01:22:49.303920 self-stabilizing-binary-consensus.go:200: binValues(1,2)={0 1}
INFO: 01:22:49.304303 self-stabilizing-binary-consensus.go:431: RECEIVE j=3 flag=0 r=1 est={1} aux={}
INFO: 01:22:49.304538 self-stabilizing-binary-consensus.go:433: est[1][3]={1} aux[1][3]={}
INFO: 01:22:49.304694 self-stabilizing-binary-consensus.go:431: RECEIVE j=2 flag=1 r=1 est={0 1} aux={}
INFO: 01:22:49.304761 self-stabilizing-binary-consensus.go:433: est[1][2]={0 1} aux[1][2]={}
INFO: 01:22:49.307556 self-stabilizing-binary-consensus.go:441: SEND flag=0 r=1 est={1} aux={}
INFO: 01:22:49.307593 self-stabilizing-binary-consensus.go:431: RECEIVE j=2 flag=0 r=1 est={0} aux={}
INFO: 01:22:49.307602 self-stabilizing-binary-consensus.go:433: est[1][2]={0 1} aux[1][2]={}
INFO: 01:22:49.307608 self-stabilizing-binary-consensus.go:431: RECEIVE j=0 flag=0 r=1 est={0} aux={}
INFO: 01:22:49.307612 self-stabilizing-binary-consensus.go:433: est[1][0]={0 1} aux[1][0]={}
INFO: 01:22:49.309231 self-stabilizing-binary-consensus.go:141: SEND flag=1 r=1 est={0 1} aux={}
INFO: 01:22:49.312368 self-stabilizing-binary-consensus.go:431: RECEIVE j=2 flag=0 r=1 est={0} aux={}
INFO: 01:22:49.313368 self-stabilizing-binary-consensus.go:433: est[1][2]={0 1} aux[1][2]={}
INFO: 01:22:49.313401 self-stabilizing-binary-consensus.go:431: RECEIVE j=0 flag=0 r=1 est={0} aux={}
INFO: 01:22:49.313420 self-stabilizing-binary-consensus.go:433: est[1][0]={0 1} aux[1][0]={}
INFO: 01:22:49.313439 self-stabilizing-binary-consensus.go:431: RECEIVE j=3 flag=1 r=1 est={0 1} aux={1}
INFO: 01:22:49.313456 self-stabilizing-binary-consensus.go:433: est[1][3]={0 1} aux[1][3]={1}
INFO: 01:22:49.315282 self-stabilizing-binary-consensus.go:441: SEND flag=0 r=1 est={1} aux={}
INFO: 01:22:49.318764 self-stabilizing-binary-consensus.go:431: RECEIVE j=0 flag=0 r=1 est={0} aux={}
INFO: 01:22:49.318861 self-stabilizing-binary-consensus.go:433: est[1][0]={0 1} aux[1][0]={}
INFO: 01:22:49.318984 self-stabilizing-binary-consensus.go:431: RECEIVE j=2 flag=0 r=1 est={0} aux={}
INFO: 01:22:49.319021 self-stabilizing-binary-consensus.go:433: est[1][2]={0 1} aux[1][2]={}
INFO: 01:22:49.319758 self-stabilizing-binary-consensus.go:431: RECEIVE j=3 flag=0 r=1 est={1} aux={1}
INFO: 01:22:49.319781 self-stabilizing-binary-consensus.go:433: est[1][3]={0 1} aux[1][3]={1}
INFO: 01:22:50.307118 self-stabilizing-binary-consensus.go:431: RECEIVE j=2 flag=1 r=1 est={0 1} aux={0}
INFO: 01:22:50.307182 self-stabilizing-binary-consensus.go:433: est[1][2]={0 1} aux[1][2]={0}
INFO: 01:22:50.309702 self-stabilizing-binary-consensus.go:441: SEND flag=0 r=1 est={1} aux={}
INFO: 01:22:50.310313 self-stabilizing-binary-consensus.go:431: RECEIVE j=0 flag=1 r=1 est={0 1} aux={0}
INFO: 01:22:50.310529 self-stabilizing-binary-consensus.go:433: est[1][0]={0 1} aux[1][0]={0}
INFO: 01:22:50.310264 self-stabilizing-binary-consensus.go:200: binValues(1,3)={0 1}
INFO: 01:22:50.311016 self-stabilizing-binary-consensus.go:225: infoResults()={}
INFO: 01:22:50.311028 self-stabilizing-binary-consensus.go:93: round=1 repeat=3
INFO: 01:22:50.311035 self-stabilizing-binary-consensus.go:200: binValues(1,3)={0 1}
INFO: 01:22:50.311041 self-stabilizing-binary-consensus.go:132: aux[1][1]=0
INFO: 01:22:50.311050 self-stabilizing-binary-consensus.go:200: binValues(1,2)={0 1}
INFO: 01:22:50.313457 self-stabilizing-binary-consensus.go:441: SEND flag=0 r=1 est={1} aux={0}
INFO: 01:22:50.313503 self-stabilizing-binary-consensus.go:431: RECEIVE j=3 flag=0 r=1 est={1} aux={1}
INFO: 01:22:50.313537 self-stabilizing-binary-consensus.go:433: est[1][3]={0 1} aux[1][3]={1}
INFO: 01:22:50.313565 self-stabilizing-binary-consensus.go:431: RECEIVE j=0 flag=0 r=1 est={0} aux={0}
INFO: 01:22:50.313596 self-stabilizing-binary-consensus.go:433: est[1][0]={0 1} aux[1][0]={0}
INFO: 01:22:50.313627 self-stabilizing-binary-consensus.go:431: RECEIVE j=2 flag=0 r=1 est={0} aux={0}
INFO: 01:22:50.313655 self-stabilizing-binary-consensus.go:433: est[1][2]={0 1} aux[1][2]={0}
INFO: 01:22:50.316026 self-stabilizing-binary-consensus.go:431: RECEIVE j=3 flag=0 r=1 est={1} aux={1}
INFO: 01:22:50.316082 self-stabilizing-binary-consensus.go:433: est[1][3]={0 1} aux[1][3]={1}
INFO: 01:22:50.316562 self-stabilizing-binary-consensus.go:141: SEND flag=1 r=1 est={0 1} aux={0}
INFO: 01:22:50.323367 self-stabilizing-binary-consensus.go:431: RECEIVE j=3 flag=1 r=1 est={0 1} aux={1}
INFO: 01:22:50.323385 self-stabilizing-binary-consensus.go:433: est[1][3]={0 1} aux[1][3]={1}
INFO: 01:22:50.328422 self-stabilizing-binary-consensus.go:441: SEND flag=0 r=1 est={1} aux={0}
INFO: 01:22:50.328458 self-stabilizing-binary-consensus.go:431: RECEIVE j=3 flag=0 r=1 est={1} aux={1}
INFO: 01:22:50.328469 self-stabilizing-binary-consensus.go:433: est[1][3]={0 1} aux[1][3]={1}
INFO: 01:22:50.328479 self-stabilizing-binary-consensus.go:431: RECEIVE j=0 flag=0 r=1 est={0} aux={0}
INFO: 01:22:50.328486 self-stabilizing-binary-consensus.go:433: est[1][0]={0 1} aux[1][0]={0}
INFO: 01:22:50.328495 self-stabilizing-binary-consensus.go:431: RECEIVE j=0 flag=0 r=1 est={0} aux={0}
INFO: 01:22:50.328503 self-stabilizing-binary-consensus.go:433: est[1][0]={0 1} aux[1][0]={0}
INFO: 01:22:50.330438 self-stabilizing-binary-consensus.go:431: RECEIVE j=2 flag=0 r=1 est={0} aux={0}
INFO: 01:22:50.330474 self-stabilizing-binary-consensus.go:433: est[1][2]={0 1} aux[1][2]={0}
INFO: 01:22:50.333177 self-stabilizing-binary-consensus.go:431: RECEIVE j=2 flag=0 r=1 est={0} aux={0}
INFO: 01:22:50.333229 self-stabilizing-binary-consensus.go:433: est[1][2]={0 1} aux[1][2]={0}
INFO: 01:22:51.316830 self-stabilizing-binary-consensus.go:200: binValues(1,3)={0 1}
INFO: 01:22:51.316939 self-stabilizing-binary-consensus.go:225: infoResults()={0}
INFO: 01:22:51.316970 self-stabilizing-binary-consensus.go:200: binValues(1,3)={0 1}
INFO: 01:22:51.316992 self-stabilizing-binary-consensus.go:225: infoResults()={0}
INFO: 01:22:51.317014 self-stabilizing-binary-consensus.go:256: randomBit(1)=0
INFO: 01:22:51.317037 self-stabilizing-binary-consensus.go:249: decision=0
INFO: 01:22:51.317100 self-stabilizing-binary-consensus.go:200: binValues(11,2)={}
INFO: 01:22:51.317153 self-stabilizing-binary-consensus.go:93: round=11 repeat=1
INFO: 01:22:51.317188 self-stabilizing-binary-consensus.go:200: binValues(11,3)={}
INFO: 01:22:51.317265 self-stabilizing-binary-consensus.go:200: binValues(11,2)={}
INFO: 01:22:51.317316 self-stabilizing-binary-consensus.go:431: RECEIVE j=0 flag=1 r=11 est={0} aux={0}
INFO: 01:22:51.317365 self-stabilizing-binary-consensus.go:433: est[11][0]={0} aux[11][0]={0}
INFO: 01:22:51.319244 self-stabilizing-binary-consensus.go:141: SEND flag=1 r=11 est={0} aux={0}
INFO: 01:22:51.328714 self-stabilizing-binary-consensus.go:441: SEND flag=0 r=11 est={0} aux={0}
INFO: 01:22:51.328744 self-stabilizing-binary-consensus.go:431: RECEIVE j=2 flag=1 r=11 est={0} aux={0}
INFO: 01:22:51.328754 self-stabilizing-binary-consensus.go:433: est[11][2]={0} aux[11][2]={0}
INFO: 01:22:51.335770 self-stabilizing-binary-consensus.go:441: SEND flag=0 r=11 est={0} aux={0}
INFO: 01:22:51.335919 self-stabilizing-binary-consensus.go:431: RECEIVE j=0 flag=0 r=11 est={0} aux={0}
INFO: 01:22:51.335948 self-stabilizing-binary-consensus.go:433: est[11][0]={0} aux[11][0]={0}
INFO: 01:22:51.335972 self-stabilizing-binary-consensus.go:431: RECEIVE j=2 flag=0 r=11 est={0} aux={0}
INFO: 01:22:51.335992 self-stabilizing-binary-consensus.go:433: est[11][2]={0} aux[11][2]={0}
INFO: 01:22:51.336013 self-stabilizing-binary-consensus.go:431: RECEIVE j=0 flag=0 r=11 est={0} aux={0}
INFO: 01:22:51.336034 self-stabilizing-binary-consensus.go:433: est[11][0]={0} aux[11][0]={0}
INFO: 01:22:51.336068 self-stabilizing-binary-consensus.go:431: RECEIVE j=2 flag=0 r=11 est={0} aux={0}
INFO: 01:22:51.336089 self-stabilizing-binary-consensus.go:433: est[11][2]={0} aux[11][2]={0}
INFO: 01:22:51.336110 self-stabilizing-binary-consensus.go:431: RECEIVE j=3 flag=0 r=11 est={0} aux={0}
INFO: 01:22:51.336130 self-stabilizing-binary-consensus.go:433: est[11][3]={0} aux[11][3]={0}
INFO: 01:22:51.336151 self-stabilizing-binary-consensus.go:431: RECEIVE j=3 flag=0 r=11 est={0} aux={0}
INFO: 01:22:51.336303 self-stabilizing-binary-consensus.go:433: est[11][3]={0} aux[11][3]={0}
INFO: 01:22:51.337836 self-stabilizing-binary-consensus.go:431: RECEIVE j=3 flag=1 r=11 est={0} aux={0}
INFO: 01:22:51.338285 self-stabilizing-binary-consensus.go:433: est[11][3]={0} aux[11][3]={0}
INFO: 01:22:51.348044 self-stabilizing-binary-consensus.go:441: SEND flag=0 r=11 est={0} aux={0}
INFO: 01:22:51.348189 self-stabilizing-binary-consensus.go:431: RECEIVE j=3 flag=0 r=11 est={0} aux={0}
INFO: 01:22:51.348233 self-stabilizing-binary-consensus.go:433: est[11][3]={0} aux[11][3]={0}
INFO: 01:22:51.351922 self-stabilizing-binary-consensus.go:431: RECEIVE j=2 flag=0 r=11 est={0} aux={0}
INFO: 01:22:51.352010 self-stabilizing-binary-consensus.go:433: est[11][2]={0} aux[11][2]={0}
INFO: 01:22:51.353920 self-stabilizing-binary-consensus.go:431: RECEIVE j=0 flag=0 r=11 est={0} aux={0}
INFO: 01:22:51.353955 self-stabilizing-binary-consensus.go:433: est[11][0]={0} aux[11][0]={0}
INFO: 01:22:52.315949 self-stabilizing-binary-consensus.go:431: RECEIVE j=0 flag=1 r=11 est={0} aux={0}
INFO: 01:22:52.316393 self-stabilizing-binary-consensus.go:433: est[11][0]={0} aux[11][0]={0}
INFO: 01:22:52.320511 self-stabilizing-binary-consensus.go:200: binValues(11,3)={0}
INFO: 01:22:52.320930 self-stabilizing-binary-consensus.go:225: infoResults()={0}
INFO: 01:22:52.320964 self-stabilizing-binary-consensus.go:200: binValues(11,3)={0}
INFO: 01:22:52.320985 self-stabilizing-binary-consensus.go:225: infoResults()={0}
INFO: 01:22:52.321005 self-stabilizing-binary-consensus.go:256: randomBit(11)=0
INFO: 01:22:52.321024 self-stabilizing-binary-consensus.go:249: decision=0
INFO: 01:22:52.321070 self-stabilizing-binary-consensus.go:200: binValues(11,2)={0}
INFO: 01:22:52.321123 self-stabilizing-binary-consensus.go:249: decision=0
INFO: 01:22:52.321169 self-stabilizing-binary-consensus.go:93: round=11 repeat=1
INFO: 01:22:52.321200 self-stabilizing-binary-consensus.go:200: binValues(11,3)={0}
INFO: 01:22:52.321221 self-stabilizing-binary-consensus.go:200: binValues(11,2)={0}
INFO: 01:22:52.321549 self-stabilizing-binary-consensus.go:441: SEND flag=0 r=11 est={0} aux={0}
INFO: 01:22:52.322067 self-stabilizing-binary-consensus.go:431: RECEIVE j=0 flag=0 r=11 est={0} aux={0}
INFO: 01:22:52.322089 self-stabilizing-binary-consensus.go:433: est[11][0]={0} aux[11][0]={0}
INFO: 01:22:52.324645 self-stabilizing-binary-consensus.go:431: RECEIVE j=2 flag=1 r=11 est={0} aux={0}
INFO: 01:22:52.324705 self-stabilizing-binary-consensus.go:433: est[11][2]={0} aux[11][2]={0}
INFO: 01:22:52.325905 self-stabilizing-binary-consensus.go:431: RECEIVE j=3 flag=0 r=11 est={0} aux={0}
INFO: 01:22:52.325941 self-stabilizing-binary-consensus.go:433: est[11][3]={0} aux[11][3]={0}
INFO: 01:22:52.326089 self-stabilizing-binary-consensus.go:431: RECEIVE j=2 flag=0 r=11 est={0} aux={0}
INFO: 01:22:52.326111 self-stabilizing-binary-consensus.go:433: est[11][2]={0} aux[11][2]={0}
INFO: 01:22:52.329524 self-stabilizing-binary-consensus.go:141: SEND flag=1 r=11 est={0} aux={0}
INFO: 01:22:52.329911 self-stabilizing-binary-consensus.go:431: RECEIVE j=0 flag=0 r=11 est={0} aux={0}
INFO: 01:22:52.329935 self-stabilizing-binary-consensus.go:433: est[11][0]={0} aux[11][0]={0}
INFO: 01:22:52.330818 self-stabilizing-binary-consensus.go:431: RECEIVE j=3 flag=0 r=11 est={0} aux={0}
INFO: 01:22:52.330856 self-stabilizing-binary-consensus.go:433: est[11][3]={0} aux[11][3]={0}
INFO: 01:22:52.331316 self-stabilizing-binary-consensus.go:441: SEND flag=0 r=11 est={0} aux={0}
INFO: 01:22:52.334680 self-stabilizing-binary-consensus.go:431: RECEIVE j=3 flag=0 r=11 est={0} aux={0}
INFO: 01:22:52.334743 self-stabilizing-binary-consensus.go:433: est[11][3]={0} aux[11][3]={0}
INFO: 01:22:52.336117 self-stabilizing-binary-consensus.go:431: RECEIVE j=2 flag=0 r=11 est={0} aux={0}
INFO: 01:22:52.336160 self-stabilizing-binary-consensus.go:433: est[11][2]={0} aux[11][2]={0}
INFO: 01:22:52.350343 self-stabilizing-binary-consensus.go:431: RECEIVE j=3 flag=1 r=11 est={0} aux={0}
INFO: 01:22:52.350386 self-stabilizing-binary-consensus.go:433: est[11][3]={0} aux[11][3]={0}
INFO: 01:22:52.351992 self-stabilizing-binary-consensus.go:431: RECEIVE j=2 flag=0 r=11 est={0} aux={0}
INFO: 01:22:52.352026 self-stabilizing-binary-consensus.go:433: est[11][2]={0} aux[11][2]={0}
INFO: 01:22:52.352716 self-stabilizing-binary-consensus.go:431: RECEIVE j=0 flag=0 r=11 est={0} aux={0}
INFO: 01:22:52.352751 self-stabilizing-binary-consensus.go:433: est[11][0]={0} aux[11][0]={0}
INFO: 01:22:52.353107 self-stabilizing-binary-consensus.go:441: SEND flag=0 r=11 est={0} aux={0}
INFO: 01:22:53.299451 self-stabilizing-multivalued-consensus.go:18: Successful decide
