INFO: 01:44:09.529963 main.go:29: ID:1 | N:10 | F:3 | Clients:1 | Scenario:NORMAL | Remote:false

INFO: 01:44:09.531688 messenger.go:90: Receive from Server 0 on tcp://*:4100
INFO: 01:44:09.531882 messenger.go:107: Send to Server 0 on tcp://localhost:4001
INFO: 01:44:09.531936 messenger.go:90: Receive from Server 2 on tcp://*:4102
INFO: 01:44:09.532015 messenger.go:107: Send to Server 2 on tcp://localhost:4201
INFO: 01:44:09.532082 messenger.go:90: Receive from Server 3 on tcp://*:4103
INFO: 01:44:09.532143 messenger.go:107: Send to Server 3 on tcp://localhost:4301
INFO: 01:44:09.532208 messenger.go:90: Receive from Server 4 on tcp://*:4104
INFO: 01:44:09.532264 messenger.go:107: Send to Server 4 on tcp://localhost:4401
INFO: 01:44:09.532328 messenger.go:90: Receive from Server 5 on tcp://*:4105
INFO: 01:44:09.532390 messenger.go:107: Send to Server 5 on tcp://localhost:4501
INFO: 01:44:09.532451 messenger.go:90: Receive from Server 6 on tcp://*:4106
INFO: 01:44:09.532507 messenger.go:107: Send to Server 6 on tcp://localhost:4601
INFO: 01:44:09.532572 messenger.go:90: Receive from Server 7 on tcp://*:4107
INFO: 01:44:09.532628 messenger.go:107: Send to Server 7 on tcp://localhost:4701
INFO: 01:44:09.532690 messenger.go:90: Receive from Server 8 on tcp://*:4108
INFO: 01:44:09.532753 messenger.go:107: Send to Server 8 on tcp://localhost:4801
INFO: 01:44:09.532819 messenger.go:90: Receive from Server 9 on tcp://*:4109
INFO: 01:44:09.532879 messenger.go:107: Send to Server 9 on tcp://localhost:4901
INFO: 01:44:09.532906 messenger.go:113: -----------------------------------------
INFO: 01:44:09.532957 messenger.go:135: Requests from Client 0 on tcp://*:7100
INFO: 01:44:09.533032 messenger.go:152: Response to Client 0 on tcp://*:10100
INFO: 01:44:09.533057 messenger.go:155: -----------------------------------------

INFO: 01:44:09.603561 main.go:83: Initial estimate value:  0
INFO: 01:44:09.709434 messenger.go:346: RECEIVED EST from 7
INFO: 01:44:09.716907 messenger.go:346: RECEIVED EST from 8
INFO: 01:44:09.719134 messenger.go:346: RECEIVED EST from 0
INFO: 01:44:09.719502 messenger.go:346: RECEIVED EST from 3
INFO: 01:44:09.743386 messenger.go:346: RECEIVED EST from 9
INFO: 01:44:09.756487 messenger.go:346: RECEIVED EST from 5
INFO: 01:44:09.757965 messenger.go:270: SENT EST to 6
INFO: 01:44:09.836400 messenger.go:346: RECEIVED EST from 6
INFO: 01:44:09.837388 messenger.go:270: SENT EST to 7
INFO: 01:44:09.837570 messenger.go:346: RECEIVED EST from 4
INFO: 01:44:09.839078 messenger.go:346: RECEIVED EST from 7
INFO: 01:44:09.839188 messenger.go:270: SENT EST to 4
INFO: 01:44:09.839229 messenger.go:270: SENT EST to 0
INFO: 01:44:09.842245 messenger.go:270: SENT EST to 9
INFO: 01:44:09.842303 messenger.go:270: SENT EST to 5
INFO: 01:44:09.842457 messenger.go:346: RECEIVED EST from 3
INFO: 01:44:09.846136 messenger.go:346: RECEIVED EST from 8
INFO: 01:44:09.850832 messenger.go:346: RECEIVED EST from 0
INFO: 01:44:09.851009 messenger.go:346: RECEIVED EST from 2
INFO: 01:44:09.851489 messenger.go:346: RECEIVED EST from 9
INFO: 01:44:09.853077 messenger.go:270: SENT EST to 8
INFO: 01:44:09.856530 messenger.go:346: RECEIVED EST from 6
INFO: 01:44:09.860964 messenger.go:270: SENT EST to 3
INFO: 01:44:09.868256 messenger.go:346: RECEIVED EST from 7
INFO: 01:44:09.872735 messenger.go:346: RECEIVED EST from 4
INFO: 01:44:09.873143 messenger.go:346: RECEIVED EST from 7
INFO: 01:44:09.884393 messenger.go:270: SENT EST to 2
INFO: 01:44:09.888809 messenger.go:346: RECEIVED EST from 5
INFO: 01:44:09.913401 messenger.go:270: SENT EST to 0
INFO: 01:44:09.919291 messenger.go:346: RECEIVED EST from 3
INFO: 01:44:09.919696 messenger.go:346: RECEIVED EST from 7
INFO: 01:44:09.919761 messenger.go:270: SENT EST to 6
INFO: 01:44:09.915899 messenger.go:270: SENT EST to 7
INFO: 01:44:09.916873 messenger.go:346: RECEIVED EST from 2
INFO: 01:44:09.917609 messenger.go:346: RECEIVED EST from 8
INFO: 01:44:09.918936 messenger.go:346: RECEIVED EST from 4
INFO: 01:44:09.918940 messenger.go:270: SENT EST to 2
INFO: 01:44:09.921679 messenger.go:346: RECEIVED EST from 5
INFO: 01:44:09.921758 messenger.go:346: RECEIVED EST from 9
INFO: 01:44:09.921883 messenger.go:270: SENT EST to 3
INFO: 01:44:09.922235 messenger.go:346: RECEIVED EST from 0
INFO: 01:44:09.922560 messenger.go:346: RECEIVED EST from 6
INFO: 01:44:09.922650 messenger.go:270: SENT EST to 5
INFO: 01:44:09.927295 messenger.go:346: RECEIVED EST from 8
INFO: 01:44:09.927368 messenger.go:270: SENT EST to 8
INFO: 01:44:09.929344 messenger.go:270: SENT EST to 9
INFO: 01:44:09.937258 messenger.go:346: RECEIVED EST from 0
INFO: 01:44:09.946680 messenger.go:270: SENT EST to 0
INFO: 01:44:09.953122 messenger.go:346: RECEIVED EST from 3
INFO: 01:44:09.956202 messenger.go:346: RECEIVED EST from 9
INFO: 01:44:09.961769 messenger.go:270: SENT EST to 4
INFO: 01:44:09.961985 messenger.go:270: SENT EST to 3
INFO: 01:44:09.962258 messenger.go:346: RECEIVED EST from 0
INFO: 01:44:09.962491 messenger.go:346: RECEIVED EST from 5
INFO: 01:44:09.969247 messenger.go:346: RECEIVED EST from 6
INFO: 01:44:09.970014 messenger.go:346: RECEIVED EST from 2
INFO: 01:44:09.970018 messenger.go:270: SENT EST to 0
INFO: 01:44:09.972450 messenger.go:270: SENT EST to 2
INFO: 01:44:09.975443 messenger.go:346: RECEIVED EST from 4
INFO: 01:44:09.975976 messenger.go:346: RECEIVED EST from 7
INFO: 01:44:09.977049 messenger.go:346: RECEIVED EST from 9
INFO: 01:44:09.988715 messenger.go:270: SENT EST to 0
INFO: 01:44:09.988751 messenger.go:270: SENT EST to 2
INFO: 01:44:09.991054 messenger.go:346: RECEIVED EST from 5
INFO: 01:44:09.991216 messenger.go:270: SENT EST to 7
INFO: 01:44:09.991384 messenger.go:346: RECEIVED EST from 8
INFO: 01:44:09.991599 messenger.go:346: RECEIVED EST from 3
INFO: 01:44:09.991668 messenger.go:270: SENT EST to 5
INFO: 01:44:09.991849 messenger.go:346: RECEIVED EST from 2
INFO: 01:44:09.991890 messenger.go:270: SENT EST to 3
INFO: 01:44:09.997099 messenger.go:270: SENT EST to 8
INFO: 01:44:09.998285 messenger.go:346: RECEIVED EST from 2
INFO: 01:44:10.000104 messenger.go:270: SENT EST to 4
INFO: 01:44:10.000196 messenger.go:270: SENT EST to 3
INFO: 01:44:10.003611 messenger.go:270: SENT EST to 9
INFO: 01:44:10.008364 messenger.go:270: SENT EST to 2
INFO: 01:44:10.008631 messenger.go:346: RECEIVED EST from 4
INFO: 01:44:10.010073 messenger.go:270: SENT EST to 4
INFO: 01:44:10.010185 messenger.go:270: SENT EST to 5
INFO: 01:44:10.018344 messenger.go:270: SENT EST to 4
INFO: 01:44:10.018993 messenger.go:270: SENT EST to 5
INFO: 01:44:10.029298 messenger.go:346: RECEIVED EST from 0
INFO: 01:44:10.048162 messenger.go:346: RECEIVED EST from 9
INFO: 01:44:10.074208 messenger.go:270: SENT EST to 6
INFO: 01:44:10.080114 messenger.go:270: SENT EST to 6
INFO: 01:44:10.091886 messenger.go:270: SENT EST to 6
INFO: 01:44:10.092108 messenger.go:346: RECEIVED EST from 7
INFO: 01:44:10.093721 messenger.go:346: RECEIVED EST from 5
INFO: 01:44:10.094831 messenger.go:346: RECEIVED EST from 4
INFO: 01:44:10.096278 messenger.go:346: RECEIVED EST from 2
INFO: 01:44:10.097465 messenger.go:346: RECEIVED EST from 6
INFO: 01:44:10.098086 messenger.go:346: RECEIVED EST from 3
INFO: 01:44:10.098402 messenger.go:346: RECEIVED EST from 8
INFO: 01:44:10.098533 messenger.go:346: RECEIVED EST from 9
INFO: 01:44:10.098635 messenger.go:346: RECEIVED EST from 7
INFO: 01:44:10.098737 messenger.go:346: RECEIVED EST from 0
INFO: 01:44:10.098850 messenger.go:346: RECEIVED EST from 6
INFO: 01:44:10.099272 messenger.go:346: RECEIVED EST from 9
INFO: 01:44:10.099456 messenger.go:346: RECEIVED EST from 6
INFO: 01:44:10.099613 messenger.go:346: RECEIVED EST from 0
INFO: 01:44:10.114278 messenger.go:270: SENT EST to 9
INFO: 01:44:10.114520 messenger.go:346: RECEIVED EST from 6
INFO: 01:44:10.114819 messenger.go:346: RECEIVED EST from 2
INFO: 01:44:10.115294 messenger.go:346: RECEIVED EST from 9
INFO: 01:44:10.115593 messenger.go:346: RECEIVED EST from 8
INFO: 01:44:10.115822 messenger.go:270: SENT EST to 8
INFO: 01:44:10.115908 messenger.go:346: RECEIVED EST from 8
INFO: 01:44:10.116507 messenger.go:346: RECEIVED EST from 7
INFO: 01:44:10.123848 messenger.go:270: SENT EST to 0
INFO: 01:44:10.124198 messenger.go:270: SENT EST to 7
INFO: 01:44:10.127806 messenger.go:270: SENT EST to 7
INFO: 01:44:10.130212 messenger.go:270: SENT EST to 4
INFO: 01:44:10.137967 messenger.go:270: SENT EST to 7
INFO: 01:44:10.144405 messenger.go:346: RECEIVED EST from 4
INFO: 01:44:10.149090 messenger.go:270: SENT EST to 5
INFO: 01:44:10.151736 messenger.go:270: SENT EST to 8
INFO: 01:44:10.152186 messenger.go:346: RECEIVED EST from 8
INFO: 01:44:10.152653 messenger.go:346: RECEIVED EST from 7
INFO: 01:44:10.153156 messenger.go:346: RECEIVED EST from 5
INFO: 01:44:10.153674 messenger.go:270: SENT EST to 8
INFO: 01:44:10.156008 messenger.go:346: RECEIVED EST from 9
INFO: 01:44:10.158290 messenger.go:270: SENT EST to 9
INFO: 01:44:10.162099 messenger.go:270: SENT EST to 2
INFO: 01:44:10.163044 messenger.go:270: SENT EST to 9
INFO: 01:44:10.163394 messenger.go:346: RECEIVED EST from 5
INFO: 01:44:10.170003 messenger.go:270: SENT EST to 0
INFO: 01:44:10.171862 messenger.go:270: SENT EST to 2
INFO: 01:44:10.184883 messenger.go:270: SENT EST to 6
INFO: 01:44:10.186002 messenger.go:346: RECEIVED EST from 4
INFO: 01:44:10.186481 messenger.go:346: RECEIVED EST from 3
INFO: 01:44:10.191406 messenger.go:270: SENT EST to 3
INFO: 01:44:10.201031 messenger.go:346: RECEIVED EST from 6
INFO: 01:44:10.201982 messenger.go:346: RECEIVED EST from 0
INFO: 01:44:10.202313 messenger.go:270: SENT EST to 9
INFO: 01:44:10.202537 messenger.go:346: RECEIVED EST from 2
INFO: 01:44:10.203644 messenger.go:270: SENT EST to 3
INFO: 01:44:10.205880 messenger.go:346: RECEIVED EST from 9
INFO: 01:44:10.208759 messenger.go:270: SENT EST to 3
INFO: 01:44:10.209017 messenger.go:346: RECEIVED EST from 8
INFO: 01:44:10.210057 messenger.go:270: SENT EST to 5
INFO: 01:44:10.211697 messenger.go:270: SENT EST to 8
INFO: 01:44:10.211699 messenger.go:346: RECEIVED EST from 0
INFO: 01:44:10.211959 messenger.go:346: RECEIVED EST from 5
INFO: 01:44:10.212592 messenger.go:270: SENT EST to 0
INFO: 01:44:10.212730 messenger.go:346: RECEIVED EST from 3
INFO: 01:44:10.214260 messenger.go:346: RECEIVED EST from 7
INFO: 01:44:10.215680 messenger.go:270: SENT EST to 0
INFO: 01:44:10.217104 messenger.go:270: SENT EST to 7
INFO: 01:44:10.221610 messenger.go:346: RECEIVED EST from 3
INFO: 01:44:10.223553 messenger.go:346: RECEIVED EST from 8
INFO: 01:44:10.232783 messenger.go:270: SENT EST to 6
INFO: 01:44:10.232831 messenger.go:270: SENT EST to 4
INFO: 01:44:10.234519 messenger.go:270: SENT EST to 2
INFO: 01:44:10.239055 messenger.go:270: SENT EST to 4
INFO: 01:44:10.239857 messenger.go:270: SENT EST to 2
INFO: 01:44:10.241066 messenger.go:346: RECEIVED EST from 4
INFO: 01:44:10.242276 messenger.go:346: RECEIVED EST from 9
INFO: 01:44:10.243912 messenger.go:270: SENT EST to 3
INFO: 01:44:10.244368 messenger.go:270: SENT EST to 9
INFO: 01:44:10.245302 messenger.go:270: SENT EST to 8
INFO: 01:44:10.248124 messenger.go:270: SENT EST to 3
INFO: 01:44:10.249219 messenger.go:270: SENT EST to 0
INFO: 01:44:10.253041 messenger.go:270: SENT EST to 7
INFO: 01:44:10.254708 messenger.go:346: RECEIVED EST from 8
INFO: 01:44:10.258147 messenger.go:346: RECEIVED EST from 0
INFO: 01:44:10.262313 messenger.go:270: SENT EST to 4
INFO: 01:44:10.270907 messenger.go:270: SENT EST to 2
INFO: 01:44:10.270977 messenger.go:270: SENT EST to 6
INFO: 01:44:10.271817 messenger.go:346: RECEIVED EST from 3
INFO: 01:44:10.279376 messenger.go:346: RECEIVED EST from 9
INFO: 01:44:10.279511 messenger.go:346: RECEIVED EST from 2
INFO: 01:44:10.279664 messenger.go:346: RECEIVED EST from 6
INFO: 01:44:10.284235 messenger.go:346: RECEIVED EST from 5
INFO: 01:44:10.284291 messenger.go:270: SENT EST to 5
INFO: 01:44:10.288081 messenger.go:346: RECEIVED EST from 5
INFO: 01:44:10.288298 messenger.go:346: RECEIVED EST from 8
INFO: 01:44:10.291526 messenger.go:270: SENT EST to 8
INFO: 01:44:10.292281 messenger.go:270: SENT EST to 9
INFO: 01:44:10.292986 messenger.go:270: SENT EST to 7
INFO: 01:44:10.293598 messenger.go:346: RECEIVED EST from 7
INFO: 01:44:10.294847 messenger.go:346: RECEIVED EST from 4
INFO: 01:44:10.300636 messenger.go:346: RECEIVED EST from 0
INFO: 01:44:10.301487 messenger.go:270: SENT EST to 2
INFO: 01:44:10.306360 messenger.go:346: RECEIVED EST from 2
INFO: 01:44:10.307171 messenger.go:346: RECEIVED EST from 2
INFO: 01:44:10.315514 messenger.go:346: RECEIVED EST from 5
INFO: 01:44:10.315713 messenger.go:270: SENT EST to 0
INFO: 01:44:10.316752 messenger.go:270: SENT EST to 4
INFO: 01:44:10.317852 messenger.go:346: RECEIVED EST from 4
INFO: 01:44:10.320576 messenger.go:346: RECEIVED EST from 7
INFO: 01:44:10.320945 messenger.go:270: SENT EST to 4
INFO: 01:44:10.325903 messenger.go:270: SENT EST to 3
INFO: 01:44:10.327114 messenger.go:346: RECEIVED EST from 8
INFO: 01:44:10.327828 messenger.go:270: SENT EST to 5
INFO: 01:44:10.328159 messenger.go:346: RECEIVED EST from 3
INFO: 01:44:10.328742 messenger.go:346: RECEIVED EST from 5
INFO: 01:44:10.329958 messenger.go:270: SENT EST to 5
INFO: 01:44:10.331890 messenger.go:270: SENT EST to 5
INFO: 01:44:10.332773 messenger.go:346: RECEIVED EST from 3
INFO: 01:44:10.341105 messenger.go:346: RECEIVED EST from 9
INFO: 01:44:10.353293 messenger.go:346: RECEIVED EST from 3
INFO: 01:44:10.361227 messenger.go:346: RECEIVED EST from 8
INFO: 01:44:10.370109 messenger.go:270: SENT EST to 6
INFO: 01:44:10.376564 messenger.go:270: SENT EST to 9
INFO: 01:44:10.380016 messenger.go:346: RECEIVED EST from 4
INFO: 01:44:10.380461 messenger.go:270: SENT EST to 8
INFO: 01:44:10.380572 messenger.go:270: SENT EST to 0
INFO: 01:44:10.380654 messenger.go:270: SENT EST to 7
INFO: 01:44:10.393516 messenger.go:346: RECEIVED EST from 0
INFO: 01:44:10.393956 messenger.go:346: RECEIVED EST from 7
INFO: 01:44:10.395805 messenger.go:346: RECEIVED EST from 9
INFO: 01:44:10.416544 messenger.go:270: SENT EST to 3
INFO: 01:44:10.416770 messenger.go:270: SENT EST to 6
INFO: 01:44:10.425132 messenger.go:270: SENT EST to 5
INFO: 01:44:10.426966 messenger.go:346: RECEIVED EST from 5
INFO: 01:44:10.429938 messenger.go:346: RECEIVED EST from 0
INFO: 01:44:10.430153 messenger.go:270: SENT EST to 0
INFO: 01:44:10.432576 messenger.go:270: SENT EST to 7
INFO: 01:44:10.433678 messenger.go:270: SENT EST to 4
INFO: 01:44:10.448272 messenger.go:346: RECEIVED EST from 6
INFO: 01:44:10.448683 messenger.go:270: SENT EST to 9
INFO: 01:44:10.448697 messenger.go:270: SENT EST to 2
INFO: 01:44:10.448869 messenger.go:270: SENT EST to 6
INFO: 01:44:10.450746 messenger.go:346: RECEIVED EST from 2
INFO: 01:44:10.451315 messenger.go:346: RECEIVED EST from 3
INFO: 01:44:10.451602 messenger.go:270: SENT EST to 5
INFO: 01:44:10.452538 messenger.go:346: RECEIVED EST from 7
INFO: 01:44:10.452988 messenger.go:270: SENT EST to 7
INFO: 01:44:10.456975 messenger.go:270: SENT EST to 4
INFO: 01:44:10.453908 messenger.go:346: RECEIVED EST from 4
INFO: 01:44:10.461363 messenger.go:346: RECEIVED EST from 9
INFO: 01:44:10.466337 messenger.go:270: SENT EST to 2
INFO: 01:44:10.468751 messenger.go:270: SENT EST to 3
INFO: 01:44:10.468815 messenger.go:270: SENT EST to 8
INFO: 01:44:10.477647 messenger.go:270: SENT EST to 2
INFO: 01:44:10.479015 messenger.go:270: SENT EST to 9
INFO: 01:44:10.481928 messenger.go:270: SENT EST to 5
INFO: 01:44:10.481958 messenger.go:270: SENT EST to 0
INFO: 01:44:10.481966 messenger.go:270: SENT EST to 4
INFO: 01:44:10.483436 messenger.go:346: RECEIVED EST from 6
INFO: 01:44:10.484507 messenger.go:270: SENT EST to 8
INFO: 01:44:10.484789 messenger.go:270: SENT EST to 3
INFO: 01:44:10.486997 messenger.go:270: SENT EST to 6
INFO: 01:44:10.488380 messenger.go:270: SENT EST to 9
INFO: 01:44:10.489913 messenger.go:270: SENT EST to 7
INFO: 01:44:10.491571 messenger.go:270: SENT EST to 6
INFO: 01:44:10.492141 messenger.go:270: SENT EST to 6
INFO: 01:44:10.493063 messenger.go:270: SENT EST to 0
INFO: 01:44:10.493273 messenger.go:270: SENT EST to 7
INFO: 01:44:10.493573 messenger.go:270: SENT EST to 6
INFO: 01:44:10.494195 messenger.go:270: SENT EST to 5
INFO: 01:44:10.494906 messenger.go:270: SENT EST to 7
INFO: 01:44:10.495209 messenger.go:346: RECEIVED EST from 6
INFO: 01:44:10.496002 messenger.go:346: RECEIVED EST from 6
INFO: 01:44:10.499292 messenger.go:270: SENT EST to 2
INFO: 01:44:10.499396 messenger.go:270: SENT EST to 3
INFO: 01:44:10.504382 messenger.go:270: SENT EST to 4
INFO: 01:44:10.505494 messenger.go:346: RECEIVED EST from 5
INFO: 01:44:10.506100 messenger.go:346: RECEIVED EST from 5
INFO: 01:44:10.510447 messenger.go:346: RECEIVED EST from 6
INFO: 01:44:10.514324 messenger.go:346: RECEIVED EST from 5
INFO: 01:44:10.532128 messenger.go:270: SENT EST to 8
INFO: 01:44:10.532576 messenger.go:346: RECEIVED EST from 8
INFO: 01:44:10.535580 messenger.go:346: RECEIVED EST from 3
INFO: 01:44:10.535744 messenger.go:346: RECEIVED EST from 2
INFO: 01:44:10.539339 messenger.go:346: RECEIVED EST from 4
INFO: 01:44:10.539355 messenger.go:270: SENT EST to 9
INFO: 01:44:10.539562 messenger.go:270: SENT EST to 0
INFO: 01:44:10.539490 messenger.go:346: RECEIVED EST from 9
INFO: 01:44:10.542503 messenger.go:346: RECEIVED EST from 5
INFO: 01:44:10.545275 messenger.go:346: RECEIVED EST from 0
INFO: 01:44:10.545473 messenger.go:270: SENT EST to 5
INFO: 01:44:10.546731 messenger.go:270: SENT EST to 7
INFO: 01:44:10.550177 messenger.go:346: RECEIVED EST from 7
INFO: 01:44:10.550524 messenger.go:270: SENT EST to 6
INFO: 01:44:10.558794 messenger.go:270: SENT EST to 8
INFO: 01:44:10.561060 messenger.go:346: RECEIVED EST from 9
INFO: 01:44:10.561514 messenger.go:270: SENT EST to 9
INFO: 01:44:10.561758 messenger.go:270: SENT EST to 0
INFO: 01:44:10.564948 messenger.go:346: RECEIVED EST from 6
INFO: 01:44:10.574758 messenger.go:270: SENT EST to 8
INFO: 01:44:10.577034 messenger.go:346: RECEIVED EST from 3
INFO: 01:44:10.577145 messenger.go:270: SENT EST to 3
INFO: 01:44:10.579310 messenger.go:346: RECEIVED EST from 2
INFO: 01:44:10.579826 messenger.go:270: SENT EST to 2
INFO: 01:44:10.581253 messenger.go:346: RECEIVED EST from 8
INFO: 01:44:10.581313 messenger.go:270: SENT EST to 4
INFO: 01:44:10.582481 messenger.go:270: SENT EST to 9
INFO: 01:44:10.582907 messenger.go:346: RECEIVED EST from 0
INFO: 01:44:10.583427 messenger.go:270: SENT EST to 4
INFO: 01:44:10.595992 messenger.go:346: RECEIVED EST from 9
INFO: 01:44:10.596076 messenger.go:270: SENT EST to 0
INFO: 01:44:10.596201 messenger.go:270: SENT EST to 3
INFO: 01:44:10.596715 messenger.go:346: RECEIVED EST from 4
INFO: 01:44:10.596373 messenger.go:346: RECEIVED EST from 5
INFO: 01:44:10.596470 messenger.go:270: SENT EST to 8
INFO: 01:44:10.596572 messenger.go:346: RECEIVED EST from 2
INFO: 01:44:10.596601 messenger.go:270: SENT EST to 2
INFO: 01:44:10.598959 messenger.go:346: RECEIVED EST from 0
INFO: 01:44:10.606760 messenger.go:346: RECEIVED EST from 3
INFO: 01:44:10.607712 messenger.go:346: RECEIVED EST from 9
INFO: 01:44:10.607826 messenger.go:346: RECEIVED EST from 2
INFO: 01:44:10.614233 messenger.go:270: SENT EST to 5
INFO: 01:44:10.614975 messenger.go:346: RECEIVED EST from 4
INFO: 01:44:10.615066 messenger.go:346: RECEIVED EST from 7
INFO: 01:44:10.621460 messenger.go:270: SENT EST to 9
INFO: 01:44:10.621988 messenger.go:270: SENT EST to 3
INFO: 01:44:10.622152 messenger.go:270: SENT EST to 4
INFO: 01:44:10.622237 messenger.go:270: SENT EST to 8
INFO: 01:44:10.622415 messenger.go:270: SENT EST to 2
INFO: 01:44:10.622665 messenger.go:270: SENT EST to 7
INFO: 01:44:10.623665 messenger.go:346: RECEIVED EST from 0
INFO: 01:44:10.623904 messenger.go:270: SENT EST to 0
INFO: 01:44:10.632124 messenger.go:270: SENT EST to 2
INFO: 01:44:10.632262 messenger.go:270: SENT EST to 3
INFO: 01:44:10.632301 messenger.go:270: SENT EST to 4
INFO: 01:44:10.632369 messenger.go:270: SENT EST to 5
INFO: 01:44:10.632849 messenger.go:346: RECEIVED EST from 7
INFO: 01:44:10.635330 messenger.go:346: RECEIVED EST from 5
INFO: 01:44:10.635836 messenger.go:270: SENT EST to 5
INFO: 01:44:10.642961 messenger.go:346: RECEIVED EST from 8
INFO: 01:44:10.643194 messenger.go:346: RECEIVED EST from 7
INFO: 01:44:10.654801 messenger.go:270: SENT EST to 6
INFO: 01:44:10.655155 messenger.go:346: RECEIVED EST from 3
INFO: 01:44:10.655455 messenger.go:346: RECEIVED EST from 2
INFO: 01:44:10.657571 messenger.go:346: RECEIVED EST from 9
INFO: 01:44:10.664042 messenger.go:270: SENT EST to 9
INFO: 01:44:10.664837 messenger.go:270: SENT EST to 0
INFO: 01:44:10.664962 messenger.go:346: RECEIVED EST from 7
INFO: 01:44:10.665159 messenger.go:346: RECEIVED EST from 0
INFO: 01:44:10.668905 messenger.go:346: RECEIVED EST from 8
INFO: 01:44:10.669029 messenger.go:270: SENT EST to 4
INFO: 01:44:10.670458 messenger.go:270: SENT EST to 8
INFO: 01:44:10.671291 messenger.go:346: RECEIVED EST from 4
INFO: 01:44:10.673123 messenger.go:270: SENT EST to 3
INFO: 01:44:10.673167 messenger.go:270: SENT EST to 2
INFO: 01:44:10.685036 messenger.go:270: SENT EST to 6
INFO: 01:44:10.685168 messenger.go:270: SENT EST to 7
INFO: 01:44:10.687735 messenger.go:346: RECEIVED EST from 6
INFO: 01:44:10.687905 messenger.go:346: RECEIVED EST from 5
INFO: 01:44:10.689531 messenger.go:346: RECEIVED EST from 9
INFO: 01:44:10.690025 messenger.go:346: RECEIVED EST from 3
INFO: 01:44:10.690141 messenger.go:346: RECEIVED EST from 2
INFO: 01:44:10.690263 messenger.go:270: SENT EST to 4
INFO: 01:44:10.696704 messenger.go:270: SENT EST to 8
INFO: 01:44:10.697020 messenger.go:346: RECEIVED EST from 8
INFO: 01:44:10.697167 messenger.go:270: SENT EST to 3
INFO: 01:44:10.697342 messenger.go:270: SENT EST to 2
INFO: 01:44:10.702286 messenger.go:270: SENT EST to 9
INFO: 01:44:10.702814 messenger.go:346: RECEIVED EST from 7
INFO: 01:44:10.703192 messenger.go:270: SENT EST to 0
INFO: 01:44:10.703371 messenger.go:346: RECEIVED EST from 0
INFO: 01:44:10.703521 messenger.go:346: RECEIVED EST from 4
INFO: 01:44:10.706283 messenger.go:346: RECEIVED EST from 9
INFO: 01:44:10.706915 messenger.go:346: RECEIVED EST from 2
INFO: 01:44:10.709844 messenger.go:270: SENT EST to 5
INFO: 01:44:10.710873 messenger.go:270: SENT EST to 6
INFO: 01:44:10.710873 messenger.go:270: SENT EST to 7
INFO: 01:44:10.715395 messenger.go:346: RECEIVED EST from 6
INFO: 01:44:10.715977 messenger.go:270: SENT EST to 0
INFO: 01:44:10.719161 messenger.go:270: SENT EST to 4
INFO: 01:44:10.721862 messenger.go:270: SENT EST to 8
INFO: 01:44:10.722038 messenger.go:346: RECEIVED EST from 3
INFO: 01:44:10.722309 messenger.go:346: RECEIVED EST from 9
INFO: 01:44:10.722447 messenger.go:270: SENT EST to 3
INFO: 01:44:10.722925 messenger.go:346: RECEIVED EST from 8
INFO: 01:44:10.723117 messenger.go:346: RECEIVED EST from 0
INFO: 01:44:10.724265 messenger.go:270: SENT EST to 7
INFO: 01:44:10.725072 messenger.go:346: RECEIVED EST from 5
INFO: 01:44:10.728175 messenger.go:270: SENT EST to 5
INFO: 01:44:10.728586 messenger.go:270: SENT EST to 6
INFO: 01:44:10.730425 messenger.go:270: SENT EST to 6
INFO: 01:44:10.732158 messenger.go:270: SENT EST to 6
INFO: 01:44:10.732713 messenger.go:270: SENT EST to 5
INFO: 01:44:10.736825 messenger.go:270: SENT EST to 7
INFO: 01:44:10.737095 messenger.go:346: RECEIVED EST from 6
INFO: 01:44:10.738683 messenger.go:270: SENT EST to 2
INFO: 01:44:10.739623 messenger.go:270: SENT EST to 9
INFO: 01:44:10.744789 messenger.go:270: SENT EST to 3
INFO: 01:44:10.745009 messenger.go:270: SENT EST to 0
INFO: 01:44:10.745389 messenger.go:270: SENT EST to 7
INFO: 01:44:10.745874 messenger.go:346: RECEIVED EST from 7
INFO: 01:44:10.745926 messenger.go:270: SENT EST to 9
INFO: 01:44:10.752216 messenger.go:270: SENT EST to 4
INFO: 01:44:10.752562 messenger.go:270: SENT EST to 8
INFO: 01:44:10.765243 messenger.go:270: SENT EST to 6
INFO: 01:44:10.765463 messenger.go:346: RECEIVED EST from 4
INFO: 01:44:10.765759 messenger.go:270: SENT EST to 0
INFO: 01:44:10.766132 messenger.go:346: RECEIVED EST from 3
INFO: 01:44:10.766968 messenger.go:270: SENT EST to 2
INFO: 01:44:10.767791 messenger.go:346: RECEIVED EST from 2
INFO: 01:44:10.768468 messenger.go:270: SENT EST to 3
INFO: 01:44:10.779085 messenger.go:270: SENT EST to 4
INFO: 01:44:10.779333 messenger.go:270: SENT EST to 8
INFO: 01:44:10.781029 messenger.go:346: RECEIVED EST from 8
INFO: 01:44:10.781530 messenger.go:346: RECEIVED EST from 4
INFO: 01:44:10.781700 messenger.go:346: RECEIVED EST from 0
INFO: 01:44:10.783077 messenger.go:270: SENT EST to 2
INFO: 01:44:10.790063 messenger.go:270: SENT EST to 8
INFO: 01:44:10.790124 messenger.go:270: SENT EST to 7
INFO: 01:44:10.790214 messenger.go:270: SENT EST to 5
INFO: 01:44:10.790543 messenger.go:346: RECEIVED EST from 6
INFO: 01:44:10.796133 messenger.go:346: RECEIVED EST from 9
INFO: 01:44:10.796998 messenger.go:270: SENT EST to 9
INFO: 01:44:10.800171 messenger.go:270: SENT EST to 0
INFO: 01:44:10.800453 messenger.go:346: RECEIVED EST from 3
INFO: 01:44:10.803367 messenger.go:270: SENT EST to 8
INFO: 01:44:10.804244 messenger.go:346: RECEIVED EST from 2
INFO: 01:44:10.804895 messenger.go:270: SENT EST to 4
INFO: 01:44:10.805103 messenger.go:270: SENT EST to 3
INFO: 01:44:10.808603 messenger.go:346: RECEIVED EST from 8
INFO: 01:44:10.808754 messenger.go:270: SENT EST to 2
INFO: 01:44:10.809989 messenger.go:346: RECEIVED EST from 9
INFO: 01:44:10.810263 messenger.go:270: SENT EST to 9
INFO: 01:44:10.822844 messenger.go:270: SENT EST to 7
INFO: 01:44:10.823374 messenger.go:346: RECEIVED EST from 5
INFO: 01:44:10.823507 messenger.go:270: SENT EST to 6
INFO: 01:44:10.823779 messenger.go:270: SENT EST to 5
INFO: 01:44:10.824395 messenger.go:346: RECEIVED EST from 6
INFO: 01:44:10.824556 messenger.go:346: RECEIVED EST from 7
INFO: 01:44:10.824717 messenger.go:270: SENT EST to 4
INFO: 01:44:10.824895 messenger.go:346: RECEIVED EST from 4
INFO: 01:44:10.825287 messenger.go:270: SENT EST to 8
INFO: 01:44:10.825652 messenger.go:346: RECEIVED EST from 0
INFO: 01:44:10.827740 messenger.go:270: SENT EST to 6
INFO: 01:44:10.827832 messenger.go:270: SENT EST to 7
INFO: 01:44:10.828845 messenger.go:270: SENT EST to 5
INFO: 01:44:10.829643 messenger.go:270: SENT EST to 8
INFO: 01:44:10.831020 messenger.go:346: RECEIVED EST from 5
INFO: 01:44:10.831115 messenger.go:270: SENT EST to 5
INFO: 01:44:10.831214 messenger.go:270: SENT EST to 7
INFO: 01:44:10.832305 messenger.go:270: SENT EST to 0
INFO: 01:44:10.832691 messenger.go:346: RECEIVED EST from 3
INFO: 01:44:10.833495 messenger.go:270: SENT EST to 3
INFO: 01:44:10.834308 messenger.go:270: SENT EST to 6
INFO: 01:44:10.836734 messenger.go:270: SENT EST to 9
INFO: 01:44:10.842423 messenger.go:346: RECEIVED EST from 3
INFO: 01:44:10.844107 messenger.go:270: SENT EST to 2
INFO: 01:44:10.844291 messenger.go:270: SENT EST to 0
INFO: 01:44:10.845385 messenger.go:346: RECEIVED EST from 0
INFO: 01:44:10.846946 messenger.go:346: RECEIVED EST from 2
INFO: 01:44:10.847390 messenger.go:270: SENT EST to 3
INFO: 01:44:10.849003 messenger.go:346: RECEIVED EST from 9
INFO: 01:44:10.851071 messenger.go:270: SENT EST to 6
INFO: 01:44:10.851203 messenger.go:270: SENT EST to 9
INFO: 01:44:10.853521 messenger.go:270: SENT EST to 0
INFO: 01:44:10.856240 messenger.go:270: SENT EST to 9
INFO: 01:44:10.860645 messenger.go:346: RECEIVED EST from 6
INFO: 01:44:10.861749 messenger.go:346: RECEIVED EST from 0
INFO: 01:44:10.865547 messenger.go:270: SENT EST to 5
INFO: 01:44:10.867209 messenger.go:270: SENT EST to 7
INFO: 01:44:10.869524 messenger.go:346: RECEIVED EST from 6
INFO: 01:44:10.870037 messenger.go:270: SENT EST to 0
INFO: 01:44:10.870330 messenger.go:270: SENT EST to 9
INFO: 01:44:10.870585 messenger.go:346: RECEIVED EST from 5
INFO: 01:44:10.898171 messenger.go:346: RECEIVED EST from 4
INFO: 01:44:10.898735 messenger.go:270: SENT EST to 2
INFO: 01:44:10.906277 messenger.go:270: SENT EST to 2
INFO: 01:44:10.907709 messenger.go:270: SENT EST to 4
INFO: 01:44:10.912016 messenger.go:270: SENT EST to 2
INFO: 01:44:10.912154 messenger.go:270: SENT EST to 3
INFO: 01:44:10.913153 messenger.go:346: RECEIVED EST from 0
INFO: 01:44:10.914862 messenger.go:346: RECEIVED EST from 3
INFO: 01:44:10.926685 messenger.go:346: RECEIVED EST from 8
INFO: 01:44:10.926962 messenger.go:270: SENT EST to 3
INFO: 01:44:10.938599 messenger.go:270: SENT EST to 6
INFO: 01:44:10.929458 messenger.go:270: SENT EST to 8
INFO: 01:44:10.933882 messenger.go:346: RECEIVED EST from 4
INFO: 01:44:10.930219 messenger.go:346: RECEIVED EST from 6
INFO: 01:44:10.933967 messenger.go:270: SENT EST to 4
INFO: 01:44:10.955124 messenger.go:270: SENT EST to 2
INFO: 01:44:10.964799 messenger.go:270: SENT EST to 8
INFO: 01:44:10.972332 messenger.go:346: RECEIVED EST from 5
INFO: 01:44:10.972386 messenger.go:270: SENT EST to 4
INFO: 01:44:10.972984 messenger.go:346: RECEIVED EST from 6
INFO: 01:44:10.974164 messenger.go:270: SENT EST to 7
INFO: 01:44:10.974283 messenger.go:346: RECEIVED EST from 7
INFO: 01:44:10.995613 messenger.go:270: SENT EST to 0
INFO: 01:44:10.995975 messenger.go:346: RECEIVED EST from 0
INFO: 01:44:11.002208 messenger.go:346: RECEIVED EST from 0
INFO: 01:44:11.002729 messenger.go:270: SENT EST to 4
INFO: 01:44:11.003588 messenger.go:346: RECEIVED EST from 4
INFO: 01:44:11.005202 messenger.go:346: RECEIVED EST from 8
INFO: 01:44:11.005392 messenger.go:270: SENT EST to 5
INFO: 01:44:11.006299 messenger.go:270: SENT EST to 8
INFO: 01:44:11.006504 messenger.go:346: RECEIVED EST from 5
INFO: 01:44:11.007215 messenger.go:346: RECEIVED EST from 7
INFO: 01:44:11.021318 messenger.go:270: SENT EST to 9
INFO: 01:44:11.023585 messenger.go:270: SENT EST to 5
INFO: 01:44:11.024454 messenger.go:270: SENT EST to 5
INFO: 01:44:11.025236 messenger.go:346: RECEIVED EST from 9
INFO: 01:44:11.026219 messenger.go:346: RECEIVED EST from 4
INFO: 01:44:11.026282 messenger.go:270: SENT EST to 7
INFO: 01:44:11.026684 messenger.go:346: RECEIVED EST from 6
INFO: 01:44:11.027267 messenger.go:270: SENT EST to 9
INFO: 01:44:11.029638 messenger.go:270: SENT EST to 2
INFO: 01:44:11.030165 messenger.go:270: SENT EST to 3
INFO: 01:44:11.030333 messenger.go:270: SENT EST to 3
INFO: 01:44:11.030862 messenger.go:270: SENT EST to 5
INFO: 01:44:11.032629 messenger.go:270: SENT EST to 0
INFO: 01:44:11.032940 messenger.go:270: SENT EST to 4
INFO: 01:44:11.082553 messenger.go:346: RECEIVED EST from 9
INFO: 01:44:11.085083 messenger.go:270: SENT EST to 6
INFO: 01:44:11.090209 messenger.go:270: SENT EST to 6
INFO: 01:44:11.091214 messenger.go:270: SENT EST to 6
INFO: 01:44:11.094098 messenger.go:270: SENT EST to 6
INFO: 01:44:11.094243 messenger.go:346: RECEIVED EST from 0
INFO: 01:44:11.094427 messenger.go:346: RECEIVED EST from 3
INFO: 01:44:11.094671 messenger.go:346: RECEIVED EST from 2
INFO: 01:44:11.094816 messenger.go:346: RECEIVED EST from 2
INFO: 01:44:11.094957 messenger.go:346: RECEIVED EST from 7
INFO: 01:44:11.095110 messenger.go:346: RECEIVED EST from 5
INFO: 01:44:11.095251 messenger.go:346: RECEIVED EST from 2
INFO: 01:44:11.099639 messenger.go:270: SENT EST to 8
INFO: 01:44:11.099862 messenger.go:346: RECEIVED EST from 7
INFO: 01:44:11.100489 messenger.go:270: SENT EST to 4
INFO: 01:44:11.104420 messenger.go:270: SENT EST to 0
INFO: 01:44:11.107129 messenger.go:270: SENT EST to 9
INFO: 01:44:11.107697 messenger.go:270: SENT EST to 7
INFO: 01:44:11.111161 messenger.go:346: RECEIVED EST from 6
INFO: 01:44:11.112271 messenger.go:270: SENT EST to 7
INFO: 01:44:11.113192 messenger.go:270: SENT EST to 0
INFO: 01:44:11.113349 messenger.go:346: RECEIVED EST from 2
INFO: 01:44:11.113442 messenger.go:270: SENT EST to 5
INFO: 01:44:11.114709 messenger.go:346: RECEIVED EST from 4
INFO: 01:44:11.115522 messenger.go:270: SENT EST to 2
INFO: 01:44:11.118048 messenger.go:270: SENT EST to 9
INFO: 01:44:11.118454 messenger.go:270: SENT EST to 2
INFO: 01:44:11.120045 messenger.go:346: RECEIVED EST from 9
INFO: 01:44:11.121136 messenger.go:270: SENT EST to 7
INFO: 01:44:11.130318 messenger.go:346: RECEIVED EST from 3
INFO: 01:44:11.130464 messenger.go:346: RECEIVED EST from 8
INFO: 01:44:11.130515 messenger.go:270: SENT EST to 3
INFO: 01:44:11.138782 messenger.go:346: RECEIVED EST from 0
INFO: 01:44:11.138832 messenger.go:270: SENT EST to 8
INFO: 01:44:11.146636 messenger.go:270: SENT EST to 9
INFO: 01:44:11.147579 messenger.go:346: RECEIVED EST from 7
INFO: 01:44:11.148173 messenger.go:346: RECEIVED EST from 5
INFO: 01:44:11.148974 messenger.go:346: RECEIVED EST from 6
INFO: 01:44:11.149062 messenger.go:270: SENT EST to 2
INFO: 01:44:11.150748 messenger.go:270: SENT EST to 4
INFO: 01:44:11.153017 messenger.go:346: RECEIVED EST from 9
INFO: 01:44:11.153227 messenger.go:270: SENT EST to 6
INFO: 01:44:11.154608 messenger.go:270: SENT EST to 0
INFO: 01:44:11.154650 messenger.go:270: SENT EST to 7
INFO: 01:44:11.161549 messenger.go:270: SENT EST to 8
INFO: 01:44:11.162605 messenger.go:346: RECEIVED EST from 8
INFO: 01:44:11.167019 messenger.go:346: RECEIVED EST from 4
INFO: 01:44:11.167077 messenger.go:270: SENT EST to 5
INFO: 01:44:11.167275 messenger.go:346: RECEIVED EST from 5
INFO: 01:44:11.167491 messenger.go:346: RECEIVED EST from 0
INFO: 01:44:11.168473 messenger.go:270: SENT EST to 0
INFO: 01:44:11.172188 messenger.go:346: RECEIVED EST from 2
INFO: 01:44:11.172234 messenger.go:270: SENT EST to 2
INFO: 01:44:11.177700 messenger.go:270: SENT EST to 3
INFO: 01:44:11.178739 messenger.go:270: SENT EST to 4
INFO: 01:44:11.178943 messenger.go:346: RECEIVED EST from 8
INFO: 01:44:11.179081 messenger.go:346: RECEIVED EST from 3
INFO: 01:44:11.179293 messenger.go:270: SENT EST to 5
INFO: 01:44:11.180253 messenger.go:270: SENT EST to 8
INFO: 01:44:11.185234 messenger.go:270: SENT EST to 3
INFO: 01:44:11.185414 messenger.go:270: SENT EST to 8
INFO: 01:44:11.186158 messenger.go:270: SENT EST to 4
INFO: 01:44:11.186188 messenger.go:270: SENT EST to 5
INFO: 01:44:11.191694 messenger.go:270: SENT EST to 3
INFO: 01:44:11.193163 messenger.go:346: RECEIVED EST from 9
INFO: 01:44:11.199611 messenger.go:346: RECEIVED EST from 4
INFO: 01:44:11.199712 messenger.go:270: SENT EST to 7
INFO: 01:44:11.199760 messenger.go:270: SENT EST to 9
INFO: 01:44:11.203576 messenger.go:346: RECEIVED EST from 2
INFO: 01:44:11.203944 messenger.go:346: RECEIVED EST from 0
INFO: 01:44:11.205466 messenger.go:270: SENT EST to 4
INFO: 01:44:11.209005 messenger.go:270: SENT EST to 0
INFO: 01:44:11.209852 messenger.go:346: RECEIVED EST from 6
INFO: 01:44:11.211042 messenger.go:346: RECEIVED EST from 5
INFO: 01:44:11.211213 messenger.go:270: SENT EST to 2
INFO: 01:44:11.211235 messenger.go:270: SENT EST to 3
INFO: 01:44:11.211475 messenger.go:346: RECEIVED EST from 7
INFO: 01:44:11.211839 messenger.go:270: SENT EST to 6
INFO: 01:44:11.212703 messenger.go:346: RECEIVED EST from 3
INFO: 01:44:11.220763 messenger.go:270: SENT EST to 7
INFO: 01:44:11.221173 messenger.go:270: SENT EST to 5
INFO: 01:44:11.223509 messenger.go:346: RECEIVED EST from 4
INFO: 01:44:11.230804 messenger.go:346: RECEIVED EST from 9
INFO: 01:44:11.230842 messenger.go:270: SENT EST to 9
INFO: 01:44:11.233110 messenger.go:270: SENT EST to 6
INFO: 01:44:11.235054 messenger.go:270: SENT EST to 4
INFO: 01:44:11.235657 messenger.go:346: RECEIVED EST from 2
INFO: 01:44:11.235722 messenger.go:270: SENT EST to 7
INFO: 01:44:11.235866 messenger.go:346: RECEIVED EST from 7
INFO: 01:44:11.239948 messenger.go:346: RECEIVED EST from 5
INFO: 01:44:11.239949 messenger.go:270: SENT EST to 2
INFO: 01:44:11.240101 messenger.go:270: SENT EST to 3
INFO: 01:44:11.240123 messenger.go:346: RECEIVED EST from 3
INFO: 01:44:11.240497 messenger.go:270: SENT EST to 0
INFO: 01:44:11.243136 messenger.go:270: SENT EST to 8
INFO: 01:44:11.245779 messenger.go:270: SENT EST to 5
INFO: 01:44:11.246220 messenger.go:346: RECEIVED EST from 8
INFO: 01:44:11.250729 messenger.go:346: RECEIVED EST from 4
INFO: 01:44:11.251864 messenger.go:346: RECEIVED EST from 6
INFO: 01:44:11.258234 messenger.go:270: SENT EST to 9
INFO: 01:44:11.260241 messenger.go:270: SENT EST to 8
INFO: 01:44:11.260357 messenger.go:346: RECEIVED EST from 5
INFO: 01:44:11.262173 messenger.go:270: SENT EST to 6
INFO: 01:44:11.270065 messenger.go:270: SENT EST to 7
INFO: 01:44:11.270219 messenger.go:346: RECEIVED EST from 0
INFO: 01:44:11.270480 messenger.go:270: SENT EST to 0
INFO: 01:44:11.271963 messenger.go:270: SENT EST to 2
INFO: 01:44:11.272209 messenger.go:346: RECEIVED EST from 0
INFO: 01:44:11.272696 messenger.go:346: RECEIVED EST from 4
INFO: 01:44:11.272746 messenger.go:346: RECEIVED EST from 2
INFO: 01:44:11.272749 messenger.go:270: SENT EST to 4
INFO: 01:44:11.277287 messenger.go:346: RECEIVED EST from 8
INFO: 01:44:11.278511 messenger.go:346: RECEIVED EST from 4
INFO: 01:44:11.287755 messenger.go:270: SENT EST to 3
INFO: 01:44:11.289769 messenger.go:270: SENT EST to 6
INFO: 01:44:11.292616 messenger.go:346: RECEIVED EST from 0
INFO: 01:44:11.293264 messenger.go:270: SENT EST to 6
INFO: 01:44:11.293608 messenger.go:346: RECEIVED EST from 5
INFO: 01:44:11.293891 messenger.go:346: RECEIVED EST from 6
INFO: 01:44:11.294447 messenger.go:346: RECEIVED EST from 9
INFO: 01:44:11.294418 messenger.go:270: SENT EST to 9
INFO: 01:44:11.294734 messenger.go:346: RECEIVED EST from 7
INFO: 01:44:11.304045 messenger.go:346: RECEIVED EST from 4
INFO: 01:44:11.306626 messenger.go:346: RECEIVED EST from 8
INFO: 01:44:11.307192 messenger.go:346: RECEIVED EST from 2
INFO: 01:44:11.307869 messenger.go:346: RECEIVED EST from 3
INFO: 01:44:11.308034 messenger.go:270: SENT EST to 8
INFO: 01:44:11.312123 messenger.go:270: SENT EST to 9
INFO: 01:44:11.315453 messenger.go:346: RECEIVED EST from 7
INFO: 01:44:11.318513 messenger.go:270: SENT EST to 7
INFO: 01:44:11.318547 messenger.go:270: SENT EST to 5
INFO: 01:44:11.322359 messenger.go:346: RECEIVED EST from 6
INFO: 01:44:11.322897 messenger.go:346: RECEIVED EST from 5
INFO: 01:44:11.335219 messenger.go:346: RECEIVED EST from 3
INFO: 01:44:11.336075 messenger.go:346: RECEIVED EST from 9
INFO: 01:44:11.336235 messenger.go:346: RECEIVED EST from 8
INFO: 01:44:11.336238 messenger.go:270: SENT EST to 0
INFO: 01:44:11.342747 messenger.go:270: SENT EST to 3
INFO: 01:44:11.342767 messenger.go:270: SENT EST to 5
INFO: 01:44:11.373037 messenger.go:270: SENT EST to 2
INFO: 01:44:11.373292 messenger.go:270: SENT EST to 6
INFO: 01:44:11.373446 messenger.go:270: SENT EST to 7
INFO: 01:44:11.374159 messenger.go:346: RECEIVED EST from 7
INFO: 01:44:11.403594 messenger.go:270: SENT EST to 9
INFO: 01:44:11.403714 messenger.go:270: SENT EST to 2
INFO: 01:44:11.403809 messenger.go:270: SENT EST to 3
INFO: 01:44:11.404212 messenger.go:346: RECEIVED EST from 2
INFO: 01:44:11.409577 messenger.go:270: SENT EST to 8
INFO: 01:44:11.409647 messenger.go:270: SENT EST to 0
INFO: 01:44:11.409662 messenger.go:270: SENT EST to 4
INFO: 01:44:11.427314 messenger.go:346: RECEIVED EST from 6
INFO: 01:44:11.427761 messenger.go:346: RECEIVED EST from 4
INFO: 01:44:11.427931 messenger.go:346: RECEIVED EST from 0
INFO: 01:44:11.428075 messenger.go:346: RECEIVED EST from 3
INFO: 01:44:11.457989 messenger.go:270: SENT EST to 8
INFO: 01:44:11.458365 messenger.go:346: RECEIVED EST from 7
INFO: 01:44:11.458516 messenger.go:346: RECEIVED EST from 2
INFO: 01:44:11.458951 messenger.go:270: SENT EST to 4
INFO: 01:44:11.460632 messenger.go:270: SENT EST to 9
INFO: 01:44:11.465272 messenger.go:270: SENT EST to 7
INFO: 01:44:11.471772 messenger.go:270: SENT EST to 6
INFO: 01:44:11.474198 messenger.go:270: SENT EST to 8
INFO: 01:44:11.475858 messenger.go:270: SENT EST to 0
INFO: 01:44:11.476173 messenger.go:346: RECEIVED EST from 7
INFO: 01:44:11.476720 messenger.go:346: RECEIVED EST from 4
INFO: 01:44:11.474326 messenger.go:346: RECEIVED EST from 0
INFO: 01:44:11.474423 messenger.go:346: RECEIVED EST from 0
INFO: 01:44:11.474530 messenger.go:346: RECEIVED EST from 4
INFO: 01:44:11.474640 messenger.go:346: RECEIVED EST from 5
INFO: 01:44:11.475072 messenger.go:270: SENT EST to 4
INFO: 01:44:11.475097 messenger.go:270: SENT EST to 3
INFO: 01:44:11.475202 messenger.go:346: RECEIVED EST from 9
INFO: 01:44:11.476837 messenger.go:346: RECEIVED EST from 8
INFO: 01:44:11.476856 messenger.go:346: RECEIVED EST from 8
INFO: 01:44:11.477877 messenger.go:346: RECEIVED EST from 6
INFO: 01:44:11.489957 messenger.go:270: SENT EST to 5
INFO: 01:44:11.490264 messenger.go:346: RECEIVED EST from 8
INFO: 01:44:11.490484 messenger.go:346: RECEIVED EST from 6
INFO: 01:44:11.490644 messenger.go:346: RECEIVED EST from 0
INFO: 01:44:11.491161 messenger.go:346: RECEIVED EST from 7
INFO: 01:44:11.491476 messenger.go:270: SENT EST to 2
INFO: 01:44:11.496364 messenger.go:270: SENT EST to 9
INFO: 01:44:11.496715 messenger.go:270: SENT EST to 8
INFO: 01:44:11.491175 messenger.go:346: RECEIVED EST from 3
INFO: 01:44:11.499221 messenger.go:270: SENT EST to 0
INFO: 01:44:11.509004 messenger.go:270: SENT EST to 3
INFO: 01:44:11.509961 messenger.go:346: RECEIVED EST from 3
INFO: 01:44:11.511597 messenger.go:270: SENT EST to 4
INFO: 01:44:11.515843 messenger.go:270: SENT EST to 7
INFO: 01:44:11.516051 messenger.go:270: SENT EST to 9
INFO: 01:44:11.516393 messenger.go:270: SENT EST to 0
INFO: 01:44:11.517205 messenger.go:346: RECEIVED EST from 6
INFO: 01:44:11.518288 messenger.go:346: RECEIVED EST from 9
INFO: 01:44:11.521003 messenger.go:346: RECEIVED EST from 0
INFO: 01:44:11.530659 messenger.go:346: RECEIVED EST from 3
INFO: 01:44:11.531042 messenger.go:270: SENT EST to 6
INFO: 01:44:11.539900 messenger.go:270: SENT EST to 5
INFO: 01:44:11.545227 messenger.go:270: SENT EST to 5
INFO: 01:44:11.545486 messenger.go:346: RECEIVED EST from 7
INFO: 01:44:11.545725 messenger.go:346: RECEIVED EST from 2
INFO: 01:44:11.562695 messenger.go:346: RECEIVED EST from 8
INFO: 01:44:11.564847 messenger.go:346: RECEIVED EST from 5
INFO: 01:44:11.573822 messenger.go:346: RECEIVED EST from 4
INFO: 01:44:11.574959 messenger.go:346: RECEIVED EST from 9
INFO: 01:44:11.592709 messenger.go:270: SENT EST to 2
INFO: 01:44:11.598631 messenger.go:270: SENT EST to 0
INFO: 01:44:11.598777 messenger.go:270: SENT EST to 8
INFO: 01:44:11.598848 messenger.go:270: SENT EST to 7
INFO: 01:44:11.599089 messenger.go:346: RECEIVED EST from 2
INFO: 01:44:11.601632 messenger.go:346: RECEIVED EST from 6
INFO: 01:44:11.601913 messenger.go:270: SENT EST to 4
INFO: 01:44:11.602117 messenger.go:346: RECEIVED EST from 3
INFO: 01:44:11.628406 messenger.go:270: SENT EST to 6
INFO: 01:44:11.630682 messenger.go:270: SENT EST to 8
INFO: 01:44:11.631802 messenger.go:270: SENT EST to 7
INFO: 01:44:11.633691 messenger.go:270: SENT EST to 2
INFO: 01:44:11.634773 messenger.go:270: SENT EST to 6
INFO: 01:44:11.635598 messenger.go:346: RECEIVED EST from 2
INFO: 01:44:11.639888 messenger.go:270: SENT EST to 9
INFO: 01:44:11.660708 messenger.go:346: RECEIVED EST from 0
INFO: 01:44:11.665471 messenger.go:346: RECEIVED EST from 8
INFO: 01:44:11.666137 messenger.go:270: SENT EST to 0
INFO: 01:44:11.682909 messenger.go:346: RECEIVED EST from 9
INFO: 01:44:11.693636 messenger.go:346: RECEIVED EST from 9
INFO: 01:44:11.697931 messenger.go:346: RECEIVED EST from 4
INFO: 01:44:11.702441 messenger.go:270: SENT EST to 3
INFO: 01:44:11.702503 messenger.go:270: SENT EST to 2
INFO: 01:44:11.708927 messenger.go:270: SENT EST to 2
INFO: 01:44:11.709651 messenger.go:346: RECEIVED EST from 5
INFO: 01:44:11.714012 messenger.go:270: SENT EST to 4
INFO: 01:44:11.714245 messenger.go:346: RECEIVED EST from 6
INFO: 01:44:11.716217 messenger.go:270: SENT EST to 9
INFO: 01:44:11.717264 messenger.go:346: RECEIVED EST from 3
INFO: 01:44:11.723589 messenger.go:270: SENT EST to 3
INFO: 01:44:11.723655 messenger.go:270: SENT EST to 5
INFO: 01:44:11.723833 messenger.go:346: RECEIVED EST from 0
INFO: 01:44:11.724340 messenger.go:346: RECEIVED EST from 8
INFO: 01:44:11.730674 messenger.go:346: RECEIVED EST from 2
INFO: 01:44:11.731502 messenger.go:270: SENT EST to 5
INFO: 01:44:11.732399 messenger.go:270: SENT EST to 8
INFO: 01:44:11.732454 messenger.go:270: SENT EST to 9
INFO: 01:44:11.732475 messenger.go:270: SENT EST to 0
INFO: 01:44:11.732694 messenger.go:270: SENT EST to 5
INFO: 01:44:11.734115 messenger.go:270: SENT EST to 6
INFO: 01:44:11.735232 messenger.go:270: SENT EST to 4
INFO: 01:44:11.735977 messenger.go:346: RECEIVED EST from 5
INFO: 01:44:11.736095 messenger.go:270: SENT EST to 6
INFO: 01:44:11.738429 messenger.go:346: RECEIVED EST from 5
INFO: 01:44:11.743194 messenger.go:270: SENT EST to 2
INFO: 01:44:11.747761 messenger.go:270: SENT EST to 3
INFO: 01:44:11.748493 messenger.go:270: SENT EST to 5
INFO: 01:44:11.750354 messenger.go:270: SENT EST to 6
INFO: 01:44:11.751315 messenger.go:346: RECEIVED EST from 7
INFO: 01:44:11.752559 messenger.go:270: SENT EST to 3
INFO: 01:44:11.754543 messenger.go:270: SENT EST to 4
INFO: 01:44:11.764104 messenger.go:346: RECEIVED EST from 6
INFO: 01:44:11.765183 messenger.go:346: RECEIVED EST from 9
INFO: 01:44:11.767579 messenger.go:346: RECEIVED EST from 2
INFO: 01:44:11.771106 messenger.go:346: RECEIVED EST from 3
INFO: 01:44:11.776121 messenger.go:270: SENT EST to 7
INFO: 01:44:11.778295 messenger.go:346: RECEIVED EST from 2
INFO: 01:44:11.784553 messenger.go:346: RECEIVED EST from 5
INFO: 01:44:11.784768 messenger.go:270: SENT EST to 7
INFO: 01:44:11.785076 messenger.go:346: RECEIVED EST from 0
INFO: 01:44:11.787659 messenger.go:270: SENT EST to 0
INFO: 01:44:11.787933 messenger.go:270: SENT EST to 9
INFO: 01:44:11.788116 messenger.go:346: RECEIVED EST from 9
INFO: 01:44:11.789166 messenger.go:270: SENT EST to 5
INFO: 01:44:11.789361 messenger.go:346: RECEIVED EST from 3
INFO: 01:44:11.789635 messenger.go:270: SENT EST to 6
INFO: 01:44:11.790265 messenger.go:270: SENT EST to 7
INFO: 01:44:11.790594 messenger.go:346: RECEIVED EST from 7
INFO: 01:44:11.792404 messenger.go:346: RECEIVED EST from 5
INFO: 01:44:11.792671 messenger.go:270: SENT EST to 3
INFO: 01:44:11.794212 messenger.go:270: SENT EST to 7
INFO: 01:44:11.794400 messenger.go:346: RECEIVED EST from 7
INFO: 01:44:11.795106 messenger.go:346: RECEIVED EST from 6
INFO: 01:44:11.805499 messenger.go:270: SENT EST to 2
INFO: 01:44:11.805549 messenger.go:270: SENT EST to 8
INFO: 01:44:11.808064 messenger.go:346: RECEIVED EST from 0
INFO: 01:44:11.808317 messenger.go:346: RECEIVED EST from 8
INFO: 01:44:11.808723 messenger.go:346: RECEIVED EST from 2
INFO: 01:44:11.814759 messenger.go:270: SENT EST to 2
INFO: 01:44:11.814769 messenger.go:270: SENT EST to 0
INFO: 01:44:11.814819 messenger.go:270: SENT EST to 8
INFO: 01:44:11.816059 messenger.go:346: RECEIVED EST from 9
INFO: 01:44:11.817895 messenger.go:270: SENT EST to 9
INFO: 01:44:11.819731 messenger.go:270: SENT EST to 3
INFO: 01:44:11.819835 messenger.go:270: SENT EST to 9
INFO: 01:44:11.820923 messenger.go:270: SENT EST to 4
INFO: 01:44:11.821359 messenger.go:270: SENT EST to 4
INFO: 01:44:11.826788 messenger.go:270: SENT EST to 5
INFO: 01:44:11.827800 messenger.go:346: RECEIVED EST from 4
INFO: 01:44:11.830217 messenger.go:346: RECEIVED EST from 3
INFO: 01:44:11.839543 messenger.go:270: SENT EST to 7
INFO: 01:44:11.839692 messenger.go:346: RECEIVED EST from 6
INFO: 01:44:11.839998 messenger.go:270: SENT EST to 8
INFO: 01:44:11.840220 messenger.go:270: SENT EST to 6
INFO: 01:44:11.846526 messenger.go:270: SENT EST to 5
INFO: 01:44:11.846893 messenger.go:346: RECEIVED EST from 7
INFO: 01:44:11.848937 messenger.go:346: RECEIVED EST from 0
INFO: 01:44:11.851270 messenger.go:346: RECEIVED EST from 2
INFO: 01:44:11.851325 messenger.go:346: RECEIVED EST from 5
INFO: 01:44:11.852892 messenger.go:270: SENT EST to 0
INFO: 01:44:11.853001 messenger.go:270: SENT EST to 2
INFO: 01:44:11.853314 messenger.go:346: RECEIVED EST from 9
INFO: 01:44:11.853391 messenger.go:270: SENT EST to 9
INFO: 01:44:11.854608 messenger.go:346: RECEIVED EST from 4
INFO: 01:44:11.854645 messenger.go:270: SENT EST to 6
INFO: 01:44:11.856258 messenger.go:346: RECEIVED EST from 6
INFO: 01:44:11.865854 messenger.go:270: SENT EST to 8
INFO: 01:44:11.866356 messenger.go:346: RECEIVED EST from 0
INFO: 01:44:11.866574 messenger.go:346: RECEIVED EST from 7
INFO: 01:44:11.865865 messenger.go:270: SENT EST to 7
INFO: 01:44:11.866032 messenger.go:270: SENT EST to 0
INFO: 01:44:11.866033 messenger.go:270: SENT EST to 2
INFO: 01:44:11.873226 messenger.go:346: RECEIVED EST from 2
INFO: 01:44:11.873372 messenger.go:346: RECEIVED EST from 8
INFO: 01:44:11.873524 messenger.go:346: RECEIVED EST from 5
INFO: 01:44:11.879470 messenger.go:270: SENT EST to 8
INFO: 01:44:11.880282 messenger.go:346: RECEIVED EST from 3
INFO: 01:44:11.880429 messenger.go:346: RECEIVED EST from 9
INFO: 01:44:11.892052 messenger.go:270: SENT EST to 0
INFO: 01:44:11.892093 messenger.go:270: SENT EST to 2
INFO: 01:44:11.892242 messenger.go:346: RECEIVED EST from 3
INFO: 01:44:11.892426 messenger.go:270: SENT EST to 3
INFO: 01:44:11.892879 messenger.go:346: RECEIVED EST from 7
INFO: 01:44:11.893084 messenger.go:346: RECEIVED EST from 0
INFO: 01:44:11.893215 messenger.go:346: RECEIVED EST from 8
INFO: 01:44:11.903001 messenger.go:346: RECEIVED EST from 4
INFO: 01:44:11.903126 messenger.go:270: SENT EST to 3
INFO: 01:44:11.904993 messenger.go:270: SENT EST to 4
INFO: 01:44:11.905207 messenger.go:346: RECEIVED EST from 8
INFO: 01:44:11.906731 messenger.go:346: RECEIVED EST from 5
INFO: 01:44:11.907012 messenger.go:270: SENT EST to 9
INFO: 01:44:11.915376 messenger.go:270: SENT EST to 3
INFO: 01:44:11.916114 messenger.go:346: RECEIVED EST from 0
INFO: 01:44:11.916279 messenger.go:346: RECEIVED EST from 6
INFO: 01:44:11.916434 messenger.go:346: RECEIVED EST from 9
INFO: 01:44:11.917608 messenger.go:270: SENT EST to 6
INFO: 01:44:11.927830 messenger.go:270: SENT EST to 7
INFO: 01:44:11.928069 messenger.go:346: RECEIVED EST from 7
INFO: 01:44:11.928214 messenger.go:270: SENT EST to 8
INFO: 01:44:11.928281 messenger.go:270: SENT EST to 0
INFO: 01:44:11.928422 messenger.go:346: RECEIVED EST from 3
INFO: 01:44:11.928611 messenger.go:346: RECEIVED EST from 8
INFO: 01:44:11.929908 messenger.go:270: SENT EST to 9
INFO: 01:44:11.930003 messenger.go:270: SENT EST to 5
INFO: 01:44:11.930120 messenger.go:270: SENT EST to 2
INFO: 01:44:11.931643 messenger.go:346: RECEIVED EST from 9
INFO: 01:44:11.944076 messenger.go:346: RECEIVED EST from 6
INFO: 01:44:11.947254 messenger.go:346: RECEIVED EST from 2
INFO: 01:44:11.947832 messenger.go:346: RECEIVED EST from 0
INFO: 01:44:11.948412 messenger.go:270: SENT EST to 3
INFO: 01:44:11.948575 messenger.go:346: RECEIVED EST from 3
INFO: 01:44:11.948631 messenger.go:270: SENT EST to 4
INFO: 01:44:11.948757 messenger.go:346: RECEIVED EST from 4
INFO: 01:44:11.957928 messenger.go:270: SENT EST to 5
INFO: 01:44:11.958057 messenger.go:346: RECEIVED EST from 7
INFO: 01:44:11.960854 messenger.go:346: RECEIVED EST from 6
INFO: 01:44:11.962669 messenger.go:270: SENT EST to 9
INFO: 01:44:11.962839 messenger.go:346: RECEIVED EST from 9
INFO: 01:44:11.963952 messenger.go:346: RECEIVED EST from 5
INFO: 01:44:11.964202 messenger.go:270: SENT EST to 4
INFO: 01:44:11.966110 messenger.go:346: RECEIVED EST from 4
INFO: 01:44:11.967155 messenger.go:346: RECEIVED EST from 2
INFO: 01:44:11.971916 messenger.go:270: SENT EST to 0
INFO: 01:44:11.972012 messenger.go:270: SENT EST to 7
INFO: 01:44:11.972229 messenger.go:270: SENT EST to 4
INFO: 01:44:11.972603 messenger.go:270: SENT EST to 5
INFO: 01:44:11.972759 messenger.go:270: SENT EST to 2
INFO: 01:44:11.973004 messenger.go:270: SENT EST to 5
INFO: 01:44:11.975938 messenger.go:270: SENT EST to 4
INFO: 01:44:11.977166 messenger.go:346: RECEIVED EST from 7
INFO: 01:44:11.980394 messenger.go:270: SENT EST to 6
INFO: 01:44:11.980922 messenger.go:346: RECEIVED EST from 6
INFO: 01:44:11.996901 messenger.go:346: RECEIVED EST from 0
INFO: 01:44:11.999152 messenger.go:270: SENT EST to 6
INFO: 01:44:12.000101 messenger.go:270: SENT EST to 8
INFO: 01:44:12.000475 messenger.go:346: RECEIVED EST from 8
INFO: 01:44:12.000517 messenger.go:270: SENT EST to 7
INFO: 01:44:12.001273 messenger.go:270: SENT EST to 3
INFO: 01:44:12.001455 messenger.go:346: RECEIVED EST from 3
INFO: 01:44:12.002382 messenger.go:346: RECEIVED EST from 7
INFO: 01:44:12.002802 messenger.go:346: RECEIVED EST from 2
INFO: 01:44:12.012500 messenger.go:346: RECEIVED EST from 9
INFO: 01:44:12.013033 messenger.go:346: RECEIVED EST from 8
INFO: 01:44:12.013292 messenger.go:346: RECEIVED EST from 6
INFO: 01:44:12.015484 messenger.go:346: RECEIVED EST from 5
INFO: 01:44:12.015708 messenger.go:270: SENT EST to 8
INFO: 01:44:12.015955 messenger.go:270: SENT EST to 6
INFO: 01:44:12.016559 messenger.go:270: SENT EST to 7
INFO: 01:44:12.016698 messenger.go:346: RECEIVED EST from 7
INFO: 01:44:12.017879 messenger.go:346: RECEIVED EST from 8
INFO: 01:44:12.022005 messenger.go:270: SENT EST to 9
INFO: 01:44:12.022546 messenger.go:270: SENT EST to 8
INFO: 01:44:12.022866 messenger.go:346: RECEIVED EST from 2
INFO: 01:44:12.032531 messenger.go:346: RECEIVED EST from 9
INFO: 01:44:12.033209 messenger.go:270: SENT EST to 9
INFO: 01:44:12.037126 messenger.go:270: SENT EST to 0
INFO: 01:44:12.037713 messenger.go:270: SENT EST to 5
INFO: 01:44:12.041921 messenger.go:346: RECEIVED EST from 3
INFO: 01:44:12.042992 messenger.go:346: RECEIVED EST from 8
INFO: 01:44:12.043091 messenger.go:346: RECEIVED EST from 5
INFO: 01:44:12.045878 messenger.go:270: SENT EST to 8
INFO: 01:44:12.051862 messenger.go:270: SENT EST to 0
INFO: 01:44:12.052688 messenger.go:270: SENT EST to 0
INFO: 01:44:12.056552 messenger.go:270: SENT EST to 2
INFO: 01:44:12.057560 messenger.go:270: SENT EST to 6
INFO: 01:44:12.057860 messenger.go:346: RECEIVED EST from 4
INFO: 01:44:12.058112 messenger.go:346: RECEIVED EST from 9
INFO: 01:44:12.058526 messenger.go:346: RECEIVED EST from 0
INFO: 01:44:12.059059 messenger.go:346: RECEIVED EST from 7
INFO: 01:44:12.059148 messenger.go:270: SENT EST to 7
INFO: 01:44:12.060306 messenger.go:270: SENT EST to 2
INFO: 01:44:12.069660 messenger.go:346: RECEIVED EST from 2
INFO: 01:44:12.070213 messenger.go:346: RECEIVED EST from 5
INFO: 01:44:12.070218 messenger.go:270: SENT EST to 9
INFO: 01:44:12.070221 messenger.go:270: SENT EST to 3
INFO: 01:44:12.080554 messenger.go:346: RECEIVED EST from 2
INFO: 01:44:12.080746 messenger.go:346: RECEIVED EST from 6
INFO: 01:44:12.080881 messenger.go:346: RECEIVED EST from 7
INFO: 01:44:12.081032 messenger.go:346: RECEIVED EST from 0
INFO: 01:44:12.081764 messenger.go:346: RECEIVED EST from 8
INFO: 01:44:12.084950 messenger.go:270: SENT EST to 2
INFO: 01:44:12.085972 messenger.go:346: RECEIVED EST from 5
INFO: 01:44:12.086401 messenger.go:346: RECEIVED EST from 9
INFO: 01:44:12.090662 messenger.go:346: RECEIVED EST from 6
INFO: 01:44:12.094016 messenger.go:270: SENT EST to 4
INFO: 01:44:12.094629 messenger.go:346: RECEIVED EST from 3
INFO: 01:44:12.094823 messenger.go:346: RECEIVED EST from 4
INFO: 01:44:12.097163 messenger.go:270: SENT EST to 2
INFO: 01:44:12.100694 messenger.go:270: SENT EST to 3
INFO: 01:44:12.101569 messenger.go:346: RECEIVED EST from 2
INFO: 01:44:12.109050 messenger.go:270: SENT EST to 5
INFO: 01:44:12.109797 messenger.go:270: SENT EST to 6
INFO: 01:44:12.109966 messenger.go:270: SENT EST to 8
INFO: 01:44:12.110124 messenger.go:346: RECEIVED EST from 8
INFO: 01:44:12.110320 messenger.go:346: RECEIVED EST from 5
INFO: 01:44:12.110521 messenger.go:270: SENT EST to 9
INFO: 01:44:12.113714 messenger.go:270: SENT EST to 4
INFO: 01:44:12.113985 messenger.go:346: RECEIVED EST from 4
INFO: 01:44:12.120206 messenger.go:270: SENT EST to 6
INFO: 01:44:12.123698 messenger.go:346: RECEIVED EST from 6
INFO: 01:44:12.126774 messenger.go:270: SENT EST to 7
INFO: 01:44:12.143717 messenger.go:270: SENT EST to 5
INFO: 01:44:12.144552 messenger.go:346: RECEIVED EST from 3
INFO: 01:44:12.144624 messenger.go:270: SENT EST to 0
INFO: 01:44:12.144699 messenger.go:270: SENT EST to 3
INFO: 01:44:12.145402 messenger.go:346: RECEIVED EST from 8
INFO: 01:44:12.145594 messenger.go:346: RECEIVED EST from 0
INFO: 01:44:12.149801 messenger.go:270: SENT EST to 0
INFO: 01:44:12.150467 messenger.go:270: SENT EST to 8
INFO: 01:44:12.151009 messenger.go:346: RECEIVED EST from 7
INFO: 01:44:12.151365 messenger.go:270: SENT EST to 7
INFO: 01:44:12.155754 messenger.go:346: RECEIVED EST from 9
INFO: 01:44:12.155811 messenger.go:270: SENT EST to 3
INFO: 01:44:12.156566 messenger.go:270: SENT EST to 4
INFO: 01:44:12.160430 messenger.go:270: SENT EST to 3
INFO: 01:44:12.162566 messenger.go:346: RECEIVED EST from 4
INFO: 01:44:12.162945 messenger.go:270: SENT EST to 4
INFO: 01:44:12.164876 messenger.go:270: SENT EST to 2
INFO: 01:44:12.169545 messenger.go:346: RECEIVED EST from 2
INFO: 01:44:12.170387 messenger.go:346: RECEIVED EST from 3
INFO: 01:44:12.171019 messenger.go:270: SENT EST to 9
INFO: 01:44:12.172884 messenger.go:270: SENT EST to 8
INFO: 01:44:12.173926 messenger.go:270: SENT EST to 7
INFO: 01:44:12.175873 messenger.go:270: SENT EST to 0
INFO: 01:44:12.176084 messenger.go:346: RECEIVED EST from 0
INFO: 01:44:12.176355 messenger.go:346: RECEIVED EST from 8
INFO: 01:44:12.183143 messenger.go:270: SENT EST to 3
INFO: 01:44:12.183430 messenger.go:270: SENT EST to 2
INFO: 01:44:12.183581 messenger.go:346: RECEIVED EST from 5
INFO: 01:44:12.183872 messenger.go:270: SENT EST to 5
INFO: 01:44:12.183957 messenger.go:270: SENT EST to 9
INFO: 01:44:12.189293 messenger.go:346: RECEIVED EST from 9
INFO: 01:44:12.189986 messenger.go:346: RECEIVED EST from 4
INFO: 01:44:12.190143 messenger.go:346: RECEIVED EST from 7
INFO: 01:44:12.190204 messenger.go:270: SENT EST to 5
INFO: 01:44:12.190788 messenger.go:346: RECEIVED EST from 3
INFO: 01:44:12.193503 messenger.go:270: SENT EST to 4
INFO: 01:44:12.199405 messenger.go:270: SENT EST to 6
INFO: 01:44:12.200539 messenger.go:346: RECEIVED EST from 6
INFO: 01:44:12.203795 messenger.go:270: SENT EST to 6
INFO: 01:44:12.204345 messenger.go:270: SENT EST to 7
INFO: 01:44:12.204459 messenger.go:346: RECEIVED EST from 0
INFO: 01:44:12.208998 messenger.go:270: SENT EST to 4
INFO: 01:44:12.209241 messenger.go:346: RECEIVED EST from 4
INFO: 01:44:12.216961 messenger.go:346: RECEIVED EST from 8
INFO: 01:44:12.217194 messenger.go:270: SENT EST to 0
INFO: 01:44:12.217724 messenger.go:270: SENT EST to 2
INFO: 01:44:12.217979 messenger.go:270: SENT EST to 8
INFO: 01:44:12.218035 messenger.go:270: SENT EST to 6
INFO: 01:44:12.218240 messenger.go:346: RECEIVED EST from 2
INFO: 01:44:12.218784 messenger.go:270: SENT EST to 5
INFO: 01:44:12.222334 messenger.go:270: SENT EST to 7
INFO: 01:44:12.224343 messenger.go:270: SENT EST to 9
INFO: 01:44:12.225423 messenger.go:346: RECEIVED EST from 7
INFO: 01:44:12.227582 messenger.go:346: RECEIVED EST from 6
INFO: 01:44:12.239376 messenger.go:270: SENT EST to 3
INFO: 01:44:12.242476 messenger.go:346: RECEIVED EST from 9
INFO: 01:44:12.242874 messenger.go:346: RECEIVED EST from 3
INFO: 01:44:12.243044 messenger.go:270: SENT EST to 7
INFO: 01:44:12.243586 messenger.go:346: RECEIVED EST from 5
INFO: 01:44:12.243597 messenger.go:270: SENT EST to 3
INFO: 01:44:12.243731 messenger.go:346: RECEIVED EST from 0
INFO: 01:44:12.243856 messenger.go:346: RECEIVED EST from 7
INFO: 01:44:12.244264 messenger.go:346: RECEIVED EST from 7
INFO: 01:44:12.245440 messenger.go:270: SENT EST to 6
INFO: 01:44:12.245639 messenger.go:346: RECEIVED EST from 6
INFO: 01:44:12.247276 messenger.go:346: RECEIVED EST from 6
INFO: 01:44:12.249796 messenger.go:270: SENT EST to 8
INFO: 01:44:12.249960 messenger.go:346: RECEIVED EST from 8
INFO: 01:44:12.249830 messenger.go:270: SENT EST to 0
INFO: 01:44:12.250556 messenger.go:346: RECEIVED EST from 3
INFO: 01:44:12.250694 messenger.go:346: RECEIVED EST from 2
INFO: 01:44:12.256797 messenger.go:270: SENT EST to 2
INFO: 01:44:12.256861 messenger.go:270: SENT EST to 8
INFO: 01:44:12.258330 messenger.go:270: SENT EST to 4
INFO: 01:44:12.258531 messenger.go:270: SENT EST to 9
INFO: 01:44:12.259177 messenger.go:270: SENT EST to 5
INFO: 01:44:12.261770 messenger.go:346: RECEIVED EST from 7
INFO: 01:44:12.268201 messenger.go:346: RECEIVED EST from 3
INFO: 01:44:12.275644 messenger.go:270: SENT EST to 0
INFO: 01:44:12.275899 messenger.go:270: SENT EST to 8
INFO: 01:44:12.275958 messenger.go:270: SENT EST to 2
INFO: 01:44:12.275995 messenger.go:270: SENT EST to 6
INFO: 01:44:12.276087 messenger.go:270: SENT EST to 7
INFO: 01:44:12.276989 messenger.go:346: RECEIVED EST from 4
INFO: 01:44:12.277384 messenger.go:270: SENT EST to 9
INFO: 01:44:12.277480 messenger.go:270: SENT EST to 5
INFO: 01:44:12.330939 messenger.go:346: RECEIVED EST from 5
INFO: 01:44:12.336369 messenger.go:270: SENT EST to 3
INFO: 01:44:12.341877 messenger.go:346: RECEIVED EST from 8
INFO: 01:44:12.342034 messenger.go:346: RECEIVED EST from 9
INFO: 01:44:12.342171 messenger.go:346: RECEIVED EST from 3
INFO: 01:44:12.342317 messenger.go:346: RECEIVED EST from 7
INFO: 01:44:12.342448 messenger.go:346: RECEIVED EST from 2
INFO: 01:44:12.342585 messenger.go:346: RECEIVED EST from 7
INFO: 01:44:12.342711 messenger.go:346: RECEIVED EST from 8
INFO: 01:44:12.342847 messenger.go:346: RECEIVED EST from 2
INFO: 01:44:12.342957 messenger.go:346: RECEIVED EST from 8
INFO: 01:44:12.343083 messenger.go:346: RECEIVED EST from 7
INFO: 01:44:12.343168 messenger.go:270: SENT EST to 4
INFO: 01:44:12.343846 messenger.go:346: RECEIVED EST from 6
INFO: 01:44:12.343996 messenger.go:346: RECEIVED EST from 0
INFO: 01:44:12.344175 messenger.go:270: SENT EST to 3
INFO: 01:44:12.344314 messenger.go:346: RECEIVED EST from 6
INFO: 01:44:12.344695 messenger.go:270: SENT EST to 2
INFO: 01:44:12.346337 messenger.go:270: SENT EST to 7
INFO: 01:44:12.347047 messenger.go:270: SENT EST to 8
INFO: 01:44:12.347603 messenger.go:346: RECEIVED EST from 6
INFO: 01:44:12.350339 messenger.go:270: SENT EST to 6
INFO: 01:44:12.351528 messenger.go:346: RECEIVED EST from 2
INFO: 01:44:12.362377 messenger.go:270: SENT EST to 9
INFO: 01:44:12.362956 messenger.go:270: SENT EST to 5
INFO: 01:44:12.363102 messenger.go:346: RECEIVED EST from 6
INFO: 01:44:12.363227 messenger.go:346: RECEIVED EST from 9
INFO: 01:44:12.366307 messenger.go:346: RECEIVED EST from 0
INFO: 01:44:12.367007 messenger.go:346: RECEIVED EST from 7
INFO: 01:44:12.367239 messenger.go:346: RECEIVED EST from 5
INFO: 01:44:12.367388 messenger.go:346: RECEIVED EST from 2
INFO: 01:44:12.367251 messenger.go:270: SENT EST to 0
INFO: 01:44:12.372481 messenger.go:270: SENT EST to 9
INFO: 01:44:12.372900 messenger.go:270: SENT EST to 3
INFO: 01:44:12.373220 messenger.go:346: RECEIVED EST from 0
INFO: 01:44:12.392940 messenger.go:270: SENT EST to 0
INFO: 01:44:12.393014 messenger.go:346: RECEIVED EST from 3
INFO: 01:44:12.393111 messenger.go:270: SENT EST to 2
INFO: 01:44:12.393377 messenger.go:346: RECEIVED EST from 0
INFO: 01:44:12.393633 messenger.go:346: RECEIVED EST from 9
INFO: 01:44:12.394033 messenger.go:346: RECEIVED EST from 8
INFO: 01:44:12.394109 messenger.go:270: SENT EST to 4
INFO: 01:44:12.394831 messenger.go:346: RECEIVED EST from 4
INFO: 01:44:12.395848 messenger.go:346: RECEIVED EST from 5
INFO: 01:44:12.415297 messenger.go:346: RECEIVED EST from 2
INFO: 01:44:12.415297 messenger.go:346: RECEIVED EST from 3
INFO: 01:44:12.415478 messenger.go:346: RECEIVED EST from 0
INFO: 01:44:12.416082 messenger.go:346: RECEIVED EST from 9
INFO: 01:44:12.416419 messenger.go:346: RECEIVED EST from 6
INFO: 01:44:12.417122 messenger.go:346: RECEIVED EST from 5
INFO: 01:44:12.417550 messenger.go:270: SENT EST to 5
INFO: 01:44:12.417558 messenger.go:270: SENT EST to 6
INFO: 01:44:12.417732 messenger.go:270: SENT EST to 9
INFO: 01:44:12.417816 messenger.go:270: SENT EST to 8
INFO: 01:44:12.418308 messenger.go:270: SENT EST to 0
INFO: 01:44:12.418731 messenger.go:270: SENT EST to 2
INFO: 01:44:12.418956 messenger.go:270: SENT EST to 3
INFO: 01:44:12.421293 messenger.go:346: RECEIVED EST from 3
INFO: 01:44:12.424763 messenger.go:346: RECEIVED EST from 5
INFO: 01:44:12.425770 messenger.go:346: RECEIVED EST from 3
INFO: 01:44:12.428818 messenger.go:270: SENT EST to 7
INFO: 01:44:12.436523 messenger.go:346: RECEIVED EST from 8
INFO: 01:44:12.448966 messenger.go:346: RECEIVED EST from 5
INFO: 01:44:12.449567 messenger.go:346: RECEIVED EST from 6
INFO: 01:44:12.452844 messenger.go:270: SENT EST to 4
INFO: 01:44:12.455430 messenger.go:346: RECEIVED EST from 2
INFO: 01:44:12.455977 messenger.go:346: RECEIVED EST from 4
INFO: 01:44:12.456417 messenger.go:346: RECEIVED EST from 0
INFO: 01:44:12.456869 messenger.go:346: RECEIVED EST from 7
INFO: 01:44:12.457056 messenger.go:346: RECEIVED EST from 9
INFO: 01:44:12.462476 messenger.go:346: RECEIVED EST from 8
INFO: 01:44:12.462688 messenger.go:346: RECEIVED EST from 3
INFO: 01:44:12.467753 messenger.go:270: SENT EST to 2
INFO: 01:44:12.467955 messenger.go:270: SENT EST to 9
INFO: 01:44:12.468083 messenger.go:270: SENT EST to 0
INFO: 01:44:12.468120 messenger.go:270: SENT EST to 5
INFO: 01:44:12.472010 messenger.go:270: SENT EST to 7
INFO: 01:44:12.472743 messenger.go:346: RECEIVED EST from 5
INFO: 01:44:12.473425 messenger.go:346: RECEIVED EST from 4
INFO: 01:44:12.473757 messenger.go:346: RECEIVED EST from 2
INFO: 01:44:12.475023 messenger.go:270: SENT EST to 4
INFO: 01:44:12.476007 messenger.go:270: SENT EST to 5
INFO: 01:44:12.476363 messenger.go:270: SENT EST to 4
INFO: 01:44:12.478722 messenger.go:270: SENT EST to 5
INFO: 01:44:12.482130 messenger.go:270: SENT EST to 4
INFO: 01:44:12.499039 messenger.go:270: SENT EST to 8
INFO: 01:44:12.499297 messenger.go:346: RECEIVED EST from 8
INFO: 01:44:12.500030 messenger.go:346: RECEIVED EST from 5
INFO: 01:44:12.500196 messenger.go:346: RECEIVED EST from 0
INFO: 01:44:12.500336 messenger.go:346: RECEIVED EST from 9
INFO: 01:44:12.500444 messenger.go:270: SENT EST to 3
INFO: 01:44:12.501211 messenger.go:270: SENT EST to 6
INFO: 01:44:12.502753 messenger.go:346: RECEIVED EST from 7
INFO: 01:44:12.502923 messenger.go:346: RECEIVED EST from 3
INFO: 01:44:12.505459 messenger.go:346: RECEIVED EST from 6
INFO: 01:44:12.505603 messenger.go:346: RECEIVED EST from 2
INFO: 01:44:12.543770 messenger.go:270: SENT EST to 5
INFO: 01:44:12.544935 messenger.go:270: SENT EST to 3
INFO: 01:44:12.545180 messenger.go:346: RECEIVED EST from 4
INFO: 01:44:12.546655 messenger.go:270: SENT EST to 7
INFO: 01:44:12.546718 messenger.go:270: SENT EST to 2
INFO: 01:44:12.547031 messenger.go:346: RECEIVED EST from 5
INFO: 01:44:12.547532 messenger.go:270: SENT EST to 4
INFO: 01:44:12.548866 messenger.go:346: RECEIVED EST from 6
INFO: 01:44:12.549063 messenger.go:346: RECEIVED EST from 9
INFO: 01:44:12.549546 messenger.go:346: RECEIVED EST from 3
INFO: 01:44:12.550918 messenger.go:270: SENT EST to 6
INFO: 01:44:12.551484 messenger.go:270: SENT EST to 8
INFO: 01:44:12.554962 messenger.go:270: SENT EST to 9
INFO: 01:44:12.568499 messenger.go:346: RECEIVED EST from 0
INFO: 01:44:12.568909 messenger.go:346: RECEIVED EST from 8
INFO: 01:44:12.569525 messenger.go:346: RECEIVED EST from 4
INFO: 01:44:12.575063 messenger.go:346: RECEIVED EST from 5
INFO: 01:44:12.578390 messenger.go:346: RECEIVED EST from 3
INFO: 01:44:12.578471 messenger.go:270: SENT EST to 0
INFO: 01:44:12.578492 messenger.go:270: SENT EST to 7
INFO: 01:44:12.579548 messenger.go:346: RECEIVED EST from 9
INFO: 01:44:12.579815 messenger.go:346: RECEIVED EST from 2
INFO: 01:44:12.584190 messenger.go:346: RECEIVED EST from 7
INFO: 01:44:12.585600 messenger.go:270: SENT EST to 8
INFO: 01:44:12.585840 messenger.go:346: RECEIVED EST from 6
INFO: 01:44:12.605663 messenger.go:346: RECEIVED EST from 5
INFO: 01:44:12.605769 messenger.go:270: SENT EST to 2
INFO: 01:44:12.606031 messenger.go:346: RECEIVED EST from 2
INFO: 01:44:12.606197 messenger.go:270: SENT EST to 9
INFO: 01:44:12.607406 messenger.go:346: RECEIVED EST from 0
INFO: 01:44:12.610212 messenger.go:270: SENT EST to 6
INFO: 01:44:12.623870 messenger.go:270: SENT EST to 0
INFO: 01:44:12.624716 messenger.go:270: SENT EST to 5
INFO: 01:44:12.632157 messenger.go:270: SENT EST to 3
INFO: 01:44:12.632850 messenger.go:346: RECEIVED EST from 7
INFO: 01:44:12.636732 messenger.go:346: RECEIVED EST from 6
INFO: 01:44:12.637249 messenger.go:346: RECEIVED EST from 9
INFO: 01:44:12.637708 messenger.go:346: RECEIVED EST from 3
INFO: 01:44:12.638074 messenger.go:346: RECEIVED EST from 4
INFO: 01:44:12.638463 messenger.go:346: RECEIVED EST from 0
INFO: 01:44:12.638465 messenger.go:270: SENT EST to 4
INFO: 01:44:12.638754 messenger.go:346: RECEIVED EST from 5
INFO: 01:44:12.638808 messenger.go:270: SENT EST to 2
INFO: 01:44:12.638905 messenger.go:346: RECEIVED EST from 2
INFO: 01:44:12.638906 messenger.go:270: SENT EST to 8
INFO: 01:44:12.638907 messenger.go:270: SENT EST to 7
INFO: 01:44:12.638908 messenger.go:270: SENT EST to 9
INFO: 01:44:12.639045 messenger.go:270: SENT EST to 0
INFO: 01:44:12.641993 messenger.go:270: SENT EST to 6
INFO: 01:44:12.670155 messenger.go:270: SENT EST to 3
INFO: 01:44:12.675091 messenger.go:346: RECEIVED EST from 7
INFO: 01:44:12.676618 messenger.go:346: RECEIVED EST from 9
INFO: 01:44:12.676732 messenger.go:346: RECEIVED EST from 6
INFO: 01:44:12.677576 messenger.go:346: RECEIVED EST from 3
INFO: 01:44:12.677930 messenger.go:346: RECEIVED EST from 0
INFO: 01:44:12.678120 messenger.go:346: RECEIVED EST from 4
INFO: 01:44:12.680560 messenger.go:346: RECEIVED EST from 2
INFO: 01:44:12.681514 messenger.go:346: RECEIVED EST from 8
INFO: 01:44:12.681615 messenger.go:270: SENT EST to 4
INFO: 01:44:12.686004 messenger.go:346: RECEIVED EST from 5
INFO: 01:44:12.690106 messenger.go:270: SENT EST to 0
INFO: 01:44:12.690736 messenger.go:270: SENT EST to 8
INFO: 01:44:12.690871 messenger.go:270: SENT EST to 7
INFO: 01:44:12.691875 messenger.go:270: SENT EST to 2
INFO: 01:44:12.692376 messenger.go:270: SENT EST to 9
INFO: 01:44:12.696519 messenger.go:346: RECEIVED EST from 6
INFO: 01:44:12.696715 messenger.go:270: SENT EST to 5
INFO: 01:44:12.696901 messenger.go:270: SENT EST to 6
INFO: 01:44:12.702849 messenger.go:346: RECEIVED EST from 2
INFO: 01:44:12.703832 messenger.go:346: RECEIVED EST from 9
INFO: 01:44:12.713164 messenger.go:346: RECEIVED EST from 8
INFO: 01:44:12.720825 messenger.go:270: SENT EST to 3
INFO: 01:44:12.722810 messenger.go:346: RECEIVED EST from 3
INFO: 01:44:12.722966 messenger.go:346: RECEIVED EST from 7
INFO: 01:44:12.723884 messenger.go:346: RECEIVED EST from 0
INFO: 01:44:12.724619 messenger.go:270: SENT EST to 4
INFO: 01:44:12.725514 messenger.go:346: RECEIVED EST from 4
INFO: 01:44:12.726127 messenger.go:346: RECEIVED EST from 5
INFO: 01:44:12.729894 messenger.go:270: SENT EST to 7
INFO: 01:44:12.740067 messenger.go:270: SENT EST to 0
INFO: 01:44:12.741925 messenger.go:270: SENT EST to 6
INFO: 01:44:12.743310 messenger.go:270: SENT EST to 2
INFO: 01:44:12.746906 messenger.go:346: RECEIVED EST from 2
INFO: 01:44:12.746973 messenger.go:270: SENT EST to 9
INFO: 01:44:12.746984 messenger.go:270: SENT EST to 8
INFO: 01:44:12.747151 messenger.go:346: RECEIVED EST from 9
INFO: 01:44:12.748283 messenger.go:346: RECEIVED EST from 8
INFO: 01:44:12.748740 messenger.go:270: SENT EST to 3
INFO: 01:44:12.749115 messenger.go:346: RECEIVED EST from 3
INFO: 01:44:12.753807 messenger.go:346: RECEIVED EST from 7
INFO: 01:44:12.754056 messenger.go:346: RECEIVED EST from 0
INFO: 01:44:12.754343 messenger.go:346: RECEIVED EST from 4
INFO: 01:44:12.755009 messenger.go:270: SENT EST to 4
INFO: 01:44:12.757687 messenger.go:346: RECEIVED EST from 5
INFO: 01:44:12.758774 messenger.go:270: SENT EST to 5
INFO: 01:44:12.771099 messenger.go:346: RECEIVED EST from 6
INFO: 01:44:12.773507 messenger.go:270: SENT EST to 6
INFO: 01:44:12.779736 messenger.go:270: SENT EST to 7
INFO: 01:44:12.780103 messenger.go:346: RECEIVED EST from 9
INFO: 01:44:12.780156 messenger.go:346: RECEIVED EST from 2
INFO: 01:44:12.781514 messenger.go:346: RECEIVED EST from 3
INFO: 01:44:12.781586 messenger.go:270: SENT EST to 9
INFO: 01:44:12.782807 messenger.go:270: SENT EST to 3
INFO: 01:44:12.783055 messenger.go:270: SENT EST to 2
INFO: 01:44:12.783247 messenger.go:346: RECEIVED EST from 5
INFO: 01:44:12.783308 messenger.go:270: SENT EST to 0
INFO: 01:44:12.790121 messenger.go:270: SENT EST to 5
INFO: 01:44:12.797039 messenger.go:346: RECEIVED EST from 8
INFO: 01:44:12.797451 messenger.go:270: SENT EST to 8
INFO: 01:44:12.798080 messenger.go:346: RECEIVED EST from 0
INFO: 01:44:12.798087 messenger.go:346: RECEIVED EST from 7
INFO: 01:44:12.798984 messenger.go:270: SENT EST to 4
INFO: 01:44:12.799706 messenger.go:346: RECEIVED EST from 4
INFO: 01:44:12.802542 messenger.go:346: RECEIVED EST from 6
INFO: 01:44:12.803176 messenger.go:270: SENT EST to 7
INFO: 01:44:12.803349 messenger.go:346: RECEIVED EST from 3
INFO: 01:44:12.804195 messenger.go:346: RECEIVED EST from 9
INFO: 01:44:12.805531 messenger.go:270: SENT EST to 9
INFO: 01:44:12.805533 messenger.go:270: SENT EST to 6
INFO: 01:44:12.805673 messenger.go:270: SENT EST to 8
INFO: 01:44:12.806469 messenger.go:346: RECEIVED EST from 9
INFO: 01:44:12.806618 messenger.go:346: RECEIVED EST from 4
INFO: 01:44:12.806749 messenger.go:346: RECEIVED EST from 8
INFO: 01:44:12.807420 messenger.go:346: RECEIVED EST from 6
INFO: 01:44:12.809526 messenger.go:346: RECEIVED EST from 6
INFO: 01:44:12.809591 messenger.go:270: SENT EST to 6
INFO: 01:44:12.809824 messenger.go:346: RECEIVED EST from 8
INFO: 01:44:12.810064 messenger.go:270: SENT EST to 8
INFO: 01:44:12.812536 messenger.go:346: RECEIVED EST from 9
INFO: 01:44:12.813146 messenger.go:270: SENT EST to 9
INFO: 01:44:12.813496 messenger.go:346: RECEIVED EST from 8
INFO: 01:44:12.818081 messenger.go:270: SENT EST to 4
INFO: 01:44:12.821524 messenger.go:270: SENT EST to 7
INFO: 01:44:12.825719 messenger.go:270: SENT EST to 0
INFO: 01:44:12.826165 messenger.go:346: RECEIVED EST from 0
INFO: 01:44:12.826826 messenger.go:346: RECEIVED EST from 2
INFO: 01:44:12.827686 messenger.go:346: RECEIVED EST from 7
INFO: 01:44:12.828403 messenger.go:346: RECEIVED EST from 4
INFO: 01:44:12.828472 messenger.go:270: SENT EST to 3
INFO: 01:44:12.828771 messenger.go:346: RECEIVED EST from 3
INFO: 01:44:12.829086 messenger.go:346: RECEIVED EST from 6
INFO: 01:44:12.832666 messenger.go:270: SENT EST to 2
INFO: 01:44:12.833104 messenger.go:346: RECEIVED EST from 3
INFO: 01:44:12.834210 messenger.go:346: RECEIVED EST from 4
INFO: 01:44:12.837734 messenger.go:346: RECEIVED EST from 2
INFO: 01:44:12.837879 messenger.go:270: SENT EST to 3
INFO: 01:44:12.838314 messenger.go:270: SENT EST to 5
INFO: 01:44:12.840584 messenger.go:270: SENT EST to 8
INFO: 01:44:12.841392 messenger.go:270: SENT EST to 6
INFO: 01:44:12.849130 messenger.go:270: SENT EST to 7
INFO: 01:44:12.849246 messenger.go:270: SENT EST to 9
INFO: 01:44:12.849687 messenger.go:346: RECEIVED EST from 7
INFO: 01:44:12.850411 messenger.go:270: SENT EST to 4
INFO: 01:44:12.850571 messenger.go:346: RECEIVED EST from 5
INFO: 01:44:12.851499 messenger.go:346: RECEIVED EST from 7
INFO: 01:44:12.851647 messenger.go:346: RECEIVED EST from 4
INFO: 01:44:12.851830 messenger.go:346: RECEIVED EST from 8
INFO: 01:44:12.852021 messenger.go:346: RECEIVED EST from 0
INFO: 01:44:12.852154 messenger.go:346: RECEIVED EST from 3
INFO: 01:44:12.852303 messenger.go:346: RECEIVED EST from 0
INFO: 01:44:12.852429 messenger.go:346: RECEIVED EST from 0
INFO: 01:44:12.853075 messenger.go:270: SENT EST to 0
INFO: 01:44:12.854281 messenger.go:270: SENT EST to 0
INFO: 01:44:12.863616 messenger.go:346: RECEIVED EST from 9
INFO: 01:44:12.865338 messenger.go:346: RECEIVED EST from 7
INFO: 01:44:12.866825 messenger.go:346: RECEIVED EST from 6
INFO: 01:44:12.869770 messenger.go:270: SENT EST to 2
INFO: 01:44:12.872437 messenger.go:270: SENT EST to 5
INFO: 01:44:12.880769 messenger.go:346: RECEIVED EST from 5
INFO: 01:44:12.888117 messenger.go:346: RECEIVED EST from 6
INFO: 01:44:12.891023 messenger.go:270: SENT EST to 2
INFO: 01:44:12.891997 messenger.go:346: RECEIVED EST from 2
INFO: 01:44:12.893081 messenger.go:270: SENT EST to 4
INFO: 01:44:12.893907 messenger.go:270: SENT EST to 3
INFO: 01:44:12.895752 messenger.go:270: SENT EST to 7
INFO: 01:44:12.895955 messenger.go:346: RECEIVED EST from 4
INFO: 01:44:12.900090 messenger.go:346: RECEIVED EST from 0
INFO: 01:44:12.900270 messenger.go:346: RECEIVED EST from 3
INFO: 01:44:12.900432 messenger.go:346: RECEIVED EST from 9
INFO: 01:44:12.900937 messenger.go:346: RECEIVED EST from 8
INFO: 01:44:12.904875 messenger.go:270: SENT EST to 6
INFO: 01:44:12.904886 messenger.go:270: SENT EST to 5
INFO: 01:44:12.906191 messenger.go:270: SENT EST to 8
INFO: 01:44:12.908584 messenger.go:346: RECEIVED EST from 6
INFO: 01:44:12.909643 messenger.go:270: SENT EST to 2
INFO: 01:44:12.915185 messenger.go:270: SENT EST to 0
INFO: 01:44:12.915604 messenger.go:270: SENT EST to 9
INFO: 01:44:12.916049 messenger.go:346: RECEIVED EST from 7
INFO: 01:44:12.916162 messenger.go:270: SENT EST to 4
INFO: 01:44:12.916196 messenger.go:270: SENT EST to 3
INFO: 01:44:12.917721 messenger.go:346: RECEIVED EST from 2
INFO: 01:44:12.921715 messenger.go:346: RECEIVED EST from 5
INFO: 01:44:12.927064 messenger.go:270: SENT EST to 6
INFO: 01:44:12.929914 messenger.go:346: RECEIVED EST from 0
INFO: 01:44:12.933320 messenger.go:346: RECEIVED EST from 4
INFO: 01:44:12.933720 messenger.go:270: SENT EST to 8
INFO: 01:44:12.933920 messenger.go:346: RECEIVED EST from 8
INFO: 01:44:12.934802 messenger.go:270: SENT EST to 5
INFO: 01:44:12.937460 messenger.go:270: SENT EST to 7
INFO: 01:44:12.937638 messenger.go:346: RECEIVED EST from 9
INFO: 01:44:12.945170 messenger.go:270: SENT EST to 9
INFO: 01:44:12.951617 messenger.go:270: SENT EST to 4
INFO: 01:44:12.951788 messenger.go:346: RECEIVED EST from 2
INFO: 01:44:12.952391 messenger.go:270: SENT EST to 0
INFO: 01:44:12.964422 messenger.go:270: SENT EST to 2
INFO: 01:44:12.964914 messenger.go:346: RECEIVED EST from 3
INFO: 01:44:12.965667 messenger.go:346: RECEIVED EST from 6
INFO: 01:44:12.965765 messenger.go:270: SENT EST to 3
INFO: 01:44:12.966294 messenger.go:346: RECEIVED EST from 7
INFO: 01:44:12.966753 messenger.go:346: RECEIVED EST from 0
INFO: 01:44:12.967814 messenger.go:346: RECEIVED EST from 4
INFO: 01:44:12.989706 messenger.go:270: SENT EST to 8
INFO: 01:44:12.992172 messenger.go:270: SENT EST to 6
INFO: 01:44:12.992456 messenger.go:346: RECEIVED EST from 8
INFO: 01:44:12.993059 messenger.go:270: SENT EST to 7
INFO: 01:44:12.993102 messenger.go:270: SENT EST to 0
INFO: 01:44:12.993277 messenger.go:346: RECEIVED EST from 3
INFO: 01:44:12.993305 messenger.go:270: SENT EST to 3
INFO: 01:44:12.993448 messenger.go:346: RECEIVED EST from 6
INFO: 01:44:12.993451 messenger.go:270: SENT EST to 4
INFO: 01:44:12.993452 messenger.go:270: SENT EST to 5
INFO: 01:44:12.997136 messenger.go:346: RECEIVED EST from 5
INFO: 01:44:12.998003 messenger.go:346: RECEIVED EST from 7
INFO: 01:44:12.999483 messenger.go:346: RECEIVED EST from 0
INFO: 01:44:12.999883 messenger.go:270: SENT EST to 7
INFO: 01:44:13.017770 messenger.go:270: SENT EST to 6
INFO: 01:44:13.018028 messenger.go:270: SENT EST to 9
INFO: 01:44:13.018548 messenger.go:270: SENT EST to 8
INFO: 01:44:13.022831 messenger.go:346: RECEIVED EST from 9
INFO: 01:44:13.023380 messenger.go:270: SENT EST to 5
INFO: 01:44:13.024210 messenger.go:346: RECEIVED EST from 5
INFO: 01:44:13.024347 messenger.go:270: SENT EST to 2
INFO: 01:44:13.024568 messenger.go:346: RECEIVED EST from 4
INFO: 01:44:13.024846 messenger.go:346: RECEIVED EST from 8
INFO: 01:44:13.026969 messenger.go:346: RECEIVED EST from 2
INFO: 01:44:13.033921 messenger.go:346: RECEIVED EST from 0
INFO: 01:44:13.034027 messenger.go:270: SENT EST to 0
INFO: 01:44:13.037933 messenger.go:270: SENT EST to 8
INFO: 01:44:13.037973 messenger.go:270: SENT EST to 6
INFO: 01:44:13.038053 messenger.go:346: RECEIVED EST from 6
INFO: 01:44:13.038157 messenger.go:346: RECEIVED EST from 3
INFO: 01:44:13.038240 messenger.go:270: SENT EST to 4
INFO: 01:44:13.038364 messenger.go:270: SENT EST to 3
INFO: 01:44:13.039128 messenger.go:270: SENT EST to 7
INFO: 01:44:13.045696 messenger.go:346: RECEIVED EST from 5
INFO: 01:44:13.045767 messenger.go:270: SENT EST to 5
INFO: 01:44:13.049250 messenger.go:270: SENT EST to 7
INFO: 01:44:13.049519 messenger.go:346: RECEIVED EST from 7
INFO: 01:44:13.049942 messenger.go:270: SENT EST to 6
INFO: 01:44:13.050881 messenger.go:270: SENT EST to 5
INFO: 01:44:13.058057 messenger.go:270: SENT EST to 8
INFO: 01:44:13.058154 messenger.go:270: SENT EST to 2
INFO: 01:44:13.058249 messenger.go:346: RECEIVED EST from 4
INFO: 01:44:13.058388 messenger.go:346: RECEIVED EST from 2
INFO: 01:44:13.058749 messenger.go:346: RECEIVED EST from 8
INFO: 01:44:13.060314 messenger.go:346: RECEIVED EST from 5
INFO: 01:44:13.063793 messenger.go:270: SENT EST to 9
INFO: 01:44:13.064179 messenger.go:346: RECEIVED EST from 9
INFO: 01:44:13.071958 messenger.go:270: SENT EST to 7
INFO: 01:44:13.072473 messenger.go:270: SENT EST to 5
INFO: 01:44:13.073405 messenger.go:346: RECEIVED EST from 0
INFO: 01:44:13.075468 messenger.go:270: SENT EST to 0
INFO: 01:44:13.075494 messenger.go:270: SENT EST to 3
INFO: 01:44:13.075638 messenger.go:346: RECEIVED EST from 3
INFO: 01:44:13.075841 messenger.go:346: RECEIVED EST from 6
INFO: 01:44:13.076364 messenger.go:270: SENT EST to 6
INFO: 01:44:13.076875 messenger.go:270: SENT EST to 4
INFO: 01:44:13.083391 messenger.go:270: SENT EST to 8
INFO: 01:44:13.083795 messenger.go:346: RECEIVED EST from 2
INFO: 01:44:13.091138 messenger.go:346: RECEIVED EST from 4
INFO: 01:44:13.091696 messenger.go:346: RECEIVED EST from 6
INFO: 01:44:13.091707 messenger.go:270: SENT EST to 9
INFO: 01:44:13.092904 messenger.go:346: RECEIVED EST from 8
INFO: 01:44:13.093644 messenger.go:346: RECEIVED EST from 0
INFO: 01:44:13.094262 messenger.go:346: RECEIVED EST from 7
INFO: 01:44:13.092232 messenger.go:346: RECEIVED EST from 9
INFO: 01:44:13.091708 messenger.go:270: SENT EST to 2
INFO: 01:44:13.098779 messenger.go:270: SENT EST to 6
INFO: 01:44:13.099775 messenger.go:270: SENT EST to 7
INFO: 01:44:13.099931 messenger.go:270: SENT EST to 3
INFO: 01:44:13.100320 messenger.go:346: RECEIVED EST from 5
INFO: 01:44:13.101232 messenger.go:270: SENT EST to 4
INFO: 01:44:13.101363 messenger.go:270: SENT EST to 0
INFO: 01:44:13.112646 messenger.go:270: SENT EST to 8
INFO: 01:44:13.112705 messenger.go:270: SENT EST to 5
INFO: 01:44:13.119181 messenger.go:346: RECEIVED EST from 7
INFO: 01:44:13.119493 messenger.go:346: RECEIVED EST from 3
INFO: 01:44:13.119828 messenger.go:346: RECEIVED EST from 8
INFO: 01:44:13.121743 messenger.go:270: SENT EST to 2
INFO: 01:44:13.139467 messenger.go:270: SENT EST to 9
INFO: 01:44:13.139608 messenger.go:346: RECEIVED EST from 2
INFO: 01:44:13.140151 messenger.go:346: RECEIVED EST from 4
INFO: 01:44:13.140440 messenger.go:346: RECEIVED EST from 5
INFO: 01:44:13.141400 messenger.go:346: RECEIVED EST from 9
INFO: 01:44:13.167044 messenger.go:346: RECEIVED EST from 8
INFO: 01:44:13.167527 messenger.go:346: RECEIVED EST from 9
INFO: 01:44:13.167531 messenger.go:270: SENT EST to 9
INFO: 01:44:13.167532 messenger.go:270: SENT EST to 7
INFO: 01:44:13.168482 messenger.go:346: RECEIVED EST from 6
INFO: 01:44:13.174725 messenger.go:270: SENT EST to 5
INFO: 01:44:13.174908 messenger.go:346: RECEIVED EST from 0
INFO: 01:44:13.181673 messenger.go:346: RECEIVED EST from 5
INFO: 01:44:13.185009 messenger.go:270: SENT EST to 3
INFO: 01:44:13.185745 messenger.go:270: SENT EST to 2
INFO: 01:44:13.185856 messenger.go:270: SENT EST to 4
INFO: 01:44:13.186003 messenger.go:346: RECEIVED EST from 3
INFO: 01:44:13.186140 messenger.go:270: SENT EST to 8
INFO: 01:44:13.186387 messenger.go:346: RECEIVED EST from 2
INFO: 01:44:13.191652 messenger.go:346: RECEIVED EST from 9
INFO: 01:44:13.193402 messenger.go:270: SENT EST to 9
INFO: 01:44:13.196566 messenger.go:346: RECEIVED EST from 4
INFO: 01:44:13.196754 messenger.go:346: RECEIVED EST from 7
INFO: 01:44:13.200905 messenger.go:270: SENT EST to 6
INFO: 01:44:13.203941 messenger.go:270: SENT EST to 0
INFO: 01:44:13.208896 messenger.go:270: SENT EST to 2
INFO: 01:44:13.211540 messenger.go:346: RECEIVED EST from 0
INFO: 01:44:13.211591 messenger.go:270: SENT EST to 9
INFO: 01:44:13.213582 messenger.go:270: SENT EST to 3
INFO: 01:44:13.213725 messenger.go:346: RECEIVED EST from 3
INFO: 01:44:13.214990 messenger.go:346: RECEIVED EST from 4
INFO: 01:44:13.215112 messenger.go:346: RECEIVED EST from 2
INFO: 01:44:13.218636 messenger.go:270: SENT EST to 7
INFO: 01:44:13.218779 messenger.go:346: RECEIVED EST from 6
INFO: 01:44:13.220115 messenger.go:270: SENT EST to 4
INFO: 01:44:13.220287 messenger.go:270: SENT EST to 5
INFO: 01:44:13.220474 messenger.go:346: RECEIVED EST from 5
INFO: 01:44:13.220966 messenger.go:270: SENT EST to 8
INFO: 01:44:13.223026 messenger.go:346: RECEIVED EST from 8
INFO: 01:44:13.227474 messenger.go:270: SENT EST to 0
INFO: 01:44:13.231346 messenger.go:270: SENT EST to 5
INFO: 01:44:13.231674 messenger.go:346: RECEIVED EST from 5
INFO: 01:44:13.232722 messenger.go:270: SENT EST to 4
INFO: 01:44:13.232929 messenger.go:346: RECEIVED EST from 7
INFO: 01:44:13.245643 messenger.go:270: SENT EST to 2
INFO: 01:44:13.246165 messenger.go:270: SENT EST to 6
INFO: 01:44:13.246221 messenger.go:270: SENT EST to 3
INFO: 01:44:13.246335 messenger.go:346: RECEIVED EST from 3
INFO: 01:44:13.247160 messenger.go:346: RECEIVED EST from 2
INFO: 01:44:13.248115 messenger.go:270: SENT EST to 7
INFO: 01:44:13.248719 messenger.go:270: SENT EST to 6
INFO: 01:44:13.250997 messenger.go:346: RECEIVED EST from 8
INFO: 01:44:13.251894 messenger.go:270: SENT EST to 9
INFO: 01:44:13.254606 messenger.go:346: RECEIVED EST from 9
INFO: 01:44:13.256365 messenger.go:270: SENT EST to 0
INFO: 01:44:13.257175 messenger.go:270: SENT EST to 8
INFO: 01:44:13.257922 messenger.go:346: RECEIVED EST from 0
INFO: 01:44:13.259177 messenger.go:270: SENT EST to 8
INFO: 01:44:13.262756 messenger.go:346: RECEIVED EST from 7
INFO: 01:44:13.274260 messenger.go:270: SENT EST to 2
INFO: 01:44:13.274415 messenger.go:346: RECEIVED EST from 6
INFO: 01:44:13.274559 messenger.go:346: RECEIVED EST from 3
INFO: 01:44:13.275616 messenger.go:346: RECEIVED EST from 4
INFO: 01:44:13.275743 messenger.go:270: SENT EST to 4
INFO: 01:44:13.275920 messenger.go:346: RECEIVED EST from 2
INFO: 01:44:13.276635 messenger.go:270: SENT EST to 6
INFO: 01:44:13.277689 messenger.go:270: SENT EST to 3
INFO: 01:44:13.278082 messenger.go:270: SENT EST to 7
INFO: 01:44:13.279199 messenger.go:346: RECEIVED EST from 5
INFO: 01:44:13.281036 messenger.go:270: SENT EST to 5
INFO: 01:44:13.281453 messenger.go:270: SENT EST to 0
INFO: 01:44:13.284087 messenger.go:270: SENT EST to 2
INFO: 01:44:13.284133 messenger.go:270: SENT EST to 3
INFO: 01:44:13.284244 messenger.go:270: SENT EST to 4
INFO: 01:44:13.284482 messenger.go:270: SENT EST to 6
INFO: 01:44:13.285513 messenger.go:346: RECEIVED EST from 7
INFO: 01:44:13.285986 messenger.go:270: SENT EST to 7
INFO: 01:44:13.286710 messenger.go:270: SENT EST to 5
INFO: 01:44:13.286927 messenger.go:270: SENT EST to 9
INFO: 01:44:13.297983 messenger.go:270: SENT EST to 8
INFO: 01:44:13.298123 messenger.go:346: RECEIVED EST from 8
INFO: 01:44:13.299997 messenger.go:346: RECEIVED EST from 9
INFO: 01:44:13.300099 messenger.go:270: SENT EST to 0
INFO: 01:44:13.309720 messenger.go:346: RECEIVED EST from 6
INFO: 01:44:13.310760 messenger.go:346: RECEIVED EST from 4
INFO: 01:44:13.310905 messenger.go:346: RECEIVED EST from 3
INFO: 01:44:13.311007 messenger.go:346: RECEIVED EST from 7
INFO: 01:44:13.311061 messenger.go:346: RECEIVED EST from 2
INFO: 01:44:13.312015 messenger.go:346: RECEIVED EST from 5
INFO: 01:44:13.313755 messenger.go:270: SENT EST to 3
INFO: 01:44:13.313899 messenger.go:270: SENT EST to 6
INFO: 01:44:13.314069 messenger.go:270: SENT EST to 2
INFO: 01:44:13.315567 messenger.go:270: SENT EST to 5
INFO: 01:44:13.315770 messenger.go:270: SENT EST to 4
INFO: 01:44:13.315943 messenger.go:270: SENT EST to 7
INFO: 01:44:13.317530 messenger.go:346: RECEIVED EST from 0
INFO: 01:44:13.319123 messenger.go:346: RECEIVED EST from 3
INFO: 01:44:13.319734 messenger.go:270: SENT EST to 9
INFO: 01:44:13.323022 messenger.go:270: SENT EST to 8
INFO: 01:44:13.325794 messenger.go:270: SENT EST to 0
INFO: 01:44:13.327482 messenger.go:270: SENT EST to 8
INFO: 01:44:13.327657 messenger.go:346: RECEIVED EST from 7
INFO: 01:44:13.332007 messenger.go:270: SENT EST to 0
INFO: 01:44:13.332221 messenger.go:346: RECEIVED EST from 5
INFO: 01:44:13.333663 messenger.go:270: SENT EST to 9
INFO: 01:44:13.334829 messenger.go:346: RECEIVED EST from 8
INFO: 01:44:13.337897 messenger.go:346: RECEIVED EST from 9
INFO: 01:44:13.338620 messenger.go:346: RECEIVED EST from 8
INFO: 01:44:13.362614 messenger.go:346: RECEIVED EST from 7
INFO: 01:44:13.363605 messenger.go:270: SENT EST to 2
INFO: 01:44:13.363749 messenger.go:270: SENT EST to 4
INFO: 01:44:13.364007 messenger.go:346: RECEIVED EST from 9
INFO: 01:44:13.365115 messenger.go:270: SENT EST to 3
INFO: 01:44:13.365565 messenger.go:270: SENT EST to 6
INFO: 01:44:13.365900 messenger.go:346: RECEIVED EST from 3
INFO: 01:44:13.366595 messenger.go:270: SENT EST to 7
INFO: 01:44:13.366730 messenger.go:346: RECEIVED EST from 4
INFO: 01:44:13.366894 messenger.go:346: RECEIVED EST from 2
INFO: 01:44:13.366894 messenger.go:270: SENT EST to 2
INFO: 01:44:13.367094 messenger.go:346: RECEIVED EST from 6
INFO: 01:44:13.372882 messenger.go:270: SENT EST to 0
INFO: 01:44:13.373042 messenger.go:346: RECEIVED EST from 8
INFO: 01:44:13.373175 messenger.go:346: RECEIVED EST from 0
INFO: 01:44:13.373314 messenger.go:346: RECEIVED EST from 5
INFO: 01:44:13.376136 messenger.go:270: SENT EST to 5
INFO: 01:44:13.383519 messenger.go:270: SENT EST to 8
INFO: 01:44:13.383681 messenger.go:346: RECEIVED EST from 0
INFO: 01:44:13.384018 messenger.go:346: RECEIVED EST from 5
INFO: 01:44:13.384774 messenger.go:346: RECEIVED EST from 5
INFO: 01:44:13.385220 messenger.go:270: SENT EST to 5
INFO: 01:44:13.390203 messenger.go:270: SENT EST to 7
INFO: 01:44:13.392721 messenger.go:346: RECEIVED EST from 7
INFO: 01:44:13.396640 messenger.go:270: SENT EST to 3
INFO: 01:44:13.398016 messenger.go:270: SENT EST to 4
INFO: 01:44:13.399591 messenger.go:346: RECEIVED EST from 2
INFO: 01:44:13.400594 messenger.go:270: SENT EST to 9
INFO: 01:44:13.400798 messenger.go:346: RECEIVED EST from 7
INFO: 01:44:13.422687 messenger.go:270: SENT EST to 0
INFO: 01:44:13.427511 messenger.go:270: SENT EST to 3
INFO: 01:44:13.428330 messenger.go:346: RECEIVED EST from 3
INFO: 01:44:13.432230 messenger.go:270: SENT EST to 5
INFO: 01:44:13.438180 messenger.go:346: RECEIVED EST from 8
INFO: 01:44:13.441758 messenger.go:346: RECEIVED EST from 3
INFO: 01:44:13.443641 messenger.go:270: SENT EST to 6
INFO: 01:44:13.450670 messenger.go:346: RECEIVED EST from 6
INFO: 01:44:13.455626 messenger.go:270: SENT EST to 8
INFO: 01:44:13.462923 messenger.go:346: RECEIVED EST from 7
INFO: 01:44:13.469170 messenger.go:346: RECEIVED EST from 0
INFO: 01:44:13.470273 messenger.go:346: RECEIVED EST from 4
INFO: 01:44:13.471934 messenger.go:270: SENT EST to 2
INFO: 01:44:13.472117 messenger.go:346: RECEIVED EST from 2
INFO: 01:44:13.476047 messenger.go:346: RECEIVED EST from 9
INFO: 01:44:13.476343 messenger.go:346: RECEIVED EST from 5
INFO: 01:44:13.481742 messenger.go:270: SENT EST to 9
INFO: 01:44:13.488616 messenger.go:270: SENT EST to 0
INFO: 01:44:13.489820 messenger.go:270: SENT EST to 6
INFO: 01:44:13.489983 messenger.go:346: RECEIVED EST from 6
INFO: 01:44:13.490151 messenger.go:270: SENT EST to 7
INFO: 01:44:13.493770 messenger.go:346: RECEIVED EST from 3
INFO: 01:44:13.496652 messenger.go:270: SENT EST to 4
INFO: 01:44:13.501776 messenger.go:270: SENT EST to 4
INFO: 01:44:13.506178 messenger.go:346: RECEIVED EST from 8
INFO: 01:44:13.506506 messenger.go:346: RECEIVED EST from 4
INFO: 01:44:13.507485 messenger.go:270: SENT EST to 5
INFO: 01:44:13.511312 messenger.go:270: SENT EST to 3
INFO: 01:44:13.511689 messenger.go:270: SENT EST to 8
INFO: 01:44:13.513449 messenger.go:346: RECEIVED EST from 4
INFO: 01:44:13.515106 messenger.go:346: RECEIVED EST from 9
INFO: 01:44:13.519020 messenger.go:270: SENT EST to 9
INFO: 01:44:13.520661 messenger.go:346: RECEIVED EST from 0
INFO: 01:44:13.520671 messenger.go:270: SENT EST to 9
INFO: 01:44:13.521160 messenger.go:346: RECEIVED EST from 0
INFO: 01:44:13.525136 messenger.go:346: RECEIVED EST from 5
INFO: 01:44:13.525440 messenger.go:270: SENT EST to 9
INFO: 01:44:13.527600 messenger.go:346: RECEIVED EST from 7
INFO: 01:44:13.530389 messenger.go:270: SENT EST to 0
INFO: 01:44:13.531029 messenger.go:270: SENT EST to 0
INFO: 01:44:13.531979 messenger.go:346: RECEIVED EST from 6
INFO: 01:44:13.533547 messenger.go:270: SENT EST to 6
INFO: 01:44:13.534509 messenger.go:346: RECEIVED EST from 3
INFO: 01:44:13.538303 messenger.go:346: RECEIVED EST from 4
INFO: 01:44:13.538904 messenger.go:346: RECEIVED EST from 2
INFO: 01:44:13.539963 messenger.go:270: SENT EST to 2
INFO: 01:44:13.544892 messenger.go:346: RECEIVED EST from 5
INFO: 01:44:13.545806 messenger.go:270: SENT EST to 3
INFO: 01:44:13.546565 messenger.go:270: SENT EST to 7
INFO: 01:44:13.547237 messenger.go:270: SENT EST to 4
INFO: 01:44:13.549277 messenger.go:270: SENT EST to 5
INFO: 01:44:13.549495 messenger.go:346: RECEIVED EST from 9
INFO: 01:44:13.550277 messenger.go:346: RECEIVED EST from 8
INFO: 01:44:13.554103 messenger.go:270: SENT EST to 9
INFO: 01:44:13.557440 messenger.go:346: RECEIVED EST from 3
INFO: 01:44:13.557631 messenger.go:346: RECEIVED EST from 0
INFO: 01:44:13.558667 messenger.go:270: SENT EST to 8
INFO: 01:44:13.559661 messenger.go:270: SENT EST to 0
INFO: 01:44:13.562423 messenger.go:346: RECEIVED EST from 6
INFO: 01:44:13.568274 messenger.go:270: SENT EST to 6
INFO: 01:44:13.571393 messenger.go:346: RECEIVED EST from 9
INFO: 01:44:13.572865 messenger.go:346: RECEIVED EST from 7
