INFO: 00:43:45.063024 main.go:29: ID:1 | N:10 | F:3 | Clients:1 | Scenario:NORMAL | Remote:false

INFO: 00:43:45.063524 messenger.go:90: Receive from Server 0 on tcp://*:4100
INFO: 00:43:45.064428 messenger.go:107: Send to Server 0 on tcp://localhost:4001
INFO: 00:43:45.064515 messenger.go:90: Receive from Server 2 on tcp://*:4102
INFO: 00:43:45.065729 messenger.go:107: Send to Server 2 on tcp://localhost:4201
INFO: 00:43:45.066025 messenger.go:90: Receive from Server 3 on tcp://*:4103
INFO: 00:43:45.066217 messenger.go:107: Send to Server 3 on tcp://localhost:4301
INFO: 00:43:45.067348 messenger.go:90: Receive from Server 4 on tcp://*:4104
INFO: 00:43:45.067808 messenger.go:107: Send to Server 4 on tcp://localhost:4401
INFO: 00:43:45.068476 messenger.go:90: Receive from Server 5 on tcp://*:4105
INFO: 00:43:45.068746 messenger.go:107: Send to Server 5 on tcp://localhost:4501
INFO: 00:43:45.069152 messenger.go:90: Receive from Server 6 on tcp://*:4106
INFO: 00:43:45.069699 messenger.go:107: Send to Server 6 on tcp://localhost:4601
INFO: 00:43:45.070317 messenger.go:90: Receive from Server 7 on tcp://*:4107
INFO: 00:43:45.070415 messenger.go:107: Send to Server 7 on tcp://localhost:4701
INFO: 00:43:45.070716 messenger.go:90: Receive from Server 8 on tcp://*:4108
INFO: 00:43:45.071323 messenger.go:107: Send to Server 8 on tcp://localhost:4801
INFO: 00:43:45.072708 messenger.go:90: Receive from Server 9 on tcp://*:4109
INFO: 00:43:45.073439 messenger.go:107: Send to Server 9 on tcp://localhost:4901
INFO: 00:43:45.074288 messenger.go:113: -----------------------------------------
INFO: 00:43:45.074703 messenger.go:135: Requests from Client 0 on tcp://*:7100
INFO: 00:43:45.074970 messenger.go:152: Response to Client 0 on tcp://*:10100
INFO: 00:43:45.075758 messenger.go:155: -----------------------------------------

INFO: 00:43:45.097161 main.go:83: Initial estimate value:  1
INFO: 00:43:45.099572 messenger.go:346: RECEIVED EST from 7
INFO: 00:43:45.101640 messenger.go:346: RECEIVED EST from 8
INFO: 00:43:45.102125 messenger.go:346: RECEIVED EST from 9
INFO: 00:43:45.107490 messenger.go:270: SENT EST to 4
INFO: 00:43:45.109488 messenger.go:346: RECEIVED EST from 6
INFO: 00:43:45.114381 messenger.go:270: SENT EST to 3
INFO: 00:43:45.115725 messenger.go:346: RECEIVED EST from 4
INFO: 00:43:45.115746 messenger.go:270: SENT EST to 8
INFO: 00:43:45.118149 messenger.go:270: SENT EST to 6
INFO: 00:43:45.115754 messenger.go:270: SENT EST to 9
INFO: 00:43:45.121716 messenger.go:270: SENT EST to 7
INFO: 00:43:45.122516 messenger.go:270: SENT EST to 2
INFO: 00:43:45.123425 messenger.go:346: RECEIVED EST from 5
INFO: 00:43:45.125267 messenger.go:270: SENT EST to 0
INFO: 00:43:45.166620 messenger.go:346: RECEIVED EST from 3
INFO: 00:43:45.167474 messenger.go:346: RECEIVED EST from 2
INFO: 00:43:45.172039 messenger.go:346: RECEIVED EST from 0
INFO: 00:43:45.196658 messenger.go:270: SENT EST to 5
