INFO: 01:35:35.380897 main.go:29: ID:1 | N:4 | F:1 | Clients:1 | Scenario:NORMAL | Remote:false

INFO: 01:35:35.382232 messenger.go:90: Receive from Server 0 on tcp://*:4100
INFO: 01:35:35.382736 messenger.go:107: Send to Server 0 on tcp://localhost:4001
INFO: 01:35:35.382852 messenger.go:90: Receive from Server 2 on tcp://*:4102
INFO: 01:35:35.383004 messenger.go:107: Send to Server 2 on tcp://localhost:4201
INFO: 01:35:35.383238 messenger.go:90: Receive from Server 3 on tcp://*:4103
INFO: 01:35:35.383448 messenger.go:107: Send to Server 3 on tcp://localhost:4301
INFO: 01:35:35.383630 messenger.go:113: -----------------------------------------
INFO: 01:35:35.383738 messenger.go:135: Requests from Client 0 on tcp://*:7100
INFO: 01:35:35.384017 messenger.go:152: Response to Client 0 on tcp://*:10100
INFO: 01:35:35.384213 messenger.go:155: -----------------------------------------

INFO: 01:35:35.390516 main.go:83: Initial estimate value:  0
INFO: 01:35:35.390709 self-stabilizing-binary-consensus.go:78: Round:1
INFO: 01:35:35.390823 self-stabilizing-binary-consensus.go:118: binValues(1,3)={} w=-1
INFO: 01:35:35.390885 self-stabilizing-binary-consensus.go:129: binValues(1,2)={} w=-1
INFO: 01:35:35.393278 self-stabilizing-binary-consensus.go:133: SEND flag=1 r=1 est={0} aux={}
INFO: 01:35:35.403009 self-stabilizing-binary-consensus.go:413: RECEIVE j=0 flag=1 r=1 est={0} aux={}
INFO: 01:35:35.403283 self-stabilizing-binary-consensus.go:430: est[1][0]={0} aux[1][0]={}
INFO: 01:35:35.407253 self-stabilizing-binary-consensus.go:437: SEND flag=0 r=1 est={0} aux={}
INFO: 01:35:35.407384 self-stabilizing-binary-consensus.go:413: RECEIVE j=0 flag=0 r=1 est={0} aux={}
INFO: 01:35:35.407414 self-stabilizing-binary-consensus.go:430: est[1][0]={0} aux[1][0]={}
INFO: 01:35:35.407423 self-stabilizing-binary-consensus.go:413: RECEIVE j=2 flag=1 r=1 est={1} aux={}
INFO: 01:35:35.407485 self-stabilizing-binary-consensus.go:430: est[1][2]={1} aux[1][2]={}
INFO: 01:35:35.418927 self-stabilizing-binary-consensus.go:437: SEND flag=0 r=1 est={0} aux={}
INFO: 01:35:35.420513 self-stabilizing-binary-consensus.go:413: RECEIVE j=3 flag=1 r=1 est={1} aux={}
INFO: 01:35:35.420925 self-stabilizing-binary-consensus.go:430: est[1][3]={1} aux[1][3]={}
INFO: 01:35:35.425745 self-stabilizing-binary-consensus.go:437: SEND flag=0 r=1 est={0} aux={}
INFO: 01:35:35.425818 self-stabilizing-binary-consensus.go:413: RECEIVE j=0 flag=0 r=1 est={0} aux={}
INFO: 01:35:35.425897 self-stabilizing-binary-consensus.go:430: est[1][0]={0} aux[1][0]={}
INFO: 01:35:35.425946 self-stabilizing-binary-consensus.go:413: RECEIVE j=3 flag=0 r=1 est={1} aux={}
INFO: 01:35:35.425954 self-stabilizing-binary-consensus.go:430: est[1][3]={1} aux[1][3]={}
INFO: 01:35:35.426116 self-stabilizing-binary-consensus.go:413: RECEIVE j=2 flag=0 r=1 est={1} aux={}
INFO: 01:35:35.426212 self-stabilizing-binary-consensus.go:430: est[1][2]={1} aux[1][2]={}
INFO: 01:35:35.426414 self-stabilizing-binary-consensus.go:413: RECEIVE j=3 flag=0 r=1 est={1} aux={}
INFO: 01:35:35.426481 self-stabilizing-binary-consensus.go:430: est[1][3]={1} aux[1][3]={}
INFO: 01:35:35.427690 self-stabilizing-binary-consensus.go:413: RECEIVE j=2 flag=0 r=1 est={1} aux={}
INFO: 01:35:35.427765 self-stabilizing-binary-consensus.go:430: est[1][2]={1} aux[1][2]={}
INFO: 01:35:35.429701 self-stabilizing-binary-consensus.go:413: RECEIVE j=0 flag=0 r=1 est={0} aux={}
INFO: 01:35:35.429807 self-stabilizing-binary-consensus.go:430: est[1][0]={0} aux[1][0]={}
INFO: 01:35:35.431247 self-stabilizing-binary-consensus.go:413: RECEIVE j=3 flag=0 r=1 est={1} aux={}
INFO: 01:35:35.431391 self-stabilizing-binary-consensus.go:430: est[1][3]={1} aux[1][3]={}
INFO: 01:35:35.435946 self-stabilizing-binary-consensus.go:413: RECEIVE j=2 flag=0 r=1 est={1} aux={}
INFO: 01:35:35.435965 self-stabilizing-binary-consensus.go:430: est[1][2]={1} aux[1][2]={}
INFO: 01:35:43.393784 self-stabilizing-binary-consensus.go:118: binValues(1,3)={} w=-1
INFO: 01:35:43.393883 self-stabilizing-binary-consensus.go:129: binValues(1,2)={} w=-1
INFO: 01:35:43.408094 self-stabilizing-binary-consensus.go:413: RECEIVE j=3 flag=1 r=1 est={0 1} aux={}
INFO: 01:35:43.408208 self-stabilizing-binary-consensus.go:430: est[1][3]={0 1} aux[1][3]={}
INFO: 01:35:43.424952 self-stabilizing-binary-consensus.go:133: SEND flag=1 r=1 est={0 1} aux={}
INFO: 01:35:43.440339 self-stabilizing-binary-consensus.go:437: SEND flag=0 r=1 est={0} aux={}
INFO: 01:35:43.440395 self-stabilizing-binary-consensus.go:413: RECEIVE j=2 flag=1 r=1 est={0 1} aux={0}
INFO: 01:35:43.440407 self-stabilizing-binary-consensus.go:430: est[1][2]={0 1} aux[1][2]={0}
INFO: 01:35:43.448077 self-stabilizing-binary-consensus.go:437: SEND flag=0 r=1 est={0} aux={}
INFO: 01:35:43.448157 self-stabilizing-binary-consensus.go:413: RECEIVE j=0 flag=0 r=1 est={0} aux={}
INFO: 01:35:43.448198 self-stabilizing-binary-consensus.go:430: est[1][0]={0} aux[1][0]={}
INFO: 01:35:43.448249 self-stabilizing-binary-consensus.go:413: RECEIVE j=0 flag=0 r=1 est={0} aux={}
INFO: 01:35:43.448300 self-stabilizing-binary-consensus.go:430: est[1][0]={0} aux[1][0]={}
INFO: 01:35:43.448351 self-stabilizing-binary-consensus.go:413: RECEIVE j=2 flag=0 r=1 est={1} aux={}
INFO: 01:35:43.448389 self-stabilizing-binary-consensus.go:430: est[1][2]={0 1} aux[1][2]={}
INFO: 01:35:43.448437 self-stabilizing-binary-consensus.go:413: RECEIVE j=3 flag=0 r=1 est={1} aux={}
INFO: 01:35:43.448580 self-stabilizing-binary-consensus.go:430: est[1][3]={0 1} aux[1][3]={}
INFO: 01:35:43.448645 self-stabilizing-binary-consensus.go:413: RECEIVE j=0 flag=1 r=1 est={0 1} aux={}
INFO: 01:35:43.448682 self-stabilizing-binary-consensus.go:430: est[1][0]={0 1} aux[1][0]={}
INFO: 01:35:43.453489 self-stabilizing-binary-consensus.go:437: SEND flag=0 r=1 est={0} aux={}
INFO: 01:35:43.453562 self-stabilizing-binary-consensus.go:413: RECEIVE j=2 flag=0 r=1 est={1} aux={0}
INFO: 01:35:43.453601 self-stabilizing-binary-consensus.go:430: est[1][2]={0 1} aux[1][2]={0}
INFO: 01:35:43.453651 self-stabilizing-binary-consensus.go:413: RECEIVE j=0 flag=0 r=1 est={0} aux={}
INFO: 01:35:43.453689 self-stabilizing-binary-consensus.go:430: est[1][0]={0 1} aux[1][0]={}
INFO: 01:35:43.453739 self-stabilizing-binary-consensus.go:413: RECEIVE j=3 flag=0 r=1 est={1} aux={}
INFO: 01:35:43.453793 self-stabilizing-binary-consensus.go:430: est[1][3]={0 1} aux[1][3]={}
INFO: 01:35:43.453908 self-stabilizing-binary-consensus.go:413: RECEIVE j=2 flag=0 r=1 est={1} aux={0}
INFO: 01:35:43.453964 self-stabilizing-binary-consensus.go:430: est[1][2]={0 1} aux[1][2]={0}
INFO: 01:35:43.454699 self-stabilizing-binary-consensus.go:413: RECEIVE j=3 flag=0 r=1 est={1} aux={}
INFO: 01:35:43.454742 self-stabilizing-binary-consensus.go:430: est[1][3]={0 1} aux[1][3]={}
