INFO: 20:56:21.727760 main.go:29: ID:1 | N:4 | F:1 | Clients:1 | Scenario:NORMAL | Remote:false

INFO: 20:56:21.728144 messenger.go:90: Receive from Server 0 on tcp://*:4100
INFO: 20:56:21.728606 messenger.go:107: Send to Server 0 on tcp://localhost:4001
INFO: 20:56:21.728684 messenger.go:90: Receive from Server 2 on tcp://*:4102
INFO: 20:56:21.728747 messenger.go:107: Send to Server 2 on tcp://localhost:4201
INFO: 20:56:21.728830 messenger.go:90: Receive from Server 3 on tcp://*:4103
INFO: 20:56:21.728887 messenger.go:107: Send to Server 3 on tcp://localhost:4301
INFO: 20:56:21.728920 messenger.go:113: -----------------------------------------
INFO: 20:56:21.728972 messenger.go:135: Requests from Client 0 on tcp://*:7100
INFO: 20:56:21.729033 messenger.go:152: Response to Client 0 on tcp://*:10100
INFO: 20:56:21.729054 messenger.go:155: -----------------------------------------

INFO: 20:56:21.732955 main.go:83: Initial estimate value:  0
INFO: 20:56:21.733029 self-stabilizing-binary-consensus.go:93: round=1 repeat=1
INFO: 20:56:21.733056 self-stabilizing-binary-consensus.go:200: binValues(1,3)={}
INFO: 20:56:21.733078 self-stabilizing-binary-consensus.go:200: binValues(1,2)={}
INFO: 20:56:21.735656 self-stabilizing-binary-consensus.go:141: SEND flag=1 r=1 est={0} aux={}
INFO: 20:56:21.882104 self-stabilizing-binary-consensus.go:431: RECEIVE j=0 flag=1 r=1 est={0} aux={}
INFO: 20:56:21.882152 self-stabilizing-binary-consensus.go:433: est[1][0]={0} aux[1][0]={}
INFO: 20:56:21.883954 self-stabilizing-binary-consensus.go:441: SEND flag=0 r=1 est={0} aux={}
INFO: 20:56:21.884213 self-stabilizing-binary-consensus.go:431: RECEIVE j=0 flag=0 r=1 est={0} aux={}
INFO: 20:56:21.884330 self-stabilizing-binary-consensus.go:433: est[1][0]={0} aux[1][0]={}
INFO: 20:56:21.885806 self-stabilizing-binary-consensus.go:431: RECEIVE j=3 flag=1 r=1 est={1} aux={}
INFO: 20:56:21.886404 self-stabilizing-binary-consensus.go:433: est[1][3]={1} aux[1][3]={}
INFO: 20:56:21.889148 self-stabilizing-binary-consensus.go:441: SEND flag=0 r=1 est={0} aux={}
INFO: 20:56:21.889214 self-stabilizing-binary-consensus.go:431: RECEIVE j=3 flag=0 r=1 est={1} aux={}
INFO: 20:56:21.889266 self-stabilizing-binary-consensus.go:433: est[1][3]={1} aux[1][3]={}
INFO: 20:56:21.889371 self-stabilizing-binary-consensus.go:431: RECEIVE j=3 flag=0 r=1 est={1} aux={}
INFO: 20:56:21.889594 self-stabilizing-binary-consensus.go:433: est[1][3]={1} aux[1][3]={}
INFO: 20:56:21.893129 self-stabilizing-binary-consensus.go:431: RECEIVE j=2 flag=1 r=1 est={1} aux={}
INFO: 20:56:21.893188 self-stabilizing-binary-consensus.go:433: est[1][2]={1} aux[1][2]={}
INFO: 20:56:21.899980 self-stabilizing-binary-consensus.go:441: SEND flag=0 r=1 est={0} aux={}
INFO: 20:56:21.900301 self-stabilizing-binary-consensus.go:431: RECEIVE j=2 flag=0 r=1 est={1} aux={}
INFO: 20:56:21.900370 self-stabilizing-binary-consensus.go:433: est[1][2]={1} aux[1][2]={}
INFO: 20:56:21.900410 self-stabilizing-binary-consensus.go:431: RECEIVE j=0 flag=0 r=1 est={0} aux={}
INFO: 20:56:21.900459 self-stabilizing-binary-consensus.go:433: est[1][0]={0} aux[1][0]={}
INFO: 20:56:21.900509 self-stabilizing-binary-consensus.go:431: RECEIVE j=0 flag=0 r=1 est={0} aux={}
INFO: 20:56:21.900558 self-stabilizing-binary-consensus.go:433: est[1][0]={0} aux[1][0]={}
INFO: 20:56:21.900597 self-stabilizing-binary-consensus.go:431: RECEIVE j=2 flag=0 r=1 est={1} aux={}
INFO: 20:56:21.900645 self-stabilizing-binary-consensus.go:433: est[1][2]={1} aux[1][2]={}
INFO: 20:56:21.903958 self-stabilizing-binary-consensus.go:431: RECEIVE j=2 flag=0 r=1 est={1} aux={}
INFO: 20:56:21.904460 self-stabilizing-binary-consensus.go:433: est[1][2]={1} aux[1][2]={}
INFO: 20:56:21.904673 self-stabilizing-binary-consensus.go:431: RECEIVE j=3 flag=0 r=1 est={1} aux={}
INFO: 20:56:21.904774 self-stabilizing-binary-consensus.go:433: est[1][3]={1} aux[1][3]={}
INFO: 20:56:22.734988 self-stabilizing-binary-consensus.go:431: RECEIVE j=0 flag=1 r=1 est={0 1} aux={}
INFO: 20:56:22.735236 self-stabilizing-binary-consensus.go:433: est[1][0]={0 1} aux[1][0]={}
INFO: 20:56:22.738071 self-stabilizing-binary-consensus.go:200: binValues(1,3)={1}
INFO: 20:56:22.745110 self-stabilizing-binary-consensus.go:225: infoResults()={}
INFO: 20:56:22.745550 self-stabilizing-binary-consensus.go:93: round=1 repeat=2
INFO: 20:56:22.745687 self-stabilizing-binary-consensus.go:200: binValues(1,3)={1}
INFO: 20:56:22.745754 self-stabilizing-binary-consensus.go:132: aux[1][1]=1
INFO: 20:56:22.745809 self-stabilizing-binary-consensus.go:200: binValues(1,2)={1}
INFO: 20:56:22.756357 self-stabilizing-binary-consensus.go:141: SEND flag=1 r=1 est={0 1} aux={1}
INFO: 20:56:22.765007 self-stabilizing-binary-consensus.go:441: SEND flag=0 r=1 est={0} aux={1}
INFO: 20:56:22.765621 self-stabilizing-binary-consensus.go:431: RECEIVE j=0 flag=0 r=1 est={0} aux={}
INFO: 20:56:22.765634 self-stabilizing-binary-consensus.go:433: est[1][0]={0 1} aux[1][0]={}
INFO: 20:56:22.765647 self-stabilizing-binary-consensus.go:431: RECEIVE j=2 flag=1 r=1 est={0 1} aux={}
INFO: 20:56:22.766111 self-stabilizing-binary-consensus.go:433: est[1][2]={0 1} aux[1][2]={}
INFO: 20:56:22.775241 self-stabilizing-binary-consensus.go:441: SEND flag=0 r=1 est={0} aux={1}
INFO: 20:56:22.775314 self-stabilizing-binary-consensus.go:431: RECEIVE j=3 flag=1 r=1 est={0 1} aux={}
INFO: 20:56:22.775323 self-stabilizing-binary-consensus.go:433: est[1][3]={0 1} aux[1][3]={}
INFO: 20:56:22.777789 self-stabilizing-binary-consensus.go:441: SEND flag=0 r=1 est={0} aux={1}
INFO: 20:56:22.777856 self-stabilizing-binary-consensus.go:431: RECEIVE j=2 flag=0 r=1 est={1} aux={}
INFO: 20:56:22.777866 self-stabilizing-binary-consensus.go:433: est[1][2]={0 1} aux[1][2]={}
INFO: 20:56:22.777872 self-stabilizing-binary-consensus.go:431: RECEIVE j=3 flag=0 r=1 est={1} aux={}
INFO: 20:56:22.777877 self-stabilizing-binary-consensus.go:433: est[1][3]={0 1} aux[1][3]={}
INFO: 20:56:22.777883 self-stabilizing-binary-consensus.go:431: RECEIVE j=2 flag=0 r=1 est={1} aux={}
INFO: 20:56:22.777887 self-stabilizing-binary-consensus.go:433: est[1][2]={0 1} aux[1][2]={}
INFO: 20:56:22.777893 self-stabilizing-binary-consensus.go:431: RECEIVE j=0 flag=0 r=1 est={0} aux={}
INFO: 20:56:22.777897 self-stabilizing-binary-consensus.go:433: est[1][0]={0 1} aux[1][0]={}
INFO: 20:56:22.777903 self-stabilizing-binary-consensus.go:431: RECEIVE j=3 flag=0 r=1 est={1} aux={}
INFO: 20:56:22.777907 self-stabilizing-binary-consensus.go:433: est[1][3]={0 1} aux[1][3]={}
INFO: 20:56:22.777913 self-stabilizing-binary-consensus.go:431: RECEIVE j=3 flag=0 r=1 est={1} aux={}
INFO: 20:56:22.777917 self-stabilizing-binary-consensus.go:433: est[1][3]={0 1} aux[1][3]={}
INFO: 20:56:22.777946 self-stabilizing-binary-consensus.go:431: RECEIVE j=2 flag=0 r=1 est={1} aux={}
INFO: 20:56:22.777973 self-stabilizing-binary-consensus.go:433: est[1][2]={0 1} aux[1][2]={}
INFO: 20:56:22.777982 self-stabilizing-binary-consensus.go:431: RECEIVE j=0 flag=0 r=1 est={0} aux={}
INFO: 20:56:22.777987 self-stabilizing-binary-consensus.go:433: est[1][0]={0 1} aux[1][0]={}
INFO: 20:56:23.739409 self-stabilizing-binary-consensus.go:431: RECEIVE j=0 flag=1 r=1 est={0 1} aux={0}
INFO: 20:56:23.739630 self-stabilizing-binary-consensus.go:433: est[1][0]={0 1} aux[1][0]={0}
INFO: 20:56:23.754549 self-stabilizing-binary-consensus.go:441: SEND flag=0 r=1 est={0} aux={1}
INFO: 20:56:23.755164 self-stabilizing-binary-consensus.go:431: RECEIVE j=2 flag=1 r=1 est={0 1} aux={0}
INFO: 20:56:23.755204 self-stabilizing-binary-consensus.go:433: est[1][2]={0 1} aux[1][2]={0}
INFO: 20:56:23.757124 self-stabilizing-binary-consensus.go:200: binValues(1,3)={0 1}
INFO: 20:56:23.757260 self-stabilizing-binary-consensus.go:225: infoResults()={}
INFO: 20:56:23.757297 self-stabilizing-binary-consensus.go:93: round=1 repeat=3
INFO: 20:56:23.757307 self-stabilizing-binary-consensus.go:200: binValues(1,3)={0 1}
INFO: 20:56:23.757312 self-stabilizing-binary-consensus.go:200: binValues(1,2)={0 1}
INFO: 20:56:23.760482 self-stabilizing-binary-consensus.go:141: SEND flag=1 r=1 est={0 1} aux={1}
INFO: 20:56:23.767217 self-stabilizing-binary-consensus.go:441: SEND flag=0 r=1 est={0} aux={1}
INFO: 20:56:23.767272 self-stabilizing-binary-consensus.go:431: RECEIVE j=3 flag=0 r=1 est={1} aux={}
INFO: 20:56:23.767293 self-stabilizing-binary-consensus.go:433: est[1][3]={0 1} aux[1][3]={}
INFO: 20:56:23.767314 self-stabilizing-binary-consensus.go:431: RECEIVE j=0 flag=0 r=1 est={0} aux={0}
INFO: 20:56:23.767332 self-stabilizing-binary-consensus.go:433: est[1][0]={0 1} aux[1][0]={0}
INFO: 20:56:23.767351 self-stabilizing-binary-consensus.go:431: RECEIVE j=2 flag=0 r=1 est={1} aux={0}
INFO: 20:56:23.767370 self-stabilizing-binary-consensus.go:433: est[1][2]={0 1} aux[1][2]={0}
INFO: 20:56:23.767388 self-stabilizing-binary-consensus.go:431: RECEIVE j=2 flag=0 r=1 est={1} aux={0}
INFO: 20:56:23.767406 self-stabilizing-binary-consensus.go:433: est[1][2]={0 1} aux[1][2]={0}
INFO: 20:56:23.767425 self-stabilizing-binary-consensus.go:431: RECEIVE j=3 flag=1 r=1 est={0 1} aux={0}
INFO: 20:56:23.767443 self-stabilizing-binary-consensus.go:433: est[1][3]={0 1} aux[1][3]={0}
INFO: 20:56:23.772053 self-stabilizing-binary-consensus.go:441: SEND flag=0 r=1 est={0} aux={1}
INFO: 20:56:23.772156 self-stabilizing-binary-consensus.go:431: RECEIVE j=0 flag=0 r=1 est={0} aux={0}
INFO: 20:56:23.772189 self-stabilizing-binary-consensus.go:433: est[1][0]={0 1} aux[1][0]={0}
INFO: 20:56:23.772624 self-stabilizing-binary-consensus.go:431: RECEIVE j=0 flag=0 r=1 est={0} aux={0}
INFO: 20:56:23.772664 self-stabilizing-binary-consensus.go:433: est[1][0]={0 1} aux[1][0]={0}
INFO: 20:56:23.781174 self-stabilizing-binary-consensus.go:431: RECEIVE j=3 flag=0 r=1 est={1} aux={}
INFO: 20:56:23.781294 self-stabilizing-binary-consensus.go:433: est[1][3]={0 1} aux[1][3]={}
INFO: 20:56:23.781560 self-stabilizing-binary-consensus.go:431: RECEIVE j=2 flag=0 r=1 est={1} aux={0}
INFO: 20:56:23.781618 self-stabilizing-binary-consensus.go:433: est[1][2]={0 1} aux[1][2]={0}
INFO: 20:56:23.782016 self-stabilizing-binary-consensus.go:431: RECEIVE j=3 flag=0 r=1 est={1} aux={0}
INFO: 20:56:23.782056 self-stabilizing-binary-consensus.go:433: est[1][3]={0 1} aux[1][3]={0}
INFO: 20:56:24.761206 self-stabilizing-binary-consensus.go:200: binValues(1,3)={0 1}
INFO: 20:56:24.761288 self-stabilizing-binary-consensus.go:225: infoResults()={0}
INFO: 20:56:24.761317 self-stabilizing-binary-consensus.go:200: binValues(1,3)={0 1}
INFO: 20:56:24.761335 self-stabilizing-binary-consensus.go:225: infoResults()={0}
INFO: 20:56:24.761353 self-stabilizing-binary-consensus.go:256: randomBit(1)=0
INFO: 20:56:24.761371 self-stabilizing-binary-consensus.go:249: decision=0
INFO: 20:56:24.761470 self-stabilizing-binary-consensus.go:200: binValues(11,2)={}
INFO: 20:56:24.761497 self-stabilizing-binary-consensus.go:93: round=11 repeat=1
INFO: 20:56:24.761517 self-stabilizing-binary-consensus.go:200: binValues(11,3)={}
INFO: 20:56:24.761535 self-stabilizing-binary-consensus.go:200: binValues(11,2)={}
INFO: 20:56:24.763437 self-stabilizing-binary-consensus.go:141: SEND flag=1 r=11 est={0} aux={0}
INFO: 20:56:24.764778 self-stabilizing-binary-consensus.go:431: RECEIVE j=0 flag=1 r=11 est={0} aux={0}
INFO: 20:56:24.764830 self-stabilizing-binary-consensus.go:433: est[11][0]={0} aux[11][0]={0}
INFO: 20:56:24.779051 self-stabilizing-binary-consensus.go:441: SEND flag=0 r=11 est={0} aux={0}
INFO: 20:56:24.779893 self-stabilizing-binary-consensus.go:431: RECEIVE j=2 flag=0 r=11 est={0} aux={0}
INFO: 20:56:24.779933 self-stabilizing-binary-consensus.go:433: est[11][2]={0} aux[11][2]={0}
INFO: 20:56:24.779946 self-stabilizing-binary-consensus.go:431: RECEIVE j=2 flag=1 r=11 est={0} aux={0}
INFO: 20:56:24.779963 self-stabilizing-binary-consensus.go:433: est[11][2]={0} aux[11][2]={0}
INFO: 20:56:24.781993 self-stabilizing-binary-consensus.go:441: SEND flag=0 r=11 est={0} aux={0}
INFO: 20:56:24.785276 self-stabilizing-binary-consensus.go:431: RECEIVE j=0 flag=0 r=11 est={0} aux={0}
INFO: 20:56:24.785300 self-stabilizing-binary-consensus.go:433: est[11][0]={0} aux[11][0]={0}
INFO: 20:56:24.785341 self-stabilizing-binary-consensus.go:431: RECEIVE j=3 flag=1 r=11 est={0} aux={0}
INFO: 20:56:24.785362 self-stabilizing-binary-consensus.go:433: est[11][3]={0} aux[11][3]={0}
INFO: 20:56:24.787442 self-stabilizing-binary-consensus.go:441: SEND flag=0 r=11 est={0} aux={0}
INFO: 20:56:24.787491 self-stabilizing-binary-consensus.go:431: RECEIVE j=2 flag=0 r=11 est={0} aux={0}
INFO: 20:56:24.787519 self-stabilizing-binary-consensus.go:433: est[11][2]={0} aux[11][2]={0}
INFO: 20:56:24.787529 self-stabilizing-binary-consensus.go:431: RECEIVE j=0 flag=0 r=11 est={0} aux={0}
INFO: 20:56:24.787533 self-stabilizing-binary-consensus.go:433: est[11][0]={0} aux[11][0]={0}
INFO: 20:56:24.787539 self-stabilizing-binary-consensus.go:431: RECEIVE j=3 flag=0 r=11 est={0} aux={0}
INFO: 20:56:24.787544 self-stabilizing-binary-consensus.go:433: est[11][3]={0} aux[11][3]={0}
INFO: 20:56:24.787572 self-stabilizing-binary-consensus.go:431: RECEIVE j=2 flag=0 r=11 est={0} aux={0}
INFO: 20:56:24.787592 self-stabilizing-binary-consensus.go:433: est[11][2]={0} aux[11][2]={0}
INFO: 20:56:24.787601 self-stabilizing-binary-consensus.go:431: RECEIVE j=3 flag=0 r=11 est={0} aux={0}
INFO: 20:56:24.787605 self-stabilizing-binary-consensus.go:433: est[11][3]={0} aux[11][3]={0}
INFO: 20:56:24.792282 self-stabilizing-binary-consensus.go:431: RECEIVE j=3 flag=0 r=11 est={0} aux={0}
INFO: 20:56:24.792329 self-stabilizing-binary-consensus.go:433: est[11][3]={0} aux[11][3]={0}
INFO: 20:56:24.793549 self-stabilizing-binary-consensus.go:431: RECEIVE j=0 flag=0 r=11 est={0} aux={0}
INFO: 20:56:24.793625 self-stabilizing-binary-consensus.go:433: est[11][0]={0} aux[11][0]={0}
INFO: 20:56:25.748510 self-stabilizing-binary-consensus.go:431: RECEIVE j=0 flag=1 r=11 est={0} aux={0}
INFO: 20:56:25.748668 self-stabilizing-binary-consensus.go:433: est[11][0]={0} aux[11][0]={0}
INFO: 20:56:25.750422 self-stabilizing-binary-consensus.go:441: SEND flag=0 r=11 est={0} aux={0}
INFO: 20:56:25.751675 self-stabilizing-binary-consensus.go:431: RECEIVE j=3 flag=0 r=11 est={0} aux={0}
INFO: 20:56:25.751702 self-stabilizing-binary-consensus.go:433: est[11][3]={0} aux[11][3]={0}
INFO: 20:56:25.754656 self-stabilizing-binary-consensus.go:431: RECEIVE j=2 flag=0 r=11 est={0} aux={0}
INFO: 20:56:25.754686 self-stabilizing-binary-consensus.go:433: est[11][2]={0} aux[11][2]={0}
INFO: 20:56:25.760795 self-stabilizing-binary-consensus.go:431: RECEIVE j=2 flag=1 r=11 est={0} aux={0}
INFO: 20:56:25.760966 self-stabilizing-binary-consensus.go:433: est[11][2]={0} aux[11][2]={0}
INFO: 20:56:25.763814 self-stabilizing-binary-consensus.go:441: SEND flag=0 r=11 est={0} aux={0}
INFO: 20:56:25.764870 self-stabilizing-binary-consensus.go:200: binValues(11,3)={0}
INFO: 20:56:25.764913 self-stabilizing-binary-consensus.go:225: infoResults()={0}
INFO: 20:56:25.764925 self-stabilizing-binary-consensus.go:200: binValues(11,3)={0}
INFO: 20:56:25.764932 self-stabilizing-binary-consensus.go:225: infoResults()={0}
INFO: 20:56:25.764940 self-stabilizing-binary-consensus.go:256: randomBit(11)=0
INFO: 20:56:25.764946 self-stabilizing-binary-consensus.go:249: decision=0
INFO: 20:56:25.765028 self-stabilizing-binary-consensus.go:200: binValues(11,2)={0}
INFO: 20:56:25.765055 self-stabilizing-binary-consensus.go:249: decision=0
INFO: 20:56:25.765107 self-stabilizing-binary-consensus.go:93: round=11 repeat=1
INFO: 20:56:25.765122 self-stabilizing-binary-consensus.go:200: binValues(11,3)={0}
INFO: 20:56:25.765130 self-stabilizing-binary-consensus.go:200: binValues(11,2)={0}
INFO: 20:56:25.773331 self-stabilizing-binary-consensus.go:141: SEND flag=1 r=11 est={0} aux={0}
INFO: 20:56:25.776824 self-stabilizing-binary-consensus.go:431: RECEIVE j=0 flag=0 r=11 est={0} aux={0}
INFO: 20:56:25.776958 self-stabilizing-binary-consensus.go:433: est[11][0]={0} aux[11][0]={0}
INFO: 20:56:25.777490 self-stabilizing-binary-consensus.go:431: RECEIVE j=3 flag=0 r=11 est={0} aux={0}
INFO: 20:56:25.777534 self-stabilizing-binary-consensus.go:433: est[11][3]={0} aux[11][3]={0}
INFO: 20:56:25.781792 self-stabilizing-binary-consensus.go:431: RECEIVE j=0 flag=0 r=11 est={0} aux={0}
INFO: 20:56:25.783144 self-stabilizing-binary-consensus.go:433: est[11][0]={0} aux[11][0]={0}
INFO: 20:56:25.783205 self-stabilizing-binary-consensus.go:431: RECEIVE j=0 flag=0 r=11 est={0} aux={0}
INFO: 20:56:25.783228 self-stabilizing-binary-consensus.go:433: est[11][0]={0} aux[11][0]={0}
INFO: 20:56:25.782214 self-stabilizing-binary-consensus.go:431: RECEIVE j=3 flag=1 r=11 est={0} aux={0}
INFO: 20:56:25.783267 self-stabilizing-binary-consensus.go:433: est[11][3]={0} aux[11][3]={0}
INFO: 20:56:25.791802 self-stabilizing-binary-consensus.go:431: RECEIVE j=2 flag=0 r=11 est={0} aux={0}
INFO: 20:56:25.792121 self-stabilizing-binary-consensus.go:433: est[11][2]={0} aux[11][2]={0}
INFO: 20:56:25.792293 self-stabilizing-binary-consensus.go:441: SEND flag=0 r=11 est={0} aux={0}
INFO: 20:56:25.792621 self-stabilizing-binary-consensus.go:431: RECEIVE j=3 flag=0 r=11 est={0} aux={0}
INFO: 20:56:25.792825 self-stabilizing-binary-consensus.go:433: est[11][3]={0} aux[11][3]={0}
INFO: 20:56:25.794145 self-stabilizing-binary-consensus.go:431: RECEIVE j=2 flag=0 r=11 est={0} aux={0}
INFO: 20:56:25.794202 self-stabilizing-binary-consensus.go:433: est[11][2]={0} aux[11][2]={0}
INFO: 20:56:26.735204 self-stabilizing-multivalued-consensus.go:18: Successful decide
