INFO: 20:57:08.978612 main.go:29: ID:1 | N:4 | F:1 | Clients:1 | Scenario:NORMAL | Remote:false

INFO: 20:57:08.979021 messenger.go:90: Receive from Server 0 on tcp://*:4100
INFO: 20:57:08.979185 messenger.go:107: Send to Server 0 on tcp://localhost:4001
INFO: 20:57:08.979239 messenger.go:90: Receive from Server 2 on tcp://*:4102
INFO: 20:57:08.979284 messenger.go:107: Send to Server 2 on tcp://localhost:4201
INFO: 20:57:08.979331 messenger.go:90: Receive from Server 3 on tcp://*:4103
INFO: 20:57:08.979376 messenger.go:107: Send to Server 3 on tcp://localhost:4301
INFO: 20:57:08.979399 messenger.go:113: -----------------------------------------
INFO: 20:57:08.979432 messenger.go:135: Requests from Client 0 on tcp://*:7100
INFO: 20:57:08.979477 messenger.go:152: Response to Client 0 on tcp://*:10100
INFO: 20:57:08.979497 messenger.go:155: -----------------------------------------

INFO: 20:57:08.982674 main.go:83: Initial estimate value:  0
INFO: 20:57:08.982741 self-stabilizing-binary-consensus.go:93: round=1 repeat=1
INFO: 20:57:08.982751 self-stabilizing-binary-consensus.go:200: binValues(1,3)={}
INFO: 20:57:08.982777 self-stabilizing-binary-consensus.go:200: binValues(1,2)={}
INFO: 20:57:08.988089 self-stabilizing-binary-consensus.go:141: SEND flag=1 r=1 est={0} aux={}
INFO: 20:57:08.991859 self-stabilizing-binary-consensus.go:431: RECEIVE j=2 flag=1 r=1 est={1} aux={}
INFO: 20:57:08.991914 self-stabilizing-binary-consensus.go:433: est[1][2]={1} aux[1][2]={}
INFO: 20:57:08.995352 self-stabilizing-binary-consensus.go:441: SEND flag=0 r=1 est={0} aux={}
INFO: 20:57:08.995386 self-stabilizing-binary-consensus.go:431: RECEIVE j=2 flag=0 r=1 est={1} aux={}
INFO: 20:57:08.995402 self-stabilizing-binary-consensus.go:433: est[1][2]={1} aux[1][2]={}
INFO: 20:57:08.995409 self-stabilizing-binary-consensus.go:431: RECEIVE j=2 flag=0 r=1 est={1} aux={}
INFO: 20:57:08.995413 self-stabilizing-binary-consensus.go:433: est[1][2]={1} aux[1][2]={}
INFO: 20:57:08.998138 self-stabilizing-binary-consensus.go:431: RECEIVE j=2 flag=0 r=1 est={1} aux={}
INFO: 20:57:08.998179 self-stabilizing-binary-consensus.go:433: est[1][2]={1} aux[1][2]={}
INFO: 20:57:09.140341 self-stabilizing-binary-consensus.go:431: RECEIVE j=0 flag=1 r=1 est={0} aux={}
INFO: 20:57:09.140361 self-stabilizing-binary-consensus.go:433: est[1][0]={0} aux[1][0]={}
INFO: 20:57:09.148240 self-stabilizing-binary-consensus.go:441: SEND flag=0 r=1 est={0} aux={}
INFO: 20:57:09.148289 self-stabilizing-binary-consensus.go:431: RECEIVE j=3 flag=1 r=1 est={1} aux={}
INFO: 20:57:09.148298 self-stabilizing-binary-consensus.go:433: est[1][3]={1} aux[1][3]={}
INFO: 20:57:09.152558 self-stabilizing-binary-consensus.go:441: SEND flag=0 r=1 est={0} aux={}
INFO: 20:57:09.152927 self-stabilizing-binary-consensus.go:431: RECEIVE j=0 flag=0 r=1 est={0} aux={}
INFO: 20:57:09.152935 self-stabilizing-binary-consensus.go:433: est[1][0]={0} aux[1][0]={}
INFO: 20:57:09.152941 self-stabilizing-binary-consensus.go:431: RECEIVE j=3 flag=0 r=1 est={1} aux={}
INFO: 20:57:09.152946 self-stabilizing-binary-consensus.go:433: est[1][3]={1} aux[1][3]={}
INFO: 20:57:09.152952 self-stabilizing-binary-consensus.go:431: RECEIVE j=0 flag=0 r=1 est={0} aux={}
INFO: 20:57:09.152970 self-stabilizing-binary-consensus.go:433: est[1][0]={0} aux[1][0]={}
INFO: 20:57:09.152980 self-stabilizing-binary-consensus.go:431: RECEIVE j=0 flag=0 r=1 est={0} aux={}
INFO: 20:57:09.152985 self-stabilizing-binary-consensus.go:433: est[1][0]={0} aux[1][0]={}
INFO: 20:57:09.152991 self-stabilizing-binary-consensus.go:431: RECEIVE j=3 flag=0 r=1 est={1} aux={}
INFO: 20:57:09.152996 self-stabilizing-binary-consensus.go:433: est[1][3]={1} aux[1][3]={}
INFO: 20:57:09.155371 self-stabilizing-binary-consensus.go:431: RECEIVE j=3 flag=0 r=1 est={1} aux={}
INFO: 20:57:09.155396 self-stabilizing-binary-consensus.go:433: est[1][3]={1} aux[1][3]={}
INFO: 20:57:09.980187 self-stabilizing-binary-consensus.go:431: RECEIVE j=0 flag=1 r=1 est={0 1} aux={}
INFO: 20:57:09.980240 self-stabilizing-binary-consensus.go:433: est[1][0]={0 1} aux[1][0]={}
INFO: 20:57:09.988710 self-stabilizing-binary-consensus.go:200: binValues(1,3)={1}
INFO: 20:57:09.988760 self-stabilizing-binary-consensus.go:225: infoResults()={}
INFO: 20:57:09.988781 self-stabilizing-binary-consensus.go:93: round=1 repeat=2
INFO: 20:57:09.988799 self-stabilizing-binary-consensus.go:200: binValues(1,3)={1}
INFO: 20:57:09.988817 self-stabilizing-binary-consensus.go:132: aux[1][1]=1
INFO: 20:57:09.988873 self-stabilizing-binary-consensus.go:200: binValues(1,2)={1}
INFO: 20:57:09.993034 self-stabilizing-binary-consensus.go:441: SEND flag=0 r=1 est={0} aux={1}
INFO: 20:57:09.993060 self-stabilizing-binary-consensus.go:431: RECEIVE j=2 flag=0 r=1 est={1} aux={}
INFO: 20:57:09.993068 self-stabilizing-binary-consensus.go:433: est[1][2]={1} aux[1][2]={}
INFO: 20:57:09.993074 self-stabilizing-binary-consensus.go:431: RECEIVE j=3 flag=0 r=1 est={1} aux={}
INFO: 20:57:09.993078 self-stabilizing-binary-consensus.go:433: est[1][3]={1} aux[1][3]={}
INFO: 20:57:09.994132 self-stabilizing-binary-consensus.go:431: RECEIVE j=2 flag=1 r=1 est={0 1} aux={}
INFO: 20:57:09.994174 self-stabilizing-binary-consensus.go:433: est[1][2]={0 1} aux[1][2]={}
INFO: 20:57:09.997247 self-stabilizing-binary-consensus.go:141: SEND flag=1 r=1 est={0 1} aux={1}
INFO: 20:57:10.002314 self-stabilizing-binary-consensus.go:441: SEND flag=0 r=1 est={0} aux={1}
INFO: 20:57:10.002353 self-stabilizing-binary-consensus.go:431: RECEIVE j=0 flag=0 r=1 est={0} aux={}
INFO: 20:57:10.002373 self-stabilizing-binary-consensus.go:433: est[1][0]={0 1} aux[1][0]={}
INFO: 20:57:10.002392 self-stabilizing-binary-consensus.go:431: RECEIVE j=3 flag=0 r=1 est={1} aux={}
INFO: 20:57:10.002467 self-stabilizing-binary-consensus.go:433: est[1][3]={1} aux[1][3]={}
INFO: 20:57:10.002498 self-stabilizing-binary-consensus.go:431: RECEIVE j=3 flag=1 r=1 est={0 1} aux={}
INFO: 20:57:10.002533 self-stabilizing-binary-consensus.go:433: est[1][3]={0 1} aux[1][3]={}
INFO: 20:57:10.005309 self-stabilizing-binary-consensus.go:441: SEND flag=0 r=1 est={0} aux={1}
INFO: 20:57:10.005361 self-stabilizing-binary-consensus.go:431: RECEIVE j=2 flag=0 r=1 est={1} aux={}
INFO: 20:57:10.005370 self-stabilizing-binary-consensus.go:433: est[1][2]={0 1} aux[1][2]={}
INFO: 20:57:10.005376 self-stabilizing-binary-consensus.go:431: RECEIVE j=0 flag=0 r=1 est={0} aux={}
INFO: 20:57:10.005381 self-stabilizing-binary-consensus.go:433: est[1][0]={0 1} aux[1][0]={}
INFO: 20:57:10.005399 self-stabilizing-binary-consensus.go:431: RECEIVE j=2 flag=0 r=1 est={1} aux={}
INFO: 20:57:10.005407 self-stabilizing-binary-consensus.go:433: est[1][2]={0 1} aux[1][2]={}
INFO: 20:57:10.005413 self-stabilizing-binary-consensus.go:431: RECEIVE j=3 flag=0 r=1 est={1} aux={}
INFO: 20:57:10.005418 self-stabilizing-binary-consensus.go:433: est[1][3]={0 1} aux[1][3]={}
INFO: 20:57:10.007050 self-stabilizing-binary-consensus.go:431: RECEIVE j=0 flag=0 r=1 est={0} aux={}
INFO: 20:57:10.007105 self-stabilizing-binary-consensus.go:433: est[1][0]={0 1} aux[1][0]={}
INFO: 20:57:10.985960 self-stabilizing-binary-consensus.go:431: RECEIVE j=0 flag=1 r=1 est={0 1} aux={0}
INFO: 20:57:10.986180 self-stabilizing-binary-consensus.go:433: est[1][0]={0 1} aux[1][0]={0}
INFO: 20:57:10.988369 self-stabilizing-binary-consensus.go:441: SEND flag=0 r=1 est={0} aux={1}
INFO: 20:57:10.991066 self-stabilizing-binary-consensus.go:431: RECEIVE j=3 flag=0 r=1 est={1} aux={}
INFO: 20:57:10.991182 self-stabilizing-binary-consensus.go:433: est[1][3]={0 1} aux[1][3]={}
INFO: 20:57:10.993643 self-stabilizing-binary-consensus.go:431: RECEIVE j=2 flag=0 r=1 est={1} aux={}
INFO: 20:57:10.993717 self-stabilizing-binary-consensus.go:433: est[1][2]={0 1} aux[1][2]={}
INFO: 20:57:10.997317 self-stabilizing-binary-consensus.go:431: RECEIVE j=2 flag=1 r=1 est={0 1} aux={0}
INFO: 20:57:10.997390 self-stabilizing-binary-consensus.go:433: est[1][2]={0 1} aux[1][2]={0}
INFO: 20:57:10.998010 self-stabilizing-binary-consensus.go:200: binValues(1,3)={0 1}
INFO: 20:57:10.998050 self-stabilizing-binary-consensus.go:225: infoResults()={}
INFO: 20:57:10.998070 self-stabilizing-binary-consensus.go:93: round=1 repeat=3
INFO: 20:57:10.998095 self-stabilizing-binary-consensus.go:200: binValues(1,3)={0 1}
INFO: 20:57:10.998114 self-stabilizing-binary-consensus.go:200: binValues(1,2)={0 1}
INFO: 20:57:10.999142 self-stabilizing-binary-consensus.go:441: SEND flag=0 r=1 est={0} aux={1}
INFO: 20:57:10.999639 self-stabilizing-binary-consensus.go:431: RECEIVE j=0 flag=0 r=1 est={0} aux={0}
INFO: 20:57:11.000288 self-stabilizing-binary-consensus.go:433: est[1][0]={0 1} aux[1][0]={0}
INFO: 20:57:11.002676 self-stabilizing-binary-consensus.go:141: SEND flag=1 r=1 est={0 1} aux={1}
INFO: 20:57:11.003100 self-stabilizing-binary-consensus.go:431: RECEIVE j=2 flag=0 r=1 est={1} aux={0}
INFO: 20:57:11.003305 self-stabilizing-binary-consensus.go:433: est[1][2]={0 1} aux[1][2]={0}
INFO: 20:57:11.006733 self-stabilizing-binary-consensus.go:431: RECEIVE j=2 flag=0 r=1 est={1} aux={0}
INFO: 20:57:11.007136 self-stabilizing-binary-consensus.go:433: est[1][2]={0 1} aux[1][2]={0}
INFO: 20:57:11.007590 self-stabilizing-binary-consensus.go:431: RECEIVE j=0 flag=0 r=1 est={0} aux={0}
INFO: 20:57:11.007691 self-stabilizing-binary-consensus.go:433: est[1][0]={0 1} aux[1][0]={0}
INFO: 20:57:11.007908 self-stabilizing-binary-consensus.go:431: RECEIVE j=3 flag=1 r=1 est={0 1} aux={0}
INFO: 20:57:11.008000 self-stabilizing-binary-consensus.go:433: est[1][3]={0 1} aux[1][3]={0}
INFO: 20:57:11.010857 self-stabilizing-binary-consensus.go:441: SEND flag=0 r=1 est={0} aux={1}
INFO: 20:57:11.011987 self-stabilizing-binary-consensus.go:431: RECEIVE j=3 flag=0 r=1 est={1} aux={0}
INFO: 20:57:11.012039 self-stabilizing-binary-consensus.go:433: est[1][3]={0 1} aux[1][3]={0}
INFO: 20:57:11.012304 self-stabilizing-binary-consensus.go:431: RECEIVE j=0 flag=0 r=1 est={0} aux={0}
INFO: 20:57:11.012338 self-stabilizing-binary-consensus.go:433: est[1][0]={0 1} aux[1][0]={0}
INFO: 20:57:11.013639 self-stabilizing-binary-consensus.go:431: RECEIVE j=3 flag=0 r=1 est={1} aux={0}
INFO: 20:57:11.013693 self-stabilizing-binary-consensus.go:433: est[1][3]={0 1} aux[1][3]={0}
INFO: 20:57:12.002803 self-stabilizing-binary-consensus.go:200: binValues(1,3)={0 1}
INFO: 20:57:12.002847 self-stabilizing-binary-consensus.go:225: infoResults()={0}
INFO: 20:57:12.002866 self-stabilizing-binary-consensus.go:200: binValues(1,3)={0 1}
INFO: 20:57:12.002894 self-stabilizing-binary-consensus.go:225: infoResults()={0}
INFO: 20:57:12.002903 self-stabilizing-binary-consensus.go:256: randomBit(1)=0
INFO: 20:57:12.002908 self-stabilizing-binary-consensus.go:249: decision=0
INFO: 20:57:12.002933 self-stabilizing-binary-consensus.go:200: binValues(11,2)={}
INFO: 20:57:12.003229 self-stabilizing-binary-consensus.go:93: round=11 repeat=1
INFO: 20:57:12.003238 self-stabilizing-binary-consensus.go:200: binValues(11,3)={}
INFO: 20:57:12.003243 self-stabilizing-binary-consensus.go:200: binValues(11,2)={}
INFO: 20:57:12.003351 self-stabilizing-binary-consensus.go:431: RECEIVE j=0 flag=1 r=11 est={0} aux={0}
INFO: 20:57:12.003385 self-stabilizing-binary-consensus.go:433: est[11][0]={0} aux[11][0]={0}
INFO: 20:57:12.005112 self-stabilizing-binary-consensus.go:441: SEND flag=0 r=11 est={0} aux={0}
INFO: 20:57:12.005168 self-stabilizing-binary-consensus.go:431: RECEIVE j=2 flag=1 r=11 est={0} aux={0}
INFO: 20:57:12.005197 self-stabilizing-binary-consensus.go:433: est[11][2]={0} aux[11][2]={0}
INFO: 20:57:12.018054 self-stabilizing-binary-consensus.go:141: SEND flag=1 r=11 est={0} aux={0}
INFO: 20:57:12.021531 self-stabilizing-binary-consensus.go:441: SEND flag=0 r=11 est={0} aux={0}
INFO: 20:57:12.021607 self-stabilizing-binary-consensus.go:431: RECEIVE j=2 flag=0 r=11 est={0} aux={0}
INFO: 20:57:12.021629 self-stabilizing-binary-consensus.go:433: est[11][2]={0} aux[11][2]={0}
INFO: 20:57:12.021649 self-stabilizing-binary-consensus.go:431: RECEIVE j=0 flag=0 r=11 est={0} aux={0}
INFO: 20:57:12.021667 self-stabilizing-binary-consensus.go:433: est[11][0]={0} aux[11][0]={0}
INFO: 20:57:12.021687 self-stabilizing-binary-consensus.go:431: RECEIVE j=3 flag=0 r=11 est={0} aux={0}
INFO: 20:57:12.021705 self-stabilizing-binary-consensus.go:433: est[11][3]={0} aux[11][3]={0}
INFO: 20:57:12.021734 self-stabilizing-binary-consensus.go:431: RECEIVE j=3 flag=1 r=11 est={0} aux={0}
INFO: 20:57:12.021753 self-stabilizing-binary-consensus.go:433: est[11][3]={0} aux[11][3]={0}
INFO: 20:57:12.030723 self-stabilizing-binary-consensus.go:441: SEND flag=0 r=11 est={0} aux={0}
INFO: 20:57:12.030801 self-stabilizing-binary-consensus.go:431: RECEIVE j=3 flag=0 r=11 est={0} aux={0}
INFO: 20:57:12.030836 self-stabilizing-binary-consensus.go:433: est[11][3]={0} aux[11][3]={0}
INFO: 20:57:12.030867 self-stabilizing-binary-consensus.go:431: RECEIVE j=2 flag=0 r=11 est={0} aux={0}
INFO: 20:57:12.030897 self-stabilizing-binary-consensus.go:433: est[11][2]={0} aux[11][2]={0}
INFO: 20:57:12.030925 self-stabilizing-binary-consensus.go:431: RECEIVE j=3 flag=0 r=11 est={0} aux={0}
INFO: 20:57:12.030950 self-stabilizing-binary-consensus.go:433: est[11][3]={0} aux[11][3]={0}
INFO: 20:57:12.030978 self-stabilizing-binary-consensus.go:431: RECEIVE j=0 flag=0 r=11 est={0} aux={0}
INFO: 20:57:12.031006 self-stabilizing-binary-consensus.go:433: est[11][0]={0} aux[11][0]={0}
INFO: 20:57:12.031140 self-stabilizing-binary-consensus.go:431: RECEIVE j=2 flag=0 r=11 est={0} aux={0}
INFO: 20:57:12.031211 self-stabilizing-binary-consensus.go:433: est[11][2]={0} aux[11][2]={0}
INFO: 20:57:12.032003 self-stabilizing-binary-consensus.go:431: RECEIVE j=0 flag=0 r=11 est={0} aux={0}
INFO: 20:57:12.032136 self-stabilizing-binary-consensus.go:433: est[11][0]={0} aux[11][0]={0}
INFO: 20:57:13.000789 self-stabilizing-binary-consensus.go:431: RECEIVE j=0 flag=1 r=11 est={0} aux={0}
INFO: 20:57:13.000875 self-stabilizing-binary-consensus.go:433: est[11][0]={0} aux[11][0]={0}
INFO: 20:57:13.002811 self-stabilizing-binary-consensus.go:441: SEND flag=0 r=11 est={0} aux={0}
INFO: 20:57:13.003562 self-stabilizing-binary-consensus.go:431: RECEIVE j=3 flag=0 r=11 est={0} aux={0}
INFO: 20:57:13.003719 self-stabilizing-binary-consensus.go:433: est[11][3]={0} aux[11][3]={0}
INFO: 20:57:13.007081 self-stabilizing-binary-consensus.go:431: RECEIVE j=2 flag=1 r=11 est={0} aux={0}
INFO: 20:57:13.007283 self-stabilizing-binary-consensus.go:433: est[11][2]={0} aux[11][2]={0}
INFO: 20:57:13.010410 self-stabilizing-binary-consensus.go:441: SEND flag=0 r=11 est={0} aux={0}
INFO: 20:57:13.012366 self-stabilizing-binary-consensus.go:431: RECEIVE j=3 flag=0 r=11 est={0} aux={0}
INFO: 20:57:13.012393 self-stabilizing-binary-consensus.go:433: est[11][3]={0} aux[11][3]={0}
INFO: 20:57:13.012760 self-stabilizing-binary-consensus.go:431: RECEIVE j=2 flag=0 r=11 est={0} aux={0}
INFO: 20:57:13.012786 self-stabilizing-binary-consensus.go:433: est[11][2]={0} aux[11][2]={0}
INFO: 20:57:13.013975 self-stabilizing-binary-consensus.go:431: RECEIVE j=0 flag=0 r=11 est={0} aux={0}
INFO: 20:57:13.014002 self-stabilizing-binary-consensus.go:433: est[11][0]={0} aux[11][0]={0}
INFO: 20:57:13.018201 self-stabilizing-binary-consensus.go:200: binValues(11,3)={0}
INFO: 20:57:13.018265 self-stabilizing-binary-consensus.go:225: infoResults()={0}
INFO: 20:57:13.018274 self-stabilizing-binary-consensus.go:200: binValues(11,3)={0}
INFO: 20:57:13.018279 self-stabilizing-binary-consensus.go:225: infoResults()={0}
INFO: 20:57:13.018283 self-stabilizing-binary-consensus.go:256: randomBit(11)=0
INFO: 20:57:13.018288 self-stabilizing-binary-consensus.go:249: decision=0
INFO: 20:57:13.018515 self-stabilizing-binary-consensus.go:431: RECEIVE j=3 flag=1 r=11 est={0} aux={0}
INFO: 20:57:13.018541 self-stabilizing-binary-consensus.go:433: est[11][3]={0} aux[11][3]={0}
INFO: 20:57:13.020243 self-stabilizing-binary-consensus.go:441: SEND flag=0 r=11 est={0} aux={0}
INFO: 20:57:13.020722 self-stabilizing-binary-consensus.go:200: binValues(11,2)={0}
INFO: 20:57:13.020762 self-stabilizing-binary-consensus.go:249: decision=0
INFO: 20:57:13.020786 self-stabilizing-binary-consensus.go:93: round=11 repeat=1
INFO: 20:57:13.020796 self-stabilizing-binary-consensus.go:200: binValues(11,3)={0}
INFO: 20:57:13.020801 self-stabilizing-binary-consensus.go:200: binValues(11,2)={0}
INFO: 20:57:13.023229 self-stabilizing-binary-consensus.go:431: RECEIVE j=2 flag=0 r=11 est={0} aux={0}
INFO: 20:57:13.023255 self-stabilizing-binary-consensus.go:433: est[11][2]={0} aux[11][2]={0}
INFO: 20:57:13.023273 self-stabilizing-binary-consensus.go:141: SEND flag=1 r=11 est={0} aux={0}
INFO: 20:57:13.033765 self-stabilizing-binary-consensus.go:431: RECEIVE j=3 flag=0 r=11 est={0} aux={0}
INFO: 20:57:13.034054 self-stabilizing-binary-consensus.go:433: est[11][3]={0} aux[11][3]={0}
INFO: 20:57:13.034377 self-stabilizing-binary-consensus.go:431: RECEIVE j=0 flag=0 r=11 est={0} aux={0}
INFO: 20:57:13.034402 self-stabilizing-binary-consensus.go:433: est[11][0]={0} aux[11][0]={0}
INFO: 20:57:13.034762 self-stabilizing-binary-consensus.go:431: RECEIVE j=2 flag=0 r=11 est={0} aux={0}
INFO: 20:57:13.034796 self-stabilizing-binary-consensus.go:433: est[11][2]={0} aux[11][2]={0}
INFO: 20:57:13.035797 self-stabilizing-binary-consensus.go:431: RECEIVE j=0 flag=0 r=11 est={0} aux={0}
INFO: 20:57:13.035871 self-stabilizing-binary-consensus.go:433: est[11][0]={0} aux[11][0]={0}
INFO: 20:57:13.984941 self-stabilizing-multivalued-consensus.go:18: Successful decide
