INFO: 01:20:58.873458 main.go:29: ID:1 | N:4 | F:1 | Clients:1 | Scenario:NORMAL | Remote:false

INFO: 01:20:58.875374 messenger.go:90: Receive from Server 0 on tcp://*:4100
INFO: 01:20:58.875664 messenger.go:107: Send to Server 0 on tcp://localhost:4001
INFO: 01:20:58.875719 messenger.go:90: Receive from Server 2 on tcp://*:4102
INFO: 01:20:58.875800 messenger.go:107: Send to Server 2 on tcp://localhost:4201
INFO: 01:20:58.875848 messenger.go:90: Receive from Server 3 on tcp://*:4103
INFO: 01:20:58.875918 messenger.go:107: Send to Server 3 on tcp://localhost:4301
INFO: 01:20:58.875938 messenger.go:113: -----------------------------------------
INFO: 01:20:58.875970 messenger.go:135: Requests from Client 0 on tcp://*:7100
INFO: 01:20:58.876039 messenger.go:152: Response to Client 0 on tcp://*:10100
INFO: 01:20:58.876059 messenger.go:155: -----------------------------------------

INFO: 01:20:58.880391 main.go:83: Initial estimate value:  1
INFO: 01:20:58.880460 self-stabilizing-binary-consensus.go:93: round=1 repeat=1
INFO: 01:20:58.880487 self-stabilizing-binary-consensus.go:200: binValues(1,3)={}
INFO: 01:20:58.880505 self-stabilizing-binary-consensus.go:200: binValues(1,2)={}
INFO: 01:20:58.882526 self-stabilizing-binary-consensus.go:141: SEND flag=1 r=1 est={1} aux={}
INFO: 01:20:58.884720 self-stabilizing-binary-consensus.go:431: RECEIVE j=2 flag=1 r=1 est={0} aux={}
INFO: 01:20:58.884739 self-stabilizing-binary-consensus.go:433: est[1][2]={0} aux[1][2]={}
INFO: 01:20:58.887672 self-stabilizing-binary-consensus.go:441: SEND flag=0 r=1 est={1} aux={}
INFO: 01:20:58.890386 self-stabilizing-binary-consensus.go:431: RECEIVE j=2 flag=0 r=1 est={0} aux={}
INFO: 01:20:58.890413 self-stabilizing-binary-consensus.go:433: est[1][2]={0} aux[1][2]={}
INFO: 01:20:58.892280 self-stabilizing-binary-consensus.go:431: RECEIVE j=2 flag=0 r=1 est={0} aux={}
INFO: 01:20:58.892309 self-stabilizing-binary-consensus.go:433: est[1][2]={0} aux[1][2]={}
INFO: 01:20:58.932724 self-stabilizing-binary-consensus.go:200: binValues(1,3)={}
INFO: 01:20:58.932793 self-stabilizing-binary-consensus.go:225: infoResults()={}
INFO: 01:20:58.932814 self-stabilizing-binary-consensus.go:93: round=1 repeat=2
INFO: 01:20:58.932827 self-stabilizing-binary-consensus.go:200: binValues(1,3)={}
INFO: 01:20:58.932837 self-stabilizing-binary-consensus.go:200: binValues(1,2)={}
INFO: 01:20:58.938542 self-stabilizing-binary-consensus.go:141: SEND flag=1 r=1 est={1} aux={}
INFO: 01:20:58.945380 self-stabilizing-binary-consensus.go:431: RECEIVE j=2 flag=1 r=1 est={0 1} aux={}
INFO: 01:20:58.945435 self-stabilizing-binary-consensus.go:433: est[1][2]={0 1} aux[1][2]={}
INFO: 01:20:58.948905 self-stabilizing-binary-consensus.go:441: SEND flag=0 r=1 est={1} aux={}
INFO: 01:20:58.949116 self-stabilizing-binary-consensus.go:431: RECEIVE j=2 flag=0 r=1 est={0} aux={}
INFO: 01:20:58.950108 self-stabilizing-binary-consensus.go:433: est[1][2]={0 1} aux[1][2]={}
INFO: 01:20:58.989015 self-stabilizing-binary-consensus.go:200: binValues(1,3)={}
INFO: 01:20:58.989106 self-stabilizing-binary-consensus.go:225: infoResults()={}
INFO: 01:20:58.989128 self-stabilizing-binary-consensus.go:93: round=1 repeat=3
INFO: 01:20:58.989140 self-stabilizing-binary-consensus.go:200: binValues(1,3)={}
INFO: 01:20:58.989150 self-stabilizing-binary-consensus.go:200: binValues(1,2)={}
INFO: 01:20:58.994180 self-stabilizing-binary-consensus.go:141: SEND flag=1 r=1 est={1} aux={}
INFO: 01:20:59.005053 self-stabilizing-binary-consensus.go:431: RECEIVE j=2 flag=1 r=1 est={0 1} aux={}
INFO: 01:20:59.005199 self-stabilizing-binary-consensus.go:433: est[1][2]={0 1} aux[1][2]={}
INFO: 01:20:59.012475 self-stabilizing-binary-consensus.go:441: SEND flag=0 r=1 est={1} aux={}
INFO: 01:20:59.013469 self-stabilizing-binary-consensus.go:431: RECEIVE j=2 flag=0 r=1 est={0} aux={}
INFO: 01:20:59.013547 self-stabilizing-binary-consensus.go:433: est[1][2]={0 1} aux[1][2]={}
INFO: 01:20:59.015750 self-stabilizing-binary-consensus.go:431: RECEIVE j=2 flag=0 r=1 est={0} aux={}
INFO: 01:20:59.015774 self-stabilizing-binary-consensus.go:433: est[1][2]={0 1} aux[1][2]={}
INFO: 01:20:59.033613 self-stabilizing-binary-consensus.go:431: RECEIVE j=0 flag=1 r=1 est={0} aux={}
INFO: 01:20:59.033731 self-stabilizing-binary-consensus.go:433: est[1][0]={0} aux[1][0]={}
INFO: 01:20:59.036855 self-stabilizing-binary-consensus.go:441: SEND flag=0 r=1 est={1} aux={}
INFO: 01:20:59.036987 self-stabilizing-binary-consensus.go:431: RECEIVE j=0 flag=0 r=1 est={0} aux={}
INFO: 01:20:59.037042 self-stabilizing-binary-consensus.go:433: est[1][0]={0} aux[1][0]={}
INFO: 01:20:59.037196 self-stabilizing-binary-consensus.go:431: RECEIVE j=0 flag=1 r=1 est={0} aux={}
INFO: 01:20:59.037264 self-stabilizing-binary-consensus.go:433: est[1][0]={0} aux[1][0]={}
INFO: 01:20:59.042850 self-stabilizing-binary-consensus.go:441: SEND flag=0 r=1 est={1} aux={}
INFO: 01:20:59.042917 self-stabilizing-binary-consensus.go:431: RECEIVE j=3 flag=1 r=1 est={1} aux={}
INFO: 01:20:59.042927 self-stabilizing-binary-consensus.go:433: est[1][3]={1} aux[1][3]={}
INFO: 01:20:59.044459 self-stabilizing-binary-consensus.go:200: binValues(1,3)={}
INFO: 01:20:59.044504 self-stabilizing-binary-consensus.go:225: infoResults()={}
INFO: 01:20:59.044529 self-stabilizing-binary-consensus.go:93: round=1 repeat=4
INFO: 01:20:59.044537 self-stabilizing-binary-consensus.go:200: binValues(1,3)={}
INFO: 01:20:59.044542 self-stabilizing-binary-consensus.go:200: binValues(1,2)={0 1}
INFO: 01:20:59.050070 self-stabilizing-binary-consensus.go:141: SEND flag=1 r=1 est={0 1} aux={}
INFO: 01:20:59.058232 self-stabilizing-binary-consensus.go:441: SEND flag=0 r=1 est={1} aux={}
INFO: 01:20:59.058260 self-stabilizing-binary-consensus.go:431: RECEIVE j=2 flag=0 r=1 est={0} aux={}
INFO: 01:20:59.058269 self-stabilizing-binary-consensus.go:433: est[1][2]={0 1} aux[1][2]={}
INFO: 01:20:59.058275 self-stabilizing-binary-consensus.go:431: RECEIVE j=3 flag=0 r=1 est={1} aux={}
INFO: 01:20:59.058285 self-stabilizing-binary-consensus.go:433: est[1][3]={1} aux[1][3]={}
INFO: 01:20:59.058352 self-stabilizing-binary-consensus.go:431: RECEIVE j=3 flag=0 r=1 est={1} aux={}
INFO: 01:20:59.058360 self-stabilizing-binary-consensus.go:433: est[1][3]={1} aux[1][3]={}
INFO: 01:20:59.058365 self-stabilizing-binary-consensus.go:431: RECEIVE j=3 flag=1 r=1 est={1} aux={}
INFO: 01:20:59.058369 self-stabilizing-binary-consensus.go:433: est[1][3]={1} aux[1][3]={}
INFO: 01:20:59.062539 self-stabilizing-binary-consensus.go:441: SEND flag=0 r=1 est={1} aux={}
INFO: 01:20:59.062566 self-stabilizing-binary-consensus.go:431: RECEIVE j=0 flag=0 r=1 est={0} aux={}
INFO: 01:20:59.062574 self-stabilizing-binary-consensus.go:433: est[1][0]={0} aux[1][0]={}
INFO: 01:20:59.062579 self-stabilizing-binary-consensus.go:431: RECEIVE j=2 flag=0 r=1 est={0} aux={}
INFO: 01:20:59.062583 self-stabilizing-binary-consensus.go:433: est[1][2]={0 1} aux[1][2]={}
INFO: 01:20:59.062589 self-stabilizing-binary-consensus.go:431: RECEIVE j=0 flag=0 r=1 est={0} aux={}
INFO: 01:20:59.062639 self-stabilizing-binary-consensus.go:433: est[1][0]={0} aux[1][0]={}
INFO: 01:20:59.062668 self-stabilizing-binary-consensus.go:431: RECEIVE j=2 flag=0 r=1 est={0} aux={}
INFO: 01:20:59.062675 self-stabilizing-binary-consensus.go:433: est[1][2]={0 1} aux[1][2]={}
INFO: 01:20:59.062680 self-stabilizing-binary-consensus.go:431: RECEIVE j=3 flag=0 r=1 est={1} aux={}
INFO: 01:20:59.062742 self-stabilizing-binary-consensus.go:433: est[1][3]={1} aux[1][3]={}
INFO: 01:20:59.062757 self-stabilizing-binary-consensus.go:431: RECEIVE j=2 flag=1 r=1 est={0 1} aux={}
INFO: 01:20:59.062762 self-stabilizing-binary-consensus.go:433: est[1][2]={0 1} aux[1][2]={}
INFO: 01:20:59.065923 self-stabilizing-binary-consensus.go:441: SEND flag=0 r=1 est={1} aux={}
INFO: 01:20:59.065976 self-stabilizing-binary-consensus.go:431: RECEIVE j=3 flag=0 r=1 est={1} aux={}
INFO: 01:20:59.065998 self-stabilizing-binary-consensus.go:433: est[1][3]={1} aux[1][3]={}
INFO: 01:20:59.068161 self-stabilizing-binary-consensus.go:431: RECEIVE j=0 flag=0 r=1 est={0} aux={}
INFO: 01:20:59.068241 self-stabilizing-binary-consensus.go:433: est[1][0]={0} aux[1][0]={}
INFO: 01:20:59.069565 self-stabilizing-binary-consensus.go:431: RECEIVE j=0 flag=0 r=1 est={0} aux={}
INFO: 01:20:59.069615 self-stabilizing-binary-consensus.go:433: est[1][0]={0} aux[1][0]={}
INFO: 01:20:59.072377 self-stabilizing-binary-consensus.go:431: RECEIVE j=0 flag=0 r=1 est={0} aux={}
INFO: 01:20:59.072443 self-stabilizing-binary-consensus.go:433: est[1][0]={0} aux[1][0]={}
INFO: 01:20:59.079085 self-stabilizing-binary-consensus.go:431: RECEIVE j=0 flag=0 r=1 est={0} aux={}
INFO: 01:20:59.079113 self-stabilizing-binary-consensus.go:433: est[1][0]={0} aux[1][0]={}
INFO: 01:20:59.079844 self-stabilizing-binary-consensus.go:431: RECEIVE j=3 flag=0 r=1 est={1} aux={}
INFO: 01:20:59.079889 self-stabilizing-binary-consensus.go:433: est[1][3]={1} aux[1][3]={}
INFO: 01:20:59.082383 self-stabilizing-binary-consensus.go:431: RECEIVE j=3 flag=0 r=1 est={1} aux={}
INFO: 01:20:59.082445 self-stabilizing-binary-consensus.go:433: est[1][3]={1} aux[1][3]={}
INFO: 01:20:59.082888 self-stabilizing-binary-consensus.go:431: RECEIVE j=0 flag=0 r=1 est={0} aux={}
INFO: 01:20:59.082931 self-stabilizing-binary-consensus.go:433: est[1][0]={0} aux[1][0]={}
INFO: 01:20:59.083033 self-stabilizing-binary-consensus.go:431: RECEIVE j=3 flag=0 r=1 est={1} aux={}
INFO: 01:20:59.083043 self-stabilizing-binary-consensus.go:433: est[1][3]={1} aux[1][3]={}
INFO: 01:20:59.085658 self-stabilizing-binary-consensus.go:431: RECEIVE j=0 flag=0 r=1 est={0} aux={}
INFO: 01:20:59.085704 self-stabilizing-binary-consensus.go:433: est[1][0]={0} aux[1][0]={}
INFO: 01:20:59.086603 self-stabilizing-binary-consensus.go:431: RECEIVE j=0 flag=0 r=1 est={0} aux={}
INFO: 01:20:59.086648 self-stabilizing-binary-consensus.go:433: est[1][0]={0} aux[1][0]={}
INFO: 01:20:59.089488 self-stabilizing-binary-consensus.go:431: RECEIVE j=3 flag=0 r=1 est={1} aux={}
INFO: 01:20:59.089521 self-stabilizing-binary-consensus.go:433: est[1][3]={1} aux[1][3]={}
INFO: 01:20:59.091894 self-stabilizing-binary-consensus.go:431: RECEIVE j=3 flag=0 r=1 est={1} aux={}
INFO: 01:20:59.091905 self-stabilizing-binary-consensus.go:433: est[1][3]={1} aux[1][3]={}
INFO: 01:20:59.095415 self-stabilizing-binary-consensus.go:431: RECEIVE j=3 flag=0 r=1 est={1} aux={}
INFO: 01:20:59.095438 self-stabilizing-binary-consensus.go:433: est[1][3]={1} aux[1][3]={}
INFO: 01:20:59.100685 self-stabilizing-binary-consensus.go:200: binValues(1,3)={}
INFO: 01:20:59.100725 self-stabilizing-binary-consensus.go:225: infoResults()={}
INFO: 01:20:59.100769 self-stabilizing-binary-consensus.go:93: round=1 repeat=5
INFO: 01:20:59.100878 self-stabilizing-binary-consensus.go:200: binValues(1,3)={}
INFO: 01:20:59.100937 self-stabilizing-binary-consensus.go:200: binValues(1,2)={0 1}
INFO: 01:20:59.105170 self-stabilizing-binary-consensus.go:141: SEND flag=1 r=1 est={0 1} aux={}
INFO: 01:20:59.105473 self-stabilizing-binary-consensus.go:431: RECEIVE j=0 flag=1 r=1 est={0 1} aux={1}
INFO: 01:20:59.105498 self-stabilizing-binary-consensus.go:433: est[1][0]={0 1} aux[1][0]={1}
INFO: 01:20:59.113655 self-stabilizing-binary-consensus.go:441: SEND flag=0 r=1 est={1} aux={}
INFO: 01:20:59.114730 self-stabilizing-binary-consensus.go:431: RECEIVE j=2 flag=0 r=1 est={0} aux={}
INFO: 01:20:59.114905 self-stabilizing-binary-consensus.go:433: est[1][2]={0 1} aux[1][2]={}
INFO: 01:20:59.114993 self-stabilizing-binary-consensus.go:431: RECEIVE j=3 flag=1 r=1 est={0 1} aux={0}
INFO: 01:20:59.115036 self-stabilizing-binary-consensus.go:433: est[1][3]={0 1} aux[1][3]={0}
INFO: 01:20:59.123556 self-stabilizing-binary-consensus.go:441: SEND flag=0 r=1 est={1} aux={}
INFO: 01:20:59.123586 self-stabilizing-binary-consensus.go:431: RECEIVE j=0 flag=0 r=1 est={0} aux={1}
INFO: 01:20:59.123595 self-stabilizing-binary-consensus.go:433: est[1][0]={0 1} aux[1][0]={1}
INFO: 01:20:59.123600 self-stabilizing-binary-consensus.go:431: RECEIVE j=2 flag=1 r=1 est={0 1} aux={0}
INFO: 01:20:59.123604 self-stabilizing-binary-consensus.go:433: est[1][2]={0 1} aux[1][2]={0}
INFO: 01:20:59.126124 self-stabilizing-binary-consensus.go:441: SEND flag=0 r=1 est={1} aux={}
INFO: 01:20:59.126154 self-stabilizing-binary-consensus.go:431: RECEIVE j=3 flag=0 r=1 est={1} aux={0}
INFO: 01:20:59.126161 self-stabilizing-binary-consensus.go:433: est[1][3]={0 1} aux[1][3]={0}
INFO: 01:20:59.126167 self-stabilizing-binary-consensus.go:431: RECEIVE j=2 flag=0 r=1 est={0} aux={0}
INFO: 01:20:59.126172 self-stabilizing-binary-consensus.go:433: est[1][2]={0 1} aux[1][2]={0}
INFO: 01:20:59.126177 self-stabilizing-binary-consensus.go:431: RECEIVE j=0 flag=0 r=1 est={0} aux={1}
INFO: 01:20:59.126240 self-stabilizing-binary-consensus.go:433: est[1][0]={0 1} aux[1][0]={1}
INFO: 01:20:59.126249 self-stabilizing-binary-consensus.go:431: RECEIVE j=2 flag=0 r=1 est={0} aux={0}
INFO: 01:20:59.126253 self-stabilizing-binary-consensus.go:433: est[1][2]={0 1} aux[1][2]={0}
INFO: 01:20:59.126258 self-stabilizing-binary-consensus.go:431: RECEIVE j=0 flag=0 r=1 est={0} aux={1}
INFO: 01:20:59.126262 self-stabilizing-binary-consensus.go:433: est[1][0]={0 1} aux[1][0]={1}
INFO: 01:20:59.126300 self-stabilizing-binary-consensus.go:431: RECEIVE j=3 flag=0 r=1 est={1} aux={0}
INFO: 01:20:59.126308 self-stabilizing-binary-consensus.go:433: est[1][3]={0 1} aux[1][3]={0}
INFO: 01:20:59.126316 self-stabilizing-binary-consensus.go:431: RECEIVE j=3 flag=0 r=1 est={1} aux={0}
INFO: 01:20:59.126320 self-stabilizing-binary-consensus.go:433: est[1][3]={0 1} aux[1][3]={0}
INFO: 01:20:59.155801 self-stabilizing-binary-consensus.go:200: binValues(1,3)={0 1}
INFO: 01:20:59.155854 self-stabilizing-binary-consensus.go:225: infoResults()={}
INFO: 01:20:59.155870 self-stabilizing-binary-consensus.go:93: round=1 repeat=6
INFO: 01:20:59.155880 self-stabilizing-binary-consensus.go:200: binValues(1,3)={0 1}
INFO: 01:20:59.155888 self-stabilizing-binary-consensus.go:132: aux[1][1]=0
INFO: 01:20:59.155899 self-stabilizing-binary-consensus.go:200: binValues(1,2)={0 1}
INFO: 01:20:59.159908 self-stabilizing-binary-consensus.go:141: SEND flag=1 r=1 est={0 1} aux={0}
INFO: 01:20:59.162419 self-stabilizing-binary-consensus.go:431: RECEIVE j=0 flag=1 r=1 est={0 1} aux={1}
INFO: 01:20:59.162477 self-stabilizing-binary-consensus.go:433: est[1][0]={0 1} aux[1][0]={1}
INFO: 01:20:59.176781 self-stabilizing-binary-consensus.go:441: SEND flag=0 r=1 est={1} aux={0}
INFO: 01:20:59.176903 self-stabilizing-binary-consensus.go:431: RECEIVE j=3 flag=1 r=1 est={0 1} aux={0}
INFO: 01:20:59.176978 self-stabilizing-binary-consensus.go:433: est[1][3]={0 1} aux[1][3]={0}
INFO: 01:20:59.189516 self-stabilizing-binary-consensus.go:441: SEND flag=0 r=1 est={1} aux={0}
INFO: 01:20:59.189635 self-stabilizing-binary-consensus.go:431: RECEIVE j=0 flag=0 r=1 est={0} aux={1}
INFO: 01:20:59.189646 self-stabilizing-binary-consensus.go:433: est[1][0]={0 1} aux[1][0]={1}
INFO: 01:20:59.189653 self-stabilizing-binary-consensus.go:431: RECEIVE j=3 flag=0 r=1 est={1} aux={0}
INFO: 01:20:59.189659 self-stabilizing-binary-consensus.go:433: est[1][3]={0 1} aux[1][3]={0}
INFO: 01:20:59.189665 self-stabilizing-binary-consensus.go:431: RECEIVE j=2 flag=0 r=1 est={0} aux={0}
INFO: 01:20:59.189670 self-stabilizing-binary-consensus.go:433: est[1][2]={0 1} aux[1][2]={0}
INFO: 01:20:59.189711 self-stabilizing-binary-consensus.go:431: RECEIVE j=2 flag=0 r=1 est={0} aux={0}
INFO: 01:20:59.189736 self-stabilizing-binary-consensus.go:433: est[1][2]={0 1} aux[1][2]={0}
INFO: 01:20:59.190033 self-stabilizing-binary-consensus.go:431: RECEIVE j=2 flag=0 r=1 est={0} aux={0}
INFO: 01:20:59.191086 self-stabilizing-binary-consensus.go:433: est[1][2]={0 1} aux[1][2]={0}
INFO: 01:20:59.191229 self-stabilizing-binary-consensus.go:431: RECEIVE j=3 flag=0 r=1 est={1} aux={0}
INFO: 01:20:59.191329 self-stabilizing-binary-consensus.go:433: est[1][3]={0 1} aux[1][3]={0}
INFO: 01:20:59.194189 self-stabilizing-binary-consensus.go:431: RECEIVE j=0 flag=0 r=1 est={0} aux={1}
INFO: 01:20:59.194218 self-stabilizing-binary-consensus.go:433: est[1][0]={0 1} aux[1][0]={1}
INFO: 01:20:59.211452 self-stabilizing-binary-consensus.go:200: binValues(1,3)={0 1}
INFO: 01:20:59.211554 self-stabilizing-binary-consensus.go:225: infoResults()={0}
INFO: 01:20:59.211715 self-stabilizing-binary-consensus.go:200: binValues(1,3)={0 1}
INFO: 01:20:59.211804 self-stabilizing-binary-consensus.go:225: infoResults()={0}
INFO: 01:20:59.211895 self-stabilizing-binary-consensus.go:256: randomBit(1)=0
INFO: 01:20:59.211972 self-stabilizing-binary-consensus.go:249: decision=0
INFO: 01:20:59.212240 self-stabilizing-binary-consensus.go:200: binValues(11,2)={}
INFO: 01:20:59.212338 self-stabilizing-binary-consensus.go:93: round=11 repeat=1
INFO: 01:20:59.212471 self-stabilizing-binary-consensus.go:200: binValues(11,3)={}
INFO: 01:20:59.212497 self-stabilizing-binary-consensus.go:200: binValues(11,2)={0}
INFO: 01:20:59.214225 self-stabilizing-binary-consensus.go:141: SEND flag=1 r=11 est={0} aux={0}
INFO: 01:20:59.212459 self-stabilizing-binary-consensus.go:431: RECEIVE j=2 flag=1 r=11 est={0} aux={0}
INFO: 01:20:59.215226 self-stabilizing-binary-consensus.go:433: est[11][2]={0} aux[11][2]={0}
INFO: 01:20:59.226578 self-stabilizing-binary-consensus.go:441: SEND flag=0 r=11 est={0} aux={0}
INFO: 01:20:59.226617 self-stabilizing-binary-consensus.go:431: RECEIVE j=0 flag=1 r=11 est={0} aux={0}
INFO: 01:20:59.227240 self-stabilizing-binary-consensus.go:433: est[11][0]={0} aux[11][0]={0}
INFO: 01:20:59.242560 self-stabilizing-binary-consensus.go:441: SEND flag=0 r=11 est={0} aux={0}
INFO: 01:20:59.242859 self-stabilizing-binary-consensus.go:431: RECEIVE j=3 flag=1 r=11 est={0} aux={0}
INFO: 01:20:59.243392 self-stabilizing-binary-consensus.go:433: est[11][3]={0} aux[11][3]={0}
INFO: 01:20:59.245675 self-stabilizing-binary-consensus.go:441: SEND flag=0 r=11 est={0} aux={0}
INFO: 01:20:59.245707 self-stabilizing-binary-consensus.go:431: RECEIVE j=2 flag=0 r=11 est={0} aux={0}
INFO: 01:20:59.245715 self-stabilizing-binary-consensus.go:433: est[11][2]={0} aux[11][2]={0}
INFO: 01:20:59.245721 self-stabilizing-binary-consensus.go:431: RECEIVE j=0 flag=0 r=11 est={0} aux={0}
INFO: 01:20:59.245725 self-stabilizing-binary-consensus.go:433: est[11][0]={0} aux[11][0]={0}
INFO: 01:20:59.245730 self-stabilizing-binary-consensus.go:431: RECEIVE j=3 flag=0 r=11 est={0} aux={0}
INFO: 01:20:59.245734 self-stabilizing-binary-consensus.go:433: est[11][3]={0} aux[11][3]={0}
INFO: 01:20:59.245739 self-stabilizing-binary-consensus.go:431: RECEIVE j=2 flag=0 r=11 est={0} aux={0}
INFO: 01:20:59.245743 self-stabilizing-binary-consensus.go:433: est[11][2]={0} aux[11][2]={0}
INFO: 01:20:59.246075 self-stabilizing-binary-consensus.go:431: RECEIVE j=3 flag=0 r=11 est={0} aux={0}
INFO: 01:20:59.246097 self-stabilizing-binary-consensus.go:433: est[11][3]={0} aux[11][3]={0}
INFO: 01:20:59.246107 self-stabilizing-binary-consensus.go:431: RECEIVE j=2 flag=1 r=11 est={0} aux={0}
INFO: 01:20:59.246115 self-stabilizing-binary-consensus.go:433: est[11][2]={0} aux[11][2]={0}
INFO: 01:20:59.251457 self-stabilizing-binary-consensus.go:441: SEND flag=0 r=11 est={0} aux={0}
INFO: 01:20:59.251495 self-stabilizing-binary-consensus.go:431: RECEIVE j=2 flag=0 r=11 est={0} aux={0}
INFO: 01:20:59.251504 self-stabilizing-binary-consensus.go:433: est[11][2]={0} aux[11][2]={0}
INFO: 01:20:59.251509 self-stabilizing-binary-consensus.go:431: RECEIVE j=3 flag=0 r=11 est={0} aux={0}
INFO: 01:20:59.251514 self-stabilizing-binary-consensus.go:433: est[11][3]={0} aux[11][3]={0}
INFO: 01:20:59.251519 self-stabilizing-binary-consensus.go:431: RECEIVE j=3 flag=0 r=11 est={0} aux={0}
INFO: 01:20:59.251523 self-stabilizing-binary-consensus.go:433: est[11][3]={0} aux[11][3]={0}
INFO: 01:20:59.251565 self-stabilizing-binary-consensus.go:431: RECEIVE j=0 flag=0 r=11 est={0} aux={0}
INFO: 01:20:59.251572 self-stabilizing-binary-consensus.go:433: est[11][0]={0} aux[11][0]={0}
INFO: 01:20:59.251577 self-stabilizing-binary-consensus.go:431: RECEIVE j=0 flag=0 r=11 est={0} aux={0}
INFO: 01:20:59.251581 self-stabilizing-binary-consensus.go:433: est[11][0]={0} aux[11][0]={0}
INFO: 01:20:59.251586 self-stabilizing-binary-consensus.go:431: RECEIVE j=0 flag=0 r=11 est={0} aux={0}
INFO: 01:20:59.251611 self-stabilizing-binary-consensus.go:433: est[11][0]={0} aux[11][0]={0}
INFO: 01:20:59.264387 self-stabilizing-binary-consensus.go:200: binValues(11,3)={0}
INFO: 01:20:59.264444 self-stabilizing-binary-consensus.go:225: infoResults()={0}
INFO: 01:20:59.264457 self-stabilizing-binary-consensus.go:200: binValues(11,3)={0}
INFO: 01:20:59.264467 self-stabilizing-binary-consensus.go:225: infoResults()={0}
INFO: 01:20:59.264477 self-stabilizing-binary-consensus.go:256: randomBit(11)=0
INFO: 01:20:59.264508 self-stabilizing-binary-consensus.go:249: decision=0
INFO: 01:20:59.264647 self-stabilizing-binary-consensus.go:200: binValues(11,2)={0}
INFO: 01:20:59.264700 self-stabilizing-binary-consensus.go:249: decision=0
INFO: 01:20:59.264761 self-stabilizing-binary-consensus.go:93: round=11 repeat=1
INFO: 01:20:59.264782 self-stabilizing-binary-consensus.go:200: binValues(11,3)={0}
INFO: 01:20:59.264791 self-stabilizing-binary-consensus.go:200: binValues(11,2)={0}
INFO: 01:20:59.269820 self-stabilizing-binary-consensus.go:141: SEND flag=1 r=11 est={0} aux={0}
INFO: 01:20:59.286504 self-stabilizing-binary-consensus.go:431: RECEIVE j=0 flag=1 r=11 est={0} aux={0}
INFO: 01:20:59.286659 self-stabilizing-binary-consensus.go:433: est[11][0]={0} aux[11][0]={0}
INFO: 01:20:59.301295 self-stabilizing-binary-consensus.go:431: RECEIVE j=3 flag=1 r=11 est={0} aux={0}
INFO: 01:20:59.301355 self-stabilizing-binary-consensus.go:433: est[11][3]={0} aux[11][3]={0}
INFO: 01:20:59.307005 self-stabilizing-binary-consensus.go:441: SEND flag=0 r=11 est={0} aux={0}
INFO: 01:20:59.316225 self-stabilizing-binary-consensus.go:431: RECEIVE j=3 flag=0 r=11 est={0} aux={0}
INFO: 01:20:59.316279 self-stabilizing-binary-consensus.go:433: est[11][3]={0} aux[11][3]={0}
INFO: 01:20:59.316327 self-stabilizing-binary-consensus.go:431: RECEIVE j=2 flag=0 r=11 est={0} aux={0}
INFO: 01:20:59.316365 self-stabilizing-binary-consensus.go:433: est[11][2]={0} aux[11][2]={0}
INFO: 01:20:59.317024 self-stabilizing-binary-consensus.go:441: SEND flag=0 r=11 est={0} aux={0}
INFO: 01:20:59.317368 self-stabilizing-binary-consensus.go:431: RECEIVE j=3 flag=0 r=11 est={0} aux={0}
INFO: 01:20:59.317423 self-stabilizing-binary-consensus.go:433: est[11][3]={0} aux[11][3]={0}
INFO: 01:20:59.318219 self-stabilizing-binary-consensus.go:431: RECEIVE j=0 flag=0 r=11 est={0} aux={0}
INFO: 01:20:59.318243 self-stabilizing-binary-consensus.go:433: est[11][0]={0} aux[11][0]={0}
INFO: 01:20:59.319112 self-stabilizing-binary-consensus.go:431: RECEIVE j=2 flag=1 r=11 est={0} aux={0}
INFO: 01:20:59.319210 self-stabilizing-binary-consensus.go:433: est[11][2]={0} aux[11][2]={0}
INFO: 01:20:59.321185 self-stabilizing-binary-consensus.go:200: binValues(11,3)={0}
INFO: 01:20:59.324780 self-stabilizing-binary-consensus.go:225: infoResults()={0}
INFO: 01:20:59.324810 self-stabilizing-binary-consensus.go:200: binValues(11,3)={0}
INFO: 01:20:59.324821 self-stabilizing-binary-consensus.go:225: infoResults()={0}
INFO: 01:20:59.324828 self-stabilizing-binary-consensus.go:256: randomBit(11)=0
INFO: 01:20:59.324834 self-stabilizing-binary-consensus.go:249: decision=0
INFO: 01:20:59.324989 self-stabilizing-binary-consensus.go:200: binValues(11,2)={0}
INFO: 01:20:59.325025 self-stabilizing-binary-consensus.go:249: decision=0
INFO: 01:20:59.325058 self-stabilizing-binary-consensus.go:93: round=11 repeat=1
INFO: 01:20:59.325070 self-stabilizing-binary-consensus.go:200: binValues(11,3)={0}
INFO: 01:20:59.325077 self-stabilizing-binary-consensus.go:200: binValues(11,2)={0}
INFO: 01:20:59.327674 self-stabilizing-binary-consensus.go:441: SEND flag=0 r=11 est={0} aux={0}
INFO: 01:20:59.327725 self-stabilizing-binary-consensus.go:431: RECEIVE j=2 flag=0 r=11 est={0} aux={0}
INFO: 01:20:59.327784 self-stabilizing-binary-consensus.go:433: est[11][2]={0} aux[11][2]={0}
INFO: 01:20:59.328974 self-stabilizing-binary-consensus.go:431: RECEIVE j=3 flag=0 r=11 est={0} aux={0}
INFO: 01:20:59.329045 self-stabilizing-binary-consensus.go:433: est[11][3]={0} aux[11][3]={0}
INFO: 01:20:59.323971 self-stabilizing-binary-consensus.go:431: RECEIVE j=0 flag=0 r=11 est={0} aux={0}
INFO: 01:20:59.329152 self-stabilizing-binary-consensus.go:433: est[11][0]={0} aux[11][0]={0}
INFO: 01:20:59.329440 self-stabilizing-binary-consensus.go:431: RECEIVE j=0 flag=0 r=11 est={0} aux={0}
INFO: 01:20:59.329505 self-stabilizing-binary-consensus.go:433: est[11][0]={0} aux[11][0]={0}
INFO: 01:20:59.329706 self-stabilizing-binary-consensus.go:431: RECEIVE j=2 flag=0 r=11 est={0} aux={0}
INFO: 01:20:59.329730 self-stabilizing-binary-consensus.go:433: est[11][2]={0} aux[11][2]={0}
INFO: 01:20:59.330027 self-stabilizing-binary-consensus.go:141: SEND flag=1 r=11 est={0} aux={0}
INFO: 01:20:59.334136 self-stabilizing-binary-consensus.go:431: RECEIVE j=0 flag=0 r=11 est={0} aux={0}
INFO: 01:20:59.334221 self-stabilizing-binary-consensus.go:433: est[11][0]={0} aux[11][0]={0}
INFO: 01:20:59.334534 self-stabilizing-binary-consensus.go:431: RECEIVE j=2 flag=0 r=11 est={0} aux={0}
INFO: 01:20:59.334595 self-stabilizing-binary-consensus.go:433: est[11][2]={0} aux[11][2]={0}
INFO: 01:20:59.339722 self-stabilizing-binary-consensus.go:431: RECEIVE j=3 flag=0 r=11 est={0} aux={0}
INFO: 01:20:59.340038 self-stabilizing-binary-consensus.go:433: est[11][3]={0} aux[11][3]={0}
INFO: 01:20:59.342166 self-stabilizing-binary-consensus.go:431: RECEIVE j=0 flag=1 r=11 est={0} aux={0}
INFO: 01:20:59.342218 self-stabilizing-binary-consensus.go:433: est[11][0]={0} aux[11][0]={0}
INFO: 01:20:59.376812 self-stabilizing-binary-consensus.go:431: RECEIVE j=2 flag=0 r=11 est={0} aux={0}
INFO: 01:20:59.376915 self-stabilizing-binary-consensus.go:433: est[11][2]={0} aux[11][2]={0}
INFO: 01:20:59.378337 self-stabilizing-binary-consensus.go:431: RECEIVE j=2 flag=1 r=11 est={0} aux={0}
INFO: 01:20:59.379049 self-stabilizing-binary-consensus.go:433: est[11][2]={0} aux[11][2]={0}
INFO: 01:20:59.381786 self-stabilizing-binary-consensus.go:441: SEND flag=0 r=11 est={0} aux={0}
INFO: 01:20:59.385452 self-stabilizing-binary-consensus.go:441: SEND flag=0 r=11 est={0} aux={0}
INFO: 01:20:59.385795 self-stabilizing-binary-consensus.go:200: binValues(11,3)={0}
INFO: 01:20:59.385811 self-stabilizing-binary-consensus.go:225: infoResults()={0}
INFO: 01:20:59.385816 self-stabilizing-binary-consensus.go:200: binValues(11,3)={0}
INFO: 01:20:59.385821 self-stabilizing-binary-consensus.go:225: infoResults()={0}
INFO: 01:20:59.385825 self-stabilizing-binary-consensus.go:256: randomBit(11)=0
INFO: 01:20:59.385830 self-stabilizing-binary-consensus.go:249: decision=0
INFO: 01:20:59.386196 self-stabilizing-binary-consensus.go:200: binValues(11,2)={0}
INFO: 01:20:59.386794 self-stabilizing-binary-consensus.go:431: RECEIVE j=3 flag=0 r=11 est={0} aux={0}
INFO: 01:20:59.388883 self-stabilizing-binary-consensus.go:433: est[11][3]={0} aux[11][3]={0}
INFO: 01:20:59.387157 self-stabilizing-binary-consensus.go:431: RECEIVE j=3 flag=0 r=11 est={0} aux={0}
INFO: 01:20:59.388939 self-stabilizing-binary-consensus.go:433: est[11][3]={0} aux[11][3]={0}
INFO: 01:20:59.388833 self-stabilizing-binary-consensus.go:249: decision=0
INFO: 01:20:59.392497 self-stabilizing-binary-consensus.go:93: round=11 repeat=1
INFO: 01:20:59.392517 self-stabilizing-binary-consensus.go:200: binValues(11,3)={0}
INFO: 01:20:59.392524 self-stabilizing-binary-consensus.go:200: binValues(11,2)={0}
INFO: 01:20:59.393086 self-stabilizing-binary-consensus.go:431: RECEIVE j=0 flag=0 r=11 est={0} aux={0}
INFO: 01:20:59.393489 self-stabilizing-binary-consensus.go:433: est[11][0]={0} aux[11][0]={0}
INFO: 01:20:59.393901 self-stabilizing-binary-consensus.go:431: RECEIVE j=3 flag=1 r=11 est={0} aux={0}
INFO: 01:20:59.396274 self-stabilizing-binary-consensus.go:433: est[11][3]={0} aux[11][3]={0}
INFO: 01:20:59.404295 self-stabilizing-binary-consensus.go:431: RECEIVE j=2 flag=0 r=11 est={0} aux={0}
INFO: 01:20:59.404447 self-stabilizing-binary-consensus.go:433: est[11][2]={0} aux[11][2]={0}
INFO: 01:20:59.405343 self-stabilizing-binary-consensus.go:441: SEND flag=0 r=11 est={0} aux={0}
INFO: 01:20:59.406575 self-stabilizing-binary-consensus.go:431: RECEIVE j=0 flag=0 r=11 est={0} aux={0}
INFO: 01:20:59.406652 self-stabilizing-binary-consensus.go:433: est[11][0]={0} aux[11][0]={0}
INFO: 01:20:59.407592 self-stabilizing-binary-consensus.go:141: SEND flag=1 r=11 est={0} aux={0}
INFO: 01:20:59.413697 self-stabilizing-binary-consensus.go:431: RECEIVE j=2 flag=0 r=11 est={0} aux={0}
INFO: 01:20:59.413743 self-stabilizing-binary-consensus.go:433: est[11][2]={0} aux[11][2]={0}
INFO: 01:20:59.414432 self-stabilizing-binary-consensus.go:431: RECEIVE j=0 flag=0 r=11 est={0} aux={0}
INFO: 01:20:59.414457 self-stabilizing-binary-consensus.go:433: est[11][0]={0} aux[11][0]={0}
INFO: 01:20:59.414599 self-stabilizing-binary-consensus.go:431: RECEIVE j=3 flag=0 r=11 est={0} aux={0}
INFO: 01:20:59.414609 self-stabilizing-binary-consensus.go:433: est[11][3]={0} aux[11][3]={0}
INFO: 01:20:59.417207 self-stabilizing-binary-consensus.go:431: RECEIVE j=0 flag=1 r=11 est={0} aux={0}
INFO: 01:20:59.417308 self-stabilizing-binary-consensus.go:433: est[11][0]={0} aux[11][0]={0}
INFO: 01:20:59.421368 self-stabilizing-binary-consensus.go:441: SEND flag=0 r=11 est={0} aux={0}
INFO: 01:20:59.425197 self-stabilizing-binary-consensus.go:431: RECEIVE j=2 flag=1 r=11 est={0} aux={0}
INFO: 01:20:59.425314 self-stabilizing-binary-consensus.go:433: est[11][2]={0} aux[11][2]={0}
INFO: 01:20:59.427115 self-stabilizing-binary-consensus.go:441: SEND flag=0 r=11 est={0} aux={0}
INFO: 01:20:59.430027 self-stabilizing-binary-consensus.go:431: RECEIVE j=3 flag=0 r=11 est={0} aux={0}
INFO: 01:20:59.430085 self-stabilizing-binary-consensus.go:433: est[11][3]={0} aux[11][3]={0}
INFO: 01:20:59.432099 self-stabilizing-binary-consensus.go:431: RECEIVE j=3 flag=0 r=11 est={0} aux={0}
INFO: 01:20:59.432167 self-stabilizing-binary-consensus.go:433: est[11][3]={0} aux[11][3]={0}
INFO: 01:20:59.433598 self-stabilizing-binary-consensus.go:431: RECEIVE j=2 flag=0 r=11 est={0} aux={0}
INFO: 01:20:59.433677 self-stabilizing-binary-consensus.go:433: est[11][2]={0} aux[11][2]={0}
INFO: 01:20:59.437188 self-stabilizing-binary-consensus.go:431: RECEIVE j=0 flag=0 r=11 est={0} aux={0}
INFO: 01:20:59.437231 self-stabilizing-binary-consensus.go:433: est[11][0]={0} aux[11][0]={0}
INFO: 01:20:59.450622 self-stabilizing-binary-consensus.go:431: RECEIVE j=3 flag=1 r=11 est={0} aux={0}
INFO: 01:20:59.450709 self-stabilizing-binary-consensus.go:433: est[11][3]={0} aux[11][3]={0}
INFO: 01:20:59.455420 self-stabilizing-binary-consensus.go:431: RECEIVE j=0 flag=0 r=11 est={0} aux={0}
INFO: 01:20:59.455523 self-stabilizing-binary-consensus.go:433: est[11][0]={0} aux[11][0]={0}
INFO: 01:20:59.456078 self-stabilizing-binary-consensus.go:441: SEND flag=0 r=11 est={0} aux={0}
INFO: 01:20:59.457354 self-stabilizing-binary-consensus.go:431: RECEIVE j=2 flag=0 r=11 est={0} aux={0}
INFO: 01:20:59.457380 self-stabilizing-binary-consensus.go:433: est[11][2]={0} aux[11][2]={0}
INFO: 01:20:59.457830 self-stabilizing-binary-consensus.go:200: binValues(11,3)={0}
INFO: 01:20:59.457865 self-stabilizing-binary-consensus.go:225: infoResults()={0}
INFO: 01:20:59.457872 self-stabilizing-binary-consensus.go:200: binValues(11,3)={0}
INFO: 01:20:59.457899 self-stabilizing-binary-consensus.go:225: infoResults()={0}
INFO: 01:20:59.457917 self-stabilizing-binary-consensus.go:256: randomBit(11)=0
INFO: 01:20:59.457924 self-stabilizing-binary-consensus.go:249: decision=0
INFO: 01:20:59.457981 self-stabilizing-binary-consensus.go:200: binValues(11,2)={0}
INFO: 01:20:59.458000 self-stabilizing-binary-consensus.go:249: decision=0
INFO: 01:20:59.458017 self-stabilizing-binary-consensus.go:93: round=11 repeat=1
INFO: 01:20:59.458028 self-stabilizing-binary-consensus.go:200: binValues(11,3)={0}
INFO: 01:20:59.458093 self-stabilizing-binary-consensus.go:200: binValues(11,2)={0}
INFO: 01:20:59.460146 self-stabilizing-binary-consensus.go:141: SEND flag=1 r=11 est={0} aux={0}
INFO: 01:20:59.463955 self-stabilizing-binary-consensus.go:431: RECEIVE j=2 flag=0 r=11 est={0} aux={0}
INFO: 01:20:59.464102 self-stabilizing-binary-consensus.go:433: est[11][2]={0} aux[11][2]={0}
INFO: 01:20:59.464389 self-stabilizing-binary-consensus.go:431: RECEIVE j=0 flag=0 r=11 est={0} aux={0}
INFO: 01:20:59.464430 self-stabilizing-binary-consensus.go:433: est[11][0]={0} aux[11][0]={0}
INFO: 01:20:59.470601 self-stabilizing-binary-consensus.go:431: RECEIVE j=0 flag=1 r=11 est={0} aux={0}
INFO: 01:20:59.470695 self-stabilizing-binary-consensus.go:433: est[11][0]={0} aux[11][0]={0}
INFO: 01:20:59.476000 self-stabilizing-binary-consensus.go:431: RECEIVE j=3 flag=0 r=11 est={0} aux={0}
INFO: 01:20:59.476049 self-stabilizing-binary-consensus.go:433: est[11][3]={0} aux[11][3]={0}
INFO: 01:20:59.479315 self-stabilizing-binary-consensus.go:431: RECEIVE j=2 flag=0 r=11 est={0} aux={0}
INFO: 01:20:59.479363 self-stabilizing-binary-consensus.go:433: est[11][2]={0} aux[11][2]={0}
INFO: 01:20:59.482655 self-stabilizing-binary-consensus.go:431: RECEIVE j=2 flag=1 r=11 est={0} aux={0}
INFO: 01:20:59.482721 self-stabilizing-binary-consensus.go:433: est[11][2]={0} aux[11][2]={0}
INFO: 01:20:59.484693 self-stabilizing-binary-consensus.go:441: SEND flag=0 r=11 est={0} aux={0}
INFO: 01:20:59.489761 self-stabilizing-binary-consensus.go:441: SEND flag=0 r=11 est={0} aux={0}
INFO: 01:20:59.491170 self-stabilizing-binary-consensus.go:431: RECEIVE j=3 flag=0 r=11 est={0} aux={0}
INFO: 01:20:59.491548 self-stabilizing-binary-consensus.go:433: est[11][3]={0} aux[11][3]={0}
INFO: 01:20:59.491450 self-stabilizing-binary-consensus.go:431: RECEIVE j=3 flag=0 r=11 est={0} aux={0}
INFO: 01:20:59.491587 self-stabilizing-binary-consensus.go:433: est[11][3]={0} aux[11][3]={0}
INFO: 01:20:59.493716 self-stabilizing-binary-consensus.go:431: RECEIVE j=0 flag=0 r=11 est={0} aux={0}
INFO: 01:20:59.493971 self-stabilizing-binary-consensus.go:433: est[11][0]={0} aux[11][0]={0}
INFO: 01:20:59.505452 self-stabilizing-binary-consensus.go:431: RECEIVE j=3 flag=1 r=11 est={0} aux={0}
INFO: 01:20:59.505541 self-stabilizing-binary-consensus.go:433: est[11][3]={0} aux[11][3]={0}
INFO: 01:20:59.509330 self-stabilizing-binary-consensus.go:431: RECEIVE j=2 flag=0 r=11 est={0} aux={0}
INFO: 01:20:59.509389 self-stabilizing-binary-consensus.go:433: est[11][2]={0} aux[11][2]={0}
INFO: 01:20:59.510150 self-stabilizing-binary-consensus.go:441: SEND flag=0 r=11 est={0} aux={0}
INFO: 01:20:59.510235 self-stabilizing-binary-consensus.go:200: binValues(11,3)={0}
INFO: 01:20:59.510300 self-stabilizing-binary-consensus.go:225: infoResults()={0}
INFO: 01:20:59.510338 self-stabilizing-binary-consensus.go:200: binValues(11,3)={0}
INFO: 01:20:59.510386 self-stabilizing-binary-consensus.go:225: infoResults()={0}
INFO: 01:20:59.510422 self-stabilizing-binary-consensus.go:256: randomBit(11)=0
INFO: 01:20:59.510516 self-stabilizing-binary-consensus.go:249: decision=0
INFO: 01:20:59.510694 self-stabilizing-binary-consensus.go:200: binValues(11,2)={0}
INFO: 01:20:59.510760 self-stabilizing-binary-consensus.go:249: decision=0
INFO: 01:20:59.510861 self-stabilizing-binary-consensus.go:93: round=11 repeat=1
INFO: 01:20:59.510913 self-stabilizing-binary-consensus.go:200: binValues(11,3)={0}
INFO: 01:20:59.510957 self-stabilizing-binary-consensus.go:200: binValues(11,2)={0}
INFO: 01:20:59.513559 self-stabilizing-binary-consensus.go:141: SEND flag=1 r=11 est={0} aux={0}
INFO: 01:20:59.523122 self-stabilizing-binary-consensus.go:431: RECEIVE j=2 flag=0 r=11 est={0} aux={0}
INFO: 01:20:59.523184 self-stabilizing-binary-consensus.go:433: est[11][2]={0} aux[11][2]={0}
INFO: 01:20:59.523429 self-stabilizing-binary-consensus.go:431: RECEIVE j=3 flag=0 r=11 est={0} aux={0}
INFO: 01:20:59.523496 self-stabilizing-binary-consensus.go:433: est[11][3]={0} aux[11][3]={0}
INFO: 01:20:59.524489 self-stabilizing-binary-consensus.go:431: RECEIVE j=0 flag=0 r=11 est={0} aux={0}
INFO: 01:20:59.524515 self-stabilizing-binary-consensus.go:433: est[11][0]={0} aux[11][0]={0}
INFO: 01:20:59.526255 self-stabilizing-binary-consensus.go:431: RECEIVE j=0 flag=0 r=11 est={0} aux={0}
INFO: 01:20:59.526385 self-stabilizing-binary-consensus.go:433: est[11][0]={0} aux[11][0]={0}
INFO: 01:20:59.530217 self-stabilizing-binary-consensus.go:431: RECEIVE j=0 flag=1 r=11 est={0} aux={0}
INFO: 01:20:59.530277 self-stabilizing-binary-consensus.go:433: est[11][0]={0} aux[11][0]={0}
INFO: 01:20:59.532337 self-stabilizing-binary-consensus.go:441: SEND flag=0 r=11 est={0} aux={0}
INFO: 01:20:59.540559 self-stabilizing-binary-consensus.go:431: RECEIVE j=2 flag=0 r=11 est={0} aux={0}
INFO: 01:20:59.540635 self-stabilizing-binary-consensus.go:433: est[11][2]={0} aux[11][2]={0}
INFO: 01:20:59.540808 self-stabilizing-binary-consensus.go:431: RECEIVE j=3 flag=0 r=11 est={0} aux={0}
INFO: 01:20:59.540850 self-stabilizing-binary-consensus.go:433: est[11][3]={0} aux[11][3]={0}
INFO: 01:20:59.544442 self-stabilizing-binary-consensus.go:431: RECEIVE j=2 flag=1 r=11 est={0} aux={0}
INFO: 01:20:59.544456 self-stabilizing-binary-consensus.go:433: est[11][2]={0} aux[11][2]={0}
INFO: 01:20:59.546374 self-stabilizing-binary-consensus.go:441: SEND flag=0 r=11 est={0} aux={0}
INFO: 01:20:59.546985 self-stabilizing-binary-consensus.go:431: RECEIVE j=0 flag=0 r=11 est={0} aux={0}
INFO: 01:20:59.547012 self-stabilizing-binary-consensus.go:433: est[11][0]={0} aux[11][0]={0}
INFO: 01:20:59.552079 self-stabilizing-binary-consensus.go:431: RECEIVE j=3 flag=0 r=11 est={0} aux={0}
INFO: 01:20:59.552248 self-stabilizing-binary-consensus.go:433: est[11][3]={0} aux[11][3]={0}
INFO: 01:20:59.559408 self-stabilizing-binary-consensus.go:431: RECEIVE j=3 flag=1 r=11 est={0} aux={0}
INFO: 01:20:59.559425 self-stabilizing-binary-consensus.go:433: est[11][3]={0} aux[11][3]={0}
INFO: 01:20:59.560197 self-stabilizing-binary-consensus.go:431: RECEIVE j=0 flag=0 r=11 est={0} aux={0}
INFO: 01:20:59.560256 self-stabilizing-binary-consensus.go:433: est[11][0]={0} aux[11][0]={0}
INFO: 01:20:59.561995 self-stabilizing-binary-consensus.go:441: SEND flag=0 r=11 est={0} aux={0}
INFO: 01:20:59.563723 self-stabilizing-binary-consensus.go:200: binValues(11,3)={0}
INFO: 01:20:59.563760 self-stabilizing-binary-consensus.go:225: infoResults()={0}
INFO: 01:20:59.563777 self-stabilizing-binary-consensus.go:200: binValues(11,3)={0}
INFO: 01:20:59.563823 self-stabilizing-binary-consensus.go:225: infoResults()={0}
INFO: 01:20:59.563858 self-stabilizing-binary-consensus.go:256: randomBit(11)=0
INFO: 01:20:59.563893 self-stabilizing-binary-consensus.go:249: decision=0
INFO: 01:20:59.564006 self-stabilizing-binary-consensus.go:200: binValues(11,2)={0}
INFO: 01:20:59.564045 self-stabilizing-binary-consensus.go:249: decision=0
INFO: 01:20:59.564125 self-stabilizing-binary-consensus.go:93: round=11 repeat=1
INFO: 01:20:59.564164 self-stabilizing-binary-consensus.go:200: binValues(11,3)={0}
INFO: 01:20:59.564200 self-stabilizing-binary-consensus.go:200: binValues(11,2)={0}
INFO: 01:20:59.566015 self-stabilizing-binary-consensus.go:141: SEND flag=1 r=11 est={0} aux={0}
INFO: 01:20:59.566569 self-stabilizing-binary-consensus.go:431: RECEIVE j=2 flag=0 r=11 est={0} aux={0}
INFO: 01:20:59.566659 self-stabilizing-binary-consensus.go:433: est[11][2]={0} aux[11][2]={0}
INFO: 01:20:59.575388 self-stabilizing-binary-consensus.go:431: RECEIVE j=0 flag=0 r=11 est={0} aux={0}
INFO: 01:20:59.575527 self-stabilizing-binary-consensus.go:433: est[11][0]={0} aux[11][0]={0}
INFO: 01:20:59.579990 self-stabilizing-binary-consensus.go:431: RECEIVE j=2 flag=0 r=11 est={0} aux={0}
INFO: 01:20:59.580017 self-stabilizing-binary-consensus.go:433: est[11][2]={0} aux[11][2]={0}
INFO: 01:20:59.585039 self-stabilizing-binary-consensus.go:431: RECEIVE j=3 flag=0 r=11 est={0} aux={0}
INFO: 01:20:59.585077 self-stabilizing-binary-consensus.go:433: est[11][3]={0} aux[11][3]={0}
INFO: 01:20:59.588126 self-stabilizing-binary-consensus.go:431: RECEIVE j=0 flag=1 r=11 est={0} aux={0}
INFO: 01:20:59.588221 self-stabilizing-binary-consensus.go:433: est[11][0]={0} aux[11][0]={0}
INFO: 01:20:59.590074 self-stabilizing-binary-consensus.go:441: SEND flag=0 r=11 est={0} aux={0}
INFO: 01:20:59.591531 self-stabilizing-binary-consensus.go:431: RECEIVE j=2 flag=0 r=11 est={0} aux={0}
INFO: 01:20:59.591647 self-stabilizing-binary-consensus.go:433: est[11][2]={0} aux[11][2]={0}
INFO: 01:20:59.594068 self-stabilizing-binary-consensus.go:431: RECEIVE j=3 flag=0 r=11 est={0} aux={0}
INFO: 01:20:59.594136 self-stabilizing-binary-consensus.go:433: est[11][3]={0} aux[11][3]={0}
INFO: 01:20:59.597794 self-stabilizing-binary-consensus.go:431: RECEIVE j=2 flag=1 r=11 est={0} aux={0}
INFO: 01:20:59.597867 self-stabilizing-binary-consensus.go:433: est[11][2]={0} aux[11][2]={0}
INFO: 01:20:59.598335 self-stabilizing-binary-consensus.go:431: RECEIVE j=0 flag=0 r=11 est={0} aux={0}
INFO: 01:20:59.598798 self-stabilizing-binary-consensus.go:433: est[11][0]={0} aux[11][0]={0}
INFO: 01:20:59.604220 self-stabilizing-binary-consensus.go:431: RECEIVE j=3 flag=0 r=11 est={0} aux={0}
INFO: 01:20:59.604386 self-stabilizing-binary-consensus.go:433: est[11][3]={0} aux[11][3]={0}
INFO: 01:20:59.605571 self-stabilizing-binary-consensus.go:441: SEND flag=0 r=11 est={0} aux={0}
INFO: 01:20:59.618009 self-stabilizing-binary-consensus.go:200: binValues(11,3)={0}
INFO: 01:20:59.618058 self-stabilizing-binary-consensus.go:225: infoResults()={0}
INFO: 01:20:59.618072 self-stabilizing-binary-consensus.go:200: binValues(11,3)={0}
INFO: 01:20:59.618080 self-stabilizing-binary-consensus.go:225: infoResults()={0}
INFO: 01:20:59.618088 self-stabilizing-binary-consensus.go:256: randomBit(11)=0
INFO: 01:20:59.618095 self-stabilizing-binary-consensus.go:249: decision=0
INFO: 01:20:59.618286 self-stabilizing-binary-consensus.go:200: binValues(11,2)={0}
INFO: 01:20:59.618341 self-stabilizing-binary-consensus.go:249: decision=0
INFO: 01:20:59.618388 self-stabilizing-binary-consensus.go:93: round=11 repeat=1
INFO: 01:20:59.618404 self-stabilizing-binary-consensus.go:200: binValues(11,3)={0}
INFO: 01:20:59.618414 self-stabilizing-binary-consensus.go:200: binValues(11,2)={0}
INFO: 01:20:59.622521 self-stabilizing-binary-consensus.go:141: SEND flag=1 r=11 est={0} aux={0}
INFO: 01:20:59.624265 self-stabilizing-binary-consensus.go:431: RECEIVE j=3 flag=1 r=11 est={0} aux={0}
INFO: 01:20:59.624324 self-stabilizing-binary-consensus.go:433: est[11][3]={0} aux[11][3]={0}
INFO: 01:20:59.632645 self-stabilizing-binary-consensus.go:431: RECEIVE j=3 flag=0 r=11 est={0} aux={0}
INFO: 01:20:59.632821 self-stabilizing-binary-consensus.go:433: est[11][3]={0} aux[11][3]={0}
INFO: 01:20:59.639170 self-stabilizing-binary-consensus.go:431: RECEIVE j=2 flag=0 r=11 est={0} aux={0}
INFO: 01:20:59.639262 self-stabilizing-binary-consensus.go:433: est[11][2]={0} aux[11][2]={0}
INFO: 01:20:59.640655 self-stabilizing-binary-consensus.go:431: RECEIVE j=2 flag=0 r=11 est={0} aux={0}
INFO: 01:20:59.640714 self-stabilizing-binary-consensus.go:433: est[11][2]={0} aux[11][2]={0}
INFO: 01:20:59.641042 self-stabilizing-binary-consensus.go:441: SEND flag=0 r=11 est={0} aux={0}
INFO: 01:20:59.643655 self-stabilizing-binary-consensus.go:431: RECEIVE j=0 flag=0 r=11 est={0} aux={0}
INFO: 01:20:59.643700 self-stabilizing-binary-consensus.go:433: est[11][0]={0} aux[11][0]={0}
INFO: 01:20:59.644510 self-stabilizing-binary-consensus.go:431: RECEIVE j=0 flag=0 r=11 est={0} aux={0}
INFO: 01:20:59.644598 self-stabilizing-binary-consensus.go:433: est[11][0]={0} aux[11][0]={0}
INFO: 01:20:59.651236 self-stabilizing-binary-consensus.go:431: RECEIVE j=0 flag=1 r=11 est={0} aux={0}
INFO: 01:20:59.651679 self-stabilizing-binary-consensus.go:433: est[11][0]={0} aux[11][0]={0}
INFO: 01:20:59.652275 self-stabilizing-binary-consensus.go:431: RECEIVE j=2 flag=1 r=11 est={0} aux={0}
INFO: 01:20:59.652310 self-stabilizing-binary-consensus.go:433: est[11][2]={0} aux[11][2]={0}
INFO: 01:20:59.654896 self-stabilizing-binary-consensus.go:441: SEND flag=0 r=11 est={0} aux={0}
INFO: 01:20:59.662896 self-stabilizing-binary-consensus.go:431: RECEIVE j=2 flag=0 r=11 est={0} aux={0}
INFO: 01:20:59.662957 self-stabilizing-binary-consensus.go:433: est[11][2]={0} aux[11][2]={0}
INFO: 01:20:59.663111 self-stabilizing-binary-consensus.go:431: RECEIVE j=3 flag=0 r=11 est={0} aux={0}
INFO: 01:20:59.663361 self-stabilizing-binary-consensus.go:433: est[11][3]={0} aux[11][3]={0}
INFO: 01:20:59.663858 self-stabilizing-binary-consensus.go:441: SEND flag=0 r=11 est={0} aux={0}
INFO: 01:20:59.664985 self-stabilizing-binary-consensus.go:431: RECEIVE j=0 flag=0 r=11 est={0} aux={0}
INFO: 01:20:59.665048 self-stabilizing-binary-consensus.go:433: est[11][0]={0} aux[11][0]={0}
INFO: 01:20:59.666959 self-stabilizing-binary-consensus.go:431: RECEIVE j=3 flag=0 r=11 est={0} aux={0}
INFO: 01:20:59.667010 self-stabilizing-binary-consensus.go:433: est[11][3]={0} aux[11][3]={0}
INFO: 01:20:59.672533 self-stabilizing-binary-consensus.go:431: RECEIVE j=3 flag=1 r=11 est={0} aux={0}
INFO: 01:20:59.672643 self-stabilizing-binary-consensus.go:433: est[11][3]={0} aux[11][3]={0}
INFO: 01:20:59.674667 self-stabilizing-binary-consensus.go:200: binValues(11,3)={0}
INFO: 01:20:59.674680 self-stabilizing-binary-consensus.go:225: infoResults()={0}
INFO: 01:20:59.674688 self-stabilizing-binary-consensus.go:200: binValues(11,3)={0}
INFO: 01:20:59.674694 self-stabilizing-binary-consensus.go:225: infoResults()={0}
INFO: 01:20:59.674701 self-stabilizing-binary-consensus.go:256: randomBit(11)=0
INFO: 01:20:59.674707 self-stabilizing-binary-consensus.go:249: decision=0
INFO: 01:20:59.674807 self-stabilizing-binary-consensus.go:200: binValues(11,2)={0}
INFO: 01:20:59.674835 self-stabilizing-binary-consensus.go:249: decision=0
INFO: 01:20:59.674893 self-stabilizing-binary-consensus.go:93: round=11 repeat=1
INFO: 01:20:59.674907 self-stabilizing-binary-consensus.go:200: binValues(11,3)={0}
INFO: 01:20:59.674914 self-stabilizing-binary-consensus.go:200: binValues(11,2)={0}
INFO: 01:20:59.677795 self-stabilizing-binary-consensus.go:441: SEND flag=0 r=11 est={0} aux={0}
INFO: 01:20:59.678877 self-stabilizing-binary-consensus.go:431: RECEIVE j=2 flag=0 r=11 est={0} aux={0}
INFO: 01:20:59.679687 self-stabilizing-binary-consensus.go:433: est[11][2]={0} aux[11][2]={0}
INFO: 01:20:59.679466 self-stabilizing-binary-consensus.go:141: SEND flag=1 r=11 est={0} aux={0}
INFO: 01:20:59.684215 self-stabilizing-binary-consensus.go:431: RECEIVE j=0 flag=0 r=11 est={0} aux={0}
INFO: 01:20:59.686068 self-stabilizing-binary-consensus.go:433: est[11][0]={0} aux[11][0]={0}
INFO: 01:20:59.684629 self-stabilizing-binary-consensus.go:431: RECEIVE j=3 flag=0 r=11 est={0} aux={0}
INFO: 01:20:59.686310 self-stabilizing-binary-consensus.go:433: est[11][3]={0} aux[11][3]={0}
INFO: 01:20:59.690296 self-stabilizing-binary-consensus.go:431: RECEIVE j=0 flag=0 r=11 est={0} aux={0}
INFO: 01:20:59.690582 self-stabilizing-binary-consensus.go:433: est[11][0]={0} aux[11][0]={0}
INFO: 01:20:59.695062 self-stabilizing-binary-consensus.go:431: RECEIVE j=2 flag=0 r=11 est={0} aux={0}
INFO: 01:20:59.695128 self-stabilizing-binary-consensus.go:433: est[11][2]={0} aux[11][2]={0}
INFO: 01:20:59.704108 self-stabilizing-binary-consensus.go:431: RECEIVE j=0 flag=1 r=11 est={0} aux={0}
INFO: 01:20:59.704258 self-stabilizing-binary-consensus.go:433: est[11][0]={0} aux[11][0]={0}
INFO: 01:20:59.707623 self-stabilizing-binary-consensus.go:441: SEND flag=0 r=11 est={0} aux={0}
INFO: 01:20:59.712562 self-stabilizing-binary-consensus.go:431: RECEIVE j=3 flag=0 r=11 est={0} aux={0}
INFO: 01:20:59.712614 self-stabilizing-binary-consensus.go:433: est[11][3]={0} aux[11][3]={0}
INFO: 01:20:59.712850 self-stabilizing-binary-consensus.go:431: RECEIVE j=3 flag=0 r=11 est={0} aux={0}
INFO: 01:20:59.713136 self-stabilizing-binary-consensus.go:433: est[11][3]={0} aux[11][3]={0}
INFO: 01:20:59.713816 self-stabilizing-binary-consensus.go:431: RECEIVE j=2 flag=1 r=11 est={0} aux={0}
INFO: 01:20:59.713880 self-stabilizing-binary-consensus.go:433: est[11][2]={0} aux[11][2]={0}
INFO: 01:20:59.715502 self-stabilizing-binary-consensus.go:431: RECEIVE j=2 flag=0 r=11 est={0} aux={0}
INFO: 01:20:59.715588 self-stabilizing-binary-consensus.go:433: est[11][2]={0} aux[11][2]={0}
INFO: 01:20:59.716062 self-stabilizing-binary-consensus.go:441: SEND flag=0 r=11 est={0} aux={0}
INFO: 01:20:59.718022 self-stabilizing-binary-consensus.go:431: RECEIVE j=0 flag=0 r=11 est={0} aux={0}
INFO: 01:20:59.718112 self-stabilizing-binary-consensus.go:433: est[11][0]={0} aux[11][0]={0}
INFO: 01:20:59.727614 self-stabilizing-binary-consensus.go:431: RECEIVE j=3 flag=1 r=11 est={0} aux={0}
INFO: 01:20:59.727714 self-stabilizing-binary-consensus.go:433: est[11][3]={0} aux[11][3]={0}
INFO: 01:20:59.729816 self-stabilizing-binary-consensus.go:431: RECEIVE j=0 flag=0 r=11 est={0} aux={0}
INFO: 01:20:59.729902 self-stabilizing-binary-consensus.go:433: est[11][0]={0} aux[11][0]={0}
INFO: 01:20:59.731813 self-stabilizing-binary-consensus.go:441: SEND flag=0 r=11 est={0} aux={0}
INFO: 01:20:59.735505 self-stabilizing-binary-consensus.go:431: RECEIVE j=2 flag=0 r=11 est={0} aux={0}
INFO: 01:20:59.735751 self-stabilizing-binary-consensus.go:433: est[11][2]={0} aux[11][2]={0}
INFO: 01:20:59.737322 self-stabilizing-binary-consensus.go:200: binValues(11,3)={0}
INFO: 01:20:59.737896 self-stabilizing-binary-consensus.go:225: infoResults()={0}
INFO: 01:20:59.737954 self-stabilizing-binary-consensus.go:200: binValues(11,3)={0}
INFO: 01:20:59.737977 self-stabilizing-binary-consensus.go:225: infoResults()={0}
INFO: 01:20:59.737996 self-stabilizing-binary-consensus.go:256: randomBit(11)=0
INFO: 01:20:59.738012 self-stabilizing-binary-consensus.go:249: decision=0
INFO: 01:20:59.738155 self-stabilizing-binary-consensus.go:200: binValues(11,2)={0}
INFO: 01:20:59.738276 self-stabilizing-binary-consensus.go:249: decision=0
INFO: 01:20:59.738405 self-stabilizing-binary-consensus.go:93: round=11 repeat=1
INFO: 01:20:59.738476 self-stabilizing-binary-consensus.go:200: binValues(11,3)={0}
INFO: 01:20:59.738497 self-stabilizing-binary-consensus.go:200: binValues(11,2)={0}
INFO: 01:20:59.740327 self-stabilizing-binary-consensus.go:141: SEND flag=1 r=11 est={0} aux={0}
INFO: 01:20:59.745661 self-stabilizing-binary-consensus.go:431: RECEIVE j=0 flag=0 r=11 est={0} aux={0}
INFO: 01:20:59.745736 self-stabilizing-binary-consensus.go:433: est[11][0]={0} aux[11][0]={0}
INFO: 01:20:59.746211 self-stabilizing-binary-consensus.go:431: RECEIVE j=2 flag=0 r=11 est={0} aux={0}
INFO: 01:20:59.746253 self-stabilizing-binary-consensus.go:433: est[11][2]={0} aux[11][2]={0}
INFO: 01:20:59.746425 self-stabilizing-binary-consensus.go:431: RECEIVE j=3 flag=0 r=11 est={0} aux={0}
INFO: 01:20:59.746488 self-stabilizing-binary-consensus.go:433: est[11][3]={0} aux[11][3]={0}
INFO: 01:20:59.759459 self-stabilizing-binary-consensus.go:431: RECEIVE j=0 flag=1 r=11 est={0} aux={0}
INFO: 01:20:59.760931 self-stabilizing-binary-consensus.go:433: est[11][0]={0} aux[11][0]={0}
INFO: 01:20:59.763213 self-stabilizing-binary-consensus.go:441: SEND flag=0 r=11 est={0} aux={0}
INFO: 01:20:59.770832 self-stabilizing-binary-consensus.go:431: RECEIVE j=2 flag=1 r=11 est={0} aux={0}
INFO: 01:20:59.770863 self-stabilizing-binary-consensus.go:433: est[11][2]={0} aux[11][2]={0}
INFO: 01:20:59.774356 self-stabilizing-binary-consensus.go:431: RECEIVE j=0 flag=0 r=11 est={0} aux={0}
INFO: 01:20:59.774385 self-stabilizing-binary-consensus.go:433: est[11][0]={0} aux[11][0]={0}
INFO: 01:20:59.774712 self-stabilizing-binary-consensus.go:431: RECEIVE j=3 flag=0 r=11 est={0} aux={0}
INFO: 01:20:59.774771 self-stabilizing-binary-consensus.go:433: est[11][3]={0} aux[11][3]={0}
INFO: 01:20:59.775846 self-stabilizing-binary-consensus.go:441: SEND flag=0 r=11 est={0} aux={0}
INFO: 01:20:59.776379 self-stabilizing-binary-consensus.go:431: RECEIVE j=2 flag=0 r=11 est={0} aux={0}
INFO: 01:20:59.776411 self-stabilizing-binary-consensus.go:433: est[11][2]={0} aux[11][2]={0}
INFO: 01:20:59.777033 self-stabilizing-binary-consensus.go:431: RECEIVE j=3 flag=0 r=11 est={0} aux={0}
INFO: 01:20:59.777107 self-stabilizing-binary-consensus.go:433: est[11][3]={0} aux[11][3]={0}
INFO: 01:20:59.788857 self-stabilizing-binary-consensus.go:431: RECEIVE j=3 flag=1 r=11 est={0} aux={0}
INFO: 01:20:59.789211 self-stabilizing-binary-consensus.go:433: est[11][3]={0} aux[11][3]={0}
INFO: 01:20:59.792351 self-stabilizing-binary-consensus.go:200: binValues(11,3)={0}
INFO: 01:20:59.792376 self-stabilizing-binary-consensus.go:225: infoResults()={0}
INFO: 01:20:59.792384 self-stabilizing-binary-consensus.go:200: binValues(11,3)={0}
INFO: 01:20:59.792388 self-stabilizing-binary-consensus.go:225: infoResults()={0}
INFO: 01:20:59.792427 self-stabilizing-binary-consensus.go:256: randomBit(11)=0
INFO: 01:20:59.792571 self-stabilizing-binary-consensus.go:249: decision=0
INFO: 01:20:59.792619 self-stabilizing-binary-consensus.go:200: binValues(11,2)={0}
INFO: 01:20:59.792638 self-stabilizing-binary-consensus.go:249: decision=0
INFO: 01:20:59.792660 self-stabilizing-binary-consensus.go:93: round=11 repeat=1
INFO: 01:20:59.792669 self-stabilizing-binary-consensus.go:200: binValues(11,3)={0}
INFO: 01:20:59.792673 self-stabilizing-binary-consensus.go:200: binValues(11,2)={0}
INFO: 01:20:59.793841 self-stabilizing-binary-consensus.go:441: SEND flag=0 r=11 est={0} aux={0}
INFO: 01:20:59.794969 self-stabilizing-binary-consensus.go:431: RECEIVE j=2 flag=0 r=11 est={0} aux={0}
INFO: 01:20:59.795020 self-stabilizing-binary-consensus.go:433: est[11][2]={0} aux[11][2]={0}
INFO: 01:20:59.796082 self-stabilizing-binary-consensus.go:141: SEND flag=1 r=11 est={0} aux={0}
INFO: 01:20:59.799100 self-stabilizing-binary-consensus.go:431: RECEIVE j=3 flag=0 r=11 est={0} aux={0}
INFO: 01:20:59.799125 self-stabilizing-binary-consensus.go:433: est[11][3]={0} aux[11][3]={0}
INFO: 01:20:59.801063 self-stabilizing-binary-consensus.go:431: RECEIVE j=0 flag=0 r=11 est={0} aux={0}
INFO: 01:20:59.801092 self-stabilizing-binary-consensus.go:433: est[11][0]={0} aux[11][0]={0}
INFO: 01:20:59.801578 self-stabilizing-binary-consensus.go:431: RECEIVE j=0 flag=0 r=11 est={0} aux={0}
INFO: 01:20:59.801625 self-stabilizing-binary-consensus.go:433: est[11][0]={0} aux[11][0]={0}
INFO: 01:20:59.804153 self-stabilizing-binary-consensus.go:431: RECEIVE j=2 flag=0 r=11 est={0} aux={0}
INFO: 01:20:59.804257 self-stabilizing-binary-consensus.go:433: est[11][2]={0} aux[11][2]={0}
INFO: 01:20:59.812413 self-stabilizing-binary-consensus.go:431: RECEIVE j=0 flag=1 r=11 est={0} aux={0}
INFO: 01:20:59.812493 self-stabilizing-binary-consensus.go:433: est[11][0]={0} aux[11][0]={0}
INFO: 01:20:59.822306 self-stabilizing-binary-consensus.go:441: SEND flag=0 r=11 est={0} aux={0}
INFO: 01:20:59.825381 self-stabilizing-binary-consensus.go:431: RECEIVE j=2 flag=0 r=11 est={0} aux={0}
INFO: 01:20:59.825410 self-stabilizing-binary-consensus.go:433: est[11][2]={0} aux[11][2]={0}
INFO: 01:20:59.826330 self-stabilizing-binary-consensus.go:431: RECEIVE j=3 flag=0 r=11 est={0} aux={0}
INFO: 01:20:59.826354 self-stabilizing-binary-consensus.go:433: est[11][3]={0} aux[11][3]={0}
INFO: 01:20:59.828868 self-stabilizing-binary-consensus.go:431: RECEIVE j=2 flag=1 r=11 est={0} aux={0}
INFO: 01:20:59.828916 self-stabilizing-binary-consensus.go:433: est[11][2]={0} aux[11][2]={0}
INFO: 01:20:59.830801 self-stabilizing-binary-consensus.go:441: SEND flag=0 r=11 est={0} aux={0}
INFO: 01:20:59.832113 self-stabilizing-binary-consensus.go:431: RECEIVE j=3 flag=0 r=11 est={0} aux={0}
INFO: 01:20:59.832193 self-stabilizing-binary-consensus.go:433: est[11][3]={0} aux[11][3]={0}
INFO: 01:20:59.835422 self-stabilizing-binary-consensus.go:431: RECEIVE j=0 flag=0 r=11 est={0} aux={0}
INFO: 01:20:59.835515 self-stabilizing-binary-consensus.go:433: est[11][0]={0} aux[11][0]={0}
INFO: 01:20:59.838053 self-stabilizing-binary-consensus.go:431: RECEIVE j=3 flag=1 r=11 est={0} aux={0}
INFO: 01:20:59.838088 self-stabilizing-binary-consensus.go:433: est[11][3]={0} aux[11][3]={0}
INFO: 01:20:59.841546 self-stabilizing-binary-consensus.go:441: SEND flag=0 r=11 est={0} aux={0}
INFO: 01:20:59.847130 self-stabilizing-binary-consensus.go:200: binValues(11,3)={0}
INFO: 01:20:59.847148 self-stabilizing-binary-consensus.go:225: infoResults()={0}
INFO: 01:20:59.847154 self-stabilizing-binary-consensus.go:200: binValues(11,3)={0}
INFO: 01:20:59.847158 self-stabilizing-binary-consensus.go:225: infoResults()={0}
INFO: 01:20:59.847162 self-stabilizing-binary-consensus.go:256: randomBit(11)=0
INFO: 01:20:59.847168 self-stabilizing-binary-consensus.go:249: decision=0
INFO: 01:20:59.847203 self-stabilizing-binary-consensus.go:200: binValues(11,2)={0}
INFO: 01:20:59.847211 self-stabilizing-binary-consensus.go:249: decision=0
INFO: 01:20:59.847227 self-stabilizing-binary-consensus.go:93: round=11 repeat=1
INFO: 01:20:59.847234 self-stabilizing-binary-consensus.go:200: binValues(11,3)={0}
INFO: 01:20:59.847238 self-stabilizing-binary-consensus.go:200: binValues(11,2)={0}
INFO: 01:20:59.848776 self-stabilizing-binary-consensus.go:431: RECEIVE j=0 flag=0 r=11 est={0} aux={0}
INFO: 01:20:59.848930 self-stabilizing-binary-consensus.go:433: est[11][0]={0} aux[11][0]={0}
INFO: 01:20:59.851125 self-stabilizing-binary-consensus.go:431: RECEIVE j=2 flag=0 r=11 est={0} aux={0}
INFO: 01:20:59.851184 self-stabilizing-binary-consensus.go:433: est[11][2]={0} aux[11][2]={0}
INFO: 01:20:59.853029 self-stabilizing-binary-consensus.go:141: SEND flag=1 r=11 est={0} aux={0}
INFO: 01:20:59.857764 self-stabilizing-binary-consensus.go:431: RECEIVE j=3 flag=0 r=11 est={0} aux={0}
INFO: 01:20:59.857779 self-stabilizing-binary-consensus.go:433: est[11][3]={0} aux[11][3]={0}
INFO: 01:20:59.858838 self-stabilizing-binary-consensus.go:431: RECEIVE j=2 flag=0 r=11 est={0} aux={0}
INFO: 01:20:59.858910 self-stabilizing-binary-consensus.go:433: est[11][2]={0} aux[11][2]={0}
INFO: 01:20:59.861028 self-stabilizing-binary-consensus.go:431: RECEIVE j=0 flag=0 r=11 est={0} aux={0}
INFO: 01:20:59.861082 self-stabilizing-binary-consensus.go:433: est[11][0]={0} aux[11][0]={0}
INFO: 01:20:59.864270 self-stabilizing-binary-consensus.go:431: RECEIVE j=0 flag=1 r=11 est={0} aux={0}
INFO: 01:20:59.864338 self-stabilizing-binary-consensus.go:433: est[11][0]={0} aux[11][0]={0}
INFO: 01:20:59.866121 self-stabilizing-binary-consensus.go:441: SEND flag=0 r=11 est={0} aux={0}
INFO: 01:20:59.875563 self-stabilizing-binary-consensus.go:431: RECEIVE j=3 flag=0 r=11 est={0} aux={0}
INFO: 01:20:59.875634 self-stabilizing-binary-consensus.go:433: est[11][3]={0} aux[11][3]={0}
INFO: 01:20:59.879238 self-stabilizing-binary-consensus.go:431: RECEIVE j=2 flag=0 r=11 est={0} aux={0}
INFO: 01:20:59.879285 self-stabilizing-binary-consensus.go:433: est[11][2]={0} aux[11][2]={0}
INFO: 01:20:59.880554 self-stabilizing-multivalued-consensus.go:18: Successful decide
