INFO: 01:27:06.128335 main.go:29: ID:1 | N:4 | F:1 | Clients:1 | Scenario:NORMAL | Remote:false

INFO: 01:27:06.128717 messenger.go:90: Receive from Server 0 on tcp://*:4100
INFO: 01:27:06.128877 messenger.go:107: Send to Server 0 on tcp://localhost:4001
INFO: 01:27:06.128947 messenger.go:90: Receive from Server 2 on tcp://*:4102
INFO: 01:27:06.128999 messenger.go:107: Send to Server 2 on tcp://localhost:4201
INFO: 01:27:06.129046 messenger.go:90: Receive from Server 3 on tcp://*:4103
INFO: 01:27:06.129088 messenger.go:107: Send to Server 3 on tcp://localhost:4301
INFO: 01:27:06.129108 messenger.go:113: -----------------------------------------
INFO: 01:27:06.129140 messenger.go:135: Requests from Client 0 on tcp://*:7100
INFO: 01:27:06.129191 messenger.go:152: Response to Client 0 on tcp://*:10100
INFO: 01:27:06.129212 messenger.go:155: -----------------------------------------

INFO: 01:27:06.134571 main.go:83: Initial estimate value:  0
INFO: 01:27:06.135106 self-stabilizing-binary-consensus.go:77: Round:1
INFO: 01:27:06.135119 self-stabilizing-binary-consensus.go:117: binValues(1,3)={} w=-1
INFO: 01:27:06.135125 self-stabilizing-binary-consensus.go:128: binValues(1,2)={} w=-1
INFO: 01:27:06.138595 self-stabilizing-binary-consensus.go:132: SEND flag=1 r=1 est={0} aux={}
INFO: 01:27:06.284988 self-stabilizing-binary-consensus.go:406: RECEIVE j=0 flag=0 r=1 est={0} aux={}
INFO: 01:27:06.285039 self-stabilizing-binary-consensus.go:423: est[1][0]={0} aux[1][0]={}
INFO: 01:27:06.286569 self-stabilizing-binary-consensus.go:406: RECEIVE j=0 flag=1 r=1 est={0} aux={}
INFO: 01:27:06.286589 self-stabilizing-binary-consensus.go:423: est[1][0]={0} aux[1][0]={}
INFO: 01:27:06.288418 self-stabilizing-binary-consensus.go:430: SEND flag=0 r=1 est={0} aux={}
INFO: 01:27:06.290163 self-stabilizing-binary-consensus.go:406: RECEIVE j=0 flag=0 r=1 est={0} aux={}
INFO: 01:27:06.290217 self-stabilizing-binary-consensus.go:423: est[1][0]={0} aux[1][0]={}
INFO: 01:27:06.290686 self-stabilizing-binary-consensus.go:406: RECEIVE j=3 flag=0 r=1 est={1} aux={}
INFO: 01:27:06.290728 self-stabilizing-binary-consensus.go:423: est[1][3]={1} aux[1][3]={}
INFO: 01:27:06.292740 self-stabilizing-binary-consensus.go:406: RECEIVE j=3 flag=1 r=1 est={1} aux={}
INFO: 01:27:06.292783 self-stabilizing-binary-consensus.go:423: est[1][3]={1} aux[1][3]={}
INFO: 01:27:06.296095 self-stabilizing-binary-consensus.go:430: SEND flag=0 r=1 est={0} aux={}
INFO: 01:27:06.296157 self-stabilizing-binary-consensus.go:406: RECEIVE j=3 flag=0 r=1 est={1} aux={}
INFO: 01:27:06.296178 self-stabilizing-binary-consensus.go:423: est[1][3]={1} aux[1][3]={}
INFO: 01:27:06.296197 self-stabilizing-binary-consensus.go:406: RECEIVE j=3 flag=0 r=1 est={1} aux={}
INFO: 01:27:06.296215 self-stabilizing-binary-consensus.go:423: est[1][3]={1} aux[1][3]={}
INFO: 01:27:06.296233 self-stabilizing-binary-consensus.go:406: RECEIVE j=0 flag=0 r=1 est={0} aux={}
INFO: 01:27:06.296250 self-stabilizing-binary-consensus.go:423: est[1][0]={0} aux[1][0]={}
INFO: 01:27:06.324631 self-stabilizing-binary-consensus.go:406: RECEIVE j=2 flag=1 r=1 est={1} aux={}
INFO: 01:27:06.326746 self-stabilizing-binary-consensus.go:423: est[1][2]={1} aux[1][2]={}
INFO: 01:27:06.328568 self-stabilizing-binary-consensus.go:430: SEND flag=0 r=1 est={0} aux={}
INFO: 01:27:06.332337 self-stabilizing-binary-consensus.go:406: RECEIVE j=2 flag=0 r=1 est={1} aux={}
INFO: 01:27:06.332461 self-stabilizing-binary-consensus.go:423: est[1][2]={1} aux[1][2]={}
INFO: 01:27:06.332489 self-stabilizing-binary-consensus.go:406: RECEIVE j=2 flag=0 r=1 est={1} aux={}
INFO: 01:27:06.332510 self-stabilizing-binary-consensus.go:423: est[1][2]={1} aux[1][2]={}
INFO: 01:27:06.334330 self-stabilizing-binary-consensus.go:406: RECEIVE j=2 flag=0 r=1 est={1} aux={}
INFO: 01:27:06.334375 self-stabilizing-binary-consensus.go:423: est[1][2]={1} aux[1][2]={}
INFO: 01:27:14.141028 self-stabilizing-binary-consensus.go:117: binValues(1,3)={} w=-1
INFO: 01:27:14.141175 self-stabilizing-binary-consensus.go:128: binValues(1,2)={} w=-1
INFO: 01:27:14.147639 self-stabilizing-binary-consensus.go:406: RECEIVE j=0 flag=1 r=1 est={0 1} aux={}
INFO: 01:27:14.148033 self-stabilizing-binary-consensus.go:423: est[1][0]={0 1} aux[1][0]={}
INFO: 01:27:14.157194 self-stabilizing-binary-consensus.go:430: SEND flag=0 r=1 est={0} aux={}
INFO: 01:27:14.162374 self-stabilizing-binary-consensus.go:406: RECEIVE j=2 flag=0 r=1 est={1} aux={}
INFO: 01:27:14.162474 self-stabilizing-binary-consensus.go:423: est[1][2]={1} aux[1][2]={}
INFO: 01:27:14.163010 self-stabilizing-binary-consensus.go:406: RECEIVE j=2 flag=1 r=1 est={0 1} aux={}
INFO: 01:27:14.163063 self-stabilizing-binary-consensus.go:423: est[1][2]={0 1} aux[1][2]={}
INFO: 01:27:14.169479 self-stabilizing-binary-consensus.go:132: SEND flag=1 r=1 est={0 1} aux={}
INFO: 01:27:14.171980 self-stabilizing-binary-consensus.go:430: SEND flag=0 r=1 est={0} aux={}
INFO: 01:27:14.172032 self-stabilizing-binary-consensus.go:406: RECEIVE j=0 flag=0 r=1 est={0} aux={}
INFO: 01:27:14.172057 self-stabilizing-binary-consensus.go:423: est[1][0]={0 1} aux[1][0]={}
INFO: 01:27:14.173276 self-stabilizing-binary-consensus.go:406: RECEIVE j=0 flag=0 r=1 est={0} aux={}
INFO: 01:27:14.173330 self-stabilizing-binary-consensus.go:423: est[1][0]={0 1} aux[1][0]={}
INFO: 01:27:14.174531 self-stabilizing-binary-consensus.go:406: RECEIVE j=3 flag=0 r=1 est={1} aux={}
INFO: 01:27:14.174579 self-stabilizing-binary-consensus.go:423: est[1][3]={1} aux[1][3]={}
INFO: 01:27:14.176695 self-stabilizing-binary-consensus.go:406: RECEIVE j=2 flag=0 r=1 est={1} aux={}
INFO: 01:27:14.176768 self-stabilizing-binary-consensus.go:423: est[1][2]={0 1} aux[1][2]={}
INFO: 01:27:14.179031 self-stabilizing-binary-consensus.go:406: RECEIVE j=3 flag=0 r=1 est={1} aux={}
INFO: 01:27:14.179075 self-stabilizing-binary-consensus.go:423: est[1][3]={1} aux[1][3]={}
INFO: 01:27:14.180952 self-stabilizing-binary-consensus.go:406: RECEIVE j=3 flag=0 r=1 est={1} aux={}
INFO: 01:27:14.181030 self-stabilizing-binary-consensus.go:423: est[1][3]={1} aux[1][3]={}
INFO: 01:27:14.308838 self-stabilizing-binary-consensus.go:406: RECEIVE j=2 flag=0 r=1 est={1} aux={}
INFO: 01:27:14.309063 self-stabilizing-binary-consensus.go:423: est[1][2]={0 1} aux[1][2]={}
INFO: 01:27:14.309331 self-stabilizing-binary-consensus.go:406: RECEIVE j=3 flag=1 r=1 est={0 1} aux={0}
INFO: 01:27:14.309458 self-stabilizing-binary-consensus.go:423: est[1][3]={0 1} aux[1][3]={0}
INFO: 01:27:14.315474 self-stabilizing-binary-consensus.go:430: SEND flag=0 r=1 est={0} aux={}
INFO: 01:27:14.315518 self-stabilizing-binary-consensus.go:406: RECEIVE j=0 flag=0 r=1 est={0} aux={}
INFO: 01:27:14.315540 self-stabilizing-binary-consensus.go:423: est[1][0]={0 1} aux[1][0]={}
