INFO: 16:41:13.911200 main.go:29: ID:1 | N:4 | F:1 | Clients:1 | Scenario:NORMAL | Remote:false

INFO: 16:41:13.911678 messenger.go:90: Receive from Server 0 on tcp://*:4100
INFO: 16:41:13.912611 messenger.go:107: Send to Server 0 on tcp://localhost:4001
INFO: 16:41:13.913103 messenger.go:90: Receive from Server 2 on tcp://*:4102
INFO: 16:41:13.913315 messenger.go:107: Send to Server 2 on tcp://localhost:4201
INFO: 16:41:13.913623 messenger.go:90: Receive from Server 3 on tcp://*:4103
INFO: 16:41:13.915172 messenger.go:107: Send to Server 3 on tcp://localhost:4301
INFO: 16:41:13.915275 messenger.go:113: -----------------------------------------
INFO: 16:41:13.915360 messenger.go:135: Requests from Client 0 on tcp://*:7100
INFO: 16:41:13.915486 messenger.go:152: Response to Client 0 on tcp://*:10100
INFO: 16:41:13.915550 messenger.go:155: -----------------------------------------

INFO: 16:41:13.923736 main.go:83: Initial estimate value:  0
INFO: 16:41:13.923835 self-stabilizing-binary-consensus.go:93: round=1 repeat=1
INFO: 16:41:13.926943 self-stabilizing-binary-consensus.go:200: binValues(1,3)={}
INFO: 16:41:13.927142 self-stabilizing-binary-consensus.go:200: binValues(1,2)={}
INFO: 16:41:13.929745 self-stabilizing-binary-consensus.go:433: RECEIVE j=3 flag=1 r=1 est={0} aux={}
INFO: 16:41:13.929865 self-stabilizing-binary-consensus.go:435: est[1][3]={0} aux[1][3]={}
INFO: 16:41:13.932047 self-stabilizing-binary-consensus.go:443: SEND flag=0 r=1 est={0} aux={}
INFO: 16:41:13.940032 self-stabilizing-binary-consensus.go:433: RECEIVE j=0 flag=1 r=1 est={0} aux={}
INFO: 16:41:13.940146 self-stabilizing-binary-consensus.go:435: est[1][0]={0} aux[1][0]={}
INFO: 16:41:13.954323 self-stabilizing-binary-consensus.go:141: SEND flag=1 r=1 est={0} aux={}
INFO: 16:41:13.955482 self-stabilizing-binary-consensus.go:443: SEND flag=0 r=1 est={0} aux={}
INFO: 16:41:13.955730 self-stabilizing-binary-consensus.go:433: RECEIVE j=0 flag=0 r=1 est={0} aux={}
INFO: 16:41:13.957675 self-stabilizing-binary-consensus.go:435: est[1][0]={0} aux[1][0]={}
INFO: 16:41:13.958036 self-stabilizing-binary-consensus.go:433: RECEIVE j=2 flag=0 r=1 est={0} aux={}
INFO: 16:41:13.958204 self-stabilizing-binary-consensus.go:435: est[1][2]={0} aux[1][2]={}
INFO: 16:41:14.081298 self-stabilizing-binary-consensus.go:433: RECEIVE j=2 flag=0 r=1 est={0} aux={}
INFO: 16:41:14.082130 self-stabilizing-binary-consensus.go:435: est[1][2]={0} aux[1][2]={}
INFO: 16:41:14.088512 self-stabilizing-binary-consensus.go:433: RECEIVE j=3 flag=0 r=1 est={0} aux={}
INFO: 16:41:14.088921 self-stabilizing-binary-consensus.go:435: est[1][3]={0} aux[1][3]={}
INFO: 16:41:14.089109 self-stabilizing-binary-consensus.go:433: RECEIVE j=3 flag=0 r=1 est={0} aux={}
INFO: 16:41:14.089142 self-stabilizing-binary-consensus.go:435: est[1][3]={0} aux[1][3]={}
INFO: 16:41:14.089841 self-stabilizing-binary-consensus.go:433: RECEIVE j=0 flag=0 r=1 est={0} aux={}
INFO: 16:41:14.089895 self-stabilizing-binary-consensus.go:435: est[1][0]={0} aux[1][0]={}
INFO: 16:41:14.091177 self-stabilizing-binary-consensus.go:433: RECEIVE j=2 flag=1 r=1 est={0} aux={}
INFO: 16:41:14.091234 self-stabilizing-binary-consensus.go:435: est[1][2]={0} aux[1][2]={}
INFO: 16:41:14.098990 self-stabilizing-binary-consensus.go:443: SEND flag=0 r=1 est={0} aux={}
INFO: 16:41:14.100873 self-stabilizing-binary-consensus.go:433: RECEIVE j=0 flag=0 r=1 est={0} aux={}
INFO: 16:41:14.100921 self-stabilizing-binary-consensus.go:435: est[1][0]={0} aux[1][0]={}
INFO: 16:41:14.101686 self-stabilizing-binary-consensus.go:433: RECEIVE j=3 flag=0 r=1 est={0} aux={}
INFO: 16:41:14.101923 self-stabilizing-binary-consensus.go:435: est[1][3]={0} aux[1][3]={}
INFO: 16:41:14.101965 self-stabilizing-binary-consensus.go:433: RECEIVE j=2 flag=0 r=1 est={0} aux={}
INFO: 16:41:14.101992 self-stabilizing-binary-consensus.go:435: est[1][2]={0} aux[1][2]={}
INFO: 16:41:15.935597 self-stabilizing-binary-consensus.go:433: RECEIVE j=0 flag=0 r=1 est={0} aux={}
INFO: 16:41:15.935611 self-stabilizing-binary-consensus.go:435: est[1][0]={0} aux[1][0]={}
INFO: 16:41:15.936480 self-stabilizing-binary-consensus.go:433: RECEIVE j=3 flag=1 r=1 est={0} aux={0}
INFO: 16:41:15.936502 self-stabilizing-binary-consensus.go:435: est[1][3]={0} aux[1][3]={0}
INFO: 16:41:15.938566 self-stabilizing-binary-consensus.go:443: SEND flag=0 r=1 est={0} aux={}
INFO: 16:41:15.943864 self-stabilizing-binary-consensus.go:433: RECEIVE j=0 flag=1 r=1 est={0} aux={0}
INFO: 16:41:15.943953 self-stabilizing-binary-consensus.go:435: est[1][0]={0} aux[1][0]={0}
INFO: 16:41:15.952073 self-stabilizing-binary-consensus.go:443: SEND flag=0 r=1 est={0} aux={}
INFO: 16:41:15.954104 self-stabilizing-binary-consensus.go:433: RECEIVE j=2 flag=0 r=1 est={0} aux={}
INFO: 16:41:15.954141 self-stabilizing-binary-consensus.go:435: est[1][2]={0} aux[1][2]={}
INFO: 16:41:15.955379 self-stabilizing-binary-consensus.go:200: binValues(1,3)={0}
INFO: 16:41:15.955411 self-stabilizing-binary-consensus.go:227: infoResults()={}
INFO: 16:41:15.955430 self-stabilizing-binary-consensus.go:93: round=1 repeat=2
INFO: 16:41:15.955447 self-stabilizing-binary-consensus.go:200: binValues(1,3)={0}
INFO: 16:41:15.955469 self-stabilizing-binary-consensus.go:132: aux[1][1]=0
INFO: 16:41:15.955486 self-stabilizing-binary-consensus.go:200: binValues(1,2)={0}
INFO: 16:41:15.957184 self-stabilizing-binary-consensus.go:141: SEND flag=1 r=1 est={0} aux={0}
INFO: 16:41:15.972690 self-stabilizing-binary-consensus.go:433: RECEIVE j=0 flag=0 r=1 est={0} aux={0}
INFO: 16:41:15.972841 self-stabilizing-binary-consensus.go:435: est[1][0]={0} aux[1][0]={0}
INFO: 16:41:15.975521 self-stabilizing-binary-consensus.go:433: RECEIVE j=2 flag=0 r=1 est={0} aux={}
INFO: 16:41:15.976037 self-stabilizing-binary-consensus.go:435: est[1][2]={0} aux[1][2]={}
INFO: 16:41:15.976734 self-stabilizing-binary-consensus.go:433: RECEIVE j=3 flag=0 r=1 est={0} aux={0}
INFO: 16:41:15.976769 self-stabilizing-binary-consensus.go:435: est[1][3]={0} aux[1][3]={0}
INFO: 16:41:15.976884 self-stabilizing-binary-consensus.go:433: RECEIVE j=3 flag=0 r=1 est={0} aux={0}
INFO: 16:41:15.977084 self-stabilizing-binary-consensus.go:435: est[1][3]={0} aux[1][3]={0}
INFO: 16:41:15.979816 self-stabilizing-binary-consensus.go:433: RECEIVE j=2 flag=0 r=1 est={0} aux={}
INFO: 16:41:15.979849 self-stabilizing-binary-consensus.go:435: est[1][2]={0} aux[1][2]={}
INFO: 16:41:17.937824 self-stabilizing-binary-consensus.go:433: RECEIVE j=0 flag=0 r=1 est={0} aux={0}
INFO: 16:41:17.937837 self-stabilizing-binary-consensus.go:435: est[1][0]={0} aux[1][0]={0}
INFO: 16:41:17.938454 self-stabilizing-binary-consensus.go:433: RECEIVE j=3 flag=1 r=1 est={0} aux={0}
INFO: 16:41:17.938468 self-stabilizing-binary-consensus.go:435: est[1][3]={0} aux[1][3]={0}
INFO: 16:41:17.940347 self-stabilizing-binary-consensus.go:443: SEND flag=0 r=1 est={0} aux={0}
INFO: 16:41:17.953910 self-stabilizing-binary-consensus.go:433: RECEIVE j=0 flag=1 r=1 est={0} aux={0}
INFO: 16:41:17.953965 self-stabilizing-binary-consensus.go:435: est[1][0]={0} aux[1][0]={0}
INFO: 16:41:17.957368 self-stabilizing-binary-consensus.go:200: binValues(1,3)={0}
INFO: 16:41:17.957409 self-stabilizing-binary-consensus.go:227: infoResults()={}
INFO: 16:41:17.957429 self-stabilizing-binary-consensus.go:93: round=1 repeat=3
INFO: 16:41:17.957447 self-stabilizing-binary-consensus.go:200: binValues(1,3)={0}
INFO: 16:41:17.957464 self-stabilizing-binary-consensus.go:200: binValues(1,2)={0}
INFO: 16:41:22.957722 self-stabilizing-binary-consensus.go:443: SEND flag=0 r=1 est={0} aux={0}
INFO: 16:41:22.957744 self-stabilizing-binary-consensus.go:433: RECEIVE j=0 flag=0 r=1 est={0} aux={0}
INFO: 16:41:22.957750 self-stabilizing-binary-consensus.go:435: est[1][0]={0} aux[1][0]={0}
INFO: 16:41:22.957755 self-stabilizing-binary-consensus.go:433: RECEIVE j=3 flag=1 r=1 est={0} aux={0}
INFO: 16:41:22.957760 self-stabilizing-binary-consensus.go:435: est[1][3]={0} aux[1][3]={0}
INFO: 16:41:22.968624 self-stabilizing-binary-consensus.go:141: SEND flag=1 r=1 est={0} aux={0}
INFO: 16:41:24.968756 self-stabilizing-binary-consensus.go:200: binValues(1,3)={0}
INFO: 16:41:24.968844 self-stabilizing-binary-consensus.go:227: infoResults()={}
INFO: 16:41:24.968870 self-stabilizing-binary-consensus.go:93: round=1 repeat=4
INFO: 16:41:24.968879 self-stabilizing-binary-consensus.go:200: binValues(1,3)={0}
INFO: 16:41:24.968887 self-stabilizing-binary-consensus.go:200: binValues(1,2)={0}
INFO: 16:41:27.975939 self-stabilizing-binary-consensus.go:443: SEND flag=0 r=1 est={0} aux={0}
INFO: 16:41:27.976289 self-stabilizing-binary-consensus.go:433: RECEIVE j=3 flag=0 r=1 est={0} aux={0}
INFO: 16:41:27.976317 self-stabilizing-binary-consensus.go:435: est[1][3]={0} aux[1][3]={0}
INFO: 16:41:27.976327 self-stabilizing-binary-consensus.go:433: RECEIVE j=0 flag=0 r=1 est={0} aux={0}
INFO: 16:41:27.976333 self-stabilizing-binary-consensus.go:435: est[1][0]={0} aux[1][0]={0}
INFO: 16:41:27.976340 self-stabilizing-binary-consensus.go:433: RECEIVE j=0 flag=1 r=1 est={0} aux={0}
INFO: 16:41:27.976346 self-stabilizing-binary-consensus.go:435: est[1][0]={0} aux[1][0]={0}
INFO: 16:41:29.972476 self-stabilizing-binary-consensus.go:141: SEND flag=1 r=1 est={0} aux={0}
INFO: 16:41:31.976136 self-stabilizing-binary-consensus.go:200: binValues(1,3)={0}
INFO: 16:41:31.976226 self-stabilizing-binary-consensus.go:227: infoResults()={}
INFO: 16:41:31.976379 self-stabilizing-binary-consensus.go:93: round=1 repeat=5
INFO: 16:41:31.976416 self-stabilizing-binary-consensus.go:200: binValues(1,3)={0}
INFO: 16:41:31.976441 self-stabilizing-binary-consensus.go:200: binValues(1,2)={0}
INFO: 16:41:32.979994 self-stabilizing-binary-consensus.go:443: SEND flag=0 r=1 est={0} aux={0}
INFO: 16:41:32.980057 self-stabilizing-binary-consensus.go:433: RECEIVE j=3 flag=1 r=1 est={0} aux={0}
INFO: 16:41:32.980065 self-stabilizing-binary-consensus.go:435: est[1][3]={0} aux[1][3]={0}
INFO: 16:41:36.983840 self-stabilizing-binary-consensus.go:141: SEND flag=1 r=1 est={0} aux={0}
INFO: 16:41:37.982852 self-stabilizing-binary-consensus.go:443: SEND flag=0 r=1 est={0} aux={0}
INFO: 16:41:37.982944 self-stabilizing-binary-consensus.go:433: RECEIVE j=3 flag=0 r=1 est={0} aux={0}
INFO: 16:41:37.982956 self-stabilizing-binary-consensus.go:435: est[1][3]={0} aux[1][3]={0}
INFO: 16:41:37.982963 self-stabilizing-binary-consensus.go:433: RECEIVE j=0 flag=0 r=1 est={0} aux={0}
INFO: 16:41:37.982968 self-stabilizing-binary-consensus.go:435: est[1][0]={0} aux[1][0]={0}
INFO: 16:41:37.982974 self-stabilizing-binary-consensus.go:433: RECEIVE j=0 flag=1 r=1 est={0} aux={0}
INFO: 16:41:37.982979 self-stabilizing-binary-consensus.go:435: est[1][0]={0} aux[1][0]={0}
INFO: 16:41:38.984935 self-stabilizing-binary-consensus.go:200: binValues(1,3)={0}
INFO: 16:41:38.985142 self-stabilizing-binary-consensus.go:227: infoResults()={}
INFO: 16:41:38.985258 self-stabilizing-binary-consensus.go:93: round=1 repeat=6
INFO: 16:41:38.985343 self-stabilizing-binary-consensus.go:200: binValues(1,3)={0}
INFO: 16:41:38.985396 self-stabilizing-binary-consensus.go:200: binValues(1,2)={0}
INFO: 16:41:42.991584 self-stabilizing-binary-consensus.go:443: SEND flag=0 r=1 est={0} aux={0}
INFO: 16:41:42.991682 self-stabilizing-binary-consensus.go:433: RECEIVE j=3 flag=0 r=1 est={0} aux={0}
INFO: 16:41:42.991699 self-stabilizing-binary-consensus.go:435: est[1][3]={0} aux[1][3]={0}
INFO: 16:41:42.991728 self-stabilizing-binary-consensus.go:433: RECEIVE j=0 flag=0 r=1 est={0} aux={0}
INFO: 16:41:42.991742 self-stabilizing-binary-consensus.go:435: est[1][0]={0} aux[1][0]={0}
INFO: 16:41:42.991751 self-stabilizing-binary-consensus.go:433: RECEIVE j=3 flag=1 r=1 est={0} aux={0}
INFO: 16:41:42.991773 self-stabilizing-binary-consensus.go:435: est[1][3]={0} aux[1][3]={0}
