INFO: 01:35:59.776776 main.go:29: ID:1 | N:4 | F:1 | Clients:1 | Scenario:NORMAL | Remote:false

INFO: 01:35:59.777472 messenger.go:90: Receive from Server 0 on tcp://*:4100
INFO: 01:35:59.777628 messenger.go:107: Send to Server 0 on tcp://localhost:4001
INFO: 01:35:59.777726 messenger.go:90: Receive from Server 2 on tcp://*:4102
INFO: 01:35:59.777793 messenger.go:107: Send to Server 2 on tcp://localhost:4201
INFO: 01:35:59.777933 messenger.go:90: Receive from Server 3 on tcp://*:4103
INFO: 01:35:59.778010 messenger.go:107: Send to Server 3 on tcp://localhost:4301
INFO: 01:35:59.778033 messenger.go:113: -----------------------------------------
INFO: 01:35:59.778106 messenger.go:135: Requests from Client 0 on tcp://*:7100
INFO: 01:35:59.778196 messenger.go:152: Response to Client 0 on tcp://*:10100
INFO: 01:35:59.778218 messenger.go:155: -----------------------------------------

INFO: 01:35:59.783248 main.go:83: Initial estimate value:  0
INFO: 01:35:59.783755 self-stabilizing-binary-consensus.go:78: Round:1
INFO: 01:35:59.783781 self-stabilizing-binary-consensus.go:118: binValues(1,3)={} w=-1
INFO: 01:35:59.783788 self-stabilizing-binary-consensus.go:129: binValues(1,2)={} w=-1
INFO: 01:35:59.785728 self-stabilizing-binary-consensus.go:413: RECEIVE j=3 flag=1 r=1 est={1} aux={}
INFO: 01:35:59.785771 self-stabilizing-binary-consensus.go:430: est[1][3]={1} aux[1][3]={}
INFO: 01:35:59.788606 self-stabilizing-binary-consensus.go:437: SEND flag=0 r=1 est={0} aux={}
INFO: 01:35:59.793580 self-stabilizing-binary-consensus.go:413: RECEIVE j=0 flag=1 r=1 est={0} aux={}
INFO: 01:35:59.793864 self-stabilizing-binary-consensus.go:430: est[1][0]={0} aux[1][0]={}
INFO: 01:35:59.805464 self-stabilizing-binary-consensus.go:133: SEND flag=1 r=1 est={0} aux={}
INFO: 01:35:59.807902 self-stabilizing-binary-consensus.go:437: SEND flag=0 r=1 est={0} aux={}
INFO: 01:35:59.808041 self-stabilizing-binary-consensus.go:413: RECEIVE j=0 flag=0 r=1 est={0} aux={}
INFO: 01:35:59.808112 self-stabilizing-binary-consensus.go:430: est[1][0]={0} aux[1][0]={}
INFO: 01:35:59.808145 self-stabilizing-binary-consensus.go:413: RECEIVE j=0 flag=0 r=1 est={0} aux={}
INFO: 01:35:59.808155 self-stabilizing-binary-consensus.go:430: est[1][0]={0} aux[1][0]={}
INFO: 01:35:59.808221 self-stabilizing-binary-consensus.go:413: RECEIVE j=3 flag=0 r=1 est={1} aux={}
INFO: 01:35:59.808231 self-stabilizing-binary-consensus.go:430: est[1][3]={1} aux[1][3]={}
INFO: 01:35:59.808278 self-stabilizing-binary-consensus.go:413: RECEIVE j=2 flag=1 r=1 est={1} aux={}
INFO: 01:35:59.808304 self-stabilizing-binary-consensus.go:430: est[1][2]={1} aux[1][2]={}
INFO: 01:35:59.812100 self-stabilizing-binary-consensus.go:437: SEND flag=0 r=1 est={0} aux={}
INFO: 01:35:59.812375 self-stabilizing-binary-consensus.go:413: RECEIVE j=0 flag=0 r=1 est={0} aux={}
INFO: 01:35:59.812409 self-stabilizing-binary-consensus.go:430: est[1][0]={0} aux[1][0]={}
INFO: 01:35:59.814750 self-stabilizing-binary-consensus.go:413: RECEIVE j=2 flag=0 r=1 est={1} aux={}
INFO: 01:35:59.814868 self-stabilizing-binary-consensus.go:430: est[1][2]={1} aux[1][2]={}
INFO: 01:35:59.817963 self-stabilizing-binary-consensus.go:413: RECEIVE j=2 flag=0 r=1 est={1} aux={}
INFO: 01:35:59.818057 self-stabilizing-binary-consensus.go:430: est[1][2]={1} aux[1][2]={}
INFO: 01:35:59.945454 self-stabilizing-binary-consensus.go:413: RECEIVE j=3 flag=0 r=1 est={1} aux={}
INFO: 01:35:59.945483 self-stabilizing-binary-consensus.go:430: est[1][3]={1} aux[1][3]={}
INFO: 01:35:59.946164 self-stabilizing-binary-consensus.go:413: RECEIVE j=2 flag=0 r=1 est={1} aux={}
INFO: 01:35:59.946197 self-stabilizing-binary-consensus.go:430: est[1][2]={1} aux[1][2]={}
INFO: 01:35:59.948666 self-stabilizing-binary-consensus.go:413: RECEIVE j=3 flag=0 r=1 est={1} aux={}
INFO: 01:35:59.948694 self-stabilizing-binary-consensus.go:430: est[1][3]={1} aux[1][3]={}
INFO: 01:36:07.790626 self-stabilizing-binary-consensus.go:413: RECEIVE j=0 flag=0 r=1 est={0} aux={}
INFO: 01:36:07.790693 self-stabilizing-binary-consensus.go:430: est[1][0]={0} aux[1][0]={}
INFO: 01:36:07.791289 self-stabilizing-binary-consensus.go:413: RECEIVE j=3 flag=1 r=1 est={0 1} aux={}
INFO: 01:36:07.791309 self-stabilizing-binary-consensus.go:430: est[1][3]={0 1} aux[1][3]={}
INFO: 01:36:07.793342 self-stabilizing-binary-consensus.go:437: SEND flag=0 r=1 est={0} aux={}
INFO: 01:36:07.793383 self-stabilizing-binary-consensus.go:413: RECEIVE j=2 flag=0 r=1 est={1} aux={}
INFO: 01:36:07.793392 self-stabilizing-binary-consensus.go:430: est[1][2]={1} aux[1][2]={}
INFO: 01:36:07.802367 self-stabilizing-binary-consensus.go:413: RECEIVE j=0 flag=1 r=1 est={0 1} aux={}
INFO: 01:36:07.802462 self-stabilizing-binary-consensus.go:430: est[1][0]={0 1} aux[1][0]={}
INFO: 01:36:07.805482 self-stabilizing-binary-consensus.go:437: SEND flag=0 r=1 est={0} aux={}
INFO: 01:36:07.805533 self-stabilizing-binary-consensus.go:413: RECEIVE j=3 flag=0 r=1 est={1} aux={}
INFO: 01:36:07.805557 self-stabilizing-binary-consensus.go:430: est[1][3]={0 1} aux[1][3]={}
INFO: 01:36:07.805580 self-stabilizing-binary-consensus.go:413: RECEIVE j=2 flag=0 r=1 est={1} aux={}
INFO: 01:36:07.805600 self-stabilizing-binary-consensus.go:430: est[1][2]={1} aux[1][2]={}
INFO: 01:36:07.808537 self-stabilizing-binary-consensus.go:118: binValues(1,3)={1} w=1
INFO: 01:36:07.808907 self-stabilizing-binary-consensus.go:123: aux[1][1]=1
INFO: 01:36:07.809186 self-stabilizing-binary-consensus.go:129: binValues(1,2)={1} w=1
INFO: 01:36:07.809934 self-stabilizing-binary-consensus.go:413: RECEIVE j=2 flag=1 r=1 est={0 1} aux={0}
INFO: 01:36:07.809960 self-stabilizing-binary-consensus.go:430: est[1][2]={0 1} aux[1][2]={0}
INFO: 01:36:07.815710 self-stabilizing-binary-consensus.go:437: SEND flag=0 r=1 est={0} aux={1}
INFO: 01:36:07.817783 self-stabilizing-binary-consensus.go:413: RECEIVE j=3 flag=0 r=1 est={1} aux={}
INFO: 01:36:07.817832 self-stabilizing-binary-consensus.go:430: est[1][3]={0 1} aux[1][3]={}
INFO: 01:36:07.818026 self-stabilizing-binary-consensus.go:413: RECEIVE j=0 flag=0 r=1 est={0} aux={}
INFO: 01:36:07.818057 self-stabilizing-binary-consensus.go:430: est[1][0]={0 1} aux[1][0]={}
INFO: 01:36:07.819495 self-stabilizing-binary-consensus.go:133: SEND flag=1 r=1 est={0 1} aux={1}
INFO: 01:36:07.827992 self-stabilizing-binary-consensus.go:413: RECEIVE j=2 flag=0 r=1 est={1} aux={0}
INFO: 01:36:07.828156 self-stabilizing-binary-consensus.go:430: est[1][2]={0 1} aux[1][2]={0}
INFO: 01:36:07.828681 self-stabilizing-binary-consensus.go:413: RECEIVE j=3 flag=0 r=1 est={1} aux={}
INFO: 01:36:07.828740 self-stabilizing-binary-consensus.go:430: est[1][3]={0 1} aux[1][3]={}
INFO: 01:36:07.831762 self-stabilizing-binary-consensus.go:413: RECEIVE j=0 flag=0 r=1 est={0} aux={}
INFO: 01:36:07.831933 self-stabilizing-binary-consensus.go:430: est[1][0]={0 1} aux[1][0]={}
