INFO: 01:54:03.459072 main.go:29: ID:1 | N:4 | F:1 | Clients:1 | Scenario:NORMAL | Remote:false

INFO: 01:54:03.459443 messenger.go:91: Receive from Server 0 on tcp://*:4100
INFO: 01:54:03.459597 messenger.go:108: Send to Server 0 on tcp://localhost:4001
INFO: 01:54:03.459650 messenger.go:91: Receive from Server 2 on tcp://*:4102
INFO: 01:54:03.459695 messenger.go:108: Send to Server 2 on tcp://localhost:4201
INFO: 01:54:03.459741 messenger.go:91: Receive from Server 3 on tcp://*:4103
INFO: 01:54:03.459789 messenger.go:108: Send to Server 3 on tcp://localhost:4301
INFO: 01:54:03.459809 messenger.go:114: -----------------------------------------
INFO: 01:54:03.459872 messenger.go:136: Requests from Client 0 on tcp://*:7100
INFO: 01:54:03.459918 messenger.go:153: Response to Client 0 on tcp://*:10100
INFO: 01:54:03.459938 messenger.go:156: -----------------------------------------

INFO: 01:54:03.461295 main.go:83: Initial estimate value:  1
INFO: 01:54:03.461431 binary_consensus.go:23: 4.BC: bcid-1 round-1
INFO: 01:54:03.491842 binary_consensus.go:121: SEND EST 1
INFO: 01:54:03.497100 messenger.go:286: SENT BVB j=0 v=1
INFO: 01:54:03.503578 messenger.go:286: SENT BVB j=3 v=1
INFO: 01:54:03.519448 messenger.go:394: RECEIVED BVB j=2 v=0
INFO: 01:54:03.524015 binary_consensus.go:137: map[0:1 1:1]
INFO: 01:54:03.624568 messenger.go:418: RECEIVED BC j=2 v=1
INFO: 01:54:03.624853 messenger.go:394: RECEIVED BVB j=0 v=0
INFO: 01:54:03.624910 binary_consensus.go:137: map[0:2 1:1]
INFO: 01:54:03.629014 messenger.go:286: SENT BVB j=0 v=0
INFO: 01:54:03.629303 messenger.go:394: RECEIVED BVB j=0 v=1
INFO: 01:54:03.629569 messenger.go:394: RECEIVED BVB j=2 v=1
INFO: 01:54:03.629930 messenger.go:394: RECEIVED BVB j=3 v=1
INFO: 01:54:03.630015 messenger.go:286: SENT BVB j=2 v=1
INFO: 01:54:03.630272 messenger.go:286: SENT BVB j=2 v=0
INFO: 01:54:03.630888 messenger.go:286: SENT BVB j=3 v=0
INFO: 01:54:03.631078 binary_consensus.go:155: 4.BC: bin_values-[0]
INFO: 01:54:03.631109 binary_consensus.go:137: map[0:3 1:2]
INFO: 01:54:03.631121 binary_consensus.go:137: map[0:3 1:3]
INFO: 01:54:03.631128 binary_consensus.go:155: 4.BC: bin_values-[0 1]
INFO: 01:54:03.631141 binary_consensus.go:137: map[0:3 1:4]
INFO: 01:54:03.634029 messenger.go:418: RECEIVED BC j=3 v=1
INFO: 01:54:03.637621 messenger.go:418: RECEIVED BC j=0 v=1
INFO: 01:54:03.639057 binary_consensus.go:77: 4.BC: vals-[1] coin-0
INFO: 01:54:03.639221 binary_consensus.go:23: 7.BC: bcid-1 round-2
INFO: 01:54:03.639324 messenger.go:286: SENT BC j=3 v=0
INFO: 01:54:03.639519 messenger.go:286: SENT BC j=0 v=0
INFO: 01:54:03.641965 messenger.go:286: SENT BC j=2 v=0
INFO: 01:54:03.646860 messenger.go:394: RECEIVED BVB j=0 v=1
INFO: 01:54:03.649432 binary_consensus.go:121: SEND EST 1
INFO: 01:54:03.651301 binary_consensus.go:137: map[0:0 1:2]
INFO: 01:54:03.659171 messenger.go:394: RECEIVED BVB j=2 v=1
INFO: 01:54:03.659961 binary_consensus.go:137: map[0:0 1:3]
INFO: 01:54:03.659988 binary_consensus.go:155: 7.BC: bin_values-[1]
INFO: 01:54:03.651166 messenger.go:394: RECEIVED BVB j=3 v=0
INFO: 01:54:03.660033 binary_consensus.go:137: map[0:4 1:4]
INFO: 01:54:03.660096 messenger.go:286: SENT BVB j=0 v=1
INFO: 01:54:03.661547 messenger.go:286: SENT BVB j=2 v=1
INFO: 01:54:03.663290 messenger.go:418: RECEIVED BC j=2 v=1
INFO: 01:54:03.663538 messenger.go:286: SENT BVB j=3 v=1
INFO: 01:54:03.663724 messenger.go:394: RECEIVED BVB j=3 v=1
INFO: 01:54:03.663777 binary_consensus.go:137: map[0:0 1:4]
INFO: 01:54:03.664063 messenger.go:418: RECEIVED BC j=3 v=1
INFO: 01:54:03.664903 binary_consensus.go:77: 7.BC: vals-[1] coin-1
INFO: 01:54:03.664927 binary_consensus.go:82: 7.BC: decide-1
INFO: 01:54:03.665086 messenger.go:418: RECEIVED BC j=0 v=1
INFO: 01:54:03.665445 messenger.go:286: SENT BC j=3 v=1
INFO: 01:54:03.665645 messenger.go:286: SENT BC j=0 v=1
INFO: 01:54:03.665703 messenger.go:286: SENT BC j=2 v=1
