INFO: 20:00:30.848780 main.go:29: ID:1 | N:4 | F:1 | Clients:1 | Scenario:NORMAL | Remote:false

INFO: 20:00:30.849215 messenger.go:90: Receive from Server 0 on tcp://*:4100
INFO: 20:00:30.849433 messenger.go:107: Send to Server 0 on tcp://localhost:4001
INFO: 20:00:30.849517 messenger.go:90: Receive from Server 2 on tcp://*:4102
INFO: 20:00:30.849581 messenger.go:107: Send to Server 2 on tcp://localhost:4201
INFO: 20:00:30.849658 messenger.go:90: Receive from Server 3 on tcp://*:4103
INFO: 20:00:30.849721 messenger.go:107: Send to Server 3 on tcp://localhost:4301
INFO: 20:00:30.849770 messenger.go:113: -----------------------------------------
INFO: 20:00:30.849835 messenger.go:135: Requests from Client 0 on tcp://*:7100
INFO: 20:00:30.849923 messenger.go:152: Response to Client 0 on tcp://*:10100
INFO: 20:00:30.849964 messenger.go:155: -----------------------------------------

INFO: 20:00:30.866143 main.go:83: Initial estimate value:  0
INFO: 20:00:30.866211 self-stabilizing-binary-consensus.go:93: round=1 repeat=1
INFO: 20:00:30.866221 self-stabilizing-binary-consensus.go:200: binValues(1,3)={}
INFO: 20:00:30.866226 self-stabilizing-binary-consensus.go:200: binValues(1,2)={}
INFO: 20:00:30.868132 self-stabilizing-binary-consensus.go:141: SEND flag=1 r=1 est={0} aux={}
INFO: 20:00:31.014382 self-stabilizing-binary-consensus.go:433: RECEIVE j=3 flag=1 r=1 est={0} aux={}
INFO: 20:00:31.015637 self-stabilizing-binary-consensus.go:435: est[1][3]={0} aux[1][3]={}
INFO: 20:00:31.038865 self-stabilizing-binary-consensus.go:443: SEND flag=0 r=1 est={0} aux={}
INFO: 20:00:31.039195 self-stabilizing-binary-consensus.go:433: RECEIVE j=0 flag=1 r=1 est={0} aux={}
INFO: 20:00:31.039328 self-stabilizing-binary-consensus.go:435: est[1][0]={0} aux[1][0]={}
INFO: 20:00:31.051573 self-stabilizing-binary-consensus.go:443: SEND flag=0 r=1 est={0} aux={}
INFO: 20:00:31.051605 self-stabilizing-binary-consensus.go:433: RECEIVE j=3 flag=0 r=1 est={0} aux={}
INFO: 20:00:31.051621 self-stabilizing-binary-consensus.go:435: est[1][3]={0} aux[1][3]={}
INFO: 20:00:31.051636 self-stabilizing-binary-consensus.go:433: RECEIVE j=0 flag=0 r=1 est={0} aux={}
INFO: 20:00:31.051701 self-stabilizing-binary-consensus.go:435: est[1][0]={0} aux[1][0]={}
INFO: 20:00:31.051727 self-stabilizing-binary-consensus.go:433: RECEIVE j=2 flag=1 r=1 est={0} aux={}
INFO: 20:00:31.051742 self-stabilizing-binary-consensus.go:435: est[1][2]={0} aux[1][2]={}
INFO: 20:00:31.059791 self-stabilizing-binary-consensus.go:443: SEND flag=0 r=1 est={0} aux={}
INFO: 20:00:31.059830 self-stabilizing-binary-consensus.go:433: RECEIVE j=2 flag=0 r=1 est={0} aux={}
INFO: 20:00:31.059843 self-stabilizing-binary-consensus.go:435: est[1][2]={0} aux[1][2]={}
INFO: 20:00:31.059852 self-stabilizing-binary-consensus.go:433: RECEIVE j=0 flag=0 r=1 est={0} aux={}
INFO: 20:00:31.059860 self-stabilizing-binary-consensus.go:435: est[1][0]={0} aux[1][0]={}
INFO: 20:00:31.059869 self-stabilizing-binary-consensus.go:433: RECEIVE j=2 flag=0 r=1 est={0} aux={}
INFO: 20:00:31.059950 self-stabilizing-binary-consensus.go:435: est[1][2]={0} aux[1][2]={}
INFO: 20:00:31.059963 self-stabilizing-binary-consensus.go:433: RECEIVE j=2 flag=0 r=1 est={0} aux={}
INFO: 20:00:31.059971 self-stabilizing-binary-consensus.go:435: est[1][2]={0} aux[1][2]={}
INFO: 20:00:31.059980 self-stabilizing-binary-consensus.go:433: RECEIVE j=0 flag=0 r=1 est={0} aux={}
INFO: 20:00:31.060044 self-stabilizing-binary-consensus.go:435: est[1][0]={0} aux[1][0]={}
INFO: 20:00:31.060058 self-stabilizing-binary-consensus.go:433: RECEIVE j=3 flag=0 r=1 est={0} aux={}
INFO: 20:00:31.060065 self-stabilizing-binary-consensus.go:435: est[1][3]={0} aux[1][3]={}
INFO: 20:00:31.060144 self-stabilizing-binary-consensus.go:433: RECEIVE j=3 flag=0 r=1 est={0} aux={}
INFO: 20:00:31.060156 self-stabilizing-binary-consensus.go:435: est[1][3]={0} aux[1][3]={}
INFO: 20:00:31.845743 self-stabilizing-binary-consensus.go:433: RECEIVE j=0 flag=1 r=1 est={0} aux={0}
INFO: 20:00:31.845763 self-stabilizing-binary-consensus.go:435: est[1][0]={0} aux[1][0]={0}
INFO: 20:00:31.847688 self-stabilizing-binary-consensus.go:443: SEND flag=0 r=1 est={0} aux={}
INFO: 20:00:31.850199 self-stabilizing-binary-consensus.go:433: RECEIVE j=3 flag=0 r=1 est={0} aux={}
INFO: 20:00:31.850372 self-stabilizing-binary-consensus.go:435: est[1][3]={0} aux[1][3]={}
INFO: 20:00:31.851155 self-stabilizing-binary-consensus.go:433: RECEIVE j=2 flag=0 r=1 est={0} aux={}
INFO: 20:00:31.851209 self-stabilizing-binary-consensus.go:435: est[1][2]={0} aux[1][2]={}
INFO: 20:00:31.855244 self-stabilizing-binary-consensus.go:433: RECEIVE j=2 flag=1 r=1 est={0} aux={0}
INFO: 20:00:31.855493 self-stabilizing-binary-consensus.go:435: est[1][2]={0} aux[1][2]={0}
INFO: 20:00:31.857482 self-stabilizing-binary-consensus.go:443: SEND flag=0 r=1 est={0} aux={}
INFO: 20:00:31.859994 self-stabilizing-binary-consensus.go:433: RECEIVE j=3 flag=0 r=1 est={0} aux={}
INFO: 20:00:31.860039 self-stabilizing-binary-consensus.go:435: est[1][3]={0} aux[1][3]={}
INFO: 20:00:31.860135 self-stabilizing-binary-consensus.go:433: RECEIVE j=0 flag=0 r=1 est={0} aux={0}
INFO: 20:00:31.860167 self-stabilizing-binary-consensus.go:435: est[1][0]={0} aux[1][0]={0}
INFO: 20:00:31.860795 self-stabilizing-binary-consensus.go:433: RECEIVE j=3 flag=1 r=1 est={0} aux={0}
INFO: 20:00:31.861121 self-stabilizing-binary-consensus.go:435: est[1][3]={0} aux[1][3]={0}
INFO: 20:00:31.863194 self-stabilizing-binary-consensus.go:443: SEND flag=0 r=1 est={0} aux={}
INFO: 20:00:31.863836 self-stabilizing-binary-consensus.go:433: RECEIVE j=0 flag=0 r=1 est={0} aux={0}
INFO: 20:00:31.863870 self-stabilizing-binary-consensus.go:435: est[1][0]={0} aux[1][0]={0}
INFO: 20:00:31.865515 self-stabilizing-binary-consensus.go:433: RECEIVE j=2 flag=0 r=1 est={0} aux={0}
INFO: 20:00:31.865620 self-stabilizing-binary-consensus.go:435: est[1][2]={0} aux[1][2]={0}
INFO: 20:00:31.869512 self-stabilizing-binary-consensus.go:200: binValues(1,3)={0}
INFO: 20:00:31.869618 self-stabilizing-binary-consensus.go:227: infoResults()={0}
INFO: 20:00:31.869652 self-stabilizing-binary-consensus.go:200: binValues(1,3)={0}
INFO: 20:00:31.869700 self-stabilizing-binary-consensus.go:227: infoResults()={0}
INFO: 20:00:31.869748 self-stabilizing-binary-consensus.go:258: randomBit(1)=0
INFO: 20:00:31.869770 self-stabilizing-binary-consensus.go:251: decision=0
INFO: 20:00:31.869823 self-stabilizing-binary-consensus.go:200: binValues(11,2)={}
INFO: 20:00:31.869887 self-stabilizing-binary-consensus.go:93: round=11 repeat=1
INFO: 20:00:31.869920 self-stabilizing-binary-consensus.go:200: binValues(11,3)={}
INFO: 20:00:31.869981 self-stabilizing-binary-consensus.go:200: binValues(11,2)={}
INFO: 20:00:31.871777 self-stabilizing-binary-consensus.go:141: SEND flag=1 r=11 est={0} aux={0}
INFO: 20:00:32.849856 self-stabilizing-binary-consensus.go:433: RECEIVE j=0 flag=1 r=1 est={0} aux={0}
INFO: 20:00:32.849880 self-stabilizing-binary-consensus.go:435: est[1][0]={0} aux[1][0]={0}
INFO: 20:00:32.852888 self-stabilizing-binary-consensus.go:443: SEND flag=0 r=1 est={0} aux={0}
INFO: 20:00:32.853945 self-stabilizing-binary-consensus.go:433: RECEIVE j=3 flag=0 r=1 est={0} aux={0}
INFO: 20:00:32.853980 self-stabilizing-binary-consensus.go:435: est[1][3]={0} aux[1][3]={0}
INFO: 20:00:32.858945 self-stabilizing-binary-consensus.go:433: RECEIVE j=2 flag=0 r=1 est={0} aux={0}
INFO: 20:00:32.858968 self-stabilizing-binary-consensus.go:435: est[1][2]={0} aux[1][2]={0}
INFO: 20:00:32.859156 self-stabilizing-binary-consensus.go:433: RECEIVE j=2 flag=1 r=1 est={0} aux={0}
INFO: 20:00:32.859235 self-stabilizing-binary-consensus.go:435: est[1][2]={0} aux[1][2]={0}
INFO: 20:00:32.861319 self-stabilizing-binary-consensus.go:443: SEND flag=0 r=1 est={0} aux={0}
INFO: 20:00:32.861356 self-stabilizing-binary-consensus.go:433: RECEIVE j=0 flag=0 r=1 est={0} aux={0}
INFO: 20:00:32.861376 self-stabilizing-binary-consensus.go:435: est[1][0]={0} aux[1][0]={0}
INFO: 20:00:32.862791 self-stabilizing-binary-consensus.go:433: RECEIVE j=3 flag=0 r=1 est={0} aux={0}
INFO: 20:00:32.862817 self-stabilizing-binary-consensus.go:435: est[1][3]={0} aux[1][3]={0}
INFO: 20:00:32.863604 self-stabilizing-binary-consensus.go:433: RECEIVE j=3 flag=1 r=11 est={0} aux={0}
INFO: 20:00:32.863629 self-stabilizing-binary-consensus.go:435: est[11][3]={0} aux[11][3]={0}
INFO: 20:00:32.866701 self-stabilizing-binary-consensus.go:443: SEND flag=0 r=11 est={0} aux={0}
INFO: 20:00:32.867065 self-stabilizing-binary-consensus.go:433: RECEIVE j=3 flag=0 r=11 est={0} aux={0}
INFO: 20:00:32.867104 self-stabilizing-binary-consensus.go:435: est[11][3]={0} aux[11][3]={0}
INFO: 20:00:32.872132 self-stabilizing-binary-consensus.go:200: binValues(11,3)={}
INFO: 20:00:32.872249 self-stabilizing-binary-consensus.go:227: infoResults()={}
INFO: 20:00:32.872272 self-stabilizing-binary-consensus.go:93: round=11 repeat=2
INFO: 20:00:32.872293 self-stabilizing-binary-consensus.go:200: binValues(11,3)={}
INFO: 20:00:32.872429 self-stabilizing-binary-consensus.go:200: binValues(11,2)={0}
INFO: 20:00:32.875405 self-stabilizing-binary-consensus.go:141: SEND flag=1 r=11 est={0} aux={0}
INFO: 20:00:32.879995 self-stabilizing-binary-consensus.go:433: RECEIVE j=3 flag=0 r=11 est={0} aux={0}
INFO: 20:00:32.880045 self-stabilizing-binary-consensus.go:435: est[11][3]={0} aux[11][3]={0}
INFO: 20:00:33.856470 self-stabilizing-binary-consensus.go:433: RECEIVE j=0 flag=0 r=11 est={0} aux={0}
INFO: 20:00:33.856505 self-stabilizing-binary-consensus.go:435: est[11][0]={0} aux[11][0]={0}
INFO: 20:00:33.856683 self-stabilizing-binary-consensus.go:433: RECEIVE j=0 flag=1 r=11 est={0} aux={0}
INFO: 20:00:33.856713 self-stabilizing-binary-consensus.go:435: est[11][0]={0} aux[11][0]={0}
INFO: 20:00:33.858472 self-stabilizing-binary-consensus.go:443: SEND flag=0 r=11 est={0} aux={0}
INFO: 20:00:33.858845 self-stabilizing-binary-consensus.go:433: RECEIVE j=0 flag=0 r=11 est={0} aux={0}
INFO: 20:00:33.858879 self-stabilizing-binary-consensus.go:435: est[11][0]={0} aux[11][0]={0}
INFO: 20:00:33.861818 self-stabilizing-binary-consensus.go:433: RECEIVE j=2 flag=1 r=11 est={0} aux={0}
INFO: 20:00:33.861871 self-stabilizing-binary-consensus.go:435: est[11][2]={0} aux[11][2]={0}
INFO: 20:00:33.869426 self-stabilizing-multivalued-consensus.go:18: Successful decide
