INFO: 20:42:42.146000 main.go:29: ID:1 | N:4 | F:1 | Clients:1 | Scenario:NORMAL | Remote:false

INFO: 20:42:42.146556 messenger.go:90: Receive from Server 0 on tcp://*:4100
INFO: 20:42:42.146772 messenger.go:107: Send to Server 0 on tcp://localhost:4001
INFO: 20:42:42.146858 messenger.go:90: Receive from Server 2 on tcp://*:4102
INFO: 20:42:42.146927 messenger.go:107: Send to Server 2 on tcp://localhost:4201
INFO: 20:42:42.147020 messenger.go:90: Receive from Server 3 on tcp://*:4103
INFO: 20:42:42.147119 messenger.go:107: Send to Server 3 on tcp://localhost:4301
INFO: 20:42:42.147141 messenger.go:113: -----------------------------------------
INFO: 20:42:42.147208 messenger.go:135: Requests from Client 0 on tcp://*:7100
INFO: 20:42:42.147281 messenger.go:152: Response to Client 0 on tcp://*:10100
INFO: 20:42:42.147314 messenger.go:155: -----------------------------------------

INFO: 20:42:42.152293 main.go:83: Initial estimate value:  0
INFO: 20:42:42.152408 self-stabilizing-binary-consensus.go:90: round=1 repeat=1
INFO: 20:42:42.152458 self-stabilizing-binary-consensus.go:127: binValues(1,3)={} w=-1
INFO: 20:42:42.155290 self-stabilizing-binary-consensus.go:142: binValues(1,2)={} w=-1
INFO: 20:42:42.155352 self-stabilizing-binary-consensus.go:143: SEND flag=1 r=1 est={0} aux={}
INFO: 20:42:42.302511 self-stabilizing-binary-consensus.go:410: RECEIVE j=0 flag=1 r=1 est={0} aux={}
INFO: 20:42:42.302951 self-stabilizing-binary-consensus.go:427: est[1][0]={0} aux[1][0]={}
INFO: 20:42:42.309864 self-stabilizing-binary-consensus.go:434: SEND flag=0 r=1 est={0} aux={}
INFO: 20:42:42.310027 self-stabilizing-binary-consensus.go:410: RECEIVE j=0 flag=0 r=1 est={0} aux={}
INFO: 20:42:42.310115 self-stabilizing-binary-consensus.go:427: est[1][0]={0} aux[1][0]={}
INFO: 20:42:42.317862 self-stabilizing-binary-consensus.go:410: RECEIVE j=3 flag=1 r=1 est={1} aux={}
INFO: 20:42:42.323109 self-stabilizing-binary-consensus.go:427: est[1][3]={1} aux[1][3]={}
INFO: 20:42:42.328909 self-stabilizing-binary-consensus.go:434: SEND flag=0 r=1 est={0} aux={}
INFO: 20:42:42.328929 self-stabilizing-binary-consensus.go:410: RECEIVE j=2 flag=1 r=1 est={1} aux={}
INFO: 20:42:42.328936 self-stabilizing-binary-consensus.go:427: est[1][2]={1} aux[1][2]={}
INFO: 20:42:42.347051 self-stabilizing-binary-consensus.go:434: SEND flag=0 r=1 est={0} aux={}
INFO: 20:42:42.347067 self-stabilizing-binary-consensus.go:410: RECEIVE j=3 flag=0 r=1 est={1} aux={}
INFO: 20:42:42.347072 self-stabilizing-binary-consensus.go:427: est[1][3]={1} aux[1][3]={}
INFO: 20:42:42.347077 self-stabilizing-binary-consensus.go:410: RECEIVE j=3 flag=0 r=1 est={1} aux={}
INFO: 20:42:42.347082 self-stabilizing-binary-consensus.go:427: est[1][3]={1} aux[1][3]={}
INFO: 20:42:42.347087 self-stabilizing-binary-consensus.go:410: RECEIVE j=2 flag=0 r=1 est={1} aux={}
INFO: 20:42:42.347090 self-stabilizing-binary-consensus.go:427: est[1][2]={1} aux[1][2]={}
INFO: 20:42:42.347095 self-stabilizing-binary-consensus.go:410: RECEIVE j=0 flag=0 r=1 est={0} aux={}
INFO: 20:42:42.347099 self-stabilizing-binary-consensus.go:427: est[1][0]={0} aux[1][0]={}
INFO: 20:42:42.347105 self-stabilizing-binary-consensus.go:410: RECEIVE j=2 flag=0 r=1 est={1} aux={}
INFO: 20:42:42.347108 self-stabilizing-binary-consensus.go:427: est[1][2]={1} aux[1][2]={}
INFO: 20:42:42.347775 self-stabilizing-binary-consensus.go:410: RECEIVE j=2 flag=0 r=1 est={1} aux={}
INFO: 20:42:42.347793 self-stabilizing-binary-consensus.go:427: est[1][2]={1} aux[1][2]={}
INFO: 20:42:42.347824 self-stabilizing-binary-consensus.go:410: RECEIVE j=3 flag=0 r=1 est={1} aux={}
INFO: 20:42:42.347829 self-stabilizing-binary-consensus.go:427: est[1][3]={1} aux[1][3]={}
INFO: 20:42:42.348038 self-stabilizing-binary-consensus.go:410: RECEIVE j=0 flag=0 r=1 est={0} aux={}
INFO: 20:42:42.348061 self-stabilizing-binary-consensus.go:427: est[1][0]={0} aux[1][0]={}
INFO: 20:42:47.137862 self-stabilizing-binary-consensus.go:410: RECEIVE j=0 flag=1 r=1 est={0 1} aux={}
INFO: 20:42:47.137892 self-stabilizing-binary-consensus.go:427: est[1][0]={0 1} aux[1][0]={}
INFO: 20:42:47.139604 self-stabilizing-binary-consensus.go:434: SEND flag=0 r=1 est={0} aux={}
INFO: 20:42:47.142174 self-stabilizing-binary-consensus.go:410: RECEIVE j=3 flag=0 r=1 est={1} aux={}
INFO: 20:42:47.142184 self-stabilizing-binary-consensus.go:427: est[1][3]={1} aux[1][3]={}
INFO: 20:42:47.142632 self-stabilizing-binary-consensus.go:410: RECEIVE j=2 flag=0 r=1 est={1} aux={}
INFO: 20:42:47.142718 self-stabilizing-binary-consensus.go:427: est[1][2]={1} aux[1][2]={}
INFO: 20:42:47.155227 self-stabilizing-binary-consensus.go:410: RECEIVE j=3 flag=1 r=1 est={0 1} aux={}
INFO: 20:42:47.155264 self-stabilizing-binary-consensus.go:427: est[1][3]={0 1} aux[1][3]={}
INFO: 20:42:47.158332 self-stabilizing-binary-consensus.go:148: infoResults()={}
INFO: 20:42:47.158373 self-stabilizing-binary-consensus.go:90: round=1 repeat=2
INFO: 20:42:47.158382 self-stabilizing-binary-consensus.go:127: binValues(1,3)={1} w=1
INFO: 20:42:47.158387 self-stabilizing-binary-consensus.go:133: aux[1][1]=1
INFO: 20:42:47.160813 self-stabilizing-binary-consensus.go:142: binValues(1,2)={0 1} w=1
INFO: 20:42:47.160873 self-stabilizing-binary-consensus.go:143: SEND flag=1 r=1 est={0 1} aux={1}
INFO: 20:42:47.166018 self-stabilizing-binary-consensus.go:434: SEND flag=0 r=1 est={0} aux={1}
INFO: 20:42:47.166071 self-stabilizing-binary-consensus.go:410: RECEIVE j=2 flag=0 r=1 est={1} aux={}
INFO: 20:42:47.166097 self-stabilizing-binary-consensus.go:427: est[1][2]={1} aux[1][2]={}
INFO: 20:42:47.166107 self-stabilizing-binary-consensus.go:410: RECEIVE j=0 flag=0 r=1 est={0} aux={}
INFO: 20:42:47.166111 self-stabilizing-binary-consensus.go:427: est[1][0]={0 1} aux[1][0]={}
INFO: 20:42:47.166117 self-stabilizing-binary-consensus.go:410: RECEIVE j=2 flag=1 r=1 est={0 1} aux={0}
INFO: 20:42:47.166121 self-stabilizing-binary-consensus.go:427: est[1][2]={0 1} aux[1][2]={0}
INFO: 20:42:47.170658 self-stabilizing-binary-consensus.go:434: SEND flag=0 r=1 est={0} aux={1}
INFO: 20:42:47.170694 self-stabilizing-binary-consensus.go:410: RECEIVE j=0 flag=0 r=1 est={0} aux={}
INFO: 20:42:47.170713 self-stabilizing-binary-consensus.go:427: est[1][0]={0 1} aux[1][0]={}
INFO: 20:42:47.170731 self-stabilizing-binary-consensus.go:410: RECEIVE j=3 flag=0 r=1 est={1} aux={}
INFO: 20:42:47.170748 self-stabilizing-binary-consensus.go:427: est[1][3]={0 1} aux[1][3]={}
INFO: 20:42:47.170766 self-stabilizing-binary-consensus.go:410: RECEIVE j=3 flag=0 r=1 est={1} aux={}
INFO: 20:42:47.170783 self-stabilizing-binary-consensus.go:427: est[1][3]={0 1} aux[1][3]={}
INFO: 20:42:47.170800 self-stabilizing-binary-consensus.go:410: RECEIVE j=2 flag=0 r=1 est={1} aux={0}
INFO: 20:42:47.170820 self-stabilizing-binary-consensus.go:427: est[1][2]={0 1} aux[1][2]={0}
INFO: 20:42:47.172104 self-stabilizing-binary-consensus.go:410: RECEIVE j=0 flag=0 r=1 est={0} aux={}
INFO: 20:42:47.172150 self-stabilizing-binary-consensus.go:427: est[1][0]={0 1} aux[1][0]={}
INFO: 20:42:52.142704 self-stabilizing-binary-consensus.go:410: RECEIVE j=0 flag=1 r=1 est={0 1} aux={0}
INFO: 20:42:52.142728 self-stabilizing-binary-consensus.go:427: est[1][0]={0 1} aux[1][0]={0}
INFO: 20:42:52.145452 self-stabilizing-binary-consensus.go:434: SEND flag=0 r=1 est={0} aux={1}
INFO: 20:42:52.148356 self-stabilizing-binary-consensus.go:410: RECEIVE j=2 flag=0 r=1 est={1} aux={0}
INFO: 20:42:52.148443 self-stabilizing-binary-consensus.go:427: est[1][2]={0 1} aux[1][2]={0}
INFO: 20:42:52.151451 self-stabilizing-binary-consensus.go:410: RECEIVE j=3 flag=0 r=1 est={1} aux={}
INFO: 20:42:52.151494 self-stabilizing-binary-consensus.go:427: est[1][3]={0 1} aux[1][3]={}
INFO: 20:42:52.158776 self-stabilizing-binary-consensus.go:410: RECEIVE j=3 flag=1 r=1 est={0 1} aux={0}
INFO: 20:42:52.162084 self-stabilizing-binary-consensus.go:427: est[1][3]={0 1} aux[1][3]={0}
INFO: 20:42:52.161295 self-stabilizing-binary-consensus.go:148: infoResults()={}
INFO: 20:42:52.164675 self-stabilizing-binary-consensus.go:90: round=1 repeat=3
INFO: 20:42:52.164708 self-stabilizing-binary-consensus.go:127: binValues(1,3)={0 1} w=0
INFO: 20:42:52.166940 self-stabilizing-binary-consensus.go:142: binValues(1,2)={0 1} w=0
INFO: 20:42:52.167914 self-stabilizing-binary-consensus.go:143: SEND flag=1 r=1 est={0 1} aux={1}
INFO: 20:42:52.172848 self-stabilizing-binary-consensus.go:434: SEND flag=0 r=1 est={0} aux={1}
INFO: 20:42:52.172891 self-stabilizing-binary-consensus.go:410: RECEIVE j=2 flag=0 r=1 est={1} aux={0}
INFO: 20:42:52.172901 self-stabilizing-binary-consensus.go:427: est[1][2]={0 1} aux[1][2]={0}
INFO: 20:42:52.172906 self-stabilizing-binary-consensus.go:410: RECEIVE j=0 flag=0 r=1 est={0} aux={0}
INFO: 20:42:52.172910 self-stabilizing-binary-consensus.go:427: est[1][0]={0 1} aux[1][0]={0}
INFO: 20:42:52.172916 self-stabilizing-binary-consensus.go:410: RECEIVE j=0 flag=0 r=1 est={0} aux={0}
INFO: 20:42:52.172919 self-stabilizing-binary-consensus.go:427: est[1][0]={0 1} aux[1][0]={0}
INFO: 20:42:52.172924 self-stabilizing-binary-consensus.go:410: RECEIVE j=2 flag=1 r=1 est={0 1} aux={0}
INFO: 20:42:52.172928 self-stabilizing-binary-consensus.go:427: est[1][2]={0 1} aux[1][2]={0}
INFO: 20:42:52.177822 self-stabilizing-binary-consensus.go:434: SEND flag=0 r=1 est={0} aux={1}
INFO: 20:42:52.177865 self-stabilizing-binary-consensus.go:410: RECEIVE j=0 flag=0 r=1 est={0} aux={0}
INFO: 20:42:52.177911 self-stabilizing-binary-consensus.go:427: est[1][0]={0 1} aux[1][0]={0}
INFO: 20:42:52.178687 self-stabilizing-binary-consensus.go:410: RECEIVE j=2 flag=0 r=1 est={1} aux={0}
INFO: 20:42:52.178709 self-stabilizing-binary-consensus.go:427: est[1][2]={0 1} aux[1][2]={0}
INFO: 20:42:52.186994 self-stabilizing-binary-consensus.go:410: RECEIVE j=3 flag=0 r=1 est={1} aux={0}
INFO: 20:42:52.187090 self-stabilizing-binary-consensus.go:427: est[1][3]={0 1} aux[1][3]={0}
INFO: 20:42:52.188477 self-stabilizing-binary-consensus.go:410: RECEIVE j=3 flag=0 r=1 est={1} aux={0}
INFO: 20:42:52.188494 self-stabilizing-binary-consensus.go:427: est[1][3]={0 1} aux[1][3]={0}
INFO: 20:42:57.145612 self-stabilizing-binary-consensus.go:410: RECEIVE j=0 flag=1 r=1 est={0 1} aux={0}
INFO: 20:42:57.145631 self-stabilizing-binary-consensus.go:427: est[1][0]={0 1} aux[1][0]={0}
INFO: 20:42:57.148298 self-stabilizing-binary-consensus.go:434: SEND flag=0 r=1 est={0} aux={1}
INFO: 20:42:57.149628 self-stabilizing-binary-consensus.go:410: RECEIVE j=3 flag=0 r=1 est={1} aux={0}
INFO: 20:42:57.149641 self-stabilizing-binary-consensus.go:427: est[1][3]={0 1} aux[1][3]={0}
INFO: 20:42:57.150685 self-stabilizing-binary-consensus.go:410: RECEIVE j=2 flag=0 r=1 est={1} aux={0}
INFO: 20:42:57.150701 self-stabilizing-binary-consensus.go:427: est[1][2]={0 1} aux[1][2]={0}
INFO: 20:42:57.158258 self-stabilizing-binary-consensus.go:410: RECEIVE j=3 flag=1 r=1 est={0 1} aux={0}
INFO: 20:42:57.158277 self-stabilizing-binary-consensus.go:427: est[1][3]={0 1} aux[1][3]={0}
INFO: 20:42:57.162085 self-stabilizing-binary-consensus.go:434: SEND flag=0 r=1 est={0} aux={1}
INFO: 20:42:57.165283 self-stabilizing-binary-consensus.go:410: RECEIVE j=0 flag=0 r=1 est={0} aux={0}
INFO: 20:42:57.165340 self-stabilizing-binary-consensus.go:427: est[1][0]={0 1} aux[1][0]={0}
INFO: 20:42:57.167316 self-stabilizing-binary-consensus.go:410: RECEIVE j=2 flag=0 r=1 est={1} aux={0}
INFO: 20:42:57.167354 self-stabilizing-binary-consensus.go:427: est[1][2]={0 1} aux[1][2]={0}
INFO: 20:42:57.167615 self-stabilizing-binary-consensus.go:410: RECEIVE j=2 flag=1 r=1 est={0 1} aux={0}
INFO: 20:42:57.167644 self-stabilizing-binary-consensus.go:427: est[1][2]={0 1} aux[1][2]={0}
INFO: 20:42:57.169785 self-stabilizing-binary-consensus.go:148: infoResults()={0}
INFO: 20:42:57.169923 self-stabilizing-binary-consensus.go:255: randomBit(1)=0
INFO: 20:42:57.169962 self-stabilizing-binary-consensus.go:249: decision=0
INFO: 20:42:57.170017 self-stabilizing-binary-consensus.go:90: round=11 repeat=1
INFO: 20:42:57.170054 self-stabilizing-binary-consensus.go:127: binValues(11,3)={} w=-1
INFO: 20:42:57.170772 self-stabilizing-binary-consensus.go:434: SEND flag=0 r=1 est={0} aux={1}
INFO: 20:42:57.177040 self-stabilizing-binary-consensus.go:410: RECEIVE j=3 flag=0 r=1 est={1} aux={0}
INFO: 20:42:57.177084 self-stabilizing-binary-consensus.go:427: est[1][3]={0 1} aux[1][3]={0}
INFO: 20:42:57.178064 self-stabilizing-binary-consensus.go:410: RECEIVE j=0 flag=0 r=1 est={0} aux={0}
INFO: 20:42:57.178219 self-stabilizing-binary-consensus.go:427: est[1][0]={0 1} aux[1][0]={0}
INFO: 20:42:57.178795 self-stabilizing-binary-consensus.go:142: binValues(11,2)={} w=-1
INFO: 20:42:57.178827 self-stabilizing-binary-consensus.go:143: SEND flag=1 r=11 est={0} aux={0}
INFO: 20:43:02.151589 self-stabilizing-binary-consensus.go:410: RECEIVE j=0 flag=1 r=1 est={0 1} aux={0}
INFO: 20:43:02.151618 self-stabilizing-binary-consensus.go:427: est[1][0]={0 1} aux[1][0]={0}
INFO: 20:43:02.153433 self-stabilizing-binary-consensus.go:434: SEND flag=0 r=1 est={0} aux={1}
INFO: 20:43:02.156832 self-stabilizing-binary-consensus.go:410: RECEIVE j=3 flag=0 r=1 est={1} aux={0}
INFO: 20:43:02.156845 self-stabilizing-binary-consensus.go:427: est[1][3]={0 1} aux[1][3]={0}
INFO: 20:43:02.156965 self-stabilizing-binary-consensus.go:410: RECEIVE j=2 flag=0 r=1 est={1} aux={0}
INFO: 20:43:02.156972 self-stabilizing-binary-consensus.go:427: est[1][2]={0 1} aux[1][2]={0}
INFO: 20:43:02.161820 self-stabilizing-binary-consensus.go:410: RECEIVE j=3 flag=1 r=1 est={0 1} aux={0}
INFO: 20:43:02.161858 self-stabilizing-binary-consensus.go:427: est[1][3]={0 1} aux[1][3]={0}
INFO: 20:43:02.163518 self-stabilizing-binary-consensus.go:434: SEND flag=0 r=1 est={0} aux={1}
INFO: 20:43:02.164902 self-stabilizing-binary-consensus.go:410: RECEIVE j=0 flag=0 r=1 est={0} aux={0}
INFO: 20:43:02.164953 self-stabilizing-binary-consensus.go:427: est[1][0]={0 1} aux[1][0]={0}
INFO: 20:43:02.166651 self-stabilizing-binary-consensus.go:410: RECEIVE j=2 flag=0 r=1 est={1} aux={0}
INFO: 20:43:02.166663 self-stabilizing-binary-consensus.go:427: est[1][2]={0 1} aux[1][2]={0}
INFO: 20:43:02.173198 self-stabilizing-binary-consensus.go:410: RECEIVE j=2 flag=1 r=1 est={0 1} aux={0}
INFO: 20:43:02.173242 self-stabilizing-binary-consensus.go:427: est[1][2]={0 1} aux[1][2]={0}
INFO: 20:43:02.177011 self-stabilizing-binary-consensus.go:434: SEND flag=0 r=1 est={0} aux={1}
INFO: 20:43:02.177153 self-stabilizing-binary-consensus.go:410: RECEIVE j=3 flag=0 r=1 est={1} aux={0}
INFO: 20:43:02.177173 self-stabilizing-binary-consensus.go:427: est[1][3]={0 1} aux[1][3]={0}
INFO: 20:43:02.178724 self-stabilizing-binary-consensus.go:410: RECEIVE j=0 flag=0 r=1 est={0} aux={0}
INFO: 20:43:02.178773 self-stabilizing-binary-consensus.go:427: est[1][0]={0 1} aux[1][0]={0}
INFO: 20:43:02.180647 self-stabilizing-binary-consensus.go:148: infoResults()={}
INFO: 20:43:02.180694 self-stabilizing-binary-consensus.go:90: round=11 repeat=2
INFO: 20:43:02.180706 self-stabilizing-binary-consensus.go:127: binValues(11,3)={} w=-1
INFO: 20:43:02.182623 self-stabilizing-binary-consensus.go:142: binValues(11,2)={} w=-1
INFO: 20:43:02.182653 self-stabilizing-binary-consensus.go:143: SEND flag=1 r=11 est={0} aux={0}
INFO: 20:43:07.158171 self-stabilizing-binary-consensus.go:410: RECEIVE j=0 flag=1 r=1 est={0 1} aux={0}
INFO: 20:43:07.158211 self-stabilizing-binary-consensus.go:427: est[1][0]={0 1} aux[1][0]={0}
INFO: 20:43:07.159832 self-stabilizing-binary-consensus.go:434: SEND flag=0 r=1 est={0} aux={1}
INFO: 20:43:07.163274 self-stabilizing-binary-consensus.go:410: RECEIVE j=3 flag=0 r=1 est={1} aux={0}
INFO: 20:43:07.163547 self-stabilizing-binary-consensus.go:427: est[1][3]={0 1} aux[1][3]={0}
INFO: 20:43:07.165158 self-stabilizing-binary-consensus.go:410: RECEIVE j=3 flag=1 r=1 est={0 1} aux={0}
INFO: 20:43:07.165215 self-stabilizing-binary-consensus.go:427: est[1][3]={0 1} aux[1][3]={0}
INFO: 20:43:07.167422 self-stabilizing-binary-consensus.go:434: SEND flag=0 r=1 est={0} aux={1}
INFO: 20:43:07.167459 self-stabilizing-binary-consensus.go:410: RECEIVE j=0 flag=0 r=1 est={0} aux={0}
INFO: 20:43:07.167479 self-stabilizing-binary-consensus.go:427: est[1][0]={0 1} aux[1][0]={0}
INFO: 20:43:07.168456 self-stabilizing-binary-consensus.go:410: RECEIVE j=2 flag=0 r=1 est={1} aux={0}
INFO: 20:43:07.168490 self-stabilizing-binary-consensus.go:427: est[1][2]={0 1} aux[1][2]={0}
INFO: 20:43:07.168946 self-stabilizing-binary-consensus.go:410: RECEIVE j=2 flag=0 r=1 est={1} aux={0}
INFO: 20:43:07.168979 self-stabilizing-binary-consensus.go:427: est[1][2]={0 1} aux[1][2]={0}
INFO: 20:43:07.173075 self-stabilizing-binary-consensus.go:410: RECEIVE j=2 flag=1 r=1 est={0 1} aux={0}
INFO: 20:43:07.173103 self-stabilizing-binary-consensus.go:427: est[1][2]={0 1} aux[1][2]={0}
INFO: 20:43:07.174752 self-stabilizing-binary-consensus.go:434: SEND flag=0 r=1 est={0} aux={1}
INFO: 20:43:07.177403 self-stabilizing-binary-consensus.go:410: RECEIVE j=3 flag=0 r=1 est={1} aux={0}
INFO: 20:43:07.177533 self-stabilizing-binary-consensus.go:427: est[1][3]={0 1} aux[1][3]={0}
INFO: 20:43:07.178104 self-stabilizing-binary-consensus.go:410: RECEIVE j=0 flag=0 r=1 est={0} aux={0}
INFO: 20:43:07.178138 self-stabilizing-binary-consensus.go:427: est[1][0]={0 1} aux[1][0]={0}
INFO: 20:43:07.182798 self-stabilizing-binary-consensus.go:148: infoResults()={}
INFO: 20:43:07.182966 self-stabilizing-binary-consensus.go:90: round=11 repeat=3
INFO: 20:43:07.183028 self-stabilizing-binary-consensus.go:127: binValues(11,3)={} w=-1
INFO: 20:43:07.185413 self-stabilizing-binary-consensus.go:142: binValues(11,2)={} w=-1
INFO: 20:43:07.185508 self-stabilizing-binary-consensus.go:143: SEND flag=1 r=11 est={0} aux={0}
INFO: 20:43:12.181834 self-stabilizing-binary-consensus.go:410: RECEIVE j=0 flag=1 r=1 est={0 1} aux={0}
INFO: 20:43:12.181887 self-stabilizing-binary-consensus.go:427: est[1][0]={0 1} aux[1][0]={0}
INFO: 20:43:12.187457 self-stabilizing-binary-consensus.go:148: infoResults()={}
INFO: 20:43:12.195838 self-stabilizing-binary-consensus.go:90: round=11 repeat=4
INFO: 20:43:12.188977 self-stabilizing-binary-consensus.go:434: SEND flag=0 r=1 est={0} aux={1}
INFO: 20:43:12.197792 self-stabilizing-binary-consensus.go:410: RECEIVE j=0 flag=0 r=1 est={0} aux={0}
INFO: 20:43:12.198590 self-stabilizing-binary-consensus.go:427: est[1][0]={0 1} aux[1][0]={0}
INFO: 20:43:12.198625 self-stabilizing-binary-consensus.go:410: RECEIVE j=3 flag=1 r=1 est={0 1} aux={0}
INFO: 20:43:12.198637 self-stabilizing-binary-consensus.go:427: est[1][3]={0 1} aux[1][3]={0}
INFO: 20:43:12.197695 self-stabilizing-binary-consensus.go:127: binValues(11,3)={} w=-1
INFO: 20:43:12.202748 self-stabilizing-binary-consensus.go:434: SEND flag=0 r=1 est={0} aux={1}
INFO: 20:43:12.203783 self-stabilizing-binary-consensus.go:410: RECEIVE j=0 flag=0 r=1 est={0} aux={0}
INFO: 20:43:12.203796 self-stabilizing-binary-consensus.go:427: est[1][0]={0 1} aux[1][0]={0}
INFO: 20:43:12.203805 self-stabilizing-binary-consensus.go:410: RECEIVE j=2 flag=1 r=1 est={0 1} aux={0}
INFO: 20:43:12.203811 self-stabilizing-binary-consensus.go:427: est[1][2]={0 1} aux[1][2]={0}
INFO: 20:43:12.205683 self-stabilizing-binary-consensus.go:142: binValues(11,2)={} w=-1
INFO: 20:43:12.206078 self-stabilizing-binary-consensus.go:143: SEND flag=1 r=11 est={0} aux={0}
INFO: 20:43:12.206468 self-stabilizing-binary-consensus.go:434: SEND flag=0 r=1 est={0} aux={1}
INFO: 20:43:12.206511 self-stabilizing-binary-consensus.go:410: RECEIVE j=2 flag=0 r=1 est={1} aux={0}
INFO: 20:43:12.206520 self-stabilizing-binary-consensus.go:427: est[1][2]={0 1} aux[1][2]={0}
INFO: 20:43:12.206526 self-stabilizing-binary-consensus.go:410: RECEIVE j=3 flag=0 r=1 est={1} aux={0}
INFO: 20:43:12.206530 self-stabilizing-binary-consensus.go:427: est[1][3]={0 1} aux[1][3]={0}
INFO: 20:43:12.206535 self-stabilizing-binary-consensus.go:410: RECEIVE j=2 flag=0 r=1 est={1} aux={0}
INFO: 20:43:12.206539 self-stabilizing-binary-consensus.go:427: est[1][2]={0 1} aux[1][2]={0}
INFO: 20:43:12.206544 self-stabilizing-binary-consensus.go:410: RECEIVE j=3 flag=0 r=1 est={1} aux={0}
INFO: 20:43:12.206548 self-stabilizing-binary-consensus.go:427: est[1][3]={0 1} aux[1][3]={0}
INFO: 20:43:17.186163 self-stabilizing-binary-consensus.go:410: RECEIVE j=3 flag=1 r=1 est={0 1} aux={0}
INFO: 20:43:17.186295 self-stabilizing-binary-consensus.go:427: est[1][3]={0 1} aux[1][3]={0}
INFO: 20:43:17.197381 self-stabilizing-binary-consensus.go:434: SEND flag=0 r=1 est={0} aux={1}
INFO: 20:43:17.197445 self-stabilizing-binary-consensus.go:410: RECEIVE j=3 flag=0 r=1 est={1} aux={0}
INFO: 20:43:17.197484 self-stabilizing-binary-consensus.go:427: est[1][3]={0 1} aux[1][3]={0}
INFO: 20:43:17.197518 self-stabilizing-binary-consensus.go:410: RECEIVE j=2 flag=1 r=1 est={0 1} aux={0}
INFO: 20:43:17.197548 self-stabilizing-binary-consensus.go:427: est[1][2]={0 1} aux[1][2]={0}
INFO: 20:43:17.206622 self-stabilizing-binary-consensus.go:148: infoResults()={}
INFO: 20:43:17.207375 self-stabilizing-binary-consensus.go:90: round=11 repeat=5
INFO: 20:43:17.207458 self-stabilizing-binary-consensus.go:127: binValues(11,3)={} w=-1
INFO: 20:43:17.214790 self-stabilizing-binary-consensus.go:434: SEND flag=0 r=1 est={0} aux={1}
INFO: 20:43:17.214845 self-stabilizing-binary-consensus.go:410: RECEIVE j=2 flag=0 r=1 est={1} aux={0}
INFO: 20:43:17.214875 self-stabilizing-binary-consensus.go:427: est[1][2]={0 1} aux[1][2]={0}
INFO: 20:43:17.214902 self-stabilizing-binary-consensus.go:410: RECEIVE j=0 flag=0 r=1 est={0} aux={0}
INFO: 20:43:17.214939 self-stabilizing-binary-consensus.go:427: est[1][0]={0 1} aux[1][0]={0}
INFO: 20:43:17.214967 self-stabilizing-binary-consensus.go:410: RECEIVE j=0 flag=1 r=1 est={0 1} aux={0}
INFO: 20:43:17.214993 self-stabilizing-binary-consensus.go:427: est[1][0]={0 1} aux[1][0]={0}
INFO: 20:43:17.217682 self-stabilizing-binary-consensus.go:142: binValues(11,2)={} w=-1
INFO: 20:43:17.217702 self-stabilizing-binary-consensus.go:143: SEND flag=1 r=11 est={0} aux={0}
INFO: 20:43:17.218292 self-stabilizing-binary-consensus.go:434: SEND flag=0 r=1 est={0} aux={1}
INFO: 20:43:17.218348 self-stabilizing-binary-consensus.go:410: RECEIVE j=0 flag=0 r=1 est={0} aux={0}
INFO: 20:43:17.218360 self-stabilizing-binary-consensus.go:427: est[1][0]={0 1} aux[1][0]={0}
INFO: 20:43:17.218371 self-stabilizing-binary-consensus.go:410: RECEIVE j=2 flag=0 r=1 est={1} aux={0}
INFO: 20:43:17.218377 self-stabilizing-binary-consensus.go:427: est[1][2]={0 1} aux[1][2]={0}
INFO: 20:43:17.218386 self-stabilizing-binary-consensus.go:410: RECEIVE j=3 flag=0 r=1 est={1} aux={0}
INFO: 20:43:17.218392 self-stabilizing-binary-consensus.go:427: est[1][3]={0 1} aux[1][3]={0}
INFO: 20:43:22.199058 self-stabilizing-binary-consensus.go:410: RECEIVE j=2 flag=1 r=1 est={0 1} aux={0}
INFO: 20:43:22.201496 self-stabilizing-binary-consensus.go:427: est[1][2]={0 1} aux[1][2]={0}
INFO: 20:43:22.215079 self-stabilizing-binary-consensus.go:434: SEND flag=0 r=1 est={0} aux={1}
INFO: 20:43:22.218820 self-stabilizing-binary-consensus.go:148: infoResults()={}
INFO: 20:43:22.218873 self-stabilizing-binary-consensus.go:90: round=11 repeat=6
INFO: 20:43:22.218886 self-stabilizing-binary-consensus.go:127: binValues(11,3)={} w=-1
INFO: 20:43:22.222120 self-stabilizing-binary-consensus.go:410: RECEIVE j=3 flag=1 r=1 est={0 1} aux={0}
INFO: 20:43:22.222171 self-stabilizing-binary-consensus.go:427: est[1][3]={0 1} aux[1][3]={0}
INFO: 20:43:22.229998 self-stabilizing-binary-consensus.go:142: binValues(11,2)={} w=-1
INFO: 20:43:22.230015 self-stabilizing-binary-consensus.go:143: SEND flag=1 r=11 est={0} aux={0}
INFO: 20:43:22.231876 self-stabilizing-binary-consensus.go:434: SEND flag=0 r=1 est={0} aux={1}
INFO: 20:43:22.231980 self-stabilizing-binary-consensus.go:410: RECEIVE j=3 flag=0 r=1 est={1} aux={0}
INFO: 20:43:22.232016 self-stabilizing-binary-consensus.go:427: est[1][3]={0 1} aux[1][3]={0}
INFO: 20:43:22.232039 self-stabilizing-binary-consensus.go:410: RECEIVE j=0 flag=0 r=1 est={0} aux={0}
INFO: 20:43:22.232189 self-stabilizing-binary-consensus.go:427: est[1][0]={0 1} aux[1][0]={0}
INFO: 20:43:22.232212 self-stabilizing-binary-consensus.go:410: RECEIVE j=0 flag=1 r=1 est={0 1} aux={0}
INFO: 20:43:22.232232 self-stabilizing-binary-consensus.go:427: est[1][0]={0 1} aux[1][0]={0}
INFO: 20:43:22.234117 self-stabilizing-binary-consensus.go:434: SEND flag=0 r=1 est={0} aux={1}
INFO: 20:43:22.234159 self-stabilizing-binary-consensus.go:410: RECEIVE j=2 flag=0 r=1 est={1} aux={0}
INFO: 20:43:22.234190 self-stabilizing-binary-consensus.go:427: est[1][2]={0 1} aux[1][2]={0}
INFO: 20:43:22.234212 self-stabilizing-binary-consensus.go:410: RECEIVE j=2 flag=0 r=1 est={1} aux={0}
INFO: 20:43:22.234232 self-stabilizing-binary-consensus.go:427: est[1][2]={0 1} aux[1][2]={0}
INFO: 20:43:22.234253 self-stabilizing-binary-consensus.go:410: RECEIVE j=3 flag=0 r=1 est={1} aux={0}
INFO: 20:43:22.234317 self-stabilizing-binary-consensus.go:427: est[1][3]={0 1} aux[1][3]={0}
INFO: 20:43:22.234412 self-stabilizing-binary-consensus.go:410: RECEIVE j=0 flag=0 r=1 est={0} aux={0}
INFO: 20:43:22.234445 self-stabilizing-binary-consensus.go:427: est[1][0]={0 1} aux[1][0]={0}
INFO: 20:43:27.206282 self-stabilizing-binary-consensus.go:410: RECEIVE j=2 flag=1 r=1 est={0 1} aux={0}
INFO: 20:43:27.206369 self-stabilizing-binary-consensus.go:427: est[1][2]={0 1} aux[1][2]={0}
INFO: 20:43:27.208749 self-stabilizing-binary-consensus.go:434: SEND flag=0 r=1 est={0} aux={1}
INFO: 20:43:27.210066 self-stabilizing-binary-consensus.go:410: RECEIVE j=0 flag=0 r=1 est={0} aux={0}
INFO: 20:43:27.210113 self-stabilizing-binary-consensus.go:427: est[1][0]={0 1} aux[1][0]={0}
INFO: 20:43:27.210275 self-stabilizing-binary-consensus.go:410: RECEIVE j=3 flag=0 r=1 est={1} aux={0}
INFO: 20:43:27.210307 self-stabilizing-binary-consensus.go:427: est[1][3]={0 1} aux[1][3]={0}
INFO: 20:43:27.212192 self-stabilizing-binary-consensus.go:410: RECEIVE j=3 flag=1 r=1 est={0 1} aux={0}
INFO: 20:43:27.212221 self-stabilizing-binary-consensus.go:427: est[1][3]={0 1} aux[1][3]={0}
INFO: 20:43:27.213843 self-stabilizing-binary-consensus.go:434: SEND flag=0 r=1 est={0} aux={1}
INFO: 20:43:27.217037 self-stabilizing-binary-consensus.go:410: RECEIVE j=0 flag=1 r=1 est={0 1} aux={0}
INFO: 20:43:27.217065 self-stabilizing-binary-consensus.go:427: est[1][0]={0 1} aux[1][0]={0}
INFO: 20:43:27.218649 self-stabilizing-binary-consensus.go:434: SEND flag=0 r=1 est={0} aux={1}
INFO: 20:43:27.219322 self-stabilizing-binary-consensus.go:410: RECEIVE j=0 flag=0 r=1 est={0} aux={0}
INFO: 20:43:27.219347 self-stabilizing-binary-consensus.go:427: est[1][0]={0 1} aux[1][0]={0}
INFO: 20:43:27.222550 self-stabilizing-binary-consensus.go:410: RECEIVE j=3 flag=0 r=1 est={1} aux={0}
INFO: 20:43:27.222592 self-stabilizing-binary-consensus.go:427: est[1][3]={0 1} aux[1][3]={0}
INFO: 20:43:27.230185 self-stabilizing-binary-consensus.go:148: infoResults()={}
INFO: 20:43:27.230225 self-stabilizing-binary-consensus.go:90: round=11 repeat=7
INFO: 20:43:27.230248 self-stabilizing-binary-consensus.go:127: binValues(11,3)={} w=-1
INFO: 20:43:27.231867 self-stabilizing-binary-consensus.go:142: binValues(11,2)={} w=-1
INFO: 20:43:27.232270 self-stabilizing-binary-consensus.go:143: SEND flag=1 r=11 est={0} aux={0}
INFO: 20:43:27.233030 self-stabilizing-binary-consensus.go:410: RECEIVE j=2 flag=0 r=1 est={1} aux={0}
INFO: 20:43:27.233065 self-stabilizing-binary-consensus.go:427: est[1][2]={0 1} aux[1][2]={0}
INFO: 20:43:27.234443 self-stabilizing-binary-consensus.go:410: RECEIVE j=2 flag=0 r=1 est={1} aux={0}
INFO: 20:43:27.234460 self-stabilizing-binary-consensus.go:427: est[1][2]={0 1} aux[1][2]={0}
INFO: 20:43:32.221224 self-stabilizing-binary-consensus.go:410: RECEIVE j=2 flag=1 r=1 est={0 1} aux={0}
INFO: 20:43:32.221273 self-stabilizing-binary-consensus.go:427: est[1][2]={0 1} aux[1][2]={0}
INFO: 20:43:32.224341 self-stabilizing-binary-consensus.go:434: SEND flag=0 r=1 est={0} aux={1}
INFO: 20:43:32.226509 self-stabilizing-binary-consensus.go:410: RECEIVE j=2 flag=0 r=1 est={1} aux={0}
INFO: 20:43:32.226836 self-stabilizing-binary-consensus.go:427: est[1][2]={0 1} aux[1][2]={0}
INFO: 20:43:32.226923 self-stabilizing-binary-consensus.go:410: RECEIVE j=3 flag=1 r=1 est={0 1} aux={0}
INFO: 20:43:32.226981 self-stabilizing-binary-consensus.go:427: est[1][3]={0 1} aux[1][3]={0}
INFO: 20:43:32.232849 self-stabilizing-binary-consensus.go:148: infoResults()={}
INFO: 20:43:32.232902 self-stabilizing-binary-consensus.go:90: round=11 repeat=8
INFO: 20:43:32.232930 self-stabilizing-binary-consensus.go:127: binValues(11,3)={} w=-1
INFO: 20:43:32.234615 self-stabilizing-binary-consensus.go:434: SEND flag=0 r=1 est={0} aux={1}
INFO: 20:43:32.234903 self-stabilizing-binary-consensus.go:410: RECEIVE j=0 flag=1 r=1 est={0 1} aux={0}
INFO: 20:43:32.234958 self-stabilizing-binary-consensus.go:427: est[1][0]={0 1} aux[1][0]={0}
INFO: 20:43:32.240191 self-stabilizing-binary-consensus.go:434: SEND flag=0 r=1 est={0} aux={1}
INFO: 20:43:32.240219 self-stabilizing-binary-consensus.go:410: RECEIVE j=0 flag=0 r=1 est={0} aux={0}
INFO: 20:43:32.240227 self-stabilizing-binary-consensus.go:427: est[1][0]={0 1} aux[1][0]={0}
INFO: 20:43:32.240233 self-stabilizing-binary-consensus.go:410: RECEIVE j=0 flag=0 r=1 est={0} aux={0}
INFO: 20:43:32.240237 self-stabilizing-binary-consensus.go:427: est[1][0]={0 1} aux[1][0]={0}
INFO: 20:43:32.240243 self-stabilizing-binary-consensus.go:410: RECEIVE j=3 flag=0 r=1 est={1} aux={0}
INFO: 20:43:32.240247 self-stabilizing-binary-consensus.go:427: est[1][3]={0 1} aux[1][3]={0}
INFO: 20:43:32.240252 self-stabilizing-binary-consensus.go:410: RECEIVE j=2 flag=0 r=1 est={1} aux={0}
INFO: 20:43:32.240256 self-stabilizing-binary-consensus.go:427: est[1][2]={0 1} aux[1][2]={0}
INFO: 20:43:32.240261 self-stabilizing-binary-consensus.go:410: RECEIVE j=3 flag=0 r=1 est={1} aux={0}
INFO: 20:43:32.240265 self-stabilizing-binary-consensus.go:427: est[1][3]={0 1} aux[1][3]={0}
INFO: 20:43:32.240865 self-stabilizing-binary-consensus.go:142: binValues(11,2)={} w=-1
INFO: 20:43:32.240908 self-stabilizing-binary-consensus.go:143: SEND flag=1 r=11 est={0} aux={0}
INFO: 20:43:37.220934 self-stabilizing-binary-consensus.go:410: RECEIVE j=2 flag=1 r=1 est={0 1} aux={0}
INFO: 20:43:37.220982 self-stabilizing-binary-consensus.go:427: est[1][2]={0 1} aux[1][2]={0}
INFO: 20:43:37.223001 self-stabilizing-binary-consensus.go:434: SEND flag=0 r=1 est={0} aux={1}
INFO: 20:43:37.224764 self-stabilizing-binary-consensus.go:410: RECEIVE j=0 flag=0 r=1 est={0} aux={0}
INFO: 20:43:37.224782 self-stabilizing-binary-consensus.go:427: est[1][0]={0 1} aux[1][0]={0}
INFO: 20:43:37.225197 self-stabilizing-binary-consensus.go:410: RECEIVE j=3 flag=0 r=1 est={1} aux={0}
INFO: 20:43:37.225213 self-stabilizing-binary-consensus.go:427: est[1][3]={0 1} aux[1][3]={0}
INFO: 20:43:37.226888 self-stabilizing-binary-consensus.go:410: RECEIVE j=3 flag=1 r=1 est={0 1} aux={0}
INFO: 20:43:37.226932 self-stabilizing-binary-consensus.go:427: est[1][3]={0 1} aux[1][3]={0}
INFO: 20:43:37.229717 self-stabilizing-binary-consensus.go:434: SEND flag=0 r=1 est={0} aux={1}
INFO: 20:43:37.230630 self-stabilizing-binary-consensus.go:410: RECEIVE j=2 flag=0 r=1 est={1} aux={0}
INFO: 20:43:37.230667 self-stabilizing-binary-consensus.go:427: est[1][2]={0 1} aux[1][2]={0}
INFO: 20:43:37.233634 self-stabilizing-binary-consensus.go:410: RECEIVE j=0 flag=1 r=1 est={0 1} aux={0}
INFO: 20:43:37.233660 self-stabilizing-binary-consensus.go:427: est[1][0]={0 1} aux[1][0]={0}
INFO: 20:43:37.235916 self-stabilizing-binary-consensus.go:434: SEND flag=0 r=1 est={0} aux={1}
INFO: 20:43:37.235940 self-stabilizing-binary-consensus.go:410: RECEIVE j=3 flag=0 r=1 est={1} aux={0}
INFO: 20:43:37.235947 self-stabilizing-binary-consensus.go:427: est[1][3]={0 1} aux[1][3]={0}
INFO: 20:43:37.235953 self-stabilizing-binary-consensus.go:410: RECEIVE j=0 flag=0 r=1 est={0} aux={0}
INFO: 20:43:37.235956 self-stabilizing-binary-consensus.go:427: est[1][0]={0 1} aux[1][0]={0}
INFO: 20:43:37.239274 self-stabilizing-binary-consensus.go:410: RECEIVE j=2 flag=0 r=1 est={1} aux={0}
INFO: 20:43:37.239312 self-stabilizing-binary-consensus.go:427: est[1][2]={0 1} aux[1][2]={0}
INFO: 20:43:37.241814 self-stabilizing-binary-consensus.go:148: infoResults()={}
INFO: 20:43:37.241982 self-stabilizing-binary-consensus.go:90: round=11 repeat=9
INFO: 20:43:37.242059 self-stabilizing-binary-consensus.go:127: binValues(11,3)={} w=-1
INFO: 20:43:37.244000 self-stabilizing-binary-consensus.go:142: binValues(11,2)={} w=-1
INFO: 20:43:37.244085 self-stabilizing-binary-consensus.go:143: SEND flag=1 r=11 est={0} aux={0}
INFO: 20:43:42.227493 self-stabilizing-binary-consensus.go:410: RECEIVE j=2 flag=1 r=1 est={0 1} aux={0}
INFO: 20:43:42.227561 self-stabilizing-binary-consensus.go:427: est[1][2]={0 1} aux[1][2]={0}
INFO: 20:43:42.231816 self-stabilizing-binary-consensus.go:434: SEND flag=0 r=1 est={0} aux={1}
INFO: 20:43:42.233903 self-stabilizing-binary-consensus.go:410: RECEIVE j=0 flag=0 r=1 est={0} aux={0}
INFO: 20:43:42.233956 self-stabilizing-binary-consensus.go:427: est[1][0]={0 1} aux[1][0]={0}
INFO: 20:43:42.241435 self-stabilizing-binary-consensus.go:410: RECEIVE j=3 flag=1 r=1 est={0 1} aux={0}
INFO: 20:43:42.241522 self-stabilizing-binary-consensus.go:427: est[1][3]={0 1} aux[1][3]={0}
INFO: 20:43:42.244044 self-stabilizing-binary-consensus.go:434: SEND flag=0 r=1 est={0} aux={1}
INFO: 20:43:42.245002 self-stabilizing-binary-consensus.go:410: RECEIVE j=0 flag=1 r=1 est={0 1} aux={0}
INFO: 20:43:42.245040 self-stabilizing-binary-consensus.go:427: est[1][0]={0 1} aux[1][0]={0}
INFO: 20:43:42.248662 self-stabilizing-binary-consensus.go:148: infoResults()={}
INFO: 20:43:42.248698 self-stabilizing-binary-consensus.go:90: round=11 repeat=10
INFO: 20:43:42.248708 self-stabilizing-binary-consensus.go:127: binValues(11,3)={} w=-1
INFO: 20:43:42.252106 self-stabilizing-binary-consensus.go:142: binValues(11,2)={} w=-1
INFO: 20:43:42.252159 self-stabilizing-binary-consensus.go:143: SEND flag=1 r=11 est={0} aux={0}
INFO: 20:43:42.252171 self-stabilizing-binary-consensus.go:434: SEND flag=0 r=1 est={0} aux={1}
INFO: 20:43:42.252179 self-stabilizing-binary-consensus.go:410: RECEIVE j=3 flag=0 r=1 est={1} aux={0}
INFO: 20:43:42.252184 self-stabilizing-binary-consensus.go:427: est[1][3]={0 1} aux[1][3]={0}
INFO: 20:43:42.252189 self-stabilizing-binary-consensus.go:410: RECEIVE j=3 flag=0 r=1 est={1} aux={0}
INFO: 20:43:42.252193 self-stabilizing-binary-consensus.go:427: est[1][3]={0 1} aux[1][3]={0}
INFO: 20:43:42.252477 self-stabilizing-binary-consensus.go:410: RECEIVE j=2 flag=0 r=1 est={1} aux={0}
INFO: 20:43:42.253242 self-stabilizing-binary-consensus.go:427: est[1][2]={0 1} aux[1][2]={0}
INFO: 20:43:42.253264 self-stabilizing-binary-consensus.go:410: RECEIVE j=2 flag=0 r=1 est={1} aux={0}
INFO: 20:43:42.253271 self-stabilizing-binary-consensus.go:427: est[1][2]={0 1} aux[1][2]={0}
INFO: 20:43:42.253387 self-stabilizing-binary-consensus.go:410: RECEIVE j=0 flag=0 r=1 est={0} aux={0}
INFO: 20:43:42.253424 self-stabilizing-binary-consensus.go:427: est[1][0]={0 1} aux[1][0]={0}
INFO: 20:43:47.230352 self-stabilizing-binary-consensus.go:410: RECEIVE j=2 flag=1 r=1 est={0 1} aux={0}
INFO: 20:43:47.230401 self-stabilizing-binary-consensus.go:427: est[1][2]={0 1} aux[1][2]={0}
INFO: 20:43:47.233193 self-stabilizing-binary-consensus.go:434: SEND flag=0 r=1 est={0} aux={1}
INFO: 20:43:47.233320 self-stabilizing-binary-consensus.go:410: RECEIVE j=3 flag=0 r=1 est={1} aux={0}
INFO: 20:43:47.233345 self-stabilizing-binary-consensus.go:427: est[1][3]={0 1} aux[1][3]={0}
INFO: 20:43:47.236300 self-stabilizing-binary-consensus.go:410: RECEIVE j=0 flag=0 r=1 est={0} aux={0}
INFO: 20:43:47.236315 self-stabilizing-binary-consensus.go:427: est[1][0]={0 1} aux[1][0]={0}
INFO: 20:43:47.241545 self-stabilizing-binary-consensus.go:410: RECEIVE j=3 flag=1 r=1 est={0 1} aux={0}
INFO: 20:43:47.241686 self-stabilizing-binary-consensus.go:427: est[1][3]={0 1} aux[1][3]={0}
INFO: 20:43:47.246868 self-stabilizing-binary-consensus.go:434: SEND flag=0 r=1 est={0} aux={1}
INFO: 20:43:47.247513 self-stabilizing-binary-consensus.go:410: RECEIVE j=2 flag=0 r=1 est={1} aux={0}
INFO: 20:43:47.247556 self-stabilizing-binary-consensus.go:427: est[1][2]={0 1} aux[1][2]={0}
INFO: 20:43:47.247830 self-stabilizing-binary-consensus.go:410: RECEIVE j=0 flag=0 r=1 est={0} aux={0}
INFO: 20:43:47.247867 self-stabilizing-binary-consensus.go:427: est[1][0]={0 1} aux[1][0]={0}
INFO: 20:43:47.251442 self-stabilizing-binary-consensus.go:410: RECEIVE j=0 flag=1 r=1 est={0 1} aux={0}
INFO: 20:43:47.251468 self-stabilizing-binary-consensus.go:427: est[1][0]={0 1} aux[1][0]={0}
INFO: 20:43:47.253203 self-stabilizing-binary-consensus.go:434: SEND flag=0 r=1 est={0} aux={1}
INFO: 20:43:47.253462 self-stabilizing-binary-consensus.go:148: infoResults()={}
INFO: 20:43:47.254187 self-stabilizing-binary-consensus.go:90: round=11 repeat=11
INFO: 20:43:47.254197 self-stabilizing-binary-consensus.go:127: binValues(11,3)={} w=-1
INFO: 20:43:47.254071 self-stabilizing-binary-consensus.go:410: RECEIVE j=3 flag=0 r=1 est={1} aux={0}
INFO: 20:43:47.256533 self-stabilizing-binary-consensus.go:427: est[1][3]={0 1} aux[1][3]={0}
INFO: 20:43:47.256737 self-stabilizing-binary-consensus.go:410: RECEIVE j=2 flag=0 r=1 est={1} aux={0}
INFO: 20:43:47.256762 self-stabilizing-binary-consensus.go:427: est[1][2]={0 1} aux[1][2]={0}
INFO: 20:43:47.257249 self-stabilizing-binary-consensus.go:142: binValues(11,2)={} w=-1
INFO: 20:43:47.257262 self-stabilizing-binary-consensus.go:143: SEND flag=1 r=11 est={0} aux={0}
INFO: 20:43:52.241025 self-stabilizing-binary-consensus.go:410: RECEIVE j=2 flag=1 r=1 est={0 1} aux={0}
INFO: 20:43:52.241103 self-stabilizing-binary-consensus.go:427: est[1][2]={0 1} aux[1][2]={0}
INFO: 20:43:52.244095 self-stabilizing-binary-consensus.go:434: SEND flag=0 r=1 est={0} aux={1}
INFO: 20:43:52.245858 self-stabilizing-binary-consensus.go:410: RECEIVE j=0 flag=0 r=1 est={0} aux={0}
INFO: 20:43:52.246008 self-stabilizing-binary-consensus.go:427: est[1][0]={0 1} aux[1][0]={0}
INFO: 20:43:52.246563 self-stabilizing-binary-consensus.go:410: RECEIVE j=3 flag=0 r=1 est={1} aux={0}
INFO: 20:43:52.246603 self-stabilizing-binary-consensus.go:427: est[1][3]={0 1} aux[1][3]={0}
INFO: 20:43:52.249708 self-stabilizing-binary-consensus.go:410: RECEIVE j=3 flag=1 r=1 est={0 1} aux={0}
INFO: 20:43:52.249744 self-stabilizing-binary-consensus.go:427: est[1][3]={0 1} aux[1][3]={0}
INFO: 20:43:52.252364 self-stabilizing-binary-consensus.go:434: SEND flag=0 r=1 est={0} aux={1}
INFO: 20:43:52.252707 self-stabilizing-binary-consensus.go:410: RECEIVE j=2 flag=0 r=1 est={1} aux={0}
INFO: 20:43:52.252751 self-stabilizing-binary-consensus.go:427: est[1][2]={0 1} aux[1][2]={0}
INFO: 20:43:52.255695 self-stabilizing-binary-consensus.go:410: RECEIVE j=0 flag=0 r=1 est={0} aux={0}
INFO: 20:43:52.255736 self-stabilizing-binary-consensus.go:427: est[1][0]={0 1} aux[1][0]={0}
INFO: 20:43:52.255975 self-stabilizing-binary-consensus.go:410: RECEIVE j=0 flag=1 r=1 est={0 1} aux={0}
INFO: 20:43:52.256018 self-stabilizing-binary-consensus.go:427: est[1][0]={0 1} aux[1][0]={0}
INFO: 20:43:52.258555 self-stabilizing-binary-consensus.go:148: infoResults()={}
INFO: 20:43:52.258591 self-stabilizing-binary-consensus.go:90: round=11 repeat=12
INFO: 20:43:52.258602 self-stabilizing-binary-consensus.go:127: binValues(11,3)={} w=-1
INFO: 20:43:52.260277 self-stabilizing-binary-consensus.go:142: binValues(11,2)={} w=-1
INFO: 20:43:52.260305 self-stabilizing-binary-consensus.go:143: SEND flag=1 r=11 est={0} aux={0}
INFO: 20:43:52.264495 self-stabilizing-binary-consensus.go:434: SEND flag=0 r=1 est={0} aux={1}
INFO: 20:43:52.264588 self-stabilizing-binary-consensus.go:410: RECEIVE j=2 flag=0 r=1 est={1} aux={0}
INFO: 20:43:52.264622 self-stabilizing-binary-consensus.go:427: est[1][2]={0 1} aux[1][2]={0}
INFO: 20:43:52.264644 self-stabilizing-binary-consensus.go:410: RECEIVE j=3 flag=0 r=1 est={1} aux={0}
INFO: 20:43:52.264664 self-stabilizing-binary-consensus.go:427: est[1][3]={0 1} aux[1][3]={0}
INFO: 20:43:57.250870 self-stabilizing-binary-consensus.go:410: RECEIVE j=3 flag=0 r=1 est={1} aux={0}
INFO: 20:43:57.250963 self-stabilizing-binary-consensus.go:427: est[1][3]={0 1} aux[1][3]={0}
INFO: 20:43:57.251471 self-stabilizing-binary-consensus.go:410: RECEIVE j=2 flag=1 r=1 est={0 1} aux={0}
INFO: 20:43:57.251666 self-stabilizing-binary-consensus.go:427: est[1][2]={0 1} aux[1][2]={0}
INFO: 20:43:57.255679 self-stabilizing-binary-consensus.go:434: SEND flag=0 r=1 est={0} aux={1}
INFO: 20:43:57.261275 self-stabilizing-binary-consensus.go:410: RECEIVE j=0 flag=0 r=1 est={0} aux={0}
INFO: 20:43:57.261390 self-stabilizing-binary-consensus.go:427: est[1][0]={0 1} aux[1][0]={0}
INFO: 20:43:57.261623 self-stabilizing-binary-consensus.go:410: RECEIVE j=3 flag=1 r=1 est={0 1} aux={0}
INFO: 20:43:57.260485 self-stabilizing-binary-consensus.go:148: infoResults()={}
INFO: 20:43:57.265498 self-stabilizing-binary-consensus.go:90: round=11 repeat=13
INFO: 20:43:57.265534 self-stabilizing-binary-consensus.go:127: binValues(11,3)={} w=-1
INFO: 20:43:57.266319 self-stabilizing-binary-consensus.go:427: est[1][3]={0 1} aux[1][3]={0}
INFO: 20:43:57.268423 self-stabilizing-binary-consensus.go:434: SEND flag=0 r=1 est={0} aux={1}
INFO: 20:43:57.268476 self-stabilizing-binary-consensus.go:410: RECEIVE j=2 flag=0 r=1 est={1} aux={0}
INFO: 20:43:57.268486 self-stabilizing-binary-consensus.go:427: est[1][2]={0 1} aux[1][2]={0}
INFO: 20:43:57.268493 self-stabilizing-binary-consensus.go:410: RECEIVE j=0 flag=0 r=1 est={0} aux={0}
INFO: 20:43:57.268498 self-stabilizing-binary-consensus.go:427: est[1][0]={0 1} aux[1][0]={0}
INFO: 20:43:57.268503 self-stabilizing-binary-consensus.go:410: RECEIVE j=0 flag=1 r=1 est={0 1} aux={0}
INFO: 20:43:57.268508 self-stabilizing-binary-consensus.go:427: est[1][0]={0 1} aux[1][0]={0}
INFO: 20:43:57.273958 self-stabilizing-binary-consensus.go:142: binValues(11,2)={} w=-1
INFO: 20:43:57.274010 self-stabilizing-binary-consensus.go:143: SEND flag=1 r=11 est={0} aux={0}
INFO: 20:43:57.274883 self-stabilizing-binary-consensus.go:434: SEND flag=0 r=1 est={0} aux={1}
INFO: 20:43:57.274902 self-stabilizing-binary-consensus.go:410: RECEIVE j=3 flag=0 r=1 est={1} aux={0}
INFO: 20:43:57.274908 self-stabilizing-binary-consensus.go:427: est[1][3]={0 1} aux[1][3]={0}
INFO: 20:43:57.274914 self-stabilizing-binary-consensus.go:410: RECEIVE j=2 flag=0 r=1 est={1} aux={0}
INFO: 20:43:57.274918 self-stabilizing-binary-consensus.go:427: est[1][2]={0 1} aux[1][2]={0}
INFO: 20:44:02.252667 self-stabilizing-binary-consensus.go:410: RECEIVE j=2 flag=1 r=1 est={0 1} aux={0}
INFO: 20:44:02.256321 self-stabilizing-binary-consensus.go:427: est[1][2]={0 1} aux[1][2]={0}
INFO: 20:44:02.261614 self-stabilizing-binary-consensus.go:434: SEND flag=0 r=1 est={0} aux={1}
INFO: 20:44:02.262932 self-stabilizing-binary-consensus.go:410: RECEIVE j=3 flag=0 r=1 est={1} aux={0}
INFO: 20:44:02.262989 self-stabilizing-binary-consensus.go:427: est[1][3]={0 1} aux[1][3]={0}
INFO: 20:44:02.264999 self-stabilizing-binary-consensus.go:410: RECEIVE j=0 flag=0 r=1 est={0} aux={0}
INFO: 20:44:02.265084 self-stabilizing-binary-consensus.go:427: est[1][0]={0 1} aux[1][0]={0}
INFO: 20:44:02.268709 self-stabilizing-binary-consensus.go:410: RECEIVE j=3 flag=1 r=1 est={0 1} aux={0}
INFO: 20:44:02.268759 self-stabilizing-binary-consensus.go:427: est[1][3]={0 1} aux[1][3]={0}
INFO: 20:44:02.274601 self-stabilizing-binary-consensus.go:148: infoResults()={}
INFO: 20:44:02.274652 self-stabilizing-binary-consensus.go:90: round=11 repeat=14
INFO: 20:44:02.274678 self-stabilizing-binary-consensus.go:127: binValues(11,3)={} w=-1
INFO: 20:44:02.275544 self-stabilizing-binary-consensus.go:434: SEND flag=0 r=1 est={0} aux={1}
INFO: 20:44:02.276018 self-stabilizing-binary-consensus.go:410: RECEIVE j=0 flag=1 r=1 est={0 1} aux={0}
INFO: 20:44:02.276059 self-stabilizing-binary-consensus.go:427: est[1][0]={0 1} aux[1][0]={0}
INFO: 20:44:02.280993 self-stabilizing-binary-consensus.go:142: binValues(11,2)={} w=-1
INFO: 20:44:02.281035 self-stabilizing-binary-consensus.go:143: SEND flag=1 r=11 est={0} aux={0}
INFO: 20:44:02.281368 self-stabilizing-binary-consensus.go:434: SEND flag=0 r=1 est={0} aux={1}
INFO: 20:44:02.281405 self-stabilizing-binary-consensus.go:410: RECEIVE j=3 flag=0 r=1 est={1} aux={0}
INFO: 20:44:02.281414 self-stabilizing-binary-consensus.go:427: est[1][3]={0 1} aux[1][3]={0}
INFO: 20:44:02.281421 self-stabilizing-binary-consensus.go:410: RECEIVE j=0 flag=0 r=1 est={0} aux={0}
INFO: 20:44:02.281425 self-stabilizing-binary-consensus.go:427: est[1][0]={0 1} aux[1][0]={0}
INFO: 20:44:02.281431 self-stabilizing-binary-consensus.go:410: RECEIVE j=2 flag=0 r=1 est={1} aux={0}
INFO: 20:44:02.281436 self-stabilizing-binary-consensus.go:427: est[1][2]={0 1} aux[1][2]={0}
INFO: 20:44:02.283316 self-stabilizing-binary-consensus.go:410: RECEIVE j=2 flag=0 r=1 est={1} aux={0}
INFO: 20:44:02.283357 self-stabilizing-binary-consensus.go:427: est[1][2]={0 1} aux[1][2]={0}
INFO: 20:44:07.261622 self-stabilizing-binary-consensus.go:410: RECEIVE j=2 flag=1 r=1 est={0 1} aux={0}
INFO: 20:44:07.262236 self-stabilizing-binary-consensus.go:427: est[1][2]={0 1} aux[1][2]={0}
INFO: 20:44:07.266529 self-stabilizing-binary-consensus.go:434: SEND flag=0 r=1 est={0} aux={1}
INFO: 20:44:07.266601 self-stabilizing-binary-consensus.go:410: RECEIVE j=3 flag=0 r=1 est={1} aux={0}
INFO: 20:44:07.266637 self-stabilizing-binary-consensus.go:427: est[1][3]={0 1} aux[1][3]={0}
INFO: 20:44:07.269242 self-stabilizing-binary-consensus.go:410: RECEIVE j=0 flag=0 r=1 est={0} aux={0}
INFO: 20:44:07.269403 self-stabilizing-binary-consensus.go:427: est[1][0]={0 1} aux[1][0]={0}
INFO: 20:44:07.270780 self-stabilizing-binary-consensus.go:410: RECEIVE j=3 flag=1 r=1 est={0 1} aux={0}
INFO: 20:44:07.270816 self-stabilizing-binary-consensus.go:427: est[1][3]={0 1} aux[1][3]={0}
INFO: 20:44:07.273383 self-stabilizing-binary-consensus.go:434: SEND flag=0 r=1 est={0} aux={1}
INFO: 20:44:07.281582 self-stabilizing-binary-consensus.go:148: infoResults()={}
INFO: 20:44:07.281664 self-stabilizing-binary-consensus.go:90: round=11 repeat=15
INFO: 20:44:07.281684 self-stabilizing-binary-consensus.go:127: binValues(11,3)={} w=-1
INFO: 20:44:07.282896 self-stabilizing-binary-consensus.go:410: RECEIVE j=0 flag=0 r=1 est={0} aux={0}
INFO: 20:44:07.283472 self-stabilizing-binary-consensus.go:427: est[1][0]={0 1} aux[1][0]={0}
INFO: 20:44:07.283703 self-stabilizing-binary-consensus.go:410: RECEIVE j=0 flag=1 r=1 est={0 1} aux={0}
INFO: 20:44:07.283736 self-stabilizing-binary-consensus.go:427: est[1][0]={0 1} aux[1][0]={0}
INFO: 20:44:07.284544 self-stabilizing-binary-consensus.go:142: binValues(11,2)={} w=-1
INFO: 20:44:07.284577 self-stabilizing-binary-consensus.go:143: SEND flag=1 r=11 est={0} aux={0}
INFO: 20:44:07.294058 self-stabilizing-binary-consensus.go:434: SEND flag=0 r=1 est={0} aux={1}
INFO: 20:44:07.294076 self-stabilizing-binary-consensus.go:410: RECEIVE j=2 flag=0 r=1 est={1} aux={0}
INFO: 20:44:07.294081 self-stabilizing-binary-consensus.go:427: est[1][2]={0 1} aux[1][2]={0}
INFO: 20:44:07.294248 self-stabilizing-binary-consensus.go:410: RECEIVE j=3 flag=0 r=1 est={1} aux={0}
INFO: 20:44:07.294291 self-stabilizing-binary-consensus.go:427: est[1][3]={0 1} aux[1][3]={0}
INFO: 20:44:07.295460 self-stabilizing-binary-consensus.go:410: RECEIVE j=2 flag=0 r=1 est={1} aux={0}
INFO: 20:44:07.295484 self-stabilizing-binary-consensus.go:427: est[1][2]={0 1} aux[1][2]={0}
INFO: 20:44:12.263187 self-stabilizing-binary-consensus.go:410: RECEIVE j=0 flag=0 r=1 est={0} aux={0}
INFO: 20:44:12.263203 self-stabilizing-binary-consensus.go:427: est[1][0]={0 1} aux[1][0]={0}
INFO: 20:44:12.264378 self-stabilizing-binary-consensus.go:410: RECEIVE j=3 flag=0 r=1 est={1} aux={0}
INFO: 20:44:12.264408 self-stabilizing-binary-consensus.go:427: est[1][3]={0 1} aux[1][3]={0}
INFO: 20:44:12.264580 self-stabilizing-binary-consensus.go:410: RECEIVE j=2 flag=1 r=1 est={0 1} aux={0}
INFO: 20:44:12.264612 self-stabilizing-binary-consensus.go:427: est[1][2]={0 1} aux[1][2]={0}
INFO: 20:44:12.266248 self-stabilizing-binary-consensus.go:434: SEND flag=0 r=1 est={0} aux={1}
INFO: 20:44:12.274080 self-stabilizing-binary-consensus.go:410: RECEIVE j=3 flag=1 r=1 est={0 1} aux={0}
INFO: 20:44:12.274118 self-stabilizing-binary-consensus.go:427: est[1][3]={0 1} aux[1][3]={0}
INFO: 20:44:12.276851 self-stabilizing-binary-consensus.go:434: SEND flag=0 r=1 est={0} aux={1}
INFO: 20:44:12.276889 self-stabilizing-binary-consensus.go:410: RECEIVE j=0 flag=0 r=1 est={0} aux={0}
INFO: 20:44:12.276909 self-stabilizing-binary-consensus.go:427: est[1][0]={0 1} aux[1][0]={0}
INFO: 20:44:12.282495 self-stabilizing-binary-consensus.go:410: RECEIVE j=2 flag=0 r=1 est={1} aux={0}
INFO: 20:44:12.282650 self-stabilizing-binary-consensus.go:427: est[1][2]={0 1} aux[1][2]={0}
INFO: 20:44:12.285097 self-stabilizing-binary-consensus.go:148: infoResults()={}
INFO: 20:44:12.285199 self-stabilizing-binary-consensus.go:90: round=11 repeat=16
INFO: 20:44:12.285212 self-stabilizing-binary-consensus.go:127: binValues(11,3)={} w=-1
INFO: 20:44:12.286963 self-stabilizing-binary-consensus.go:142: binValues(11,2)={} w=-1
INFO: 20:44:12.287024 self-stabilizing-binary-consensus.go:143: SEND flag=1 r=11 est={0} aux={0}
INFO: 20:44:12.291616 self-stabilizing-binary-consensus.go:410: RECEIVE j=3 flag=0 r=1 est={1} aux={0}
INFO: 20:44:12.291635 self-stabilizing-binary-consensus.go:427: est[1][3]={0 1} aux[1][3]={0}
INFO: 20:44:12.293786 self-stabilizing-binary-consensus.go:410: RECEIVE j=0 flag=1 r=1 est={0 1} aux={0}
INFO: 20:44:12.293824 self-stabilizing-binary-consensus.go:427: est[1][0]={0 1} aux[1][0]={0}
INFO: 20:44:12.296166 self-stabilizing-binary-consensus.go:434: SEND flag=0 r=1 est={0} aux={1}
INFO: 20:44:12.296207 self-stabilizing-binary-consensus.go:410: RECEIVE j=2 flag=0 r=1 est={1} aux={0}
INFO: 20:44:12.296227 self-stabilizing-binary-consensus.go:427: est[1][2]={0 1} aux[1][2]={0}
