INFO: 23:13:07.192500 main.go:29: ID:1 | N:4 | F:1 | Clients:1 | Scenario:NORMAL | Remote:false

INFO: 23:13:07.192923 messenger.go:90: Receive from Server 0 on tcp://*:4100
INFO: 23:13:07.193212 messenger.go:107: Send to Server 0 on tcp://localhost:4001
INFO: 23:13:07.193308 messenger.go:90: Receive from Server 2 on tcp://*:4102
INFO: 23:13:07.193445 messenger.go:107: Send to Server 2 on tcp://localhost:4201
INFO: 23:13:07.193516 messenger.go:90: Receive from Server 3 on tcp://*:4103
INFO: 23:13:07.193642 messenger.go:107: Send to Server 3 on tcp://localhost:4301
INFO: 23:13:07.193692 messenger.go:113: -----------------------------------------
INFO: 23:13:07.193757 messenger.go:135: Requests from Client 0 on tcp://*:7100
INFO: 23:13:07.193838 messenger.go:152: Response to Client 0 on tcp://*:10100
INFO: 23:13:07.193878 messenger.go:155: -----------------------------------------

INFO: 23:13:07.194241 main.go:83: Initial estimate value:  0
INFO: 23:13:07.194341 self-stabilizing-binary-consensus.go:90: round=1 repeat=1
INFO: 23:13:07.194396 self-stabilizing-binary-consensus.go:181: binValues(1,3)={}
INFO: 23:13:07.194433 self-stabilizing-binary-consensus.go:181: binValues(1,2)={}
INFO: 23:13:07.196353 self-stabilizing-binary-consensus.go:138: SEND flag=1 r=1 est={0} aux={}
INFO: 23:13:07.357916 self-stabilizing-binary-consensus.go:407: RECEIVE j=0 flag=1 r=1 est={0} aux={}
INFO: 23:13:07.357950 self-stabilizing-binary-consensus.go:424: est[1][0]={0} aux[1][0]={}
INFO: 23:13:07.376006 self-stabilizing-binary-consensus.go:431: SEND flag=0 r=1 est={0} aux={}
INFO: 23:13:07.376172 self-stabilizing-binary-consensus.go:407: RECEIVE j=3 flag=1 r=1 est={1} aux={}
INFO: 23:13:07.376295 self-stabilizing-binary-consensus.go:424: est[1][3]={1} aux[1][3]={}
INFO: 23:13:07.384189 self-stabilizing-binary-consensus.go:431: SEND flag=0 r=1 est={0} aux={}
INFO: 23:13:07.384232 self-stabilizing-binary-consensus.go:407: RECEIVE j=3 flag=0 r=1 est={1} aux={}
INFO: 23:13:07.384240 self-stabilizing-binary-consensus.go:424: est[1][3]={1} aux[1][3]={}
INFO: 23:13:07.384247 self-stabilizing-binary-consensus.go:407: RECEIVE j=0 flag=0 r=1 est={0} aux={}
INFO: 23:13:07.384306 self-stabilizing-binary-consensus.go:424: est[1][0]={0} aux[1][0]={}
INFO: 23:13:07.384947 self-stabilizing-binary-consensus.go:407: RECEIVE j=2 flag=0 r=1 est={1} aux={}
INFO: 23:13:07.384961 self-stabilizing-binary-consensus.go:424: est[1][2]={1} aux[1][2]={}
INFO: 23:13:07.384968 self-stabilizing-binary-consensus.go:407: RECEIVE j=2 flag=1 r=1 est={1} aux={}
INFO: 23:13:07.384974 self-stabilizing-binary-consensus.go:424: est[1][2]={1} aux[1][2]={}
INFO: 23:13:07.388087 self-stabilizing-binary-consensus.go:431: SEND flag=0 r=1 est={0} aux={}
INFO: 23:13:07.388153 self-stabilizing-binary-consensus.go:407: RECEIVE j=2 flag=0 r=1 est={1} aux={}
INFO: 23:13:07.388162 self-stabilizing-binary-consensus.go:424: est[1][2]={1} aux[1][2]={}
INFO: 23:13:07.388169 self-stabilizing-binary-consensus.go:407: RECEIVE j=2 flag=0 r=1 est={1} aux={}
INFO: 23:13:07.388173 self-stabilizing-binary-consensus.go:424: est[1][2]={1} aux[1][2]={}
INFO: 23:13:07.388178 self-stabilizing-binary-consensus.go:407: RECEIVE j=3 flag=0 r=1 est={1} aux={}
INFO: 23:13:07.388182 self-stabilizing-binary-consensus.go:424: est[1][3]={1} aux[1][3]={}
INFO: 23:13:07.388188 self-stabilizing-binary-consensus.go:407: RECEIVE j=0 flag=0 r=1 est={0} aux={}
INFO: 23:13:07.388192 self-stabilizing-binary-consensus.go:424: est[1][0]={0} aux[1][0]={}
INFO: 23:13:07.388197 self-stabilizing-binary-consensus.go:407: RECEIVE j=0 flag=0 r=1 est={0} aux={}
INFO: 23:13:07.388201 self-stabilizing-binary-consensus.go:424: est[1][0]={0} aux[1][0]={}
INFO: 23:13:07.388206 self-stabilizing-binary-consensus.go:407: RECEIVE j=3 flag=0 r=1 est={1} aux={}
INFO: 23:13:07.388211 self-stabilizing-binary-consensus.go:424: est[1][3]={1} aux[1][3]={}
INFO: 23:13:09.197590 self-stabilizing-binary-consensus.go:181: binValues(1,3)={}
INFO: 23:13:09.197746 self-stabilizing-binary-consensus.go:208: infoResults()={}
INFO: 23:13:09.197825 self-stabilizing-binary-consensus.go:90: round=1 repeat=2
INFO: 23:13:09.197869 self-stabilizing-binary-consensus.go:181: binValues(1,3)={}
INFO: 23:13:09.197896 self-stabilizing-binary-consensus.go:181: binValues(1,2)={1}
INFO: 23:13:09.205150 self-stabilizing-binary-consensus.go:138: SEND flag=1 r=1 est={0 1} aux={}
INFO: 23:13:09.206590 self-stabilizing-binary-consensus.go:407: RECEIVE j=0 flag=1 r=1 est={0 1} aux={}
INFO: 23:13:09.206654 self-stabilizing-binary-consensus.go:424: est[1][0]={0 1} aux[1][0]={}
INFO: 23:13:09.208823 self-stabilizing-binary-consensus.go:431: SEND flag=0 r=1 est={0} aux={}
INFO: 23:13:09.209632 self-stabilizing-binary-consensus.go:407: RECEIVE j=3 flag=1 r=1 est={0 1} aux={}
INFO: 23:13:09.209710 self-stabilizing-binary-consensus.go:424: est[1][3]={0 1} aux[1][3]={}
INFO: 23:13:09.211985 self-stabilizing-binary-consensus.go:431: SEND flag=0 r=1 est={0} aux={}
INFO: 23:13:09.212284 self-stabilizing-binary-consensus.go:407: RECEIVE j=0 flag=0 r=1 est={0} aux={}
INFO: 23:13:09.212316 self-stabilizing-binary-consensus.go:424: est[1][0]={0 1} aux[1][0]={}
INFO: 23:13:09.213159 self-stabilizing-binary-consensus.go:407: RECEIVE j=2 flag=0 r=1 est={1} aux={}
INFO: 23:13:09.213205 self-stabilizing-binary-consensus.go:424: est[1][2]={1} aux[1][2]={}
INFO: 23:13:09.213611 self-stabilizing-binary-consensus.go:407: RECEIVE j=3 flag=0 r=1 est={1} aux={}
INFO: 23:13:09.213636 self-stabilizing-binary-consensus.go:424: est[1][3]={0 1} aux[1][3]={}
INFO: 23:13:09.216405 self-stabilizing-binary-consensus.go:407: RECEIVE j=3 flag=0 r=1 est={1} aux={}
INFO: 23:13:09.216441 self-stabilizing-binary-consensus.go:424: est[1][3]={0 1} aux[1][3]={}
INFO: 23:13:09.217841 self-stabilizing-binary-consensus.go:407: RECEIVE j=0 flag=0 r=1 est={0} aux={}
INFO: 23:13:09.217867 self-stabilizing-binary-consensus.go:424: est[1][0]={0 1} aux[1][0]={}
INFO: 23:13:09.219241 self-stabilizing-binary-consensus.go:407: RECEIVE j=2 flag=0 r=1 est={1} aux={}
INFO: 23:13:09.219275 self-stabilizing-binary-consensus.go:424: est[1][2]={1} aux[1][2]={}
INFO: 23:13:09.221800 self-stabilizing-binary-consensus.go:407: RECEIVE j=2 flag=0 r=1 est={1} aux={}
INFO: 23:13:09.221838 self-stabilizing-binary-consensus.go:424: est[1][2]={1} aux[1][2]={}
INFO: 23:13:09.378412 self-stabilizing-binary-consensus.go:407: RECEIVE j=2 flag=1 r=1 est={0 1} aux={0}
INFO: 23:13:09.378461 self-stabilizing-binary-consensus.go:424: est[1][2]={0 1} aux[1][2]={0}
INFO: 23:13:09.380288 self-stabilizing-binary-consensus.go:431: SEND flag=0 r=1 est={0} aux={}
INFO: 23:13:09.380915 self-stabilizing-binary-consensus.go:407: RECEIVE j=0 flag=0 r=1 est={0} aux={}
INFO: 23:13:09.380940 self-stabilizing-binary-consensus.go:424: est[1][0]={0 1} aux[1][0]={}
INFO: 23:13:09.382960 self-stabilizing-binary-consensus.go:407: RECEIVE j=3 flag=0 r=1 est={1} aux={}
INFO: 23:13:09.382988 self-stabilizing-binary-consensus.go:424: est[1][3]={0 1} aux[1][3]={}
INFO: 23:13:11.205837 self-stabilizing-binary-consensus.go:181: binValues(1,3)={0 1}
INFO: 23:13:11.206241 self-stabilizing-binary-consensus.go:208: infoResults()={}
INFO: 23:13:11.206434 self-stabilizing-binary-consensus.go:90: round=1 repeat=3
INFO: 23:13:11.206564 self-stabilizing-binary-consensus.go:181: binValues(1,3)={0 1}
INFO: 23:13:11.206688 self-stabilizing-binary-consensus.go:129: aux[1][1]=0
INFO: 23:13:11.209350 self-stabilizing-binary-consensus.go:181: binValues(1,2)={0 1}
INFO: 23:13:11.211177 self-stabilizing-binary-consensus.go:407: RECEIVE j=0 flag=1 r=1 est={0 1} aux={0}
INFO: 23:13:11.211208 self-stabilizing-binary-consensus.go:424: est[1][0]={0 1} aux[1][0]={0}
INFO: 23:13:11.211526 self-stabilizing-binary-consensus.go:138: SEND flag=1 r=1 est={0 1} aux={0}
INFO: 23:13:11.216132 self-stabilizing-binary-consensus.go:431: SEND flag=0 r=1 est={0} aux={0}
INFO: 23:13:11.217234 self-stabilizing-binary-consensus.go:407: RECEIVE j=3 flag=1 r=1 est={0 1} aux={0}
INFO: 23:13:11.217260 self-stabilizing-binary-consensus.go:424: est[1][3]={0 1} aux[1][3]={0}
INFO: 23:13:11.219200 self-stabilizing-binary-consensus.go:431: SEND flag=0 r=1 est={0} aux={0}
INFO: 23:13:11.219316 self-stabilizing-binary-consensus.go:407: RECEIVE j=0 flag=0 r=1 est={0} aux={0}
INFO: 23:13:11.219473 self-stabilizing-binary-consensus.go:424: est[1][0]={0 1} aux[1][0]={0}
INFO: 23:13:11.219487 self-stabilizing-binary-consensus.go:407: RECEIVE j=3 flag=0 r=1 est={1} aux={0}
INFO: 23:13:11.219492 self-stabilizing-binary-consensus.go:424: est[1][3]={0 1} aux[1][3]={0}
INFO: 23:13:11.222407 self-stabilizing-binary-consensus.go:407: RECEIVE j=2 flag=0 r=1 est={1} aux={0}
INFO: 23:13:11.222450 self-stabilizing-binary-consensus.go:424: est[1][2]={0 1} aux[1][2]={0}
INFO: 23:13:11.223360 self-stabilizing-binary-consensus.go:407: RECEIVE j=0 flag=0 r=1 est={0} aux={0}
INFO: 23:13:11.223417 self-stabilizing-binary-consensus.go:424: est[1][0]={0 1} aux[1][0]={0}
INFO: 23:13:11.225064 self-stabilizing-binary-consensus.go:407: RECEIVE j=3 flag=0 r=1 est={1} aux={0}
INFO: 23:13:11.225127 self-stabilizing-binary-consensus.go:424: est[1][3]={0 1} aux[1][3]={0}
INFO: 23:13:11.226688 self-stabilizing-binary-consensus.go:407: RECEIVE j=2 flag=0 r=1 est={1} aux={0}
INFO: 23:13:11.226802 self-stabilizing-binary-consensus.go:424: est[1][2]={0 1} aux[1][2]={0}
INFO: 23:13:11.229543 self-stabilizing-binary-consensus.go:407: RECEIVE j=2 flag=0 r=1 est={1} aux={0}
INFO: 23:13:11.229656 self-stabilizing-binary-consensus.go:424: est[1][2]={0 1} aux[1][2]={0}
INFO: 23:13:13.212216 self-stabilizing-binary-consensus.go:181: binValues(1,3)={0 1}
INFO: 23:13:13.212279 self-stabilizing-binary-consensus.go:208: infoResults()={0}
INFO: 23:13:13.212296 self-stabilizing-binary-consensus.go:181: binValues(1,3)={0 1}
INFO: 23:13:13.212309 self-stabilizing-binary-consensus.go:208: infoResults()={0}
INFO: 23:13:13.212321 self-stabilizing-binary-consensus.go:252: randomBit(1)=0
INFO: 23:13:13.212335 self-stabilizing-binary-consensus.go:246: decision=0
INFO: 23:13:13.212369 self-stabilizing-binary-consensus.go:181: binValues(11,2)={}
INFO: 23:13:13.212386 self-stabilizing-binary-consensus.go:90: round=11 repeat=1
INFO: 23:13:13.212402 self-stabilizing-binary-consensus.go:181: binValues(11,3)={}
INFO: 23:13:13.212414 self-stabilizing-binary-consensus.go:181: binValues(11,2)={}
INFO: 23:13:13.213656 self-stabilizing-binary-consensus.go:407: RECEIVE j=2 flag=1 r=11 est={0} aux={0}
INFO: 23:13:13.213693 self-stabilizing-binary-consensus.go:424: est[11][2]={0} aux[11][2]={0}
INFO: 23:13:13.216586 self-stabilizing-binary-consensus.go:138: SEND flag=1 r=11 est={0} aux={0}
INFO: 23:13:13.226848 self-stabilizing-binary-consensus.go:431: SEND flag=0 r=11 est={0} aux={0}
INFO: 23:13:13.226876 self-stabilizing-binary-consensus.go:407: RECEIVE j=0 flag=1 r=11 est={0} aux={0}
INFO: 23:13:13.226885 self-stabilizing-binary-consensus.go:424: est[11][0]={0} aux[11][0]={0}
INFO: 23:13:13.236603 self-stabilizing-binary-consensus.go:431: SEND flag=0 r=11 est={0} aux={0}
INFO: 23:13:13.236647 self-stabilizing-binary-consensus.go:407: RECEIVE j=3 flag=1 r=11 est={0} aux={0}
INFO: 23:13:13.236656 self-stabilizing-binary-consensus.go:424: est[11][3]={0} aux[11][3]={0}
INFO: 23:13:13.240147 self-stabilizing-binary-consensus.go:431: SEND flag=0 r=11 est={0} aux={0}
INFO: 23:13:13.240198 self-stabilizing-binary-consensus.go:407: RECEIVE j=0 flag=0 r=11 est={0} aux={0}
INFO: 23:13:13.240212 self-stabilizing-binary-consensus.go:424: est[11][0]={0} aux[11][0]={0}
INFO: 23:13:13.240221 self-stabilizing-binary-consensus.go:407: RECEIVE j=3 flag=0 r=11 est={0} aux={0}
INFO: 23:13:13.240227 self-stabilizing-binary-consensus.go:424: est[11][3]={0} aux[11][3]={0}
INFO: 23:13:13.240235 self-stabilizing-binary-consensus.go:407: RECEIVE j=3 flag=0 r=11 est={0} aux={0}
INFO: 23:13:13.240241 self-stabilizing-binary-consensus.go:424: est[11][3]={0} aux[11][3]={0}
INFO: 23:13:13.240264 self-stabilizing-binary-consensus.go:407: RECEIVE j=2 flag=0 r=11 est={0} aux={0}
INFO: 23:13:13.240275 self-stabilizing-binary-consensus.go:424: est[11][2]={0} aux[11][2]={0}
INFO: 23:13:13.240284 self-stabilizing-binary-consensus.go:407: RECEIVE j=0 flag=0 r=11 est={0} aux={0}
INFO: 23:13:13.240305 self-stabilizing-binary-consensus.go:424: est[11][0]={0} aux[11][0]={0}
INFO: 23:13:13.240344 self-stabilizing-binary-consensus.go:407: RECEIVE j=3 flag=0 r=11 est={0} aux={0}
INFO: 23:13:13.240356 self-stabilizing-binary-consensus.go:424: est[11][3]={0} aux[11][3]={0}
INFO: 23:13:13.240395 self-stabilizing-binary-consensus.go:407: RECEIVE j=2 flag=0 r=11 est={0} aux={0}
INFO: 23:13:13.240407 self-stabilizing-binary-consensus.go:424: est[11][2]={0} aux[11][2]={0}
INFO: 23:13:13.240416 self-stabilizing-binary-consensus.go:407: RECEIVE j=2 flag=0 r=11 est={0} aux={0}
INFO: 23:13:13.240440 self-stabilizing-binary-consensus.go:424: est[11][2]={0} aux[11][2]={0}
INFO: 23:13:13.240497 self-stabilizing-binary-consensus.go:407: RECEIVE j=0 flag=0 r=11 est={0} aux={0}
INFO: 23:13:13.240506 self-stabilizing-binary-consensus.go:424: est[11][0]={0} aux[11][0]={0}
INFO: 23:13:13.394414 self-stabilizing-binary-consensus.go:407: RECEIVE j=2 flag=1 r=11 est={0} aux={0}
INFO: 23:13:13.394663 self-stabilizing-binary-consensus.go:424: est[11][2]={0} aux[11][2]={0}
INFO: 23:13:13.401027 self-stabilizing-binary-consensus.go:431: SEND flag=0 r=11 est={0} aux={0}
INFO: 23:13:13.401097 self-stabilizing-binary-consensus.go:407: RECEIVE j=3 flag=0 r=11 est={0} aux={0}
INFO: 23:13:13.401133 self-stabilizing-binary-consensus.go:424: est[11][3]={0} aux[11][3]={0}
INFO: 23:13:13.405109 self-stabilizing-binary-consensus.go:407: RECEIVE j=0 flag=0 r=11 est={0} aux={0}
INFO: 23:13:13.405147 self-stabilizing-binary-consensus.go:424: est[11][0]={0} aux[11][0]={0}
INFO: 23:13:15.217645 self-stabilizing-binary-consensus.go:181: binValues(11,3)={0}
INFO: 23:13:15.218657 self-stabilizing-binary-consensus.go:208: infoResults()={0}
INFO: 23:13:15.218707 self-stabilizing-binary-consensus.go:181: binValues(11,3)={0}
INFO: 23:13:15.218753 self-stabilizing-binary-consensus.go:208: infoResults()={0}
INFO: 23:13:15.218769 self-stabilizing-binary-consensus.go:252: randomBit(11)=0
INFO: 23:13:15.218790 self-stabilizing-binary-consensus.go:246: decision=0
INFO: 23:13:15.219623 self-stabilizing-binary-consensus.go:181: binValues(11,2)={0}
INFO: 23:13:15.219720 self-stabilizing-binary-consensus.go:246: decision=0
INFO: 23:13:15.219809 self-stabilizing-binary-consensus.go:90: round=11 repeat=1
INFO: 23:13:15.219841 self-stabilizing-binary-consensus.go:181: binValues(11,3)={0}
INFO: 23:13:15.219856 self-stabilizing-binary-consensus.go:181: binValues(11,2)={0}
INFO: 23:13:15.223975 self-stabilizing-binary-consensus.go:138: SEND flag=1 r=11 est={0} aux={0}
INFO: 23:13:15.227086 self-stabilizing-binary-consensus.go:407: RECEIVE j=0 flag=1 r=11 est={0} aux={0}
INFO: 23:13:15.228581 self-stabilizing-binary-consensus.go:424: est[11][0]={0} aux[11][0]={0}
INFO: 23:13:15.233444 self-stabilizing-binary-consensus.go:407: RECEIVE j=0 flag=0 r=11 est={0} aux={0}
INFO: 23:13:15.233478 self-stabilizing-binary-consensus.go:424: est[11][0]={0} aux[11][0]={0}
INFO: 23:13:15.233622 self-stabilizing-binary-consensus.go:407: RECEIVE j=2 flag=0 r=11 est={0} aux={0}
INFO: 23:13:15.233642 self-stabilizing-binary-consensus.go:424: est[11][2]={0} aux[11][2]={0}
INFO: 23:13:15.234570 self-stabilizing-binary-consensus.go:407: RECEIVE j=3 flag=0 r=11 est={0} aux={0}
INFO: 23:13:15.234600 self-stabilizing-binary-consensus.go:424: est[11][3]={0} aux[11][3]={0}
INFO: 23:13:15.234726 self-stabilizing-binary-consensus.go:407: RECEIVE j=3 flag=1 r=11 est={0} aux={0}
INFO: 23:13:15.234746 self-stabilizing-binary-consensus.go:424: est[11][3]={0} aux[11][3]={0}
INFO: 23:13:15.236747 self-stabilizing-binary-consensus.go:431: SEND flag=0 r=11 est={0} aux={0}
INFO: 23:13:15.236774 self-stabilizing-binary-consensus.go:407: RECEIVE j=2 flag=0 r=11 est={0} aux={0}
INFO: 23:13:15.236782 self-stabilizing-binary-consensus.go:424: est[11][2]={0} aux[11][2]={0}
INFO: 23:13:15.236788 self-stabilizing-binary-consensus.go:407: RECEIVE j=0 flag=0 r=11 est={0} aux={0}
INFO: 23:13:15.236792 self-stabilizing-binary-consensus.go:424: est[11][0]={0} aux[11][0]={0}
INFO: 23:13:15.238301 self-stabilizing-binary-consensus.go:407: RECEIVE j=3 flag=0 r=11 est={0} aux={0}
INFO: 23:13:15.238341 self-stabilizing-binary-consensus.go:424: est[11][3]={0} aux[11][3]={0}
INFO: 23:13:15.239368 self-stabilizing-binary-consensus.go:431: SEND flag=0 r=11 est={0} aux={0}
INFO: 23:13:15.241214 self-stabilizing-binary-consensus.go:407: RECEIVE j=2 flag=0 r=11 est={0} aux={0}
INFO: 23:13:15.241258 self-stabilizing-binary-consensus.go:424: est[11][2]={0} aux[11][2]={0}
INFO: 23:13:15.401192 self-stabilizing-binary-consensus.go:407: RECEIVE j=2 flag=1 r=11 est={0} aux={0}
INFO: 23:13:15.401326 self-stabilizing-binary-consensus.go:424: est[11][2]={0} aux[11][2]={0}
INFO: 23:13:15.409409 self-stabilizing-binary-consensus.go:407: RECEIVE j=0 flag=0 r=11 est={0} aux={0}
INFO: 23:13:15.409453 self-stabilizing-binary-consensus.go:424: est[11][0]={0} aux[11][0]={0}
INFO: 23:13:15.414154 self-stabilizing-binary-consensus.go:407: RECEIVE j=3 flag=0 r=11 est={0} aux={0}
INFO: 23:13:15.414227 self-stabilizing-binary-consensus.go:424: est[11][3]={0} aux[11][3]={0}
INFO: 23:13:15.414562 self-stabilizing-binary-consensus.go:431: SEND flag=0 r=11 est={0} aux={0}
INFO: 23:13:17.224290 self-stabilizing-binary-consensus.go:181: binValues(11,3)={0}
INFO: 23:13:17.224574 self-stabilizing-binary-consensus.go:208: infoResults()={0}
INFO: 23:13:17.224665 self-stabilizing-binary-consensus.go:181: binValues(11,3)={0}
INFO: 23:13:17.224685 self-stabilizing-binary-consensus.go:208: infoResults()={0}
INFO: 23:13:17.224703 self-stabilizing-binary-consensus.go:252: randomBit(11)=0
INFO: 23:13:17.224720 self-stabilizing-binary-consensus.go:246: decision=0
INFO: 23:13:17.224770 self-stabilizing-binary-consensus.go:181: binValues(11,2)={0}
INFO: 23:13:17.224863 self-stabilizing-binary-consensus.go:246: decision=0
INFO: 23:13:17.225057 self-stabilizing-binary-consensus.go:90: round=11 repeat=1
INFO: 23:13:17.225150 self-stabilizing-binary-consensus.go:181: binValues(11,3)={0}
INFO: 23:13:17.225177 self-stabilizing-binary-consensus.go:181: binValues(11,2)={0}
INFO: 23:13:17.236646 self-stabilizing-binary-consensus.go:138: SEND flag=1 r=11 est={0} aux={0}
INFO: 23:13:17.251220 self-stabilizing-binary-consensus.go:407: RECEIVE j=3 flag=0 r=11 est={0} aux={0}
INFO: 23:13:17.251319 self-stabilizing-binary-consensus.go:424: est[11][3]={0} aux[11][3]={0}
INFO: 23:13:17.256305 self-stabilizing-binary-consensus.go:407: RECEIVE j=2 flag=0 r=11 est={0} aux={0}
INFO: 23:13:17.256344 self-stabilizing-binary-consensus.go:424: est[11][2]={0} aux[11][2]={0}
INFO: 23:13:17.257220 self-stabilizing-binary-consensus.go:407: RECEIVE j=0 flag=0 r=11 est={0} aux={0}
INFO: 23:13:17.257266 self-stabilizing-binary-consensus.go:424: est[11][0]={0} aux[11][0]={0}
INFO: 23:13:17.259177 self-stabilizing-binary-consensus.go:407: RECEIVE j=0 flag=1 r=11 est={0} aux={0}
INFO: 23:13:17.259224 self-stabilizing-binary-consensus.go:424: est[11][0]={0} aux[11][0]={0}
INFO: 23:13:17.262991 self-stabilizing-binary-consensus.go:407: RECEIVE j=3 flag=1 r=11 est={0} aux={0}
INFO: 23:13:17.263075 self-stabilizing-binary-consensus.go:424: est[11][3]={0} aux[11][3]={0}
INFO: 23:13:17.266625 self-stabilizing-binary-consensus.go:431: SEND flag=0 r=11 est={0} aux={0}
INFO: 23:13:17.272979 self-stabilizing-binary-consensus.go:407: RECEIVE j=2 flag=0 r=11 est={0} aux={0}
INFO: 23:13:17.273035 self-stabilizing-binary-consensus.go:424: est[11][2]={0} aux[11][2]={0}
INFO: 23:13:17.273968 self-stabilizing-binary-consensus.go:407: RECEIVE j=2 flag=0 r=11 est={0} aux={0}
INFO: 23:13:17.274014 self-stabilizing-binary-consensus.go:424: est[11][2]={0} aux[11][2]={0}
INFO: 23:13:17.275030 self-stabilizing-binary-consensus.go:407: RECEIVE j=0 flag=0 r=11 est={0} aux={0}
INFO: 23:13:17.275086 self-stabilizing-binary-consensus.go:424: est[11][0]={0} aux[11][0]={0}
INFO: 23:13:17.276915 self-stabilizing-binary-consensus.go:407: RECEIVE j=3 flag=0 r=11 est={0} aux={0}
INFO: 23:13:17.276962 self-stabilizing-binary-consensus.go:424: est[11][3]={0} aux[11][3]={0}
INFO: 23:13:17.277001 self-stabilizing-binary-consensus.go:431: SEND flag=0 r=11 est={0} aux={0}
INFO: 23:13:17.407722 self-stabilizing-binary-consensus.go:407: RECEIVE j=2 flag=1 r=11 est={0} aux={0}
INFO: 23:13:17.408428 self-stabilizing-binary-consensus.go:424: est[11][2]={0} aux[11][2]={0}
INFO: 23:13:17.413475 self-stabilizing-binary-consensus.go:407: RECEIVE j=0 flag=0 r=11 est={0} aux={0}
INFO: 23:13:17.413588 self-stabilizing-binary-consensus.go:424: est[11][0]={0} aux[11][0]={0}
INFO: 23:13:17.419006 self-stabilizing-binary-consensus.go:431: SEND flag=0 r=11 est={0} aux={0}
INFO: 23:13:17.420368 self-stabilizing-binary-consensus.go:407: RECEIVE j=3 flag=0 r=11 est={0} aux={0}
INFO: 23:13:17.421545 self-stabilizing-binary-consensus.go:424: est[11][3]={0} aux[11][3]={0}
INFO: 23:13:19.238828 self-stabilizing-binary-consensus.go:181: binValues(11,3)={0}
INFO: 23:13:19.238927 self-stabilizing-binary-consensus.go:208: infoResults()={0}
INFO: 23:13:19.238949 self-stabilizing-binary-consensus.go:181: binValues(11,3)={0}
INFO: 23:13:19.238965 self-stabilizing-binary-consensus.go:208: infoResults()={0}
INFO: 23:13:19.238980 self-stabilizing-binary-consensus.go:252: randomBit(11)=0
INFO: 23:13:19.238995 self-stabilizing-binary-consensus.go:246: decision=0
INFO: 23:13:19.239112 self-stabilizing-binary-consensus.go:181: binValues(11,2)={0}
INFO: 23:13:19.239197 self-stabilizing-binary-consensus.go:246: decision=0
INFO: 23:13:19.239234 self-stabilizing-binary-consensus.go:90: round=11 repeat=1
INFO: 23:13:19.239323 self-stabilizing-binary-consensus.go:181: binValues(11,3)={0}
INFO: 23:13:19.239533 self-stabilizing-binary-consensus.go:181: binValues(11,2)={0}
INFO: 23:13:19.246297 self-stabilizing-binary-consensus.go:138: SEND flag=1 r=11 est={0} aux={0}
INFO: 23:13:19.254465 self-stabilizing-binary-consensus.go:407: RECEIVE j=2 flag=0 r=11 est={0} aux={0}
INFO: 23:13:19.254545 self-stabilizing-binary-consensus.go:424: est[11][2]={0} aux[11][2]={0}
INFO: 23:13:19.255321 self-stabilizing-binary-consensus.go:407: RECEIVE j=0 flag=0 r=11 est={0} aux={0}
INFO: 23:13:19.255333 self-stabilizing-binary-consensus.go:424: est[11][0]={0} aux[11][0]={0}
INFO: 23:13:19.257123 self-stabilizing-binary-consensus.go:407: RECEIVE j=3 flag=0 r=11 est={0} aux={0}
INFO: 23:13:19.257152 self-stabilizing-binary-consensus.go:424: est[11][3]={0} aux[11][3]={0}
INFO: 23:13:19.265482 self-stabilizing-binary-consensus.go:407: RECEIVE j=0 flag=0 r=11 est={0} aux={0}
INFO: 23:13:19.265521 self-stabilizing-binary-consensus.go:424: est[11][0]={0} aux[11][0]={0}
INFO: 23:13:19.265664 self-stabilizing-binary-consensus.go:407: RECEIVE j=2 flag=0 r=11 est={0} aux={0}
INFO: 23:13:19.265687 self-stabilizing-binary-consensus.go:424: est[11][2]={0} aux[11][2]={0}
INFO: 23:13:19.265810 self-stabilizing-binary-consensus.go:407: RECEIVE j=3 flag=1 r=11 est={0} aux={0}
INFO: 23:13:19.265830 self-stabilizing-binary-consensus.go:424: est[11][3]={0} aux[11][3]={0}
INFO: 23:13:19.267564 self-stabilizing-binary-consensus.go:431: SEND flag=0 r=11 est={0} aux={0}
INFO: 23:13:19.273208 self-stabilizing-binary-consensus.go:407: RECEIVE j=0 flag=1 r=11 est={0} aux={0}
INFO: 23:13:19.273235 self-stabilizing-binary-consensus.go:424: est[11][0]={0} aux[11][0]={0}
INFO: 23:13:19.276286 self-stabilizing-binary-consensus.go:407: RECEIVE j=3 flag=0 r=11 est={0} aux={0}
INFO: 23:13:19.276341 self-stabilizing-binary-consensus.go:424: est[11][3]={0} aux[11][3]={0}
INFO: 23:13:19.276544 self-stabilizing-binary-consensus.go:407: RECEIVE j=2 flag=0 r=11 est={0} aux={0}
INFO: 23:13:19.276570 self-stabilizing-binary-consensus.go:424: est[11][2]={0} aux[11][2]={0}
INFO: 23:13:19.276932 self-stabilizing-binary-consensus.go:431: SEND flag=0 r=11 est={0} aux={0}
INFO: 23:13:19.416776 self-stabilizing-binary-consensus.go:407: RECEIVE j=2 flag=1 r=11 est={0} aux={0}
INFO: 23:13:19.416963 self-stabilizing-binary-consensus.go:424: est[11][2]={0} aux[11][2]={0}
INFO: 23:13:19.422291 self-stabilizing-binary-consensus.go:431: SEND flag=0 r=11 est={0} aux={0}
INFO: 23:13:19.424252 self-stabilizing-binary-consensus.go:407: RECEIVE j=3 flag=0 r=11 est={0} aux={0}
INFO: 23:13:19.424323 self-stabilizing-binary-consensus.go:424: est[11][3]={0} aux[11][3]={0}
INFO: 23:13:19.428905 self-stabilizing-binary-consensus.go:407: RECEIVE j=0 flag=0 r=11 est={0} aux={0}
INFO: 23:13:19.428930 self-stabilizing-binary-consensus.go:424: est[11][0]={0} aux[11][0]={0}
