INFO: 01:17:10.727429 main.go:29: ID:1 | N:4 | F:1 | Clients:1 | Scenario:NORMAL | Remote:false

INFO: 01:17:10.728178 messenger.go:90: Receive from Server 0 on tcp://*:4100
INFO: 01:17:10.728583 messenger.go:107: Send to Server 0 on tcp://localhost:4001
INFO: 01:17:10.728643 messenger.go:90: Receive from Server 2 on tcp://*:4102
INFO: 01:17:10.728705 messenger.go:107: Send to Server 2 on tcp://localhost:4201
INFO: 01:17:10.728740 messenger.go:90: Receive from Server 3 on tcp://*:4103
INFO: 01:17:10.728798 messenger.go:107: Send to Server 3 on tcp://localhost:4301
INFO: 01:17:10.728819 messenger.go:113: -----------------------------------------
INFO: 01:17:10.728851 messenger.go:135: Requests from Client 0 on tcp://*:7100
INFO: 01:17:10.728915 messenger.go:152: Response to Client 0 on tcp://*:10100
INFO: 01:17:10.728936 messenger.go:155: -----------------------------------------

INFO: 01:17:10.732192 main.go:83: Initial estimate value:  0
INFO: 01:17:10.732264 self-stabilizing-binary-consensus.go:93: round=1 repeat=1
INFO: 01:17:10.732286 self-stabilizing-binary-consensus.go:200: binValues(1,3)={}
INFO: 01:17:10.732294 self-stabilizing-binary-consensus.go:200: binValues(1,2)={}
INFO: 01:17:10.734038 self-stabilizing-binary-consensus.go:141: SEND flag=1 r=1 est={0} aux={}
INFO: 01:17:10.848968 self-stabilizing-binary-consensus.go:431: RECEIVE j=2 flag=1 r=1 est={0} aux={}
INFO: 01:17:10.850715 self-stabilizing-binary-consensus.go:433: est[1][2]={0} aux[1][2]={}
INFO: 01:17:10.853314 self-stabilizing-binary-consensus.go:441: SEND flag=0 r=1 est={0} aux={}
INFO: 01:17:10.853378 self-stabilizing-binary-consensus.go:431: RECEIVE j=2 flag=0 r=1 est={0} aux={}
INFO: 01:17:10.853387 self-stabilizing-binary-consensus.go:433: est[1][2]={0} aux[1][2]={}
INFO: 01:17:10.853394 self-stabilizing-binary-consensus.go:431: RECEIVE j=2 flag=0 r=1 est={0} aux={}
INFO: 01:17:10.853398 self-stabilizing-binary-consensus.go:433: est[1][2]={0} aux[1][2]={}
INFO: 01:17:10.871173 self-stabilizing-binary-consensus.go:431: RECEIVE j=2 flag=0 r=1 est={0} aux={}
INFO: 01:17:10.871341 self-stabilizing-binary-consensus.go:433: est[1][2]={0} aux[1][2]={}
INFO: 01:17:10.882040 self-stabilizing-binary-consensus.go:431: RECEIVE j=0 flag=1 r=1 est={0} aux={}
INFO: 01:17:10.882088 self-stabilizing-binary-consensus.go:433: est[1][0]={0} aux[1][0]={}
INFO: 01:17:10.886540 self-stabilizing-binary-consensus.go:441: SEND flag=0 r=1 est={0} aux={}
INFO: 01:17:10.886660 self-stabilizing-binary-consensus.go:431: RECEIVE j=0 flag=0 r=1 est={0} aux={}
INFO: 01:17:10.886668 self-stabilizing-binary-consensus.go:433: est[1][0]={0} aux[1][0]={}
INFO: 01:17:10.887885 self-stabilizing-binary-consensus.go:431: RECEIVE j=0 flag=0 r=1 est={0} aux={}
INFO: 01:17:10.888026 self-stabilizing-binary-consensus.go:433: est[1][0]={0} aux[1][0]={}
INFO: 01:17:10.888596 self-stabilizing-binary-consensus.go:431: RECEIVE j=3 flag=1 r=1 est={0} aux={}
INFO: 01:17:10.888693 self-stabilizing-binary-consensus.go:433: est[1][3]={0} aux[1][3]={}
INFO: 01:17:10.893008 self-stabilizing-binary-consensus.go:441: SEND flag=0 r=1 est={0} aux={}
INFO: 01:17:10.893037 self-stabilizing-binary-consensus.go:431: RECEIVE j=0 flag=0 r=1 est={0} aux={}
INFO: 01:17:10.893044 self-stabilizing-binary-consensus.go:433: est[1][0]={0} aux[1][0]={}
INFO: 01:17:10.893050 self-stabilizing-binary-consensus.go:431: RECEIVE j=3 flag=0 r=1 est={0} aux={}
INFO: 01:17:10.893054 self-stabilizing-binary-consensus.go:433: est[1][3]={0} aux[1][3]={}
INFO: 01:17:10.893060 self-stabilizing-binary-consensus.go:431: RECEIVE j=3 flag=0 r=1 est={0} aux={}
INFO: 01:17:10.893064 self-stabilizing-binary-consensus.go:433: est[1][3]={0} aux[1][3]={}
INFO: 01:17:10.896431 self-stabilizing-binary-consensus.go:431: RECEIVE j=3 flag=0 r=1 est={0} aux={}
INFO: 01:17:10.896484 self-stabilizing-binary-consensus.go:433: est[1][3]={0} aux[1][3]={}
INFO: 01:17:11.735432 self-stabilizing-binary-consensus.go:200: binValues(1,3)={0}
INFO: 01:17:11.735553 self-stabilizing-binary-consensus.go:225: infoResults()={}
INFO: 01:17:11.735585 self-stabilizing-binary-consensus.go:93: round=1 repeat=2
INFO: 01:17:11.735621 self-stabilizing-binary-consensus.go:200: binValues(1,3)={0}
INFO: 01:17:11.735637 self-stabilizing-binary-consensus.go:132: aux[1][1]=0
INFO: 01:17:11.735654 self-stabilizing-binary-consensus.go:200: binValues(1,2)={0}
INFO: 01:17:11.745648 self-stabilizing-binary-consensus.go:141: SEND flag=1 r=1 est={0} aux={0}
INFO: 01:17:11.748866 self-stabilizing-binary-consensus.go:431: RECEIVE j=0 flag=1 r=1 est={0} aux={0}
INFO: 01:17:11.752176 self-stabilizing-binary-consensus.go:433: est[1][0]={0} aux[1][0]={0}
INFO: 01:17:11.758358 self-stabilizing-binary-consensus.go:441: SEND flag=0 r=1 est={0} aux={0}
INFO: 01:17:11.758437 self-stabilizing-binary-consensus.go:431: RECEIVE j=3 flag=1 r=1 est={0} aux={0}
INFO: 01:17:11.758470 self-stabilizing-binary-consensus.go:433: est[1][3]={0} aux[1][3]={0}
INFO: 01:17:11.766704 self-stabilizing-binary-consensus.go:441: SEND flag=0 r=1 est={0} aux={0}
INFO: 01:17:11.766768 self-stabilizing-binary-consensus.go:431: RECEIVE j=2 flag=0 r=1 est={0} aux={0}
INFO: 01:17:11.766780 self-stabilizing-binary-consensus.go:433: est[1][2]={0} aux[1][2]={0}
INFO: 01:17:11.766788 self-stabilizing-binary-consensus.go:431: RECEIVE j=2 flag=1 r=1 est={0} aux={0}
INFO: 01:17:11.766794 self-stabilizing-binary-consensus.go:433: est[1][2]={0} aux[1][2]={0}
INFO: 01:17:11.771365 self-stabilizing-binary-consensus.go:441: SEND flag=0 r=1 est={0} aux={0}
INFO: 01:17:11.771439 self-stabilizing-binary-consensus.go:431: RECEIVE j=2 flag=0 r=1 est={0} aux={0}
INFO: 01:17:11.771471 self-stabilizing-binary-consensus.go:433: est[1][2]={0} aux[1][2]={0}
INFO: 01:17:11.771493 self-stabilizing-binary-consensus.go:431: RECEIVE j=3 flag=0 r=1 est={0} aux={0}
INFO: 01:17:11.771512 self-stabilizing-binary-consensus.go:433: est[1][3]={0} aux[1][3]={0}
INFO: 01:17:11.771533 self-stabilizing-binary-consensus.go:431: RECEIVE j=3 flag=0 r=1 est={0} aux={0}
INFO: 01:17:11.771553 self-stabilizing-binary-consensus.go:433: est[1][3]={0} aux[1][3]={0}
INFO: 01:17:11.771574 self-stabilizing-binary-consensus.go:431: RECEIVE j=2 flag=0 r=1 est={0} aux={0}
INFO: 01:17:11.771593 self-stabilizing-binary-consensus.go:433: est[1][2]={0} aux[1][2]={0}
INFO: 01:17:11.772717 self-stabilizing-binary-consensus.go:431: RECEIVE j=0 flag=0 r=1 est={0} aux={0}
INFO: 01:17:11.772946 self-stabilizing-binary-consensus.go:433: est[1][0]={0} aux[1][0]={0}
INFO: 01:17:11.775429 self-stabilizing-binary-consensus.go:431: RECEIVE j=0 flag=0 r=1 est={0} aux={0}
INFO: 01:17:11.775507 self-stabilizing-binary-consensus.go:433: est[1][0]={0} aux[1][0]={0}
INFO: 01:17:11.777027 self-stabilizing-binary-consensus.go:431: RECEIVE j=3 flag=0 r=1 est={0} aux={0}
INFO: 01:17:11.777944 self-stabilizing-binary-consensus.go:433: est[1][3]={0} aux[1][3]={0}
INFO: 01:17:11.777982 self-stabilizing-binary-consensus.go:431: RECEIVE j=0 flag=0 r=1 est={0} aux={0}
INFO: 01:17:11.778005 self-stabilizing-binary-consensus.go:433: est[1][0]={0} aux[1][0]={0}
INFO: 01:17:12.752712 self-stabilizing-binary-consensus.go:200: binValues(1,3)={0}
INFO: 01:17:12.752831 self-stabilizing-binary-consensus.go:225: infoResults()={0}
INFO: 01:17:12.752855 self-stabilizing-binary-consensus.go:200: binValues(1,3)={0}
INFO: 01:17:12.752869 self-stabilizing-binary-consensus.go:225: infoResults()={0}
INFO: 01:17:12.752882 self-stabilizing-binary-consensus.go:256: randomBit(1)=0
INFO: 01:17:12.752897 self-stabilizing-binary-consensus.go:249: decision=0
INFO: 01:17:12.752926 self-stabilizing-binary-consensus.go:200: binValues(11,2)={}
INFO: 01:17:12.752944 self-stabilizing-binary-consensus.go:93: round=11 repeat=1
INFO: 01:17:12.752960 self-stabilizing-binary-consensus.go:200: binValues(11,3)={}
INFO: 01:17:12.752972 self-stabilizing-binary-consensus.go:200: binValues(11,2)={}
INFO: 01:17:12.755453 self-stabilizing-binary-consensus.go:141: SEND flag=1 r=11 est={0} aux={0}
INFO: 01:17:12.760811 self-stabilizing-binary-consensus.go:431: RECEIVE j=3 flag=1 r=11 est={0} aux={0}
INFO: 01:17:12.760885 self-stabilizing-binary-consensus.go:433: est[11][3]={0} aux[11][3]={0}
INFO: 01:17:12.764912 self-stabilizing-binary-consensus.go:441: SEND flag=0 r=11 est={0} aux={0}
INFO: 01:17:12.764967 self-stabilizing-binary-consensus.go:431: RECEIVE j=2 flag=1 r=11 est={0} aux={0}
INFO: 01:17:12.764989 self-stabilizing-binary-consensus.go:433: est[11][2]={0} aux[11][2]={0}
INFO: 01:17:12.772398 self-stabilizing-binary-consensus.go:441: SEND flag=0 r=11 est={0} aux={0}
INFO: 01:17:12.774188 self-stabilizing-binary-consensus.go:431: RECEIVE j=2 flag=0 r=11 est={0} aux={0}
INFO: 01:17:12.774259 self-stabilizing-binary-consensus.go:433: est[11][2]={0} aux[11][2]={0}
INFO: 01:17:12.774527 self-stabilizing-binary-consensus.go:431: RECEIVE j=0 flag=1 r=11 est={0} aux={0}
INFO: 01:17:12.774565 self-stabilizing-binary-consensus.go:433: est[11][0]={0} aux[11][0]={0}
INFO: 01:17:12.778355 self-stabilizing-binary-consensus.go:441: SEND flag=0 r=11 est={0} aux={0}
INFO: 01:17:12.779419 self-stabilizing-binary-consensus.go:431: RECEIVE j=2 flag=0 r=11 est={0} aux={0}
INFO: 01:17:12.779490 self-stabilizing-binary-consensus.go:433: est[11][2]={0} aux[11][2]={0}
INFO: 01:17:12.779574 self-stabilizing-binary-consensus.go:431: RECEIVE j=3 flag=0 r=11 est={0} aux={0}
INFO: 01:17:12.779602 self-stabilizing-binary-consensus.go:433: est[11][3]={0} aux[11][3]={0}
INFO: 01:17:12.779617 self-stabilizing-binary-consensus.go:431: RECEIVE j=2 flag=0 r=11 est={0} aux={0}
INFO: 01:17:12.779624 self-stabilizing-binary-consensus.go:433: est[11][2]={0} aux[11][2]={0}
INFO: 01:17:12.779634 self-stabilizing-binary-consensus.go:431: RECEIVE j=0 flag=0 r=11 est={0} aux={0}
INFO: 01:17:12.779722 self-stabilizing-binary-consensus.go:433: est[11][0]={0} aux[11][0]={0}
INFO: 01:17:12.779806 self-stabilizing-binary-consensus.go:431: RECEIVE j=0 flag=0 r=11 est={0} aux={0}
INFO: 01:17:12.779832 self-stabilizing-binary-consensus.go:433: est[11][0]={0} aux[11][0]={0}
INFO: 01:17:12.780401 self-stabilizing-binary-consensus.go:431: RECEIVE j=3 flag=0 r=11 est={0} aux={0}
INFO: 01:17:12.780582 self-stabilizing-binary-consensus.go:433: est[11][3]={0} aux[11][3]={0}
INFO: 01:17:12.785752 self-stabilizing-binary-consensus.go:431: RECEIVE j=0 flag=0 r=11 est={0} aux={0}
INFO: 01:17:12.789919 self-stabilizing-binary-consensus.go:433: est[11][0]={0} aux[11][0]={0}
INFO: 01:17:12.790081 self-stabilizing-binary-consensus.go:431: RECEIVE j=3 flag=0 r=11 est={0} aux={0}
INFO: 01:17:12.790092 self-stabilizing-binary-consensus.go:433: est[11][3]={0} aux[11][3]={0}
INFO: 01:17:13.733057 self-stabilizing-multivalued-consensus.go:18: Successful decide
