INFO: 01:41:03.095959 main.go:29: ID:1 | N:10 | F:3 | Clients:1 | Scenario:NORMAL | Remote:false

INFO: 01:41:03.096398 messenger.go:90: Receive from Server 0 on tcp://*:4100
INFO: 01:41:03.096544 messenger.go:107: Send to Server 0 on tcp://localhost:4001
INFO: 01:41:03.096580 messenger.go:90: Receive from Server 2 on tcp://*:4102
INFO: 01:41:03.096635 messenger.go:107: Send to Server 2 on tcp://localhost:4201
INFO: 01:41:03.096682 messenger.go:90: Receive from Server 3 on tcp://*:4103
INFO: 01:41:03.096724 messenger.go:107: Send to Server 3 on tcp://localhost:4301
INFO: 01:41:03.096776 messenger.go:90: Receive from Server 4 on tcp://*:4104
INFO: 01:41:03.096816 messenger.go:107: Send to Server 4 on tcp://localhost:4401
INFO: 01:41:03.096865 messenger.go:90: Receive from Server 5 on tcp://*:4105
INFO: 01:41:03.096906 messenger.go:107: Send to Server 5 on tcp://localhost:4501
INFO: 01:41:03.096950 messenger.go:90: Receive from Server 6 on tcp://*:4106
INFO: 01:41:03.096992 messenger.go:107: Send to Server 6 on tcp://localhost:4601
INFO: 01:41:03.097020 messenger.go:90: Receive from Server 7 on tcp://*:4107
INFO: 01:41:03.097041 messenger.go:107: Send to Server 7 on tcp://localhost:4701
INFO: 01:41:03.098911 messenger.go:90: Receive from Server 8 on tcp://*:4108
INFO: 01:41:03.099017 messenger.go:107: Send to Server 8 on tcp://localhost:4801
INFO: 01:41:03.099097 messenger.go:90: Receive from Server 9 on tcp://*:4109
INFO: 01:41:03.099141 messenger.go:107: Send to Server 9 on tcp://localhost:4901
INFO: 01:41:03.099184 messenger.go:113: -----------------------------------------
INFO: 01:41:03.099241 messenger.go:135: Requests from Client 0 on tcp://*:7100
INFO: 01:41:03.099313 messenger.go:152: Response to Client 0 on tcp://*:10100
INFO: 01:41:03.099333 messenger.go:155: -----------------------------------------

INFO: 01:41:03.104403 main.go:83: Initial estimate value:  0
