INFO: 21:01:43.745362 main.go:29: ID:1 | N:4 | F:1 | Clients:1 | Scenario:NORMAL | Remote:false

INFO: 21:01:43.746089 messenger.go:90: Receive from Server 0 on tcp://*:4100
INFO: 21:01:43.746718 messenger.go:107: Send to Server 0 on tcp://localhost:4001
INFO: 21:01:43.746927 messenger.go:90: Receive from Server 2 on tcp://*:4102
INFO: 21:01:43.747027 messenger.go:107: Send to Server 2 on tcp://localhost:4201
INFO: 21:01:43.747676 messenger.go:90: Receive from Server 3 on tcp://*:4103
INFO: 21:01:43.747709 messenger.go:107: Send to Server 3 on tcp://localhost:4301
INFO: 21:01:43.747715 messenger.go:113: -----------------------------------------
INFO: 21:01:43.747785 messenger.go:135: Requests from Client 0 on tcp://*:7100
INFO: 21:01:43.747834 messenger.go:152: Response to Client 0 on tcp://*:10100
INFO: 21:01:43.748062 messenger.go:155: -----------------------------------------

INFO: 21:01:43.751341 main.go:83: Initial estimate value:  0
INFO: 21:01:43.751478 self-stabilizing-binary-consensus.go:93: round=1 repeat=1
INFO: 21:01:43.751522 self-stabilizing-binary-consensus.go:200: binValues(1,3)={}
INFO: 21:01:43.751563 self-stabilizing-binary-consensus.go:200: binValues(1,2)={}
INFO: 21:01:43.753836 self-stabilizing-binary-consensus.go:141: SEND flag=1 r=1 est={0} aux={}
INFO: 21:01:43.905045 self-stabilizing-binary-consensus.go:431: RECEIVE j=0 flag=1 r=1 est={0} aux={}
INFO: 21:01:43.905215 self-stabilizing-binary-consensus.go:433: est[1][0]={0} aux[1][0]={}
INFO: 21:01:43.907442 self-stabilizing-binary-consensus.go:441: SEND flag=0 r=1 est={0} aux={}
INFO: 21:01:43.907519 self-stabilizing-binary-consensus.go:431: RECEIVE j=0 flag=0 r=1 est={0} aux={}
INFO: 21:01:43.907560 self-stabilizing-binary-consensus.go:433: est[1][0]={0} aux[1][0]={}
INFO: 21:01:43.911815 self-stabilizing-binary-consensus.go:431: RECEIVE j=2 flag=0 r=1 est={1} aux={}
INFO: 21:01:43.912649 self-stabilizing-binary-consensus.go:433: est[1][2]={1} aux[1][2]={}
INFO: 21:01:43.912752 self-stabilizing-binary-consensus.go:431: RECEIVE j=2 flag=1 r=1 est={1} aux={}
INFO: 21:01:43.919664 self-stabilizing-binary-consensus.go:433: est[1][2]={1} aux[1][2]={}
INFO: 21:01:43.922687 self-stabilizing-binary-consensus.go:441: SEND flag=0 r=1 est={0} aux={}
INFO: 21:01:43.922784 self-stabilizing-binary-consensus.go:431: RECEIVE j=2 flag=0 r=1 est={1} aux={}
INFO: 21:01:43.922842 self-stabilizing-binary-consensus.go:433: est[1][2]={1} aux[1][2]={}
INFO: 21:01:43.922881 self-stabilizing-binary-consensus.go:431: RECEIVE j=3 flag=1 r=1 est={1} aux={}
INFO: 21:01:43.922927 self-stabilizing-binary-consensus.go:433: est[1][3]={1} aux[1][3]={}
INFO: 21:01:43.926964 self-stabilizing-binary-consensus.go:441: SEND flag=0 r=1 est={0} aux={}
INFO: 21:01:43.926998 self-stabilizing-binary-consensus.go:431: RECEIVE j=3 flag=0 r=1 est={1} aux={}
INFO: 21:01:43.927013 self-stabilizing-binary-consensus.go:433: est[1][3]={1} aux[1][3]={}
INFO: 21:01:43.927029 self-stabilizing-binary-consensus.go:431: RECEIVE j=3 flag=0 r=1 est={1} aux={}
INFO: 21:01:43.927060 self-stabilizing-binary-consensus.go:433: est[1][3]={1} aux[1][3]={}
INFO: 21:01:43.927098 self-stabilizing-binary-consensus.go:431: RECEIVE j=2 flag=0 r=1 est={1} aux={}
INFO: 21:01:43.927196 self-stabilizing-binary-consensus.go:433: est[1][2]={1} aux[1][2]={}
INFO: 21:01:43.927224 self-stabilizing-binary-consensus.go:431: RECEIVE j=3 flag=0 r=1 est={1} aux={}
INFO: 21:01:43.927239 self-stabilizing-binary-consensus.go:433: est[1][3]={1} aux[1][3]={}
INFO: 21:01:43.927254 self-stabilizing-binary-consensus.go:431: RECEIVE j=0 flag=0 r=1 est={0} aux={}
INFO: 21:01:43.927285 self-stabilizing-binary-consensus.go:433: est[1][0]={0} aux[1][0]={}
INFO: 21:01:43.927323 self-stabilizing-binary-consensus.go:431: RECEIVE j=0 flag=0 r=1 est={0} aux={}
INFO: 21:01:43.927827 self-stabilizing-binary-consensus.go:433: est[1][0]={0} aux[1][0]={}
INFO: 21:01:44.747126 self-stabilizing-binary-consensus.go:431: RECEIVE j=0 flag=1 r=1 est={0 1} aux={}
INFO: 21:01:44.747170 self-stabilizing-binary-consensus.go:433: est[1][0]={0 1} aux[1][0]={}
INFO: 21:01:44.749418 self-stabilizing-binary-consensus.go:441: SEND flag=0 r=1 est={0} aux={}
INFO: 21:01:44.750983 self-stabilizing-binary-consensus.go:431: RECEIVE j=3 flag=0 r=1 est={1} aux={}
INFO: 21:01:44.751030 self-stabilizing-binary-consensus.go:433: est[1][3]={1} aux[1][3]={}
INFO: 21:01:44.753348 self-stabilizing-binary-consensus.go:431: RECEIVE j=2 flag=0 r=1 est={1} aux={}
INFO: 21:01:44.753399 self-stabilizing-binary-consensus.go:433: est[1][2]={1} aux[1][2]={}
INFO: 21:01:44.754408 self-stabilizing-binary-consensus.go:200: binValues(1,3)={1}
INFO: 21:01:44.754465 self-stabilizing-binary-consensus.go:225: infoResults()={}
INFO: 21:01:44.755566 self-stabilizing-binary-consensus.go:93: round=1 repeat=2
INFO: 21:01:44.755633 self-stabilizing-binary-consensus.go:200: binValues(1,3)={1}
INFO: 21:01:44.755643 self-stabilizing-binary-consensus.go:132: aux[1][1]=1
INFO: 21:01:44.755649 self-stabilizing-binary-consensus.go:200: binValues(1,2)={0 1}
INFO: 21:01:44.754968 self-stabilizing-binary-consensus.go:431: RECEIVE j=3 flag=1 r=1 est={0 1} aux={}
INFO: 21:01:44.756338 self-stabilizing-binary-consensus.go:433: est[1][3]={0 1} aux[1][3]={}
INFO: 21:01:44.758659 self-stabilizing-binary-consensus.go:141: SEND flag=1 r=1 est={0 1} aux={1}
INFO: 21:01:44.762613 self-stabilizing-binary-consensus.go:441: SEND flag=0 r=1 est={0} aux={1}
INFO: 21:01:44.763799 self-stabilizing-binary-consensus.go:431: RECEIVE j=2 flag=0 r=1 est={1} aux={}
INFO: 21:01:44.763874 self-stabilizing-binary-consensus.go:433: est[1][2]={1} aux[1][2]={}
INFO: 21:01:44.764252 self-stabilizing-binary-consensus.go:431: RECEIVE j=0 flag=0 r=1 est={0} aux={}
INFO: 21:01:44.764286 self-stabilizing-binary-consensus.go:433: est[1][0]={0 1} aux[1][0]={}
INFO: 21:01:44.765359 self-stabilizing-binary-consensus.go:431: RECEIVE j=2 flag=1 r=1 est={0 1} aux={}
INFO: 21:01:44.765607 self-stabilizing-binary-consensus.go:433: est[1][2]={0 1} aux[1][2]={}
INFO: 21:01:44.771215 self-stabilizing-binary-consensus.go:441: SEND flag=0 r=1 est={0} aux={1}
INFO: 21:01:44.771278 self-stabilizing-binary-consensus.go:431: RECEIVE j=2 flag=0 r=1 est={1} aux={}
INFO: 21:01:44.772258 self-stabilizing-binary-consensus.go:433: est[1][2]={0 1} aux[1][2]={}
INFO: 21:01:44.772335 self-stabilizing-binary-consensus.go:431: RECEIVE j=0 flag=0 r=1 est={0} aux={}
INFO: 21:01:44.772373 self-stabilizing-binary-consensus.go:433: est[1][0]={0 1} aux[1][0]={}
INFO: 21:01:44.772422 self-stabilizing-binary-consensus.go:431: RECEIVE j=3 flag=0 r=1 est={1} aux={}
INFO: 21:01:44.772449 self-stabilizing-binary-consensus.go:433: est[1][3]={0 1} aux[1][3]={}
INFO: 21:01:44.772493 self-stabilizing-binary-consensus.go:431: RECEIVE j=0 flag=0 r=1 est={0} aux={}
INFO: 21:01:44.772531 self-stabilizing-binary-consensus.go:433: est[1][0]={0 1} aux[1][0]={}
INFO: 21:01:44.774454 self-stabilizing-binary-consensus.go:431: RECEIVE j=3 flag=0 r=1 est={1} aux={}
INFO: 21:01:44.774490 self-stabilizing-binary-consensus.go:433: est[1][3]={0 1} aux[1][3]={}
INFO: 21:01:45.753554 self-stabilizing-binary-consensus.go:431: RECEIVE j=0 flag=1 r=1 est={0 1} aux={0}
INFO: 21:01:45.753591 self-stabilizing-binary-consensus.go:433: est[1][0]={0 1} aux[1][0]={0}
INFO: 21:01:45.755285 self-stabilizing-binary-consensus.go:441: SEND flag=0 r=1 est={0} aux={1}
INFO: 21:01:45.757049 self-stabilizing-binary-consensus.go:431: RECEIVE j=3 flag=0 r=1 est={1} aux={}
INFO: 21:01:45.757132 self-stabilizing-binary-consensus.go:433: est[1][3]={0 1} aux[1][3]={}
INFO: 21:01:45.760776 self-stabilizing-binary-consensus.go:200: binValues(1,3)={0 1}
INFO: 21:01:45.761127 self-stabilizing-binary-consensus.go:225: infoResults()={}
INFO: 21:01:45.761160 self-stabilizing-binary-consensus.go:93: round=1 repeat=3
INFO: 21:01:45.761433 self-stabilizing-binary-consensus.go:200: binValues(1,3)={0 1}
INFO: 21:01:45.761455 self-stabilizing-binary-consensus.go:200: binValues(1,2)={0 1}
INFO: 21:01:45.761109 self-stabilizing-binary-consensus.go:431: RECEIVE j=2 flag=1 r=1 est={0 1} aux={0}
INFO: 21:01:45.763197 self-stabilizing-binary-consensus.go:433: est[1][2]={0 1} aux[1][2]={0}
INFO: 21:01:45.765682 self-stabilizing-binary-consensus.go:141: SEND flag=1 r=1 est={0 1} aux={1}
INFO: 21:01:45.772611 self-stabilizing-binary-consensus.go:441: SEND flag=0 r=1 est={0} aux={1}
INFO: 21:01:45.773542 self-stabilizing-binary-consensus.go:431: RECEIVE j=3 flag=1 r=1 est={0 1} aux={0}
INFO: 21:01:45.773591 self-stabilizing-binary-consensus.go:433: est[1][3]={0 1} aux[1][3]={0}
INFO: 21:01:45.776530 self-stabilizing-binary-consensus.go:441: SEND flag=0 r=1 est={0} aux={1}
INFO: 21:01:45.776649 self-stabilizing-binary-consensus.go:431: RECEIVE j=0 flag=0 r=1 est={0} aux={0}
INFO: 21:01:45.776679 self-stabilizing-binary-consensus.go:433: est[1][0]={0 1} aux[1][0]={0}
INFO: 21:01:45.776700 self-stabilizing-binary-consensus.go:431: RECEIVE j=3 flag=0 r=1 est={1} aux={0}
INFO: 21:01:45.776719 self-stabilizing-binary-consensus.go:433: est[1][3]={0 1} aux[1][3]={0}
INFO: 21:01:45.776738 self-stabilizing-binary-consensus.go:431: RECEIVE j=2 flag=0 r=1 est={1} aux={0}
INFO: 21:01:45.776756 self-stabilizing-binary-consensus.go:433: est[1][2]={0 1} aux[1][2]={0}
INFO: 21:01:45.776859 self-stabilizing-binary-consensus.go:431: RECEIVE j=2 flag=0 r=1 est={1} aux={0}
INFO: 21:01:45.776907 self-stabilizing-binary-consensus.go:433: est[1][2]={0 1} aux[1][2]={0}
INFO: 21:01:45.776930 self-stabilizing-binary-consensus.go:431: RECEIVE j=3 flag=0 r=1 est={1} aux={0}
INFO: 21:01:45.776948 self-stabilizing-binary-consensus.go:433: est[1][3]={0 1} aux[1][3]={0}
INFO: 21:01:45.776967 self-stabilizing-binary-consensus.go:431: RECEIVE j=0 flag=0 r=1 est={0} aux={0}
INFO: 21:01:45.776988 self-stabilizing-binary-consensus.go:433: est[1][0]={0 1} aux[1][0]={0}
INFO: 21:01:45.777007 self-stabilizing-binary-consensus.go:431: RECEIVE j=2 flag=0 r=1 est={1} aux={0}
INFO: 21:01:45.777079 self-stabilizing-binary-consensus.go:433: est[1][2]={0 1} aux[1][2]={0}
INFO: 21:01:45.779609 self-stabilizing-binary-consensus.go:431: RECEIVE j=0 flag=0 r=1 est={0} aux={0}
INFO: 21:01:45.779626 self-stabilizing-binary-consensus.go:433: est[1][0]={0 1} aux[1][0]={0}
INFO: 21:01:46.766023 self-stabilizing-binary-consensus.go:200: binValues(1,3)={0 1}
INFO: 21:01:46.766123 self-stabilizing-binary-consensus.go:225: infoResults()={0}
INFO: 21:01:46.766147 self-stabilizing-binary-consensus.go:200: binValues(1,3)={0 1}
INFO: 21:01:46.766165 self-stabilizing-binary-consensus.go:225: infoResults()={0}
INFO: 21:01:46.766183 self-stabilizing-binary-consensus.go:256: randomBit(1)=0
INFO: 21:01:46.766201 self-stabilizing-binary-consensus.go:249: decision=0
INFO: 21:01:46.766256 self-stabilizing-binary-consensus.go:200: binValues(11,2)={}
INFO: 21:01:46.766340 self-stabilizing-binary-consensus.go:93: round=11 repeat=1
INFO: 21:01:46.766369 self-stabilizing-binary-consensus.go:200: binValues(11,3)={}
INFO: 21:01:46.766388 self-stabilizing-binary-consensus.go:200: binValues(11,2)={}
INFO: 21:01:46.769250 self-stabilizing-binary-consensus.go:141: SEND flag=1 r=11 est={0} aux={0}
INFO: 21:01:46.769790 self-stabilizing-binary-consensus.go:431: RECEIVE j=0 flag=1 r=11 est={0} aux={0}
INFO: 21:01:46.770806 self-stabilizing-binary-consensus.go:433: est[11][0]={0} aux[11][0]={0}
INFO: 21:01:46.787987 self-stabilizing-binary-consensus.go:441: SEND flag=0 r=11 est={0} aux={0}
INFO: 21:01:46.789040 self-stabilizing-binary-consensus.go:431: RECEIVE j=2 flag=0 r=11 est={0} aux={0}
INFO: 21:01:46.789083 self-stabilizing-binary-consensus.go:433: est[11][2]={0} aux[11][2]={0}
INFO: 21:01:46.789106 self-stabilizing-binary-consensus.go:431: RECEIVE j=2 flag=1 r=11 est={0} aux={0}
INFO: 21:01:46.789127 self-stabilizing-binary-consensus.go:433: est[11][2]={0} aux[11][2]={0}
INFO: 21:01:46.794659 self-stabilizing-binary-consensus.go:441: SEND flag=0 r=11 est={0} aux={0}
INFO: 21:01:46.794676 self-stabilizing-binary-consensus.go:431: RECEIVE j=3 flag=1 r=11 est={0} aux={0}
INFO: 21:01:46.794682 self-stabilizing-binary-consensus.go:433: est[11][3]={0} aux[11][3]={0}
INFO: 21:01:46.797710 self-stabilizing-binary-consensus.go:441: SEND flag=0 r=11 est={0} aux={0}
INFO: 21:01:46.797927 self-stabilizing-binary-consensus.go:431: RECEIVE j=0 flag=0 r=11 est={0} aux={0}
INFO: 21:01:46.798002 self-stabilizing-binary-consensus.go:433: est[11][0]={0} aux[11][0]={0}
INFO: 21:01:46.798019 self-stabilizing-binary-consensus.go:431: RECEIVE j=3 flag=0 r=11 est={0} aux={0}
INFO: 21:01:46.798028 self-stabilizing-binary-consensus.go:433: est[11][3]={0} aux[11][3]={0}
INFO: 21:01:46.798035 self-stabilizing-binary-consensus.go:431: RECEIVE j=0 flag=0 r=11 est={0} aux={0}
INFO: 21:01:46.798042 self-stabilizing-binary-consensus.go:433: est[11][0]={0} aux[11][0]={0}
INFO: 21:01:46.798051 self-stabilizing-binary-consensus.go:431: RECEIVE j=2 flag=0 r=11 est={0} aux={0}
INFO: 21:01:46.798059 self-stabilizing-binary-consensus.go:433: est[11][2]={0} aux[11][2]={0}
INFO: 21:01:46.798067 self-stabilizing-binary-consensus.go:431: RECEIVE j=3 flag=0 r=11 est={0} aux={0}
INFO: 21:01:46.798074 self-stabilizing-binary-consensus.go:433: est[11][3]={0} aux[11][3]={0}
INFO: 21:01:46.798084 self-stabilizing-binary-consensus.go:431: RECEIVE j=0 flag=0 r=11 est={0} aux={0}
INFO: 21:01:46.798091 self-stabilizing-binary-consensus.go:433: est[11][0]={0} aux[11][0]={0}
INFO: 21:01:46.798099 self-stabilizing-binary-consensus.go:431: RECEIVE j=3 flag=0 r=11 est={0} aux={0}
INFO: 21:01:46.798105 self-stabilizing-binary-consensus.go:433: est[11][3]={0} aux[11][3]={0}
INFO: 21:01:46.798115 self-stabilizing-binary-consensus.go:431: RECEIVE j=2 flag=0 r=11 est={0} aux={0}
INFO: 21:01:46.798122 self-stabilizing-binary-consensus.go:433: est[11][2]={0} aux[11][2]={0}
INFO: 21:01:47.762844 self-stabilizing-binary-consensus.go:431: RECEIVE j=0 flag=1 r=11 est={0} aux={0}
INFO: 21:01:47.762928 self-stabilizing-binary-consensus.go:433: est[11][0]={0} aux[11][0]={0}
INFO: 21:01:47.765833 self-stabilizing-binary-consensus.go:441: SEND flag=0 r=11 est={0} aux={0}
INFO: 21:01:47.767112 self-stabilizing-binary-consensus.go:431: RECEIVE j=3 flag=0 r=11 est={0} aux={0}
INFO: 21:01:47.767264 self-stabilizing-binary-consensus.go:433: est[11][3]={0} aux[11][3]={0}
INFO: 21:01:47.768481 self-stabilizing-binary-consensus.go:431: RECEIVE j=2 flag=0 r=11 est={0} aux={0}
INFO: 21:01:47.768640 self-stabilizing-binary-consensus.go:433: est[11][2]={0} aux[11][2]={0}
INFO: 21:01:47.770890 self-stabilizing-binary-consensus.go:200: binValues(11,3)={0}
INFO: 21:01:47.770982 self-stabilizing-binary-consensus.go:225: infoResults()={0}
INFO: 21:01:47.771012 self-stabilizing-binary-consensus.go:200: binValues(11,3)={0}
INFO: 21:01:47.771036 self-stabilizing-binary-consensus.go:225: infoResults()={0}
INFO: 21:01:47.771060 self-stabilizing-binary-consensus.go:256: randomBit(11)=0
INFO: 21:01:47.771084 self-stabilizing-binary-consensus.go:249: decision=0
INFO: 21:01:47.771142 self-stabilizing-binary-consensus.go:200: binValues(11,2)={0}
INFO: 21:01:47.771233 self-stabilizing-binary-consensus.go:249: decision=0
INFO: 21:01:47.771273 self-stabilizing-binary-consensus.go:93: round=11 repeat=1
INFO: 21:01:47.771395 self-stabilizing-binary-consensus.go:200: binValues(11,3)={0}
INFO: 21:01:47.771431 self-stabilizing-binary-consensus.go:200: binValues(11,2)={0}
INFO: 21:01:47.774361 self-stabilizing-binary-consensus.go:141: SEND flag=1 r=11 est={0} aux={0}
INFO: 21:01:47.774628 self-stabilizing-binary-consensus.go:431: RECEIVE j=3 flag=1 r=11 est={0} aux={0}
INFO: 21:01:47.780955 self-stabilizing-binary-consensus.go:433: est[11][3]={0} aux[11][3]={0}
INFO: 21:01:47.785276 self-stabilizing-binary-consensus.go:431: RECEIVE j=0 flag=0 r=11 est={0} aux={0}
INFO: 21:01:47.785477 self-stabilizing-binary-consensus.go:433: est[11][0]={0} aux[11][0]={0}
INFO: 21:01:47.785764 self-stabilizing-binary-consensus.go:431: RECEIVE j=3 flag=0 r=11 est={0} aux={0}
INFO: 21:01:47.785803 self-stabilizing-binary-consensus.go:433: est[11][3]={0} aux[11][3]={0}
INFO: 21:01:47.788470 self-stabilizing-binary-consensus.go:441: SEND flag=0 r=11 est={0} aux={0}
INFO: 21:01:47.789433 self-stabilizing-binary-consensus.go:431: RECEIVE j=0 flag=0 r=11 est={0} aux={0}
INFO: 21:01:47.789491 self-stabilizing-binary-consensus.go:433: est[11][0]={0} aux[11][0]={0}
INFO: 21:01:47.789754 self-stabilizing-binary-consensus.go:431: RECEIVE j=2 flag=0 r=11 est={0} aux={0}
INFO: 21:01:47.789836 self-stabilizing-binary-consensus.go:433: est[11][2]={0} aux[11][2]={0}
INFO: 21:01:47.791929 self-stabilizing-binary-consensus.go:431: RECEIVE j=2 flag=0 r=11 est={0} aux={0}
INFO: 21:01:47.791960 self-stabilizing-binary-consensus.go:433: est[11][2]={0} aux[11][2]={0}
INFO: 21:01:47.792106 self-stabilizing-binary-consensus.go:431: RECEIVE j=2 flag=1 r=11 est={0} aux={0}
INFO: 21:01:47.792128 self-stabilizing-binary-consensus.go:433: est[11][2]={0} aux[11][2]={0}
INFO: 21:01:47.794115 self-stabilizing-binary-consensus.go:441: SEND flag=0 r=11 est={0} aux={0}
INFO: 21:01:47.795911 self-stabilizing-binary-consensus.go:431: RECEIVE j=0 flag=0 r=11 est={0} aux={0}
INFO: 21:01:47.795943 self-stabilizing-binary-consensus.go:433: est[11][0]={0} aux[11][0]={0}
INFO: 21:01:47.798252 self-stabilizing-binary-consensus.go:431: RECEIVE j=3 flag=0 r=11 est={0} aux={0}
INFO: 21:01:47.798325 self-stabilizing-binary-consensus.go:433: est[11][3]={0} aux[11][3]={0}
INFO: 21:01:48.753659 self-stabilizing-multivalued-consensus.go:18: Successful decide
