INFO: 20:56:57.495853 main.go:29: ID:1 | N:4 | F:1 | Clients:1 | Scenario:NORMAL | Remote:false

INFO: 20:56:57.496318 messenger.go:90: Receive from Server 0 on tcp://*:4100
INFO: 20:56:57.496509 messenger.go:107: Send to Server 0 on tcp://localhost:4001
INFO: 20:56:57.496595 messenger.go:90: Receive from Server 2 on tcp://*:4102
INFO: 20:56:57.496641 messenger.go:107: Send to Server 2 on tcp://localhost:4201
INFO: 20:56:57.496686 messenger.go:90: Receive from Server 3 on tcp://*:4103
INFO: 20:56:57.496730 messenger.go:107: Send to Server 3 on tcp://localhost:4301
INFO: 20:56:57.496751 messenger.go:113: -----------------------------------------
INFO: 20:56:57.496792 messenger.go:135: Requests from Client 0 on tcp://*:7100
INFO: 20:56:57.496840 messenger.go:152: Response to Client 0 on tcp://*:10100
INFO: 20:56:57.496864 messenger.go:155: -----------------------------------------

INFO: 20:56:57.498008 main.go:83: Initial estimate value:  0
INFO: 20:56:57.498211 self-stabilizing-binary-consensus.go:93: round=1 repeat=1
INFO: 20:56:57.498319 self-stabilizing-binary-consensus.go:200: binValues(1,3)={}
INFO: 20:56:57.498405 self-stabilizing-binary-consensus.go:200: binValues(1,2)={}
INFO: 20:56:57.501636 self-stabilizing-binary-consensus.go:141: SEND flag=1 r=1 est={0} aux={}
INFO: 20:56:57.656395 self-stabilizing-binary-consensus.go:431: RECEIVE j=3 flag=1 r=1 est={1} aux={}
INFO: 20:56:57.656443 self-stabilizing-binary-consensus.go:433: est[1][3]={1} aux[1][3]={}
INFO: 20:56:57.658446 self-stabilizing-binary-consensus.go:441: SEND flag=0 r=1 est={0} aux={}
INFO: 20:56:57.658478 self-stabilizing-binary-consensus.go:431: RECEIVE j=0 flag=1 r=1 est={0} aux={}
INFO: 20:56:57.658488 self-stabilizing-binary-consensus.go:433: est[1][0]={0} aux[1][0]={}
INFO: 20:56:57.669797 self-stabilizing-binary-consensus.go:441: SEND flag=0 r=1 est={0} aux={}
INFO: 20:56:57.669854 self-stabilizing-binary-consensus.go:431: RECEIVE j=0 flag=0 r=1 est={0} aux={}
INFO: 20:56:57.669875 self-stabilizing-binary-consensus.go:433: est[1][0]={0} aux[1][0]={}
INFO: 20:56:57.669894 self-stabilizing-binary-consensus.go:431: RECEIVE j=2 flag=1 r=1 est={1} aux={}
INFO: 20:56:57.670069 self-stabilizing-binary-consensus.go:433: est[1][2]={1} aux[1][2]={}
INFO: 20:56:57.673238 self-stabilizing-binary-consensus.go:441: SEND flag=0 r=1 est={0} aux={}
INFO: 20:56:57.673314 self-stabilizing-binary-consensus.go:431: RECEIVE j=0 flag=0 r=1 est={0} aux={}
INFO: 20:56:57.673345 self-stabilizing-binary-consensus.go:433: est[1][0]={0} aux[1][0]={}
INFO: 20:56:57.673365 self-stabilizing-binary-consensus.go:431: RECEIVE j=3 flag=0 r=1 est={1} aux={}
INFO: 20:56:57.673383 self-stabilizing-binary-consensus.go:433: est[1][3]={1} aux[1][3]={}
INFO: 20:56:57.673402 self-stabilizing-binary-consensus.go:431: RECEIVE j=2 flag=0 r=1 est={1} aux={}
INFO: 20:56:57.673420 self-stabilizing-binary-consensus.go:433: est[1][2]={1} aux[1][2]={}
INFO: 20:56:57.673439 self-stabilizing-binary-consensus.go:431: RECEIVE j=3 flag=0 r=1 est={1} aux={}
INFO: 20:56:57.673457 self-stabilizing-binary-consensus.go:433: est[1][3]={1} aux[1][3]={}
INFO: 20:56:57.673476 self-stabilizing-binary-consensus.go:431: RECEIVE j=0 flag=0 r=1 est={0} aux={}
INFO: 20:56:57.673497 self-stabilizing-binary-consensus.go:433: est[1][0]={0} aux[1][0]={}
INFO: 20:56:57.673516 self-stabilizing-binary-consensus.go:431: RECEIVE j=2 flag=0 r=1 est={1} aux={}
INFO: 20:56:57.673534 self-stabilizing-binary-consensus.go:433: est[1][2]={1} aux[1][2]={}
INFO: 20:56:57.673555 self-stabilizing-binary-consensus.go:431: RECEIVE j=3 flag=0 r=1 est={1} aux={}
INFO: 20:56:57.673574 self-stabilizing-binary-consensus.go:433: est[1][3]={1} aux[1][3]={}
INFO: 20:56:57.673592 self-stabilizing-binary-consensus.go:431: RECEIVE j=2 flag=0 r=1 est={1} aux={}
INFO: 20:56:57.673694 self-stabilizing-binary-consensus.go:433: est[1][2]={1} aux[1][2]={}
INFO: 20:56:58.503631 self-stabilizing-binary-consensus.go:200: binValues(1,3)={}
INFO: 20:56:58.503673 self-stabilizing-binary-consensus.go:225: infoResults()={}
INFO: 20:56:58.503681 self-stabilizing-binary-consensus.go:93: round=1 repeat=2
INFO: 20:56:58.503692 self-stabilizing-binary-consensus.go:200: binValues(1,3)={}
INFO: 20:56:58.503714 self-stabilizing-binary-consensus.go:200: binValues(1,2)={1}
INFO: 20:56:58.505299 self-stabilizing-binary-consensus.go:431: RECEIVE j=0 flag=1 r=1 est={0 1} aux={}
INFO: 20:56:58.505333 self-stabilizing-binary-consensus.go:433: est[1][0]={0 1} aux[1][0]={}
INFO: 20:56:58.505487 self-stabilizing-binary-consensus.go:141: SEND flag=1 r=1 est={0 1} aux={}
INFO: 20:56:58.509903 self-stabilizing-binary-consensus.go:441: SEND flag=0 r=1 est={0} aux={}
INFO: 20:56:58.511005 self-stabilizing-binary-consensus.go:431: RECEIVE j=2 flag=1 r=1 est={0 1} aux={}
INFO: 20:56:58.511041 self-stabilizing-binary-consensus.go:433: est[1][2]={0 1} aux[1][2]={}
INFO: 20:56:58.514480 self-stabilizing-binary-consensus.go:441: SEND flag=0 r=1 est={0} aux={}
INFO: 20:56:58.514579 self-stabilizing-binary-consensus.go:431: RECEIVE j=2 flag=0 r=1 est={1} aux={}
INFO: 20:56:58.514621 self-stabilizing-binary-consensus.go:433: est[1][2]={0 1} aux[1][2]={}
INFO: 20:56:58.514680 self-stabilizing-binary-consensus.go:431: RECEIVE j=0 flag=0 r=1 est={0} aux={}
INFO: 20:56:58.514719 self-stabilizing-binary-consensus.go:433: est[1][0]={0 1} aux[1][0]={}
INFO: 20:56:58.514777 self-stabilizing-binary-consensus.go:431: RECEIVE j=3 flag=0 r=1 est={1} aux={}
INFO: 20:56:58.514825 self-stabilizing-binary-consensus.go:433: est[1][3]={1} aux[1][3]={}
INFO: 20:56:58.514883 self-stabilizing-binary-consensus.go:431: RECEIVE j=3 flag=1 r=1 est={0 1} aux={}
INFO: 20:56:58.514921 self-stabilizing-binary-consensus.go:433: est[1][3]={0 1} aux[1][3]={}
INFO: 20:56:58.520129 self-stabilizing-binary-consensus.go:441: SEND flag=0 r=1 est={0} aux={}
INFO: 20:56:58.520192 self-stabilizing-binary-consensus.go:431: RECEIVE j=3 flag=0 r=1 est={1} aux={}
INFO: 20:56:58.520247 self-stabilizing-binary-consensus.go:433: est[1][3]={0 1} aux[1][3]={}
INFO: 20:56:58.520357 self-stabilizing-binary-consensus.go:431: RECEIVE j=3 flag=0 r=1 est={1} aux={}
INFO: 20:56:58.520506 self-stabilizing-binary-consensus.go:433: est[1][3]={0 1} aux[1][3]={}
INFO: 20:56:58.520635 self-stabilizing-binary-consensus.go:431: RECEIVE j=0 flag=0 r=1 est={0} aux={}
INFO: 20:56:58.520977 self-stabilizing-binary-consensus.go:433: est[1][0]={0 1} aux[1][0]={}
INFO: 20:56:58.522363 self-stabilizing-binary-consensus.go:431: RECEIVE j=0 flag=0 r=1 est={0} aux={}
INFO: 20:56:58.522452 self-stabilizing-binary-consensus.go:433: est[1][0]={0 1} aux[1][0]={}
INFO: 20:56:58.522512 self-stabilizing-binary-consensus.go:431: RECEIVE j=2 flag=0 r=1 est={1} aux={}
INFO: 20:56:58.522550 self-stabilizing-binary-consensus.go:433: est[1][2]={0 1} aux[1][2]={}
INFO: 20:56:58.524360 self-stabilizing-binary-consensus.go:431: RECEIVE j=2 flag=0 r=1 est={1} aux={}
INFO: 20:56:58.524449 self-stabilizing-binary-consensus.go:433: est[1][2]={0 1} aux[1][2]={}
INFO: 20:56:59.505919 self-stabilizing-binary-consensus.go:431: RECEIVE j=2 flag=1 r=1 est={0 1} aux={0}
INFO: 20:56:59.505999 self-stabilizing-binary-consensus.go:433: est[1][2]={0 1} aux[1][2]={0}
INFO: 20:56:59.508196 self-stabilizing-binary-consensus.go:441: SEND flag=0 r=1 est={0} aux={}
INFO: 20:56:59.508340 self-stabilizing-binary-consensus.go:200: binValues(1,3)={0 1}
INFO: 20:56:59.508366 self-stabilizing-binary-consensus.go:225: infoResults()={}
INFO: 20:56:59.508384 self-stabilizing-binary-consensus.go:93: round=1 repeat=3
INFO: 20:56:59.508402 self-stabilizing-binary-consensus.go:200: binValues(1,3)={0 1}
INFO: 20:56:59.508420 self-stabilizing-binary-consensus.go:132: aux[1][1]=0
INFO: 20:56:59.508439 self-stabilizing-binary-consensus.go:200: binValues(1,2)={0 1}
INFO: 20:56:59.510649 self-stabilizing-binary-consensus.go:431: RECEIVE j=0 flag=1 r=1 est={0 1} aux={0}
INFO: 20:56:59.510685 self-stabilizing-binary-consensus.go:433: est[1][0]={0 1} aux[1][0]={0}
INFO: 20:56:59.519027 self-stabilizing-binary-consensus.go:141: SEND flag=1 r=1 est={0 1} aux={0}
INFO: 20:56:59.521350 self-stabilizing-binary-consensus.go:441: SEND flag=0 r=1 est={0} aux={0}
INFO: 20:56:59.521413 self-stabilizing-binary-consensus.go:431: RECEIVE j=2 flag=0 r=1 est={1} aux={0}
INFO: 20:56:59.521436 self-stabilizing-binary-consensus.go:433: est[1][2]={0 1} aux[1][2]={0}
INFO: 20:56:59.521455 self-stabilizing-binary-consensus.go:431: RECEIVE j=3 flag=0 r=1 est={1} aux={}
INFO: 20:56:59.521472 self-stabilizing-binary-consensus.go:433: est[1][3]={0 1} aux[1][3]={}
INFO: 20:56:59.521491 self-stabilizing-binary-consensus.go:431: RECEIVE j=0 flag=0 r=1 est={0} aux={0}
INFO: 20:56:59.521532 self-stabilizing-binary-consensus.go:433: est[1][0]={0 1} aux[1][0]={0}
INFO: 20:56:59.521815 self-stabilizing-binary-consensus.go:431: RECEIVE j=2 flag=0 r=1 est={1} aux={0}
INFO: 20:56:59.521862 self-stabilizing-binary-consensus.go:433: est[1][2]={0 1} aux[1][2]={0}
INFO: 20:56:59.522775 self-stabilizing-binary-consensus.go:431: RECEIVE j=3 flag=0 r=1 est={1} aux={}
INFO: 20:56:59.522825 self-stabilizing-binary-consensus.go:433: est[1][3]={0 1} aux[1][3]={}
INFO: 20:56:59.523158 self-stabilizing-binary-consensus.go:431: RECEIVE j=0 flag=0 r=1 est={0} aux={0}
INFO: 20:56:59.523704 self-stabilizing-binary-consensus.go:433: est[1][0]={0 1} aux[1][0]={0}
INFO: 20:56:59.523948 self-stabilizing-binary-consensus.go:431: RECEIVE j=3 flag=1 r=1 est={0 1} aux={0}
INFO: 20:56:59.523982 self-stabilizing-binary-consensus.go:433: est[1][3]={0 1} aux[1][3]={0}
INFO: 20:56:59.525943 self-stabilizing-binary-consensus.go:441: SEND flag=0 r=1 est={0} aux={0}
INFO: 20:56:59.526829 self-stabilizing-binary-consensus.go:431: RECEIVE j=0 flag=0 r=1 est={0} aux={0}
INFO: 20:56:59.526867 self-stabilizing-binary-consensus.go:433: est[1][0]={0 1} aux[1][0]={0}
INFO: 20:56:59.528517 self-stabilizing-binary-consensus.go:431: RECEIVE j=3 flag=0 r=1 est={1} aux={0}
INFO: 20:56:59.528582 self-stabilizing-binary-consensus.go:433: est[1][3]={0 1} aux[1][3]={0}
INFO: 20:56:59.530740 self-stabilizing-binary-consensus.go:431: RECEIVE j=2 flag=0 r=1 est={1} aux={0}
INFO: 20:56:59.530807 self-stabilizing-binary-consensus.go:433: est[1][2]={0 1} aux[1][2]={0}
INFO: 20:57:00.519241 self-stabilizing-binary-consensus.go:200: binValues(1,3)={0 1}
INFO: 20:57:00.519354 self-stabilizing-binary-consensus.go:225: infoResults()={0}
INFO: 20:57:00.519405 self-stabilizing-binary-consensus.go:200: binValues(1,3)={0 1}
INFO: 20:57:00.519412 self-stabilizing-binary-consensus.go:225: infoResults()={0}
INFO: 20:57:00.519417 self-stabilizing-binary-consensus.go:256: randomBit(1)=0
INFO: 20:57:00.519423 self-stabilizing-binary-consensus.go:249: decision=0
INFO: 20:57:00.519805 self-stabilizing-binary-consensus.go:200: binValues(11,2)={}
INFO: 20:57:00.519890 self-stabilizing-binary-consensus.go:93: round=11 repeat=1
INFO: 20:57:00.519914 self-stabilizing-binary-consensus.go:200: binValues(11,3)={}
INFO: 20:57:00.519923 self-stabilizing-binary-consensus.go:200: binValues(11,2)={}
INFO: 20:57:00.520143 self-stabilizing-binary-consensus.go:431: RECEIVE j=2 flag=1 r=11 est={0} aux={0}
INFO: 20:57:00.520198 self-stabilizing-binary-consensus.go:433: est[11][2]={0} aux[11][2]={0}
INFO: 20:57:00.521694 self-stabilizing-binary-consensus.go:141: SEND flag=1 r=11 est={0} aux={0}
INFO: 20:57:00.540151 self-stabilizing-binary-consensus.go:441: SEND flag=0 r=11 est={0} aux={0}
INFO: 20:57:00.540363 self-stabilizing-binary-consensus.go:431: RECEIVE j=0 flag=1 r=11 est={0} aux={0}
INFO: 20:57:00.540393 self-stabilizing-binary-consensus.go:433: est[11][0]={0} aux[11][0]={0}
INFO: 20:57:00.545333 self-stabilizing-binary-consensus.go:441: SEND flag=0 r=11 est={0} aux={0}
INFO: 20:57:00.545508 self-stabilizing-binary-consensus.go:431: RECEIVE j=0 flag=0 r=11 est={0} aux={0}
INFO: 20:57:00.545559 self-stabilizing-binary-consensus.go:433: est[11][0]={0} aux[11][0]={0}
INFO: 20:57:00.545576 self-stabilizing-binary-consensus.go:431: RECEIVE j=2 flag=0 r=11 est={0} aux={0}
INFO: 20:57:00.545583 self-stabilizing-binary-consensus.go:433: est[11][2]={0} aux[11][2]={0}
INFO: 20:57:00.545591 self-stabilizing-binary-consensus.go:431: RECEIVE j=3 flag=1 r=11 est={0} aux={0}
INFO: 20:57:00.545600 self-stabilizing-binary-consensus.go:433: est[11][3]={0} aux[11][3]={0}
INFO: 20:57:00.550853 self-stabilizing-binary-consensus.go:441: SEND flag=0 r=11 est={0} aux={0}
INFO: 20:57:00.550895 self-stabilizing-binary-consensus.go:431: RECEIVE j=2 flag=0 r=11 est={0} aux={0}
INFO: 20:57:00.550904 self-stabilizing-binary-consensus.go:433: est[11][2]={0} aux[11][2]={0}
INFO: 20:57:00.550911 self-stabilizing-binary-consensus.go:431: RECEIVE j=3 flag=0 r=11 est={0} aux={0}
INFO: 20:57:00.550915 self-stabilizing-binary-consensus.go:433: est[11][3]={0} aux[11][3]={0}
INFO: 20:57:00.550921 self-stabilizing-binary-consensus.go:431: RECEIVE j=0 flag=0 r=11 est={0} aux={0}
INFO: 20:57:00.550926 self-stabilizing-binary-consensus.go:433: est[11][0]={0} aux[11][0]={0}
INFO: 20:57:00.550935 self-stabilizing-binary-consensus.go:431: RECEIVE j=3 flag=0 r=11 est={0} aux={0}
INFO: 20:57:00.550939 self-stabilizing-binary-consensus.go:433: est[11][3]={0} aux[11][3]={0}
INFO: 20:57:00.550945 self-stabilizing-binary-consensus.go:431: RECEIVE j=2 flag=0 r=11 est={0} aux={0}
INFO: 20:57:00.550950 self-stabilizing-binary-consensus.go:433: est[11][2]={0} aux[11][2]={0}
INFO: 20:57:00.550959 self-stabilizing-binary-consensus.go:431: RECEIVE j=3 flag=0 r=11 est={0} aux={0}
INFO: 20:57:00.550963 self-stabilizing-binary-consensus.go:433: est[11][3]={0} aux[11][3]={0}
INFO: 20:57:00.550969 self-stabilizing-binary-consensus.go:431: RECEIVE j=0 flag=0 r=11 est={0} aux={0}
INFO: 20:57:00.550973 self-stabilizing-binary-consensus.go:433: est[11][0]={0} aux[11][0]={0}
INFO: 20:57:01.519671 self-stabilizing-binary-consensus.go:431: RECEIVE j=2 flag=1 r=11 est={0} aux={0}
INFO: 20:57:01.519743 self-stabilizing-binary-consensus.go:433: est[11][2]={0} aux[11][2]={0}
INFO: 20:57:01.521592 self-stabilizing-binary-consensus.go:441: SEND flag=0 r=11 est={0} aux={0}
INFO: 20:57:01.521944 self-stabilizing-binary-consensus.go:200: binValues(11,3)={0}
INFO: 20:57:01.522348 self-stabilizing-binary-consensus.go:431: RECEIVE j=0 flag=1 r=11 est={0} aux={0}
INFO: 20:57:01.522971 self-stabilizing-binary-consensus.go:433: est[11][0]={0} aux[11][0]={0}
INFO: 20:57:01.530862 self-stabilizing-binary-consensus.go:441: SEND flag=0 r=11 est={0} aux={0}
INFO: 20:57:01.532618 self-stabilizing-binary-consensus.go:431: RECEIVE j=0 flag=0 r=11 est={0} aux={0}
INFO: 20:57:01.532684 self-stabilizing-binary-consensus.go:433: est[11][0]={0} aux[11][0]={0}
INFO: 20:57:01.533329 self-stabilizing-binary-consensus.go:431: RECEIVE j=3 flag=0 r=11 est={0} aux={0}
INFO: 20:57:01.533376 self-stabilizing-binary-consensus.go:433: est[11][3]={0} aux[11][3]={0}
INFO: 20:57:01.533392 self-stabilizing-binary-consensus.go:225: infoResults()={0}
INFO: 20:57:01.533400 self-stabilizing-binary-consensus.go:200: binValues(11,3)={0}
INFO: 20:57:01.533408 self-stabilizing-binary-consensus.go:225: infoResults()={0}
INFO: 20:57:01.533415 self-stabilizing-binary-consensus.go:256: randomBit(11)=0
INFO: 20:57:01.533422 self-stabilizing-binary-consensus.go:249: decision=0
INFO: 20:57:01.533471 self-stabilizing-binary-consensus.go:200: binValues(11,2)={0}
INFO: 20:57:01.533484 self-stabilizing-binary-consensus.go:249: decision=0
INFO: 20:57:01.533496 self-stabilizing-binary-consensus.go:93: round=11 repeat=1
INFO: 20:57:01.533625 self-stabilizing-binary-consensus.go:200: binValues(11,3)={0}
INFO: 20:57:01.533660 self-stabilizing-binary-consensus.go:200: binValues(11,2)={0}
INFO: 20:57:01.534215 self-stabilizing-binary-consensus.go:431: RECEIVE j=2 flag=0 r=11 est={0} aux={0}
INFO: 20:57:01.534269 self-stabilizing-binary-consensus.go:433: est[11][2]={0} aux[11][2]={0}
INFO: 20:57:01.536184 self-stabilizing-binary-consensus.go:431: RECEIVE j=3 flag=1 r=11 est={0} aux={0}
INFO: 20:57:01.536273 self-stabilizing-binary-consensus.go:433: est[11][3]={0} aux[11][3]={0}
INFO: 20:57:01.538533 self-stabilizing-binary-consensus.go:431: RECEIVE j=3 flag=0 r=11 est={0} aux={0}
INFO: 20:57:01.538630 self-stabilizing-binary-consensus.go:433: est[11][3]={0} aux[11][3]={0}
INFO: 20:57:01.543012 self-stabilizing-binary-consensus.go:141: SEND flag=1 r=11 est={0} aux={0}
INFO: 20:57:01.551015 self-stabilizing-binary-consensus.go:431: RECEIVE j=0 flag=0 r=11 est={0} aux={0}
INFO: 20:57:01.552804 self-stabilizing-binary-consensus.go:433: est[11][0]={0} aux[11][0]={0}
INFO: 20:57:01.553317 self-stabilizing-binary-consensus.go:431: RECEIVE j=0 flag=0 r=11 est={0} aux={0}
INFO: 20:57:01.553390 self-stabilizing-binary-consensus.go:433: est[11][0]={0} aux[11][0]={0}
INFO: 20:57:01.554467 self-stabilizing-binary-consensus.go:441: SEND flag=0 r=11 est={0} aux={0}
INFO: 20:57:01.555007 self-stabilizing-binary-consensus.go:431: RECEIVE j=2 flag=0 r=11 est={0} aux={0}
INFO: 20:57:01.555079 self-stabilizing-binary-consensus.go:433: est[11][2]={0} aux[11][2]={0}
INFO: 20:57:01.558815 self-stabilizing-binary-consensus.go:431: RECEIVE j=3 flag=0 r=11 est={0} aux={0}
INFO: 20:57:01.559141 self-stabilizing-binary-consensus.go:433: est[11][3]={0} aux[11][3]={0}
INFO: 20:57:01.562419 self-stabilizing-binary-consensus.go:431: RECEIVE j=2 flag=0 r=11 est={0} aux={0}
INFO: 20:57:01.562531 self-stabilizing-binary-consensus.go:433: est[11][2]={0} aux[11][2]={0}
INFO: 20:57:02.500423 self-stabilizing-multivalued-consensus.go:18: Successful decide
