INFO: 01:23:30.827916 main.go:29: ID:1 | N:4 | F:1 | Clients:1 | Scenario:NORMAL | Remote:false

INFO: 01:23:30.828485 messenger.go:90: Receive from Server 0 on tcp://*:4100
INFO: 01:23:30.828647 messenger.go:107: Send to Server 0 on tcp://localhost:4001
INFO: 01:23:30.828713 messenger.go:90: Receive from Server 2 on tcp://*:4102
INFO: 01:23:30.828760 messenger.go:107: Send to Server 2 on tcp://localhost:4201
INFO: 01:23:30.828806 messenger.go:90: Receive from Server 3 on tcp://*:4103
INFO: 01:23:30.828853 messenger.go:107: Send to Server 3 on tcp://localhost:4301
INFO: 01:23:30.828885 messenger.go:113: -----------------------------------------
INFO: 01:23:30.829547 messenger.go:135: Requests from Client 0 on tcp://*:7100
INFO: 01:23:30.829632 messenger.go:152: Response to Client 0 on tcp://*:10100
INFO: 01:23:30.829665 messenger.go:155: -----------------------------------------

INFO: 01:23:30.836557 main.go:83: Initial estimate value:  0
INFO: 01:23:30.836738 self-stabilizing-binary-consensus.go:77: Round:1
INFO: 01:23:30.836753 self-stabilizing-binary-consensus.go:117: binValues(1,3)={} w=-1
INFO: 01:23:30.836772 self-stabilizing-binary-consensus.go:128: binValues(1,2)={} w=-1
INFO: 01:23:30.843110 self-stabilizing-binary-consensus.go:132: SEND flag=1 r=1 est={0} aux={}
INFO: 01:23:30.843762 self-stabilizing-binary-consensus.go:408: RECEIVE j=2 flag=1 r=1 est={1} aux={}
INFO: 01:23:30.844172 self-stabilizing-binary-consensus.go:425: est[1][2]={1} aux[1][2]={}
INFO: 01:23:30.849559 self-stabilizing-binary-consensus.go:432: SEND flag=0 r=1 est={0} aux={}
INFO: 01:23:30.849782 self-stabilizing-binary-consensus.go:408: RECEIVE j=2 flag=0 r=1 est={1} aux={}
INFO: 01:23:30.849819 self-stabilizing-binary-consensus.go:425: est[1][2]={1} aux[1][2]={}
INFO: 01:23:30.966914 self-stabilizing-binary-consensus.go:408: RECEIVE j=2 flag=0 r=1 est={1} aux={}
INFO: 01:23:30.966950 self-stabilizing-binary-consensus.go:425: est[1][2]={1} aux[1][2]={}
INFO: 01:23:30.972812 self-stabilizing-binary-consensus.go:408: RECEIVE j=2 flag=0 r=1 est={1} aux={}
INFO: 01:23:30.972854 self-stabilizing-binary-consensus.go:425: est[1][2]={1} aux[1][2]={}
INFO: 01:23:30.987172 self-stabilizing-binary-consensus.go:408: RECEIVE j=0 flag=1 r=1 est={0} aux={}
INFO: 01:23:30.987264 self-stabilizing-binary-consensus.go:425: est[1][0]={0} aux[1][0]={}
INFO: 01:23:30.989138 self-stabilizing-binary-consensus.go:432: SEND flag=0 r=1 est={0} aux={}
INFO: 01:23:30.989185 self-stabilizing-binary-consensus.go:408: RECEIVE j=0 flag=0 r=1 est={0} aux={}
INFO: 01:23:30.989212 self-stabilizing-binary-consensus.go:425: est[1][0]={0} aux[1][0]={}
INFO: 01:23:30.993807 self-stabilizing-binary-consensus.go:408: RECEIVE j=3 flag=1 r=1 est={1} aux={}
INFO: 01:23:30.993867 self-stabilizing-binary-consensus.go:425: est[1][3]={1} aux[1][3]={}
INFO: 01:23:30.996165 self-stabilizing-binary-consensus.go:432: SEND flag=0 r=1 est={0} aux={}
INFO: 01:23:31.000520 self-stabilizing-binary-consensus.go:408: RECEIVE j=3 flag=0 r=1 est={1} aux={}
INFO: 01:23:31.000698 self-stabilizing-binary-consensus.go:425: est[1][3]={1} aux[1][3]={}
INFO: 01:23:31.000883 self-stabilizing-binary-consensus.go:408: RECEIVE j=3 flag=0 r=1 est={1} aux={}
INFO: 01:23:31.001136 self-stabilizing-binary-consensus.go:425: est[1][3]={1} aux[1][3]={}
INFO: 01:23:31.003451 self-stabilizing-binary-consensus.go:408: RECEIVE j=0 flag=0 r=1 est={0} aux={}
INFO: 01:23:31.003496 self-stabilizing-binary-consensus.go:425: est[1][0]={0} aux[1][0]={}
INFO: 01:23:31.003951 self-stabilizing-binary-consensus.go:408: RECEIVE j=3 flag=0 r=1 est={1} aux={}
INFO: 01:23:31.003973 self-stabilizing-binary-consensus.go:425: est[1][3]={1} aux[1][3]={}
INFO: 01:23:31.005454 self-stabilizing-binary-consensus.go:408: RECEIVE j=0 flag=0 r=1 est={0} aux={}
INFO: 01:23:31.005491 self-stabilizing-binary-consensus.go:425: est[1][0]={0} aux[1][0]={}
INFO: 01:23:38.845047 self-stabilizing-binary-consensus.go:117: binValues(1,3)={} w=-1
INFO: 01:23:38.847335 self-stabilizing-binary-consensus.go:128: binValues(1,2)={} w=-1
INFO: 01:23:38.863184 self-stabilizing-binary-consensus.go:408: RECEIVE j=0 flag=1 r=1 est={0 1} aux={}
INFO: 01:23:38.863241 self-stabilizing-binary-consensus.go:425: est[1][0]={0 1} aux[1][0]={}
INFO: 01:23:38.863723 self-stabilizing-binary-consensus.go:132: SEND flag=1 r=1 est={0 1} aux={}
INFO: 01:23:38.871417 self-stabilizing-binary-consensus.go:432: SEND flag=0 r=1 est={0} aux={}
INFO: 01:23:38.871476 self-stabilizing-binary-consensus.go:408: RECEIVE j=2 flag=1 r=1 est={0 1} aux={}
INFO: 01:23:38.871534 self-stabilizing-binary-consensus.go:425: est[1][2]={0 1} aux[1][2]={}
INFO: 01:23:38.875679 self-stabilizing-binary-consensus.go:432: SEND flag=0 r=1 est={0} aux={}
INFO: 01:23:38.876064 self-stabilizing-binary-consensus.go:408: RECEIVE j=0 flag=0 r=1 est={0} aux={}
INFO: 01:23:38.876111 self-stabilizing-binary-consensus.go:425: est[1][0]={0 1} aux[1][0]={}
INFO: 01:23:38.876244 self-stabilizing-binary-consensus.go:408: RECEIVE j=3 flag=0 r=1 est={1} aux={}
INFO: 01:23:38.876277 self-stabilizing-binary-consensus.go:425: est[1][3]={1} aux[1][3]={}
INFO: 01:23:38.876297 self-stabilizing-binary-consensus.go:408: RECEIVE j=2 flag=0 r=1 est={1} aux={}
INFO: 01:23:38.876359 self-stabilizing-binary-consensus.go:425: est[1][2]={0 1} aux[1][2]={}
INFO: 01:23:38.877698 self-stabilizing-binary-consensus.go:408: RECEIVE j=3 flag=0 r=1 est={1} aux={}
INFO: 01:23:38.877744 self-stabilizing-binary-consensus.go:425: est[1][3]={1} aux[1][3]={}
INFO: 01:23:38.884465 self-stabilizing-binary-consensus.go:408: RECEIVE j=2 flag=0 r=1 est={1} aux={}
INFO: 01:23:38.884565 self-stabilizing-binary-consensus.go:425: est[1][2]={0 1} aux[1][2]={}
INFO: 01:23:38.885250 self-stabilizing-binary-consensus.go:408: RECEIVE j=0 flag=0 r=1 est={0} aux={}
INFO: 01:23:38.886307 self-stabilizing-binary-consensus.go:425: est[1][0]={0 1} aux[1][0]={}
INFO: 01:23:38.886368 self-stabilizing-binary-consensus.go:408: RECEIVE j=3 flag=0 r=1 est={1} aux={}
INFO: 01:23:38.886391 self-stabilizing-binary-consensus.go:425: est[1][3]={1} aux[1][3]={}
INFO: 01:23:38.886520 self-stabilizing-binary-consensus.go:408: RECEIVE j=3 flag=1 r=1 est={0 1} aux={}
INFO: 01:23:38.886574 self-stabilizing-binary-consensus.go:425: est[1][3]={0 1} aux[1][3]={}
INFO: 01:23:38.888779 self-stabilizing-binary-consensus.go:432: SEND flag=0 r=1 est={0} aux={}
INFO: 01:23:38.888802 self-stabilizing-binary-consensus.go:408: RECEIVE j=0 flag=0 r=1 est={0} aux={}
INFO: 01:23:38.888808 self-stabilizing-binary-consensus.go:425: est[1][0]={0 1} aux[1][0]={}
INFO: 01:23:38.888814 self-stabilizing-binary-consensus.go:408: RECEIVE j=2 flag=0 r=1 est={1} aux={}
INFO: 01:23:38.888819 self-stabilizing-binary-consensus.go:425: est[1][2]={0 1} aux[1][2]={}
