INFO: 17:55:05.069058 main.go:29: ID:1 | N:4 | F:1 | Clients:1 | Scenario:NORMAL | Remote:false

INFO: 17:55:05.070704 messenger.go:90: Receive from Server 0 on tcp://*:4100
INFO: 17:55:05.070922 messenger.go:107: Send to Server 0 on tcp://localhost:4001
INFO: 17:55:05.070976 messenger.go:90: Receive from Server 2 on tcp://*:4102
INFO: 17:55:05.071004 messenger.go:107: Send to Server 2 on tcp://localhost:4201
INFO: 17:55:05.071072 messenger.go:90: Receive from Server 3 on tcp://*:4103
INFO: 17:55:05.071116 messenger.go:107: Send to Server 3 on tcp://localhost:4301
INFO: 17:55:05.071165 messenger.go:113: -----------------------------------------
INFO: 17:55:05.071222 messenger.go:135: Requests from Client 0 on tcp://*:7100
INFO: 17:55:05.071304 messenger.go:152: Response to Client 0 on tcp://*:10100
INFO: 17:55:05.071358 messenger.go:155: -----------------------------------------

INFO: 17:55:05.080896 main.go:83: Initial estimate value:  0
INFO: 17:55:05.080948 self-stabilizing-binary-consensus.go:90: round=1 repeat=1
INFO: 17:55:05.080957 self-stabilizing-binary-consensus.go:127: binValues(1,3)={} w=-1
INFO: 17:55:05.083025 self-stabilizing-binary-consensus.go:142: binValues(1,2)={} w=-1
INFO: 17:55:05.083065 self-stabilizing-binary-consensus.go:143: SEND flag=1 r=1 est={0} aux={}
INFO: 17:55:05.179098 self-stabilizing-binary-consensus.go:410: RECEIVE j=2 flag=0 r=1 est={1} aux={}
INFO: 17:55:05.179170 self-stabilizing-binary-consensus.go:427: est[1][2]={1} aux[1][2]={}
INFO: 17:55:05.180852 self-stabilizing-binary-consensus.go:410: RECEIVE j=2 flag=1 r=1 est={1} aux={}
INFO: 17:55:05.180886 self-stabilizing-binary-consensus.go:427: est[1][2]={1} aux[1][2]={}
INFO: 17:55:05.189236 self-stabilizing-binary-consensus.go:434: SEND flag=0 r=1 est={0} aux={}
INFO: 17:55:05.194754 self-stabilizing-binary-consensus.go:410: RECEIVE j=2 flag=0 r=1 est={1} aux={}
INFO: 17:55:05.194786 self-stabilizing-binary-consensus.go:427: est[1][2]={1} aux[1][2]={}
INFO: 17:55:05.211503 self-stabilizing-binary-consensus.go:410: RECEIVE j=2 flag=0 r=1 est={1} aux={}
INFO: 17:55:05.211543 self-stabilizing-binary-consensus.go:427: est[1][2]={1} aux[1][2]={}
INFO: 17:55:05.227235 self-stabilizing-binary-consensus.go:410: RECEIVE j=0 flag=1 r=1 est={0} aux={}
INFO: 17:55:05.227277 self-stabilizing-binary-consensus.go:427: est[1][0]={0} aux[1][0]={}
INFO: 17:55:05.246048 self-stabilizing-binary-consensus.go:434: SEND flag=0 r=1 est={0} aux={}
INFO: 17:55:05.246077 self-stabilizing-binary-consensus.go:410: RECEIVE j=0 flag=0 r=1 est={0} aux={}
INFO: 17:55:05.246083 self-stabilizing-binary-consensus.go:427: est[1][0]={0} aux[1][0]={}
INFO: 17:55:05.246088 self-stabilizing-binary-consensus.go:410: RECEIVE j=3 flag=0 r=1 est={1} aux={}
INFO: 17:55:05.246092 self-stabilizing-binary-consensus.go:427: est[1][3]={1} aux[1][3]={}
INFO: 17:55:05.246098 self-stabilizing-binary-consensus.go:410: RECEIVE j=3 flag=1 r=1 est={1} aux={}
INFO: 17:55:05.246102 self-stabilizing-binary-consensus.go:427: est[1][3]={1} aux[1][3]={}
INFO: 17:55:05.255508 self-stabilizing-binary-consensus.go:434: SEND flag=0 r=1 est={0} aux={}
INFO: 17:55:05.255536 self-stabilizing-binary-consensus.go:410: RECEIVE j=3 flag=0 r=1 est={1} aux={}
INFO: 17:55:05.255542 self-stabilizing-binary-consensus.go:427: est[1][3]={1} aux[1][3]={}
INFO: 17:55:05.255548 self-stabilizing-binary-consensus.go:410: RECEIVE j=0 flag=0 r=1 est={0} aux={}
INFO: 17:55:05.255552 self-stabilizing-binary-consensus.go:427: est[1][0]={0} aux[1][0]={}
INFO: 17:55:05.268668 self-stabilizing-binary-consensus.go:410: RECEIVE j=3 flag=0 r=1 est={1} aux={}
INFO: 17:55:05.268772 self-stabilizing-binary-consensus.go:427: est[1][3]={1} aux[1][3]={}
INFO: 17:55:05.284633 self-stabilizing-binary-consensus.go:410: RECEIVE j=0 flag=0 r=1 est={0} aux={}
INFO: 17:55:05.284648 self-stabilizing-binary-consensus.go:427: est[1][0]={0} aux[1][0]={}
INFO: 17:55:10.079818 self-stabilizing-binary-consensus.go:410: RECEIVE j=0 flag=1 r=1 est={0 1} aux={}
INFO: 17:55:10.079853 self-stabilizing-binary-consensus.go:427: est[1][0]={0 1} aux[1][0]={}
INFO: 17:55:10.082367 self-stabilizing-binary-consensus.go:434: SEND flag=0 r=1 est={0} aux={}
INFO: 17:55:10.083647 self-stabilizing-binary-consensus.go:148: infoResults()={}
INFO: 17:55:10.083662 self-stabilizing-binary-consensus.go:90: round=1 repeat=2
INFO: 17:55:10.083667 self-stabilizing-binary-consensus.go:127: binValues(1,3)={1} w=1
INFO: 17:55:10.083672 self-stabilizing-binary-consensus.go:133: aux[1][1]=1
INFO: 17:55:10.087497 self-stabilizing-binary-consensus.go:410: RECEIVE j=3 flag=0 r=1 est={1} aux={}
INFO: 17:55:10.087664 self-stabilizing-binary-consensus.go:427: est[1][3]={1} aux[1][3]={}
INFO: 17:55:10.087872 self-stabilizing-binary-consensus.go:410: RECEIVE j=0 flag=0 r=1 est={0} aux={}
INFO: 17:55:10.087897 self-stabilizing-binary-consensus.go:427: est[1][0]={0 1} aux[1][0]={}
INFO: 17:55:10.087907 self-stabilizing-binary-consensus.go:410: RECEIVE j=2 flag=0 r=1 est={1} aux={}
INFO: 17:55:10.087911 self-stabilizing-binary-consensus.go:427: est[1][2]={1} aux[1][2]={}
INFO: 17:55:10.088081 self-stabilizing-binary-consensus.go:410: RECEIVE j=3 flag=1 r=1 est={0 1} aux={}
INFO: 17:55:10.088264 self-stabilizing-binary-consensus.go:427: est[1][3]={0 1} aux[1][3]={}
INFO: 17:55:10.090571 self-stabilizing-binary-consensus.go:142: binValues(1,2)={1} w=1
INFO: 17:55:10.090623 self-stabilizing-binary-consensus.go:143: SEND flag=1 r=1 est={0 1} aux={1}
INFO: 17:55:10.092437 self-stabilizing-binary-consensus.go:434: SEND flag=0 r=1 est={0} aux={1}
INFO: 17:55:10.092493 self-stabilizing-binary-consensus.go:410: RECEIVE j=2 flag=0 r=1 est={1} aux={}
INFO: 17:55:10.092533 self-stabilizing-binary-consensus.go:427: est[1][2]={1} aux[1][2]={}
INFO: 17:55:10.094931 self-stabilizing-binary-consensus.go:410: RECEIVE j=0 flag=0 r=1 est={0} aux={}
INFO: 17:55:10.094956 self-stabilizing-binary-consensus.go:427: est[1][0]={0 1} aux[1][0]={}
INFO: 17:55:10.096428 self-stabilizing-binary-consensus.go:410: RECEIVE j=2 flag=0 r=1 est={1} aux={}
INFO: 17:55:10.096495 self-stabilizing-binary-consensus.go:427: est[1][2]={1} aux[1][2]={}
INFO: 17:55:10.098340 self-stabilizing-binary-consensus.go:410: RECEIVE j=3 flag=0 r=1 est={1} aux={}
INFO: 17:55:10.098387 self-stabilizing-binary-consensus.go:427: est[1][3]={0 1} aux[1][3]={}
INFO: 17:55:10.194302 self-stabilizing-binary-consensus.go:410: RECEIVE j=2 flag=1 r=1 est={0 1} aux={0}
INFO: 17:55:10.194409 self-stabilizing-binary-consensus.go:427: est[1][2]={0 1} aux[1][2]={0}
INFO: 17:55:10.203285 self-stabilizing-binary-consensus.go:434: SEND flag=0 r=1 est={0} aux={1}
INFO: 17:55:10.203316 self-stabilizing-binary-consensus.go:410: RECEIVE j=0 flag=0 r=1 est={0} aux={}
INFO: 17:55:10.203327 self-stabilizing-binary-consensus.go:427: est[1][0]={0 1} aux[1][0]={}
INFO: 17:55:10.203338 self-stabilizing-binary-consensus.go:410: RECEIVE j=3 flag=0 r=1 est={1} aux={}
INFO: 17:55:10.203346 self-stabilizing-binary-consensus.go:427: est[1][3]={0 1} aux[1][3]={}
INFO: 17:55:15.091297 self-stabilizing-binary-consensus.go:148: infoResults()={}
INFO: 17:55:15.091430 self-stabilizing-binary-consensus.go:90: round=1 repeat=3
INFO: 17:55:15.091459 self-stabilizing-binary-consensus.go:127: binValues(1,3)={0 1} w=0
INFO: 17:55:15.099176 self-stabilizing-binary-consensus.go:410: RECEIVE j=0 flag=1 r=1 est={0 1} aux={0}
INFO: 17:55:15.099992 self-stabilizing-binary-consensus.go:142: binValues(1,2)={0 1} w=0
INFO: 17:55:15.104988 self-stabilizing-binary-consensus.go:143: SEND flag=1 r=1 est={0 1} aux={1}
INFO: 17:55:15.099888 self-stabilizing-binary-consensus.go:427: est[1][0]={0 1} aux[1][0]={0}
INFO: 17:55:15.111427 self-stabilizing-binary-consensus.go:434: SEND flag=0 r=1 est={0} aux={1}
INFO: 17:55:15.111475 self-stabilizing-binary-consensus.go:410: RECEIVE j=2 flag=0 r=1 est={1} aux={0}
INFO: 17:55:15.111487 self-stabilizing-binary-consensus.go:427: est[1][2]={0 1} aux[1][2]={0}
INFO: 17:55:15.111495 self-stabilizing-binary-consensus.go:410: RECEIVE j=0 flag=0 r=1 est={0} aux={0}
INFO: 17:55:15.111501 self-stabilizing-binary-consensus.go:427: est[1][0]={0 1} aux[1][0]={0}
INFO: 17:55:15.112845 self-stabilizing-binary-consensus.go:410: RECEIVE j=3 flag=0 r=1 est={1} aux={0}
INFO: 17:55:15.113172 self-stabilizing-binary-consensus.go:427: est[1][3]={0 1} aux[1][3]={0}
INFO: 17:55:15.116030 self-stabilizing-binary-consensus.go:410: RECEIVE j=3 flag=1 r=1 est={0 1} aux={0}
INFO: 17:55:15.116088 self-stabilizing-binary-consensus.go:427: est[1][3]={0 1} aux[1][3]={0}
INFO: 17:55:15.121248 self-stabilizing-binary-consensus.go:434: SEND flag=0 r=1 est={0} aux={1}
INFO: 17:55:15.122515 self-stabilizing-binary-consensus.go:410: RECEIVE j=3 flag=0 r=1 est={1} aux={0}
INFO: 17:55:15.123063 self-stabilizing-binary-consensus.go:427: est[1][3]={0 1} aux[1][3]={0}
INFO: 17:55:15.124065 self-stabilizing-binary-consensus.go:410: RECEIVE j=0 flag=0 r=1 est={0} aux={0}
INFO: 17:55:15.124318 self-stabilizing-binary-consensus.go:427: est[1][0]={0 1} aux[1][0]={0}
INFO: 17:55:15.128244 self-stabilizing-binary-consensus.go:410: RECEIVE j=2 flag=0 r=1 est={1} aux={0}
INFO: 17:55:15.128314 self-stabilizing-binary-consensus.go:427: est[1][2]={0 1} aux[1][2]={0}
INFO: 17:55:15.128462 self-stabilizing-binary-consensus.go:410: RECEIVE j=2 flag=0 r=1 est={1} aux={0}
INFO: 17:55:15.128523 self-stabilizing-binary-consensus.go:427: est[1][2]={0 1} aux[1][2]={0}
INFO: 17:55:15.201058 self-stabilizing-binary-consensus.go:410: RECEIVE j=2 flag=1 r=1 est={0 1} aux={0}
INFO: 17:55:15.201184 self-stabilizing-binary-consensus.go:427: est[1][2]={0 1} aux[1][2]={0}
INFO: 17:55:15.203797 self-stabilizing-binary-consensus.go:434: SEND flag=0 r=1 est={0} aux={1}
INFO: 17:55:15.203841 self-stabilizing-binary-consensus.go:410: RECEIVE j=0 flag=0 r=1 est={0} aux={0}
INFO: 17:55:15.203883 self-stabilizing-binary-consensus.go:427: est[1][0]={0 1} aux[1][0]={0}
INFO: 17:55:15.203947 self-stabilizing-binary-consensus.go:410: RECEIVE j=3 flag=0 r=1 est={1} aux={0}
INFO: 17:55:15.203984 self-stabilizing-binary-consensus.go:427: est[1][3]={0 1} aux[1][3]={0}
