INFO: 01:17:46.706617 main.go:29: ID:1 | N:4 | F:1 | Clients:1 | Scenario:NORMAL | Remote:false

INFO: 01:17:46.706961 messenger.go:90: Receive from Server 0 on tcp://*:4100
INFO: 01:17:46.707166 messenger.go:107: Send to Server 0 on tcp://localhost:4001
INFO: 01:17:46.707251 messenger.go:90: Receive from Server 2 on tcp://*:4102
INFO: 01:17:46.707295 messenger.go:107: Send to Server 2 on tcp://localhost:4201
INFO: 01:17:46.707369 messenger.go:90: Receive from Server 3 on tcp://*:4103
INFO: 01:17:46.707416 messenger.go:107: Send to Server 3 on tcp://localhost:4301
INFO: 01:17:46.707453 messenger.go:113: -----------------------------------------
INFO: 01:17:46.707500 messenger.go:135: Requests from Client 0 on tcp://*:7100
INFO: 01:17:46.707574 messenger.go:152: Response to Client 0 on tcp://*:10100
INFO: 01:17:46.707594 messenger.go:155: -----------------------------------------

INFO: 01:17:46.713672 main.go:83: Initial estimate value:  0
INFO: 01:17:46.713737 self-stabilizing-binary-consensus.go:77: Round:1
INFO: 01:17:46.713761 self-stabilizing-binary-consensus.go:116: binValues(1,3)={} w=-1
INFO: 01:17:46.713769 self-stabilizing-binary-consensus.go:127: binValues(1,2)={} w=-1
INFO: 01:17:46.715423 self-stabilizing-binary-consensus.go:131: SEND flag=1 r=1 est={0} aux={}
INFO: 01:17:46.723310 self-stabilizing-binary-consensus.go:404: RECEIVE j=3 flag=1 r=1 est={1} aux={}
INFO: 01:17:46.723371 self-stabilizing-binary-consensus.go:421: est[1][3]={1} aux[1][3]={}
INFO: 01:17:46.874336 self-stabilizing-binary-consensus.go:428: SEND flag=0 r=1 est={0} aux={}
INFO: 01:17:46.874366 self-stabilizing-binary-consensus.go:404: RECEIVE j=3 flag=0 r=1 est={1} aux={}
INFO: 01:17:46.874375 self-stabilizing-binary-consensus.go:421: est[1][3]={1} aux[1][3]={}
INFO: 01:17:46.874381 self-stabilizing-binary-consensus.go:404: RECEIVE j=2 flag=1 r=1 est={1} aux={}
INFO: 01:17:46.874385 self-stabilizing-binary-consensus.go:421: est[1][2]={1} aux[1][2]={}
INFO: 01:17:46.883616 self-stabilizing-binary-consensus.go:428: SEND flag=0 r=1 est={0} aux={}
INFO: 01:17:46.884272 self-stabilizing-binary-consensus.go:404: RECEIVE j=2 flag=0 r=1 est={1} aux={}
INFO: 01:17:46.884314 self-stabilizing-binary-consensus.go:421: est[1][2]={1} aux[1][2]={}
INFO: 01:17:46.884353 self-stabilizing-binary-consensus.go:404: RECEIVE j=0 flag=1 r=1 est={0} aux={}
INFO: 01:17:46.884369 self-stabilizing-binary-consensus.go:421: est[1][0]={0} aux[1][0]={}
INFO: 01:17:46.903782 self-stabilizing-binary-consensus.go:428: SEND flag=0 r=1 est={0} aux={}
INFO: 01:17:46.903947 self-stabilizing-binary-consensus.go:404: RECEIVE j=0 flag=0 r=1 est={0} aux={}
INFO: 01:17:46.904009 self-stabilizing-binary-consensus.go:421: est[1][0]={0} aux[1][0]={}
INFO: 01:17:46.904047 self-stabilizing-binary-consensus.go:404: RECEIVE j=2 flag=0 r=1 est={1} aux={}
INFO: 01:17:46.904080 self-stabilizing-binary-consensus.go:421: est[1][2]={1} aux[1][2]={}
INFO: 01:17:46.904117 self-stabilizing-binary-consensus.go:404: RECEIVE j=3 flag=0 r=1 est={1} aux={}
INFO: 01:17:46.904154 self-stabilizing-binary-consensus.go:421: est[1][3]={1} aux[1][3]={}
INFO: 01:17:46.904192 self-stabilizing-binary-consensus.go:404: RECEIVE j=2 flag=0 r=1 est={1} aux={}
INFO: 01:17:46.904235 self-stabilizing-binary-consensus.go:421: est[1][2]={1} aux[1][2]={}
INFO: 01:17:46.904288 self-stabilizing-binary-consensus.go:404: RECEIVE j=0 flag=0 r=1 est={0} aux={}
INFO: 01:17:46.904355 self-stabilizing-binary-consensus.go:421: est[1][0]={0} aux[1][0]={}
INFO: 01:17:46.904429 self-stabilizing-binary-consensus.go:404: RECEIVE j=0 flag=0 r=1 est={0} aux={}
INFO: 01:17:46.904487 self-stabilizing-binary-consensus.go:421: est[1][0]={0} aux[1][0]={}
INFO: 01:17:46.908294 self-stabilizing-binary-consensus.go:404: RECEIVE j=3 flag=0 r=1 est={1} aux={}
INFO: 01:17:46.908952 self-stabilizing-binary-consensus.go:421: est[1][3]={1} aux[1][3]={}
