INFO: 01:30:57.359641 main.go:29: ID:1 | N:4 | F:1 | Clients:1 | Scenario:NORMAL | Remote:false

INFO: 01:30:57.361906 messenger.go:90: Receive from Server 0 on tcp://*:4100
INFO: 01:30:57.362196 messenger.go:107: Send to Server 0 on tcp://localhost:4001
INFO: 01:30:57.362291 messenger.go:90: Receive from Server 2 on tcp://*:4102
INFO: 01:30:57.362362 messenger.go:107: Send to Server 2 on tcp://localhost:4201
INFO: 01:30:57.362402 messenger.go:90: Receive from Server 3 on tcp://*:4103
INFO: 01:30:57.362432 messenger.go:107: Send to Server 3 on tcp://localhost:4301
INFO: 01:30:57.362779 messenger.go:113: -----------------------------------------
INFO: 01:30:57.362969 messenger.go:135: Requests from Client 0 on tcp://*:7100
INFO: 01:30:57.363056 messenger.go:152: Response to Client 0 on tcp://*:10100
INFO: 01:30:57.363080 messenger.go:155: -----------------------------------------

INFO: 01:30:57.368493 main.go:83: Initial estimate value:  0
INFO: 01:30:57.369010 self-stabilizing-binary-consensus.go:78: Round:1
INFO: 01:30:57.372079 self-stabilizing-binary-consensus.go:118: binValues(1,3)={} w=-1
INFO: 01:30:57.372117 self-stabilizing-binary-consensus.go:129: binValues(1,2)={} w=-1
INFO: 01:30:57.374732 self-stabilizing-binary-consensus.go:133: SEND flag=1 r=1 est={0} aux={}
INFO: 01:30:57.508036 self-stabilizing-binary-consensus.go:413: RECEIVE j=0 flag=0 r=1 est={0} aux={}
INFO: 01:30:57.508108 self-stabilizing-binary-consensus.go:430: est[1][0]={0} aux[1][0]={}
INFO: 01:30:57.509011 self-stabilizing-binary-consensus.go:413: RECEIVE j=0 flag=1 r=1 est={0} aux={}
INFO: 01:30:57.509054 self-stabilizing-binary-consensus.go:430: est[1][0]={0} aux[1][0]={}
INFO: 01:30:57.515252 self-stabilizing-binary-consensus.go:437: SEND flag=0 r=1 est={0} aux={}
INFO: 01:30:57.517304 self-stabilizing-binary-consensus.go:413: RECEIVE j=0 flag=0 r=1 est={0} aux={}
INFO: 01:30:57.517386 self-stabilizing-binary-consensus.go:430: est[1][0]={0} aux[1][0]={}
INFO: 01:30:57.518817 self-stabilizing-binary-consensus.go:413: RECEIVE j=2 flag=1 r=1 est={1} aux={}
INFO: 01:30:57.519371 self-stabilizing-binary-consensus.go:430: est[1][2]={1} aux[1][2]={}
INFO: 01:30:57.524910 self-stabilizing-binary-consensus.go:437: SEND flag=0 r=1 est={0} aux={}
INFO: 01:30:57.524982 self-stabilizing-binary-consensus.go:413: RECEIVE j=3 flag=1 r=1 est={1} aux={}
INFO: 01:30:57.525010 self-stabilizing-binary-consensus.go:430: est[1][3]={1} aux[1][3]={}
INFO: 01:30:57.528171 self-stabilizing-binary-consensus.go:437: SEND flag=0 r=1 est={0} aux={}
INFO: 01:30:57.528255 self-stabilizing-binary-consensus.go:413: RECEIVE j=2 flag=0 r=1 est={1} aux={}
INFO: 01:30:57.528278 self-stabilizing-binary-consensus.go:430: est[1][2]={1} aux[1][2]={}
INFO: 01:30:57.528297 self-stabilizing-binary-consensus.go:413: RECEIVE j=2 flag=0 r=1 est={1} aux={}
INFO: 01:30:57.528314 self-stabilizing-binary-consensus.go:430: est[1][2]={1} aux[1][2]={}
INFO: 01:30:57.528332 self-stabilizing-binary-consensus.go:413: RECEIVE j=3 flag=0 r=1 est={1} aux={}
INFO: 01:30:57.528350 self-stabilizing-binary-consensus.go:430: est[1][3]={1} aux[1][3]={}
INFO: 01:30:57.528368 self-stabilizing-binary-consensus.go:413: RECEIVE j=3 flag=0 r=1 est={1} aux={}
INFO: 01:30:57.528385 self-stabilizing-binary-consensus.go:430: est[1][3]={1} aux[1][3]={}
INFO: 01:30:57.528915 self-stabilizing-binary-consensus.go:413: RECEIVE j=0 flag=0 r=1 est={0} aux={}
INFO: 01:30:57.528955 self-stabilizing-binary-consensus.go:430: est[1][0]={0} aux[1][0]={}
INFO: 01:30:57.529704 self-stabilizing-binary-consensus.go:413: RECEIVE j=3 flag=0 r=1 est={1} aux={}
INFO: 01:30:57.529976 self-stabilizing-binary-consensus.go:430: est[1][3]={1} aux[1][3]={}
INFO: 01:30:57.532055 self-stabilizing-binary-consensus.go:413: RECEIVE j=2 flag=0 r=1 est={1} aux={}
INFO: 01:30:57.532099 self-stabilizing-binary-consensus.go:430: est[1][2]={1} aux[1][2]={}
INFO: 01:31:05.369509 self-stabilizing-binary-consensus.go:413: RECEIVE j=3 flag=1 r=1 est={0 1} aux={}
INFO: 01:31:05.371378 self-stabilizing-binary-consensus.go:430: est[1][3]={0 1} aux[1][3]={}
INFO: 01:31:05.382538 self-stabilizing-binary-consensus.go:118: binValues(1,3)={} w=-1
INFO: 01:31:05.382618 self-stabilizing-binary-consensus.go:129: binValues(1,2)={} w=-1
INFO: 01:31:05.387798 self-stabilizing-binary-consensus.go:133: SEND flag=1 r=1 est={0 1} aux={}
INFO: 01:31:05.396548 self-stabilizing-binary-consensus.go:437: SEND flag=0 r=1 est={0} aux={}
INFO: 01:31:05.396651 self-stabilizing-binary-consensus.go:413: RECEIVE j=2 flag=1 r=1 est={0 1} aux={}
INFO: 01:31:05.396890 self-stabilizing-binary-consensus.go:430: est[1][2]={0 1} aux[1][2]={}
INFO: 01:31:05.401259 self-stabilizing-binary-consensus.go:437: SEND flag=0 r=1 est={0} aux={}
INFO: 01:31:05.401322 self-stabilizing-binary-consensus.go:413: RECEIVE j=2 flag=0 r=1 est={1} aux={}
INFO: 01:31:05.401348 self-stabilizing-binary-consensus.go:430: est[1][2]={0 1} aux[1][2]={}
INFO: 01:31:05.401369 self-stabilizing-binary-consensus.go:413: RECEIVE j=0 flag=0 r=1 est={0} aux={}
INFO: 01:31:05.401388 self-stabilizing-binary-consensus.go:430: est[1][0]={0} aux[1][0]={}
INFO: 01:31:05.401408 self-stabilizing-binary-consensus.go:413: RECEIVE j=2 flag=0 r=1 est={1} aux={}
INFO: 01:31:05.401427 self-stabilizing-binary-consensus.go:430: est[1][2]={0 1} aux[1][2]={}
INFO: 01:31:05.401455 self-stabilizing-binary-consensus.go:413: RECEIVE j=3 flag=0 r=1 est={1} aux={}
INFO: 01:31:05.401476 self-stabilizing-binary-consensus.go:430: est[1][3]={0 1} aux[1][3]={}
INFO: 01:31:05.406584 self-stabilizing-binary-consensus.go:413: RECEIVE j=0 flag=0 r=1 est={0} aux={}
INFO: 01:31:05.406980 self-stabilizing-binary-consensus.go:430: est[1][0]={0} aux[1][0]={}
INFO: 01:31:05.411061 self-stabilizing-binary-consensus.go:413: RECEIVE j=0 flag=0 r=1 est={0} aux={}
INFO: 01:31:05.411108 self-stabilizing-binary-consensus.go:430: est[1][0]={0} aux[1][0]={}
INFO: 01:31:05.411639 self-stabilizing-binary-consensus.go:413: RECEIVE j=3 flag=0 r=1 est={1} aux={}
INFO: 01:31:05.411679 self-stabilizing-binary-consensus.go:430: est[1][3]={0 1} aux[1][3]={}
INFO: 01:31:05.516013 self-stabilizing-binary-consensus.go:413: RECEIVE j=0 flag=1 r=1 est={0 1} aux={0}
INFO: 01:31:05.516464 self-stabilizing-binary-consensus.go:430: est[1][0]={0 1} aux[1][0]={0}
INFO: 01:31:05.523604 self-stabilizing-binary-consensus.go:437: SEND flag=0 r=1 est={0} aux={}
INFO: 01:31:05.526756 self-stabilizing-binary-consensus.go:413: RECEIVE j=3 flag=0 r=1 est={1} aux={}
INFO: 01:31:05.526839 self-stabilizing-binary-consensus.go:430: est[1][3]={0 1} aux[1][3]={}
INFO: 01:31:05.531253 self-stabilizing-binary-consensus.go:413: RECEIVE j=2 flag=0 r=1 est={1} aux={}
INFO: 01:31:05.531655 self-stabilizing-binary-consensus.go:430: est[1][2]={0 1} aux[1][2]={}
