INFO: 20:42:30.293511 main.go:29: ID:1 | N:4 | F:1 | Clients:1 | Scenario:NORMAL | Remote:false

INFO: 20:42:30.293855 messenger.go:90: Receive from Server 0 on tcp://*:4100
INFO: 20:42:30.294028 messenger.go:107: Send to Server 0 on tcp://localhost:4001
INFO: 20:42:30.294081 messenger.go:90: Receive from Server 2 on tcp://*:4102
INFO: 20:42:30.294126 messenger.go:107: Send to Server 2 on tcp://localhost:4201
INFO: 20:42:30.294172 messenger.go:90: Receive from Server 3 on tcp://*:4103
INFO: 20:42:30.294217 messenger.go:107: Send to Server 3 on tcp://localhost:4301
INFO: 20:42:30.294238 messenger.go:113: -----------------------------------------
INFO: 20:42:30.294269 messenger.go:135: Requests from Client 0 on tcp://*:7100
INFO: 20:42:30.294314 messenger.go:152: Response to Client 0 on tcp://*:10100
INFO: 20:42:30.294334 messenger.go:155: -----------------------------------------

INFO: 20:42:30.301258 main.go:83: Initial estimate value:  0
INFO: 20:42:30.301299 binary_consensus.go:24: 4.BC: bcid-1 round-1
INFO: 20:42:30.357770 binary_consensus.go:124: SEND EST 0
INFO: 20:42:30.357813 binary_consensus.go:141: RECEIVE EST j=2 val=1
INFO: 20:42:30.357822 binary_consensus.go:141: RECEIVE EST j=3 val=1
INFO: 20:42:30.360418 binary_consensus.go:145: SEND EST 1
INFO: 20:42:30.435204 binary_consensus.go:141: RECEIVE EST j=2 val=0
INFO: 20:42:30.439038 binary_consensus.go:141: RECEIVE EST j=3 val=0
INFO: 20:42:30.441798 binary_consensus.go:154: 4.BC: bin_values-[0]
INFO: 20:42:30.443502 binary_consensus.go:39: SEND AUX 0
INFO: 20:42:30.443529 binary_consensus.go:65: RECEIVE AUX j=2 val=1
INFO: 20:42:30.443538 binary_consensus.go:65: RECEIVE AUX j=3 val=1
INFO: 20:42:30.452901 binary_consensus.go:141: RECEIVE EST j=0 val=0
INFO: 20:42:30.453375 binary_consensus.go:141: RECEIVE EST j=0 val=1
INFO: 20:42:30.453453 binary_consensus.go:154: 4.BC: bin_values-[0 1]
INFO: 20:42:30.483376 binary_consensus.go:65: RECEIVE AUX j=0 val=1
INFO: 20:42:30.483951 binary_consensus.go:80: 4.BC: vals-[1] coin-0
INFO: 20:42:30.484039 binary_consensus.go:24: 7.BC: bcid-1 round-2
INFO: 20:42:30.486631 binary_consensus.go:124: SEND EST 1
INFO: 20:42:30.486708 binary_consensus.go:141: RECEIVE EST j=0 val=1
INFO: 20:42:30.486729 binary_consensus.go:141: RECEIVE EST j=2 val=1
INFO: 20:42:30.486739 binary_consensus.go:154: 7.BC: bin_values-[1]
INFO: 20:42:30.486746 binary_consensus.go:141: RECEIVE EST j=3 val=1
INFO: 20:42:30.494697 binary_consensus.go:39: SEND AUX 1
INFO: 20:42:30.494792 binary_consensus.go:65: RECEIVE AUX j=3 val=1
INFO: 20:42:30.495608 binary_consensus.go:65: RECEIVE AUX j=0 val=1
INFO: 20:42:30.495644 binary_consensus.go:80: 7.BC: vals-[1] coin-1
INFO: 20:42:30.495650 binary_consensus.go:85: 7.BC: decide-1
INFO: 20:42:30.495654 binary_consensus.go:181: My final decision 1
