INFO: 21:37:05.933919 main.go:29: ID:1 | N:10 | F:3 | Clients:1 | Scenario:NORMAL | Remote:false

INFO: 21:37:05.935263 messenger.go:90: Receive from Server 0 on tcp://*:4100
INFO: 21:37:05.938637 messenger.go:107: Send to Server 0 on tcp://localhost:4001
INFO: 21:37:05.938860 messenger.go:90: Receive from Server 2 on tcp://*:4102
INFO: 21:37:05.938971 messenger.go:107: Send to Server 2 on tcp://localhost:4201
INFO: 21:37:05.939252 messenger.go:90: Receive from Server 3 on tcp://*:4103
INFO: 21:37:05.939534 messenger.go:107: Send to Server 3 on tcp://localhost:4301
INFO: 21:37:05.939854 messenger.go:90: Receive from Server 4 on tcp://*:4104
INFO: 21:37:05.939912 messenger.go:107: Send to Server 4 on tcp://localhost:4401
INFO: 21:37:05.940068 messenger.go:90: Receive from Server 5 on tcp://*:4105
INFO: 21:37:05.940364 messenger.go:107: Send to Server 5 on tcp://localhost:4501
INFO: 21:37:05.941036 messenger.go:90: Receive from Server 6 on tcp://*:4106
INFO: 21:37:05.941125 messenger.go:107: Send to Server 6 on tcp://localhost:4601
INFO: 21:37:05.941183 messenger.go:90: Receive from Server 7 on tcp://*:4107
INFO: 21:37:05.941228 messenger.go:107: Send to Server 7 on tcp://localhost:4701
INFO: 21:37:05.942715 messenger.go:90: Receive from Server 8 on tcp://*:4108
INFO: 21:37:05.942973 messenger.go:107: Send to Server 8 on tcp://localhost:4801
INFO: 21:37:05.943170 messenger.go:90: Receive from Server 9 on tcp://*:4109
INFO: 21:37:05.943229 messenger.go:107: Send to Server 9 on tcp://localhost:4901
INFO: 21:37:05.943941 messenger.go:113: -----------------------------------------
INFO: 21:37:05.944017 messenger.go:135: Requests from Client 0 on tcp://*:7100
INFO: 21:37:05.946452 messenger.go:152: Response to Client 0 on tcp://*:10100
INFO: 21:37:05.948598 messenger.go:155: -----------------------------------------

INFO: 21:37:05.977195 main.go:83: Initial estimate value:  1
INFO: 21:37:05.982299 messenger.go:346: RECEIVED EST from 3
INFO: 21:37:05.985107 messenger.go:270: SENT EST to 0
INFO: 21:37:05.985896 messenger.go:270: SENT EST to 7
INFO: 21:37:05.986322 messenger.go:270: SENT EST to 4
INFO: 21:37:05.986349 messenger.go:270: SENT EST to 6
INFO: 21:37:05.986358 messenger.go:270: SENT EST to 5
INFO: 21:37:05.986375 messenger.go:270: SENT EST to 3
INFO: 21:37:05.986398 messenger.go:270: SENT EST to 2
INFO: 21:37:05.986801 messenger.go:270: SENT EST to 9
INFO: 21:37:05.988093 messenger.go:270: SENT EST to 8
INFO: 21:37:06.004259 messenger.go:346: RECEIVED EST from 0
INFO: 21:37:06.028666 messenger.go:346: RECEIVED EST from 7
INFO: 21:37:06.033742 messenger.go:346: RECEIVED EST from 2
INFO: 21:37:06.044089 messenger.go:346: RECEIVED EST from 8
INFO: 21:37:06.053643 messenger.go:346: RECEIVED EST from 6
INFO: 21:37:06.070296 messenger.go:346: RECEIVED EST from 9
INFO: 21:37:06.077345 messenger.go:346: RECEIVED EST from 5
INFO: 21:37:06.111514 messenger.go:346: RECEIVED EST from 4
