INFO: 16:44:32.196005 main.go:29: ID:1 | N:4 | F:1 | Clients:1 | Scenario:NORMAL | Remote:false

INFO: 16:44:32.196421 messenger.go:90: Receive from Server 0 on tcp://*:4100
INFO: 16:44:32.196604 messenger.go:107: Send to Server 0 on tcp://localhost:4001
INFO: 16:44:32.196667 messenger.go:90: Receive from Server 2 on tcp://*:4102
INFO: 16:44:32.196745 messenger.go:107: Send to Server 2 on tcp://localhost:4201
INFO: 16:44:32.196798 messenger.go:90: Receive from Server 3 on tcp://*:4103
INFO: 16:44:32.196843 messenger.go:107: Send to Server 3 on tcp://localhost:4301
INFO: 16:44:32.196866 messenger.go:113: -----------------------------------------
INFO: 16:44:32.196908 messenger.go:135: Requests from Client 0 on tcp://*:7100
INFO: 16:44:32.196954 messenger.go:152: Response to Client 0 on tcp://*:10100
INFO: 16:44:32.196979 messenger.go:155: -----------------------------------------

INFO: 16:44:32.199850 main.go:83: Initial estimate value:  0
INFO: 16:44:32.199925 self-stabilizing-binary-consensus.go:93: round=1 repeat=1
INFO: 16:44:32.199946 self-stabilizing-binary-consensus.go:200: binValues(1,3)={}
INFO: 16:44:32.199954 self-stabilizing-binary-consensus.go:200: binValues(1,2)={}
INFO: 16:44:32.204119 self-stabilizing-binary-consensus.go:141: SEND flag=1 r=1 est={0} aux={}
INFO: 16:44:32.352615 self-stabilizing-binary-consensus.go:433: RECEIVE j=0 flag=1 r=1 est={0} aux={}
INFO: 16:44:32.352759 self-stabilizing-binary-consensus.go:435: est[1][0]={0} aux[1][0]={}
INFO: 16:44:32.354791 self-stabilizing-binary-consensus.go:443: SEND flag=0 r=1 est={0} aux={}
INFO: 16:44:32.354837 self-stabilizing-binary-consensus.go:433: RECEIVE j=0 flag=0 r=1 est={0} aux={}
INFO: 16:44:32.354858 self-stabilizing-binary-consensus.go:435: est[1][0]={0} aux[1][0]={}
INFO: 16:44:32.356378 self-stabilizing-binary-consensus.go:433: RECEIVE j=2 flag=1 r=1 est={0} aux={}
INFO: 16:44:32.356433 self-stabilizing-binary-consensus.go:435: est[1][2]={0} aux[1][2]={}
INFO: 16:44:32.358293 self-stabilizing-binary-consensus.go:443: SEND flag=0 r=1 est={0} aux={}
INFO: 16:44:32.359862 self-stabilizing-binary-consensus.go:433: RECEIVE j=2 flag=0 r=1 est={0} aux={}
INFO: 16:44:32.359935 self-stabilizing-binary-consensus.go:435: est[1][2]={0} aux[1][2]={}
INFO: 16:44:32.359995 self-stabilizing-binary-consensus.go:433: RECEIVE j=3 flag=1 r=1 est={0} aux={}
INFO: 16:44:32.360014 self-stabilizing-binary-consensus.go:435: est[1][3]={0} aux[1][3]={}
INFO: 16:44:32.363631 self-stabilizing-binary-consensus.go:443: SEND flag=0 r=1 est={0} aux={}
INFO: 16:44:32.363665 self-stabilizing-binary-consensus.go:433: RECEIVE j=2 flag=0 r=1 est={0} aux={}
INFO: 16:44:32.363673 self-stabilizing-binary-consensus.go:435: est[1][2]={0} aux[1][2]={}
INFO: 16:44:32.363679 self-stabilizing-binary-consensus.go:433: RECEIVE j=3 flag=0 r=1 est={0} aux={}
INFO: 16:44:32.363684 self-stabilizing-binary-consensus.go:435: est[1][3]={0} aux[1][3]={}
INFO: 16:44:32.365148 self-stabilizing-binary-consensus.go:433: RECEIVE j=3 flag=0 r=1 est={0} aux={}
INFO: 16:44:32.365193 self-stabilizing-binary-consensus.go:435: est[1][3]={0} aux[1][3]={}
INFO: 16:44:32.366522 self-stabilizing-binary-consensus.go:433: RECEIVE j=2 flag=0 r=1 est={0} aux={}
INFO: 16:44:32.366568 self-stabilizing-binary-consensus.go:435: est[1][2]={0} aux[1][2]={}
INFO: 16:44:32.367613 self-stabilizing-binary-consensus.go:433: RECEIVE j=0 flag=0 r=1 est={0} aux={}
INFO: 16:44:32.367751 self-stabilizing-binary-consensus.go:435: est[1][0]={0} aux[1][0]={}
INFO: 16:44:32.370822 self-stabilizing-binary-consensus.go:433: RECEIVE j=0 flag=0 r=1 est={0} aux={}
INFO: 16:44:32.373087 self-stabilizing-binary-consensus.go:435: est[1][0]={0} aux[1][0]={}
INFO: 16:44:32.374174 self-stabilizing-binary-consensus.go:433: RECEIVE j=3 flag=0 r=1 est={0} aux={}
INFO: 16:44:32.374204 self-stabilizing-binary-consensus.go:435: est[1][3]={0} aux[1][3]={}
INFO: 16:44:33.200458 self-stabilizing-binary-consensus.go:433: RECEIVE j=0 flag=1 r=1 est={0} aux={0}
INFO: 16:44:33.202741 self-stabilizing-binary-consensus.go:435: est[1][0]={0} aux[1][0]={0}
INFO: 16:44:33.204576 self-stabilizing-binary-consensus.go:200: binValues(1,3)={0}
INFO: 16:44:33.211293 self-stabilizing-binary-consensus.go:227: infoResults()={}
INFO: 16:44:33.211436 self-stabilizing-binary-consensus.go:93: round=1 repeat=2
INFO: 16:44:33.211495 self-stabilizing-binary-consensus.go:200: binValues(1,3)={0}
INFO: 16:44:33.211532 self-stabilizing-binary-consensus.go:132: aux[1][1]=0
INFO: 16:44:33.211568 self-stabilizing-binary-consensus.go:200: binValues(1,2)={0}
INFO: 16:44:33.213839 self-stabilizing-binary-consensus.go:443: SEND flag=0 r=1 est={0} aux={0}
INFO: 16:44:33.223497 self-stabilizing-binary-consensus.go:433: RECEIVE j=2 flag=1 r=1 est={0} aux={0}
INFO: 16:44:33.223611 self-stabilizing-binary-consensus.go:435: est[1][2]={0} aux[1][2]={0}
INFO: 16:44:33.226256 self-stabilizing-binary-consensus.go:141: SEND flag=1 r=1 est={0} aux={0}
INFO: 16:44:33.240504 self-stabilizing-binary-consensus.go:443: SEND flag=0 r=1 est={0} aux={0}
INFO: 16:44:33.240569 self-stabilizing-binary-consensus.go:433: RECEIVE j=2 flag=0 r=1 est={0} aux={0}
INFO: 16:44:33.240608 self-stabilizing-binary-consensus.go:435: est[1][2]={0} aux[1][2]={0}
INFO: 16:44:33.240647 self-stabilizing-binary-consensus.go:433: RECEIVE j=0 flag=0 r=1 est={0} aux={0}
INFO: 16:44:33.240684 self-stabilizing-binary-consensus.go:435: est[1][0]={0} aux[1][0]={0}
INFO: 16:44:33.240721 self-stabilizing-binary-consensus.go:433: RECEIVE j=3 flag=1 r=1 est={0} aux={0}
INFO: 16:44:33.240762 self-stabilizing-binary-consensus.go:435: est[1][3]={0} aux[1][3]={0}
INFO: 16:44:33.252812 self-stabilizing-binary-consensus.go:443: SEND flag=0 r=1 est={0} aux={0}
INFO: 16:44:33.252882 self-stabilizing-binary-consensus.go:433: RECEIVE j=0 flag=0 r=1 est={0} aux={0}
INFO: 16:44:33.252930 self-stabilizing-binary-consensus.go:435: est[1][0]={0} aux[1][0]={0}
INFO: 16:44:33.252968 self-stabilizing-binary-consensus.go:433: RECEIVE j=3 flag=0 r=1 est={0} aux={0}
INFO: 16:44:33.253004 self-stabilizing-binary-consensus.go:435: est[1][3]={0} aux[1][3]={0}
INFO: 16:44:33.253041 self-stabilizing-binary-consensus.go:433: RECEIVE j=2 flag=0 r=1 est={0} aux={0}
INFO: 16:44:33.253091 self-stabilizing-binary-consensus.go:435: est[1][2]={0} aux[1][2]={0}
INFO: 16:44:33.253129 self-stabilizing-binary-consensus.go:433: RECEIVE j=3 flag=0 r=1 est={0} aux={0}
INFO: 16:44:33.253164 self-stabilizing-binary-consensus.go:435: est[1][3]={0} aux[1][3]={0}
INFO: 16:44:33.253210 self-stabilizing-binary-consensus.go:433: RECEIVE j=2 flag=0 r=1 est={0} aux={0}
INFO: 16:44:33.253247 self-stabilizing-binary-consensus.go:435: est[1][2]={0} aux[1][2]={0}
INFO: 16:44:33.253290 self-stabilizing-binary-consensus.go:433: RECEIVE j=3 flag=0 r=1 est={0} aux={0}
INFO: 16:44:33.253376 self-stabilizing-binary-consensus.go:435: est[1][3]={0} aux[1][3]={0}
INFO: 16:44:33.254108 self-stabilizing-binary-consensus.go:433: RECEIVE j=0 flag=0 r=1 est={0} aux={0}
INFO: 16:44:33.254146 self-stabilizing-binary-consensus.go:435: est[1][0]={0} aux[1][0]={0}
INFO: 16:44:34.226526 self-stabilizing-binary-consensus.go:200: binValues(1,3)={0}
INFO: 16:44:34.226570 self-stabilizing-binary-consensus.go:227: infoResults()={0}
INFO: 16:44:34.226591 self-stabilizing-binary-consensus.go:200: binValues(1,3)={0}
INFO: 16:44:34.226608 self-stabilizing-binary-consensus.go:227: infoResults()={0}
INFO: 16:44:34.226625 self-stabilizing-binary-consensus.go:258: randomBit(1)=0
INFO: 16:44:34.226643 self-stabilizing-binary-consensus.go:251: decision=0
INFO: 16:44:34.226693 self-stabilizing-binary-consensus.go:200: binValues(11,2)={}
INFO: 16:44:34.226722 self-stabilizing-binary-consensus.go:93: round=11 repeat=1
INFO: 16:44:34.226741 self-stabilizing-binary-consensus.go:200: binValues(11,3)={}
INFO: 16:44:34.226764 self-stabilizing-binary-consensus.go:200: binValues(11,2)={}
INFO: 16:44:34.228470 self-stabilizing-binary-consensus.go:141: SEND flag=1 r=11 est={0} aux={0}
INFO: 16:44:34.229008 self-stabilizing-binary-consensus.go:433: RECEIVE j=0 flag=1 r=11 est={0} aux={0}
INFO: 16:44:34.231051 self-stabilizing-binary-consensus.go:435: est[11][0]={0} aux[11][0]={0}
INFO: 16:44:34.238850 self-stabilizing-binary-consensus.go:443: SEND flag=0 r=11 est={0} aux={0}
INFO: 16:44:34.238907 self-stabilizing-binary-consensus.go:433: RECEIVE j=2 flag=1 r=11 est={0} aux={0}
INFO: 16:44:34.238937 self-stabilizing-binary-consensus.go:435: est[11][2]={0} aux[11][2]={0}
INFO: 16:44:34.242395 self-stabilizing-binary-consensus.go:443: SEND flag=0 r=11 est={0} aux={0}
INFO: 16:44:34.242450 self-stabilizing-binary-consensus.go:433: RECEIVE j=2 flag=0 r=11 est={0} aux={0}
INFO: 16:44:34.242472 self-stabilizing-binary-consensus.go:435: est[11][2]={0} aux[11][2]={0}
INFO: 16:44:34.242491 self-stabilizing-binary-consensus.go:433: RECEIVE j=3 flag=1 r=11 est={0} aux={0}
INFO: 16:44:34.242508 self-stabilizing-binary-consensus.go:435: est[11][3]={0} aux[11][3]={0}
INFO: 16:44:34.244702 self-stabilizing-binary-consensus.go:443: SEND flag=0 r=11 est={0} aux={0}
INFO: 16:44:34.244752 self-stabilizing-binary-consensus.go:433: RECEIVE j=2 flag=0 r=11 est={0} aux={0}
INFO: 16:44:34.244772 self-stabilizing-binary-consensus.go:435: est[11][2]={0} aux[11][2]={0}
INFO: 16:44:34.244791 self-stabilizing-binary-consensus.go:433: RECEIVE j=3 flag=0 r=11 est={0} aux={0}
INFO: 16:44:34.244808 self-stabilizing-binary-consensus.go:435: est[11][3]={0} aux[11][3]={0}
INFO: 16:44:34.247034 self-stabilizing-binary-consensus.go:433: RECEIVE j=0 flag=0 r=11 est={0} aux={0}
INFO: 16:44:34.247873 self-stabilizing-binary-consensus.go:435: est[11][0]={0} aux[11][0]={0}
INFO: 16:44:34.253356 self-stabilizing-binary-consensus.go:433: RECEIVE j=2 flag=0 r=11 est={0} aux={0}
INFO: 16:44:34.253419 self-stabilizing-binary-consensus.go:435: est[11][2]={0} aux[11][2]={0}
INFO: 16:44:34.254198 self-stabilizing-binary-consensus.go:433: RECEIVE j=0 flag=0 r=11 est={0} aux={0}
INFO: 16:44:34.254230 self-stabilizing-binary-consensus.go:435: est[11][0]={0} aux[11][0]={0}
INFO: 16:44:34.256365 self-stabilizing-binary-consensus.go:433: RECEIVE j=3 flag=0 r=11 est={0} aux={0}
INFO: 16:44:34.256398 self-stabilizing-binary-consensus.go:435: est[11][3]={0} aux[11][3]={0}
INFO: 16:44:34.259063 self-stabilizing-binary-consensus.go:433: RECEIVE j=0 flag=0 r=11 est={0} aux={0}
INFO: 16:44:34.259099 self-stabilizing-binary-consensus.go:435: est[11][0]={0} aux[11][0]={0}
INFO: 16:44:34.263188 self-stabilizing-binary-consensus.go:433: RECEIVE j=3 flag=0 r=11 est={0} aux={0}
INFO: 16:44:34.263941 self-stabilizing-binary-consensus.go:435: est[11][3]={0} aux[11][3]={0}
INFO: 16:44:35.203527 self-stabilizing-multivalued-consensus.go:20: Successful decide
