INFO: 01:05:01.316042 main.go:29: ID:1 | N:4 | F:1 | Clients:1 | Scenario:NORMAL | Remote:false

INFO: 01:05:01.317143 messenger.go:91: Receive from Server 0 on tcp://*:4100
INFO: 01:05:01.317363 messenger.go:108: Send to Server 0 on tcp://localhost:4001
INFO: 01:05:01.317433 messenger.go:91: Receive from Server 2 on tcp://*:4102
INFO: 01:05:01.317480 messenger.go:108: Send to Server 2 on tcp://localhost:4201
INFO: 01:05:01.317763 messenger.go:91: Receive from Server 3 on tcp://*:4103
INFO: 01:05:01.317938 messenger.go:108: Send to Server 3 on tcp://localhost:4301
INFO: 01:05:01.317964 messenger.go:114: -----------------------------------------
INFO: 01:05:01.318142 messenger.go:136: Requests from Client 0 on tcp://*:7100
INFO: 01:05:01.318220 messenger.go:153: Response to Client 0 on tcp://*:10100
INFO: 01:05:01.318261 messenger.go:156: -----------------------------------------

INFO: 01:05:01.322323 main.go:83: Initial estimate value:  1
INFO: 01:05:01.322360 self-stabilizing-binary-consensus.go:96: round=1 repeat=1
INFO: 01:05:01.322371 self-stabilizing-binary-consensus.go:210: binValues(1,3)={}
INFO: 01:05:01.322376 self-stabilizing-binary-consensus.go:210: binValues(1,2)={}
INFO: 01:05:01.326385 messenger.go:302: SEND j=2 flag=true r=1 est={1} aux={}
INFO: 01:05:01.326463 messenger.go:302: SEND j=3 flag=true r=1 est={1} aux={}
INFO: 01:05:01.326656 messenger.go:302: SEND j=0 flag=true r=1 est={1} aux={}
INFO: 01:05:01.326858 self-stabilizing-binary-consensus.go:445: RECEIVE j=2 flag=true r=1 est={1} aux={}
INFO: 01:05:01.326907 self-stabilizing-binary-consensus.go:447: est[1][2]={1} aux[1][2]={}
INFO: 01:05:01.329779 messenger.go:302: SEND j=2 flag=false r=1 est={1} aux={}
INFO: 01:05:01.330682 messenger.go:302: SEND j=0 flag=false r=1 est={1} aux={}
INFO: 01:05:01.330804 messenger.go:302: SEND j=3 flag=false r=1 est={1} aux={}
INFO: 01:05:01.332849 self-stabilizing-binary-consensus.go:445: RECEIVE j=2 flag=false r=1 est={1} aux={}
INFO: 01:05:01.332877 self-stabilizing-binary-consensus.go:447: est[1][2]={1} aux[1][2]={}
INFO: 01:05:01.456028 self-stabilizing-binary-consensus.go:445: RECEIVE j=2 flag=false r=1 est={1} aux={}
INFO: 01:05:01.456131 self-stabilizing-binary-consensus.go:447: est[1][2]={1} aux[1][2]={}
INFO: 01:05:01.458959 self-stabilizing-binary-consensus.go:445: RECEIVE j=2 flag=false r=1 est={1} aux={}
INFO: 01:05:01.459053 self-stabilizing-binary-consensus.go:447: est[1][2]={1} aux[1][2]={}
INFO: 01:05:01.474918 self-stabilizing-binary-consensus.go:445: RECEIVE j=0 flag=true r=1 est={1} aux={}
INFO: 01:05:01.475066 self-stabilizing-binary-consensus.go:447: est[1][0]={1} aux[1][0]={}
INFO: 01:05:01.477352 self-stabilizing-binary-consensus.go:445: RECEIVE j=0 flag=false r=1 est={1} aux={}
INFO: 01:05:01.477371 self-stabilizing-binary-consensus.go:447: est[1][0]={1} aux[1][0]={}
INFO: 01:05:01.478301 messenger.go:302: SEND j=2 flag=false r=1 est={1} aux={}
INFO: 01:05:01.478748 self-stabilizing-binary-consensus.go:445: RECEIVE j=3 flag=true r=1 est={1} aux={}
INFO: 01:05:01.478765 self-stabilizing-binary-consensus.go:447: est[1][3]={1} aux[1][3]={}
INFO: 01:05:01.478958 messenger.go:302: SEND j=3 flag=false r=1 est={1} aux={}
INFO: 01:05:01.479003 messenger.go:302: SEND j=0 flag=false r=1 est={1} aux={}
INFO: 01:05:01.482865 self-stabilizing-binary-consensus.go:445: RECEIVE j=3 flag=false r=1 est={1} aux={}
INFO: 01:05:01.482884 self-stabilizing-binary-consensus.go:447: est[1][3]={1} aux[1][3]={}
INFO: 01:05:01.482891 self-stabilizing-binary-consensus.go:445: RECEIVE j=3 flag=false r=1 est={1} aux={}
INFO: 01:05:01.482895 self-stabilizing-binary-consensus.go:447: est[1][3]={1} aux[1][3]={}
INFO: 01:05:01.484715 messenger.go:302: SEND j=0 flag=false r=1 est={1} aux={}
INFO: 01:05:01.487200 messenger.go:302: SEND j=2 flag=false r=1 est={1} aux={}
INFO: 01:05:01.487975 messenger.go:302: SEND j=3 flag=false r=1 est={1} aux={}
INFO: 01:05:01.491350 self-stabilizing-binary-consensus.go:445: RECEIVE j=0 flag=false r=1 est={1} aux={}
INFO: 01:05:01.491406 self-stabilizing-binary-consensus.go:447: est[1][0]={1} aux[1][0]={}
INFO: 01:05:01.494602 self-stabilizing-binary-consensus.go:445: RECEIVE j=0 flag=false r=1 est={1} aux={}
INFO: 01:05:01.494651 self-stabilizing-binary-consensus.go:447: est[1][0]={1} aux[1][0]={}
INFO: 01:05:01.498447 self-stabilizing-binary-consensus.go:445: RECEIVE j=3 flag=false r=1 est={1} aux={}
INFO: 01:05:01.498488 self-stabilizing-binary-consensus.go:447: est[1][3]={1} aux[1][3]={}
INFO: 01:05:02.319753 self-stabilizing-binary-consensus.go:445: RECEIVE j=0 flag=true r=1 est={1} aux={1}
INFO: 01:05:02.319819 self-stabilizing-binary-consensus.go:447: est[1][0]={1} aux[1][0]={1}
INFO: 01:05:02.324943 self-stabilizing-binary-consensus.go:210: binValues(1,3)={1}
INFO: 01:05:02.325004 self-stabilizing-binary-consensus.go:235: infoResults()={}
INFO: 01:05:02.325024 self-stabilizing-binary-consensus.go:96: round=1 repeat=2
INFO: 01:05:02.325035 self-stabilizing-binary-consensus.go:210: binValues(1,3)={1}
INFO: 01:05:02.325045 self-stabilizing-binary-consensus.go:135: aux[1][1]=1
INFO: 01:05:02.325057 self-stabilizing-binary-consensus.go:210: binValues(1,2)={1}
INFO: 01:05:02.333450 messenger.go:302: SEND j=0 flag=true r=1 est={1} aux={1}
INFO: 01:05:02.336432 messenger.go:302: SEND j=0 flag=false r=1 est={1} aux={}
INFO: 01:05:02.338699 messenger.go:302: SEND j=3 flag=true r=1 est={1} aux={1}
INFO: 01:05:02.339429 messenger.go:302: SEND j=2 flag=true r=1 est={1} aux={1}
INFO: 01:05:02.339969 self-stabilizing-binary-consensus.go:445: RECEIVE j=3 flag=true r=1 est={1} aux={1}
INFO: 01:05:02.340032 self-stabilizing-binary-consensus.go:447: est[1][3]={1} aux[1][3]={1}
INFO: 01:05:02.340305 messenger.go:302: SEND j=2 flag=false r=1 est={1} aux={}
INFO: 01:05:02.344543 messenger.go:302: SEND j=2 flag=false r=1 est={1} aux={1}
INFO: 01:05:02.346072 messenger.go:302: SEND j=0 flag=false r=1 est={1} aux={1}
INFO: 01:05:02.346671 messenger.go:302: SEND j=3 flag=false r=1 est={1} aux={}
INFO: 01:05:02.348017 self-stabilizing-binary-consensus.go:445: RECEIVE j=2 flag=true r=1 est={1} aux={1}
INFO: 01:05:02.348042 self-stabilizing-binary-consensus.go:447: est[1][2]={1} aux[1][2]={1}
INFO: 01:05:02.350403 messenger.go:302: SEND j=2 flag=false r=1 est={1} aux={1}
INFO: 01:05:02.352474 messenger.go:302: SEND j=3 flag=false r=1 est={1} aux={1}
INFO: 01:05:02.352545 self-stabilizing-binary-consensus.go:445: RECEIVE j=3 flag=false r=1 est={1} aux={}
INFO: 01:05:02.352568 self-stabilizing-binary-consensus.go:447: est[1][3]={1} aux[1][3]={}
INFO: 01:05:02.352576 self-stabilizing-binary-consensus.go:445: RECEIVE j=0 flag=false r=1 est={1} aux={1}
INFO: 01:05:02.352581 self-stabilizing-binary-consensus.go:447: est[1][0]={1} aux[1][0]={1}
INFO: 01:05:02.352587 self-stabilizing-binary-consensus.go:445: RECEIVE j=2 flag=false r=1 est={1} aux={1}
INFO: 01:05:02.352592 self-stabilizing-binary-consensus.go:447: est[1][2]={1} aux[1][2]={1}
INFO: 01:05:02.352610 self-stabilizing-binary-consensus.go:445: RECEIVE j=2 flag=false r=1 est={1} aux={1}
INFO: 01:05:02.352623 self-stabilizing-binary-consensus.go:447: est[1][2]={1} aux[1][2]={1}
INFO: 01:05:02.352628 self-stabilizing-binary-consensus.go:445: RECEIVE j=0 flag=false r=1 est={1} aux={1}
INFO: 01:05:02.352634 self-stabilizing-binary-consensus.go:447: est[1][0]={1} aux[1][0]={1}
INFO: 01:05:02.352640 self-stabilizing-binary-consensus.go:445: RECEIVE j=3 flag=false r=1 est={1} aux={1}
INFO: 01:05:02.352657 self-stabilizing-binary-consensus.go:447: est[1][3]={1} aux[1][3]={1}
INFO: 01:05:02.353202 messenger.go:302: SEND j=0 flag=false r=1 est={1} aux={1}
INFO: 01:05:02.353292 messenger.go:302: SEND j=3 flag=false r=1 est={1} aux={1}
INFO: 01:05:02.353724 self-stabilizing-binary-consensus.go:445: RECEIVE j=0 flag=false r=1 est={1} aux={1}
INFO: 01:05:02.353750 self-stabilizing-binary-consensus.go:447: est[1][0]={1} aux[1][0]={1}
INFO: 01:05:02.355719 self-stabilizing-binary-consensus.go:445: RECEIVE j=3 flag=false r=1 est={1} aux={1}
INFO: 01:05:02.355744 self-stabilizing-binary-consensus.go:447: est[1][3]={1} aux[1][3]={1}
INFO: 01:05:02.356146 self-stabilizing-binary-consensus.go:445: RECEIVE j=2 flag=false r=1 est={1} aux={1}
INFO: 01:05:02.356256 self-stabilizing-binary-consensus.go:447: est[1][2]={1} aux[1][2]={1}
INFO: 01:05:03.331231 self-stabilizing-binary-consensus.go:210: binValues(1,3)={1}
INFO: 01:05:03.331340 self-stabilizing-binary-consensus.go:235: infoResults()={1}
INFO: 01:05:03.331361 self-stabilizing-binary-consensus.go:210: binValues(1,3)={1}
INFO: 01:05:03.331368 self-stabilizing-binary-consensus.go:235: infoResults()={1}
INFO: 01:05:03.331385 self-stabilizing-binary-consensus.go:268: randomBit(1)=1
INFO: 01:05:03.331398 self-stabilizing-binary-consensus.go:261: decision=1
INFO: 01:05:03.331569 self-stabilizing-binary-consensus.go:210: binValues(11,2)={}
INFO: 01:05:04.324231 self-stabilizing-multivalued-consensus.go:18: Successful decide
