INFO: 16:38:43.221636 main.go:29: ID:1 | N:4 | F:1 | Clients:1 | Scenario:NORMAL | Remote:false

INFO: 16:38:43.223011 messenger.go:90: Receive from Server 0 on tcp://*:4100
INFO: 16:38:43.223152 messenger.go:107: Send to Server 0 on tcp://localhost:4001
INFO: 16:38:43.223374 messenger.go:90: Receive from Server 2 on tcp://*:4102
INFO: 16:38:43.223420 messenger.go:107: Send to Server 2 on tcp://localhost:4201
INFO: 16:38:43.223607 messenger.go:90: Receive from Server 3 on tcp://*:4103
INFO: 16:38:43.223665 messenger.go:107: Send to Server 3 on tcp://localhost:4301
INFO: 16:38:43.223702 messenger.go:113: -----------------------------------------
INFO: 16:38:43.223748 messenger.go:135: Requests from Client 0 on tcp://*:7100
INFO: 16:38:43.223778 messenger.go:152: Response to Client 0 on tcp://*:10100
INFO: 16:38:43.223816 messenger.go:155: -----------------------------------------

INFO: 16:38:43.225042 main.go:83: Initial estimate value:  0
INFO: 16:38:43.225154 self-stabilizing-binary-consensus.go:93: round=1 repeat=1
INFO: 16:38:43.225197 self-stabilizing-binary-consensus.go:200: binValues(1,3)={}
INFO: 16:38:43.225218 self-stabilizing-binary-consensus.go:200: binValues(1,2)={}
INFO: 16:38:43.228280 self-stabilizing-binary-consensus.go:141: SEND flag=1 r=1 est={0} aux={}
INFO: 16:38:43.237400 self-stabilizing-binary-consensus.go:433: RECEIVE j=0 flag=1 r=1 est={0} aux={}
INFO: 16:38:43.237475 self-stabilizing-binary-consensus.go:435: est[1][0]={0} aux[1][0]={}
INFO: 16:38:43.390250 self-stabilizing-binary-consensus.go:443: SEND flag=0 r=1 est={0} aux={}
INFO: 16:38:43.390315 self-stabilizing-binary-consensus.go:433: RECEIVE j=0 flag=0 r=1 est={0} aux={}
INFO: 16:38:43.390325 self-stabilizing-binary-consensus.go:435: est[1][0]={0} aux[1][0]={}
INFO: 16:38:43.390331 self-stabilizing-binary-consensus.go:433: RECEIVE j=3 flag=1 r=1 est={0} aux={}
INFO: 16:38:43.390335 self-stabilizing-binary-consensus.go:435: est[1][3]={0} aux[1][3]={}
INFO: 16:38:43.393252 self-stabilizing-binary-consensus.go:443: SEND flag=0 r=1 est={0} aux={}
INFO: 16:38:43.393282 self-stabilizing-binary-consensus.go:433: RECEIVE j=2 flag=1 r=1 est={0} aux={}
INFO: 16:38:43.393301 self-stabilizing-binary-consensus.go:435: est[1][2]={0} aux[1][2]={}
INFO: 16:38:43.396610 self-stabilizing-binary-consensus.go:443: SEND flag=0 r=1 est={0} aux={}
INFO: 16:38:43.396648 self-stabilizing-binary-consensus.go:433: RECEIVE j=3 flag=0 r=1 est={0} aux={}
INFO: 16:38:43.396667 self-stabilizing-binary-consensus.go:435: est[1][3]={0} aux[1][3]={}
INFO: 16:38:43.396686 self-stabilizing-binary-consensus.go:433: RECEIVE j=2 flag=0 r=1 est={0} aux={}
INFO: 16:38:43.396703 self-stabilizing-binary-consensus.go:435: est[1][2]={0} aux[1][2]={}
INFO: 16:38:43.398588 self-stabilizing-binary-consensus.go:433: RECEIVE j=0 flag=0 r=1 est={0} aux={}
INFO: 16:38:43.400970 self-stabilizing-binary-consensus.go:435: est[1][0]={0} aux[1][0]={}
INFO: 16:38:43.405100 self-stabilizing-binary-consensus.go:433: RECEIVE j=0 flag=0 r=1 est={0} aux={}
INFO: 16:38:43.405167 self-stabilizing-binary-consensus.go:435: est[1][0]={0} aux[1][0]={}
INFO: 16:38:43.405693 self-stabilizing-binary-consensus.go:433: RECEIVE j=2 flag=0 r=1 est={0} aux={}
INFO: 16:38:43.405728 self-stabilizing-binary-consensus.go:435: est[1][2]={0} aux[1][2]={}
INFO: 16:38:43.410023 self-stabilizing-binary-consensus.go:433: RECEIVE j=3 flag=0 r=1 est={0} aux={}
INFO: 16:38:43.410100 self-stabilizing-binary-consensus.go:435: est[1][3]={0} aux[1][3]={}
INFO: 16:38:43.412931 self-stabilizing-binary-consensus.go:433: RECEIVE j=3 flag=0 r=1 est={0} aux={}
INFO: 16:38:43.412970 self-stabilizing-binary-consensus.go:435: est[1][3]={0} aux[1][3]={}
INFO: 16:38:43.414266 self-stabilizing-binary-consensus.go:433: RECEIVE j=2 flag=0 r=1 est={0} aux={}
INFO: 16:38:43.414304 self-stabilizing-binary-consensus.go:435: est[1][2]={0} aux[1][2]={}
INFO: 16:38:45.229270 self-stabilizing-binary-consensus.go:200: binValues(1,3)={0}
INFO: 16:38:45.229311 self-stabilizing-binary-consensus.go:227: infoResults()={}
INFO: 16:38:45.229321 self-stabilizing-binary-consensus.go:93: round=1 repeat=2
INFO: 16:38:45.229362 self-stabilizing-binary-consensus.go:200: binValues(1,3)={0}
INFO: 16:38:45.229369 self-stabilizing-binary-consensus.go:132: aux[1][1]=0
INFO: 16:38:45.229374 self-stabilizing-binary-consensus.go:200: binValues(1,2)={0}
INFO: 16:38:45.231699 self-stabilizing-binary-consensus.go:141: SEND flag=1 r=1 est={0} aux={0}
INFO: 16:38:45.241248 self-stabilizing-binary-consensus.go:433: RECEIVE j=0 flag=1 r=1 est={0} aux={0}
INFO: 16:38:45.242092 self-stabilizing-binary-consensus.go:435: est[1][0]={0} aux[1][0]={0}
INFO: 16:38:45.269723 self-stabilizing-binary-consensus.go:443: SEND flag=0 r=1 est={0} aux={0}
INFO: 16:38:45.270919 self-stabilizing-binary-consensus.go:433: RECEIVE j=3 flag=0 r=1 est={0} aux={}
INFO: 16:38:45.270961 self-stabilizing-binary-consensus.go:435: est[1][3]={0} aux[1][3]={}
INFO: 16:38:45.270985 self-stabilizing-binary-consensus.go:433: RECEIVE j=2 flag=0 r=1 est={0} aux={}
INFO: 16:38:45.271006 self-stabilizing-binary-consensus.go:435: est[1][2]={0} aux[1][2]={}
INFO: 16:38:45.271028 self-stabilizing-binary-consensus.go:433: RECEIVE j=0 flag=0 r=1 est={0} aux={0}
INFO: 16:38:45.271047 self-stabilizing-binary-consensus.go:435: est[1][0]={0} aux[1][0]={0}
INFO: 16:38:45.271068 self-stabilizing-binary-consensus.go:433: RECEIVE j=2 flag=0 r=1 est={0} aux={}
INFO: 16:38:45.271088 self-stabilizing-binary-consensus.go:435: est[1][2]={0} aux[1][2]={}
INFO: 16:38:45.271109 self-stabilizing-binary-consensus.go:433: RECEIVE j=3 flag=1 r=1 est={0} aux={0}
INFO: 16:38:45.271129 self-stabilizing-binary-consensus.go:435: est[1][3]={0} aux[1][3]={0}
INFO: 16:38:45.284147 self-stabilizing-binary-consensus.go:443: SEND flag=0 r=1 est={0} aux={0}
INFO: 16:38:45.284194 self-stabilizing-binary-consensus.go:433: RECEIVE j=2 flag=1 r=1 est={0} aux={0}
INFO: 16:38:45.284223 self-stabilizing-binary-consensus.go:435: est[1][2]={0} aux[1][2]={0}
INFO: 16:38:45.289417 self-stabilizing-binary-consensus.go:443: SEND flag=0 r=1 est={0} aux={0}
INFO: 16:38:45.289495 self-stabilizing-binary-consensus.go:433: RECEIVE j=0 flag=0 r=1 est={0} aux={0}
INFO: 16:38:45.289519 self-stabilizing-binary-consensus.go:435: est[1][0]={0} aux[1][0]={0}
INFO: 16:38:45.289541 self-stabilizing-binary-consensus.go:433: RECEIVE j=0 flag=0 r=1 est={0} aux={0}
INFO: 16:38:45.289602 self-stabilizing-binary-consensus.go:435: est[1][0]={0} aux[1][0]={0}
INFO: 16:38:45.293741 self-stabilizing-binary-consensus.go:433: RECEIVE j=3 flag=0 r=1 est={0} aux={}
INFO: 16:38:45.293755 self-stabilizing-binary-consensus.go:435: est[1][3]={0} aux[1][3]={}
INFO: 16:38:45.302376 self-stabilizing-binary-consensus.go:433: RECEIVE j=2 flag=0 r=1 est={0} aux={0}
INFO: 16:38:45.302415 self-stabilizing-binary-consensus.go:435: est[1][2]={0} aux[1][2]={0}
INFO: 16:38:45.303194 self-stabilizing-binary-consensus.go:433: RECEIVE j=3 flag=0 r=1 est={0} aux={0}
INFO: 16:38:45.303266 self-stabilizing-binary-consensus.go:435: est[1][3]={0} aux[1][3]={0}
INFO: 16:38:47.231945 self-stabilizing-binary-consensus.go:200: binValues(1,3)={0}
INFO: 16:38:47.231975 self-stabilizing-binary-consensus.go:227: infoResults()={0}
INFO: 16:38:47.231982 self-stabilizing-binary-consensus.go:200: binValues(1,3)={0}
INFO: 16:38:47.231986 self-stabilizing-binary-consensus.go:227: infoResults()={0}
INFO: 16:38:47.231990 self-stabilizing-binary-consensus.go:258: randomBit(1)=0
INFO: 16:38:47.231995 self-stabilizing-binary-consensus.go:251: decision=0
INFO: 16:38:47.232023 self-stabilizing-binary-consensus.go:200: binValues(11,2)={}
INFO: 16:38:47.232046 self-stabilizing-binary-consensus.go:93: round=11 repeat=1
INFO: 16:38:47.232054 self-stabilizing-binary-consensus.go:200: binValues(11,3)={}
INFO: 16:38:47.232058 self-stabilizing-binary-consensus.go:200: binValues(11,2)={}
INFO: 16:38:47.234490 self-stabilizing-binary-consensus.go:141: SEND flag=1 r=11 est={0} aux={0}
INFO: 16:38:47.238070 self-stabilizing-binary-consensus.go:433: RECEIVE j=0 flag=1 r=11 est={0} aux={0}
INFO: 16:38:47.238096 self-stabilizing-binary-consensus.go:435: est[11][0]={0} aux[11][0]={0}
INFO: 16:38:47.241198 self-stabilizing-binary-consensus.go:443: SEND flag=0 r=11 est={0} aux={0}
INFO: 16:38:47.241229 self-stabilizing-binary-consensus.go:433: RECEIVE j=0 flag=0 r=11 est={0} aux={0}
INFO: 16:38:47.241237 self-stabilizing-binary-consensus.go:435: est[11][0]={0} aux[11][0]={0}
INFO: 16:38:47.258112 self-stabilizing-binary-consensus.go:433: RECEIVE j=3 flag=1 r=11 est={0} aux={0}
INFO: 16:38:47.258135 self-stabilizing-binary-consensus.go:435: est[11][3]={0} aux[11][3]={0}
INFO: 16:38:47.260959 self-stabilizing-binary-consensus.go:443: SEND flag=0 r=11 est={0} aux={0}
INFO: 16:38:47.266059 self-stabilizing-binary-consensus.go:433: RECEIVE j=3 flag=0 r=11 est={0} aux={0}
INFO: 16:38:47.266209 self-stabilizing-binary-consensus.go:435: est[11][3]={0} aux[11][3]={0}
INFO: 16:38:47.279793 self-stabilizing-binary-consensus.go:433: RECEIVE j=3 flag=0 r=11 est={0} aux={0}
INFO: 16:38:47.279817 self-stabilizing-binary-consensus.go:435: est[11][3]={0} aux[11][3]={0}
INFO: 16:38:47.282867 self-stabilizing-binary-consensus.go:433: RECEIVE j=2 flag=1 r=11 est={0} aux={0}
INFO: 16:38:47.282895 self-stabilizing-binary-consensus.go:435: est[11][2]={0} aux[11][2]={0}
INFO: 16:38:47.285018 self-stabilizing-binary-consensus.go:443: SEND flag=0 r=11 est={0} aux={0}
INFO: 16:38:47.286041 self-stabilizing-binary-consensus.go:433: RECEIVE j=2 flag=0 r=11 est={0} aux={0}
INFO: 16:38:47.286153 self-stabilizing-binary-consensus.go:435: est[11][2]={0} aux[11][2]={0}
INFO: 16:38:47.299878 self-stabilizing-binary-consensus.go:433: RECEIVE j=0 flag=0 r=11 est={0} aux={0}
INFO: 16:38:47.299902 self-stabilizing-binary-consensus.go:435: est[11][0]={0} aux[11][0]={0}
INFO: 16:38:47.300116 self-stabilizing-binary-consensus.go:433: RECEIVE j=3 flag=0 r=11 est={0} aux={0}
INFO: 16:38:47.300144 self-stabilizing-binary-consensus.go:435: est[11][3]={0} aux[11][3]={0}
INFO: 16:38:47.301200 self-stabilizing-binary-consensus.go:433: RECEIVE j=0 flag=0 r=11 est={0} aux={0}
INFO: 16:38:47.301241 self-stabilizing-binary-consensus.go:435: est[11][0]={0} aux[11][0]={0}
INFO: 16:38:47.302964 self-stabilizing-binary-consensus.go:433: RECEIVE j=2 flag=0 r=11 est={0} aux={0}
INFO: 16:38:47.302991 self-stabilizing-binary-consensus.go:435: est[11][2]={0} aux[11][2]={0}
INFO: 16:38:47.314828 self-stabilizing-binary-consensus.go:433: RECEIVE j=2 flag=0 r=11 est={0} aux={0}
INFO: 16:38:47.314870 self-stabilizing-binary-consensus.go:435: est[11][2]={0} aux[11][2]={0}
INFO: 16:38:49.235622 self-stabilizing-binary-consensus.go:200: binValues(11,3)={0}
INFO: 16:38:49.239443 self-stabilizing-binary-consensus.go:227: infoResults()={0}
INFO: 16:38:49.239638 self-stabilizing-binary-consensus.go:200: binValues(11,3)={0}
INFO: 16:38:49.239744 self-stabilizing-binary-consensus.go:227: infoResults()={0}
INFO: 16:38:49.239815 self-stabilizing-binary-consensus.go:258: randomBit(11)=0
INFO: 16:38:49.239876 self-stabilizing-binary-consensus.go:251: decision=0
INFO: 16:38:49.240128 self-stabilizing-binary-consensus.go:200: binValues(11,2)={0}
INFO: 16:38:49.240203 self-stabilizing-binary-consensus.go:251: decision=0
INFO: 16:38:49.240386 self-stabilizing-binary-consensus.go:93: round=11 repeat=1
INFO: 16:38:49.240677 self-stabilizing-binary-consensus.go:200: binValues(11,3)={0}
INFO: 16:38:49.240703 self-stabilizing-binary-consensus.go:200: binValues(11,2)={0}
INFO: 16:38:49.242464 self-stabilizing-binary-consensus.go:141: SEND flag=1 r=11 est={0} aux={0}
INFO: 16:38:49.343243 self-stabilizing-binary-consensus.go:433: RECEIVE j=0 flag=1 r=11 est={0} aux={0}
INFO: 16:38:49.343315 self-stabilizing-binary-consensus.go:435: est[11][0]={0} aux[11][0]={0}
INFO: 16:38:49.345612 self-stabilizing-binary-consensus.go:443: SEND flag=0 r=11 est={0} aux={0}
INFO: 16:38:49.347729 self-stabilizing-binary-consensus.go:433: RECEIVE j=2 flag=1 r=11 est={0} aux={0}
INFO: 16:38:49.347766 self-stabilizing-binary-consensus.go:435: est[11][2]={0} aux[11][2]={0}
INFO: 16:38:49.351148 self-stabilizing-binary-consensus.go:433: RECEIVE j=0 flag=0 r=11 est={0} aux={0}
INFO: 16:38:49.351249 self-stabilizing-binary-consensus.go:435: est[11][0]={0} aux[11][0]={0}
INFO: 16:38:49.352958 self-stabilizing-binary-consensus.go:433: RECEIVE j=3 flag=1 r=11 est={0} aux={0}
INFO: 16:38:49.353059 self-stabilizing-binary-consensus.go:435: est[11][3]={0} aux[11][3]={0}
INFO: 16:38:49.386513 self-stabilizing-binary-consensus.go:443: SEND flag=0 r=11 est={0} aux={0}
INFO: 16:38:49.386603 self-stabilizing-binary-consensus.go:433: RECEIVE j=2 flag=0 r=11 est={0} aux={0}
INFO: 16:38:49.386613 self-stabilizing-binary-consensus.go:435: est[11][2]={0} aux[11][2]={0}
INFO: 16:38:49.386619 self-stabilizing-binary-consensus.go:433: RECEIVE j=0 flag=0 r=11 est={0} aux={0}
INFO: 16:38:49.386625 self-stabilizing-binary-consensus.go:435: est[11][0]={0} aux[11][0]={0}
INFO: 16:38:49.406640 self-stabilizing-binary-consensus.go:433: RECEIVE j=2 flag=0 r=11 est={0} aux={0}
INFO: 16:38:49.408335 self-stabilizing-binary-consensus.go:435: est[11][2]={0} aux[11][2]={0}
INFO: 16:38:49.411792 self-stabilizing-binary-consensus.go:443: SEND flag=0 r=11 est={0} aux={0}
INFO: 16:38:49.457677 self-stabilizing-binary-consensus.go:433: RECEIVE j=2 flag=0 r=11 est={0} aux={0}
INFO: 16:38:49.457726 self-stabilizing-binary-consensus.go:435: est[11][2]={0} aux[11][2]={0}
INFO: 16:38:49.458570 self-stabilizing-binary-consensus.go:433: RECEIVE j=3 flag=0 r=11 est={0} aux={0}
INFO: 16:38:49.458583 self-stabilizing-binary-consensus.go:435: est[11][3]={0} aux[11][3]={0}
INFO: 16:38:49.467789 self-stabilizing-binary-consensus.go:433: RECEIVE j=0 flag=0 r=11 est={0} aux={0}
INFO: 16:38:49.467822 self-stabilizing-binary-consensus.go:435: est[11][0]={0} aux[11][0]={0}
INFO: 16:38:49.479219 self-stabilizing-binary-consensus.go:433: RECEIVE j=3 flag=0 r=11 est={0} aux={0}
INFO: 16:38:49.479252 self-stabilizing-binary-consensus.go:435: est[11][3]={0} aux[11][3]={0}
INFO: 16:38:49.486432 self-stabilizing-binary-consensus.go:433: RECEIVE j=3 flag=0 r=11 est={0} aux={0}
INFO: 16:38:49.486470 self-stabilizing-binary-consensus.go:435: est[11][3]={0} aux[11][3]={0}
INFO: 16:38:51.288501 self-stabilizing-binary-consensus.go:200: binValues(11,3)={0}
INFO: 16:38:51.288539 self-stabilizing-binary-consensus.go:227: infoResults()={0}
INFO: 16:38:51.288548 self-stabilizing-binary-consensus.go:200: binValues(11,3)={0}
INFO: 16:38:51.288553 self-stabilizing-binary-consensus.go:227: infoResults()={0}
INFO: 16:38:51.288556 self-stabilizing-binary-consensus.go:258: randomBit(11)=0
INFO: 16:38:51.288560 self-stabilizing-binary-consensus.go:251: decision=0
INFO: 16:38:51.288585 self-stabilizing-binary-consensus.go:200: binValues(11,2)={0}
INFO: 16:38:51.288592 self-stabilizing-binary-consensus.go:251: decision=0
INFO: 16:38:51.288600 self-stabilizing-binary-consensus.go:93: round=11 repeat=1
INFO: 16:38:51.288617 self-stabilizing-binary-consensus.go:200: binValues(11,3)={0}
INFO: 16:38:51.288624 self-stabilizing-binary-consensus.go:200: binValues(11,2)={0}
INFO: 16:38:51.290315 self-stabilizing-binary-consensus.go:141: SEND flag=1 r=11 est={0} aux={0}
INFO: 16:38:51.291813 self-stabilizing-binary-consensus.go:433: RECEIVE j=0 flag=1 r=11 est={0} aux={0}
INFO: 16:38:51.291841 self-stabilizing-binary-consensus.go:435: est[11][0]={0} aux[11][0]={0}
INFO: 16:38:51.301028 self-stabilizing-binary-consensus.go:443: SEND flag=0 r=11 est={0} aux={0}
INFO: 16:38:51.341231 self-stabilizing-binary-consensus.go:433: RECEIVE j=0 flag=0 r=11 est={0} aux={0}
INFO: 16:38:51.341267 self-stabilizing-binary-consensus.go:435: est[11][0]={0} aux[11][0]={0}
INFO: 16:38:51.346455 self-stabilizing-binary-consensus.go:433: RECEIVE j=3 flag=0 r=11 est={0} aux={0}
INFO: 16:38:51.346467 self-stabilizing-binary-consensus.go:435: est[11][3]={0} aux[11][3]={0}
INFO: 16:38:51.346881 self-stabilizing-binary-consensus.go:433: RECEIVE j=2 flag=0 r=11 est={0} aux={0}
INFO: 16:38:51.346910 self-stabilizing-binary-consensus.go:435: est[11][2]={0} aux[11][2]={0}
INFO: 16:38:51.347042 self-stabilizing-binary-consensus.go:433: RECEIVE j=3 flag=0 r=11 est={0} aux={0}
INFO: 16:38:51.347080 self-stabilizing-binary-consensus.go:435: est[11][3]={0} aux[11][3]={0}
INFO: 16:38:51.350087 self-stabilizing-binary-consensus.go:433: RECEIVE j=3 flag=1 r=11 est={0} aux={0}
INFO: 16:38:51.350119 self-stabilizing-binary-consensus.go:435: est[11][3]={0} aux[11][3]={0}
INFO: 16:38:51.360724 self-stabilizing-binary-consensus.go:443: SEND flag=0 r=11 est={0} aux={0}
INFO: 16:38:51.368215 self-stabilizing-binary-consensus.go:433: RECEIVE j=2 flag=0 r=11 est={0} aux={0}
INFO: 16:38:51.392750 self-stabilizing-binary-consensus.go:435: est[11][2]={0} aux[11][2]={0}
INFO: 16:38:51.392770 self-stabilizing-binary-consensus.go:433: RECEIVE j=2 flag=0 r=11 est={0} aux={0}
INFO: 16:38:51.392779 self-stabilizing-binary-consensus.go:435: est[11][2]={0} aux[11][2]={0}
INFO: 16:38:51.393117 self-stabilizing-binary-consensus.go:433: RECEIVE j=0 flag=0 r=11 est={0} aux={0}
INFO: 16:38:51.393158 self-stabilizing-binary-consensus.go:435: est[11][0]={0} aux[11][0]={0}
INFO: 16:38:51.380883 self-stabilizing-binary-consensus.go:433: RECEIVE j=0 flag=0 r=11 est={0} aux={0}
INFO: 16:38:51.393185 self-stabilizing-binary-consensus.go:435: est[11][0]={0} aux[11][0]={0}
INFO: 16:38:51.386852 self-stabilizing-binary-consensus.go:433: RECEIVE j=2 flag=1 r=11 est={0} aux={0}
INFO: 16:38:51.393227 self-stabilizing-binary-consensus.go:435: est[11][2]={0} aux[11][2]={0}
INFO: 16:38:51.398441 self-stabilizing-binary-consensus.go:443: SEND flag=0 r=11 est={0} aux={0}
INFO: 16:38:51.411750 self-stabilizing-binary-consensus.go:433: RECEIVE j=3 flag=0 r=11 est={0} aux={0}
INFO: 16:38:51.411797 self-stabilizing-binary-consensus.go:435: est[11][3]={0} aux[11][3]={0}
INFO: 16:38:53.290915 self-stabilizing-binary-consensus.go:200: binValues(11,3)={0}
INFO: 16:38:53.290973 self-stabilizing-binary-consensus.go:227: infoResults()={0}
INFO: 16:38:53.290986 self-stabilizing-binary-consensus.go:200: binValues(11,3)={0}
INFO: 16:38:53.290993 self-stabilizing-binary-consensus.go:227: infoResults()={0}
INFO: 16:38:53.291004 self-stabilizing-binary-consensus.go:258: randomBit(11)=0
INFO: 16:38:53.291011 self-stabilizing-binary-consensus.go:251: decision=0
INFO: 16:38:53.291052 self-stabilizing-binary-consensus.go:200: binValues(11,2)={0}
INFO: 16:38:53.291075 self-stabilizing-binary-consensus.go:251: decision=0
INFO: 16:38:53.291103 self-stabilizing-binary-consensus.go:93: round=11 repeat=1
INFO: 16:38:53.291115 self-stabilizing-binary-consensus.go:200: binValues(11,3)={0}
INFO: 16:38:53.291121 self-stabilizing-binary-consensus.go:200: binValues(11,2)={0}
INFO: 16:38:53.317124 self-stabilizing-binary-consensus.go:433: RECEIVE j=2 flag=0 r=11 est={0} aux={0}
INFO: 16:38:53.317178 self-stabilizing-binary-consensus.go:435: est[11][2]={0} aux[11][2]={0}
INFO: 16:38:53.317649 self-stabilizing-binary-consensus.go:141: SEND flag=1 r=11 est={0} aux={0}
INFO: 16:38:53.318820 self-stabilizing-binary-consensus.go:433: RECEIVE j=0 flag=1 r=11 est={0} aux={0}
INFO: 16:38:53.318859 self-stabilizing-binary-consensus.go:435: est[11][0]={0} aux[11][0]={0}
INFO: 16:38:53.322714 self-stabilizing-binary-consensus.go:433: RECEIVE j=3 flag=0 r=11 est={0} aux={0}
INFO: 16:38:53.322774 self-stabilizing-binary-consensus.go:435: est[11][3]={0} aux[11][3]={0}
INFO: 16:38:53.334933 self-stabilizing-binary-consensus.go:443: SEND flag=0 r=11 est={0} aux={0}
INFO: 16:38:53.337015 self-stabilizing-binary-consensus.go:433: RECEIVE j=2 flag=0 r=11 est={0} aux={0}
INFO: 16:38:53.337067 self-stabilizing-binary-consensus.go:435: est[11][2]={0} aux[11][2]={0}
INFO: 16:38:53.337270 self-stabilizing-binary-consensus.go:433: RECEIVE j=3 flag=0 r=11 est={0} aux={0}
INFO: 16:38:53.337298 self-stabilizing-binary-consensus.go:435: est[11][3]={0} aux[11][3]={0}
INFO: 16:38:53.337480 self-stabilizing-binary-consensus.go:433: RECEIVE j=0 flag=0 r=11 est={0} aux={0}
INFO: 16:38:53.337505 self-stabilizing-binary-consensus.go:435: est[11][0]={0} aux[11][0]={0}
INFO: 16:38:53.359864 self-stabilizing-binary-consensus.go:433: RECEIVE j=3 flag=1 r=11 est={0} aux={0}
INFO: 16:38:53.359916 self-stabilizing-binary-consensus.go:435: est[11][3]={0} aux[11][3]={0}
INFO: 16:38:53.361717 self-stabilizing-binary-consensus.go:443: SEND flag=0 r=11 est={0} aux={0}
INFO: 16:38:53.369985 self-stabilizing-binary-consensus.go:433: RECEIVE j=0 flag=0 r=11 est={0} aux={0}
INFO: 16:38:53.370004 self-stabilizing-binary-consensus.go:435: est[11][0]={0} aux[11][0]={0}
INFO: 16:38:53.370769 self-stabilizing-binary-consensus.go:433: RECEIVE j=2 flag=0 r=11 est={0} aux={0}
INFO: 16:38:53.370780 self-stabilizing-binary-consensus.go:435: est[11][2]={0} aux[11][2]={0}
INFO: 16:38:53.395922 self-stabilizing-binary-consensus.go:433: RECEIVE j=2 flag=1 r=11 est={0} aux={0}
INFO: 16:38:53.396005 self-stabilizing-binary-consensus.go:435: est[11][2]={0} aux[11][2]={0}
INFO: 16:38:53.398782 self-stabilizing-binary-consensus.go:443: SEND flag=0 r=11 est={0} aux={0}
INFO: 16:38:53.416172 self-stabilizing-binary-consensus.go:433: RECEIVE j=0 flag=0 r=11 est={0} aux={0}
INFO: 16:38:53.416224 self-stabilizing-binary-consensus.go:435: est[11][0]={0} aux[11][0]={0}
INFO: 16:38:53.416350 self-stabilizing-binary-consensus.go:433: RECEIVE j=3 flag=0 r=11 est={0} aux={0}
INFO: 16:38:53.416371 self-stabilizing-binary-consensus.go:435: est[11][3]={0} aux[11][3]={0}
INFO: 16:38:55.303688 self-stabilizing-binary-consensus.go:433: RECEIVE j=0 flag=1 r=11 est={0} aux={0}
INFO: 16:38:55.303715 self-stabilizing-binary-consensus.go:435: est[11][0]={0} aux[11][0]={0}
INFO: 16:38:55.305441 self-stabilizing-binary-consensus.go:443: SEND flag=0 r=11 est={0} aux={0}
INFO: 16:38:55.312684 self-stabilizing-binary-consensus.go:433: RECEIVE j=2 flag=0 r=11 est={0} aux={0}
INFO: 16:38:55.312714 self-stabilizing-binary-consensus.go:435: est[11][2]={0} aux[11][2]={0}
INFO: 16:38:55.314692 self-stabilizing-binary-consensus.go:433: RECEIVE j=3 flag=0 r=11 est={0} aux={0}
INFO: 16:38:55.314731 self-stabilizing-binary-consensus.go:435: est[11][3]={0} aux[11][3]={0}
INFO: 16:38:55.318393 self-stabilizing-binary-consensus.go:200: binValues(11,3)={0}
INFO: 16:38:55.318422 self-stabilizing-binary-consensus.go:227: infoResults()={0}
INFO: 16:38:55.318430 self-stabilizing-binary-consensus.go:200: binValues(11,3)={0}
INFO: 16:38:55.318434 self-stabilizing-binary-consensus.go:227: infoResults()={0}
INFO: 16:38:55.318438 self-stabilizing-binary-consensus.go:258: randomBit(11)=0
INFO: 16:38:55.318448 self-stabilizing-binary-consensus.go:251: decision=0
INFO: 16:38:55.318474 self-stabilizing-binary-consensus.go:200: binValues(11,2)={0}
INFO: 16:38:55.318482 self-stabilizing-binary-consensus.go:251: decision=0
INFO: 16:38:55.318489 self-stabilizing-binary-consensus.go:93: round=11 repeat=1
INFO: 16:38:55.318494 self-stabilizing-binary-consensus.go:200: binValues(11,3)={0}
INFO: 16:38:55.318498 self-stabilizing-binary-consensus.go:200: binValues(11,2)={0}
INFO: 16:38:55.320222 self-stabilizing-binary-consensus.go:141: SEND flag=1 r=11 est={0} aux={0}
INFO: 16:38:55.330293 self-stabilizing-binary-consensus.go:433: RECEIVE j=2 flag=0 r=11 est={0} aux={0}
INFO: 16:38:55.330396 self-stabilizing-binary-consensus.go:435: est[11][2]={0} aux[11][2]={0}
INFO: 16:38:55.341805 self-stabilizing-binary-consensus.go:433: RECEIVE j=3 flag=0 r=11 est={0} aux={0}
INFO: 16:38:55.341848 self-stabilizing-binary-consensus.go:435: est[11][3]={0} aux[11][3]={0}
INFO: 16:38:55.341966 self-stabilizing-binary-consensus.go:433: RECEIVE j=0 flag=0 r=11 est={0} aux={0}
INFO: 16:38:55.341987 self-stabilizing-binary-consensus.go:435: est[11][0]={0} aux[11][0]={0}
INFO: 16:38:55.361501 self-stabilizing-binary-consensus.go:433: RECEIVE j=2 flag=0 r=11 est={0} aux={0}
INFO: 16:38:55.361528 self-stabilizing-binary-consensus.go:435: est[11][2]={0} aux[11][2]={0}
INFO: 16:38:55.361688 self-stabilizing-binary-consensus.go:433: RECEIVE j=3 flag=1 r=11 est={0} aux={0}
INFO: 16:38:55.361710 self-stabilizing-binary-consensus.go:435: est[11][3]={0} aux[11][3]={0}
INFO: 16:38:55.364644 self-stabilizing-binary-consensus.go:443: SEND flag=0 r=11 est={0} aux={0}
INFO: 16:38:55.372657 self-stabilizing-binary-consensus.go:433: RECEIVE j=0 flag=0 r=11 est={0} aux={0}
INFO: 16:38:55.372686 self-stabilizing-binary-consensus.go:435: est[11][0]={0} aux[11][0]={0}
INFO: 16:38:55.412371 self-stabilizing-binary-consensus.go:433: RECEIVE j=2 flag=1 r=11 est={0} aux={0}
INFO: 16:38:55.412424 self-stabilizing-binary-consensus.go:435: est[11][2]={0} aux[11][2]={0}
INFO: 16:38:55.414566 self-stabilizing-binary-consensus.go:443: SEND flag=0 r=11 est={0} aux={0}
INFO: 16:38:55.417653 self-stabilizing-binary-consensus.go:433: RECEIVE j=3 flag=0 r=11 est={0} aux={0}
INFO: 16:38:55.417695 self-stabilizing-binary-consensus.go:435: est[11][3]={0} aux[11][3]={0}
INFO: 16:38:55.437722 self-stabilizing-binary-consensus.go:433: RECEIVE j=0 flag=0 r=11 est={0} aux={0}
INFO: 16:38:55.437747 self-stabilizing-binary-consensus.go:435: est[11][0]={0} aux[11][0]={0}
INFO: 16:38:57.314428 self-stabilizing-binary-consensus.go:433: RECEIVE j=3 flag=0 r=11 est={0} aux={0}
INFO: 16:38:57.314445 self-stabilizing-binary-consensus.go:435: est[11][3]={0} aux[11][3]={0}
INFO: 16:38:57.314611 self-stabilizing-binary-consensus.go:433: RECEIVE j=0 flag=1 r=11 est={0} aux={0}
INFO: 16:38:57.314636 self-stabilizing-binary-consensus.go:435: est[11][0]={0} aux[11][0]={0}
INFO: 16:38:57.330665 self-stabilizing-binary-consensus.go:200: binValues(11,3)={0}
INFO: 16:38:57.331295 self-stabilizing-binary-consensus.go:227: infoResults()={0}
INFO: 16:38:57.331441 self-stabilizing-binary-consensus.go:200: binValues(11,3)={0}
INFO: 16:38:57.331530 self-stabilizing-binary-consensus.go:227: infoResults()={0}
INFO: 16:38:57.345017 self-stabilizing-binary-consensus.go:258: randomBit(11)=0
INFO: 16:38:57.345072 self-stabilizing-binary-consensus.go:251: decision=0
INFO: 16:38:57.345114 self-stabilizing-binary-consensus.go:200: binValues(11,2)={0}
INFO: 16:38:57.345122 self-stabilizing-binary-consensus.go:251: decision=0
INFO: 16:38:57.345130 self-stabilizing-binary-consensus.go:93: round=11 repeat=1
INFO: 16:38:57.345135 self-stabilizing-binary-consensus.go:200: binValues(11,3)={0}
INFO: 16:38:57.345167 self-stabilizing-binary-consensus.go:200: binValues(11,2)={0}
INFO: 16:38:57.351548 self-stabilizing-binary-consensus.go:141: SEND flag=1 r=11 est={0} aux={0}
INFO: 16:38:57.336217 self-stabilizing-binary-consensus.go:433: RECEIVE j=2 flag=0 r=11 est={0} aux={0}
INFO: 16:38:57.352161 self-stabilizing-binary-consensus.go:435: est[11][2]={0} aux[11][2]={0}
INFO: 16:38:57.336653 self-stabilizing-binary-consensus.go:443: SEND flag=0 r=11 est={0} aux={0}
INFO: 16:38:57.374626 self-stabilizing-binary-consensus.go:433: RECEIVE j=3 flag=0 r=11 est={0} aux={0}
INFO: 16:38:57.374669 self-stabilizing-binary-consensus.go:435: est[11][3]={0} aux[11][3]={0}
INFO: 16:38:57.444722 self-stabilizing-binary-consensus.go:433: RECEIVE j=2 flag=0 r=11 est={0} aux={0}
INFO: 16:38:57.444807 self-stabilizing-binary-consensus.go:435: est[11][2]={0} aux[11][2]={0}
INFO: 16:38:57.450034 self-stabilizing-binary-consensus.go:433: RECEIVE j=3 flag=1 r=11 est={0} aux={0}
INFO: 16:38:57.450112 self-stabilizing-binary-consensus.go:435: est[11][3]={0} aux[11][3]={0}
INFO: 16:38:57.454164 self-stabilizing-binary-consensus.go:443: SEND flag=0 r=11 est={0} aux={0}
INFO: 16:38:57.461462 self-stabilizing-binary-consensus.go:433: RECEIVE j=2 flag=1 r=11 est={0} aux={0}
INFO: 16:38:57.461879 self-stabilizing-binary-consensus.go:435: est[11][2]={0} aux[11][2]={0}
INFO: 16:38:57.464157 self-stabilizing-binary-consensus.go:433: RECEIVE j=0 flag=0 r=11 est={0} aux={0}
INFO: 16:38:57.464302 self-stabilizing-binary-consensus.go:435: est[11][0]={0} aux[11][0]={0}
INFO: 16:38:57.464773 self-stabilizing-binary-consensus.go:433: RECEIVE j=2 flag=0 r=11 est={0} aux={0}
INFO: 16:38:57.464852 self-stabilizing-binary-consensus.go:435: est[11][2]={0} aux[11][2]={0}
INFO: 16:38:57.478020 self-stabilizing-binary-consensus.go:443: SEND flag=0 r=11 est={0} aux={0}
INFO: 16:38:57.499071 self-stabilizing-binary-consensus.go:433: RECEIVE j=0 flag=0 r=11 est={0} aux={0}
INFO: 16:38:57.499277 self-stabilizing-binary-consensus.go:435: est[11][0]={0} aux[11][0]={0}
INFO: 16:38:57.499866 self-stabilizing-binary-consensus.go:433: RECEIVE j=0 flag=0 r=11 est={0} aux={0}
INFO: 16:38:57.499899 self-stabilizing-binary-consensus.go:435: est[11][0]={0} aux[11][0]={0}
INFO: 16:38:57.509099 self-stabilizing-binary-consensus.go:433: RECEIVE j=3 flag=0 r=11 est={0} aux={0}
INFO: 16:38:57.509459 self-stabilizing-binary-consensus.go:435: est[11][3]={0} aux[11][3]={0}
INFO: 16:38:59.340717 self-stabilizing-binary-consensus.go:433: RECEIVE j=0 flag=1 r=11 est={0} aux={0}
INFO: 16:38:59.340745 self-stabilizing-binary-consensus.go:435: est[11][0]={0} aux[11][0]={0}
INFO: 16:38:59.344491 self-stabilizing-binary-consensus.go:443: SEND flag=0 r=11 est={0} aux={0}
INFO: 16:38:59.348879 self-stabilizing-binary-consensus.go:433: RECEIVE j=3 flag=0 r=11 est={0} aux={0}
INFO: 16:38:59.348905 self-stabilizing-binary-consensus.go:435: est[11][3]={0} aux[11][3]={0}
INFO: 16:38:59.349162 self-stabilizing-binary-consensus.go:433: RECEIVE j=2 flag=0 r=11 est={0} aux={0}
INFO: 16:38:59.349175 self-stabilizing-binary-consensus.go:435: est[11][2]={0} aux[11][2]={0}
INFO: 16:38:59.352187 self-stabilizing-binary-consensus.go:200: binValues(11,3)={0}
INFO: 16:38:59.352271 self-stabilizing-binary-consensus.go:227: infoResults()={0}
INFO: 16:38:59.352284 self-stabilizing-binary-consensus.go:200: binValues(11,3)={0}
INFO: 16:38:59.352288 self-stabilizing-binary-consensus.go:227: infoResults()={0}
INFO: 16:38:59.352292 self-stabilizing-binary-consensus.go:258: randomBit(11)=0
INFO: 16:38:59.352296 self-stabilizing-binary-consensus.go:251: decision=0
INFO: 16:38:59.352324 self-stabilizing-binary-consensus.go:200: binValues(11,2)={0}
INFO: 16:38:59.352353 self-stabilizing-binary-consensus.go:251: decision=0
INFO: 16:38:59.352496 self-stabilizing-binary-consensus.go:93: round=11 repeat=1
INFO: 16:38:59.352515 self-stabilizing-binary-consensus.go:200: binValues(11,3)={0}
INFO: 16:38:59.352563 self-stabilizing-binary-consensus.go:200: binValues(11,2)={0}
INFO: 16:38:59.354343 self-stabilizing-binary-consensus.go:141: SEND flag=1 r=11 est={0} aux={0}
INFO: 16:38:59.378973 self-stabilizing-binary-consensus.go:433: RECEIVE j=0 flag=0 r=11 est={0} aux={0}
INFO: 16:38:59.379046 self-stabilizing-binary-consensus.go:435: est[11][0]={0} aux[11][0]={0}
INFO: 16:38:59.385405 self-stabilizing-binary-consensus.go:433: RECEIVE j=2 flag=0 r=11 est={0} aux={0}
INFO: 16:38:59.385455 self-stabilizing-binary-consensus.go:435: est[11][2]={0} aux[11][2]={0}
INFO: 16:38:59.391311 self-stabilizing-binary-consensus.go:433: RECEIVE j=3 flag=0 r=11 est={0} aux={0}
INFO: 16:38:59.391367 self-stabilizing-binary-consensus.go:435: est[11][3]={0} aux[11][3]={0}
INFO: 16:38:59.498583 self-stabilizing-binary-consensus.go:433: RECEIVE j=2 flag=1 r=11 est={0} aux={0}
INFO: 16:38:59.498624 self-stabilizing-binary-consensus.go:435: est[11][2]={0} aux[11][2]={0}
INFO: 16:38:59.500727 self-stabilizing-binary-consensus.go:443: SEND flag=0 r=11 est={0} aux={0}
INFO: 16:38:59.501089 self-stabilizing-binary-consensus.go:433: RECEIVE j=0 flag=0 r=11 est={0} aux={0}
INFO: 16:38:59.501127 self-stabilizing-binary-consensus.go:435: est[11][0]={0} aux[11][0]={0}
INFO: 16:38:59.501711 self-stabilizing-binary-consensus.go:433: RECEIVE j=0 flag=0 r=11 est={0} aux={0}
INFO: 16:38:59.501740 self-stabilizing-binary-consensus.go:435: est[11][0]={0} aux[11][0]={0}
INFO: 16:38:59.512584 self-stabilizing-binary-consensus.go:433: RECEIVE j=2 flag=0 r=11 est={0} aux={0}
INFO: 16:38:59.512832 self-stabilizing-binary-consensus.go:435: est[11][2]={0} aux[11][2]={0}
INFO: 16:38:59.513577 self-stabilizing-binary-consensus.go:433: RECEIVE j=3 flag=1 r=11 est={0} aux={0}
INFO: 16:38:59.513607 self-stabilizing-binary-consensus.go:435: est[11][3]={0} aux[11][3]={0}
INFO: 16:38:59.516018 self-stabilizing-binary-consensus.go:443: SEND flag=0 r=11 est={0} aux={0}
INFO: 16:38:59.523685 self-stabilizing-binary-consensus.go:433: RECEIVE j=3 flag=0 r=11 est={0} aux={0}
INFO: 16:38:59.523733 self-stabilizing-binary-consensus.go:435: est[11][3]={0} aux[11][3]={0}
INFO: 16:39:01.346644 self-stabilizing-binary-consensus.go:433: RECEIVE j=3 flag=0 r=11 est={0} aux={0}
INFO: 16:39:01.346698 self-stabilizing-binary-consensus.go:435: est[11][3]={0} aux[11][3]={0}
INFO: 16:39:01.346859 self-stabilizing-binary-consensus.go:433: RECEIVE j=0 flag=1 r=11 est={0} aux={0}
INFO: 16:39:01.346884 self-stabilizing-binary-consensus.go:435: est[11][0]={0} aux[11][0]={0}
INFO: 16:39:01.348651 self-stabilizing-binary-consensus.go:443: SEND flag=0 r=11 est={0} aux={0}
INFO: 16:39:01.354368 self-stabilizing-binary-consensus.go:433: RECEIVE j=2 flag=0 r=11 est={0} aux={0}
INFO: 16:39:01.354403 self-stabilizing-binary-consensus.go:435: est[11][2]={0} aux[11][2]={0}
INFO: 16:39:01.354414 self-stabilizing-binary-consensus.go:200: binValues(11,3)={0}
INFO: 16:39:01.354419 self-stabilizing-binary-consensus.go:227: infoResults()={0}
INFO: 16:39:01.354423 self-stabilizing-binary-consensus.go:200: binValues(11,3)={0}
INFO: 16:39:01.354426 self-stabilizing-binary-consensus.go:227: infoResults()={0}
INFO: 16:39:01.354430 self-stabilizing-binary-consensus.go:258: randomBit(11)=0
INFO: 16:39:01.354434 self-stabilizing-binary-consensus.go:251: decision=0
INFO: 16:39:01.354460 self-stabilizing-binary-consensus.go:200: binValues(11,2)={0}
INFO: 16:39:01.354479 self-stabilizing-binary-consensus.go:251: decision=0
INFO: 16:39:01.354501 self-stabilizing-binary-consensus.go:93: round=11 repeat=1
INFO: 16:39:01.354510 self-stabilizing-binary-consensus.go:200: binValues(11,3)={0}
INFO: 16:39:01.354514 self-stabilizing-binary-consensus.go:200: binValues(11,2)={0}
INFO: 16:39:01.356235 self-stabilizing-binary-consensus.go:141: SEND flag=1 r=11 est={0} aux={0}
INFO: 16:39:01.373002 self-stabilizing-binary-consensus.go:433: RECEIVE j=3 flag=0 r=11 est={0} aux={0}
INFO: 16:39:01.373042 self-stabilizing-binary-consensus.go:435: est[11][3]={0} aux[11][3]={0}
INFO: 16:39:01.373188 self-stabilizing-binary-consensus.go:433: RECEIVE j=2 flag=0 r=11 est={0} aux={0}
INFO: 16:39:01.373216 self-stabilizing-binary-consensus.go:435: est[11][2]={0} aux[11][2]={0}
INFO: 16:39:01.378138 self-stabilizing-binary-consensus.go:433: RECEIVE j=0 flag=0 r=11 est={0} aux={0}
INFO: 16:39:01.378183 self-stabilizing-binary-consensus.go:435: est[11][0]={0} aux[11][0]={0}
INFO: 16:39:01.497932 self-stabilizing-binary-consensus.go:433: RECEIVE j=2 flag=1 r=11 est={0} aux={0}
INFO: 16:39:01.498077 self-stabilizing-binary-consensus.go:435: est[11][2]={0} aux[11][2]={0}
INFO: 16:39:01.500645 self-stabilizing-binary-consensus.go:443: SEND flag=0 r=11 est={0} aux={0}
INFO: 16:39:01.512882 self-stabilizing-binary-consensus.go:433: RECEIVE j=3 flag=1 r=11 est={0} aux={0}
INFO: 16:39:01.519950 self-stabilizing-binary-consensus.go:435: est[11][3]={0} aux[11][3]={0}
INFO: 16:39:01.519579 self-stabilizing-binary-consensus.go:433: RECEIVE j=0 flag=0 r=11 est={0} aux={0}
INFO: 16:39:01.520551 self-stabilizing-binary-consensus.go:435: est[11][0]={0} aux[11][0]={0}
INFO: 16:39:01.520394 self-stabilizing-binary-consensus.go:433: RECEIVE j=2 flag=0 r=11 est={0} aux={0}
INFO: 16:39:01.520567 self-stabilizing-binary-consensus.go:435: est[11][2]={0} aux[11][2]={0}
INFO: 16:39:01.520503 self-stabilizing-binary-consensus.go:433: RECEIVE j=3 flag=0 r=11 est={0} aux={0}
INFO: 16:39:01.520576 self-stabilizing-binary-consensus.go:435: est[11][3]={0} aux[11][3]={0}
INFO: 16:39:01.523021 self-stabilizing-binary-consensus.go:443: SEND flag=0 r=11 est={0} aux={0}
INFO: 16:39:01.516732 self-stabilizing-binary-consensus.go:433: RECEIVE j=0 flag=0 r=11 est={0} aux={0}
INFO: 16:39:01.523529 self-stabilizing-binary-consensus.go:435: est[11][0]={0} aux[11][0]={0}
INFO: 16:39:03.333536 self-stabilizing-binary-consensus.go:433: RECEIVE j=0 flag=1 r=11 est={0} aux={0}
INFO: 16:39:03.333576 self-stabilizing-binary-consensus.go:435: est[11][0]={0} aux[11][0]={0}
INFO: 16:39:03.353200 self-stabilizing-binary-consensus.go:433: RECEIVE j=2 flag=0 r=11 est={0} aux={0}
INFO: 16:39:03.353234 self-stabilizing-binary-consensus.go:435: est[11][2]={0} aux[11][2]={0}
INFO: 16:39:03.353342 self-stabilizing-binary-consensus.go:443: SEND flag=0 r=11 est={0} aux={0}
INFO: 16:39:03.354745 self-stabilizing-binary-consensus.go:433: RECEIVE j=3 flag=0 r=11 est={0} aux={0}
INFO: 16:39:03.354779 self-stabilizing-binary-consensus.go:435: est[11][3]={0} aux[11][3]={0}
INFO: 16:39:03.358838 self-stabilizing-binary-consensus.go:200: binValues(11,3)={0}
INFO: 16:39:03.358866 self-stabilizing-binary-consensus.go:227: infoResults()={0}
INFO: 16:39:03.358873 self-stabilizing-binary-consensus.go:200: binValues(11,3)={0}
INFO: 16:39:03.358878 self-stabilizing-binary-consensus.go:227: infoResults()={0}
INFO: 16:39:03.358881 self-stabilizing-binary-consensus.go:258: randomBit(11)=0
INFO: 16:39:03.358886 self-stabilizing-binary-consensus.go:251: decision=0
INFO: 16:39:03.358911 self-stabilizing-binary-consensus.go:200: binValues(11,2)={0}
INFO: 16:39:03.358930 self-stabilizing-binary-consensus.go:251: decision=0
INFO: 16:39:03.358952 self-stabilizing-binary-consensus.go:93: round=11 repeat=1
INFO: 16:39:03.358960 self-stabilizing-binary-consensus.go:200: binValues(11,3)={0}
INFO: 16:39:03.358965 self-stabilizing-binary-consensus.go:200: binValues(11,2)={0}
INFO: 16:39:03.360626 self-stabilizing-binary-consensus.go:141: SEND flag=1 r=11 est={0} aux={0}
INFO: 16:39:03.392116 self-stabilizing-binary-consensus.go:433: RECEIVE j=0 flag=0 r=11 est={0} aux={0}
INFO: 16:39:03.392142 self-stabilizing-binary-consensus.go:435: est[11][0]={0} aux[11][0]={0}
INFO: 16:39:03.398982 self-stabilizing-binary-consensus.go:433: RECEIVE j=2 flag=0 r=11 est={0} aux={0}
INFO: 16:39:03.399317 self-stabilizing-binary-consensus.go:435: est[11][2]={0} aux[11][2]={0}
INFO: 16:39:03.400364 self-stabilizing-binary-consensus.go:433: RECEIVE j=3 flag=0 r=11 est={0} aux={0}
INFO: 16:39:03.400407 self-stabilizing-binary-consensus.go:435: est[11][3]={0} aux[11][3]={0}
INFO: 16:39:03.501276 self-stabilizing-binary-consensus.go:433: RECEIVE j=2 flag=1 r=11 est={0} aux={0}
INFO: 16:39:03.501492 self-stabilizing-binary-consensus.go:435: est[11][2]={0} aux[11][2]={0}
INFO: 16:39:03.503355 self-stabilizing-binary-consensus.go:443: SEND flag=0 r=11 est={0} aux={0}
INFO: 16:39:03.512004 self-stabilizing-binary-consensus.go:433: RECEIVE j=3 flag=0 r=11 est={0} aux={0}
INFO: 16:39:03.512082 self-stabilizing-binary-consensus.go:435: est[11][3]={0} aux[11][3]={0}
INFO: 16:39:03.552936 self-stabilizing-binary-consensus.go:433: RECEIVE j=0 flag=0 r=11 est={0} aux={0}
INFO: 16:39:03.553035 self-stabilizing-binary-consensus.go:435: est[11][0]={0} aux[11][0]={0}
INFO: 16:39:03.553482 self-stabilizing-binary-consensus.go:433: RECEIVE j=3 flag=1 r=11 est={0} aux={0}
INFO: 16:39:03.553597 self-stabilizing-binary-consensus.go:435: est[11][3]={0} aux[11][3]={0}
INFO: 16:39:03.558001 self-stabilizing-binary-consensus.go:443: SEND flag=0 r=11 est={0} aux={0}
INFO: 16:39:03.559451 self-stabilizing-binary-consensus.go:433: RECEIVE j=0 flag=0 r=11 est={0} aux={0}
INFO: 16:39:03.559487 self-stabilizing-binary-consensus.go:435: est[11][0]={0} aux[11][0]={0}
INFO: 16:39:03.572227 self-stabilizing-binary-consensus.go:433: RECEIVE j=2 flag=0 r=11 est={0} aux={0}
INFO: 16:39:03.572266 self-stabilizing-binary-consensus.go:435: est[11][2]={0} aux[11][2]={0}
INFO: 16:39:05.360477 self-stabilizing-binary-consensus.go:433: RECEIVE j=0 flag=1 r=11 est={0} aux={0}
INFO: 16:39:05.363055 self-stabilizing-binary-consensus.go:435: est[11][0]={0} aux[11][0]={0}
INFO: 16:39:05.369939 self-stabilizing-binary-consensus.go:443: SEND flag=0 r=11 est={0} aux={0}
INFO: 16:39:05.361175 self-stabilizing-binary-consensus.go:433: RECEIVE j=3 flag=0 r=11 est={0} aux={0}
INFO: 16:39:05.378004 self-stabilizing-binary-consensus.go:435: est[11][3]={0} aux[11][3]={0}
INFO: 16:39:05.361032 self-stabilizing-binary-consensus.go:200: binValues(11,3)={0}
INFO: 16:39:05.385786 self-stabilizing-binary-consensus.go:227: infoResults()={0}
INFO: 16:39:05.385792 self-stabilizing-binary-consensus.go:200: binValues(11,3)={0}
INFO: 16:39:05.385795 self-stabilizing-binary-consensus.go:227: infoResults()={0}
INFO: 16:39:05.385799 self-stabilizing-binary-consensus.go:258: randomBit(11)=0
INFO: 16:39:05.385803 self-stabilizing-binary-consensus.go:251: decision=0
INFO: 16:39:05.386011 self-stabilizing-binary-consensus.go:200: binValues(11,2)={0}
INFO: 16:39:05.386053 self-stabilizing-binary-consensus.go:251: decision=0
INFO: 16:39:05.386293 self-stabilizing-binary-consensus.go:93: round=11 repeat=1
INFO: 16:39:05.386325 self-stabilizing-binary-consensus.go:200: binValues(11,3)={0}
INFO: 16:39:05.386334 self-stabilizing-binary-consensus.go:200: binValues(11,2)={0}
INFO: 16:39:05.406433 self-stabilizing-binary-consensus.go:141: SEND flag=1 r=11 est={0} aux={0}
INFO: 16:39:05.415761 self-stabilizing-binary-consensus.go:433: RECEIVE j=0 flag=0 r=11 est={0} aux={0}
INFO: 16:39:05.415809 self-stabilizing-binary-consensus.go:435: est[11][0]={0} aux[11][0]={0}
INFO: 16:39:05.415953 self-stabilizing-binary-consensus.go:433: RECEIVE j=2 flag=0 r=11 est={0} aux={0}
INFO: 16:39:05.415961 self-stabilizing-binary-consensus.go:435: est[11][2]={0} aux[11][2]={0}
INFO: 16:39:05.421518 self-stabilizing-binary-consensus.go:433: RECEIVE j=2 flag=0 r=11 est={0} aux={0}
INFO: 16:39:05.421536 self-stabilizing-binary-consensus.go:435: est[11][2]={0} aux[11][2]={0}
INFO: 16:39:05.422618 self-stabilizing-binary-consensus.go:433: RECEIVE j=3 flag=0 r=11 est={0} aux={0}
INFO: 16:39:05.422662 self-stabilizing-binary-consensus.go:435: est[11][3]={0} aux[11][3]={0}
INFO: 16:39:05.521837 self-stabilizing-binary-consensus.go:433: RECEIVE j=3 flag=0 r=11 est={0} aux={0}
INFO: 16:39:05.521911 self-stabilizing-binary-consensus.go:435: est[11][3]={0} aux[11][3]={0}
INFO: 16:39:05.522120 self-stabilizing-binary-consensus.go:433: RECEIVE j=2 flag=1 r=11 est={0} aux={0}
INFO: 16:39:05.522151 self-stabilizing-binary-consensus.go:435: est[11][2]={0} aux[11][2]={0}
INFO: 16:39:05.535340 self-stabilizing-binary-consensus.go:433: RECEIVE j=0 flag=0 r=11 est={0} aux={0}
INFO: 16:39:05.535363 self-stabilizing-binary-consensus.go:435: est[11][0]={0} aux[11][0]={0}
INFO: 16:39:05.537088 self-stabilizing-binary-consensus.go:443: SEND flag=0 r=11 est={0} aux={0}
INFO: 16:39:05.567124 self-stabilizing-binary-consensus.go:433: RECEIVE j=3 flag=1 r=11 est={0} aux={0}
INFO: 16:39:05.567178 self-stabilizing-binary-consensus.go:435: est[11][3]={0} aux[11][3]={0}
INFO: 16:39:05.586235 self-stabilizing-binary-consensus.go:433: RECEIVE j=0 flag=0 r=11 est={0} aux={0}
INFO: 16:39:05.586273 self-stabilizing-binary-consensus.go:435: est[11][0]={0} aux[11][0]={0}
INFO: 16:39:05.588008 self-stabilizing-binary-consensus.go:443: SEND flag=0 r=11 est={0} aux={0}
INFO: 16:39:05.594640 self-stabilizing-binary-consensus.go:433: RECEIVE j=2 flag=0 r=11 est={0} aux={0}
INFO: 16:39:05.594678 self-stabilizing-binary-consensus.go:435: est[11][2]={0} aux[11][2]={0}
INFO: 16:39:07.364156 self-stabilizing-binary-consensus.go:433: RECEIVE j=0 flag=1 r=11 est={0} aux={0}
INFO: 16:39:07.366183 self-stabilizing-binary-consensus.go:435: est[11][0]={0} aux[11][0]={0}
INFO: 16:39:07.371051 self-stabilizing-binary-consensus.go:443: SEND flag=0 r=11 est={0} aux={0}
INFO: 16:39:07.387160 self-stabilizing-binary-consensus.go:433: RECEIVE j=3 flag=0 r=11 est={0} aux={0}
INFO: 16:39:07.387192 self-stabilizing-binary-consensus.go:435: est[11][3]={0} aux[11][3]={0}
INFO: 16:39:07.387326 self-stabilizing-binary-consensus.go:433: RECEIVE j=2 flag=0 r=11 est={0} aux={0}
INFO: 16:39:07.387363 self-stabilizing-binary-consensus.go:435: est[11][2]={0} aux[11][2]={0}
INFO: 16:39:07.412791 self-stabilizing-binary-consensus.go:200: binValues(11,3)={0}
INFO: 16:39:07.412812 self-stabilizing-binary-consensus.go:227: infoResults()={0}
INFO: 16:39:07.412818 self-stabilizing-binary-consensus.go:200: binValues(11,3)={0}
INFO: 16:39:07.412822 self-stabilizing-binary-consensus.go:227: infoResults()={0}
INFO: 16:39:07.412826 self-stabilizing-binary-consensus.go:258: randomBit(11)=0
INFO: 16:39:07.412831 self-stabilizing-binary-consensus.go:251: decision=0
INFO: 16:39:07.412895 self-stabilizing-binary-consensus.go:200: binValues(11,2)={0}
INFO: 16:39:07.412904 self-stabilizing-binary-consensus.go:251: decision=0
INFO: 16:39:07.412934 self-stabilizing-binary-consensus.go:93: round=11 repeat=1
INFO: 16:39:07.412944 self-stabilizing-binary-consensus.go:200: binValues(11,3)={0}
INFO: 16:39:07.412957 self-stabilizing-binary-consensus.go:200: binValues(11,2)={0}
INFO: 16:39:07.414640 self-stabilizing-binary-consensus.go:141: SEND flag=1 r=11 est={0} aux={0}
INFO: 16:39:07.443261 self-stabilizing-binary-consensus.go:433: RECEIVE j=0 flag=0 r=11 est={0} aux={0}
INFO: 16:39:07.443327 self-stabilizing-binary-consensus.go:435: est[11][0]={0} aux[11][0]={0}
INFO: 16:39:07.443523 self-stabilizing-binary-consensus.go:433: RECEIVE j=3 flag=0 r=11 est={0} aux={0}
INFO: 16:39:07.443667 self-stabilizing-binary-consensus.go:435: est[11][3]={0} aux[11][3]={0}
INFO: 16:39:07.480157 self-stabilizing-binary-consensus.go:433: RECEIVE j=2 flag=0 r=11 est={0} aux={0}
INFO: 16:39:07.480204 self-stabilizing-binary-consensus.go:435: est[11][2]={0} aux[11][2]={0}
INFO: 16:39:07.511844 self-stabilizing-binary-consensus.go:433: RECEIVE j=3 flag=0 r=11 est={0} aux={0}
INFO: 16:39:07.511881 self-stabilizing-binary-consensus.go:435: est[11][3]={0} aux[11][3]={0}
INFO: 16:39:07.513827 self-stabilizing-binary-consensus.go:433: RECEIVE j=2 flag=1 r=11 est={0} aux={0}
INFO: 16:39:07.513877 self-stabilizing-binary-consensus.go:435: est[11][2]={0} aux[11][2]={0}
INFO: 16:39:07.524494 self-stabilizing-binary-consensus.go:443: SEND flag=0 r=11 est={0} aux={0}
INFO: 16:39:07.525639 self-stabilizing-binary-consensus.go:433: RECEIVE j=0 flag=0 r=11 est={0} aux={0}
INFO: 16:39:07.525671 self-stabilizing-binary-consensus.go:435: est[11][0]={0} aux[11][0]={0}
INFO: 16:39:07.621874 self-stabilizing-binary-consensus.go:433: RECEIVE j=3 flag=1 r=11 est={0} aux={0}
INFO: 16:39:07.627724 self-stabilizing-binary-consensus.go:435: est[11][3]={0} aux[11][3]={0}
INFO: 16:39:07.629250 self-stabilizing-binary-consensus.go:433: RECEIVE j=0 flag=0 r=11 est={0} aux={0}
INFO: 16:39:07.629269 self-stabilizing-binary-consensus.go:435: est[11][0]={0} aux[11][0]={0}
INFO: 16:39:07.634180 self-stabilizing-binary-consensus.go:443: SEND flag=0 r=11 est={0} aux={0}
INFO: 16:39:07.643562 self-stabilizing-binary-consensus.go:433: RECEIVE j=2 flag=0 r=11 est={0} aux={0}
INFO: 16:39:07.643575 self-stabilizing-binary-consensus.go:435: est[11][2]={0} aux[11][2]={0}
INFO: 16:39:09.349015 self-stabilizing-binary-consensus.go:433: RECEIVE j=0 flag=1 r=11 est={0} aux={0}
INFO: 16:39:09.349045 self-stabilizing-binary-consensus.go:435: est[11][0]={0} aux[11][0]={0}
INFO: 16:39:09.350800 self-stabilizing-binary-consensus.go:443: SEND flag=0 r=11 est={0} aux={0}
INFO: 16:39:09.358431 self-stabilizing-binary-consensus.go:433: RECEIVE j=2 flag=0 r=11 est={0} aux={0}
INFO: 16:39:09.358497 self-stabilizing-binary-consensus.go:435: est[11][2]={0} aux[11][2]={0}
INFO: 16:39:09.371708 self-stabilizing-binary-consensus.go:433: RECEIVE j=3 flag=0 r=11 est={0} aux={0}
INFO: 16:39:09.371726 self-stabilizing-binary-consensus.go:435: est[11][3]={0} aux[11][3]={0}
INFO: 16:39:09.415278 self-stabilizing-binary-consensus.go:200: binValues(11,3)={0}
INFO: 16:39:09.415328 self-stabilizing-binary-consensus.go:227: infoResults()={0}
INFO: 16:39:09.415339 self-stabilizing-binary-consensus.go:200: binValues(11,3)={0}
INFO: 16:39:09.415346 self-stabilizing-binary-consensus.go:227: infoResults()={0}
INFO: 16:39:09.415378 self-stabilizing-binary-consensus.go:258: randomBit(11)=0
INFO: 16:39:09.415386 self-stabilizing-binary-consensus.go:251: decision=0
INFO: 16:39:09.415408 self-stabilizing-binary-consensus.go:200: binValues(11,2)={0}
INFO: 16:39:09.415416 self-stabilizing-binary-consensus.go:251: decision=0
INFO: 16:39:09.415483 self-stabilizing-binary-consensus.go:93: round=11 repeat=1
INFO: 16:39:09.415495 self-stabilizing-binary-consensus.go:200: binValues(11,3)={0}
INFO: 16:39:09.415499 self-stabilizing-binary-consensus.go:200: binValues(11,2)={0}
INFO: 16:39:09.417196 self-stabilizing-binary-consensus.go:141: SEND flag=1 r=11 est={0} aux={0}
INFO: 16:39:09.481814 self-stabilizing-binary-consensus.go:433: RECEIVE j=3 flag=0 r=11 est={0} aux={0}
INFO: 16:39:09.481838 self-stabilizing-binary-consensus.go:435: est[11][3]={0} aux[11][3]={0}
INFO: 16:39:09.481966 self-stabilizing-binary-consensus.go:433: RECEIVE j=0 flag=0 r=11 est={0} aux={0}
INFO: 16:39:09.482017 self-stabilizing-binary-consensus.go:435: est[11][0]={0} aux[11][0]={0}
INFO: 16:39:09.482138 self-stabilizing-binary-consensus.go:433: RECEIVE j=2 flag=0 r=11 est={0} aux={0}
INFO: 16:39:09.482145 self-stabilizing-binary-consensus.go:435: est[11][2]={0} aux[11][2]={0}
INFO: 16:39:09.509649 self-stabilizing-binary-consensus.go:433: RECEIVE j=2 flag=1 r=11 est={0} aux={0}
INFO: 16:39:09.509736 self-stabilizing-binary-consensus.go:435: est[11][2]={0} aux[11][2]={0}
INFO: 16:39:09.520991 self-stabilizing-binary-consensus.go:443: SEND flag=0 r=11 est={0} aux={0}
INFO: 16:39:09.522803 self-stabilizing-binary-consensus.go:433: RECEIVE j=3 flag=0 r=11 est={0} aux={0}
INFO: 16:39:09.563861 self-stabilizing-binary-consensus.go:435: est[11][3]={0} aux[11][3]={0}
INFO: 16:39:09.563858 self-stabilizing-binary-consensus.go:433: RECEIVE j=0 flag=0 r=11 est={0} aux={0}
INFO: 16:39:09.563897 self-stabilizing-binary-consensus.go:435: est[11][0]={0} aux[11][0]={0}
INFO: 16:39:09.611984 self-stabilizing-binary-consensus.go:433: RECEIVE j=3 flag=1 r=11 est={0} aux={0}
INFO: 16:39:09.612025 self-stabilizing-binary-consensus.go:435: est[11][3]={0} aux[11][3]={0}
INFO: 16:39:09.621329 self-stabilizing-binary-consensus.go:443: SEND flag=0 r=11 est={0} aux={0}
INFO: 16:39:09.627163 self-stabilizing-binary-consensus.go:433: RECEIVE j=0 flag=0 r=11 est={0} aux={0}
INFO: 16:39:09.627179 self-stabilizing-binary-consensus.go:435: est[11][0]={0} aux[11][0]={0}
INFO: 16:39:09.627311 self-stabilizing-binary-consensus.go:433: RECEIVE j=2 flag=0 r=11 est={0} aux={0}
INFO: 16:39:09.627319 self-stabilizing-binary-consensus.go:435: est[11][2]={0} aux[11][2]={0}
INFO: 16:39:11.361954 self-stabilizing-binary-consensus.go:433: RECEIVE j=0 flag=1 r=11 est={0} aux={0}
INFO: 16:39:11.361998 self-stabilizing-binary-consensus.go:435: est[11][0]={0} aux[11][0]={0}
INFO: 16:39:11.375859 self-stabilizing-binary-consensus.go:433: RECEIVE j=3 flag=0 r=11 est={0} aux={0}
INFO: 16:39:11.376916 self-stabilizing-binary-consensus.go:435: est[11][3]={0} aux[11][3]={0}
INFO: 16:39:11.376833 self-stabilizing-binary-consensus.go:443: SEND flag=0 r=11 est={0} aux={0}
INFO: 16:39:11.378221 self-stabilizing-binary-consensus.go:433: RECEIVE j=2 flag=0 r=11 est={0} aux={0}
INFO: 16:39:11.378234 self-stabilizing-binary-consensus.go:435: est[11][2]={0} aux[11][2]={0}
INFO: 16:39:11.419355 self-stabilizing-binary-consensus.go:200: binValues(11,3)={0}
INFO: 16:39:11.419391 self-stabilizing-binary-consensus.go:227: infoResults()={0}
INFO: 16:39:11.419397 self-stabilizing-binary-consensus.go:200: binValues(11,3)={0}
INFO: 16:39:11.419401 self-stabilizing-binary-consensus.go:227: infoResults()={0}
INFO: 16:39:11.419405 self-stabilizing-binary-consensus.go:258: randomBit(11)=0
INFO: 16:39:11.419409 self-stabilizing-binary-consensus.go:251: decision=0
INFO: 16:39:11.419439 self-stabilizing-binary-consensus.go:200: binValues(11,2)={0}
INFO: 16:39:11.419444 self-stabilizing-binary-consensus.go:251: decision=0
INFO: 16:39:11.419451 self-stabilizing-binary-consensus.go:93: round=11 repeat=1
INFO: 16:39:11.419457 self-stabilizing-binary-consensus.go:200: binValues(11,3)={0}
INFO: 16:39:11.419461 self-stabilizing-binary-consensus.go:200: binValues(11,2)={0}
INFO: 16:39:11.421125 self-stabilizing-binary-consensus.go:141: SEND flag=1 r=11 est={0} aux={0}
INFO: 16:39:11.456554 self-stabilizing-binary-consensus.go:433: RECEIVE j=0 flag=0 r=11 est={0} aux={0}
INFO: 16:39:11.456618 self-stabilizing-binary-consensus.go:435: est[11][0]={0} aux[11][0]={0}
INFO: 16:39:11.471448 self-stabilizing-binary-consensus.go:433: RECEIVE j=2 flag=0 r=11 est={0} aux={0}
INFO: 16:39:11.471530 self-stabilizing-binary-consensus.go:435: est[11][2]={0} aux[11][2]={0}
INFO: 16:39:11.483682 self-stabilizing-binary-consensus.go:433: RECEIVE j=3 flag=0 r=11 est={0} aux={0}
INFO: 16:39:11.483745 self-stabilizing-binary-consensus.go:435: est[11][3]={0} aux[11][3]={0}
INFO: 16:39:11.528859 self-stabilizing-binary-consensus.go:433: RECEIVE j=3 flag=0 r=11 est={0} aux={0}
INFO: 16:39:11.528910 self-stabilizing-binary-consensus.go:435: est[11][3]={0} aux[11][3]={0}
INFO: 16:39:11.529050 self-stabilizing-binary-consensus.go:433: RECEIVE j=2 flag=1 r=11 est={0} aux={0}
INFO: 16:39:11.529071 self-stabilizing-binary-consensus.go:435: est[11][2]={0} aux[11][2]={0}
INFO: 16:39:11.530847 self-stabilizing-binary-consensus.go:443: SEND flag=0 r=11 est={0} aux={0}
INFO: 16:39:11.531205 self-stabilizing-binary-consensus.go:433: RECEIVE j=0 flag=0 r=11 est={0} aux={0}
INFO: 16:39:11.531518 self-stabilizing-binary-consensus.go:435: est[11][0]={0} aux[11][0]={0}
INFO: 16:39:11.614418 self-stabilizing-binary-consensus.go:433: RECEIVE j=3 flag=1 r=11 est={0} aux={0}
INFO: 16:39:11.614465 self-stabilizing-binary-consensus.go:435: est[11][3]={0} aux[11][3]={0}
INFO: 16:39:11.616293 self-stabilizing-binary-consensus.go:443: SEND flag=0 r=11 est={0} aux={0}
INFO: 16:39:11.619387 self-stabilizing-binary-consensus.go:433: RECEIVE j=2 flag=0 r=11 est={0} aux={0}
INFO: 16:39:11.619418 self-stabilizing-binary-consensus.go:435: est[11][2]={0} aux[11][2]={0}
INFO: 16:39:11.619607 self-stabilizing-binary-consensus.go:433: RECEIVE j=0 flag=0 r=11 est={0} aux={0}
INFO: 16:39:11.619630 self-stabilizing-binary-consensus.go:435: est[11][0]={0} aux[11][0]={0}
