INFO: 01:20:58.873361 main.go:29: ID:2 | N:4 | F:1 | Clients:1 | Scenario:NORMAL | Remote:false

INFO: 01:20:58.873718 messenger.go:90: Receive from Server 0 on tcp://*:4200
INFO: 01:20:58.873875 messenger.go:107: Send to Server 0 on tcp://localhost:4002
INFO: 01:20:58.873932 messenger.go:90: Receive from Server 1 on tcp://*:4201
INFO: 01:20:58.873958 messenger.go:107: Send to Server 1 on tcp://localhost:4102
INFO: 01:20:58.873982 messenger.go:90: Receive from Server 3 on tcp://*:4203
INFO: 01:20:58.874025 messenger.go:107: Send to Server 3 on tcp://localhost:4302
INFO: 01:20:58.874043 messenger.go:113: -----------------------------------------
INFO: 01:20:58.874076 messenger.go:135: Requests from Client 0 on tcp://*:7200
INFO: 01:20:58.874124 messenger.go:152: Response to Client 0 on tcp://*:10200
INFO: 01:20:58.874131 messenger.go:155: -----------------------------------------

INFO: 01:20:58.878621 main.go:83: Initial estimate value:  0
INFO: 01:20:58.878671 self-stabilizing-binary-consensus.go:93: round=1 repeat=1
INFO: 01:20:58.878693 self-stabilizing-binary-consensus.go:200: binValues(1,3)={}
INFO: 01:20:58.878700 self-stabilizing-binary-consensus.go:200: binValues(1,2)={}
INFO: 01:20:58.880600 self-stabilizing-binary-consensus.go:141: SEND flag=1 r=1 est={0} aux={}
INFO: 01:20:58.886810 self-stabilizing-binary-consensus.go:431: RECEIVE j=3 flag=1 r=1 est={1} aux={}
INFO: 01:20:58.886883 self-stabilizing-binary-consensus.go:433: est[1][3]={1} aux[1][3]={}
INFO: 01:20:58.889854 self-stabilizing-binary-consensus.go:441: SEND flag=0 r=1 est={0} aux={}
INFO: 01:20:58.889926 self-stabilizing-binary-consensus.go:431: RECEIVE j=1 flag=1 r=1 est={1} aux={}
INFO: 01:20:58.889973 self-stabilizing-binary-consensus.go:433: est[1][1]={1} aux[1][1]={}
INFO: 01:20:58.891864 self-stabilizing-binary-consensus.go:441: SEND flag=0 r=1 est={0} aux={}
INFO: 01:20:58.891906 self-stabilizing-binary-consensus.go:431: RECEIVE j=1 flag=0 r=1 est={1} aux={}
INFO: 01:20:58.891925 self-stabilizing-binary-consensus.go:433: est[1][1]={1} aux[1][1]={}
INFO: 01:20:58.933346 self-stabilizing-binary-consensus.go:200: binValues(1,3)={}
INFO: 01:20:58.933456 self-stabilizing-binary-consensus.go:225: infoResults()={}
INFO: 01:20:58.933508 self-stabilizing-binary-consensus.go:93: round=1 repeat=2
INFO: 01:20:58.933631 self-stabilizing-binary-consensus.go:200: binValues(1,3)={}
INFO: 01:20:58.933721 self-stabilizing-binary-consensus.go:200: binValues(1,2)={1}
INFO: 01:20:58.941478 self-stabilizing-binary-consensus.go:431: RECEIVE j=1 flag=1 r=1 est={1} aux={}
INFO: 01:20:58.941651 self-stabilizing-binary-consensus.go:433: est[1][1]={1} aux[1][1]={}
INFO: 01:20:58.942365 self-stabilizing-binary-consensus.go:141: SEND flag=1 r=1 est={0 1} aux={}
INFO: 01:20:58.946129 self-stabilizing-binary-consensus.go:441: SEND flag=0 r=1 est={0} aux={}
INFO: 01:20:58.949952 self-stabilizing-binary-consensus.go:431: RECEIVE j=1 flag=0 r=1 est={1} aux={}
INFO: 01:20:58.950050 self-stabilizing-binary-consensus.go:433: est[1][1]={1} aux[1][1]={}
INFO: 01:20:58.994190 self-stabilizing-binary-consensus.go:200: binValues(1,3)={}
INFO: 01:20:58.994402 self-stabilizing-binary-consensus.go:225: infoResults()={}
INFO: 01:20:58.994643 self-stabilizing-binary-consensus.go:93: round=1 repeat=3
INFO: 01:20:58.995014 self-stabilizing-binary-consensus.go:200: binValues(1,3)={}
INFO: 01:20:58.995198 self-stabilizing-binary-consensus.go:200: binValues(1,2)={1}
INFO: 01:20:58.998244 self-stabilizing-binary-consensus.go:431: RECEIVE j=1 flag=1 r=1 est={1} aux={}
INFO: 01:20:58.998361 self-stabilizing-binary-consensus.go:433: est[1][1]={1} aux[1][1]={}
INFO: 01:20:59.002173 self-stabilizing-binary-consensus.go:141: SEND flag=1 r=1 est={0 1} aux={}
INFO: 01:20:59.007474 self-stabilizing-binary-consensus.go:441: SEND flag=0 r=1 est={0} aux={}
INFO: 01:20:59.009707 self-stabilizing-binary-consensus.go:431: RECEIVE j=0 flag=1 r=1 est={0} aux={}
INFO: 01:20:59.009825 self-stabilizing-binary-consensus.go:433: est[1][0]={0} aux[1][0]={}
INFO: 01:20:59.014018 self-stabilizing-binary-consensus.go:441: SEND flag=0 r=1 est={0} aux={}
INFO: 01:20:59.014619 self-stabilizing-binary-consensus.go:431: RECEIVE j=1 flag=0 r=1 est={1} aux={}
INFO: 01:20:59.014664 self-stabilizing-binary-consensus.go:433: est[1][1]={1} aux[1][1]={}
INFO: 01:20:59.034065 self-stabilizing-binary-consensus.go:431: RECEIVE j=0 flag=0 r=1 est={0} aux={}
INFO: 01:20:59.034094 self-stabilizing-binary-consensus.go:433: est[1][0]={0} aux[1][0]={}
INFO: 01:20:59.034814 self-stabilizing-binary-consensus.go:431: RECEIVE j=0 flag=1 r=1 est={0} aux={}
INFO: 01:20:59.035101 self-stabilizing-binary-consensus.go:433: est[1][0]={0} aux[1][0]={}
INFO: 01:20:59.038883 self-stabilizing-binary-consensus.go:441: SEND flag=0 r=1 est={0} aux={}
INFO: 01:20:59.042555 self-stabilizing-binary-consensus.go:431: RECEIVE j=3 flag=0 r=1 est={1} aux={}
INFO: 01:20:59.042608 self-stabilizing-binary-consensus.go:433: est[1][3]={1} aux[1][3]={}
INFO: 01:20:59.043324 self-stabilizing-binary-consensus.go:431: RECEIVE j=1 flag=0 r=1 est={1} aux={}
INFO: 01:20:59.043395 self-stabilizing-binary-consensus.go:433: est[1][1]={1} aux[1][1]={}
INFO: 01:20:59.043948 self-stabilizing-binary-consensus.go:431: RECEIVE j=1 flag=0 r=1 est={1} aux={}
INFO: 01:20:59.043977 self-stabilizing-binary-consensus.go:433: est[1][1]={1} aux[1][1]={}
INFO: 01:20:59.044963 self-stabilizing-binary-consensus.go:431: RECEIVE j=3 flag=0 r=1 est={1} aux={}
INFO: 01:20:59.045039 self-stabilizing-binary-consensus.go:433: est[1][3]={1} aux[1][3]={}
INFO: 01:20:59.045736 self-stabilizing-binary-consensus.go:431: RECEIVE j=3 flag=1 r=1 est={1} aux={}
INFO: 01:20:59.046143 self-stabilizing-binary-consensus.go:433: est[1][3]={1} aux[1][3]={}
INFO: 01:20:59.048205 self-stabilizing-binary-consensus.go:441: SEND flag=0 r=1 est={0} aux={}
INFO: 01:20:59.049892 self-stabilizing-binary-consensus.go:431: RECEIVE j=0 flag=0 r=1 est={0} aux={}
INFO: 01:20:59.049948 self-stabilizing-binary-consensus.go:433: est[1][0]={0} aux[1][0]={}
INFO: 01:20:59.052833 self-stabilizing-binary-consensus.go:431: RECEIVE j=1 flag=1 r=1 est={0 1} aux={}
INFO: 01:20:59.052991 self-stabilizing-binary-consensus.go:433: est[1][1]={0 1} aux[1][1]={}
INFO: 01:20:59.053153 self-stabilizing-binary-consensus.go:200: binValues(1,3)={}
INFO: 01:20:59.053272 self-stabilizing-binary-consensus.go:225: infoResults()={}
INFO: 01:20:59.053563 self-stabilizing-binary-consensus.go:93: round=1 repeat=4
INFO: 01:20:59.053587 self-stabilizing-binary-consensus.go:200: binValues(1,3)={}
INFO: 01:20:59.053594 self-stabilizing-binary-consensus.go:200: binValues(1,2)={0 1}
INFO: 01:20:59.056210 self-stabilizing-binary-consensus.go:441: SEND flag=0 r=1 est={0} aux={}
INFO: 01:20:59.056921 self-stabilizing-binary-consensus.go:431: RECEIVE j=1 flag=0 r=1 est={1} aux={}
INFO: 01:20:59.056947 self-stabilizing-binary-consensus.go:433: est[1][1]={0 1} aux[1][1]={}
INFO: 01:20:59.057230 self-stabilizing-binary-consensus.go:431: RECEIVE j=0 flag=0 r=1 est={0} aux={}
INFO: 01:20:59.057280 self-stabilizing-binary-consensus.go:433: est[1][0]={0} aux[1][0]={}
INFO: 01:20:59.057987 self-stabilizing-binary-consensus.go:431: RECEIVE j=3 flag=0 r=1 est={1} aux={}
INFO: 01:20:59.058039 self-stabilizing-binary-consensus.go:433: est[1][3]={1} aux[1][3]={}
INFO: 01:20:59.058080 self-stabilizing-binary-consensus.go:141: SEND flag=1 r=1 est={0 1} aux={}
INFO: 01:20:59.060743 self-stabilizing-binary-consensus.go:431: RECEIVE j=3 flag=0 r=1 est={1} aux={}
INFO: 01:20:59.060882 self-stabilizing-binary-consensus.go:433: est[1][3]={1} aux[1][3]={}
INFO: 01:20:59.062346 self-stabilizing-binary-consensus.go:431: RECEIVE j=1 flag=0 r=1 est={1} aux={}
INFO: 01:20:59.062374 self-stabilizing-binary-consensus.go:433: est[1][1]={0 1} aux[1][1]={}
INFO: 01:20:59.066407 self-stabilizing-binary-consensus.go:431: RECEIVE j=1 flag=0 r=1 est={1} aux={}
INFO: 01:20:59.066481 self-stabilizing-binary-consensus.go:433: est[1][1]={0 1} aux[1][1]={}
INFO: 01:20:59.068893 self-stabilizing-binary-consensus.go:431: RECEIVE j=0 flag=0 r=1 est={0} aux={}
INFO: 01:20:59.068919 self-stabilizing-binary-consensus.go:433: est[1][0]={0} aux[1][0]={}
INFO: 01:20:59.069432 self-stabilizing-binary-consensus.go:431: RECEIVE j=0 flag=0 r=1 est={0} aux={}
INFO: 01:20:59.069456 self-stabilizing-binary-consensus.go:433: est[1][0]={0} aux[1][0]={}
INFO: 01:20:59.072146 self-stabilizing-binary-consensus.go:431: RECEIVE j=0 flag=0 r=1 est={0} aux={}
INFO: 01:20:59.072174 self-stabilizing-binary-consensus.go:433: est[1][0]={0} aux[1][0]={}
INFO: 01:20:59.075465 self-stabilizing-binary-consensus.go:431: RECEIVE j=0 flag=0 r=1 est={0} aux={}
INFO: 01:20:59.075554 self-stabilizing-binary-consensus.go:433: est[1][0]={0} aux[1][0]={}
INFO: 01:20:59.078486 self-stabilizing-binary-consensus.go:431: RECEIVE j=3 flag=0 r=1 est={1} aux={}
INFO: 01:20:59.078546 self-stabilizing-binary-consensus.go:433: est[1][3]={1} aux[1][3]={}
INFO: 01:20:59.081801 self-stabilizing-binary-consensus.go:431: RECEIVE j=0 flag=0 r=1 est={0} aux={}
INFO: 01:20:59.081873 self-stabilizing-binary-consensus.go:433: est[1][0]={0} aux[1][0]={}
INFO: 01:20:59.082062 self-stabilizing-binary-consensus.go:431: RECEIVE j=3 flag=0 r=1 est={1} aux={}
INFO: 01:20:59.082086 self-stabilizing-binary-consensus.go:433: est[1][3]={1} aux[1][3]={}
INFO: 01:20:59.083018 self-stabilizing-binary-consensus.go:431: RECEIVE j=3 flag=0 r=1 est={1} aux={}
INFO: 01:20:59.083106 self-stabilizing-binary-consensus.go:433: est[1][3]={1} aux[1][3]={}
INFO: 01:20:59.085674 self-stabilizing-binary-consensus.go:431: RECEIVE j=0 flag=0 r=1 est={0} aux={}
INFO: 01:20:59.085850 self-stabilizing-binary-consensus.go:433: est[1][0]={0} aux[1][0]={}
INFO: 01:20:59.086417 self-stabilizing-binary-consensus.go:431: RECEIVE j=0 flag=0 r=1 est={0} aux={}
INFO: 01:20:59.086498 self-stabilizing-binary-consensus.go:433: est[1][0]={0} aux[1][0]={}
INFO: 01:20:59.089303 self-stabilizing-binary-consensus.go:431: RECEIVE j=3 flag=0 r=1 est={1} aux={}
INFO: 01:20:59.089347 self-stabilizing-binary-consensus.go:433: est[1][3]={1} aux[1][3]={}
INFO: 01:20:59.091694 self-stabilizing-binary-consensus.go:431: RECEIVE j=3 flag=0 r=1 est={1} aux={}
INFO: 01:20:59.091720 self-stabilizing-binary-consensus.go:433: est[1][3]={1} aux[1][3]={}
INFO: 01:20:59.095049 self-stabilizing-binary-consensus.go:431: RECEIVE j=3 flag=0 r=1 est={1} aux={}
INFO: 01:20:59.095115 self-stabilizing-binary-consensus.go:433: est[1][3]={1} aux[1][3]={}
INFO: 01:20:59.105736 self-stabilizing-binary-consensus.go:431: RECEIVE j=3 flag=1 r=1 est={0 1} aux={0}
INFO: 01:20:59.105760 self-stabilizing-binary-consensus.go:433: est[1][3]={0 1} aux[1][3]={0}
INFO: 01:20:59.107494 self-stabilizing-binary-consensus.go:441: SEND flag=0 r=1 est={0} aux={}
INFO: 01:20:59.108992 self-stabilizing-binary-consensus.go:200: binValues(1,3)={0}
INFO: 01:20:59.109015 self-stabilizing-binary-consensus.go:225: infoResults()={}
INFO: 01:20:59.109023 self-stabilizing-binary-consensus.go:93: round=1 repeat=5
INFO: 01:20:59.109028 self-stabilizing-binary-consensus.go:200: binValues(1,3)={0}
INFO: 01:20:59.109032 self-stabilizing-binary-consensus.go:132: aux[1][2]=0
INFO: 01:20:59.109037 self-stabilizing-binary-consensus.go:200: binValues(1,2)={0 1}
INFO: 01:20:59.109885 self-stabilizing-binary-consensus.go:431: RECEIVE j=0 flag=1 r=1 est={0 1} aux={1}
INFO: 01:20:59.109949 self-stabilizing-binary-consensus.go:433: est[1][0]={0 1} aux[1][0]={1}
INFO: 01:20:59.112131 self-stabilizing-binary-consensus.go:141: SEND flag=1 r=1 est={0 1} aux={0}
INFO: 01:20:59.113718 self-stabilizing-binary-consensus.go:441: SEND flag=0 r=1 est={0} aux={0}
INFO: 01:20:59.113747 self-stabilizing-binary-consensus.go:431: RECEIVE j=1 flag=1 r=1 est={0 1} aux={}
INFO: 01:20:59.113754 self-stabilizing-binary-consensus.go:433: est[1][1]={0 1} aux[1][1]={}
INFO: 01:20:59.119927 self-stabilizing-binary-consensus.go:441: SEND flag=0 r=1 est={0} aux={0}
INFO: 01:20:59.119941 self-stabilizing-binary-consensus.go:431: RECEIVE j=0 flag=0 r=1 est={0} aux={1}
INFO: 01:20:59.119946 self-stabilizing-binary-consensus.go:433: est[1][0]={0 1} aux[1][0]={1}
INFO: 01:20:59.119951 self-stabilizing-binary-consensus.go:431: RECEIVE j=3 flag=0 r=1 est={1} aux={0}
INFO: 01:20:59.119962 self-stabilizing-binary-consensus.go:433: est[1][3]={0 1} aux[1][3]={0}
INFO: 01:20:59.119968 self-stabilizing-binary-consensus.go:431: RECEIVE j=0 flag=0 r=1 est={0} aux={1}
INFO: 01:20:59.119972 self-stabilizing-binary-consensus.go:433: est[1][0]={0 1} aux[1][0]={1}
INFO: 01:20:59.119977 self-stabilizing-binary-consensus.go:431: RECEIVE j=1 flag=0 r=1 est={1} aux={}
INFO: 01:20:59.119981 self-stabilizing-binary-consensus.go:433: est[1][1]={0 1} aux[1][1]={}
INFO: 01:20:59.120869 self-stabilizing-binary-consensus.go:431: RECEIVE j=0 flag=0 r=1 est={0} aux={1}
INFO: 01:20:59.120955 self-stabilizing-binary-consensus.go:433: est[1][0]={0 1} aux[1][0]={1}
INFO: 01:20:59.122596 self-stabilizing-binary-consensus.go:431: RECEIVE j=3 flag=0 r=1 est={1} aux={0}
INFO: 01:20:59.122618 self-stabilizing-binary-consensus.go:433: est[1][3]={0 1} aux[1][3]={0}
INFO: 01:20:59.123024 self-stabilizing-binary-consensus.go:431: RECEIVE j=3 flag=0 r=1 est={1} aux={0}
INFO: 01:20:59.123077 self-stabilizing-binary-consensus.go:433: est[1][3]={0 1} aux[1][3]={0}
INFO: 01:20:59.124386 self-stabilizing-binary-consensus.go:431: RECEIVE j=1 flag=0 r=1 est={1} aux={}
INFO: 01:20:59.124450 self-stabilizing-binary-consensus.go:433: est[1][1]={0 1} aux[1][1]={}
INFO: 01:20:59.126718 self-stabilizing-binary-consensus.go:431: RECEIVE j=1 flag=0 r=1 est={1} aux={}
INFO: 01:20:59.126729 self-stabilizing-binary-consensus.go:433: est[1][1]={0 1} aux[1][1]={}
INFO: 01:20:59.161805 self-stabilizing-binary-consensus.go:431: RECEIVE j=1 flag=1 r=1 est={0 1} aux={0}
INFO: 01:20:59.161876 self-stabilizing-binary-consensus.go:433: est[1][1]={0 1} aux[1][1]={0}
INFO: 01:20:59.170033 self-stabilizing-binary-consensus.go:200: binValues(1,3)={0 1}
INFO: 01:20:59.170063 self-stabilizing-binary-consensus.go:225: infoResults()={0}
INFO: 01:20:59.171127 self-stabilizing-binary-consensus.go:200: binValues(1,3)={0 1}
INFO: 01:20:59.171151 self-stabilizing-binary-consensus.go:225: infoResults()={0}
INFO: 01:20:59.171160 self-stabilizing-binary-consensus.go:256: randomBit(1)=0
INFO: 01:20:59.171167 self-stabilizing-binary-consensus.go:249: decision=0
INFO: 01:20:59.171209 self-stabilizing-binary-consensus.go:200: binValues(11,2)={}
INFO: 01:20:59.171229 self-stabilizing-binary-consensus.go:93: round=11 repeat=1
INFO: 01:20:59.171239 self-stabilizing-binary-consensus.go:200: binValues(11,3)={}
INFO: 01:20:59.171329 self-stabilizing-binary-consensus.go:200: binValues(11,2)={}
INFO: 01:20:59.174609 self-stabilizing-binary-consensus.go:141: SEND flag=1 r=11 est={0} aux={0}
INFO: 01:20:59.177364 self-stabilizing-binary-consensus.go:441: SEND flag=0 r=1 est={0} aux={0}
INFO: 01:20:59.177402 self-stabilizing-binary-consensus.go:431: RECEIVE j=0 flag=1 r=1 est={0 1} aux={1}
INFO: 01:20:59.177414 self-stabilizing-binary-consensus.go:433: est[1][0]={0 1} aux[1][0]={1}
INFO: 01:20:59.183549 self-stabilizing-binary-consensus.go:441: SEND flag=0 r=1 est={0} aux={0}
INFO: 01:20:59.183634 self-stabilizing-binary-consensus.go:431: RECEIVE j=3 flag=1 r=1 est={0 1} aux={0}
INFO: 01:20:59.183719 self-stabilizing-binary-consensus.go:433: est[1][3]={0 1} aux[1][3]={0}
INFO: 01:20:59.191708 self-stabilizing-binary-consensus.go:441: SEND flag=0 r=1 est={0} aux={0}
INFO: 01:20:59.191777 self-stabilizing-binary-consensus.go:431: RECEIVE j=1 flag=0 r=1 est={1} aux={0}
INFO: 01:20:59.191839 self-stabilizing-binary-consensus.go:433: est[1][1]={0 1} aux[1][1]={0}
INFO: 01:20:59.191902 self-stabilizing-binary-consensus.go:431: RECEIVE j=0 flag=0 r=1 est={0} aux={1}
INFO: 01:20:59.191943 self-stabilizing-binary-consensus.go:433: est[1][0]={0 1} aux[1][0]={1}
INFO: 01:20:59.192012 self-stabilizing-binary-consensus.go:431: RECEIVE j=3 flag=0 r=1 est={1} aux={0}
INFO: 01:20:59.192053 self-stabilizing-binary-consensus.go:433: est[1][3]={0 1} aux[1][3]={0}
INFO: 01:20:59.192135 self-stabilizing-binary-consensus.go:431: RECEIVE j=3 flag=0 r=1 est={1} aux={0}
INFO: 01:20:59.192176 self-stabilizing-binary-consensus.go:433: est[1][3]={0 1} aux[1][3]={0}
INFO: 01:20:59.192245 self-stabilizing-binary-consensus.go:431: RECEIVE j=1 flag=0 r=1 est={1} aux={0}
INFO: 01:20:59.192296 self-stabilizing-binary-consensus.go:433: est[1][1]={0 1} aux[1][1]={0}
INFO: 01:20:59.194555 self-stabilizing-binary-consensus.go:431: RECEIVE j=0 flag=0 r=1 est={0} aux={1}
INFO: 01:20:59.194579 self-stabilizing-binary-consensus.go:433: est[1][0]={0 1} aux[1][0]={1}
INFO: 01:20:59.215920 self-stabilizing-binary-consensus.go:431: RECEIVE j=3 flag=1 r=11 est={0} aux={0}
INFO: 01:20:59.215947 self-stabilizing-binary-consensus.go:433: est[11][3]={0} aux[11][3]={0}
INFO: 01:20:59.217756 self-stabilizing-binary-consensus.go:441: SEND flag=0 r=11 est={0} aux={0}
INFO: 01:20:59.219762 self-stabilizing-binary-consensus.go:431: RECEIVE j=0 flag=1 r=11 est={0} aux={0}
INFO: 01:20:59.220556 self-stabilizing-binary-consensus.go:433: est[11][0]={0} aux[11][0]={0}
INFO: 01:20:59.225279 self-stabilizing-binary-consensus.go:200: binValues(11,3)={0}
INFO: 01:20:59.225309 self-stabilizing-binary-consensus.go:225: infoResults()={0}
INFO: 01:20:59.225318 self-stabilizing-binary-consensus.go:200: binValues(11,3)={0}
INFO: 01:20:59.225322 self-stabilizing-binary-consensus.go:225: infoResults()={0}
INFO: 01:20:59.225326 self-stabilizing-binary-consensus.go:256: randomBit(11)=0
INFO: 01:20:59.225330 self-stabilizing-binary-consensus.go:249: decision=0
INFO: 01:20:59.225369 self-stabilizing-binary-consensus.go:200: binValues(11,2)={0}
INFO: 01:20:59.225388 self-stabilizing-binary-consensus.go:249: decision=0
INFO: 01:20:59.225411 self-stabilizing-binary-consensus.go:93: round=11 repeat=1
INFO: 01:20:59.225419 self-stabilizing-binary-consensus.go:200: binValues(11,3)={0}
INFO: 01:20:59.225423 self-stabilizing-binary-consensus.go:200: binValues(11,2)={0}
INFO: 01:20:59.226308 self-stabilizing-binary-consensus.go:441: SEND flag=0 r=11 est={0} aux={0}
INFO: 01:20:59.237577 self-stabilizing-binary-consensus.go:431: RECEIVE j=3 flag=0 r=11 est={0} aux={0}
INFO: 01:20:59.229203 self-stabilizing-binary-consensus.go:141: SEND flag=1 r=11 est={0} aux={0}
INFO: 01:20:59.238768 self-stabilizing-binary-consensus.go:433: est[11][3]={0} aux[11][3]={0}
INFO: 01:20:59.238777 self-stabilizing-binary-consensus.go:431: RECEIVE j=1 flag=0 r=11 est={0} aux={0}
INFO: 01:20:59.238781 self-stabilizing-binary-consensus.go:433: est[11][1]={0} aux[11][1]={0}
INFO: 01:20:59.239008 self-stabilizing-binary-consensus.go:431: RECEIVE j=0 flag=0 r=11 est={0} aux={0}
INFO: 01:20:59.239017 self-stabilizing-binary-consensus.go:433: est[11][0]={0} aux[11][0]={0}
INFO: 01:20:59.239022 self-stabilizing-binary-consensus.go:431: RECEIVE j=3 flag=0 r=11 est={0} aux={0}
INFO: 01:20:59.239049 self-stabilizing-binary-consensus.go:433: est[11][3]={0} aux[11][3]={0}
INFO: 01:20:59.239089 self-stabilizing-binary-consensus.go:431: RECEIVE j=3 flag=0 r=11 est={0} aux={0}
INFO: 01:20:59.239096 self-stabilizing-binary-consensus.go:433: est[11][3]={0} aux[11][3]={0}
INFO: 01:20:59.227562 self-stabilizing-binary-consensus.go:431: RECEIVE j=1 flag=1 r=11 est={0} aux={0}
INFO: 01:20:59.239105 self-stabilizing-binary-consensus.go:433: est[11][1]={0} aux[11][1]={0}
INFO: 01:20:59.240934 self-stabilizing-binary-consensus.go:441: SEND flag=0 r=11 est={0} aux={0}
INFO: 01:20:59.242172 self-stabilizing-binary-consensus.go:431: RECEIVE j=3 flag=0 r=11 est={0} aux={0}
INFO: 01:20:59.242200 self-stabilizing-binary-consensus.go:433: est[11][3]={0} aux[11][3]={0}
INFO: 01:20:59.243695 self-stabilizing-binary-consensus.go:431: RECEIVE j=1 flag=0 r=11 est={0} aux={0}
INFO: 01:20:59.243767 self-stabilizing-binary-consensus.go:433: est[11][1]={0} aux[11][1]={0}
INFO: 01:20:59.246380 self-stabilizing-binary-consensus.go:431: RECEIVE j=0 flag=0 r=11 est={0} aux={0}
INFO: 01:20:59.246552 self-stabilizing-binary-consensus.go:433: est[11][0]={0} aux[11][0]={0}
INFO: 01:20:59.246481 self-stabilizing-binary-consensus.go:431: RECEIVE j=1 flag=0 r=11 est={0} aux={0}
INFO: 01:20:59.246761 self-stabilizing-binary-consensus.go:433: est[11][1]={0} aux[11][1]={0}
INFO: 01:20:59.247656 self-stabilizing-binary-consensus.go:431: RECEIVE j=0 flag=0 r=11 est={0} aux={0}
INFO: 01:20:59.247744 self-stabilizing-binary-consensus.go:433: est[11][0]={0} aux[11][0]={0}
INFO: 01:20:59.250247 self-stabilizing-binary-consensus.go:431: RECEIVE j=0 flag=0 r=11 est={0} aux={0}
INFO: 01:20:59.250294 self-stabilizing-binary-consensus.go:433: est[11][0]={0} aux[11][0]={0}
INFO: 01:20:59.252251 self-stabilizing-binary-consensus.go:431: RECEIVE j=1 flag=0 r=11 est={0} aux={0}
INFO: 01:20:59.252376 self-stabilizing-binary-consensus.go:433: est[11][1]={0} aux[11][1]={0}
INFO: 01:20:59.273938 self-stabilizing-binary-consensus.go:431: RECEIVE j=1 flag=1 r=11 est={0} aux={0}
INFO: 01:20:59.274005 self-stabilizing-binary-consensus.go:433: est[11][1]={0} aux[11][1]={0}
INFO: 01:20:59.283097 self-stabilizing-binary-consensus.go:431: RECEIVE j=0 flag=1 r=11 est={0} aux={0}
INFO: 01:20:59.283267 self-stabilizing-binary-consensus.go:433: est[11][0]={0} aux[11][0]={0}
INFO: 01:20:59.293449 self-stabilizing-binary-consensus.go:200: binValues(11,3)={0}
INFO: 01:20:59.296566 self-stabilizing-binary-consensus.go:225: infoResults()={0}
INFO: 01:20:59.296652 self-stabilizing-binary-consensus.go:200: binValues(11,3)={0}
INFO: 01:20:59.296735 self-stabilizing-binary-consensus.go:225: infoResults()={0}
INFO: 01:20:59.296774 self-stabilizing-binary-consensus.go:256: randomBit(11)=0
INFO: 01:20:59.296822 self-stabilizing-binary-consensus.go:249: decision=0
INFO: 01:20:59.297011 self-stabilizing-binary-consensus.go:200: binValues(11,2)={0}
INFO: 01:20:59.297080 self-stabilizing-binary-consensus.go:249: decision=0
INFO: 01:20:59.297208 self-stabilizing-binary-consensus.go:93: round=11 repeat=1
INFO: 01:20:59.297269 self-stabilizing-binary-consensus.go:200: binValues(11,3)={0}
INFO: 01:20:59.297325 self-stabilizing-binary-consensus.go:200: binValues(11,2)={0}
INFO: 01:20:59.294550 self-stabilizing-binary-consensus.go:441: SEND flag=0 r=11 est={0} aux={0}
INFO: 01:20:59.303400 self-stabilizing-binary-consensus.go:431: RECEIVE j=3 flag=1 r=11 est={0} aux={0}
INFO: 01:20:59.303709 self-stabilizing-binary-consensus.go:433: est[11][3]={0} aux[11][3]={0}
INFO: 01:20:59.307154 self-stabilizing-binary-consensus.go:431: RECEIVE j=3 flag=0 r=11 est={0} aux={0}
INFO: 01:20:59.311921 self-stabilizing-binary-consensus.go:433: est[11][3]={0} aux[11][3]={0}
INFO: 01:20:59.311959 self-stabilizing-binary-consensus.go:431: RECEIVE j=1 flag=0 r=11 est={0} aux={0}
INFO: 01:20:59.311983 self-stabilizing-binary-consensus.go:433: est[11][1]={0} aux[11][1]={0}
INFO: 01:20:59.311990 self-stabilizing-binary-consensus.go:431: RECEIVE j=3 flag=0 r=11 est={0} aux={0}
INFO: 01:20:59.311995 self-stabilizing-binary-consensus.go:433: est[11][3]={0} aux[11][3]={0}
INFO: 01:20:59.312455 self-stabilizing-binary-consensus.go:431: RECEIVE j=0 flag=0 r=11 est={0} aux={0}
INFO: 01:20:59.312482 self-stabilizing-binary-consensus.go:433: est[11][0]={0} aux[11][0]={0}
INFO: 01:20:59.313036 self-stabilizing-binary-consensus.go:141: SEND flag=1 r=11 est={0} aux={0}
INFO: 01:20:59.317898 self-stabilizing-binary-consensus.go:431: RECEIVE j=1 flag=0 r=11 est={0} aux={0}
INFO: 01:20:59.317923 self-stabilizing-binary-consensus.go:433: est[11][1]={0} aux[11][1]={0}
INFO: 01:20:59.318749 self-stabilizing-binary-consensus.go:431: RECEIVE j=0 flag=0 r=11 est={0} aux={0}
INFO: 01:20:59.318782 self-stabilizing-binary-consensus.go:433: est[11][0]={0} aux[11][0]={0}
INFO: 01:20:59.319276 self-stabilizing-binary-consensus.go:441: SEND flag=0 r=11 est={0} aux={0}
INFO: 01:20:59.324273 self-stabilizing-binary-consensus.go:431: RECEIVE j=3 flag=0 r=11 est={0} aux={0}
INFO: 01:20:59.324326 self-stabilizing-binary-consensus.go:433: est[11][3]={0} aux[11][3]={0}
INFO: 01:20:59.325239 self-stabilizing-binary-consensus.go:441: SEND flag=0 r=11 est={0} aux={0}
INFO: 01:20:59.325803 self-stabilizing-binary-consensus.go:431: RECEIVE j=0 flag=0 r=11 est={0} aux={0}
INFO: 01:20:59.325872 self-stabilizing-binary-consensus.go:433: est[11][0]={0} aux[11][0]={0}
INFO: 01:20:59.329843 self-stabilizing-binary-consensus.go:431: RECEIVE j=1 flag=0 r=11 est={0} aux={0}
INFO: 01:20:59.329911 self-stabilizing-binary-consensus.go:433: est[11][1]={0} aux[11][1]={0}
INFO: 01:20:59.330936 self-stabilizing-binary-consensus.go:431: RECEIVE j=1 flag=1 r=11 est={0} aux={0}
INFO: 01:20:59.330960 self-stabilizing-binary-consensus.go:433: est[11][1]={0} aux[11][1]={0}
INFO: 01:20:59.332723 self-stabilizing-binary-consensus.go:441: SEND flag=0 r=11 est={0} aux={0}
INFO: 01:20:59.336672 self-stabilizing-binary-consensus.go:431: RECEIVE j=0 flag=0 r=11 est={0} aux={0}
INFO: 01:20:59.336713 self-stabilizing-binary-consensus.go:433: est[11][0]={0} aux[11][0]={0}
INFO: 01:20:59.339987 self-stabilizing-binary-consensus.go:431: RECEIVE j=3 flag=0 r=11 est={0} aux={0}
INFO: 01:20:59.340013 self-stabilizing-binary-consensus.go:433: est[11][3]={0} aux[11][3]={0}
INFO: 01:20:59.342517 self-stabilizing-binary-consensus.go:431: RECEIVE j=0 flag=1 r=11 est={0} aux={0}
INFO: 01:20:59.342549 self-stabilizing-binary-consensus.go:433: est[11][0]={0} aux[11][0]={0}
INFO: 01:20:59.344504 self-stabilizing-binary-consensus.go:441: SEND flag=0 r=11 est={0} aux={0}
INFO: 01:20:59.362824 self-stabilizing-binary-consensus.go:431: RECEIVE j=3 flag=0 r=11 est={0} aux={0}
INFO: 01:20:59.362926 self-stabilizing-binary-consensus.go:433: est[11][3]={0} aux[11][3]={0}
INFO: 01:20:59.363845 self-stabilizing-binary-consensus.go:200: binValues(11,3)={0}
INFO: 01:20:59.363989 self-stabilizing-binary-consensus.go:225: infoResults()={0}
INFO: 01:20:59.364101 self-stabilizing-binary-consensus.go:200: binValues(11,3)={0}
INFO: 01:20:59.364206 self-stabilizing-binary-consensus.go:225: infoResults()={0}
INFO: 01:20:59.364308 self-stabilizing-binary-consensus.go:256: randomBit(11)=0
INFO: 01:20:59.364410 self-stabilizing-binary-consensus.go:249: decision=0
INFO: 01:20:59.364661 self-stabilizing-binary-consensus.go:200: binValues(11,2)={0}
INFO: 01:20:59.364795 self-stabilizing-binary-consensus.go:249: decision=0
INFO: 01:20:59.364987 self-stabilizing-binary-consensus.go:93: round=11 repeat=1
INFO: 01:20:59.365102 self-stabilizing-binary-consensus.go:200: binValues(11,3)={0}
INFO: 01:20:59.365164 self-stabilizing-binary-consensus.go:200: binValues(11,2)={0}
INFO: 01:20:59.369293 self-stabilizing-binary-consensus.go:141: SEND flag=1 r=11 est={0} aux={0}
INFO: 01:20:59.380197 self-stabilizing-binary-consensus.go:431: RECEIVE j=3 flag=0 r=11 est={0} aux={0}
INFO: 01:20:59.380260 self-stabilizing-binary-consensus.go:433: est[11][3]={0} aux[11][3]={0}
INFO: 01:20:59.383959 self-stabilizing-binary-consensus.go:431: RECEIVE j=1 flag=0 r=11 est={0} aux={0}
INFO: 01:20:59.383992 self-stabilizing-binary-consensus.go:433: est[11][1]={0} aux[11][1]={0}
INFO: 01:20:59.388547 self-stabilizing-binary-consensus.go:431: RECEIVE j=1 flag=0 r=11 est={0} aux={0}
INFO: 01:20:59.388596 self-stabilizing-binary-consensus.go:433: est[11][1]={0} aux[11][1]={0}
INFO: 01:20:59.394178 self-stabilizing-binary-consensus.go:431: RECEIVE j=0 flag=0 r=11 est={0} aux={0}
INFO: 01:20:59.394210 self-stabilizing-binary-consensus.go:433: est[11][0]={0} aux[11][0]={0}
INFO: 01:20:59.394338 self-stabilizing-binary-consensus.go:431: RECEIVE j=3 flag=1 r=11 est={0} aux={0}
INFO: 01:20:59.394361 self-stabilizing-binary-consensus.go:433: est[11][3]={0} aux[11][3]={0}
INFO: 01:20:59.396177 self-stabilizing-binary-consensus.go:441: SEND flag=0 r=11 est={0} aux={0}
INFO: 01:20:59.404887 self-stabilizing-binary-consensus.go:431: RECEIVE j=0 flag=0 r=11 est={0} aux={0}
INFO: 01:20:59.404959 self-stabilizing-binary-consensus.go:433: est[11][0]={0} aux[11][0]={0}
INFO: 01:20:59.406330 self-stabilizing-binary-consensus.go:431: RECEIVE j=1 flag=0 r=11 est={0} aux={0}
INFO: 01:20:59.406355 self-stabilizing-binary-consensus.go:433: est[11][1]={0} aux[11][1]={0}
INFO: 01:20:59.408225 self-stabilizing-binary-consensus.go:431: RECEIVE j=1 flag=1 r=11 est={0} aux={0}
INFO: 01:20:59.408253 self-stabilizing-binary-consensus.go:433: est[11][1]={0} aux[11][1]={0}
INFO: 01:20:59.410157 self-stabilizing-binary-consensus.go:441: SEND flag=0 r=11 est={0} aux={0}
INFO: 01:20:59.414155 self-stabilizing-binary-consensus.go:431: RECEIVE j=3 flag=0 r=11 est={0} aux={0}
INFO: 01:20:59.414192 self-stabilizing-binary-consensus.go:433: est[11][3]={0} aux[11][3]={0}
INFO: 01:20:59.414874 self-stabilizing-binary-consensus.go:431: RECEIVE j=0 flag=0 r=11 est={0} aux={0}
INFO: 01:20:59.414905 self-stabilizing-binary-consensus.go:433: est[11][0]={0} aux[11][0]={0}
INFO: 01:20:59.419980 self-stabilizing-binary-consensus.go:200: binValues(11,3)={0}
INFO: 01:20:59.420135 self-stabilizing-binary-consensus.go:225: infoResults()={0}
INFO: 01:20:59.420167 self-stabilizing-binary-consensus.go:200: binValues(11,3)={0}
INFO: 01:20:59.420175 self-stabilizing-binary-consensus.go:225: infoResults()={0}
INFO: 01:20:59.420187 self-stabilizing-binary-consensus.go:256: randomBit(11)=0
INFO: 01:20:59.420196 self-stabilizing-binary-consensus.go:249: decision=0
INFO: 01:20:59.420247 self-stabilizing-binary-consensus.go:200: binValues(11,2)={0}
INFO: 01:20:59.420349 self-stabilizing-binary-consensus.go:249: decision=0
INFO: 01:20:59.420400 self-stabilizing-binary-consensus.go:93: round=11 repeat=1
INFO: 01:20:59.420415 self-stabilizing-binary-consensus.go:200: binValues(11,3)={0}
INFO: 01:20:59.420422 self-stabilizing-binary-consensus.go:200: binValues(11,2)={0}
INFO: 01:20:59.423667 self-stabilizing-binary-consensus.go:141: SEND flag=1 r=11 est={0} aux={0}
INFO: 01:20:59.424328 self-stabilizing-binary-consensus.go:431: RECEIVE j=0 flag=1 r=11 est={0} aux={0}
INFO: 01:20:59.429322 self-stabilizing-binary-consensus.go:433: est[11][0]={0} aux[11][0]={0}
INFO: 01:20:59.428078 self-stabilizing-binary-consensus.go:431: RECEIVE j=1 flag=0 r=11 est={0} aux={0}
INFO: 01:20:59.429478 self-stabilizing-binary-consensus.go:433: est[11][1]={0} aux[11][1]={0}
INFO: 01:20:59.424949 self-stabilizing-binary-consensus.go:431: RECEIVE j=3 flag=0 r=11 est={0} aux={0}
INFO: 01:20:59.429588 self-stabilizing-binary-consensus.go:433: est[11][3]={0} aux[11][3]={0}
INFO: 01:20:59.424530 self-stabilizing-binary-consensus.go:431: RECEIVE j=1 flag=0 r=11 est={0} aux={0}
INFO: 01:20:59.429679 self-stabilizing-binary-consensus.go:433: est[11][1]={0} aux[11][1]={0}
INFO: 01:20:59.432205 self-stabilizing-binary-consensus.go:431: RECEIVE j=3 flag=0 r=11 est={0} aux={0}
INFO: 01:20:59.432252 self-stabilizing-binary-consensus.go:433: est[11][3]={0} aux[11][3]={0}
INFO: 01:20:59.432675 self-stabilizing-binary-consensus.go:441: SEND flag=0 r=11 est={0} aux={0}
INFO: 01:20:59.437081 self-stabilizing-binary-consensus.go:431: RECEIVE j=0 flag=0 r=11 est={0} aux={0}
INFO: 01:20:59.437119 self-stabilizing-binary-consensus.go:433: est[11][0]={0} aux[11][0]={0}
INFO: 01:20:59.449015 self-stabilizing-binary-consensus.go:431: RECEIVE j=3 flag=1 r=11 est={0} aux={0}
INFO: 01:20:59.449092 self-stabilizing-binary-consensus.go:433: est[11][3]={0} aux[11][3]={0}
INFO: 01:20:59.455002 self-stabilizing-binary-consensus.go:431: RECEIVE j=0 flag=0 r=11 est={0} aux={0}
INFO: 01:20:59.455073 self-stabilizing-binary-consensus.go:433: est[11][0]={0} aux[11][0]={0}
INFO: 01:20:59.456634 self-stabilizing-binary-consensus.go:441: SEND flag=0 r=11 est={0} aux={0}
INFO: 01:20:59.456809 self-stabilizing-binary-consensus.go:431: RECEIVE j=1 flag=0 r=11 est={0} aux={0}
INFO: 01:20:59.457006 self-stabilizing-binary-consensus.go:433: est[11][1]={0} aux[11][1]={0}
INFO: 01:20:59.460852 self-stabilizing-binary-consensus.go:431: RECEIVE j=1 flag=1 r=11 est={0} aux={0}
INFO: 01:20:59.460904 self-stabilizing-binary-consensus.go:433: est[11][1]={0} aux[11][1]={0}
INFO: 01:20:59.462663 self-stabilizing-binary-consensus.go:441: SEND flag=0 r=11 est={0} aux={0}
INFO: 01:20:59.464705 self-stabilizing-binary-consensus.go:431: RECEIVE j=0 flag=0 r=11 est={0} aux={0}
INFO: 01:20:59.464719 self-stabilizing-binary-consensus.go:433: est[11][0]={0} aux[11][0]={0}
INFO: 01:20:59.470284 self-stabilizing-binary-consensus.go:431: RECEIVE j=3 flag=0 r=11 est={0} aux={0}
INFO: 01:20:59.470321 self-stabilizing-binary-consensus.go:433: est[11][3]={0} aux[11][3]={0}
INFO: 01:20:59.470618 self-stabilizing-binary-consensus.go:431: RECEIVE j=0 flag=1 r=11 est={0} aux={0}
INFO: 01:20:59.470638 self-stabilizing-binary-consensus.go:433: est[11][0]={0} aux[11][0]={0}
INFO: 01:20:59.474601 self-stabilizing-binary-consensus.go:441: SEND flag=0 r=11 est={0} aux={0}
INFO: 01:20:59.474487 self-stabilizing-binary-consensus.go:200: binValues(11,3)={0}
INFO: 01:20:59.475443 self-stabilizing-binary-consensus.go:225: infoResults()={0}
INFO: 01:20:59.475590 self-stabilizing-binary-consensus.go:200: binValues(11,3)={0}
INFO: 01:20:59.475660 self-stabilizing-binary-consensus.go:225: infoResults()={0}
INFO: 01:20:59.475709 self-stabilizing-binary-consensus.go:256: randomBit(11)=0
INFO: 01:20:59.475875 self-stabilizing-binary-consensus.go:249: decision=0
INFO: 01:20:59.478777 self-stabilizing-binary-consensus.go:200: binValues(11,2)={0}
INFO: 01:20:59.478892 self-stabilizing-binary-consensus.go:249: decision=0
INFO: 01:20:59.479015 self-stabilizing-binary-consensus.go:93: round=11 repeat=1
INFO: 01:20:59.479057 self-stabilizing-binary-consensus.go:200: binValues(11,3)={0}
INFO: 01:20:59.479106 self-stabilizing-binary-consensus.go:200: binValues(11,2)={0}
INFO: 01:20:59.481761 self-stabilizing-binary-consensus.go:141: SEND flag=1 r=11 est={0} aux={0}
INFO: 01:20:59.487351 self-stabilizing-binary-consensus.go:431: RECEIVE j=1 flag=0 r=11 est={0} aux={0}
INFO: 01:20:59.487404 self-stabilizing-binary-consensus.go:433: est[11][1]={0} aux[11][1]={0}
INFO: 01:20:59.489676 self-stabilizing-binary-consensus.go:431: RECEIVE j=1 flag=0 r=11 est={0} aux={0}
INFO: 01:20:59.489708 self-stabilizing-binary-consensus.go:433: est[11][1]={0} aux[11][1]={0}
INFO: 01:20:59.489897 self-stabilizing-binary-consensus.go:431: RECEIVE j=3 flag=0 r=11 est={0} aux={0}
INFO: 01:20:59.489928 self-stabilizing-binary-consensus.go:433: est[11][3]={0} aux[11][3]={0}
INFO: 01:20:59.491997 self-stabilizing-binary-consensus.go:431: RECEIVE j=3 flag=0 r=11 est={0} aux={0}
INFO: 01:20:59.492009 self-stabilizing-binary-consensus.go:433: est[11][3]={0} aux[11][3]={0}
INFO: 01:20:59.494488 self-stabilizing-binary-consensus.go:431: RECEIVE j=0 flag=0 r=11 est={0} aux={0}
INFO: 01:20:59.494535 self-stabilizing-binary-consensus.go:433: est[11][0]={0} aux[11][0]={0}
INFO: 01:20:59.503073 self-stabilizing-binary-consensus.go:431: RECEIVE j=3 flag=1 r=11 est={0} aux={0}
INFO: 01:20:59.503107 self-stabilizing-binary-consensus.go:433: est[11][3]={0} aux[11][3]={0}
INFO: 01:20:59.505063 self-stabilizing-binary-consensus.go:441: SEND flag=0 r=11 est={0} aux={0}
INFO: 01:20:59.511024 self-stabilizing-binary-consensus.go:431: RECEIVE j=1 flag=0 r=11 est={0} aux={0}
INFO: 01:20:59.511053 self-stabilizing-binary-consensus.go:433: est[11][1]={0} aux[11][1]={0}
INFO: 01:20:59.514211 self-stabilizing-binary-consensus.go:431: RECEIVE j=1 flag=1 r=11 est={0} aux={0}
INFO: 01:20:59.514332 self-stabilizing-binary-consensus.go:433: est[11][1]={0} aux[11][1]={0}
INFO: 01:20:59.520652 self-stabilizing-binary-consensus.go:441: SEND flag=0 r=11 est={0} aux={0}
INFO: 01:20:59.522498 self-stabilizing-binary-consensus.go:431: RECEIVE j=3 flag=0 r=11 est={0} aux={0}
INFO: 01:20:59.522554 self-stabilizing-binary-consensus.go:433: est[11][3]={0} aux[11][3]={0}
INFO: 01:20:59.524794 self-stabilizing-binary-consensus.go:431: RECEIVE j=0 flag=0 r=11 est={0} aux={0}
INFO: 01:20:59.524811 self-stabilizing-binary-consensus.go:433: est[11][0]={0} aux[11][0]={0}
INFO: 01:20:59.530078 self-stabilizing-binary-consensus.go:431: RECEIVE j=0 flag=0 r=11 est={0} aux={0}
INFO: 01:20:59.530109 self-stabilizing-binary-consensus.go:433: est[11][0]={0} aux[11][0]={0}
INFO: 01:20:59.531873 self-stabilizing-binary-consensus.go:431: RECEIVE j=0 flag=1 r=11 est={0} aux={0}
INFO: 01:20:59.531899 self-stabilizing-binary-consensus.go:433: est[11][0]={0} aux[11][0]={0}
INFO: 01:20:59.532562 self-stabilizing-binary-consensus.go:200: binValues(11,3)={0}
INFO: 01:20:59.532587 self-stabilizing-binary-consensus.go:225: infoResults()={0}
INFO: 01:20:59.532595 self-stabilizing-binary-consensus.go:200: binValues(11,3)={0}
INFO: 01:20:59.532599 self-stabilizing-binary-consensus.go:225: infoResults()={0}
INFO: 01:20:59.532603 self-stabilizing-binary-consensus.go:256: randomBit(11)=0
INFO: 01:20:59.532613 self-stabilizing-binary-consensus.go:249: decision=0
INFO: 01:20:59.533060 self-stabilizing-binary-consensus.go:200: binValues(11,2)={0}
INFO: 01:20:59.533082 self-stabilizing-binary-consensus.go:249: decision=0
INFO: 01:20:59.533112 self-stabilizing-binary-consensus.go:93: round=11 repeat=1
INFO: 01:20:59.533120 self-stabilizing-binary-consensus.go:200: binValues(11,3)={0}
INFO: 01:20:59.533125 self-stabilizing-binary-consensus.go:200: binValues(11,2)={0}
INFO: 01:20:59.536611 self-stabilizing-binary-consensus.go:441: SEND flag=0 r=11 est={0} aux={0}
INFO: 01:20:59.537544 self-stabilizing-binary-consensus.go:431: RECEIVE j=1 flag=0 r=11 est={0} aux={0}
INFO: 01:20:59.537602 self-stabilizing-binary-consensus.go:433: est[11][1]={0} aux[11][1]={0}
INFO: 01:20:59.540553 self-stabilizing-binary-consensus.go:431: RECEIVE j=3 flag=0 r=11 est={0} aux={0}
INFO: 01:20:59.540599 self-stabilizing-binary-consensus.go:433: est[11][3]={0} aux[11][3]={0}
INFO: 01:20:59.541472 self-stabilizing-binary-consensus.go:141: SEND flag=1 r=11 est={0} aux={0}
INFO: 01:20:59.546595 self-stabilizing-binary-consensus.go:431: RECEIVE j=0 flag=0 r=11 est={0} aux={0}
INFO: 01:20:59.546629 self-stabilizing-binary-consensus.go:433: est[11][0]={0} aux[11][0]={0}
INFO: 01:20:59.547851 self-stabilizing-binary-consensus.go:431: RECEIVE j=1 flag=0 r=11 est={0} aux={0}
INFO: 01:20:59.547894 self-stabilizing-binary-consensus.go:433: est[11][1]={0} aux[11][1]={0}
INFO: 01:20:59.552074 self-stabilizing-binary-consensus.go:431: RECEIVE j=3 flag=0 r=11 est={0} aux={0}
INFO: 01:20:59.552120 self-stabilizing-binary-consensus.go:433: est[11][3]={0} aux[11][3]={0}
INFO: 01:20:59.558596 self-stabilizing-binary-consensus.go:431: RECEIVE j=3 flag=1 r=11 est={0} aux={0}
INFO: 01:20:59.558632 self-stabilizing-binary-consensus.go:433: est[11][3]={0} aux[11][3]={0}
INFO: 01:20:59.559110 self-stabilizing-binary-consensus.go:431: RECEIVE j=0 flag=0 r=11 est={0} aux={0}
INFO: 01:20:59.559136 self-stabilizing-binary-consensus.go:433: est[11][0]={0} aux[11][0]={0}
INFO: 01:20:59.562798 self-stabilizing-binary-consensus.go:431: RECEIVE j=1 flag=0 r=11 est={0} aux={0}
INFO: 01:20:59.562825 self-stabilizing-binary-consensus.go:433: est[11][1]={0} aux[11][1]={0}
INFO: 01:20:59.564562 self-stabilizing-binary-consensus.go:441: SEND flag=0 r=11 est={0} aux={0}
INFO: 01:20:59.567182 self-stabilizing-binary-consensus.go:431: RECEIVE j=1 flag=1 r=11 est={0} aux={0}
INFO: 01:20:59.567218 self-stabilizing-binary-consensus.go:433: est[11][1]={0} aux[11][1]={0}
INFO: 01:20:59.576915 self-stabilizing-binary-consensus.go:431: RECEIVE j=0 flag=0 r=11 est={0} aux={0}
INFO: 01:20:59.577012 self-stabilizing-binary-consensus.go:433: est[11][0]={0} aux[11][0]={0}
INFO: 01:20:59.579049 self-stabilizing-binary-consensus.go:441: SEND flag=0 r=11 est={0} aux={0}
INFO: 01:20:59.584206 self-stabilizing-binary-consensus.go:431: RECEIVE j=3 flag=0 r=11 est={0} aux={0}
INFO: 01:20:59.584241 self-stabilizing-binary-consensus.go:433: est[11][3]={0} aux[11][3]={0}
INFO: 01:20:59.588388 self-stabilizing-binary-consensus.go:431: RECEIVE j=0 flag=1 r=11 est={0} aux={0}
INFO: 01:20:59.588422 self-stabilizing-binary-consensus.go:433: est[11][0]={0} aux[11][0]={0}
INFO: 01:20:59.590550 self-stabilizing-binary-consensus.go:441: SEND flag=0 r=11 est={0} aux={0}
INFO: 01:20:59.591231 self-stabilizing-binary-consensus.go:431: RECEIVE j=1 flag=0 r=11 est={0} aux={0}
INFO: 01:20:59.591287 self-stabilizing-binary-consensus.go:433: est[11][1]={0} aux[11][1]={0}
INFO: 01:20:59.591508 self-stabilizing-binary-consensus.go:200: binValues(11,3)={0}
INFO: 01:20:59.591795 self-stabilizing-binary-consensus.go:225: infoResults()={0}
INFO: 01:20:59.591834 self-stabilizing-binary-consensus.go:200: binValues(11,3)={0}
INFO: 01:20:59.591883 self-stabilizing-binary-consensus.go:225: infoResults()={0}
INFO: 01:20:59.591919 self-stabilizing-binary-consensus.go:256: randomBit(11)=0
INFO: 01:20:59.591954 self-stabilizing-binary-consensus.go:249: decision=0
INFO: 01:20:59.592386 self-stabilizing-binary-consensus.go:200: binValues(11,2)={0}
INFO: 01:20:59.592441 self-stabilizing-binary-consensus.go:249: decision=0
INFO: 01:20:59.592542 self-stabilizing-binary-consensus.go:93: round=11 repeat=1
INFO: 01:20:59.592603 self-stabilizing-binary-consensus.go:200: binValues(11,3)={0}
INFO: 01:20:59.592640 self-stabilizing-binary-consensus.go:200: binValues(11,2)={0}
INFO: 01:20:59.594304 self-stabilizing-binary-consensus.go:431: RECEIVE j=3 flag=0 r=11 est={0} aux={0}
INFO: 01:20:59.594337 self-stabilizing-binary-consensus.go:433: est[11][3]={0} aux[11][3]={0}
INFO: 01:20:59.595110 self-stabilizing-binary-consensus.go:141: SEND flag=1 r=11 est={0} aux={0}
INFO: 01:20:59.598405 self-stabilizing-binary-consensus.go:431: RECEIVE j=0 flag=0 r=11 est={0} aux={0}
INFO: 01:20:59.598493 self-stabilizing-binary-consensus.go:433: est[11][0]={0} aux[11][0]={0}
INFO: 01:20:59.604218 self-stabilizing-binary-consensus.go:431: RECEIVE j=3 flag=0 r=11 est={0} aux={0}
INFO: 01:20:59.604269 self-stabilizing-binary-consensus.go:433: est[11][3]={0} aux[11][3]={0}
INFO: 01:20:59.606081 self-stabilizing-binary-consensus.go:431: RECEIVE j=1 flag=0 r=11 est={0} aux={0}
INFO: 01:20:59.606114 self-stabilizing-binary-consensus.go:433: est[11][1]={0} aux[11][1]={0}
INFO: 01:20:59.617297 self-stabilizing-binary-consensus.go:431: RECEIVE j=3 flag=1 r=11 est={0} aux={0}
INFO: 01:20:59.617347 self-stabilizing-binary-consensus.go:433: est[11][3]={0} aux[11][3]={0}
INFO: 01:20:59.628930 self-stabilizing-binary-consensus.go:431: RECEIVE j=1 flag=1 r=11 est={0} aux={0}
INFO: 01:20:59.629063 self-stabilizing-binary-consensus.go:433: est[11][1]={0} aux[11][1]={0}
INFO: 01:20:59.636227 self-stabilizing-binary-consensus.go:441: SEND flag=0 r=11 est={0} aux={0}
INFO: 01:20:59.641107 self-stabilizing-binary-consensus.go:431: RECEIVE j=3 flag=0 r=11 est={0} aux={0}
INFO: 01:20:59.641142 self-stabilizing-binary-consensus.go:433: est[11][3]={0} aux[11][3]={0}
INFO: 01:20:59.641347 self-stabilizing-binary-consensus.go:431: RECEIVE j=1 flag=0 r=11 est={0} aux={0}
INFO: 01:20:59.641374 self-stabilizing-binary-consensus.go:433: est[11][1]={0} aux[11][1]={0}
INFO: 01:20:59.643127 self-stabilizing-binary-consensus.go:431: RECEIVE j=0 flag=0 r=11 est={0} aux={0}
INFO: 01:20:59.643157 self-stabilizing-binary-consensus.go:433: est[11][0]={0} aux[11][0]={0}
INFO: 01:20:59.644326 self-stabilizing-binary-consensus.go:431: RECEIVE j=0 flag=0 r=11 est={0} aux={0}
INFO: 01:20:59.644378 self-stabilizing-binary-consensus.go:433: est[11][0]={0} aux[11][0]={0}
INFO: 01:20:59.646054 self-stabilizing-binary-consensus.go:200: binValues(11,3)={0}
INFO: 01:20:59.646080 self-stabilizing-binary-consensus.go:225: infoResults()={0}
INFO: 01:20:59.646088 self-stabilizing-binary-consensus.go:200: binValues(11,3)={0}
INFO: 01:20:59.646092 self-stabilizing-binary-consensus.go:225: infoResults()={0}
INFO: 01:20:59.646096 self-stabilizing-binary-consensus.go:256: randomBit(11)=0
INFO: 01:20:59.646100 self-stabilizing-binary-consensus.go:249: decision=0
INFO: 01:20:59.646141 self-stabilizing-binary-consensus.go:200: binValues(11,2)={0}
INFO: 01:20:59.646180 self-stabilizing-binary-consensus.go:249: decision=0
INFO: 01:20:59.646203 self-stabilizing-binary-consensus.go:93: round=11 repeat=1
INFO: 01:20:59.646212 self-stabilizing-binary-consensus.go:200: binValues(11,3)={0}
INFO: 01:20:59.646216 self-stabilizing-binary-consensus.go:200: binValues(11,2)={0}
INFO: 01:20:59.648262 self-stabilizing-binary-consensus.go:441: SEND flag=0 r=11 est={0} aux={0}
INFO: 01:20:59.649105 self-stabilizing-binary-consensus.go:431: RECEIVE j=0 flag=1 r=11 est={0} aux={0}
INFO: 01:20:59.649121 self-stabilizing-binary-consensus.go:433: est[11][0]={0} aux[11][0]={0}
INFO: 01:20:59.651348 self-stabilizing-binary-consensus.go:141: SEND flag=1 r=11 est={0} aux={0}
INFO: 01:20:59.655922 self-stabilizing-binary-consensus.go:441: SEND flag=0 r=11 est={0} aux={0}
INFO: 01:20:59.659855 self-stabilizing-binary-consensus.go:431: RECEIVE j=3 flag=0 r=11 est={0} aux={0}
INFO: 01:20:59.659906 self-stabilizing-binary-consensus.go:433: est[11][3]={0} aux[11][3]={0}
INFO: 01:20:59.663519 self-stabilizing-binary-consensus.go:431: RECEIVE j=1 flag=0 r=11 est={0} aux={0}
INFO: 01:20:59.663562 self-stabilizing-binary-consensus.go:433: est[11][1]={0} aux[11][1]={0}
INFO: 01:20:59.664686 self-stabilizing-binary-consensus.go:431: RECEIVE j=1 flag=0 r=11 est={0} aux={0}
INFO: 01:20:59.664703 self-stabilizing-binary-consensus.go:433: est[11][1]={0} aux[11][1]={0}
INFO: 01:20:59.665227 self-stabilizing-binary-consensus.go:431: RECEIVE j=0 flag=0 r=11 est={0} aux={0}
INFO: 01:20:59.665267 self-stabilizing-binary-consensus.go:433: est[11][0]={0} aux[11][0]={0}
INFO: 01:20:59.665786 self-stabilizing-binary-consensus.go:431: RECEIVE j=3 flag=0 r=11 est={0} aux={0}
INFO: 01:20:59.665887 self-stabilizing-binary-consensus.go:433: est[11][3]={0} aux[11][3]={0}
INFO: 01:20:59.672042 self-stabilizing-binary-consensus.go:431: RECEIVE j=3 flag=1 r=11 est={0} aux={0}
INFO: 01:20:59.672081 self-stabilizing-binary-consensus.go:433: est[11][3]={0} aux[11][3]={0}
INFO: 01:20:59.675439 self-stabilizing-binary-consensus.go:441: SEND flag=0 r=11 est={0} aux={0}
INFO: 01:20:59.679238 self-stabilizing-binary-consensus.go:431: RECEIVE j=1 flag=0 r=11 est={0} aux={0}
INFO: 01:20:59.679282 self-stabilizing-binary-consensus.go:433: est[11][1]={0} aux[11][1]={0}
INFO: 01:20:59.683609 self-stabilizing-binary-consensus.go:431: RECEIVE j=3 flag=0 r=11 est={0} aux={0}
INFO: 01:20:59.683627 self-stabilizing-binary-consensus.go:433: est[11][3]={0} aux[11][3]={0}
INFO: 01:20:59.684903 self-stabilizing-binary-consensus.go:431: RECEIVE j=0 flag=0 r=11 est={0} aux={0}
INFO: 01:20:59.684952 self-stabilizing-binary-consensus.go:433: est[11][0]={0} aux[11][0]={0}
INFO: 01:20:59.685222 self-stabilizing-binary-consensus.go:431: RECEIVE j=1 flag=1 r=11 est={0} aux={0}
INFO: 01:20:59.685264 self-stabilizing-binary-consensus.go:433: est[11][1]={0} aux[11][1]={0}
INFO: 01:20:59.690167 self-stabilizing-binary-consensus.go:431: RECEIVE j=0 flag=0 r=11 est={0} aux={0}
INFO: 01:20:59.690471 self-stabilizing-binary-consensus.go:433: est[11][0]={0} aux[11][0]={0}
INFO: 01:20:59.695439 self-stabilizing-binary-consensus.go:441: SEND flag=0 r=11 est={0} aux={0}
INFO: 01:20:59.702450 self-stabilizing-binary-consensus.go:200: binValues(11,3)={0}
INFO: 01:20:59.702743 self-stabilizing-binary-consensus.go:225: infoResults()={0}
INFO: 01:20:59.702826 self-stabilizing-binary-consensus.go:200: binValues(11,3)={0}
INFO: 01:20:59.702866 self-stabilizing-binary-consensus.go:225: infoResults()={0}
INFO: 01:20:59.702888 self-stabilizing-binary-consensus.go:256: randomBit(11)=0
INFO: 01:20:59.702915 self-stabilizing-binary-consensus.go:249: decision=0
INFO: 01:20:59.704395 self-stabilizing-binary-consensus.go:200: binValues(11,2)={0}
INFO: 01:20:59.704429 self-stabilizing-binary-consensus.go:249: decision=0
INFO: 01:20:59.704488 self-stabilizing-binary-consensus.go:93: round=11 repeat=1
INFO: 01:20:59.704502 self-stabilizing-binary-consensus.go:200: binValues(11,3)={0}
INFO: 01:20:59.704509 self-stabilizing-binary-consensus.go:200: binValues(11,2)={0}
INFO: 01:20:59.707660 self-stabilizing-binary-consensus.go:141: SEND flag=1 r=11 est={0} aux={0}
INFO: 01:20:59.708115 self-stabilizing-binary-consensus.go:431: RECEIVE j=0 flag=1 r=11 est={0} aux={0}
INFO: 01:20:59.708131 self-stabilizing-binary-consensus.go:433: est[11][0]={0} aux[11][0]={0}
INFO: 01:20:59.711701 self-stabilizing-binary-consensus.go:431: RECEIVE j=1 flag=0 r=11 est={0} aux={0}
INFO: 01:20:59.712045 self-stabilizing-binary-consensus.go:433: est[11][1]={0} aux[11][1]={0}
INFO: 01:20:59.712228 self-stabilizing-binary-consensus.go:431: RECEIVE j=3 flag=0 r=11 est={0} aux={0}
INFO: 01:20:59.712286 self-stabilizing-binary-consensus.go:433: est[11][3]={0} aux[11][3]={0}
INFO: 01:20:59.713429 self-stabilizing-binary-consensus.go:431: RECEIVE j=3 flag=0 r=11 est={0} aux={0}
INFO: 01:20:59.713491 self-stabilizing-binary-consensus.go:433: est[11][3]={0} aux[11][3]={0}
INFO: 01:20:59.716747 self-stabilizing-binary-consensus.go:441: SEND flag=0 r=11 est={0} aux={0}
INFO: 01:20:59.717147 self-stabilizing-binary-consensus.go:431: RECEIVE j=1 flag=0 r=11 est={0} aux={0}
INFO: 01:20:59.717198 self-stabilizing-binary-consensus.go:433: est[11][1]={0} aux[11][1]={0}
INFO: 01:20:59.718511 self-stabilizing-binary-consensus.go:431: RECEIVE j=0 flag=0 r=11 est={0} aux={0}
INFO: 01:20:59.718541 self-stabilizing-binary-consensus.go:433: est[11][0]={0} aux[11][0]={0}
INFO: 01:20:59.728505 self-stabilizing-binary-consensus.go:431: RECEIVE j=3 flag=1 r=11 est={0} aux={0}
INFO: 01:20:59.728737 self-stabilizing-binary-consensus.go:433: est[11][3]={0} aux[11][3]={0}
INFO: 01:20:59.730105 self-stabilizing-binary-consensus.go:431: RECEIVE j=0 flag=0 r=11 est={0} aux={0}
INFO: 01:20:59.730175 self-stabilizing-binary-consensus.go:433: est[11][0]={0} aux[11][0]={0}
INFO: 01:20:59.732838 self-stabilizing-binary-consensus.go:431: RECEIVE j=1 flag=0 r=11 est={0} aux={0}
INFO: 01:20:59.732863 self-stabilizing-binary-consensus.go:433: est[11][1]={0} aux[11][1]={0}
INFO: 01:20:59.733245 self-stabilizing-binary-consensus.go:441: SEND flag=0 r=11 est={0} aux={0}
INFO: 01:20:59.743146 self-stabilizing-binary-consensus.go:431: RECEIVE j=1 flag=1 r=11 est={0} aux={0}
INFO: 01:20:59.743179 self-stabilizing-binary-consensus.go:433: est[11][1]={0} aux[11][1]={0}
INFO: 01:20:59.745164 self-stabilizing-binary-consensus.go:441: SEND flag=0 r=11 est={0} aux={0}
INFO: 01:20:59.746139 self-stabilizing-binary-consensus.go:431: RECEIVE j=3 flag=0 r=11 est={0} aux={0}
INFO: 01:20:59.746164 self-stabilizing-binary-consensus.go:433: est[11][3]={0} aux[11][3]={0}
INFO: 01:20:59.747047 self-stabilizing-binary-consensus.go:431: RECEIVE j=0 flag=0 r=11 est={0} aux={0}
INFO: 01:20:59.747071 self-stabilizing-binary-consensus.go:433: est[11][0]={0} aux[11][0]={0}
INFO: 01:20:59.758020 self-stabilizing-binary-consensus.go:200: binValues(11,3)={0}
INFO: 01:20:59.758443 self-stabilizing-binary-consensus.go:225: infoResults()={0}
INFO: 01:20:59.759733 self-stabilizing-binary-consensus.go:200: binValues(11,3)={0}
INFO: 01:20:59.760117 self-stabilizing-binary-consensus.go:225: infoResults()={0}
INFO: 01:20:59.760188 self-stabilizing-binary-consensus.go:256: randomBit(11)=0
INFO: 01:20:59.760308 self-stabilizing-binary-consensus.go:249: decision=0
INFO: 01:20:59.761045 self-stabilizing-binary-consensus.go:200: binValues(11,2)={0}
INFO: 01:20:59.761074 self-stabilizing-binary-consensus.go:249: decision=0
INFO: 01:20:59.761101 self-stabilizing-binary-consensus.go:93: round=11 repeat=1
INFO: 01:20:59.761110 self-stabilizing-binary-consensus.go:200: binValues(11,3)={0}
INFO: 01:20:59.761168 self-stabilizing-binary-consensus.go:200: binValues(11,2)={0}
INFO: 01:20:59.762837 self-stabilizing-binary-consensus.go:141: SEND flag=1 r=11 est={0} aux={0}
INFO: 01:20:59.771110 self-stabilizing-binary-consensus.go:431: RECEIVE j=0 flag=0 r=11 est={0} aux={0}
INFO: 01:20:59.771186 self-stabilizing-binary-consensus.go:433: est[11][0]={0} aux[11][0]={0}
INFO: 01:20:59.772229 self-stabilizing-binary-consensus.go:431: RECEIVE j=0 flag=1 r=11 est={0} aux={0}
INFO: 01:20:59.772302 self-stabilizing-binary-consensus.go:433: est[11][0]={0} aux[11][0]={0}
INFO: 01:20:59.774250 self-stabilizing-binary-consensus.go:431: RECEIVE j=1 flag=0 r=11 est={0} aux={0}
INFO: 01:20:59.774299 self-stabilizing-binary-consensus.go:433: est[11][1]={0} aux[11][1]={0}
INFO: 01:20:59.775200 self-stabilizing-binary-consensus.go:441: SEND flag=0 r=11 est={0} aux={0}
INFO: 01:20:59.775426 self-stabilizing-binary-consensus.go:431: RECEIVE j=3 flag=0 r=11 est={0} aux={0}
INFO: 01:20:59.775478 self-stabilizing-binary-consensus.go:433: est[11][3]={0} aux[11][3]={0}
INFO: 01:20:59.776785 self-stabilizing-binary-consensus.go:431: RECEIVE j=3 flag=0 r=11 est={0} aux={0}
INFO: 01:20:59.776798 self-stabilizing-binary-consensus.go:433: est[11][3]={0} aux[11][3]={0}
INFO: 01:20:59.778295 self-stabilizing-binary-consensus.go:431: RECEIVE j=1 flag=0 r=11 est={0} aux={0}
INFO: 01:20:59.778323 self-stabilizing-binary-consensus.go:433: est[11][1]={0} aux[11][1]={0}
INFO: 01:20:59.789415 self-stabilizing-binary-consensus.go:431: RECEIVE j=3 flag=1 r=11 est={0} aux={0}
INFO: 01:20:59.789456 self-stabilizing-binary-consensus.go:433: est[11][3]={0} aux[11][3]={0}
INFO: 01:20:59.792202 self-stabilizing-binary-consensus.go:441: SEND flag=0 r=11 est={0} aux={0}
INFO: 01:20:59.794538 self-stabilizing-binary-consensus.go:431: RECEIVE j=1 flag=0 r=11 est={0} aux={0}
INFO: 01:20:59.795121 self-stabilizing-binary-consensus.go:433: est[11][1]={0} aux[11][1]={0}
INFO: 01:20:59.796545 self-stabilizing-binary-consensus.go:431: RECEIVE j=1 flag=1 r=11 est={0} aux={0}
INFO: 01:20:59.798518 self-stabilizing-binary-consensus.go:433: est[11][1]={0} aux[11][1]={0}
INFO: 01:20:59.800460 self-stabilizing-binary-consensus.go:431: RECEIVE j=3 flag=0 r=11 est={0} aux={0}
INFO: 01:20:59.800485 self-stabilizing-binary-consensus.go:433: est[11][3]={0} aux[11][3]={0}
INFO: 01:20:59.801309 self-stabilizing-binary-consensus.go:431: RECEIVE j=0 flag=0 r=11 est={0} aux={0}
INFO: 01:20:59.801338 self-stabilizing-binary-consensus.go:433: est[11][0]={0} aux[11][0]={0}
INFO: 01:20:59.802328 self-stabilizing-binary-consensus.go:431: RECEIVE j=0 flag=0 r=11 est={0} aux={0}
INFO: 01:20:59.802352 self-stabilizing-binary-consensus.go:433: est[11][0]={0} aux[11][0]={0}
INFO: 01:20:59.803417 self-stabilizing-binary-consensus.go:441: SEND flag=0 r=11 est={0} aux={0}
INFO: 01:20:59.814480 self-stabilizing-binary-consensus.go:200: binValues(11,3)={0}
INFO: 01:20:59.814532 self-stabilizing-binary-consensus.go:225: infoResults()={0}
INFO: 01:20:59.814569 self-stabilizing-binary-consensus.go:200: binValues(11,3)={0}
INFO: 01:20:59.814608 self-stabilizing-binary-consensus.go:225: infoResults()={0}
INFO: 01:20:59.814668 self-stabilizing-binary-consensus.go:256: randomBit(11)=0
INFO: 01:20:59.814961 self-stabilizing-binary-consensus.go:249: decision=0
INFO: 01:20:59.815020 self-stabilizing-binary-consensus.go:200: binValues(11,2)={0}
INFO: 01:20:59.816668 self-stabilizing-binary-consensus.go:249: decision=0
INFO: 01:20:59.817073 self-stabilizing-binary-consensus.go:93: round=11 repeat=1
INFO: 01:20:59.817647 self-stabilizing-binary-consensus.go:200: binValues(11,3)={0}
INFO: 01:20:59.817737 self-stabilizing-binary-consensus.go:200: binValues(11,2)={0}
INFO: 01:20:59.818765 self-stabilizing-binary-consensus.go:431: RECEIVE j=0 flag=1 r=11 est={0} aux={0}
INFO: 01:20:59.819198 self-stabilizing-binary-consensus.go:433: est[11][0]={0} aux[11][0]={0}
INFO: 01:20:59.822095 self-stabilizing-binary-consensus.go:441: SEND flag=0 r=11 est={0} aux={0}
INFO: 01:20:59.826096 self-stabilizing-binary-consensus.go:431: RECEIVE j=1 flag=0 r=11 est={0} aux={0}
INFO: 01:20:59.826176 self-stabilizing-binary-consensus.go:433: est[11][1]={0} aux[11][1]={0}
INFO: 01:20:59.827509 self-stabilizing-binary-consensus.go:141: SEND flag=1 r=11 est={0} aux={0}
INFO: 01:20:59.831627 self-stabilizing-binary-consensus.go:431: RECEIVE j=3 flag=0 r=11 est={0} aux={0}
INFO: 01:20:59.831655 self-stabilizing-binary-consensus.go:433: est[11][3]={0} aux[11][3]={0}
INFO: 01:20:59.832126 self-stabilizing-binary-consensus.go:431: RECEIVE j=1 flag=0 r=11 est={0} aux={0}
INFO: 01:20:59.832137 self-stabilizing-binary-consensus.go:433: est[11][1]={0} aux[11][1]={0}
INFO: 01:20:59.834344 self-stabilizing-binary-consensus.go:431: RECEIVE j=3 flag=0 r=11 est={0} aux={0}
INFO: 01:20:59.834392 self-stabilizing-binary-consensus.go:433: est[11][3]={0} aux[11][3]={0}
INFO: 01:20:59.835711 self-stabilizing-binary-consensus.go:431: RECEIVE j=0 flag=0 r=11 est={0} aux={0}
INFO: 01:20:59.835737 self-stabilizing-binary-consensus.go:433: est[11][0]={0} aux[11][0]={0}
INFO: 01:20:59.842563 self-stabilizing-binary-consensus.go:431: RECEIVE j=3 flag=1 r=11 est={0} aux={0}
INFO: 01:20:59.842587 self-stabilizing-binary-consensus.go:433: est[11][3]={0} aux[11][3]={0}
INFO: 01:20:59.842733 self-stabilizing-binary-consensus.go:431: RECEIVE j=1 flag=0 r=11 est={0} aux={0}
INFO: 01:20:59.842807 self-stabilizing-binary-consensus.go:433: est[11][1]={0} aux[11][1]={0}
INFO: 01:20:59.846751 self-stabilizing-binary-consensus.go:441: SEND flag=0 r=11 est={0} aux={0}
INFO: 01:20:59.850078 self-stabilizing-binary-consensus.go:431: RECEIVE j=0 flag=0 r=11 est={0} aux={0}
INFO: 01:20:59.850104 self-stabilizing-binary-consensus.go:433: est[11][0]={0} aux[11][0]={0}
INFO: 01:20:59.854883 self-stabilizing-binary-consensus.go:431: RECEIVE j=1 flag=1 r=11 est={0} aux={0}
INFO: 01:20:59.854900 self-stabilizing-binary-consensus.go:433: est[11][1]={0} aux[11][1]={0}
INFO: 01:20:59.856714 self-stabilizing-binary-consensus.go:441: SEND flag=0 r=11 est={0} aux={0}
INFO: 01:20:59.858164 self-stabilizing-binary-consensus.go:431: RECEIVE j=3 flag=0 r=11 est={0} aux={0}
INFO: 01:20:59.858188 self-stabilizing-binary-consensus.go:433: est[11][3]={0} aux[11][3]={0}
INFO: 01:20:59.861612 self-stabilizing-binary-consensus.go:431: RECEIVE j=0 flag=0 r=11 est={0} aux={0}
INFO: 01:20:59.861660 self-stabilizing-binary-consensus.go:433: est[11][0]={0} aux[11][0]={0}
INFO: 01:20:59.867592 self-stabilizing-binary-consensus.go:431: RECEIVE j=1 flag=0 r=11 est={0} aux={0}
INFO: 01:20:59.867636 self-stabilizing-binary-consensus.go:433: est[11][1]={0} aux[11][1]={0}
INFO: 01:20:59.867823 self-stabilizing-binary-consensus.go:431: RECEIVE j=0 flag=1 r=11 est={0} aux={0}
INFO: 01:20:59.867857 self-stabilizing-binary-consensus.go:433: est[11][0]={0} aux[11][0]={0}
INFO: 01:20:59.869885 self-stabilizing-binary-consensus.go:441: SEND flag=0 r=11 est={0} aux={0}
INFO: 01:20:59.875371 self-stabilizing-binary-consensus.go:431: RECEIVE j=3 flag=0 r=11 est={0} aux={0}
INFO: 01:20:59.875410 self-stabilizing-binary-consensus.go:433: est[11][3]={0} aux[11][3]={0}
INFO: 01:20:59.877774 self-stabilizing-binary-consensus.go:200: binValues(11,3)={0}
INFO: 01:20:59.877831 self-stabilizing-binary-consensus.go:225: infoResults()={0}
INFO: 01:20:59.877844 self-stabilizing-binary-consensus.go:200: binValues(11,3)={0}
INFO: 01:20:59.877848 self-stabilizing-binary-consensus.go:225: infoResults()={0}
INFO: 01:20:59.877853 self-stabilizing-binary-consensus.go:256: randomBit(11)=0
INFO: 01:20:59.877859 self-stabilizing-binary-consensus.go:249: decision=0
INFO: 01:20:59.877889 self-stabilizing-binary-consensus.go:200: binValues(11,2)={0}
INFO: 01:20:59.877897 self-stabilizing-binary-consensus.go:249: decision=0
INFO: 01:20:59.877905 self-stabilizing-binary-consensus.go:93: round=11 repeat=1
INFO: 01:20:59.877912 self-stabilizing-binary-consensus.go:200: binValues(11,3)={0}
INFO: 01:20:59.877915 self-stabilizing-binary-consensus.go:200: binValues(11,2)={0}
INFO: 01:20:59.878970 self-stabilizing-multivalued-consensus.go:18: Successful decide
