INFO: 16:41:13.908852 main.go:29: ID:2 | N:4 | F:1 | Clients:1 | Scenario:NORMAL | Remote:false

INFO: 16:41:13.909318 messenger.go:90: Receive from Server 0 on tcp://*:4200
INFO: 16:41:13.909514 messenger.go:107: Send to Server 0 on tcp://localhost:4002
INFO: 16:41:13.910291 messenger.go:90: Receive from Server 1 on tcp://*:4201
INFO: 16:41:13.910515 messenger.go:107: Send to Server 1 on tcp://localhost:4102
INFO: 16:41:13.911001 messenger.go:90: Receive from Server 3 on tcp://*:4203
INFO: 16:41:13.911776 messenger.go:107: Send to Server 3 on tcp://localhost:4302
INFO: 16:41:13.911801 messenger.go:113: -----------------------------------------
INFO: 16:41:13.911844 messenger.go:135: Requests from Client 0 on tcp://*:7200
INFO: 16:41:13.912683 messenger.go:152: Response to Client 0 on tcp://*:10200
INFO: 16:41:13.912705 messenger.go:155: -----------------------------------------

INFO: 16:41:13.923818 main.go:83: Initial estimate value:  0
INFO: 16:41:13.923912 self-stabilizing-binary-consensus.go:93: round=1 repeat=1
INFO: 16:41:13.923935 self-stabilizing-binary-consensus.go:200: binValues(1,3)={}
INFO: 16:41:13.923943 self-stabilizing-binary-consensus.go:200: binValues(1,2)={}
INFO: 16:41:13.937346 self-stabilizing-binary-consensus.go:433: RECEIVE j=3 flag=1 r=1 est={0} aux={}
INFO: 16:41:13.937376 self-stabilizing-binary-consensus.go:435: est[1][3]={0} aux[1][3]={}
INFO: 16:41:13.949483 self-stabilizing-binary-consensus.go:443: SEND flag=0 r=1 est={0} aux={}
INFO: 16:41:13.949533 self-stabilizing-binary-consensus.go:433: RECEIVE j=0 flag=1 r=1 est={0} aux={}
INFO: 16:41:13.949548 self-stabilizing-binary-consensus.go:435: est[1][0]={0} aux[1][0]={}
INFO: 16:41:14.080573 self-stabilizing-binary-consensus.go:443: SEND flag=0 r=1 est={0} aux={}
INFO: 16:41:14.080609 self-stabilizing-binary-consensus.go:433: RECEIVE j=1 flag=0 r=1 est={0} aux={}
INFO: 16:41:14.080619 self-stabilizing-binary-consensus.go:435: est[1][1]={0} aux[1][1]={}
INFO: 16:41:14.080625 self-stabilizing-binary-consensus.go:433: RECEIVE j=1 flag=0 r=1 est={0} aux={}
INFO: 16:41:14.080629 self-stabilizing-binary-consensus.go:435: est[1][1]={0} aux[1][1]={}
INFO: 16:41:14.080655 self-stabilizing-binary-consensus.go:433: RECEIVE j=1 flag=1 r=1 est={0} aux={}
INFO: 16:41:14.080659 self-stabilizing-binary-consensus.go:435: est[1][1]={0} aux[1][1]={}
INFO: 16:41:14.095859 self-stabilizing-binary-consensus.go:141: SEND flag=1 r=1 est={0} aux={}
INFO: 16:41:14.102499 self-stabilizing-binary-consensus.go:443: SEND flag=0 r=1 est={0} aux={}
INFO: 16:41:14.102534 self-stabilizing-binary-consensus.go:433: RECEIVE j=0 flag=0 r=1 est={0} aux={}
INFO: 16:41:14.102554 self-stabilizing-binary-consensus.go:435: est[1][0]={0} aux[1][0]={}
INFO: 16:41:14.102623 self-stabilizing-binary-consensus.go:433: RECEIVE j=0 flag=0 r=1 est={0} aux={}
INFO: 16:41:14.102654 self-stabilizing-binary-consensus.go:435: est[1][0]={0} aux[1][0]={}
INFO: 16:41:14.102676 self-stabilizing-binary-consensus.go:433: RECEIVE j=3 flag=0 r=1 est={0} aux={}
INFO: 16:41:14.102696 self-stabilizing-binary-consensus.go:435: est[1][3]={0} aux[1][3]={}
INFO: 16:41:14.102716 self-stabilizing-binary-consensus.go:433: RECEIVE j=3 flag=0 r=1 est={0} aux={}
INFO: 16:41:14.102736 self-stabilizing-binary-consensus.go:435: est[1][3]={0} aux[1][3]={}
INFO: 16:41:14.102756 self-stabilizing-binary-consensus.go:433: RECEIVE j=0 flag=0 r=1 est={0} aux={}
INFO: 16:41:14.102776 self-stabilizing-binary-consensus.go:435: est[1][0]={0} aux[1][0]={}
INFO: 16:41:14.102796 self-stabilizing-binary-consensus.go:433: RECEIVE j=1 flag=0 r=1 est={0} aux={}
INFO: 16:41:14.102816 self-stabilizing-binary-consensus.go:435: est[1][1]={0} aux[1][1]={}
INFO: 16:41:14.103120 self-stabilizing-binary-consensus.go:433: RECEIVE j=3 flag=0 r=1 est={0} aux={}
INFO: 16:41:14.103158 self-stabilizing-binary-consensus.go:435: est[1][3]={0} aux[1][3]={}
INFO: 16:41:15.935811 self-stabilizing-binary-consensus.go:433: RECEIVE j=0 flag=0 r=1 est={0} aux={}
INFO: 16:41:15.935825 self-stabilizing-binary-consensus.go:435: est[1][0]={0} aux[1][0]={}
INFO: 16:41:15.941053 self-stabilizing-binary-consensus.go:433: RECEIVE j=3 flag=1 r=1 est={0} aux={0}
INFO: 16:41:15.941142 self-stabilizing-binary-consensus.go:435: est[1][3]={0} aux[1][3]={0}
INFO: 16:41:15.953384 self-stabilizing-binary-consensus.go:443: SEND flag=0 r=1 est={0} aux={}
INFO: 16:41:15.953420 self-stabilizing-binary-consensus.go:433: RECEIVE j=1 flag=0 r=1 est={0} aux={}
INFO: 16:41:15.953439 self-stabilizing-binary-consensus.go:435: est[1][1]={0} aux[1][1]={}
INFO: 16:41:15.953457 self-stabilizing-binary-consensus.go:433: RECEIVE j=1 flag=0 r=1 est={0} aux={}
INFO: 16:41:15.953475 self-stabilizing-binary-consensus.go:435: est[1][1]={0} aux[1][1]={}
INFO: 16:41:15.953493 self-stabilizing-binary-consensus.go:433: RECEIVE j=0 flag=1 r=1 est={0} aux={0}
INFO: 16:41:15.953510 self-stabilizing-binary-consensus.go:435: est[1][0]={0} aux[1][0]={0}
INFO: 16:41:15.974072 self-stabilizing-binary-consensus.go:443: SEND flag=0 r=1 est={0} aux={}
INFO: 16:41:15.977043 self-stabilizing-binary-consensus.go:433: RECEIVE j=1 flag=1 r=1 est={0} aux={0}
INFO: 16:41:15.977112 self-stabilizing-binary-consensus.go:435: est[1][1]={0} aux[1][1]={0}
INFO: 16:41:15.979008 self-stabilizing-binary-consensus.go:443: SEND flag=0 r=1 est={0} aux={}
INFO: 16:41:15.979045 self-stabilizing-binary-consensus.go:433: RECEIVE j=3 flag=0 r=1 est={0} aux={0}
INFO: 16:41:15.979064 self-stabilizing-binary-consensus.go:435: est[1][3]={0} aux[1][3]={0}
INFO: 16:41:15.979083 self-stabilizing-binary-consensus.go:433: RECEIVE j=0 flag=0 r=1 est={0} aux={0}
INFO: 16:41:15.979100 self-stabilizing-binary-consensus.go:435: est[1][0]={0} aux[1][0]={0}
INFO: 16:41:15.979119 self-stabilizing-binary-consensus.go:433: RECEIVE j=3 flag=0 r=1 est={0} aux={0}
INFO: 16:41:15.979136 self-stabilizing-binary-consensus.go:435: est[1][3]={0} aux[1][3]={0}
INFO: 16:41:16.096365 self-stabilizing-binary-consensus.go:200: binValues(1,3)={0}
INFO: 16:41:16.096453 self-stabilizing-binary-consensus.go:227: infoResults()={0}
INFO: 16:41:16.096474 self-stabilizing-binary-consensus.go:200: binValues(1,3)={0}
INFO: 16:41:16.096506 self-stabilizing-binary-consensus.go:227: infoResults()={0}
INFO: 16:41:16.096523 self-stabilizing-binary-consensus.go:258: randomBit(1)=0
INFO: 16:41:16.096542 self-stabilizing-binary-consensus.go:251: decision=0
INFO: 16:41:16.096647 self-stabilizing-binary-consensus.go:200: binValues(11,2)={}
INFO: 16:41:16.096679 self-stabilizing-binary-consensus.go:93: round=11 repeat=1
INFO: 16:41:16.096699 self-stabilizing-binary-consensus.go:200: binValues(11,3)={}
INFO: 16:41:16.096716 self-stabilizing-binary-consensus.go:200: binValues(11,2)={}
INFO: 16:41:16.098391 self-stabilizing-binary-consensus.go:141: SEND flag=1 r=11 est={0} aux={0}
INFO: 16:41:16.926205 self-stabilizing-multivalued-consensus.go:20: Successful decide
