INFO: 01:14:49.239398 main.go:29: ID:2 | N:4 | F:1 | Clients:1 | Scenario:NORMAL | Remote:false

INFO: 01:14:49.239977 messenger.go:91: Receive from Server 0 on tcp://*:4200
INFO: 01:14:49.240176 messenger.go:108: Send to Server 0 on tcp://localhost:4002
INFO: 01:14:49.240238 messenger.go:91: Receive from Server 1 on tcp://*:4201
INFO: 01:14:49.240281 messenger.go:108: Send to Server 1 on tcp://localhost:4102
INFO: 01:14:49.240328 messenger.go:91: Receive from Server 3 on tcp://*:4203
INFO: 01:14:49.240374 messenger.go:108: Send to Server 3 on tcp://localhost:4302
INFO: 01:14:49.240397 messenger.go:114: -----------------------------------------
INFO: 01:14:49.240437 messenger.go:136: Requests from Client 0 on tcp://*:7200
INFO: 01:14:49.240481 messenger.go:153: Response to Client 0 on tcp://*:10200
INFO: 01:14:49.240504 messenger.go:156: -----------------------------------------

INFO: 01:14:49.242909 main.go:83: Initial estimate value:  1
INFO: 01:14:49.243086 self-stabilizing-binary-consensus.go:96: round=1 repeat=1
INFO: 01:14:49.243136 self-stabilizing-binary-consensus.go:210: binValues(1,3)={}
INFO: 01:14:49.243164 self-stabilizing-binary-consensus.go:210: binValues(1,2)={}
INFO: 01:14:49.251923 self-stabilizing-binary-consensus.go:445: RECEIVED j=1 flag=true r=1 est={1} aux={}
INFO: 01:14:49.251963 self-stabilizing-binary-consensus.go:447: est[1][1]={1} aux[1][1]={}
INFO: 01:14:49.254690 messenger.go:302: SEND j=3 flag=true r=1 est={1} aux={}
INFO: 01:14:49.254823 messenger.go:302: SEND j=0 flag=true r=1 est={1} aux={}
INFO: 01:14:49.256889 messenger.go:302: SEND j=0 flag=false r=1 est={1} aux={}
INFO: 01:14:49.407988 messenger.go:302: SEND j=1 flag=true r=1 est={1} aux={}
INFO: 01:14:49.408195 self-stabilizing-binary-consensus.go:445: RECEIVED j=3 flag=true r=1 est={1} aux={}
INFO: 01:14:49.408228 self-stabilizing-binary-consensus.go:447: est[1][3]={1} aux[1][3]={}
INFO: 01:14:49.411466 messenger.go:302: SEND j=0 flag=false r=1 est={1} aux={}
INFO: 01:14:49.413343 messenger.go:302: SEND j=3 flag=false r=1 est={1} aux={}
INFO: 01:14:49.413640 messenger.go:302: SEND j=1 flag=false r=1 est={1} aux={}
INFO: 01:14:49.414018 self-stabilizing-binary-consensus.go:445: RECEIVED j=0 flag=true r=1 est={1} aux={}
INFO: 01:14:49.414062 self-stabilizing-binary-consensus.go:447: est[1][0]={1} aux[1][0]={}
INFO: 01:14:49.418282 messenger.go:302: SEND j=0 flag=false r=1 est={1} aux={}
INFO: 01:14:49.419110 messenger.go:302: SEND j=1 flag=false r=1 est={1} aux={}
INFO: 01:14:49.419729 messenger.go:302: SEND j=3 flag=false r=1 est={1} aux={}
INFO: 01:14:49.419969 self-stabilizing-binary-consensus.go:445: RECEIVED j=0 flag=false r=1 est={1} aux={}
INFO: 01:14:49.420008 self-stabilizing-binary-consensus.go:447: est[1][0]={1} aux[1][0]={}
INFO: 01:14:49.420022 self-stabilizing-binary-consensus.go:445: RECEIVED j=1 flag=false r=1 est={1} aux={}
INFO: 01:14:49.420047 self-stabilizing-binary-consensus.go:447: est[1][1]={1} aux[1][1]={}
INFO: 01:14:49.420060 self-stabilizing-binary-consensus.go:445: RECEIVED j=3 flag=false r=1 est={1} aux={}
INFO: 01:14:49.420069 self-stabilizing-binary-consensus.go:447: est[1][3]={1} aux[1][3]={}
INFO: 01:14:49.420078 self-stabilizing-binary-consensus.go:445: RECEIVED j=1 flag=false r=1 est={1} aux={}
INFO: 01:14:49.420103 self-stabilizing-binary-consensus.go:447: est[1][1]={1} aux[1][1]={}
INFO: 01:14:49.420594 self-stabilizing-binary-consensus.go:445: RECEIVED j=3 flag=false r=1 est={1} aux={}
INFO: 01:14:49.420672 self-stabilizing-binary-consensus.go:447: est[1][3]={1} aux[1][3]={}
INFO: 01:14:49.422687 messenger.go:302: SEND j=3 flag=false r=1 est={1} aux={}
INFO: 01:14:49.423498 messenger.go:302: SEND j=1 flag=false r=1 est={1} aux={}
INFO: 01:14:49.423947 self-stabilizing-binary-consensus.go:445: RECEIVED j=0 flag=false r=1 est={1} aux={}
INFO: 01:14:49.424502 self-stabilizing-binary-consensus.go:447: est[1][0]={1} aux[1][0]={}
INFO: 01:14:49.426910 self-stabilizing-binary-consensus.go:445: RECEIVED j=1 flag=false r=1 est={1} aux={}
INFO: 01:14:49.426971 self-stabilizing-binary-consensus.go:447: est[1][1]={1} aux[1][1]={}
INFO: 01:14:49.427816 self-stabilizing-binary-consensus.go:445: RECEIVED j=3 flag=false r=1 est={1} aux={}
INFO: 01:14:49.427933 self-stabilizing-binary-consensus.go:447: est[1][3]={1} aux[1][3]={}
INFO: 01:14:49.429063 self-stabilizing-binary-consensus.go:445: RECEIVED j=0 flag=false r=1 est={1} aux={}
INFO: 01:14:49.429308 self-stabilizing-binary-consensus.go:447: est[1][0]={1} aux[1][0]={}
INFO: 01:14:50.241551 self-stabilizing-binary-consensus.go:445: RECEIVED j=0 flag=true r=1 est={1} aux={1}
INFO: 01:14:50.241638 self-stabilizing-binary-consensus.go:447: est[1][0]={1} aux[1][0]={1}
INFO: 01:14:50.244802 self-stabilizing-binary-consensus.go:445: RECEIVED j=3 flag=false r=1 est={1} aux={}
INFO: 01:14:50.244825 self-stabilizing-binary-consensus.go:447: est[1][3]={1} aux[1][3]={}
INFO: 01:14:50.245064 messenger.go:302: SEND j=0 flag=false r=1 est={1} aux={}
INFO: 01:14:50.245692 messenger.go:302: SEND j=3 flag=false r=1 est={1} aux={}
INFO: 01:14:50.246405 messenger.go:302: SEND j=1 flag=false r=1 est={1} aux={}
INFO: 01:14:50.246455 self-stabilizing-binary-consensus.go:210: binValues(1,3)={1}
INFO: 01:14:50.246488 self-stabilizing-binary-consensus.go:235: infoResults()={}
INFO: 01:14:50.246509 self-stabilizing-binary-consensus.go:96: round=1 repeat=2
INFO: 01:14:50.246529 self-stabilizing-binary-consensus.go:210: binValues(1,3)={1}
INFO: 01:14:50.246548 self-stabilizing-binary-consensus.go:135: aux[1][2]=1
INFO: 01:14:50.246575 self-stabilizing-binary-consensus.go:210: binValues(1,2)={1}
INFO: 01:14:50.248306 self-stabilizing-binary-consensus.go:445: RECEIVED j=1 flag=false r=1 est={1} aux={}
INFO: 01:14:50.248401 self-stabilizing-binary-consensus.go:447: est[1][1]={1} aux[1][1]={}
INFO: 01:14:50.252354 messenger.go:302: SEND j=0 flag=true r=1 est={1} aux={1}
INFO: 01:14:50.254178 self-stabilizing-binary-consensus.go:445: RECEIVED j=3 flag=true r=1 est={1} aux={1}
INFO: 01:14:50.254239 self-stabilizing-binary-consensus.go:447: est[1][3]={1} aux[1][3]={1}
INFO: 01:14:50.254919 messenger.go:302: SEND j=1 flag=true r=1 est={1} aux={1}
INFO: 01:14:50.260125 messenger.go:302: SEND j=1 flag=false r=1 est={1} aux={1}
INFO: 01:14:50.260298 messenger.go:302: SEND j=3 flag=true r=1 est={1} aux={1}
INFO: 01:14:50.260505 messenger.go:302: SEND j=0 flag=false r=1 est={1} aux={1}
INFO: 01:14:50.260564 self-stabilizing-binary-consensus.go:445: RECEIVED j=1 flag=true r=1 est={1} aux={1}
INFO: 01:14:50.260587 self-stabilizing-binary-consensus.go:447: est[1][1]={1} aux[1][1]={1}
INFO: 01:14:50.264174 messenger.go:302: SEND j=0 flag=false r=1 est={1} aux={1}
INFO: 01:14:50.266854 messenger.go:302: SEND j=3 flag=false r=1 est={1} aux={1}
INFO: 01:14:50.267138 self-stabilizing-binary-consensus.go:445: RECEIVED j=0 flag=false r=1 est={1} aux={1}
INFO: 01:14:50.267181 self-stabilizing-binary-consensus.go:447: est[1][0]={1} aux[1][0]={1}
INFO: 01:14:50.267191 self-stabilizing-binary-consensus.go:445: RECEIVED j=3 flag=false r=1 est={1} aux={1}
INFO: 01:14:50.267197 self-stabilizing-binary-consensus.go:447: est[1][3]={1} aux[1][3]={1}
INFO: 01:14:50.267204 self-stabilizing-binary-consensus.go:445: RECEIVED j=0 flag=false r=1 est={1} aux={1}
INFO: 01:14:50.267208 self-stabilizing-binary-consensus.go:447: est[1][0]={1} aux[1][0]={1}
INFO: 01:14:50.268017 messenger.go:302: SEND j=3 flag=false r=1 est={1} aux={1}
INFO: 01:14:50.268757 self-stabilizing-binary-consensus.go:445: RECEIVED j=3 flag=false r=1 est={1} aux={1}
INFO: 01:14:50.268789 self-stabilizing-binary-consensus.go:447: est[1][3]={1} aux[1][3]={1}
INFO: 01:14:50.268969 messenger.go:302: SEND j=1 flag=false r=1 est={1} aux={1}
INFO: 01:14:50.270055 self-stabilizing-binary-consensus.go:445: RECEIVED j=1 flag=false r=1 est={1} aux={1}
INFO: 01:14:50.270086 self-stabilizing-binary-consensus.go:447: est[1][1]={1} aux[1][1]={1}
INFO: 01:14:50.273396 self-stabilizing-binary-consensus.go:445: RECEIVED j=1 flag=false r=1 est={1} aux={1}
INFO: 01:14:50.273474 self-stabilizing-binary-consensus.go:447: est[1][1]={1} aux[1][1]={1}
INFO: 01:14:50.273744 self-stabilizing-binary-consensus.go:445: RECEIVED j=0 flag=false r=1 est={1} aux={1}
INFO: 01:14:50.273809 self-stabilizing-binary-consensus.go:447: est[1][0]={1} aux[1][0]={1}
INFO: 01:14:51.250951 self-stabilizing-binary-consensus.go:210: binValues(1,3)={1}
INFO: 01:14:51.251213 self-stabilizing-binary-consensus.go:235: infoResults()={1}
INFO: 01:14:51.251261 self-stabilizing-binary-consensus.go:210: binValues(1,3)={1}
INFO: 01:14:51.251467 self-stabilizing-binary-consensus.go:235: infoResults()={1}
INFO: 01:14:51.251645 self-stabilizing-binary-consensus.go:268: randomBit(1)=1
INFO: 01:14:51.251707 self-stabilizing-binary-consensus.go:261: decision=1
INFO: 01:14:51.251827 self-stabilizing-binary-consensus.go:210: binValues(11,2)={}
INFO: 01:14:52.245268 self-stabilizing-multivalued-consensus.go:18: Successful decide
