INFO: 20:57:25.358154 main.go:29: ID:2 | N:4 | F:1 | Clients:1 | Scenario:NORMAL | Remote:false

INFO: 20:57:25.358558 messenger.go:90: Receive from Server 0 on tcp://*:4200
INFO: 20:57:25.358728 messenger.go:107: Send to Server 0 on tcp://localhost:4002
INFO: 20:57:25.358792 messenger.go:90: Receive from Server 1 on tcp://*:4201
INFO: 20:57:25.358836 messenger.go:107: Send to Server 1 on tcp://localhost:4102
INFO: 20:57:25.358880 messenger.go:90: Receive from Server 3 on tcp://*:4203
INFO: 20:57:25.358928 messenger.go:107: Send to Server 3 on tcp://localhost:4302
INFO: 20:57:25.358951 messenger.go:113: -----------------------------------------
INFO: 20:57:25.358991 messenger.go:135: Requests from Client 0 on tcp://*:7200
INFO: 20:57:25.359119 messenger.go:152: Response to Client 0 on tcp://*:10200
INFO: 20:57:25.359144 messenger.go:155: -----------------------------------------

INFO: 20:57:25.362389 main.go:83: Initial estimate value:  1
INFO: 20:57:25.362446 self-stabilizing-binary-consensus.go:93: round=1 repeat=1
INFO: 20:57:25.362468 self-stabilizing-binary-consensus.go:200: binValues(1,3)={}
INFO: 20:57:25.362476 self-stabilizing-binary-consensus.go:200: binValues(1,2)={}
INFO: 20:57:25.364783 self-stabilizing-binary-consensus.go:141: SEND flag=1 r=1 est={1} aux={}
INFO: 20:57:25.369876 self-stabilizing-binary-consensus.go:431: RECEIVE j=1 flag=1 r=1 est={0} aux={}
INFO: 20:57:25.369945 self-stabilizing-binary-consensus.go:433: est[1][1]={0} aux[1][1]={}
INFO: 20:57:25.524921 self-stabilizing-binary-consensus.go:441: SEND flag=0 r=1 est={1} aux={}
INFO: 20:57:25.524992 self-stabilizing-binary-consensus.go:431: RECEIVE j=0 flag=1 r=1 est={0} aux={}
INFO: 20:57:25.525020 self-stabilizing-binary-consensus.go:433: est[1][0]={0} aux[1][0]={}
INFO: 20:57:25.534437 self-stabilizing-binary-consensus.go:441: SEND flag=0 r=1 est={1} aux={}
INFO: 20:57:25.534519 self-stabilizing-binary-consensus.go:431: RECEIVE j=3 flag=1 r=1 est={1} aux={}
INFO: 20:57:25.534542 self-stabilizing-binary-consensus.go:433: est[1][3]={1} aux[1][3]={}
INFO: 20:57:25.538502 self-stabilizing-binary-consensus.go:441: SEND flag=0 r=1 est={1} aux={}
INFO: 20:57:25.538717 self-stabilizing-binary-consensus.go:431: RECEIVE j=0 flag=0 r=1 est={0} aux={}
INFO: 20:57:25.538785 self-stabilizing-binary-consensus.go:433: est[1][0]={0} aux[1][0]={}
INFO: 20:57:25.538817 self-stabilizing-binary-consensus.go:431: RECEIVE j=1 flag=0 r=1 est={0} aux={}
INFO: 20:57:25.538839 self-stabilizing-binary-consensus.go:433: est[1][1]={0} aux[1][1]={}
INFO: 20:57:25.538861 self-stabilizing-binary-consensus.go:431: RECEIVE j=3 flag=0 r=1 est={1} aux={}
INFO: 20:57:25.538882 self-stabilizing-binary-consensus.go:433: est[1][3]={1} aux[1][3]={}
INFO: 20:57:25.538991 self-stabilizing-binary-consensus.go:431: RECEIVE j=1 flag=0 r=1 est={0} aux={}
INFO: 20:57:25.539082 self-stabilizing-binary-consensus.go:433: est[1][1]={0} aux[1][1]={}
INFO: 20:57:25.539112 self-stabilizing-binary-consensus.go:431: RECEIVE j=3 flag=0 r=1 est={1} aux={}
INFO: 20:57:25.539134 self-stabilizing-binary-consensus.go:433: est[1][3]={1} aux[1][3]={}
INFO: 20:57:25.539156 self-stabilizing-binary-consensus.go:431: RECEIVE j=1 flag=0 r=1 est={0} aux={}
INFO: 20:57:25.539183 self-stabilizing-binary-consensus.go:433: est[1][1]={0} aux[1][1]={}
INFO: 20:57:25.539205 self-stabilizing-binary-consensus.go:431: RECEIVE j=0 flag=0 r=1 est={0} aux={}
INFO: 20:57:25.539226 self-stabilizing-binary-consensus.go:433: est[1][0]={0} aux[1][0]={}
INFO: 20:57:25.539247 self-stabilizing-binary-consensus.go:431: RECEIVE j=0 flag=0 r=1 est={0} aux={}
INFO: 20:57:25.539268 self-stabilizing-binary-consensus.go:433: est[1][0]={0} aux[1][0]={}
INFO: 20:57:25.539289 self-stabilizing-binary-consensus.go:431: RECEIVE j=3 flag=0 r=1 est={1} aux={}
INFO: 20:57:25.539310 self-stabilizing-binary-consensus.go:433: est[1][3]={1} aux[1][3]={}
INFO: 20:57:26.361891 self-stabilizing-binary-consensus.go:431: RECEIVE j=0 flag=1 r=1 est={0 1} aux={}
INFO: 20:57:26.361920 self-stabilizing-binary-consensus.go:433: est[1][0]={0 1} aux[1][0]={}
INFO: 20:57:26.363686 self-stabilizing-binary-consensus.go:441: SEND flag=0 r=1 est={1} aux={}
INFO: 20:57:26.365171 self-stabilizing-binary-consensus.go:431: RECEIVE j=3 flag=0 r=1 est={1} aux={}
INFO: 20:57:26.365494 self-stabilizing-binary-consensus.go:433: est[1][3]={1} aux[1][3]={}
INFO: 20:57:26.365574 self-stabilizing-binary-consensus.go:200: binValues(1,3)={}
INFO: 20:57:26.365621 self-stabilizing-binary-consensus.go:225: infoResults()={}
INFO: 20:57:26.365981 self-stabilizing-binary-consensus.go:93: round=1 repeat=2
INFO: 20:57:26.366008 self-stabilizing-binary-consensus.go:200: binValues(1,3)={}
INFO: 20:57:26.366041 self-stabilizing-binary-consensus.go:200: binValues(1,2)={0 1}
INFO: 20:57:26.367463 self-stabilizing-binary-consensus.go:431: RECEIVE j=3 flag=1 r=1 est={0 1} aux={}
INFO: 20:57:26.367519 self-stabilizing-binary-consensus.go:433: est[1][3]={0 1} aux[1][3]={}
INFO: 20:57:26.369803 self-stabilizing-binary-consensus.go:441: SEND flag=0 r=1 est={1} aux={}
INFO: 20:57:26.370904 self-stabilizing-binary-consensus.go:431: RECEIVE j=1 flag=0 r=1 est={0} aux={}
INFO: 20:57:26.371230 self-stabilizing-binary-consensus.go:433: est[1][1]={0} aux[1][1]={}
INFO: 20:57:26.371734 self-stabilizing-binary-consensus.go:431: RECEIVE j=1 flag=0 r=1 est={0} aux={}
INFO: 20:57:26.371806 self-stabilizing-binary-consensus.go:433: est[1][1]={0} aux[1][1]={}
INFO: 20:57:26.372624 self-stabilizing-binary-consensus.go:431: RECEIVE j=0 flag=0 r=1 est={0} aux={}
INFO: 20:57:26.372669 self-stabilizing-binary-consensus.go:433: est[1][0]={0 1} aux[1][0]={}
INFO: 20:57:26.376878 self-stabilizing-binary-consensus.go:431: RECEIVE j=3 flag=0 r=1 est={1} aux={}
INFO: 20:57:26.377060 self-stabilizing-binary-consensus.go:433: est[1][3]={0 1} aux[1][3]={}
INFO: 20:57:26.377285 self-stabilizing-binary-consensus.go:431: RECEIVE j=0 flag=0 r=1 est={0} aux={}
INFO: 20:57:26.377341 self-stabilizing-binary-consensus.go:433: est[1][0]={0 1} aux[1][0]={}
INFO: 20:57:26.377301 self-stabilizing-binary-consensus.go:141: SEND flag=1 r=1 est={0 1} aux={}
INFO: 20:57:26.377751 self-stabilizing-binary-consensus.go:431: RECEIVE j=1 flag=1 r=1 est={0 1} aux={1}
INFO: 20:57:26.377869 self-stabilizing-binary-consensus.go:433: est[1][1]={0 1} aux[1][1]={1}
INFO: 20:57:26.384921 self-stabilizing-binary-consensus.go:441: SEND flag=0 r=1 est={1} aux={}
INFO: 20:57:26.384967 self-stabilizing-binary-consensus.go:431: RECEIVE j=3 flag=0 r=1 est={1} aux={}
INFO: 20:57:26.385062 self-stabilizing-binary-consensus.go:433: est[1][3]={0 1} aux[1][3]={}
INFO: 20:57:26.385113 self-stabilizing-binary-consensus.go:431: RECEIVE j=1 flag=0 r=1 est={0} aux={1}
INFO: 20:57:26.385172 self-stabilizing-binary-consensus.go:433: est[1][1]={0 1} aux[1][1]={1}
INFO: 20:57:26.385214 self-stabilizing-binary-consensus.go:431: RECEIVE j=0 flag=0 r=1 est={0} aux={}
INFO: 20:57:26.385242 self-stabilizing-binary-consensus.go:433: est[1][0]={0 1} aux[1][0]={}
INFO: 20:57:27.369123 self-stabilizing-binary-consensus.go:431: RECEIVE j=0 flag=1 r=1 est={0 1} aux={0}
INFO: 20:57:27.369839 self-stabilizing-binary-consensus.go:433: est[1][0]={0 1} aux[1][0]={0}
INFO: 20:57:27.378211 self-stabilizing-binary-consensus.go:200: binValues(1,3)={0 1}
INFO: 20:57:27.378238 self-stabilizing-binary-consensus.go:225: infoResults()={}
INFO: 20:57:27.378245 self-stabilizing-binary-consensus.go:93: round=1 repeat=3
INFO: 20:57:27.378250 self-stabilizing-binary-consensus.go:200: binValues(1,3)={0 1}
INFO: 20:57:27.378254 self-stabilizing-binary-consensus.go:132: aux[1][2]=0
INFO: 20:57:27.378260 self-stabilizing-binary-consensus.go:200: binValues(1,2)={0 1}
INFO: 20:57:27.379021 self-stabilizing-binary-consensus.go:441: SEND flag=0 r=1 est={1} aux={0}
INFO: 20:57:27.379059 self-stabilizing-binary-consensus.go:431: RECEIVE j=3 flag=1 r=1 est={0 1} aux={0}
INFO: 20:57:27.379078 self-stabilizing-binary-consensus.go:433: est[1][3]={0 1} aux[1][3]={0}
INFO: 20:57:27.383113 self-stabilizing-binary-consensus.go:141: SEND flag=1 r=1 est={0 1} aux={0}
INFO: 20:57:27.386809 self-stabilizing-binary-consensus.go:441: SEND flag=0 r=1 est={1} aux={0}
INFO: 20:57:27.387975 self-stabilizing-binary-consensus.go:431: RECEIVE j=1 flag=0 r=1 est={0} aux={1}
INFO: 20:57:27.387999 self-stabilizing-binary-consensus.go:433: est[1][1]={0 1} aux[1][1]={1}
INFO: 20:57:27.388009 self-stabilizing-binary-consensus.go:431: RECEIVE j=0 flag=0 r=1 est={0} aux={0}
INFO: 20:57:27.388014 self-stabilizing-binary-consensus.go:433: est[1][0]={0 1} aux[1][0]={0}
INFO: 20:57:27.388019 self-stabilizing-binary-consensus.go:431: RECEIVE j=1 flag=0 r=1 est={0} aux={1}
INFO: 20:57:27.388057 self-stabilizing-binary-consensus.go:433: est[1][1]={0 1} aux[1][1]={1}
INFO: 20:57:27.388086 self-stabilizing-binary-consensus.go:431: RECEIVE j=3 flag=0 r=1 est={1} aux={0}
INFO: 20:57:27.388094 self-stabilizing-binary-consensus.go:433: est[1][3]={0 1} aux[1][3]={0}
INFO: 20:57:27.388112 self-stabilizing-binary-consensus.go:431: RECEIVE j=1 flag=1 r=1 est={0 1} aux={1}
INFO: 20:57:27.388120 self-stabilizing-binary-consensus.go:433: est[1][1]={0 1} aux[1][1]={1}
INFO: 20:57:27.390847 self-stabilizing-binary-consensus.go:441: SEND flag=0 r=1 est={1} aux={0}
INFO: 20:57:27.390883 self-stabilizing-binary-consensus.go:431: RECEIVE j=0 flag=0 r=1 est={0} aux={0}
INFO: 20:57:27.390892 self-stabilizing-binary-consensus.go:433: est[1][0]={0 1} aux[1][0]={0}
INFO: 20:57:27.390898 self-stabilizing-binary-consensus.go:431: RECEIVE j=3 flag=0 r=1 est={1} aux={0}
INFO: 20:57:27.390903 self-stabilizing-binary-consensus.go:433: est[1][3]={0 1} aux[1][3]={0}
INFO: 20:57:27.390908 self-stabilizing-binary-consensus.go:431: RECEIVE j=1 flag=0 r=1 est={0} aux={1}
INFO: 20:57:27.390913 self-stabilizing-binary-consensus.go:433: est[1][1]={0 1} aux[1][1]={1}
INFO: 20:57:27.390921 self-stabilizing-binary-consensus.go:431: RECEIVE j=3 flag=0 r=1 est={1} aux={0}
INFO: 20:57:27.390926 self-stabilizing-binary-consensus.go:433: est[1][3]={0 1} aux[1][3]={0}
INFO: 20:57:27.390932 self-stabilizing-binary-consensus.go:431: RECEIVE j=0 flag=0 r=1 est={0} aux={0}
INFO: 20:57:27.390938 self-stabilizing-binary-consensus.go:433: est[1][0]={0 1} aux[1][0]={0}
INFO: 20:57:28.383445 self-stabilizing-binary-consensus.go:200: binValues(1,3)={0 1}
INFO: 20:57:28.384832 self-stabilizing-binary-consensus.go:225: infoResults()={0}
INFO: 20:57:28.385959 self-stabilizing-binary-consensus.go:200: binValues(1,3)={0 1}
INFO: 20:57:28.385972 self-stabilizing-binary-consensus.go:225: infoResults()={0}
INFO: 20:57:28.385992 self-stabilizing-binary-consensus.go:256: randomBit(1)=0
INFO: 20:57:28.386001 self-stabilizing-binary-consensus.go:249: decision=0
INFO: 20:57:28.386041 self-stabilizing-binary-consensus.go:200: binValues(11,2)={}
INFO: 20:57:28.386078 self-stabilizing-binary-consensus.go:93: round=11 repeat=1
INFO: 20:57:28.386092 self-stabilizing-binary-consensus.go:200: binValues(11,3)={}
INFO: 20:57:28.386099 self-stabilizing-binary-consensus.go:200: binValues(11,2)={}
INFO: 20:57:28.386345 self-stabilizing-binary-consensus.go:431: RECEIVE j=0 flag=1 r=11 est={0} aux={0}
INFO: 20:57:28.386405 self-stabilizing-binary-consensus.go:433: est[11][0]={0} aux[11][0]={0}
INFO: 20:57:28.389619 self-stabilizing-binary-consensus.go:441: SEND flag=0 r=11 est={0} aux={0}
INFO: 20:57:28.391479 self-stabilizing-binary-consensus.go:431: RECEIVE j=3 flag=1 r=11 est={0} aux={0}
INFO: 20:57:28.391547 self-stabilizing-binary-consensus.go:433: est[11][3]={0} aux[11][3]={0}
INFO: 20:57:28.397034 self-stabilizing-binary-consensus.go:441: SEND flag=0 r=11 est={0} aux={0}
INFO: 20:57:28.397144 self-stabilizing-binary-consensus.go:431: RECEIVE j=3 flag=0 r=11 est={0} aux={0}
INFO: 20:57:28.397156 self-stabilizing-binary-consensus.go:433: est[11][3]={0} aux[11][3]={0}
INFO: 20:57:28.397162 self-stabilizing-binary-consensus.go:431: RECEIVE j=1 flag=0 r=11 est={0} aux={0}
INFO: 20:57:28.397167 self-stabilizing-binary-consensus.go:433: est[11][1]={0} aux[11][1]={0}
INFO: 20:57:28.397173 self-stabilizing-binary-consensus.go:431: RECEIVE j=1 flag=0 r=11 est={0} aux={0}
INFO: 20:57:28.397177 self-stabilizing-binary-consensus.go:433: est[11][1]={0} aux[11][1]={0}
INFO: 20:57:28.398620 self-stabilizing-binary-consensus.go:431: RECEIVE j=0 flag=0 r=11 est={0} aux={0}
INFO: 20:57:28.399192 self-stabilizing-binary-consensus.go:433: est[11][0]={0} aux[11][0]={0}
INFO: 20:57:28.400151 self-stabilizing-binary-consensus.go:431: RECEIVE j=1 flag=1 r=11 est={0} aux={0}
INFO: 20:57:28.400260 self-stabilizing-binary-consensus.go:433: est[11][1]={0} aux[11][1]={0}
INFO: 20:57:28.401224 self-stabilizing-binary-consensus.go:141: SEND flag=1 r=11 est={0} aux={0}
INFO: 20:57:28.403307 self-stabilizing-binary-consensus.go:441: SEND flag=0 r=11 est={0} aux={0}
INFO: 20:57:28.403357 self-stabilizing-binary-consensus.go:431: RECEIVE j=3 flag=0 r=11 est={0} aux={0}
INFO: 20:57:28.403434 self-stabilizing-binary-consensus.go:433: est[11][3]={0} aux[11][3]={0}
INFO: 20:57:28.404076 self-stabilizing-binary-consensus.go:431: RECEIVE j=3 flag=0 r=11 est={0} aux={0}
INFO: 20:57:28.404370 self-stabilizing-binary-consensus.go:433: est[11][3]={0} aux[11][3]={0}
INFO: 20:57:28.407492 self-stabilizing-binary-consensus.go:431: RECEIVE j=1 flag=0 r=11 est={0} aux={0}
INFO: 20:57:28.407525 self-stabilizing-binary-consensus.go:433: est[11][1]={0} aux[11][1]={0}
INFO: 20:57:28.410859 self-stabilizing-binary-consensus.go:431: RECEIVE j=0 flag=0 r=11 est={0} aux={0}
INFO: 20:57:28.410999 self-stabilizing-binary-consensus.go:433: est[11][0]={0} aux[11][0]={0}
INFO: 20:57:28.414645 self-stabilizing-binary-consensus.go:431: RECEIVE j=0 flag=0 r=11 est={0} aux={0}
INFO: 20:57:28.414692 self-stabilizing-binary-consensus.go:433: est[11][0]={0} aux[11][0]={0}
INFO: 20:57:29.377634 self-stabilizing-binary-consensus.go:431: RECEIVE j=3 flag=1 r=11 est={0} aux={0}
INFO: 20:57:29.377706 self-stabilizing-binary-consensus.go:433: est[11][3]={0} aux[11][3]={0}
INFO: 20:57:29.380419 self-stabilizing-binary-consensus.go:441: SEND flag=0 r=11 est={0} aux={0}
INFO: 20:57:29.384399 self-stabilizing-binary-consensus.go:431: RECEIVE j=1 flag=0 r=11 est={0} aux={0}
INFO: 20:57:29.384464 self-stabilizing-binary-consensus.go:433: est[11][1]={0} aux[11][1]={0}
INFO: 20:57:29.389361 self-stabilizing-binary-consensus.go:431: RECEIVE j=0 flag=1 r=11 est={0} aux={0}
INFO: 20:57:29.391338 self-stabilizing-binary-consensus.go:433: est[11][0]={0} aux[11][0]={0}
INFO: 20:57:29.395761 self-stabilizing-binary-consensus.go:441: SEND flag=0 r=11 est={0} aux={0}
INFO: 20:57:29.395835 self-stabilizing-binary-consensus.go:431: RECEIVE j=3 flag=0 r=11 est={0} aux={0}
INFO: 20:57:29.395865 self-stabilizing-binary-consensus.go:433: est[11][3]={0} aux[11][3]={0}
INFO: 20:57:29.395879 self-stabilizing-binary-consensus.go:431: RECEIVE j=0 flag=0 r=11 est={0} aux={0}
INFO: 20:57:29.395966 self-stabilizing-binary-consensus.go:433: est[11][0]={0} aux[11][0]={0}
INFO: 20:57:29.398134 self-stabilizing-binary-consensus.go:431: RECEIVE j=1 flag=0 r=11 est={0} aux={0}
INFO: 20:57:29.398359 self-stabilizing-binary-consensus.go:433: est[11][1]={0} aux[11][1]={0}
INFO: 20:57:29.400427 self-stabilizing-binary-consensus.go:431: RECEIVE j=1 flag=1 r=11 est={0} aux={0}
INFO: 20:57:29.400643 self-stabilizing-binary-consensus.go:433: est[11][1]={0} aux[11][1]={0}
INFO: 20:57:29.402528 self-stabilizing-binary-consensus.go:200: binValues(11,3)={0}
INFO: 20:57:29.402555 self-stabilizing-binary-consensus.go:225: infoResults()={0}
INFO: 20:57:29.402565 self-stabilizing-binary-consensus.go:200: binValues(11,3)={0}
INFO: 20:57:29.402569 self-stabilizing-binary-consensus.go:225: infoResults()={0}
INFO: 20:57:29.402574 self-stabilizing-binary-consensus.go:256: randomBit(11)=0
INFO: 20:57:29.402579 self-stabilizing-binary-consensus.go:249: decision=0
INFO: 20:57:29.402622 self-stabilizing-binary-consensus.go:200: binValues(11,2)={0}
INFO: 20:57:29.402643 self-stabilizing-binary-consensus.go:249: decision=0
INFO: 20:57:29.402664 self-stabilizing-binary-consensus.go:93: round=11 repeat=1
INFO: 20:57:29.402671 self-stabilizing-binary-consensus.go:200: binValues(11,3)={0}
INFO: 20:57:29.402683 self-stabilizing-binary-consensus.go:200: binValues(11,2)={0}
INFO: 20:57:29.404499 self-stabilizing-binary-consensus.go:141: SEND flag=1 r=11 est={0} aux={0}
INFO: 20:57:29.411769 self-stabilizing-binary-consensus.go:441: SEND flag=0 r=11 est={0} aux={0}
INFO: 20:57:29.414263 self-stabilizing-binary-consensus.go:431: RECEIVE j=1 flag=0 r=11 est={0} aux={0}
INFO: 20:57:29.416531 self-stabilizing-binary-consensus.go:433: est[11][1]={0} aux[11][1]={0}
INFO: 20:57:29.417549 self-stabilizing-binary-consensus.go:431: RECEIVE j=0 flag=0 r=11 est={0} aux={0}
INFO: 20:57:29.417621 self-stabilizing-binary-consensus.go:433: est[11][0]={0} aux[11][0]={0}
INFO: 20:57:29.417568 self-stabilizing-binary-consensus.go:431: RECEIVE j=3 flag=0 r=11 est={0} aux={0}
INFO: 20:57:29.417644 self-stabilizing-binary-consensus.go:433: est[11][3]={0} aux[11][3]={0}
INFO: 20:57:29.419259 self-stabilizing-binary-consensus.go:431: RECEIVE j=0 flag=0 r=11 est={0} aux={0}
INFO: 20:57:29.419565 self-stabilizing-binary-consensus.go:433: est[11][0]={0} aux[11][0]={0}
INFO: 20:57:29.419942 self-stabilizing-binary-consensus.go:431: RECEIVE j=3 flag=0 r=11 est={0} aux={0}
INFO: 20:57:29.419980 self-stabilizing-binary-consensus.go:433: est[11][3]={0} aux[11][3]={0}
INFO: 20:57:30.365776 self-stabilizing-multivalued-consensus.go:18: Successful decide
