INFO: 01:43:19.258653 main.go:29: ID:2 | N:4 | F:1 | Clients:1 | Scenario:NORMAL | Remote:false

INFO: 01:43:19.259684 messenger.go:90: Receive from Server 0 on tcp://*:4200
INFO: 01:43:19.259952 messenger.go:107: Send to Server 0 on tcp://localhost:4002
INFO: 01:43:19.260043 messenger.go:90: Receive from Server 1 on tcp://*:4201
INFO: 01:43:19.260109 messenger.go:107: Send to Server 1 on tcp://localhost:4102
INFO: 01:43:19.260177 messenger.go:90: Receive from Server 3 on tcp://*:4203
INFO: 01:43:19.260238 messenger.go:107: Send to Server 3 on tcp://localhost:4302
INFO: 01:43:19.260271 messenger.go:113: -----------------------------------------
INFO: 01:43:19.260328 messenger.go:135: Requests from Client 0 on tcp://*:7200
INFO: 01:43:19.260520 messenger.go:152: Response to Client 0 on tcp://*:10200
INFO: 01:43:19.260683 messenger.go:155: -----------------------------------------

INFO: 01:43:19.261919 main.go:83: Initial estimate value:  1
INFO: 01:43:19.262340 self-stabilizing-binary-consensus.go:78: Round:1
INFO: 01:43:19.262361 self-stabilizing-binary-consensus.go:118: binValues(1,3)={} w=-1
INFO: 01:43:19.262372 self-stabilizing-binary-consensus.go:129: binValues(1,2)={} w=-1
INFO: 01:43:19.264947 self-stabilizing-binary-consensus.go:133: SEND flag=1 r=1 est={1} aux={}
INFO: 01:43:19.274227 self-stabilizing-binary-consensus.go:419: RECEIVE j=1 flag=1 r=1 est={0} aux={}
INFO: 01:43:19.274295 self-stabilizing-binary-consensus.go:436: est[1][1]={0} aux[1][1]={}
INFO: 01:43:19.427085 self-stabilizing-binary-consensus.go:443: SEND flag=0 r=1 est={1} aux={}
INFO: 01:43:19.427211 self-stabilizing-binary-consensus.go:419: RECEIVE j=0 flag=1 r=1 est={0} aux={}
INFO: 01:43:19.427268 self-stabilizing-binary-consensus.go:436: est[1][0]={0} aux[1][0]={}
INFO: 01:43:19.440655 self-stabilizing-binary-consensus.go:443: SEND flag=0 r=1 est={1} aux={}
INFO: 01:43:19.444439 self-stabilizing-binary-consensus.go:419: RECEIVE j=3 flag=1 r=1 est={1} aux={}
INFO: 01:43:19.444528 self-stabilizing-binary-consensus.go:436: est[1][3]={1} aux[1][3]={}
INFO: 01:43:19.446230 self-stabilizing-binary-consensus.go:443: SEND flag=0 r=1 est={1} aux={}
INFO: 01:43:19.447046 self-stabilizing-binary-consensus.go:419: RECEIVE j=0 flag=0 r=1 est={0} aux={}
INFO: 01:43:19.447097 self-stabilizing-binary-consensus.go:436: est[1][0]={0} aux[1][0]={}
INFO: 01:43:19.447140 self-stabilizing-binary-consensus.go:419: RECEIVE j=1 flag=0 r=1 est={0} aux={}
INFO: 01:43:19.447149 self-stabilizing-binary-consensus.go:436: est[1][1]={0} aux[1][1]={}
INFO: 01:43:19.447155 self-stabilizing-binary-consensus.go:419: RECEIVE j=3 flag=0 r=1 est={1} aux={}
INFO: 01:43:19.447160 self-stabilizing-binary-consensus.go:436: est[1][3]={1} aux[1][3]={}
INFO: 01:43:19.447165 self-stabilizing-binary-consensus.go:419: RECEIVE j=1 flag=0 r=1 est={0} aux={}
INFO: 01:43:19.447204 self-stabilizing-binary-consensus.go:436: est[1][1]={0} aux[1][1]={}
INFO: 01:43:19.447227 self-stabilizing-binary-consensus.go:419: RECEIVE j=3 flag=0 r=1 est={1} aux={}
INFO: 01:43:19.447234 self-stabilizing-binary-consensus.go:436: est[1][3]={1} aux[1][3]={}
INFO: 01:43:19.447240 self-stabilizing-binary-consensus.go:419: RECEIVE j=0 flag=0 r=1 est={0} aux={}
INFO: 01:43:19.447244 self-stabilizing-binary-consensus.go:436: est[1][0]={0} aux[1][0]={}
INFO: 01:43:19.447250 self-stabilizing-binary-consensus.go:419: RECEIVE j=3 flag=0 r=1 est={1} aux={}
INFO: 01:43:19.447267 self-stabilizing-binary-consensus.go:436: est[1][3]={1} aux[1][3]={}
INFO: 01:43:19.447275 self-stabilizing-binary-consensus.go:419: RECEIVE j=1 flag=0 r=1 est={0} aux={}
INFO: 01:43:19.447280 self-stabilizing-binary-consensus.go:436: est[1][1]={0} aux[1][1]={}
INFO: 01:43:19.447285 self-stabilizing-binary-consensus.go:419: RECEIVE j=0 flag=0 r=1 est={0} aux={}
INFO: 01:43:19.447289 self-stabilizing-binary-consensus.go:436: est[1][0]={0} aux[1][0]={}
INFO: 01:43:27.258845 self-stabilizing-binary-consensus.go:419: RECEIVE j=0 flag=1 r=1 est={0 1} aux={}
INFO: 01:43:27.261330 self-stabilizing-binary-consensus.go:436: est[1][0]={0 1} aux[1][0]={}
INFO: 01:43:27.264913 self-stabilizing-binary-consensus.go:443: SEND flag=0 r=1 est={1} aux={}
INFO: 01:43:27.264967 self-stabilizing-binary-consensus.go:419: RECEIVE j=1 flag=0 r=1 est={0} aux={}
INFO: 01:43:27.264979 self-stabilizing-binary-consensus.go:436: est[1][1]={0} aux[1][1]={}
INFO: 01:43:27.265865 self-stabilizing-binary-consensus.go:118: binValues(1,3)={} w=-1
INFO: 01:43:27.266264 self-stabilizing-binary-consensus.go:129: binValues(1,2)={} w=-1
INFO: 01:43:27.266839 self-stabilizing-binary-consensus.go:419: RECEIVE j=3 flag=0 r=1 est={1} aux={}
INFO: 01:43:27.266890 self-stabilizing-binary-consensus.go:436: est[1][3]={1} aux[1][3]={}
INFO: 01:43:27.269424 self-stabilizing-binary-consensus.go:133: SEND flag=1 r=1 est={0 1} aux={}
INFO: 01:43:27.275389 self-stabilizing-binary-consensus.go:419: RECEIVE j=3 flag=0 r=1 est={1} aux={}
INFO: 01:43:27.275429 self-stabilizing-binary-consensus.go:436: est[1][3]={1} aux[1][3]={}
INFO: 01:43:27.279852 self-stabilizing-binary-consensus.go:419: RECEIVE j=0 flag=0 r=1 est={0} aux={}
INFO: 01:43:27.280369 self-stabilizing-binary-consensus.go:436: est[1][0]={0 1} aux[1][0]={}
INFO: 01:43:27.282506 self-stabilizing-binary-consensus.go:419: RECEIVE j=1 flag=0 r=1 est={0} aux={}
INFO: 01:43:27.282599 self-stabilizing-binary-consensus.go:436: est[1][1]={0} aux[1][1]={}
INFO: 01:43:27.283691 self-stabilizing-binary-consensus.go:419: RECEIVE j=1 flag=1 r=1 est={0 1} aux={1}
INFO: 01:43:27.283719 self-stabilizing-binary-consensus.go:436: est[1][1]={0 1} aux[1][1]={1}
INFO: 01:43:27.285983 self-stabilizing-binary-consensus.go:443: SEND flag=0 r=1 est={1} aux={}
INFO: 01:43:27.286682 self-stabilizing-binary-consensus.go:419: RECEIVE j=3 flag=1 r=1 est={0 1} aux={0}
INFO: 01:43:27.286739 self-stabilizing-binary-consensus.go:436: est[1][3]={0 1} aux[1][3]={0}
INFO: 01:43:27.294411 self-stabilizing-binary-consensus.go:443: SEND flag=0 r=1 est={1} aux={}
INFO: 01:43:27.294569 self-stabilizing-binary-consensus.go:419: RECEIVE j=0 flag=0 r=1 est={0} aux={}
INFO: 01:43:27.294598 self-stabilizing-binary-consensus.go:436: est[1][0]={0 1} aux[1][0]={}
INFO: 01:43:27.296372 self-stabilizing-binary-consensus.go:419: RECEIVE j=3 flag=0 r=1 est={1} aux={0}
INFO: 01:43:27.296426 self-stabilizing-binary-consensus.go:436: est[1][3]={0 1} aux[1][3]={0}
INFO: 01:43:27.298119 self-stabilizing-binary-consensus.go:419: RECEIVE j=0 flag=0 r=1 est={0} aux={}
INFO: 01:43:27.298195 self-stabilizing-binary-consensus.go:436: est[1][0]={0 1} aux[1][0]={}
INFO: 01:43:27.298371 self-stabilizing-binary-consensus.go:419: RECEIVE j=1 flag=0 r=1 est={0} aux={1}
INFO: 01:43:27.298399 self-stabilizing-binary-consensus.go:436: est[1][1]={0 1} aux[1][1]={1}
