INFO: 01:54:03.454823 main.go:29: ID:2 | N:4 | F:1 | Clients:1 | Scenario:NORMAL | Remote:false

INFO: 01:54:03.462686 messenger.go:91: Receive from Server 0 on tcp://*:4200
INFO: 01:54:03.463349 messenger.go:108: Send to Server 0 on tcp://localhost:4002
INFO: 01:54:03.463603 messenger.go:91: Receive from Server 1 on tcp://*:4201
INFO: 01:54:03.463793 messenger.go:108: Send to Server 1 on tcp://localhost:4102
INFO: 01:54:03.463844 messenger.go:91: Receive from Server 3 on tcp://*:4203
INFO: 01:54:03.464200 messenger.go:108: Send to Server 3 on tcp://localhost:4302
INFO: 01:54:03.464249 messenger.go:114: -----------------------------------------
INFO: 01:54:03.464319 messenger.go:136: Requests from Client 0 on tcp://*:7200
INFO: 01:54:03.464357 messenger.go:153: Response to Client 0 on tcp://*:10200
INFO: 01:54:03.464850 messenger.go:156: -----------------------------------------

INFO: 01:54:03.472307 main.go:83: Initial estimate value:  0
INFO: 01:54:03.475196 binary_consensus.go:23: 4.BC: bcid-1 round-1
INFO: 01:54:03.494953 binary_consensus.go:121: SEND EST 0
INFO: 01:54:03.499578 messenger.go:286: SENT BVB j=3 v=0
INFO: 01:54:03.510560 messenger.go:286: SENT BVB j=0 v=0
INFO: 01:54:03.511572 messenger.go:286: SENT BVB j=1 v=0
INFO: 01:54:03.607406 messenger.go:394: RECEIVED BVB j=3 v=1
INFO: 01:54:03.607465 binary_consensus.go:137: map[0:1 1:1]
INFO: 01:54:03.607636 messenger.go:394: RECEIVED BVB j=0 v=0
INFO: 01:54:03.607662 binary_consensus.go:137: map[0:2 1:1]
INFO: 01:54:03.616199 messenger.go:394: RECEIVED BVB j=0 v=1
INFO: 01:54:03.616250 binary_consensus.go:137: map[0:2 1:2]
INFO: 01:54:03.618895 messenger.go:286: SENT BVB j=3 v=1
INFO: 01:54:03.619209 messenger.go:286: SENT BVB j=0 v=1
INFO: 01:54:03.619474 messenger.go:286: SENT BVB j=1 v=1
INFO: 01:54:03.619660 binary_consensus.go:155: 4.BC: bin_values-[1]
INFO: 01:54:03.623568 messenger.go:286: SENT BC j=3 v=1
INFO: 01:54:03.627601 messenger.go:286: SENT BC j=0 v=1
INFO: 01:54:03.627643 messenger.go:286: SENT BC j=1 v=1
INFO: 01:54:03.628176 messenger.go:394: RECEIVED BVB j=1 v=1
INFO: 01:54:03.630968 binary_consensus.go:137: map[0:2 1:4]
INFO: 01:54:03.630639 messenger.go:394: RECEIVED BVB j=1 v=0
INFO: 01:54:03.630986 binary_consensus.go:137: map[0:3 1:4]
INFO: 01:54:03.630994 binary_consensus.go:155: 4.BC: bin_values-[1 0]
INFO: 01:54:03.632809 messenger.go:418: RECEIVED BC j=3 v=1
INFO: 01:54:03.638639 messenger.go:418: RECEIVED BC j=0 v=1
INFO: 01:54:03.638714 binary_consensus.go:77: 4.BC: vals-[1] coin-0
INFO: 01:54:03.638744 binary_consensus.go:23: 7.BC: bcid-1 round-2
INFO: 01:54:03.643713 messenger.go:418: RECEIVED BC j=1 v=0
INFO: 01:54:03.646550 binary_consensus.go:121: SEND EST 1
INFO: 01:54:03.649925 messenger.go:286: SENT BVB j=0 v=1
INFO: 01:54:03.649996 messenger.go:286: SENT BVB j=1 v=1
INFO: 01:54:03.650629 messenger.go:394: RECEIVED BVB j=0 v=1
INFO: 01:54:03.651435 binary_consensus.go:137: map[0:0 1:2]
INFO: 01:54:03.651481 messenger.go:286: SENT BVB j=3 v=1
INFO: 01:54:03.651387 messenger.go:394: RECEIVED BVB j=3 v=0
INFO: 01:54:03.651495 binary_consensus.go:137: map[0:4 1:4]
INFO: 01:54:03.655180 messenger.go:394: RECEIVED BVB j=3 v=1
INFO: 01:54:03.655211 binary_consensus.go:137: map[0:0 1:3]
INFO: 01:54:03.655220 binary_consensus.go:155: 7.BC: bin_values-[1]
INFO: 01:54:03.656998 messenger.go:394: RECEIVED BVB j=1 v=1
INFO: 01:54:03.657160 binary_consensus.go:137: map[0:0 1:4]
INFO: 01:54:03.659592 messenger.go:286: SENT BC j=3 v=1
INFO: 01:54:03.659912 messenger.go:286: SENT BC j=0 v=1
INFO: 01:54:03.660760 messenger.go:418: RECEIVED BC j=3 v=1
INFO: 01:54:03.661138 messenger.go:286: SENT BC j=1 v=1
INFO: 01:54:03.662911 messenger.go:418: RECEIVED BC j=0 v=1
INFO: 01:54:03.662957 binary_consensus.go:77: 7.BC: vals-[1] coin-1
INFO: 01:54:03.662966 binary_consensus.go:82: 7.BC: decide-1
INFO: 01:54:03.666037 messenger.go:418: RECEIVED BC j=1 v=1
