INFO: 21:01:43.744329 main.go:29: ID:2 | N:4 | F:1 | Clients:1 | Scenario:NORMAL | Remote:false

INFO: 21:01:43.744659 messenger.go:90: Receive from Server 0 on tcp://*:4200
INFO: 21:01:43.744831 messenger.go:107: Send to Server 0 on tcp://localhost:4002
INFO: 21:01:43.744917 messenger.go:90: Receive from Server 1 on tcp://*:4201
INFO: 21:01:43.744983 messenger.go:107: Send to Server 1 on tcp://localhost:4102
INFO: 21:01:43.745117 messenger.go:90: Receive from Server 3 on tcp://*:4203
INFO: 21:01:43.745214 messenger.go:107: Send to Server 3 on tcp://localhost:4302
INFO: 21:01:43.745309 messenger.go:113: -----------------------------------------
INFO: 21:01:43.745375 messenger.go:135: Requests from Client 0 on tcp://*:7200
INFO: 21:01:43.745459 messenger.go:152: Response to Client 0 on tcp://*:10200
INFO: 21:01:43.745520 messenger.go:155: -----------------------------------------

INFO: 21:01:43.749237 main.go:83: Initial estimate value:  1
INFO: 21:01:43.749359 self-stabilizing-binary-consensus.go:93: round=1 repeat=1
INFO: 21:01:43.749447 self-stabilizing-binary-consensus.go:200: binValues(1,3)={}
INFO: 21:01:43.749491 self-stabilizing-binary-consensus.go:200: binValues(1,2)={}
INFO: 21:01:43.752104 self-stabilizing-binary-consensus.go:141: SEND flag=1 r=1 est={1} aux={}
INFO: 21:01:43.752680 self-stabilizing-binary-consensus.go:431: RECEIVE j=3 flag=1 r=1 est={1} aux={}
INFO: 21:01:43.752798 self-stabilizing-binary-consensus.go:433: est[1][3]={1} aux[1][3]={}
INFO: 21:01:43.909020 self-stabilizing-binary-consensus.go:441: SEND flag=0 r=1 est={1} aux={}
INFO: 21:01:43.909115 self-stabilizing-binary-consensus.go:431: RECEIVE j=1 flag=1 r=1 est={0} aux={}
INFO: 21:01:43.909156 self-stabilizing-binary-consensus.go:433: est[1][1]={0} aux[1][1]={}
INFO: 21:01:43.911967 self-stabilizing-binary-consensus.go:441: SEND flag=0 r=1 est={1} aux={}
INFO: 21:01:43.912006 self-stabilizing-binary-consensus.go:431: RECEIVE j=0 flag=1 r=1 est={0} aux={}
INFO: 21:01:43.912016 self-stabilizing-binary-consensus.go:433: est[1][0]={0} aux[1][0]={}
INFO: 21:01:43.914400 self-stabilizing-binary-consensus.go:441: SEND flag=0 r=1 est={1} aux={}
INFO: 21:01:43.914460 self-stabilizing-binary-consensus.go:431: RECEIVE j=0 flag=0 r=1 est={0} aux={}
INFO: 21:01:43.914470 self-stabilizing-binary-consensus.go:433: est[1][0]={0} aux[1][0]={}
INFO: 21:01:43.914477 self-stabilizing-binary-consensus.go:431: RECEIVE j=1 flag=0 r=1 est={0} aux={}
INFO: 21:01:43.914482 self-stabilizing-binary-consensus.go:433: est[1][1]={0} aux[1][1]={}
INFO: 21:01:43.918845 self-stabilizing-binary-consensus.go:431: RECEIVE j=0 flag=0 r=1 est={0} aux={}
INFO: 21:01:43.918918 self-stabilizing-binary-consensus.go:433: est[1][0]={0} aux[1][0]={}
INFO: 21:01:43.919117 self-stabilizing-binary-consensus.go:431: RECEIVE j=3 flag=0 r=1 est={1} aux={}
INFO: 21:01:43.919180 self-stabilizing-binary-consensus.go:433: est[1][3]={1} aux[1][3]={}
INFO: 21:01:43.919554 self-stabilizing-binary-consensus.go:431: RECEIVE j=3 flag=0 r=1 est={1} aux={}
INFO: 21:01:43.919614 self-stabilizing-binary-consensus.go:433: est[1][3]={1} aux[1][3]={}
INFO: 21:01:43.922332 self-stabilizing-binary-consensus.go:431: RECEIVE j=3 flag=0 r=1 est={1} aux={}
INFO: 21:01:43.922462 self-stabilizing-binary-consensus.go:433: est[1][3]={1} aux[1][3]={}
INFO: 21:01:43.923406 self-stabilizing-binary-consensus.go:431: RECEIVE j=1 flag=0 r=1 est={0} aux={}
INFO: 21:01:43.923683 self-stabilizing-binary-consensus.go:433: est[1][1]={0} aux[1][1]={}
INFO: 21:01:43.926289 self-stabilizing-binary-consensus.go:431: RECEIVE j=0 flag=0 r=1 est={0} aux={}
INFO: 21:01:43.926383 self-stabilizing-binary-consensus.go:433: est[1][0]={0} aux[1][0]={}
INFO: 21:01:43.927565 self-stabilizing-binary-consensus.go:431: RECEIVE j=1 flag=0 r=1 est={0} aux={}
INFO: 21:01:43.927718 self-stabilizing-binary-consensus.go:433: est[1][1]={0} aux[1][1]={}
INFO: 21:01:44.749206 self-stabilizing-binary-consensus.go:431: RECEIVE j=0 flag=1 r=1 est={0 1} aux={}
INFO: 21:01:44.749344 self-stabilizing-binary-consensus.go:433: est[1][0]={0 1} aux[1][0]={}
INFO: 21:01:44.752304 self-stabilizing-binary-consensus.go:441: SEND flag=0 r=1 est={1} aux={}
INFO: 21:01:44.752385 self-stabilizing-binary-consensus.go:431: RECEIVE j=1 flag=0 r=1 est={0} aux={}
INFO: 21:01:44.752396 self-stabilizing-binary-consensus.go:433: est[1][1]={0} aux[1][1]={}
INFO: 21:01:44.752403 self-stabilizing-binary-consensus.go:200: binValues(1,3)={}
INFO: 21:01:44.752408 self-stabilizing-binary-consensus.go:225: infoResults()={}
INFO: 21:01:44.752458 self-stabilizing-binary-consensus.go:93: round=1 repeat=2
INFO: 21:01:44.752467 self-stabilizing-binary-consensus.go:200: binValues(1,3)={}
INFO: 21:01:44.752471 self-stabilizing-binary-consensus.go:200: binValues(1,2)={0 1}
INFO: 21:01:44.752634 self-stabilizing-binary-consensus.go:431: RECEIVE j=3 flag=0 r=1 est={1} aux={}
INFO: 21:01:44.752669 self-stabilizing-binary-consensus.go:433: est[1][3]={1} aux[1][3]={}
INFO: 21:01:44.755173 self-stabilizing-binary-consensus.go:431: RECEIVE j=3 flag=1 r=1 est={0 1} aux={}
INFO: 21:01:44.755347 self-stabilizing-binary-consensus.go:433: est[1][3]={0 1} aux[1][3]={}
INFO: 21:01:44.755356 self-stabilizing-binary-consensus.go:141: SEND flag=1 r=1 est={0 1} aux={}
INFO: 21:01:44.761349 self-stabilizing-binary-consensus.go:441: SEND flag=0 r=1 est={1} aux={}
INFO: 21:01:44.761376 self-stabilizing-binary-consensus.go:431: RECEIVE j=1 flag=1 r=1 est={0 1} aux={1}
INFO: 21:01:44.761390 self-stabilizing-binary-consensus.go:433: est[1][1]={0 1} aux[1][1]={1}
INFO: 21:01:44.765786 self-stabilizing-binary-consensus.go:441: SEND flag=0 r=1 est={1} aux={}
INFO: 21:01:44.765820 self-stabilizing-binary-consensus.go:431: RECEIVE j=0 flag=0 r=1 est={0} aux={}
INFO: 21:01:44.765829 self-stabilizing-binary-consensus.go:433: est[1][0]={0 1} aux[1][0]={}
INFO: 21:01:44.766032 self-stabilizing-binary-consensus.go:431: RECEIVE j=1 flag=0 r=1 est={0} aux={1}
INFO: 21:01:44.766064 self-stabilizing-binary-consensus.go:433: est[1][1]={0 1} aux[1][1]={1}
INFO: 21:01:44.767710 self-stabilizing-binary-consensus.go:431: RECEIVE j=0 flag=0 r=1 est={0} aux={}
INFO: 21:01:44.767761 self-stabilizing-binary-consensus.go:433: est[1][0]={0 1} aux[1][0]={}
INFO: 21:01:44.769382 self-stabilizing-binary-consensus.go:431: RECEIVE j=3 flag=0 r=1 est={1} aux={}
INFO: 21:01:44.769433 self-stabilizing-binary-consensus.go:433: est[1][3]={0 1} aux[1][3]={}
INFO: 21:01:44.770466 self-stabilizing-binary-consensus.go:431: RECEIVE j=0 flag=0 r=1 est={0} aux={}
INFO: 21:01:44.770539 self-stabilizing-binary-consensus.go:433: est[1][0]={0 1} aux[1][0]={}
INFO: 21:01:44.771806 self-stabilizing-binary-consensus.go:431: RECEIVE j=1 flag=0 r=1 est={0} aux={1}
INFO: 21:01:44.771952 self-stabilizing-binary-consensus.go:433: est[1][1]={0 1} aux[1][1]={1}
INFO: 21:01:44.774204 self-stabilizing-binary-consensus.go:431: RECEIVE j=3 flag=0 r=1 est={1} aux={}
INFO: 21:01:44.774257 self-stabilizing-binary-consensus.go:433: est[1][3]={0 1} aux[1][3]={}
INFO: 21:01:45.756268 self-stabilizing-binary-consensus.go:431: RECEIVE j=1 flag=0 r=1 est={0} aux={1}
INFO: 21:01:45.756536 self-stabilizing-binary-consensus.go:433: est[1][1]={0 1} aux[1][1]={1}
INFO: 21:01:45.756344 self-stabilizing-binary-consensus.go:200: binValues(1,3)={0 1}
INFO: 21:01:45.756554 self-stabilizing-binary-consensus.go:225: infoResults()={}
INFO: 21:01:45.756559 self-stabilizing-binary-consensus.go:93: round=1 repeat=3
INFO: 21:01:45.756584 self-stabilizing-binary-consensus.go:200: binValues(1,3)={0 1}
INFO: 21:01:45.756591 self-stabilizing-binary-consensus.go:132: aux[1][2]=0
INFO: 21:01:45.756597 self-stabilizing-binary-consensus.go:200: binValues(1,2)={0 1}
INFO: 21:01:45.757330 self-stabilizing-binary-consensus.go:431: RECEIVE j=0 flag=1 r=1 est={0 1} aux={0}
INFO: 21:01:45.757394 self-stabilizing-binary-consensus.go:433: est[1][0]={0 1} aux[1][0]={0}
INFO: 21:01:45.758421 self-stabilizing-binary-consensus.go:141: SEND flag=1 r=1 est={0 1} aux={0}
INFO: 21:01:45.765603 self-stabilizing-binary-consensus.go:441: SEND flag=0 r=1 est={1} aux={0}
INFO: 21:01:45.767636 self-stabilizing-binary-consensus.go:431: RECEIVE j=3 flag=0 r=1 est={1} aux={}
INFO: 21:01:45.767700 self-stabilizing-binary-consensus.go:433: est[1][3]={0 1} aux[1][3]={}
INFO: 21:01:45.767711 self-stabilizing-binary-consensus.go:431: RECEIVE j=3 flag=1 r=1 est={0 1} aux={0}
INFO: 21:01:45.767717 self-stabilizing-binary-consensus.go:433: est[1][3]={0 1} aux[1][3]={0}
INFO: 21:01:45.769523 self-stabilizing-binary-consensus.go:441: SEND flag=0 r=1 est={1} aux={0}
INFO: 21:01:45.769587 self-stabilizing-binary-consensus.go:431: RECEIVE j=0 flag=0 r=1 est={0} aux={0}
INFO: 21:01:45.769596 self-stabilizing-binary-consensus.go:433: est[1][0]={0 1} aux[1][0]={0}
INFO: 21:01:45.769602 self-stabilizing-binary-consensus.go:431: RECEIVE j=1 flag=1 r=1 est={0 1} aux={1}
INFO: 21:01:45.769607 self-stabilizing-binary-consensus.go:433: est[1][1]={0 1} aux[1][1]={1}
INFO: 21:01:45.775143 self-stabilizing-binary-consensus.go:441: SEND flag=0 r=1 est={1} aux={0}
INFO: 21:01:45.775375 self-stabilizing-binary-consensus.go:431: RECEIVE j=3 flag=0 r=1 est={1} aux={0}
INFO: 21:01:45.775971 self-stabilizing-binary-consensus.go:433: est[1][3]={0 1} aux[1][3]={0}
INFO: 21:01:45.776001 self-stabilizing-binary-consensus.go:431: RECEIVE j=3 flag=0 r=1 est={1} aux={0}
INFO: 21:01:45.776010 self-stabilizing-binary-consensus.go:433: est[1][3]={0 1} aux[1][3]={0}
INFO: 21:01:45.776780 self-stabilizing-binary-consensus.go:431: RECEIVE j=1 flag=0 r=1 est={0} aux={1}
INFO: 21:01:45.776810 self-stabilizing-binary-consensus.go:433: est[1][1]={0 1} aux[1][1]={1}
INFO: 21:01:45.777130 self-stabilizing-binary-consensus.go:431: RECEIVE j=0 flag=0 r=1 est={0} aux={0}
INFO: 21:01:45.777349 self-stabilizing-binary-consensus.go:433: est[1][0]={0 1} aux[1][0]={0}
INFO: 21:01:45.777752 self-stabilizing-binary-consensus.go:431: RECEIVE j=1 flag=0 r=1 est={0} aux={1}
INFO: 21:01:45.777836 self-stabilizing-binary-consensus.go:433: est[1][1]={0 1} aux[1][1]={1}
INFO: 21:01:45.779360 self-stabilizing-binary-consensus.go:431: RECEIVE j=0 flag=0 r=1 est={0} aux={0}
INFO: 21:01:45.779493 self-stabilizing-binary-consensus.go:433: est[1][0]={0 1} aux[1][0]={0}
INFO: 21:01:46.759517 self-stabilizing-binary-consensus.go:200: binValues(1,3)={0 1}
INFO: 21:01:46.759589 self-stabilizing-binary-consensus.go:225: infoResults()={0}
INFO: 21:01:46.759612 self-stabilizing-binary-consensus.go:200: binValues(1,3)={0 1}
INFO: 21:01:46.759630 self-stabilizing-binary-consensus.go:225: infoResults()={0}
INFO: 21:01:46.759693 self-stabilizing-binary-consensus.go:256: randomBit(1)=0
INFO: 21:01:46.759743 self-stabilizing-binary-consensus.go:249: decision=0
INFO: 21:01:46.759790 self-stabilizing-binary-consensus.go:200: binValues(11,2)={}
INFO: 21:01:46.759821 self-stabilizing-binary-consensus.go:93: round=11 repeat=1
INFO: 21:01:46.759840 self-stabilizing-binary-consensus.go:200: binValues(11,3)={}
INFO: 21:01:46.759858 self-stabilizing-binary-consensus.go:200: binValues(11,2)={}
INFO: 21:01:46.759914 self-stabilizing-binary-consensus.go:431: RECEIVE j=0 flag=1 r=11 est={0} aux={0}
INFO: 21:01:46.759978 self-stabilizing-binary-consensus.go:433: est[11][0]={0} aux[11][0]={0}
INFO: 21:01:46.762844 self-stabilizing-binary-consensus.go:441: SEND flag=0 r=11 est={0} aux={0}
INFO: 21:01:46.766928 self-stabilizing-binary-consensus.go:431: RECEIVE j=3 flag=1 r=11 est={0} aux={0}
INFO: 21:01:46.767254 self-stabilizing-binary-consensus.go:433: est[11][3]={0} aux[11][3]={0}
INFO: 21:01:46.773359 self-stabilizing-binary-consensus.go:141: SEND flag=1 r=11 est={0} aux={0}
INFO: 21:01:46.789479 self-stabilizing-binary-consensus.go:441: SEND flag=0 r=11 est={0} aux={0}
INFO: 21:01:46.789560 self-stabilizing-binary-consensus.go:431: RECEIVE j=0 flag=0 r=11 est={0} aux={0}
INFO: 21:01:46.789587 self-stabilizing-binary-consensus.go:433: est[11][0]={0} aux[11][0]={0}
INFO: 21:01:46.789599 self-stabilizing-binary-consensus.go:431: RECEIVE j=3 flag=0 r=11 est={0} aux={0}
INFO: 21:01:46.789606 self-stabilizing-binary-consensus.go:433: est[11][3]={0} aux[11][3]={0}
INFO: 21:01:46.789612 self-stabilizing-binary-consensus.go:431: RECEIVE j=0 flag=0 r=11 est={0} aux={0}
INFO: 21:01:46.789617 self-stabilizing-binary-consensus.go:433: est[11][0]={0} aux[11][0]={0}
INFO: 21:01:46.789645 self-stabilizing-binary-consensus.go:431: RECEIVE j=1 flag=1 r=11 est={0} aux={0}
INFO: 21:01:46.789653 self-stabilizing-binary-consensus.go:433: est[11][1]={0} aux[11][1]={0}
INFO: 21:01:46.793922 self-stabilizing-binary-consensus.go:441: SEND flag=0 r=11 est={0} aux={0}
INFO: 21:01:46.793946 self-stabilizing-binary-consensus.go:431: RECEIVE j=1 flag=0 r=11 est={0} aux={0}
INFO: 21:01:46.793953 self-stabilizing-binary-consensus.go:433: est[11][1]={0} aux[11][1]={0}
INFO: 21:01:46.793960 self-stabilizing-binary-consensus.go:431: RECEIVE j=3 flag=0 r=11 est={0} aux={0}
INFO: 21:01:46.793964 self-stabilizing-binary-consensus.go:433: est[11][3]={0} aux[11][3]={0}
INFO: 21:01:46.793970 self-stabilizing-binary-consensus.go:431: RECEIVE j=0 flag=0 r=11 est={0} aux={0}
INFO: 21:01:46.793974 self-stabilizing-binary-consensus.go:433: est[11][0]={0} aux[11][0]={0}
INFO: 21:01:46.793980 self-stabilizing-binary-consensus.go:431: RECEIVE j=3 flag=0 r=11 est={0} aux={0}
INFO: 21:01:46.793984 self-stabilizing-binary-consensus.go:433: est[11][3]={0} aux[11][3]={0}
INFO: 21:01:46.795034 self-stabilizing-binary-consensus.go:431: RECEIVE j=1 flag=0 r=11 est={0} aux={0}
INFO: 21:01:46.795061 self-stabilizing-binary-consensus.go:433: est[11][1]={0} aux[11][1]={0}
INFO: 21:01:46.799495 self-stabilizing-binary-consensus.go:431: RECEIVE j=1 flag=0 r=11 est={0} aux={0}
INFO: 21:01:46.799542 self-stabilizing-binary-consensus.go:433: est[11][1]={0} aux[11][1]={0}
INFO: 21:01:47.762715 self-stabilizing-binary-consensus.go:431: RECEIVE j=0 flag=1 r=11 est={0} aux={0}
INFO: 21:01:47.764774 self-stabilizing-binary-consensus.go:433: est[11][0]={0} aux[11][0]={0}
INFO: 21:01:47.766555 self-stabilizing-binary-consensus.go:441: SEND flag=0 r=11 est={0} aux={0}
INFO: 21:01:47.768269 self-stabilizing-binary-consensus.go:431: RECEIVE j=1 flag=0 r=11 est={0} aux={0}
INFO: 21:01:47.768355 self-stabilizing-binary-consensus.go:433: est[11][1]={0} aux[11][1]={0}
INFO: 21:01:47.768606 self-stabilizing-binary-consensus.go:431: RECEIVE j=3 flag=0 r=11 est={0} aux={0}
INFO: 21:01:47.768623 self-stabilizing-binary-consensus.go:433: est[11][3]={0} aux[11][3]={0}
INFO: 21:01:47.774544 self-stabilizing-binary-consensus.go:200: binValues(11,3)={0}
INFO: 21:01:47.774642 self-stabilizing-binary-consensus.go:225: infoResults()={0}
INFO: 21:01:47.775022 self-stabilizing-binary-consensus.go:200: binValues(11,3)={0}
INFO: 21:01:47.775062 self-stabilizing-binary-consensus.go:225: infoResults()={0}
INFO: 21:01:47.775088 self-stabilizing-binary-consensus.go:256: randomBit(11)=0
INFO: 21:01:47.774675 self-stabilizing-binary-consensus.go:431: RECEIVE j=3 flag=1 r=11 est={0} aux={0}
INFO: 21:01:47.775234 self-stabilizing-binary-consensus.go:433: est[11][3]={0} aux[11][3]={0}
INFO: 21:01:47.775113 self-stabilizing-binary-consensus.go:249: decision=0
INFO: 21:01:47.777431 self-stabilizing-binary-consensus.go:200: binValues(11,2)={0}
INFO: 21:01:47.777456 self-stabilizing-binary-consensus.go:249: decision=0
INFO: 21:01:47.777510 self-stabilizing-binary-consensus.go:93: round=11 repeat=1
INFO: 21:01:47.777530 self-stabilizing-binary-consensus.go:200: binValues(11,3)={0}
INFO: 21:01:47.777538 self-stabilizing-binary-consensus.go:200: binValues(11,2)={0}
INFO: 21:01:47.778155 self-stabilizing-binary-consensus.go:441: SEND flag=0 r=11 est={0} aux={0}
INFO: 21:01:47.784247 self-stabilizing-binary-consensus.go:431: RECEIVE j=0 flag=0 r=11 est={0} aux={0}
INFO: 21:01:47.784351 self-stabilizing-binary-consensus.go:433: est[11][0]={0} aux[11][0]={0}
INFO: 21:01:47.784969 self-stabilizing-binary-consensus.go:431: RECEIVE j=1 flag=1 r=11 est={0} aux={0}
INFO: 21:01:47.785019 self-stabilizing-binary-consensus.go:433: est[11][1]={0} aux[11][1]={0}
INFO: 21:01:47.787011 self-stabilizing-binary-consensus.go:431: RECEIVE j=0 flag=0 r=11 est={0} aux={0}
INFO: 21:01:47.787052 self-stabilizing-binary-consensus.go:433: est[11][0]={0} aux[11][0]={0}
INFO: 21:01:47.791398 self-stabilizing-binary-consensus.go:441: SEND flag=0 r=11 est={0} aux={0}
INFO: 21:01:47.791713 self-stabilizing-binary-consensus.go:431: RECEIVE j=3 flag=0 r=11 est={0} aux={0}
INFO: 21:01:47.791762 self-stabilizing-binary-consensus.go:433: est[11][3]={0} aux[11][3]={0}
INFO: 21:01:47.791725 self-stabilizing-binary-consensus.go:431: RECEIVE j=1 flag=0 r=11 est={0} aux={0}
INFO: 21:01:47.791835 self-stabilizing-binary-consensus.go:433: est[11][1]={0} aux[11][1]={0}
INFO: 21:01:47.792944 self-stabilizing-binary-consensus.go:141: SEND flag=1 r=11 est={0} aux={0}
INFO: 21:01:47.794657 self-stabilizing-binary-consensus.go:431: RECEIVE j=1 flag=0 r=11 est={0} aux={0}
INFO: 21:01:47.794705 self-stabilizing-binary-consensus.go:433: est[11][1]={0} aux[11][1]={0}
INFO: 21:01:47.796421 self-stabilizing-binary-consensus.go:431: RECEIVE j=0 flag=0 r=11 est={0} aux={0}
INFO: 21:01:47.796477 self-stabilizing-binary-consensus.go:433: est[11][0]={0} aux[11][0]={0}
INFO: 21:01:47.798102 self-stabilizing-binary-consensus.go:431: RECEIVE j=3 flag=0 r=11 est={0} aux={0}
INFO: 21:01:47.798471 self-stabilizing-binary-consensus.go:433: est[11][3]={0} aux[11][3]={0}
INFO: 21:01:48.751028 self-stabilizing-multivalued-consensus.go:18: Successful decide
