INFO: 00:33:34.590222 main.go:29: ID:2 | N:4 | F:1 | Clients:1 | Scenario:NORMAL | Remote:false

INFO: 00:33:34.593966 messenger.go:90: Receive from Server 0 on tcp://*:4200
INFO: 00:33:34.594193 messenger.go:107: Send to Server 0 on tcp://localhost:4002
INFO: 00:33:34.594247 messenger.go:90: Receive from Server 1 on tcp://*:4201
INFO: 00:33:34.594281 messenger.go:107: Send to Server 1 on tcp://localhost:4102
INFO: 00:33:34.594323 messenger.go:90: Receive from Server 3 on tcp://*:4203
INFO: 00:33:34.594363 messenger.go:107: Send to Server 3 on tcp://localhost:4302
INFO: 00:33:34.594373 messenger.go:113: -----------------------------------------
INFO: 00:33:34.594411 messenger.go:135: Requests from Client 0 on tcp://*:7200
INFO: 00:33:34.594450 messenger.go:152: Response to Client 0 on tcp://*:10200
INFO: 00:33:34.594468 messenger.go:155: -----------------------------------------

INFO: 00:33:34.613572 main.go:83: Initial estimate value:  1
INFO: 00:33:34.613773 self-stabilizing-binary-consensus.go:90: round=1 repeat=1
INFO: 00:33:34.613786 self-stabilizing-binary-consensus.go:181: binValues(1,3)={}
INFO: 00:33:34.613791 self-stabilizing-binary-consensus.go:181: binValues(1,2)={}
INFO: 00:33:34.622708 self-stabilizing-binary-consensus.go:138: SEND flag=1 r=1 est={1} aux={}
INFO: 00:33:34.635657 self-stabilizing-binary-consensus.go:407: RECEIVE j=3 flag=1 r=1 est={1} aux={}
INFO: 00:33:34.635724 self-stabilizing-binary-consensus.go:424: est[1][3]={1} aux[1][3]={}
INFO: 00:33:34.662673 self-stabilizing-binary-consensus.go:431: SEND flag=0 r=1 est={1} aux={}
INFO: 00:33:34.662706 self-stabilizing-binary-consensus.go:407: RECEIVE j=0 flag=1 r=1 est={0} aux={}
INFO: 00:33:34.662714 self-stabilizing-binary-consensus.go:424: est[1][0]={0} aux[1][0]={}
INFO: 00:33:34.685659 self-stabilizing-binary-consensus.go:431: SEND flag=0 r=1 est={1} aux={}
INFO: 00:33:34.685695 self-stabilizing-binary-consensus.go:407: RECEIVE j=1 flag=1 r=1 est={0} aux={}
INFO: 00:33:34.685702 self-stabilizing-binary-consensus.go:424: est[1][1]={0} aux[1][1]={}
INFO: 00:33:34.700470 self-stabilizing-binary-consensus.go:431: SEND flag=0 r=1 est={1} aux={}
INFO: 00:33:34.700488 self-stabilizing-binary-consensus.go:407: RECEIVE j=3 flag=0 r=1 est={1} aux={}
INFO: 00:33:34.700493 self-stabilizing-binary-consensus.go:424: est[1][3]={1} aux[1][3]={}
INFO: 00:33:34.700499 self-stabilizing-binary-consensus.go:407: RECEIVE j=0 flag=0 r=1 est={0} aux={}
INFO: 00:33:34.700503 self-stabilizing-binary-consensus.go:424: est[1][0]={0} aux[1][0]={}
INFO: 00:33:34.700508 self-stabilizing-binary-consensus.go:407: RECEIVE j=0 flag=0 r=1 est={0} aux={}
INFO: 00:33:34.700512 self-stabilizing-binary-consensus.go:424: est[1][0]={0} aux[1][0]={}
INFO: 00:33:34.700517 self-stabilizing-binary-consensus.go:407: RECEIVE j=0 flag=0 r=1 est={0} aux={}
INFO: 00:33:34.700521 self-stabilizing-binary-consensus.go:424: est[1][0]={0} aux[1][0]={}
INFO: 00:33:34.700526 self-stabilizing-binary-consensus.go:407: RECEIVE j=1 flag=0 r=1 est={0} aux={}
INFO: 00:33:34.700530 self-stabilizing-binary-consensus.go:424: est[1][1]={0} aux[1][1]={}
INFO: 00:33:34.700534 self-stabilizing-binary-consensus.go:407: RECEIVE j=1 flag=0 r=1 est={0} aux={}
INFO: 00:33:34.700538 self-stabilizing-binary-consensus.go:424: est[1][1]={0} aux[1][1]={}
INFO: 00:33:34.706219 self-stabilizing-binary-consensus.go:407: RECEIVE j=3 flag=0 r=1 est={1} aux={}
INFO: 00:33:34.706341 self-stabilizing-binary-consensus.go:424: est[1][3]={1} aux[1][3]={}
INFO: 00:33:34.707811 self-stabilizing-binary-consensus.go:407: RECEIVE j=1 flag=0 r=1 est={0} aux={}
INFO: 00:33:34.707844 self-stabilizing-binary-consensus.go:424: est[1][1]={0} aux[1][1]={}
INFO: 00:33:34.716183 self-stabilizing-binary-consensus.go:407: RECEIVE j=3 flag=0 r=1 est={1} aux={}
INFO: 00:33:34.728435 self-stabilizing-binary-consensus.go:424: est[1][3]={1} aux[1][3]={}
INFO: 00:33:36.623659 self-stabilizing-binary-consensus.go:181: binValues(1,3)={}
INFO: 00:33:36.623717 self-stabilizing-binary-consensus.go:208: infoResults()={}
INFO: 00:33:36.623763 self-stabilizing-binary-consensus.go:90: round=1 repeat=2
INFO: 00:33:36.623825 self-stabilizing-binary-consensus.go:181: binValues(1,3)={}
INFO: 00:33:36.623839 self-stabilizing-binary-consensus.go:181: binValues(1,2)={0}
INFO: 00:33:36.629611 self-stabilizing-binary-consensus.go:407: RECEIVE j=3 flag=0 r=1 est={1} aux={}
INFO: 00:33:36.629666 self-stabilizing-binary-consensus.go:424: est[1][3]={1} aux[1][3]={}
INFO: 00:33:36.629854 self-stabilizing-binary-consensus.go:407: RECEIVE j=1 flag=1 r=1 est={0 1} aux={}
INFO: 00:33:36.629884 self-stabilizing-binary-consensus.go:424: est[1][1]={0 1} aux[1][1]={}
INFO: 00:33:36.632060 self-stabilizing-binary-consensus.go:138: SEND flag=1 r=1 est={0 1} aux={}
INFO: 00:33:36.650050 self-stabilizing-binary-consensus.go:431: SEND flag=0 r=1 est={1} aux={}
INFO: 00:33:36.650083 self-stabilizing-binary-consensus.go:407: RECEIVE j=0 flag=1 r=1 est={0 1} aux={1}
INFO: 00:33:36.650090 self-stabilizing-binary-consensus.go:424: est[1][0]={0 1} aux[1][0]={1}
INFO: 00:33:36.660855 self-stabilizing-binary-consensus.go:431: SEND flag=0 r=1 est={1} aux={}
INFO: 00:33:36.660917 self-stabilizing-binary-consensus.go:407: RECEIVE j=0 flag=0 r=1 est={0} aux={}
INFO: 00:33:36.660929 self-stabilizing-binary-consensus.go:424: est[1][0]={0 1} aux[1][0]={}
INFO: 00:33:36.660936 self-stabilizing-binary-consensus.go:407: RECEIVE j=1 flag=0 r=1 est={0} aux={}
INFO: 00:33:36.660940 self-stabilizing-binary-consensus.go:424: est[1][1]={0 1} aux[1][1]={}
INFO: 00:33:36.660946 self-stabilizing-binary-consensus.go:407: RECEIVE j=3 flag=0 r=1 est={1} aux={}
INFO: 00:33:36.660950 self-stabilizing-binary-consensus.go:424: est[1][3]={1} aux[1][3]={}
INFO: 00:33:36.666147 self-stabilizing-binary-consensus.go:407: RECEIVE j=3 flag=0 r=1 est={1} aux={0}
INFO: 00:33:36.666222 self-stabilizing-binary-consensus.go:424: est[1][3]={1} aux[1][3]={0}
INFO: 00:33:36.668557 self-stabilizing-binary-consensus.go:407: RECEIVE j=3 flag=1 r=1 est={0 1} aux={0}
INFO: 00:33:36.668637 self-stabilizing-binary-consensus.go:424: est[1][3]={0 1} aux[1][3]={0}
INFO: 00:33:36.672231 self-stabilizing-binary-consensus.go:431: SEND flag=0 r=1 est={1} aux={}
INFO: 00:33:36.681627 self-stabilizing-binary-consensus.go:407: RECEIVE j=1 flag=0 r=1 est={0} aux={}
INFO: 00:33:36.681720 self-stabilizing-binary-consensus.go:424: est[1][1]={0 1} aux[1][1]={}
INFO: 00:33:36.687626 self-stabilizing-binary-consensus.go:407: RECEIVE j=1 flag=0 r=1 est={0} aux={}
INFO: 00:33:36.688164 self-stabilizing-binary-consensus.go:424: est[1][1]={0 1} aux[1][1]={}
INFO: 00:33:36.689294 self-stabilizing-binary-consensus.go:407: RECEIVE j=0 flag=0 r=1 est={0} aux={1}
INFO: 00:33:36.689349 self-stabilizing-binary-consensus.go:424: est[1][0]={0 1} aux[1][0]={1}
INFO: 00:33:36.690112 self-stabilizing-binary-consensus.go:407: RECEIVE j=0 flag=0 r=1 est={0} aux={1}
INFO: 00:33:36.690453 self-stabilizing-binary-consensus.go:424: est[1][0]={0 1} aux[1][0]={1}
INFO: 00:33:38.633351 self-stabilizing-binary-consensus.go:181: binValues(1,3)={0 1}
INFO: 00:33:38.633486 self-stabilizing-binary-consensus.go:208: infoResults()={}
INFO: 00:33:38.633525 self-stabilizing-binary-consensus.go:90: round=1 repeat=3
INFO: 00:33:38.633556 self-stabilizing-binary-consensus.go:181: binValues(1,3)={0 1}
INFO: 00:33:38.633580 self-stabilizing-binary-consensus.go:129: aux[1][2]=0
INFO: 00:33:38.633610 self-stabilizing-binary-consensus.go:181: binValues(1,2)={0 1}
INFO: 00:33:38.637485 self-stabilizing-binary-consensus.go:407: RECEIVE j=1 flag=1 r=1 est={0 1} aux={0}
INFO: 00:33:38.641513 self-stabilizing-binary-consensus.go:424: est[1][1]={0 1} aux[1][1]={0}
INFO: 00:33:38.653828 self-stabilizing-binary-consensus.go:431: SEND flag=0 r=1 est={1} aux={0}
INFO: 00:33:38.653972 self-stabilizing-binary-consensus.go:407: RECEIVE j=0 flag=0 r=1 est={0} aux={1}
INFO: 00:33:38.654063 self-stabilizing-binary-consensus.go:424: est[1][0]={0 1} aux[1][0]={1}
INFO: 00:33:38.656776 self-stabilizing-binary-consensus.go:407: RECEIVE j=0 flag=1 r=1 est={0 1} aux={1}
INFO: 00:33:38.656854 self-stabilizing-binary-consensus.go:424: est[1][0]={0 1} aux[1][0]={1}
INFO: 00:33:38.662757 self-stabilizing-binary-consensus.go:431: SEND flag=0 r=1 est={1} aux={0}
INFO: 00:33:38.663779 self-stabilizing-binary-consensus.go:407: RECEIVE j=1 flag=0 r=1 est={0} aux={0}
INFO: 00:33:38.663834 self-stabilizing-binary-consensus.go:424: est[1][1]={0 1} aux[1][1]={0}
INFO: 00:33:38.664240 self-stabilizing-binary-consensus.go:407: RECEIVE j=3 flag=0 r=1 est={1} aux={0}
INFO: 00:33:38.664271 self-stabilizing-binary-consensus.go:424: est[1][3]={0 1} aux[1][3]={0}
INFO: 00:33:38.664867 self-stabilizing-binary-consensus.go:138: SEND flag=1 r=1 est={0 1} aux={0}
INFO: 00:33:38.669125 self-stabilizing-binary-consensus.go:407: RECEIVE j=3 flag=0 r=1 est={1} aux={0}
INFO: 00:33:38.669197 self-stabilizing-binary-consensus.go:424: est[1][3]={0 1} aux[1][3]={0}
INFO: 00:33:38.673242 self-stabilizing-binary-consensus.go:407: RECEIVE j=0 flag=0 r=1 est={0} aux={1}
INFO: 00:33:38.673302 self-stabilizing-binary-consensus.go:424: est[1][0]={0 1} aux[1][0]={1}
INFO: 00:33:38.676462 self-stabilizing-binary-consensus.go:407: RECEIVE j=3 flag=1 r=1 est={0 1} aux={0}
INFO: 00:33:38.676511 self-stabilizing-binary-consensus.go:424: est[1][3]={0 1} aux[1][3]={0}
INFO: 00:33:38.680769 self-stabilizing-binary-consensus.go:431: SEND flag=0 r=1 est={1} aux={0}
INFO: 00:33:38.680786 self-stabilizing-binary-consensus.go:407: RECEIVE j=1 flag=0 r=1 est={0} aux={0}
INFO: 00:33:38.680792 self-stabilizing-binary-consensus.go:424: est[1][1]={0 1} aux[1][1]={0}
INFO: 00:33:38.680797 self-stabilizing-binary-consensus.go:407: RECEIVE j=0 flag=0 r=1 est={0} aux={1}
INFO: 00:33:38.680801 self-stabilizing-binary-consensus.go:424: est[1][0]={0 1} aux[1][0]={1}
INFO: 00:33:38.682472 self-stabilizing-binary-consensus.go:407: RECEIVE j=1 flag=0 r=1 est={0} aux={0}
INFO: 00:33:38.682554 self-stabilizing-binary-consensus.go:424: est[1][1]={0 1} aux[1][1]={0}
INFO: 00:33:38.682651 self-stabilizing-binary-consensus.go:407: RECEIVE j=3 flag=0 r=1 est={1} aux={0}
INFO: 00:33:38.682719 self-stabilizing-binary-consensus.go:424: est[1][3]={0 1} aux[1][3]={0}
INFO: 00:33:40.646125 self-stabilizing-binary-consensus.go:407: RECEIVE j=3 flag=0 r=1 est={1} aux={0}
INFO: 00:33:40.646180 self-stabilizing-binary-consensus.go:424: est[1][3]={0 1} aux[1][3]={0}
INFO: 00:33:40.646274 self-stabilizing-binary-consensus.go:407: RECEIVE j=1 flag=1 r=1 est={0 1} aux={0}
INFO: 00:33:40.646325 self-stabilizing-binary-consensus.go:424: est[1][1]={0 1} aux[1][1]={0}
INFO: 00:33:40.648133 self-stabilizing-binary-consensus.go:431: SEND flag=0 r=1 est={1} aux={0}
INFO: 00:33:40.648147 self-stabilizing-binary-consensus.go:407: RECEIVE j=0 flag=0 r=1 est={0} aux={1}
INFO: 00:33:40.648152 self-stabilizing-binary-consensus.go:424: est[1][0]={0 1} aux[1][0]={1}
INFO: 00:33:40.665631 self-stabilizing-binary-consensus.go:181: binValues(1,3)={0 1}
INFO: 00:33:40.665693 self-stabilizing-binary-consensus.go:208: infoResults()={}
INFO: 00:33:40.665705 self-stabilizing-binary-consensus.go:90: round=1 repeat=4
INFO: 00:33:40.665711 self-stabilizing-binary-consensus.go:181: binValues(1,3)={0 1}
INFO: 00:33:40.665715 self-stabilizing-binary-consensus.go:181: binValues(1,2)={0 1}
INFO: 00:33:40.667464 self-stabilizing-binary-consensus.go:138: SEND flag=1 r=1 est={0 1} aux={0}
INFO: 00:33:40.670594 self-stabilizing-binary-consensus.go:407: RECEIVE j=3 flag=0 r=1 est={1} aux={0}
INFO: 00:33:40.670617 self-stabilizing-binary-consensus.go:424: est[1][3]={0 1} aux[1][3]={0}
INFO: 00:33:40.671764 self-stabilizing-binary-consensus.go:407: RECEIVE j=1 flag=0 r=1 est={0} aux={0}
INFO: 00:33:40.671830 self-stabilizing-binary-consensus.go:424: est[1][1]={0 1} aux[1][1]={0}
INFO: 00:33:40.673745 self-stabilizing-binary-consensus.go:407: RECEIVE j=0 flag=0 r=1 est={0} aux={1}
INFO: 00:33:40.673777 self-stabilizing-binary-consensus.go:424: est[1][0]={0 1} aux[1][0]={1}
INFO: 00:33:40.680061 self-stabilizing-binary-consensus.go:407: RECEIVE j=3 flag=1 r=1 est={0 1} aux={0}
INFO: 00:33:40.680098 self-stabilizing-binary-consensus.go:424: est[1][3]={0 1} aux[1][3]={0}
INFO: 00:33:40.682326 self-stabilizing-binary-consensus.go:431: SEND flag=0 r=1 est={1} aux={0}
INFO: 00:33:40.682408 self-stabilizing-binary-consensus.go:407: RECEIVE j=1 flag=0 r=1 est={0} aux={0}
INFO: 00:33:40.682712 self-stabilizing-binary-consensus.go:424: est[1][1]={0 1} aux[1][1]={0}
INFO: 00:33:40.682799 self-stabilizing-binary-consensus.go:407: RECEIVE j=0 flag=0 r=1 est={0} aux={1}
INFO: 00:33:40.683130 self-stabilizing-binary-consensus.go:424: est[1][0]={0 1} aux[1][0]={1}
INFO: 00:33:42.656847 self-stabilizing-binary-consensus.go:407: RECEIVE j=3 flag=0 r=1 est={1} aux={0}
INFO: 00:33:42.656876 self-stabilizing-binary-consensus.go:424: est[1][3]={0 1} aux[1][3]={0}
INFO: 00:33:42.657788 self-stabilizing-binary-consensus.go:407: RECEIVE j=1 flag=1 r=1 est={0 1} aux={0}
INFO: 00:33:42.657983 self-stabilizing-binary-consensus.go:424: est[1][1]={0 1} aux[1][1]={0}
INFO: 00:33:42.660318 self-stabilizing-binary-consensus.go:431: SEND flag=0 r=1 est={1} aux={0}
INFO: 00:33:42.660361 self-stabilizing-binary-consensus.go:407: RECEIVE j=0 flag=0 r=1 est={0} aux={1}
INFO: 00:33:42.660382 self-stabilizing-binary-consensus.go:424: est[1][0]={0 1} aux[1][0]={1}
INFO: 00:33:42.667578 self-stabilizing-binary-consensus.go:181: binValues(1,3)={0 1}
INFO: 00:33:42.667681 self-stabilizing-binary-consensus.go:208: infoResults()={}
INFO: 00:33:42.667710 self-stabilizing-binary-consensus.go:90: round=1 repeat=5
INFO: 00:33:42.667730 self-stabilizing-binary-consensus.go:181: binValues(1,3)={0 1}
INFO: 00:33:42.667748 self-stabilizing-binary-consensus.go:181: binValues(1,2)={0 1}
INFO: 00:33:42.669566 self-stabilizing-binary-consensus.go:138: SEND flag=1 r=1 est={0 1} aux={0}
INFO: 00:33:42.672276 self-stabilizing-binary-consensus.go:407: RECEIVE j=3 flag=0 r=1 est={1} aux={0}
INFO: 00:33:42.672309 self-stabilizing-binary-consensus.go:424: est[1][3]={0 1} aux[1][3]={0}
INFO: 00:33:42.673672 self-stabilizing-binary-consensus.go:407: RECEIVE j=0 flag=0 r=1 est={0} aux={1}
INFO: 00:33:42.673705 self-stabilizing-binary-consensus.go:424: est[1][0]={0 1} aux[1][0]={1}
INFO: 00:33:42.675280 self-stabilizing-binary-consensus.go:407: RECEIVE j=1 flag=0 r=1 est={0} aux={0}
INFO: 00:33:42.675315 self-stabilizing-binary-consensus.go:424: est[1][1]={0 1} aux[1][1]={0}
INFO: 00:33:42.680260 self-stabilizing-binary-consensus.go:407: RECEIVE j=3 flag=1 r=1 est={0 1} aux={0}
INFO: 00:33:42.680310 self-stabilizing-binary-consensus.go:424: est[1][3]={0 1} aux[1][3]={0}
INFO: 00:33:42.682896 self-stabilizing-binary-consensus.go:431: SEND flag=0 r=1 est={1} aux={0}
INFO: 00:33:42.683348 self-stabilizing-binary-consensus.go:407: RECEIVE j=0 flag=0 r=1 est={0} aux={1}
INFO: 00:33:42.683385 self-stabilizing-binary-consensus.go:424: est[1][0]={0 1} aux[1][0]={1}
INFO: 00:33:42.685836 self-stabilizing-binary-consensus.go:407: RECEIVE j=1 flag=0 r=1 est={0} aux={0}
INFO: 00:33:42.685872 self-stabilizing-binary-consensus.go:424: est[1][1]={0 1} aux[1][1]={0}
INFO: 00:33:44.661105 self-stabilizing-binary-consensus.go:407: RECEIVE j=1 flag=1 r=1 est={0 1} aux={0}
INFO: 00:33:44.661227 self-stabilizing-binary-consensus.go:424: est[1][1]={0 1} aux[1][1]={0}
INFO: 00:33:44.669634 self-stabilizing-binary-consensus.go:431: SEND flag=0 r=1 est={1} aux={0}
INFO: 00:33:44.669653 self-stabilizing-binary-consensus.go:181: binValues(1,3)={0 1}
INFO: 00:33:44.670935 self-stabilizing-binary-consensus.go:208: infoResults()={}
INFO: 00:33:44.670986 self-stabilizing-binary-consensus.go:90: round=1 repeat=6
INFO: 00:33:44.670999 self-stabilizing-binary-consensus.go:181: binValues(1,3)={0 1}
INFO: 00:33:44.671006 self-stabilizing-binary-consensus.go:181: binValues(1,2)={0 1}
INFO: 00:33:44.675771 self-stabilizing-binary-consensus.go:407: RECEIVE j=0 flag=0 r=1 est={0} aux={1}
INFO: 00:33:44.675844 self-stabilizing-binary-consensus.go:424: est[1][0]={0 1} aux[1][0]={1}
INFO: 00:33:44.676141 self-stabilizing-binary-consensus.go:138: SEND flag=1 r=1 est={0 1} aux={0}
INFO: 00:33:44.680149 self-stabilizing-binary-consensus.go:407: RECEIVE j=3 flag=0 r=1 est={1} aux={0}
INFO: 00:33:44.680577 self-stabilizing-binary-consensus.go:424: est[1][3]={0 1} aux[1][3]={0}
INFO: 00:33:44.680833 self-stabilizing-binary-consensus.go:407: RECEIVE j=0 flag=0 r=1 est={0} aux={1}
INFO: 00:33:44.680877 self-stabilizing-binary-consensus.go:424: est[1][0]={0 1} aux[1][0]={1}
INFO: 00:33:44.682301 self-stabilizing-binary-consensus.go:407: RECEIVE j=1 flag=0 r=1 est={0} aux={0}
INFO: 00:33:44.682336 self-stabilizing-binary-consensus.go:424: est[1][1]={0 1} aux[1][1]={0}
INFO: 00:33:44.684887 self-stabilizing-binary-consensus.go:407: RECEIVE j=3 flag=0 r=1 est={1} aux={0}
INFO: 00:33:44.684917 self-stabilizing-binary-consensus.go:424: est[1][3]={0 1} aux[1][3]={0}
INFO: 00:33:44.688549 self-stabilizing-binary-consensus.go:407: RECEIVE j=3 flag=1 r=1 est={0 1} aux={0}
INFO: 00:33:44.688590 self-stabilizing-binary-consensus.go:424: est[1][3]={0 1} aux[1][3]={0}
INFO: 00:33:44.692192 self-stabilizing-binary-consensus.go:431: SEND flag=0 r=1 est={1} aux={0}
INFO: 00:33:44.692301 self-stabilizing-binary-consensus.go:407: RECEIVE j=1 flag=0 r=1 est={0} aux={0}
INFO: 00:33:44.692311 self-stabilizing-binary-consensus.go:424: est[1][1]={0 1} aux[1][1]={0}
INFO: 00:33:44.692374 self-stabilizing-binary-consensus.go:407: RECEIVE j=0 flag=0 r=1 est={0} aux={1}
INFO: 00:33:44.692383 self-stabilizing-binary-consensus.go:424: est[1][0]={0 1} aux[1][0]={1}
INFO: 00:33:46.666914 self-stabilizing-binary-consensus.go:407: RECEIVE j=1 flag=1 r=1 est={0 1} aux={0}
INFO: 00:33:46.666928 self-stabilizing-binary-consensus.go:424: est[1][1]={0 1} aux[1][1]={0}
INFO: 00:33:46.668677 self-stabilizing-binary-consensus.go:431: SEND flag=0 r=1 est={1} aux={0}
INFO: 00:33:46.669673 self-stabilizing-binary-consensus.go:407: RECEIVE j=3 flag=0 r=1 est={1} aux={0}
INFO: 00:33:46.669687 self-stabilizing-binary-consensus.go:424: est[1][3]={0 1} aux[1][3]={0}
INFO: 00:33:46.669747 self-stabilizing-binary-consensus.go:407: RECEIVE j=0 flag=0 r=1 est={0} aux={1}
INFO: 00:33:46.669754 self-stabilizing-binary-consensus.go:424: est[1][0]={0 1} aux[1][0]={1}
INFO: 00:33:46.677011 self-stabilizing-binary-consensus.go:181: binValues(1,3)={0 1}
INFO: 00:33:46.677174 self-stabilizing-binary-consensus.go:208: infoResults()={}
INFO: 00:33:46.677216 self-stabilizing-binary-consensus.go:90: round=1 repeat=7
INFO: 00:33:46.677229 self-stabilizing-binary-consensus.go:181: binValues(1,3)={0 1}
INFO: 00:33:46.677237 self-stabilizing-binary-consensus.go:181: binValues(1,2)={0 1}
INFO: 00:33:46.679106 self-stabilizing-binary-consensus.go:138: SEND flag=1 r=1 est={0 1} aux={0}
INFO: 00:33:46.684062 self-stabilizing-binary-consensus.go:407: RECEIVE j=3 flag=0 r=1 est={1} aux={0}
INFO: 00:33:46.684306 self-stabilizing-binary-consensus.go:424: est[1][3]={0 1} aux[1][3]={0}
INFO: 00:33:46.685037 self-stabilizing-binary-consensus.go:407: RECEIVE j=0 flag=0 r=1 est={0} aux={1}
INFO: 00:33:46.685062 self-stabilizing-binary-consensus.go:424: est[1][0]={0 1} aux[1][0]={1}
INFO: 00:33:46.685192 self-stabilizing-binary-consensus.go:407: RECEIVE j=1 flag=0 r=1 est={0} aux={0}
INFO: 00:33:46.685220 self-stabilizing-binary-consensus.go:424: est[1][1]={0 1} aux[1][1]={0}
INFO: 00:33:46.691579 self-stabilizing-binary-consensus.go:407: RECEIVE j=3 flag=1 r=1 est={0 1} aux={0}
INFO: 00:33:46.691607 self-stabilizing-binary-consensus.go:424: est[1][3]={0 1} aux[1][3]={0}
INFO: 00:33:46.694375 self-stabilizing-binary-consensus.go:431: SEND flag=0 r=1 est={1} aux={0}
INFO: 00:33:46.695375 self-stabilizing-binary-consensus.go:407: RECEIVE j=0 flag=0 r=1 est={0} aux={1}
INFO: 00:33:46.695696 self-stabilizing-binary-consensus.go:424: est[1][0]={0 1} aux[1][0]={1}
INFO: 00:33:46.696211 self-stabilizing-binary-consensus.go:407: RECEIVE j=1 flag=0 r=1 est={0} aux={0}
INFO: 00:33:46.696244 self-stabilizing-binary-consensus.go:424: est[1][1]={0 1} aux[1][1]={0}
INFO: 00:33:48.670592 self-stabilizing-binary-consensus.go:407: RECEIVE j=1 flag=1 r=1 est={0 1} aux={0}
INFO: 00:33:48.670612 self-stabilizing-binary-consensus.go:424: est[1][1]={0 1} aux[1][1]={0}
INFO: 00:33:48.675591 self-stabilizing-binary-consensus.go:431: SEND flag=0 r=1 est={1} aux={0}
INFO: 00:33:48.675635 self-stabilizing-binary-consensus.go:407: RECEIVE j=0 flag=0 r=1 est={0} aux={1}
INFO: 00:33:48.675655 self-stabilizing-binary-consensus.go:424: est[1][0]={0 1} aux[1][0]={1}
INFO: 00:33:48.675674 self-stabilizing-binary-consensus.go:407: RECEIVE j=3 flag=0 r=1 est={1} aux={0}
INFO: 00:33:48.675770 self-stabilizing-binary-consensus.go:424: est[1][3]={0 1} aux[1][3]={0}
INFO: 00:33:48.679327 self-stabilizing-binary-consensus.go:181: binValues(1,3)={0 1}
INFO: 00:33:48.679372 self-stabilizing-binary-consensus.go:208: infoResults()={}
INFO: 00:33:48.679381 self-stabilizing-binary-consensus.go:90: round=1 repeat=8
INFO: 00:33:48.679387 self-stabilizing-binary-consensus.go:181: binValues(1,3)={0 1}
INFO: 00:33:48.679393 self-stabilizing-binary-consensus.go:181: binValues(1,2)={0 1}
INFO: 00:33:48.681161 self-stabilizing-binary-consensus.go:138: SEND flag=1 r=1 est={0 1} aux={0}
INFO: 00:33:48.684431 self-stabilizing-binary-consensus.go:407: RECEIVE j=1 flag=0 r=1 est={0} aux={0}
INFO: 00:33:48.684461 self-stabilizing-binary-consensus.go:424: est[1][1]={0 1} aux[1][1]={0}
INFO: 00:33:48.685497 self-stabilizing-binary-consensus.go:407: RECEIVE j=0 flag=0 r=1 est={0} aux={1}
INFO: 00:33:48.685510 self-stabilizing-binary-consensus.go:424: est[1][0]={0 1} aux[1][0]={1}
INFO: 00:33:48.687781 self-stabilizing-binary-consensus.go:407: RECEIVE j=3 flag=0 r=1 est={1} aux={0}
INFO: 00:33:48.687922 self-stabilizing-binary-consensus.go:424: est[1][3]={0 1} aux[1][3]={0}
INFO: 00:33:48.694366 self-stabilizing-binary-consensus.go:407: RECEIVE j=3 flag=1 r=1 est={0 1} aux={0}
INFO: 00:33:48.694402 self-stabilizing-binary-consensus.go:424: est[1][3]={0 1} aux[1][3]={0}
INFO: 00:33:48.696974 self-stabilizing-binary-consensus.go:431: SEND flag=0 r=1 est={1} aux={0}
INFO: 00:33:48.698433 self-stabilizing-binary-consensus.go:407: RECEIVE j=0 flag=0 r=1 est={0} aux={1}
INFO: 00:33:48.698656 self-stabilizing-binary-consensus.go:424: est[1][0]={0 1} aux[1][0]={1}
INFO: 00:33:48.699973 self-stabilizing-binary-consensus.go:407: RECEIVE j=1 flag=0 r=1 est={0} aux={0}
INFO: 00:33:48.700014 self-stabilizing-binary-consensus.go:424: est[1][1]={0 1} aux[1][1]={0}
INFO: 00:33:50.678599 self-stabilizing-binary-consensus.go:407: RECEIVE j=1 flag=1 r=1 est={0 1} aux={0}
INFO: 00:33:50.678687 self-stabilizing-binary-consensus.go:424: est[1][1]={0 1} aux[1][1]={0}
INFO: 00:33:50.680498 self-stabilizing-binary-consensus.go:431: SEND flag=0 r=1 est={1} aux={0}
INFO: 00:33:50.681930 self-stabilizing-binary-consensus.go:181: binValues(1,3)={0 1}
INFO: 00:33:50.682282 self-stabilizing-binary-consensus.go:208: infoResults()={}
INFO: 00:33:50.682320 self-stabilizing-binary-consensus.go:90: round=1 repeat=9
INFO: 00:33:50.682346 self-stabilizing-binary-consensus.go:181: binValues(1,3)={0 1}
INFO: 00:33:50.682368 self-stabilizing-binary-consensus.go:181: binValues(1,2)={0 1}
INFO: 00:33:50.682170 self-stabilizing-binary-consensus.go:407: RECEIVE j=3 flag=0 r=1 est={1} aux={0}
INFO: 00:33:50.684309 self-stabilizing-binary-consensus.go:424: est[1][3]={0 1} aux[1][3]={0}
INFO: 00:33:50.685462 self-stabilizing-binary-consensus.go:138: SEND flag=1 r=1 est={0 1} aux={0}
INFO: 00:33:50.688921 self-stabilizing-binary-consensus.go:407: RECEIVE j=3 flag=0 r=1 est={1} aux={0}
INFO: 00:33:50.688969 self-stabilizing-binary-consensus.go:424: est[1][3]={0 1} aux[1][3]={0}
INFO: 00:33:50.695538 self-stabilizing-binary-consensus.go:407: RECEIVE j=0 flag=0 r=1 est={0} aux={1}
INFO: 00:33:50.695578 self-stabilizing-binary-consensus.go:424: est[1][0]={0 1} aux[1][0]={1}
INFO: 00:33:50.696132 self-stabilizing-binary-consensus.go:407: RECEIVE j=1 flag=0 r=1 est={0} aux={0}
INFO: 00:33:50.696159 self-stabilizing-binary-consensus.go:424: est[1][1]={0 1} aux[1][1]={0}
INFO: 00:33:50.697577 self-stabilizing-binary-consensus.go:407: RECEIVE j=0 flag=0 r=1 est={0} aux={1}
INFO: 00:33:50.697604 self-stabilizing-binary-consensus.go:424: est[1][0]={0 1} aux[1][0]={1}
INFO: 00:33:50.701041 self-stabilizing-binary-consensus.go:407: RECEIVE j=3 flag=1 r=1 est={0 1} aux={0}
INFO: 00:33:50.701081 self-stabilizing-binary-consensus.go:424: est[1][3]={0 1} aux[1][3]={0}
INFO: 00:33:50.702850 self-stabilizing-binary-consensus.go:431: SEND flag=0 r=1 est={1} aux={0}
INFO: 00:33:50.704567 self-stabilizing-binary-consensus.go:407: RECEIVE j=0 flag=0 r=1 est={0} aux={1}
INFO: 00:33:50.704970 self-stabilizing-binary-consensus.go:424: est[1][0]={0 1} aux[1][0]={1}
INFO: 00:33:50.706286 self-stabilizing-binary-consensus.go:407: RECEIVE j=1 flag=0 r=1 est={0} aux={0}
INFO: 00:33:50.706316 self-stabilizing-binary-consensus.go:424: est[1][1]={0 1} aux[1][1]={0}
INFO: 00:33:52.683266 self-stabilizing-binary-consensus.go:407: RECEIVE j=1 flag=1 r=1 est={0 1} aux={0}
INFO: 00:33:52.683296 self-stabilizing-binary-consensus.go:424: est[1][1]={0 1} aux[1][1]={0}
INFO: 00:33:52.685363 self-stabilizing-binary-consensus.go:431: SEND flag=0 r=1 est={1} aux={0}
INFO: 00:33:52.694066 self-stabilizing-binary-consensus.go:181: binValues(1,3)={0 1}
INFO: 00:33:52.694123 self-stabilizing-binary-consensus.go:208: infoResults()={}
INFO: 00:33:52.694135 self-stabilizing-binary-consensus.go:90: round=1 repeat=10
INFO: 00:33:52.694140 self-stabilizing-binary-consensus.go:181: binValues(1,3)={0 1}
INFO: 00:33:52.694144 self-stabilizing-binary-consensus.go:181: binValues(1,2)={0 1}
INFO: 00:33:52.698122 self-stabilizing-binary-consensus.go:138: SEND flag=1 r=1 est={0 1} aux={0}
INFO: 00:33:52.701736 self-stabilizing-binary-consensus.go:407: RECEIVE j=3 flag=0 r=1 est={1} aux={0}
INFO: 00:33:52.701760 self-stabilizing-binary-consensus.go:424: est[1][3]={0 1} aux[1][3]={0}
INFO: 00:33:52.701905 self-stabilizing-binary-consensus.go:407: RECEIVE j=3 flag=0 r=1 est={1} aux={0}
INFO: 00:33:52.701938 self-stabilizing-binary-consensus.go:424: est[1][3]={0 1} aux[1][3]={0}
INFO: 00:33:52.705534 self-stabilizing-binary-consensus.go:407: RECEIVE j=1 flag=0 r=1 est={0} aux={0}
INFO: 00:33:52.705611 self-stabilizing-binary-consensus.go:424: est[1][1]={0 1} aux[1][1]={0}
INFO: 00:33:52.705836 self-stabilizing-binary-consensus.go:407: RECEIVE j=0 flag=0 r=1 est={0} aux={1}
INFO: 00:33:52.705885 self-stabilizing-binary-consensus.go:424: est[1][0]={0 1} aux[1][0]={1}
INFO: 00:33:52.706118 self-stabilizing-binary-consensus.go:407: RECEIVE j=0 flag=0 r=1 est={0} aux={1}
INFO: 00:33:52.706238 self-stabilizing-binary-consensus.go:424: est[1][0]={0 1} aux[1][0]={1}
INFO: 00:33:52.710723 self-stabilizing-binary-consensus.go:407: RECEIVE j=3 flag=1 r=1 est={0 1} aux={0}
INFO: 00:33:52.710865 self-stabilizing-binary-consensus.go:424: est[1][3]={0 1} aux[1][3]={0}
INFO: 00:33:52.712896 self-stabilizing-binary-consensus.go:431: SEND flag=0 r=1 est={1} aux={0}
INFO: 00:33:52.713993 self-stabilizing-binary-consensus.go:407: RECEIVE j=1 flag=0 r=1 est={0} aux={0}
INFO: 00:33:52.714040 self-stabilizing-binary-consensus.go:424: est[1][1]={0 1} aux[1][1]={0}
INFO: 00:33:52.714252 self-stabilizing-binary-consensus.go:407: RECEIVE j=0 flag=0 r=1 est={0} aux={1}
INFO: 00:33:52.714283 self-stabilizing-binary-consensus.go:424: est[1][0]={0 1} aux[1][0]={1}
INFO: 00:33:54.692194 self-stabilizing-binary-consensus.go:407: RECEIVE j=3 flag=0 r=1 est={1} aux={0}
INFO: 00:33:54.692210 self-stabilizing-binary-consensus.go:424: est[1][3]={0 1} aux[1][3]={0}
INFO: 00:33:54.692410 self-stabilizing-binary-consensus.go:407: RECEIVE j=1 flag=1 r=1 est={0 1} aux={0}
INFO: 00:33:54.692432 self-stabilizing-binary-consensus.go:424: est[1][1]={0 1} aux[1][1]={0}
INFO: 00:33:54.694250 self-stabilizing-binary-consensus.go:431: SEND flag=0 r=1 est={1} aux={0}
INFO: 00:33:54.694277 self-stabilizing-binary-consensus.go:407: RECEIVE j=0 flag=0 r=1 est={0} aux={1}
INFO: 00:33:54.694285 self-stabilizing-binary-consensus.go:424: est[1][0]={0 1} aux[1][0]={1}
INFO: 00:33:54.699129 self-stabilizing-binary-consensus.go:181: binValues(1,3)={0 1}
INFO: 00:33:54.699235 self-stabilizing-binary-consensus.go:208: infoResults()={}
INFO: 00:33:54.699271 self-stabilizing-binary-consensus.go:90: round=1 repeat=11
INFO: 00:33:54.699292 self-stabilizing-binary-consensus.go:181: binValues(1,3)={0 1}
INFO: 00:33:54.699327 self-stabilizing-binary-consensus.go:181: binValues(1,2)={0 1}
INFO: 00:33:54.701124 self-stabilizing-binary-consensus.go:138: SEND flag=1 r=1 est={0 1} aux={0}
INFO: 00:33:54.704249 self-stabilizing-binary-consensus.go:407: RECEIVE j=3 flag=0 r=1 est={1} aux={0}
INFO: 00:33:54.704284 self-stabilizing-binary-consensus.go:424: est[1][3]={0 1} aux[1][3]={0}
INFO: 00:33:54.706838 self-stabilizing-binary-consensus.go:407: RECEIVE j=0 flag=0 r=1 est={0} aux={1}
INFO: 00:33:54.706956 self-stabilizing-binary-consensus.go:424: est[1][0]={0 1} aux[1][0]={1}
INFO: 00:33:54.709190 self-stabilizing-binary-consensus.go:407: RECEIVE j=1 flag=0 r=1 est={0} aux={0}
INFO: 00:33:54.709306 self-stabilizing-binary-consensus.go:424: est[1][1]={0 1} aux[1][1]={0}
INFO: 00:33:54.716431 self-stabilizing-binary-consensus.go:407: RECEIVE j=3 flag=1 r=1 est={0 1} aux={0}
INFO: 00:33:54.716626 self-stabilizing-binary-consensus.go:424: est[1][3]={0 1} aux[1][3]={0}
INFO: 00:33:54.718466 self-stabilizing-binary-consensus.go:431: SEND flag=0 r=1 est={1} aux={0}
INFO: 00:33:54.720032 self-stabilizing-binary-consensus.go:407: RECEIVE j=0 flag=0 r=1 est={0} aux={1}
INFO: 00:33:54.720069 self-stabilizing-binary-consensus.go:424: est[1][0]={0 1} aux[1][0]={1}
INFO: 00:33:54.722096 self-stabilizing-binary-consensus.go:407: RECEIVE j=1 flag=0 r=1 est={0} aux={0}
INFO: 00:33:54.722125 self-stabilizing-binary-consensus.go:424: est[1][1]={0 1} aux[1][1]={0}
INFO: 00:33:56.696397 self-stabilizing-binary-consensus.go:407: RECEIVE j=1 flag=1 r=1 est={0 1} aux={0}
INFO: 00:33:56.696417 self-stabilizing-binary-consensus.go:424: est[1][1]={0 1} aux[1][1]={0}
INFO: 00:33:56.698156 self-stabilizing-binary-consensus.go:431: SEND flag=0 r=1 est={1} aux={0}
INFO: 00:33:56.699857 self-stabilizing-binary-consensus.go:407: RECEIVE j=0 flag=0 r=1 est={0} aux={1}
INFO: 00:33:56.699889 self-stabilizing-binary-consensus.go:424: est[1][0]={0 1} aux[1][0]={1}
INFO: 00:33:56.701340 self-stabilizing-binary-consensus.go:181: binValues(1,3)={0 1}
INFO: 00:33:56.701369 self-stabilizing-binary-consensus.go:208: infoResults()={}
INFO: 00:33:56.701377 self-stabilizing-binary-consensus.go:90: round=1 repeat=12
INFO: 00:33:56.701382 self-stabilizing-binary-consensus.go:181: binValues(1,3)={0 1}
INFO: 00:33:56.701386 self-stabilizing-binary-consensus.go:181: binValues(1,2)={0 1}
INFO: 00:33:56.702553 self-stabilizing-binary-consensus.go:407: RECEIVE j=3 flag=0 r=1 est={1} aux={0}
INFO: 00:33:56.702594 self-stabilizing-binary-consensus.go:424: est[1][3]={0 1} aux[1][3]={0}
INFO: 00:33:56.703016 self-stabilizing-binary-consensus.go:138: SEND flag=1 r=1 est={0 1} aux={0}
INFO: 00:33:56.705843 self-stabilizing-binary-consensus.go:407: RECEIVE j=0 flag=0 r=1 est={0} aux={1}
INFO: 00:33:56.705870 self-stabilizing-binary-consensus.go:424: est[1][0]={0 1} aux[1][0]={1}
INFO: 00:33:56.707669 self-stabilizing-binary-consensus.go:407: RECEIVE j=1 flag=0 r=1 est={0} aux={0}
INFO: 00:33:56.707695 self-stabilizing-binary-consensus.go:424: est[1][1]={0 1} aux[1][1]={0}
INFO: 00:33:56.709485 self-stabilizing-binary-consensus.go:407: RECEIVE j=3 flag=0 r=1 est={1} aux={0}
INFO: 00:33:56.709519 self-stabilizing-binary-consensus.go:424: est[1][3]={0 1} aux[1][3]={0}
INFO: 00:33:56.720641 self-stabilizing-binary-consensus.go:407: RECEIVE j=3 flag=1 r=1 est={0 1} aux={0}
INFO: 00:33:56.720680 self-stabilizing-binary-consensus.go:424: est[1][3]={0 1} aux[1][3]={0}
INFO: 00:33:56.725844 self-stabilizing-binary-consensus.go:431: SEND flag=0 r=1 est={1} aux={0}
INFO: 00:33:56.726012 self-stabilizing-binary-consensus.go:407: RECEIVE j=0 flag=0 r=1 est={0} aux={1}
INFO: 00:33:56.726038 self-stabilizing-binary-consensus.go:424: est[1][0]={0 1} aux[1][0]={1}
INFO: 00:33:56.726892 self-stabilizing-binary-consensus.go:407: RECEIVE j=1 flag=0 r=1 est={0} aux={0}
INFO: 00:33:56.726925 self-stabilizing-binary-consensus.go:424: est[1][1]={0 1} aux[1][1]={0}
INFO: 00:33:58.704882 self-stabilizing-binary-consensus.go:181: binValues(1,3)={0 1}
INFO: 00:33:58.704909 self-stabilizing-binary-consensus.go:208: infoResults()={}
INFO: 00:33:58.704923 self-stabilizing-binary-consensus.go:90: round=1 repeat=13
INFO: 00:33:58.704928 self-stabilizing-binary-consensus.go:181: binValues(1,3)={0 1}
INFO: 00:33:58.704932 self-stabilizing-binary-consensus.go:181: binValues(1,2)={0 1}
INFO: 00:33:58.706415 self-stabilizing-binary-consensus.go:407: RECEIVE j=0 flag=0 r=1 est={0} aux={1}
INFO: 00:33:58.706449 self-stabilizing-binary-consensus.go:424: est[1][0]={0 1} aux[1][0]={1}
INFO: 00:33:58.706613 self-stabilizing-binary-consensus.go:407: RECEIVE j=3 flag=0 r=1 est={1} aux={0}
INFO: 00:33:58.706645 self-stabilizing-binary-consensus.go:424: est[1][3]={0 1} aux[1][3]={0}
INFO: 00:33:58.706955 self-stabilizing-binary-consensus.go:407: RECEIVE j=1 flag=1 r=1 est={0 1} aux={0}
INFO: 00:33:58.706985 self-stabilizing-binary-consensus.go:424: est[1][1]={0 1} aux[1][1]={0}
INFO: 00:33:58.708316 self-stabilizing-binary-consensus.go:138: SEND flag=1 r=1 est={0 1} aux={0}
INFO: 00:33:58.714763 self-stabilizing-binary-consensus.go:431: SEND flag=0 r=1 est={1} aux={0}
INFO: 00:33:58.714817 self-stabilizing-binary-consensus.go:407: RECEIVE j=3 flag=0 r=1 est={1} aux={0}
INFO: 00:33:58.714840 self-stabilizing-binary-consensus.go:424: est[1][3]={0 1} aux[1][3]={0}
INFO: 00:33:58.714861 self-stabilizing-binary-consensus.go:407: RECEIVE j=0 flag=0 r=1 est={0} aux={1}
INFO: 00:33:58.714916 self-stabilizing-binary-consensus.go:424: est[1][0]={0 1} aux[1][0]={1}
INFO: 00:33:58.715041 self-stabilizing-binary-consensus.go:407: RECEIVE j=1 flag=0 r=1 est={0} aux={0}
INFO: 00:33:58.715054 self-stabilizing-binary-consensus.go:424: est[1][1]={0 1} aux[1][1]={0}
INFO: 00:33:58.723366 self-stabilizing-binary-consensus.go:407: RECEIVE j=3 flag=1 r=1 est={0 1} aux={0}
INFO: 00:33:58.723423 self-stabilizing-binary-consensus.go:424: est[1][3]={0 1} aux[1][3]={0}
INFO: 00:33:58.725700 self-stabilizing-binary-consensus.go:431: SEND flag=0 r=1 est={1} aux={0}
INFO: 00:33:58.726364 self-stabilizing-binary-consensus.go:407: RECEIVE j=0 flag=0 r=1 est={0} aux={1}
INFO: 00:33:58.726404 self-stabilizing-binary-consensus.go:424: est[1][0]={0 1} aux[1][0]={1}
INFO: 00:33:58.728800 self-stabilizing-binary-consensus.go:407: RECEIVE j=1 flag=0 r=1 est={0} aux={0}
INFO: 00:33:58.728834 self-stabilizing-binary-consensus.go:424: est[1][1]={0 1} aux[1][1]={0}
INFO: 00:34:00.708713 self-stabilizing-binary-consensus.go:181: binValues(1,3)={0 1}
INFO: 00:34:00.708752 self-stabilizing-binary-consensus.go:208: infoResults()={}
INFO: 00:34:00.708759 self-stabilizing-binary-consensus.go:90: round=1 repeat=14
INFO: 00:34:00.708764 self-stabilizing-binary-consensus.go:181: binValues(1,3)={0 1}
INFO: 00:34:00.708768 self-stabilizing-binary-consensus.go:181: binValues(1,2)={0 1}
INFO: 00:34:00.710491 self-stabilizing-binary-consensus.go:138: SEND flag=1 r=1 est={0 1} aux={0}
INFO: 00:34:00.712594 self-stabilizing-binary-consensus.go:407: RECEIVE j=1 flag=1 r=1 est={0 1} aux={0}
INFO: 00:34:00.712609 self-stabilizing-binary-consensus.go:424: est[1][1]={0 1} aux[1][1]={0}
INFO: 00:34:00.717509 self-stabilizing-binary-consensus.go:431: SEND flag=0 r=1 est={1} aux={0}
INFO: 00:34:00.717555 self-stabilizing-binary-consensus.go:407: RECEIVE j=0 flag=0 r=1 est={0} aux={1}
INFO: 00:34:00.717605 self-stabilizing-binary-consensus.go:424: est[1][0]={0 1} aux[1][0]={1}
INFO: 00:34:00.717643 self-stabilizing-binary-consensus.go:407: RECEIVE j=3 flag=0 r=1 est={1} aux={0}
INFO: 00:34:00.717678 self-stabilizing-binary-consensus.go:424: est[1][3]={0 1} aux[1][3]={0}
INFO: 00:34:00.718505 self-stabilizing-binary-consensus.go:407: RECEIVE j=0 flag=0 r=1 est={0} aux={1}
INFO: 00:34:00.718548 self-stabilizing-binary-consensus.go:424: est[1][0]={0 1} aux[1][0]={1}
INFO: 00:34:00.719440 self-stabilizing-binary-consensus.go:407: RECEIVE j=1 flag=0 r=1 est={0} aux={0}
INFO: 00:34:00.719985 self-stabilizing-binary-consensus.go:424: est[1][1]={0 1} aux[1][1]={0}
INFO: 00:34:00.722633 self-stabilizing-binary-consensus.go:407: RECEIVE j=3 flag=0 r=1 est={1} aux={0}
INFO: 00:34:00.722684 self-stabilizing-binary-consensus.go:424: est[1][3]={0 1} aux[1][3]={0}
INFO: 00:34:00.727127 self-stabilizing-binary-consensus.go:407: RECEIVE j=3 flag=1 r=1 est={0 1} aux={0}
INFO: 00:34:00.727229 self-stabilizing-binary-consensus.go:424: est[1][3]={0 1} aux[1][3]={0}
INFO: 00:34:00.729225 self-stabilizing-binary-consensus.go:431: SEND flag=0 r=1 est={1} aux={0}
INFO: 00:34:00.730670 self-stabilizing-binary-consensus.go:407: RECEIVE j=0 flag=0 r=1 est={0} aux={1}
INFO: 00:34:00.730713 self-stabilizing-binary-consensus.go:424: est[1][0]={0 1} aux[1][0]={1}
INFO: 00:34:00.733516 self-stabilizing-binary-consensus.go:407: RECEIVE j=1 flag=0 r=1 est={0} aux={0}
INFO: 00:34:00.733567 self-stabilizing-binary-consensus.go:424: est[1][1]={0 1} aux[1][1]={0}
INFO: 00:34:02.711159 self-stabilizing-binary-consensus.go:181: binValues(1,3)={0 1}
INFO: 00:34:02.711353 self-stabilizing-binary-consensus.go:208: infoResults()={}
INFO: 00:34:02.711386 self-stabilizing-binary-consensus.go:90: round=1 repeat=15
INFO: 00:34:02.711405 self-stabilizing-binary-consensus.go:181: binValues(1,3)={0 1}
INFO: 00:34:02.711419 self-stabilizing-binary-consensus.go:181: binValues(1,2)={0 1}
INFO: 00:34:02.717094 self-stabilizing-binary-consensus.go:138: SEND flag=1 r=1 est={0 1} aux={0}
INFO: 00:34:02.725720 self-stabilizing-binary-consensus.go:407: RECEIVE j=0 flag=0 r=1 est={0} aux={1}
INFO: 00:34:02.725826 self-stabilizing-binary-consensus.go:424: est[1][0]={0 1} aux[1][0]={1}
INFO: 00:34:02.727718 self-stabilizing-binary-consensus.go:407: RECEIVE j=3 flag=0 r=1 est={1} aux={0}
INFO: 00:34:02.727791 self-stabilizing-binary-consensus.go:424: est[1][3]={0 1} aux[1][3]={0}
INFO: 00:34:02.732587 self-stabilizing-binary-consensus.go:407: RECEIVE j=1 flag=0 r=1 est={0} aux={0}
INFO: 00:34:02.732635 self-stabilizing-binary-consensus.go:424: est[1][1]={0 1} aux[1][1]={0}
INFO: 00:34:02.734174 self-stabilizing-binary-consensus.go:407: RECEIVE j=3 flag=1 r=1 est={0 1} aux={0}
INFO: 00:34:02.734264 self-stabilizing-binary-consensus.go:424: est[1][3]={0 1} aux[1][3]={0}
INFO: 00:34:02.737906 self-stabilizing-binary-consensus.go:431: SEND flag=0 r=1 est={1} aux={0}
INFO: 00:34:02.738459 self-stabilizing-binary-consensus.go:407: RECEIVE j=0 flag=0 r=1 est={0} aux={1}
INFO: 00:34:02.738504 self-stabilizing-binary-consensus.go:424: est[1][0]={0 1} aux[1][0]={1}
INFO: 00:34:02.740149 self-stabilizing-binary-consensus.go:407: RECEIVE j=1 flag=1 r=1 est={0 1} aux={0}
INFO: 00:34:02.740223 self-stabilizing-binary-consensus.go:424: est[1][1]={0 1} aux[1][1]={0}
INFO: 00:34:02.742212 self-stabilizing-binary-consensus.go:431: SEND flag=0 r=1 est={1} aux={0}
INFO: 00:34:02.743079 self-stabilizing-binary-consensus.go:407: RECEIVE j=1 flag=0 r=1 est={0} aux={0}
INFO: 00:34:02.743116 self-stabilizing-binary-consensus.go:424: est[1][1]={0 1} aux[1][1]={0}
INFO: 00:34:02.746397 self-stabilizing-binary-consensus.go:407: RECEIVE j=0 flag=0 r=1 est={0} aux={1}
INFO: 00:34:02.746442 self-stabilizing-binary-consensus.go:424: est[1][0]={0 1} aux[1][0]={1}
INFO: 00:34:02.748471 self-stabilizing-binary-consensus.go:407: RECEIVE j=3 flag=0 r=1 est={1} aux={0}
INFO: 00:34:02.748530 self-stabilizing-binary-consensus.go:424: est[1][3]={0 1} aux[1][3]={0}
INFO: 00:34:04.718053 self-stabilizing-binary-consensus.go:181: binValues(1,3)={0 1}
INFO: 00:34:04.718487 self-stabilizing-binary-consensus.go:208: infoResults()={}
INFO: 00:34:04.718568 self-stabilizing-binary-consensus.go:90: round=1 repeat=16
INFO: 00:34:04.718579 self-stabilizing-binary-consensus.go:181: binValues(1,3)={0 1}
INFO: 00:34:04.718584 self-stabilizing-binary-consensus.go:181: binValues(1,2)={0 1}
INFO: 00:34:04.721081 self-stabilizing-binary-consensus.go:138: SEND flag=1 r=1 est={0 1} aux={0}
INFO: 00:34:04.724052 self-stabilizing-binary-consensus.go:407: RECEIVE j=3 flag=0 r=1 est={1} aux={0}
INFO: 00:34:04.724071 self-stabilizing-binary-consensus.go:424: est[1][3]={0 1} aux[1][3]={0}
INFO: 00:34:04.726539 self-stabilizing-binary-consensus.go:407: RECEIVE j=0 flag=0 r=1 est={0} aux={1}
INFO: 00:34:04.726579 self-stabilizing-binary-consensus.go:424: est[1][0]={0 1} aux[1][0]={1}
INFO: 00:34:04.728129 self-stabilizing-binary-consensus.go:407: RECEIVE j=1 flag=0 r=1 est={0} aux={0}
INFO: 00:34:04.728168 self-stabilizing-binary-consensus.go:424: est[1][1]={0 1} aux[1][1]={0}
INFO: 00:34:04.738755 self-stabilizing-binary-consensus.go:407: RECEIVE j=3 flag=1 r=1 est={0 1} aux={0}
INFO: 00:34:04.738783 self-stabilizing-binary-consensus.go:424: est[1][3]={0 1} aux[1][3]={0}
INFO: 00:34:04.741231 self-stabilizing-binary-consensus.go:431: SEND flag=0 r=1 est={1} aux={0}
INFO: 00:34:04.741266 self-stabilizing-binary-consensus.go:407: RECEIVE j=1 flag=0 r=1 est={0} aux={0}
INFO: 00:34:04.741273 self-stabilizing-binary-consensus.go:424: est[1][1]={0 1} aux[1][1]={0}
INFO: 00:34:04.741279 self-stabilizing-binary-consensus.go:407: RECEIVE j=0 flag=0 r=1 est={0} aux={1}
INFO: 00:34:04.741283 self-stabilizing-binary-consensus.go:424: est[1][0]={0 1} aux[1][0]={1}
INFO: 00:34:04.750621 self-stabilizing-binary-consensus.go:407: RECEIVE j=1 flag=1 r=1 est={0 1} aux={0}
INFO: 00:34:04.750658 self-stabilizing-binary-consensus.go:424: est[1][1]={0 1} aux[1][1]={0}
INFO: 00:34:04.752571 self-stabilizing-binary-consensus.go:431: SEND flag=0 r=1 est={1} aux={0}
INFO: 00:34:04.753811 self-stabilizing-binary-consensus.go:407: RECEIVE j=3 flag=0 r=1 est={1} aux={0}
INFO: 00:34:04.754390 self-stabilizing-binary-consensus.go:424: est[1][3]={0 1} aux[1][3]={0}
INFO: 00:34:04.756880 self-stabilizing-binary-consensus.go:407: RECEIVE j=0 flag=0 r=1 est={0} aux={1}
INFO: 00:34:04.756918 self-stabilizing-binary-consensus.go:424: est[1][0]={0 1} aux[1][0]={1}
INFO: 00:34:06.721226 self-stabilizing-binary-consensus.go:181: binValues(1,3)={0 1}
INFO: 00:34:06.721282 self-stabilizing-binary-consensus.go:208: infoResults()={}
INFO: 00:34:06.721293 self-stabilizing-binary-consensus.go:90: round=1 repeat=17
INFO: 00:34:06.721301 self-stabilizing-binary-consensus.go:181: binValues(1,3)={0 1}
INFO: 00:34:06.721307 self-stabilizing-binary-consensus.go:181: binValues(1,2)={0 1}
INFO: 00:34:06.723626 self-stabilizing-binary-consensus.go:138: SEND flag=1 r=1 est={0 1} aux={0}
INFO: 00:34:06.727081 self-stabilizing-binary-consensus.go:407: RECEIVE j=1 flag=0 r=1 est={0} aux={0}
INFO: 00:34:06.727139 self-stabilizing-binary-consensus.go:424: est[1][1]={0 1} aux[1][1]={0}
INFO: 00:34:06.728370 self-stabilizing-binary-consensus.go:407: RECEIVE j=0 flag=0 r=1 est={0} aux={1}
INFO: 00:34:06.728421 self-stabilizing-binary-consensus.go:424: est[1][0]={0 1} aux[1][0]={1}
INFO: 00:34:06.729766 self-stabilizing-binary-consensus.go:407: RECEIVE j=3 flag=0 r=1 est={1} aux={0}
INFO: 00:34:06.729814 self-stabilizing-binary-consensus.go:424: est[1][3]={0 1} aux[1][3]={0}
INFO: 00:34:06.738492 self-stabilizing-binary-consensus.go:407: RECEIVE j=3 flag=1 r=1 est={0 1} aux={0}
INFO: 00:34:06.738526 self-stabilizing-binary-consensus.go:424: est[1][3]={0 1} aux[1][3]={0}
INFO: 00:34:06.740547 self-stabilizing-binary-consensus.go:431: SEND flag=0 r=1 est={1} aux={0}
INFO: 00:34:06.742192 self-stabilizing-binary-consensus.go:407: RECEIVE j=0 flag=0 r=1 est={0} aux={1}
INFO: 00:34:06.742231 self-stabilizing-binary-consensus.go:424: est[1][0]={0 1} aux[1][0]={1}
INFO: 00:34:06.744756 self-stabilizing-binary-consensus.go:407: RECEIVE j=1 flag=0 r=1 est={0} aux={0}
INFO: 00:34:06.744796 self-stabilizing-binary-consensus.go:424: est[1][1]={0 1} aux[1][1]={0}
INFO: 00:34:06.753943 self-stabilizing-binary-consensus.go:407: RECEIVE j=1 flag=1 r=1 est={0 1} aux={0}
INFO: 00:34:06.753958 self-stabilizing-binary-consensus.go:424: est[1][1]={0 1} aux[1][1]={0}
INFO: 00:34:06.755868 self-stabilizing-binary-consensus.go:431: SEND flag=0 r=1 est={1} aux={0}
INFO: 00:34:06.757281 self-stabilizing-binary-consensus.go:407: RECEIVE j=3 flag=0 r=1 est={1} aux={0}
INFO: 00:34:06.757320 self-stabilizing-binary-consensus.go:424: est[1][3]={0 1} aux[1][3]={0}
INFO: 00:34:06.760428 self-stabilizing-binary-consensus.go:407: RECEIVE j=0 flag=0 r=1 est={0} aux={1}
INFO: 00:34:06.760464 self-stabilizing-binary-consensus.go:424: est[1][0]={0 1} aux[1][0]={1}
INFO: 00:34:08.723905 self-stabilizing-binary-consensus.go:181: binValues(1,3)={0 1}
INFO: 00:34:08.724232 self-stabilizing-binary-consensus.go:208: infoResults()={}
INFO: 00:34:08.724451 self-stabilizing-binary-consensus.go:90: round=1 repeat=18
INFO: 00:34:08.724548 self-stabilizing-binary-consensus.go:181: binValues(1,3)={0 1}
INFO: 00:34:08.724612 self-stabilizing-binary-consensus.go:181: binValues(1,2)={0 1}
INFO: 00:34:08.731232 self-stabilizing-binary-consensus.go:138: SEND flag=1 r=1 est={0 1} aux={0}
INFO: 00:34:08.743909 self-stabilizing-binary-consensus.go:407: RECEIVE j=3 flag=0 r=1 est={1} aux={0}
INFO: 00:34:08.743961 self-stabilizing-binary-consensus.go:424: est[1][3]={0 1} aux[1][3]={0}
INFO: 00:34:08.745698 self-stabilizing-binary-consensus.go:407: RECEIVE j=0 flag=0 r=1 est={0} aux={1}
INFO: 00:34:08.745761 self-stabilizing-binary-consensus.go:424: est[1][0]={0 1} aux[1][0]={1}
INFO: 00:34:08.750889 self-stabilizing-binary-consensus.go:407: RECEIVE j=3 flag=1 r=1 est={0 1} aux={0}
INFO: 00:34:08.750909 self-stabilizing-binary-consensus.go:424: est[1][3]={0 1} aux[1][3]={0}
INFO: 00:34:08.758687 self-stabilizing-binary-consensus.go:431: SEND flag=0 r=1 est={1} aux={0}
INFO: 00:34:08.758749 self-stabilizing-binary-consensus.go:407: RECEIVE j=1 flag=0 r=1 est={0} aux={0}
INFO: 00:34:08.758761 self-stabilizing-binary-consensus.go:424: est[1][1]={0 1} aux[1][1]={0}
INFO: 00:34:08.759043 self-stabilizing-binary-consensus.go:407: RECEIVE j=1 flag=0 r=1 est={0} aux={0}
INFO: 00:34:08.759070 self-stabilizing-binary-consensus.go:424: est[1][1]={0 1} aux[1][1]={0}
INFO: 00:34:08.760555 self-stabilizing-binary-consensus.go:407: RECEIVE j=1 flag=1 r=1 est={0 1} aux={0}
INFO: 00:34:08.760585 self-stabilizing-binary-consensus.go:424: est[1][1]={0 1} aux[1][1]={0}
INFO: 00:34:08.765406 self-stabilizing-binary-consensus.go:431: SEND flag=0 r=1 est={1} aux={0}
INFO: 00:34:08.765435 self-stabilizing-binary-consensus.go:407: RECEIVE j=0 flag=0 r=1 est={0} aux={1}
INFO: 00:34:08.765444 self-stabilizing-binary-consensus.go:424: est[1][0]={0 1} aux[1][0]={1}
INFO: 00:34:08.765924 self-stabilizing-binary-consensus.go:407: RECEIVE j=3 flag=0 r=1 est={1} aux={0}
INFO: 00:34:08.765949 self-stabilizing-binary-consensus.go:424: est[1][3]={0 1} aux[1][3]={0}
INFO: 00:34:08.767569 self-stabilizing-binary-consensus.go:407: RECEIVE j=0 flag=0 r=1 est={0} aux={1}
INFO: 00:34:08.767593 self-stabilizing-binary-consensus.go:424: est[1][0]={0 1} aux[1][0]={1}
INFO: 00:34:10.732719 self-stabilizing-binary-consensus.go:181: binValues(1,3)={0 1}
INFO: 00:34:10.732942 self-stabilizing-binary-consensus.go:208: infoResults()={}
INFO: 00:34:10.733017 self-stabilizing-binary-consensus.go:90: round=1 repeat=19
INFO: 00:34:10.733046 self-stabilizing-binary-consensus.go:181: binValues(1,3)={0 1}
INFO: 00:34:10.733064 self-stabilizing-binary-consensus.go:181: binValues(1,2)={0 1}
INFO: 00:34:10.740741 self-stabilizing-binary-consensus.go:138: SEND flag=1 r=1 est={0 1} aux={0}
INFO: 00:34:10.748567 self-stabilizing-binary-consensus.go:407: RECEIVE j=3 flag=0 r=1 est={1} aux={0}
INFO: 00:34:10.748620 self-stabilizing-binary-consensus.go:424: est[1][3]={0 1} aux[1][3]={0}
INFO: 00:34:10.751522 self-stabilizing-binary-consensus.go:407: RECEIVE j=1 flag=0 r=1 est={0} aux={0}
INFO: 00:34:10.751547 self-stabilizing-binary-consensus.go:424: est[1][1]={0 1} aux[1][1]={0}
INFO: 00:34:10.753552 self-stabilizing-binary-consensus.go:407: RECEIVE j=0 flag=0 r=1 est={0} aux={1}
INFO: 00:34:10.753572 self-stabilizing-binary-consensus.go:424: est[1][0]={0 1} aux[1][0]={1}
INFO: 00:34:10.761575 self-stabilizing-binary-consensus.go:407: RECEIVE j=3 flag=1 r=1 est={0 1} aux={0}
INFO: 00:34:10.761657 self-stabilizing-binary-consensus.go:424: est[1][3]={0 1} aux[1][3]={0}
INFO: 00:34:10.767275 self-stabilizing-binary-consensus.go:431: SEND flag=0 r=1 est={1} aux={0}
INFO: 00:34:10.769399 self-stabilizing-binary-consensus.go:407: RECEIVE j=1 flag=1 r=1 est={0 1} aux={0}
INFO: 00:34:10.769428 self-stabilizing-binary-consensus.go:424: est[1][1]={0 1} aux[1][1]={0}
INFO: 00:34:10.775318 self-stabilizing-binary-consensus.go:431: SEND flag=0 r=1 est={1} aux={0}
INFO: 00:34:10.775377 self-stabilizing-binary-consensus.go:407: RECEIVE j=0 flag=0 r=1 est={0} aux={1}
INFO: 00:34:10.775400 self-stabilizing-binary-consensus.go:424: est[1][0]={0 1} aux[1][0]={1}
INFO: 00:34:10.775419 self-stabilizing-binary-consensus.go:407: RECEIVE j=0 flag=0 r=1 est={0} aux={1}
INFO: 00:34:10.775436 self-stabilizing-binary-consensus.go:424: est[1][0]={0 1} aux[1][0]={1}
INFO: 00:34:10.775454 self-stabilizing-binary-consensus.go:407: RECEIVE j=1 flag=0 r=1 est={0} aux={0}
INFO: 00:34:10.775471 self-stabilizing-binary-consensus.go:424: est[1][1]={0 1} aux[1][1]={0}
INFO: 00:34:10.776270 self-stabilizing-binary-consensus.go:407: RECEIVE j=3 flag=0 r=1 est={1} aux={0}
INFO: 00:34:10.776286 self-stabilizing-binary-consensus.go:424: est[1][3]={0 1} aux[1][3]={0}
