INFO: 16:38:43.252171 main.go:29: ID:2 | N:4 | F:1 | Clients:1 | Scenario:NORMAL | Remote:false

INFO: 16:38:43.252525 messenger.go:90: Receive from Server 0 on tcp://*:4200
INFO: 16:38:43.252713 messenger.go:107: Send to Server 0 on tcp://localhost:4002
INFO: 16:38:43.252774 messenger.go:90: Receive from Server 1 on tcp://*:4201
INFO: 16:38:43.252818 messenger.go:107: Send to Server 1 on tcp://localhost:4102
INFO: 16:38:43.252861 messenger.go:90: Receive from Server 3 on tcp://*:4203
INFO: 16:38:43.252901 messenger.go:107: Send to Server 3 on tcp://localhost:4302
INFO: 16:38:43.252923 messenger.go:113: -----------------------------------------
INFO: 16:38:43.252962 messenger.go:135: Requests from Client 0 on tcp://*:7200
INFO: 16:38:43.253010 messenger.go:152: Response to Client 0 on tcp://*:10200
INFO: 16:38:43.253032 messenger.go:155: -----------------------------------------

INFO: 16:38:43.253693 main.go:83: Initial estimate value:  0
INFO: 16:38:43.253749 self-stabilizing-binary-consensus.go:93: round=1 repeat=1
INFO: 16:38:43.253772 self-stabilizing-binary-consensus.go:200: binValues(1,3)={}
INFO: 16:38:43.253789 self-stabilizing-binary-consensus.go:200: binValues(1,2)={}
INFO: 16:38:43.255569 self-stabilizing-binary-consensus.go:141: SEND flag=1 r=1 est={0} aux={}
INFO: 16:38:43.387958 self-stabilizing-binary-consensus.go:433: RECEIVE j=1 flag=1 r=1 est={0} aux={}
INFO: 16:38:43.387987 self-stabilizing-binary-consensus.go:435: est[1][1]={0} aux[1][1]={}
INFO: 16:38:43.389796 self-stabilizing-binary-consensus.go:443: SEND flag=0 r=1 est={0} aux={}
INFO: 16:38:43.393154 self-stabilizing-binary-consensus.go:433: RECEIVE j=1 flag=0 r=1 est={0} aux={}
INFO: 16:38:43.395710 self-stabilizing-binary-consensus.go:435: est[1][1]={0} aux[1][1]={}
INFO: 16:38:43.395965 self-stabilizing-binary-consensus.go:433: RECEIVE j=0 flag=1 r=1 est={0} aux={}
INFO: 16:38:43.397130 self-stabilizing-binary-consensus.go:435: est[1][0]={0} aux[1][0]={}
INFO: 16:38:43.405192 self-stabilizing-binary-consensus.go:443: SEND flag=0 r=1 est={0} aux={}
INFO: 16:38:43.405222 self-stabilizing-binary-consensus.go:433: RECEIVE j=1 flag=0 r=1 est={0} aux={}
INFO: 16:38:43.405231 self-stabilizing-binary-consensus.go:435: est[1][1]={0} aux[1][1]={}
INFO: 16:38:43.405236 self-stabilizing-binary-consensus.go:433: RECEIVE j=0 flag=0 r=1 est={0} aux={}
INFO: 16:38:43.405241 self-stabilizing-binary-consensus.go:435: est[1][0]={0} aux[1][0]={}
INFO: 16:38:43.405246 self-stabilizing-binary-consensus.go:433: RECEIVE j=1 flag=0 r=1 est={0} aux={}
INFO: 16:38:43.405250 self-stabilizing-binary-consensus.go:435: est[1][1]={0} aux[1][1]={}
INFO: 16:38:43.405254 self-stabilizing-binary-consensus.go:433: RECEIVE j=0 flag=0 r=1 est={0} aux={}
INFO: 16:38:43.405272 self-stabilizing-binary-consensus.go:435: est[1][0]={0} aux[1][0]={}
INFO: 16:38:43.405280 self-stabilizing-binary-consensus.go:433: RECEIVE j=0 flag=0 r=1 est={0} aux={}
INFO: 16:38:43.405284 self-stabilizing-binary-consensus.go:435: est[1][0]={0} aux[1][0]={}
INFO: 16:38:43.410391 self-stabilizing-binary-consensus.go:433: RECEIVE j=3 flag=1 r=1 est={0} aux={}
INFO: 16:38:43.410430 self-stabilizing-binary-consensus.go:435: est[1][3]={0} aux[1][3]={}
INFO: 16:38:43.413078 self-stabilizing-binary-consensus.go:443: SEND flag=0 r=1 est={0} aux={}
INFO: 16:38:43.413142 self-stabilizing-binary-consensus.go:433: RECEIVE j=3 flag=0 r=1 est={0} aux={}
INFO: 16:38:43.413172 self-stabilizing-binary-consensus.go:435: est[1][3]={0} aux[1][3]={}
INFO: 16:38:43.413193 self-stabilizing-binary-consensus.go:433: RECEIVE j=3 flag=0 r=1 est={0} aux={}
INFO: 16:38:43.413213 self-stabilizing-binary-consensus.go:435: est[1][3]={0} aux[1][3]={}
INFO: 16:38:43.413868 self-stabilizing-binary-consensus.go:433: RECEIVE j=3 flag=0 r=1 est={0} aux={}
INFO: 16:38:43.413903 self-stabilizing-binary-consensus.go:435: est[1][3]={0} aux[1][3]={}
INFO: 16:38:45.237413 self-stabilizing-binary-consensus.go:433: RECEIVE j=0 flag=1 r=1 est={0} aux={0}
INFO: 16:38:45.237445 self-stabilizing-binary-consensus.go:435: est[1][0]={0} aux[1][0]={0}
INFO: 16:38:45.244389 self-stabilizing-binary-consensus.go:443: SEND flag=0 r=1 est={0} aux={}
INFO: 16:38:45.244443 self-stabilizing-binary-consensus.go:433: RECEIVE j=3 flag=0 r=1 est={0} aux={}
INFO: 16:38:45.244451 self-stabilizing-binary-consensus.go:435: est[1][3]={0} aux[1][3]={}
INFO: 16:38:45.244457 self-stabilizing-binary-consensus.go:433: RECEIVE j=1 flag=1 r=1 est={0} aux={0}
INFO: 16:38:45.244462 self-stabilizing-binary-consensus.go:435: est[1][1]={0} aux[1][1]={0}
INFO: 16:38:45.257269 self-stabilizing-binary-consensus.go:200: binValues(1,3)={0}
INFO: 16:38:45.257350 self-stabilizing-binary-consensus.go:227: infoResults()={}
INFO: 16:38:45.258222 self-stabilizing-binary-consensus.go:93: round=1 repeat=2
INFO: 16:38:45.258282 self-stabilizing-binary-consensus.go:200: binValues(1,3)={0}
INFO: 16:38:45.258321 self-stabilizing-binary-consensus.go:132: aux[1][2]=0
INFO: 16:38:45.258350 self-stabilizing-binary-consensus.go:200: binValues(1,2)={0}
INFO: 16:38:45.260524 self-stabilizing-binary-consensus.go:443: SEND flag=0 r=1 est={0} aux={0}
INFO: 16:38:45.263889 self-stabilizing-binary-consensus.go:433: RECEIVE j=0 flag=0 r=1 est={0} aux={0}
INFO: 16:38:45.263993 self-stabilizing-binary-consensus.go:435: est[1][0]={0} aux[1][0]={0}
INFO: 16:38:45.264349 self-stabilizing-binary-consensus.go:141: SEND flag=1 r=1 est={0} aux={0}
INFO: 16:38:45.266264 self-stabilizing-binary-consensus.go:433: RECEIVE j=3 flag=1 r=1 est={0} aux={0}
INFO: 16:38:45.267660 self-stabilizing-binary-consensus.go:435: est[1][3]={0} aux[1][3]={0}
INFO: 16:38:45.295444 self-stabilizing-binary-consensus.go:443: SEND flag=0 r=1 est={0} aux={0}
INFO: 16:38:45.295486 self-stabilizing-binary-consensus.go:433: RECEIVE j=0 flag=0 r=1 est={0} aux={0}
INFO: 16:38:45.295945 self-stabilizing-binary-consensus.go:435: est[1][0]={0} aux[1][0]={0}
INFO: 16:38:45.295983 self-stabilizing-binary-consensus.go:433: RECEIVE j=0 flag=0 r=1 est={0} aux={0}
INFO: 16:38:45.296004 self-stabilizing-binary-consensus.go:435: est[1][0]={0} aux[1][0]={0}
INFO: 16:38:45.296025 self-stabilizing-binary-consensus.go:433: RECEIVE j=1 flag=0 r=1 est={0} aux={0}
INFO: 16:38:45.296079 self-stabilizing-binary-consensus.go:435: est[1][1]={0} aux[1][1]={0}
INFO: 16:38:45.297613 self-stabilizing-binary-consensus.go:433: RECEIVE j=1 flag=0 r=1 est={0} aux={0}
INFO: 16:38:45.297637 self-stabilizing-binary-consensus.go:435: est[1][1]={0} aux[1][1]={0}
INFO: 16:38:45.297658 self-stabilizing-binary-consensus.go:433: RECEIVE j=1 flag=0 r=1 est={0} aux={0}
INFO: 16:38:45.297678 self-stabilizing-binary-consensus.go:435: est[1][1]={0} aux[1][1]={0}
INFO: 16:38:45.298139 self-stabilizing-binary-consensus.go:433: RECEIVE j=3 flag=0 r=1 est={0} aux={}
INFO: 16:38:45.298174 self-stabilizing-binary-consensus.go:435: est[1][3]={0} aux[1][3]={}
INFO: 16:38:45.303436 self-stabilizing-binary-consensus.go:433: RECEIVE j=3 flag=0 r=1 est={0} aux={0}
INFO: 16:38:45.303471 self-stabilizing-binary-consensus.go:435: est[1][3]={0} aux[1][3]={0}
INFO: 16:38:47.266269 self-stabilizing-binary-consensus.go:200: binValues(1,3)={0}
INFO: 16:38:47.266301 self-stabilizing-binary-consensus.go:227: infoResults()={0}
INFO: 16:38:47.266322 self-stabilizing-binary-consensus.go:200: binValues(1,3)={0}
INFO: 16:38:47.266341 self-stabilizing-binary-consensus.go:227: infoResults()={0}
INFO: 16:38:47.266360 self-stabilizing-binary-consensus.go:258: randomBit(1)=0
INFO: 16:38:47.266380 self-stabilizing-binary-consensus.go:251: decision=0
INFO: 16:38:47.266454 self-stabilizing-binary-consensus.go:200: binValues(11,2)={}
INFO: 16:38:47.266487 self-stabilizing-binary-consensus.go:93: round=11 repeat=1
INFO: 16:38:47.266544 self-stabilizing-binary-consensus.go:200: binValues(11,3)={}
INFO: 16:38:47.266573 self-stabilizing-binary-consensus.go:200: binValues(11,2)={}
INFO: 16:38:47.268641 self-stabilizing-binary-consensus.go:141: SEND flag=1 r=11 est={0} aux={0}
INFO: 16:38:47.280578 self-stabilizing-binary-consensus.go:433: RECEIVE j=1 flag=1 r=11 est={0} aux={0}
INFO: 16:38:47.280598 self-stabilizing-binary-consensus.go:435: est[11][1]={0} aux[11][1]={0}
INFO: 16:38:47.286361 self-stabilizing-binary-consensus.go:443: SEND flag=0 r=11 est={0} aux={0}
INFO: 16:38:47.286447 self-stabilizing-binary-consensus.go:433: RECEIVE j=0 flag=1 r=11 est={0} aux={0}
INFO: 16:38:47.286476 self-stabilizing-binary-consensus.go:435: est[11][0]={0} aux[11][0]={0}
INFO: 16:38:47.302970 self-stabilizing-binary-consensus.go:443: SEND flag=0 r=11 est={0} aux={0}
INFO: 16:38:47.303041 self-stabilizing-binary-consensus.go:433: RECEIVE j=0 flag=0 r=11 est={0} aux={0}
INFO: 16:38:47.303166 self-stabilizing-binary-consensus.go:435: est[11][0]={0} aux[11][0]={0}
INFO: 16:38:47.303201 self-stabilizing-binary-consensus.go:433: RECEIVE j=1 flag=0 r=11 est={0} aux={0}
INFO: 16:38:47.303222 self-stabilizing-binary-consensus.go:435: est[11][1]={0} aux[11][1]={0}
INFO: 16:38:47.303243 self-stabilizing-binary-consensus.go:433: RECEIVE j=3 flag=1 r=11 est={0} aux={0}
INFO: 16:38:47.303469 self-stabilizing-binary-consensus.go:435: est[11][3]={0} aux[11][3]={0}
INFO: 16:38:47.311299 self-stabilizing-binary-consensus.go:443: SEND flag=0 r=11 est={0} aux={0}
INFO: 16:38:47.317353 self-stabilizing-binary-consensus.go:433: RECEIVE j=3 flag=0 r=11 est={0} aux={0}
INFO: 16:38:47.317491 self-stabilizing-binary-consensus.go:435: est[11][3]={0} aux[11][3]={0}
INFO: 16:38:47.317543 self-stabilizing-binary-consensus.go:433: RECEIVE j=1 flag=0 r=11 est={0} aux={0}
INFO: 16:38:47.317749 self-stabilizing-binary-consensus.go:435: est[11][1]={0} aux[11][1]={0}
INFO: 16:38:47.317796 self-stabilizing-binary-consensus.go:433: RECEIVE j=3 flag=0 r=11 est={0} aux={0}
INFO: 16:38:47.317827 self-stabilizing-binary-consensus.go:435: est[11][3]={0} aux[11][3]={0}
INFO: 16:38:47.318694 self-stabilizing-binary-consensus.go:433: RECEIVE j=0 flag=0 r=11 est={0} aux={0}
INFO: 16:38:47.318734 self-stabilizing-binary-consensus.go:435: est[11][0]={0} aux[11][0]={0}
INFO: 16:38:47.318771 self-stabilizing-binary-consensus.go:433: RECEIVE j=3 flag=0 r=11 est={0} aux={0}
INFO: 16:38:47.318802 self-stabilizing-binary-consensus.go:435: est[11][3]={0} aux[11][3]={0}
INFO: 16:38:47.318846 self-stabilizing-binary-consensus.go:433: RECEIVE j=0 flag=0 r=11 est={0} aux={0}
INFO: 16:38:47.318878 self-stabilizing-binary-consensus.go:435: est[11][0]={0} aux[11][0]={0}
INFO: 16:38:47.318913 self-stabilizing-binary-consensus.go:433: RECEIVE j=1 flag=0 r=11 est={0} aux={0}
INFO: 16:38:47.318944 self-stabilizing-binary-consensus.go:435: est[11][1]={0} aux[11][1]={0}
INFO: 16:38:49.276027 self-stabilizing-binary-consensus.go:200: binValues(11,3)={0}
INFO: 16:38:49.285127 self-stabilizing-binary-consensus.go:227: infoResults()={0}
INFO: 16:38:49.285906 self-stabilizing-binary-consensus.go:200: binValues(11,3)={0}
INFO: 16:38:49.288569 self-stabilizing-binary-consensus.go:227: infoResults()={0}
INFO: 16:38:49.288680 self-stabilizing-binary-consensus.go:258: randomBit(11)=0
INFO: 16:38:49.288770 self-stabilizing-binary-consensus.go:251: decision=0
INFO: 16:38:49.288914 self-stabilizing-binary-consensus.go:200: binValues(11,2)={0}
INFO: 16:38:49.289315 self-stabilizing-binary-consensus.go:251: decision=0
INFO: 16:38:49.289401 self-stabilizing-binary-consensus.go:93: round=11 repeat=1
INFO: 16:38:49.289430 self-stabilizing-binary-consensus.go:200: binValues(11,3)={0}
INFO: 16:38:49.289800 self-stabilizing-binary-consensus.go:200: binValues(11,2)={0}
INFO: 16:38:49.292319 self-stabilizing-binary-consensus.go:141: SEND flag=1 r=11 est={0} aux={0}
INFO: 16:38:49.285115 self-stabilizing-binary-consensus.go:433: RECEIVE j=1 flag=1 r=11 est={0} aux={0}
INFO: 16:38:49.293061 self-stabilizing-binary-consensus.go:435: est[11][1]={0} aux[11][1]={0}
INFO: 16:38:49.316923 self-stabilizing-binary-consensus.go:433: RECEIVE j=3 flag=1 r=11 est={0} aux={0}
INFO: 16:38:49.316977 self-stabilizing-binary-consensus.go:435: est[11][3]={0} aux[11][3]={0}
INFO: 16:38:49.359925 self-stabilizing-binary-consensus.go:443: SEND flag=0 r=11 est={0} aux={0}
INFO: 16:38:49.360099 self-stabilizing-binary-consensus.go:433: RECEIVE j=0 flag=1 r=11 est={0} aux={0}
INFO: 16:38:49.360153 self-stabilizing-binary-consensus.go:435: est[11][0]={0} aux[11][0]={0}
INFO: 16:38:49.432250 self-stabilizing-binary-consensus.go:443: SEND flag=0 r=11 est={0} aux={0}
INFO: 16:38:49.432293 self-stabilizing-binary-consensus.go:433: RECEIVE j=1 flag=0 r=11 est={0} aux={0}
INFO: 16:38:49.432303 self-stabilizing-binary-consensus.go:435: est[11][1]={0} aux[11][1]={0}
INFO: 16:38:49.432312 self-stabilizing-binary-consensus.go:433: RECEIVE j=0 flag=0 r=11 est={0} aux={0}
INFO: 16:38:49.432319 self-stabilizing-binary-consensus.go:435: est[11][0]={0} aux[11][0]={0}
INFO: 16:38:49.432328 self-stabilizing-binary-consensus.go:433: RECEIVE j=0 flag=0 r=11 est={0} aux={0}
INFO: 16:38:49.432335 self-stabilizing-binary-consensus.go:435: est[11][0]={0} aux[11][0]={0}
INFO: 16:38:49.432343 self-stabilizing-binary-consensus.go:433: RECEIVE j=1 flag=0 r=11 est={0} aux={0}
INFO: 16:38:49.432350 self-stabilizing-binary-consensus.go:435: est[11][1]={0} aux[11][1]={0}
INFO: 16:38:49.432358 self-stabilizing-binary-consensus.go:433: RECEIVE j=1 flag=0 r=11 est={0} aux={0}
INFO: 16:38:49.432365 self-stabilizing-binary-consensus.go:435: est[11][1]={0} aux[11][1]={0}
INFO: 16:38:49.432807 self-stabilizing-binary-consensus.go:443: SEND flag=0 r=11 est={0} aux={0}
INFO: 16:38:49.460326 self-stabilizing-binary-consensus.go:433: RECEIVE j=3 flag=0 r=11 est={0} aux={0}
INFO: 16:38:49.460366 self-stabilizing-binary-consensus.go:435: est[11][3]={0} aux[11][3]={0}
INFO: 16:38:49.481043 self-stabilizing-binary-consensus.go:433: RECEIVE j=0 flag=0 r=11 est={0} aux={0}
INFO: 16:38:49.481077 self-stabilizing-binary-consensus.go:435: est[11][0]={0} aux[11][0]={0}
INFO: 16:38:49.491129 self-stabilizing-binary-consensus.go:433: RECEIVE j=3 flag=0 r=11 est={0} aux={0}
INFO: 16:38:49.491556 self-stabilizing-binary-consensus.go:435: est[11][3]={0} aux[11][3]={0}
INFO: 16:38:49.503941 self-stabilizing-binary-consensus.go:433: RECEIVE j=3 flag=0 r=11 est={0} aux={0}
INFO: 16:38:49.503988 self-stabilizing-binary-consensus.go:435: est[11][3]={0} aux[11][3]={0}
INFO: 16:38:51.317500 self-stabilizing-binary-consensus.go:433: RECEIVE j=1 flag=0 r=11 est={0} aux={0}
INFO: 16:38:51.319797 self-stabilizing-binary-consensus.go:435: est[11][1]={0} aux[11][1]={0}
INFO: 16:38:51.319828 self-stabilizing-binary-consensus.go:433: RECEIVE j=1 flag=1 r=11 est={0} aux={0}
INFO: 16:38:51.319837 self-stabilizing-binary-consensus.go:435: est[11][1]={0} aux[11][1]={0}
INFO: 16:38:51.320862 self-stabilizing-binary-consensus.go:200: binValues(11,3)={0}
INFO: 16:38:51.320905 self-stabilizing-binary-consensus.go:227: infoResults()={0}
INFO: 16:38:51.320925 self-stabilizing-binary-consensus.go:200: binValues(11,3)={0}
INFO: 16:38:51.320950 self-stabilizing-binary-consensus.go:227: infoResults()={0}
INFO: 16:38:51.320967 self-stabilizing-binary-consensus.go:258: randomBit(11)=0
INFO: 16:38:51.320984 self-stabilizing-binary-consensus.go:251: decision=0
INFO: 16:38:51.321079 self-stabilizing-binary-consensus.go:200: binValues(11,2)={0}
INFO: 16:38:51.321105 self-stabilizing-binary-consensus.go:251: decision=0
INFO: 16:38:51.323922 self-stabilizing-binary-consensus.go:443: SEND flag=0 r=11 est={0} aux={0}
INFO: 16:38:51.319675 self-stabilizing-binary-consensus.go:433: RECEIVE j=0 flag=1 r=11 est={0} aux={0}
INFO: 16:38:51.325585 self-stabilizing-binary-consensus.go:435: est[11][0]={0} aux[11][0]={0}
INFO: 16:38:51.337602 self-stabilizing-binary-consensus.go:433: RECEIVE j=0 flag=0 r=11 est={0} aux={0}
INFO: 16:38:51.337641 self-stabilizing-binary-consensus.go:435: est[11][0]={0} aux[11][0]={0}
INFO: 16:38:51.339276 self-stabilizing-binary-consensus.go:433: RECEIVE j=3 flag=0 r=11 est={0} aux={0}
INFO: 16:38:51.341661 self-stabilizing-binary-consensus.go:435: est[11][3]={0} aux[11][3]={0}
INFO: 16:38:51.340111 self-stabilizing-binary-consensus.go:93: round=11 repeat=1
INFO: 16:38:51.341700 self-stabilizing-binary-consensus.go:200: binValues(11,3)={0}
INFO: 16:38:51.341704 self-stabilizing-binary-consensus.go:200: binValues(11,2)={0}
INFO: 16:38:51.350999 self-stabilizing-binary-consensus.go:443: SEND flag=0 r=11 est={0} aux={0}
INFO: 16:38:51.361208 self-stabilizing-binary-consensus.go:433: RECEIVE j=3 flag=1 r=11 est={0} aux={0}
INFO: 16:38:51.361245 self-stabilizing-binary-consensus.go:435: est[11][3]={0} aux[11][3]={0}
INFO: 16:38:51.365204 self-stabilizing-binary-consensus.go:433: RECEIVE j=3 flag=0 r=11 est={0} aux={0}
INFO: 16:38:51.365246 self-stabilizing-binary-consensus.go:435: est[11][3]={0} aux[11][3]={0}
INFO: 16:38:51.372695 self-stabilizing-binary-consensus.go:141: SEND flag=1 r=11 est={0} aux={0}
INFO: 16:38:51.376938 self-stabilizing-binary-consensus.go:433: RECEIVE j=1 flag=0 r=11 est={0} aux={0}
INFO: 16:38:51.377057 self-stabilizing-binary-consensus.go:435: est[11][1]={0} aux[11][1]={0}
INFO: 16:38:51.377498 self-stabilizing-binary-consensus.go:433: RECEIVE j=0 flag=0 r=11 est={0} aux={0}
INFO: 16:38:51.377542 self-stabilizing-binary-consensus.go:435: est[11][0]={0} aux[11][0]={0}
INFO: 16:38:51.382094 self-stabilizing-binary-consensus.go:433: RECEIVE j=0 flag=0 r=11 est={0} aux={0}
INFO: 16:38:51.382182 self-stabilizing-binary-consensus.go:435: est[11][0]={0} aux[11][0]={0}
INFO: 16:38:51.387355 self-stabilizing-binary-consensus.go:443: SEND flag=0 r=11 est={0} aux={0}
INFO: 16:38:51.398933 self-stabilizing-binary-consensus.go:433: RECEIVE j=3 flag=0 r=11 est={0} aux={0}
INFO: 16:38:51.398962 self-stabilizing-binary-consensus.go:435: est[11][3]={0} aux[11][3]={0}
INFO: 16:38:51.399899 self-stabilizing-binary-consensus.go:433: RECEIVE j=1 flag=0 r=11 est={0} aux={0}
INFO: 16:38:51.399941 self-stabilizing-binary-consensus.go:435: est[11][1]={0} aux[11][1]={0}
INFO: 16:38:53.307001 self-stabilizing-binary-consensus.go:433: RECEIVE j=3 flag=0 r=11 est={0} aux={0}
INFO: 16:38:53.307035 self-stabilizing-binary-consensus.go:435: est[11][3]={0} aux[11][3]={0}
INFO: 16:38:53.307786 self-stabilizing-binary-consensus.go:433: RECEIVE j=0 flag=1 r=11 est={0} aux={0}
INFO: 16:38:53.308102 self-stabilizing-binary-consensus.go:435: est[11][0]={0} aux[11][0]={0}
INFO: 16:38:53.311531 self-stabilizing-binary-consensus.go:443: SEND flag=0 r=11 est={0} aux={0}
INFO: 16:38:53.331543 self-stabilizing-binary-consensus.go:433: RECEIVE j=1 flag=1 r=11 est={0} aux={0}
INFO: 16:38:53.331594 self-stabilizing-binary-consensus.go:435: est[11][1]={0} aux[11][1]={0}
INFO: 16:38:53.333769 self-stabilizing-binary-consensus.go:443: SEND flag=0 r=11 est={0} aux={0}
INFO: 16:38:53.336353 self-stabilizing-binary-consensus.go:433: RECEIVE j=1 flag=0 r=11 est={0} aux={0}
INFO: 16:38:53.336382 self-stabilizing-binary-consensus.go:435: est[11][1]={0} aux[11][1]={0}
INFO: 16:38:53.343882 self-stabilizing-binary-consensus.go:433: RECEIVE j=0 flag=0 r=11 est={0} aux={0}
INFO: 16:38:53.344001 self-stabilizing-binary-consensus.go:435: est[11][0]={0} aux[11][0]={0}
INFO: 16:38:53.344218 self-stabilizing-binary-consensus.go:433: RECEIVE j=3 flag=0 r=11 est={0} aux={0}
INFO: 16:38:53.344270 self-stabilizing-binary-consensus.go:435: est[11][3]={0} aux[11][3]={0}
INFO: 16:38:53.364006 self-stabilizing-binary-consensus.go:433: RECEIVE j=3 flag=1 r=11 est={0} aux={0}
INFO: 16:38:53.364069 self-stabilizing-binary-consensus.go:435: est[11][3]={0} aux[11][3]={0}
INFO: 16:38:53.368159 self-stabilizing-binary-consensus.go:443: SEND flag=0 r=11 est={0} aux={0}
INFO: 16:38:53.371778 self-stabilizing-binary-consensus.go:433: RECEIVE j=1 flag=0 r=11 est={0} aux={0}
INFO: 16:38:53.371819 self-stabilizing-binary-consensus.go:435: est[11][1]={0} aux[11][1]={0}
INFO: 16:38:53.382202 self-stabilizing-binary-consensus.go:200: binValues(11,3)={0}
INFO: 16:38:53.382441 self-stabilizing-binary-consensus.go:227: infoResults()={0}
INFO: 16:38:53.382525 self-stabilizing-binary-consensus.go:200: binValues(11,3)={0}
INFO: 16:38:53.382610 self-stabilizing-binary-consensus.go:227: infoResults()={0}
INFO: 16:38:53.382655 self-stabilizing-binary-consensus.go:258: randomBit(11)=0
INFO: 16:38:53.382695 self-stabilizing-binary-consensus.go:251: decision=0
INFO: 16:38:53.382835 self-stabilizing-binary-consensus.go:200: binValues(11,2)={0}
INFO: 16:38:53.382869 self-stabilizing-binary-consensus.go:251: decision=0
INFO: 16:38:53.382941 self-stabilizing-binary-consensus.go:93: round=11 repeat=1
INFO: 16:38:53.382971 self-stabilizing-binary-consensus.go:200: binValues(11,3)={0}
INFO: 16:38:53.382991 self-stabilizing-binary-consensus.go:200: binValues(11,2)={0}
INFO: 16:38:53.383609 self-stabilizing-binary-consensus.go:433: RECEIVE j=0 flag=0 r=11 est={0} aux={0}
INFO: 16:38:53.383650 self-stabilizing-binary-consensus.go:435: est[11][0]={0} aux[11][0]={0}
INFO: 16:38:53.384989 self-stabilizing-binary-consensus.go:141: SEND flag=1 r=11 est={0} aux={0}
INFO: 16:38:53.407252 self-stabilizing-binary-consensus.go:433: RECEIVE j=3 flag=0 r=11 est={0} aux={0}
INFO: 16:38:53.407374 self-stabilizing-binary-consensus.go:435: est[11][3]={0} aux[11][3]={0}
INFO: 16:38:53.411862 self-stabilizing-binary-consensus.go:433: RECEIVE j=1 flag=0 r=11 est={0} aux={0}
INFO: 16:38:53.411936 self-stabilizing-binary-consensus.go:435: est[11][1]={0} aux[11][1]={0}
INFO: 16:38:53.416795 self-stabilizing-binary-consensus.go:433: RECEIVE j=0 flag=0 r=11 est={0} aux={0}
INFO: 16:38:53.416827 self-stabilizing-binary-consensus.go:435: est[11][0]={0} aux[11][0]={0}
INFO: 16:38:55.305715 self-stabilizing-binary-consensus.go:433: RECEIVE j=0 flag=1 r=11 est={0} aux={0}
INFO: 16:38:55.305748 self-stabilizing-binary-consensus.go:435: est[11][0]={0} aux[11][0]={0}
INFO: 16:38:55.309697 self-stabilizing-binary-consensus.go:433: RECEIVE j=1 flag=0 r=11 est={0} aux={0}
INFO: 16:38:55.309752 self-stabilizing-binary-consensus.go:435: est[11][1]={0} aux[11][1]={0}
INFO: 16:38:55.310161 self-stabilizing-binary-consensus.go:443: SEND flag=0 r=11 est={0} aux={0}
INFO: 16:38:55.312957 self-stabilizing-binary-consensus.go:433: RECEIVE j=3 flag=0 r=11 est={0} aux={0}
INFO: 16:38:55.312993 self-stabilizing-binary-consensus.go:435: est[11][3]={0} aux[11][3]={0}
INFO: 16:38:55.321661 self-stabilizing-binary-consensus.go:433: RECEIVE j=1 flag=1 r=11 est={0} aux={0}
INFO: 16:38:55.321674 self-stabilizing-binary-consensus.go:435: est[11][1]={0} aux[11][1]={0}
INFO: 16:38:55.323573 self-stabilizing-binary-consensus.go:443: SEND flag=0 r=11 est={0} aux={0}
INFO: 16:38:55.332026 self-stabilizing-binary-consensus.go:433: RECEIVE j=3 flag=0 r=11 est={0} aux={0}
INFO: 16:38:55.332039 self-stabilizing-binary-consensus.go:435: est[11][3]={0} aux[11][3]={0}
INFO: 16:38:55.335497 self-stabilizing-binary-consensus.go:433: RECEIVE j=0 flag=0 r=11 est={0} aux={0}
INFO: 16:38:55.335532 self-stabilizing-binary-consensus.go:435: est[11][0]={0} aux[11][0]={0}
INFO: 16:38:55.356600 self-stabilizing-binary-consensus.go:433: RECEIVE j=3 flag=1 r=11 est={0} aux={0}
INFO: 16:38:55.356626 self-stabilizing-binary-consensus.go:435: est[11][3]={0} aux[11][3]={0}
INFO: 16:38:55.358354 self-stabilizing-binary-consensus.go:443: SEND flag=0 r=11 est={0} aux={0}
INFO: 16:38:55.363950 self-stabilizing-binary-consensus.go:433: RECEIVE j=0 flag=0 r=11 est={0} aux={0}
INFO: 16:38:55.363989 self-stabilizing-binary-consensus.go:435: est[11][0]={0} aux[11][0]={0}
INFO: 16:38:55.366537 self-stabilizing-binary-consensus.go:433: RECEIVE j=1 flag=0 r=11 est={0} aux={0}
INFO: 16:38:55.366571 self-stabilizing-binary-consensus.go:435: est[11][1]={0} aux[11][1]={0}
INFO: 16:38:55.409162 self-stabilizing-binary-consensus.go:200: binValues(11,3)={0}
INFO: 16:38:55.409222 self-stabilizing-binary-consensus.go:227: infoResults()={0}
INFO: 16:38:55.409235 self-stabilizing-binary-consensus.go:200: binValues(11,3)={0}
INFO: 16:38:55.409241 self-stabilizing-binary-consensus.go:227: infoResults()={0}
INFO: 16:38:55.409247 self-stabilizing-binary-consensus.go:258: randomBit(11)=0
INFO: 16:38:55.409253 self-stabilizing-binary-consensus.go:251: decision=0
INFO: 16:38:55.409289 self-stabilizing-binary-consensus.go:200: binValues(11,2)={0}
INFO: 16:38:55.409315 self-stabilizing-binary-consensus.go:251: decision=0
INFO: 16:38:55.409346 self-stabilizing-binary-consensus.go:93: round=11 repeat=1
INFO: 16:38:55.409359 self-stabilizing-binary-consensus.go:200: binValues(11,3)={0}
INFO: 16:38:55.409365 self-stabilizing-binary-consensus.go:200: binValues(11,2)={0}
INFO: 16:38:55.411482 self-stabilizing-binary-consensus.go:141: SEND flag=1 r=11 est={0} aux={0}
INFO: 16:38:55.435528 self-stabilizing-binary-consensus.go:433: RECEIVE j=1 flag=0 r=11 est={0} aux={0}
INFO: 16:38:55.435563 self-stabilizing-binary-consensus.go:435: est[11][1]={0} aux[11][1]={0}
INFO: 16:38:55.435714 self-stabilizing-binary-consensus.go:433: RECEIVE j=3 flag=0 r=11 est={0} aux={0}
INFO: 16:38:55.435737 self-stabilizing-binary-consensus.go:435: est[11][3]={0} aux[11][3]={0}
INFO: 16:38:55.437498 self-stabilizing-binary-consensus.go:433: RECEIVE j=0 flag=0 r=11 est={0} aux={0}
INFO: 16:38:55.437528 self-stabilizing-binary-consensus.go:435: est[11][0]={0} aux[11][0]={0}
INFO: 16:38:57.309043 self-stabilizing-binary-consensus.go:433: RECEIVE j=0 flag=1 r=11 est={0} aux={0}
INFO: 16:38:57.309124 self-stabilizing-binary-consensus.go:435: est[11][0]={0} aux[11][0]={0}
INFO: 16:38:57.314382 self-stabilizing-binary-consensus.go:443: SEND flag=0 r=11 est={0} aux={0}
INFO: 16:38:57.316959 self-stabilizing-binary-consensus.go:433: RECEIVE j=3 flag=0 r=11 est={0} aux={0}
INFO: 16:38:57.317002 self-stabilizing-binary-consensus.go:435: est[11][3]={0} aux[11][3]={0}
INFO: 16:38:57.338157 self-stabilizing-binary-consensus.go:433: RECEIVE j=1 flag=0 r=11 est={0} aux={0}
INFO: 16:38:57.338191 self-stabilizing-binary-consensus.go:435: est[11][1]={0} aux[11][1]={0}
INFO: 16:38:57.353600 self-stabilizing-binary-consensus.go:433: RECEIVE j=1 flag=1 r=11 est={0} aux={0}
INFO: 16:38:57.353641 self-stabilizing-binary-consensus.go:435: est[11][1]={0} aux[11][1]={0}
INFO: 16:38:57.364398 self-stabilizing-binary-consensus.go:443: SEND flag=0 r=11 est={0} aux={0}
INFO: 16:38:57.372486 self-stabilizing-binary-consensus.go:433: RECEIVE j=0 flag=0 r=11 est={0} aux={0}
INFO: 16:38:57.373110 self-stabilizing-binary-consensus.go:435: est[11][0]={0} aux[11][0]={0}
INFO: 16:38:57.394565 self-stabilizing-binary-consensus.go:433: RECEIVE j=3 flag=0 r=11 est={0} aux={0}
INFO: 16:38:57.394688 self-stabilizing-binary-consensus.go:435: est[11][3]={0} aux[11][3]={0}
INFO: 16:38:57.412910 self-stabilizing-binary-consensus.go:200: binValues(11,3)={0}
INFO: 16:38:57.413183 self-stabilizing-binary-consensus.go:227: infoResults()={0}
INFO: 16:38:57.413305 self-stabilizing-binary-consensus.go:200: binValues(11,3)={0}
INFO: 16:38:57.413370 self-stabilizing-binary-consensus.go:227: infoResults()={0}
INFO: 16:38:57.413423 self-stabilizing-binary-consensus.go:258: randomBit(11)=0
INFO: 16:38:57.413481 self-stabilizing-binary-consensus.go:251: decision=0
INFO: 16:38:57.414246 self-stabilizing-binary-consensus.go:200: binValues(11,2)={0}
INFO: 16:38:57.414610 self-stabilizing-binary-consensus.go:251: decision=0
INFO: 16:38:57.415016 self-stabilizing-binary-consensus.go:93: round=11 repeat=1
INFO: 16:38:57.415072 self-stabilizing-binary-consensus.go:200: binValues(11,3)={0}
INFO: 16:38:57.415111 self-stabilizing-binary-consensus.go:200: binValues(11,2)={0}
INFO: 16:38:57.440518 self-stabilizing-binary-consensus.go:433: RECEIVE j=3 flag=1 r=11 est={0} aux={0}
INFO: 16:38:57.440563 self-stabilizing-binary-consensus.go:435: est[11][3]={0} aux[11][3]={0}
INFO: 16:38:57.449939 self-stabilizing-binary-consensus.go:141: SEND flag=1 r=11 est={0} aux={0}
INFO: 16:38:57.472292 self-stabilizing-binary-consensus.go:433: RECEIVE j=1 flag=0 r=11 est={0} aux={0}
INFO: 16:38:57.472345 self-stabilizing-binary-consensus.go:435: est[11][1]={0} aux[11][1]={0}
INFO: 16:38:57.477549 self-stabilizing-binary-consensus.go:443: SEND flag=0 r=11 est={0} aux={0}
INFO: 16:38:57.479687 self-stabilizing-binary-consensus.go:433: RECEIVE j=0 flag=0 r=11 est={0} aux={0}
INFO: 16:38:57.479748 self-stabilizing-binary-consensus.go:435: est[11][0]={0} aux[11][0]={0}
INFO: 16:38:57.503988 self-stabilizing-binary-consensus.go:433: RECEIVE j=1 flag=0 r=11 est={0} aux={0}
INFO: 16:38:57.504032 self-stabilizing-binary-consensus.go:435: est[11][1]={0} aux[11][1]={0}
INFO: 16:38:57.504169 self-stabilizing-binary-consensus.go:433: RECEIVE j=0 flag=0 r=11 est={0} aux={0}
INFO: 16:38:57.504197 self-stabilizing-binary-consensus.go:435: est[11][0]={0} aux[11][0]={0}
INFO: 16:38:57.506953 self-stabilizing-binary-consensus.go:433: RECEIVE j=3 flag=0 r=11 est={0} aux={0}
INFO: 16:38:57.506988 self-stabilizing-binary-consensus.go:435: est[11][3]={0} aux[11][3]={0}
INFO: 16:38:59.338548 self-stabilizing-binary-consensus.go:433: RECEIVE j=0 flag=1 r=11 est={0} aux={0}
INFO: 16:38:59.338601 self-stabilizing-binary-consensus.go:435: est[11][0]={0} aux[11][0]={0}
INFO: 16:38:59.345986 self-stabilizing-binary-consensus.go:433: RECEIVE j=3 flag=0 r=11 est={0} aux={0}
INFO: 16:38:59.346010 self-stabilizing-binary-consensus.go:435: est[11][3]={0} aux[11][3]={0}
INFO: 16:38:59.347227 self-stabilizing-binary-consensus.go:443: SEND flag=0 r=11 est={0} aux={0}
INFO: 16:38:59.348334 self-stabilizing-binary-consensus.go:433: RECEIVE j=1 flag=0 r=11 est={0} aux={0}
INFO: 16:38:59.348366 self-stabilizing-binary-consensus.go:435: est[11][1]={0} aux[11][1]={0}
INFO: 16:38:59.364109 self-stabilizing-binary-consensus.go:433: RECEIVE j=1 flag=1 r=11 est={0} aux={0}
INFO: 16:38:59.366462 self-stabilizing-binary-consensus.go:435: est[11][1]={0} aux[11][1]={0}
INFO: 16:38:59.382108 self-stabilizing-binary-consensus.go:443: SEND flag=0 r=11 est={0} aux={0}
INFO: 16:38:59.384552 self-stabilizing-binary-consensus.go:433: RECEIVE j=0 flag=0 r=11 est={0} aux={0}
INFO: 16:38:59.384590 self-stabilizing-binary-consensus.go:435: est[11][0]={0} aux[11][0]={0}
INFO: 16:38:59.392497 self-stabilizing-binary-consensus.go:433: RECEIVE j=3 flag=0 r=11 est={0} aux={0}
INFO: 16:38:59.394865 self-stabilizing-binary-consensus.go:435: est[11][3]={0} aux[11][3]={0}
INFO: 16:38:59.457043 self-stabilizing-binary-consensus.go:200: binValues(11,3)={0}
INFO: 16:38:59.457163 self-stabilizing-binary-consensus.go:227: infoResults()={0}
INFO: 16:38:59.457362 self-stabilizing-binary-consensus.go:200: binValues(11,3)={0}
INFO: 16:38:59.458485 self-stabilizing-binary-consensus.go:227: infoResults()={0}
INFO: 16:38:59.458570 self-stabilizing-binary-consensus.go:258: randomBit(11)=0
INFO: 16:38:59.458597 self-stabilizing-binary-consensus.go:251: decision=0
INFO: 16:38:59.458687 self-stabilizing-binary-consensus.go:200: binValues(11,2)={0}
INFO: 16:38:59.458720 self-stabilizing-binary-consensus.go:251: decision=0
INFO: 16:38:59.458784 self-stabilizing-binary-consensus.go:93: round=11 repeat=1
INFO: 16:38:59.458813 self-stabilizing-binary-consensus.go:200: binValues(11,3)={0}
INFO: 16:38:59.458837 self-stabilizing-binary-consensus.go:200: binValues(11,2)={0}
INFO: 16:38:59.477322 self-stabilizing-binary-consensus.go:141: SEND flag=1 r=11 est={0} aux={0}
INFO: 16:38:59.479717 self-stabilizing-binary-consensus.go:433: RECEIVE j=3 flag=1 r=11 est={0} aux={0}
INFO: 16:38:59.479765 self-stabilizing-binary-consensus.go:435: est[11][3]={0} aux[11][3]={0}
INFO: 16:38:59.491541 self-stabilizing-binary-consensus.go:433: RECEIVE j=0 flag=0 r=11 est={0} aux={0}
INFO: 16:38:59.492828 self-stabilizing-binary-consensus.go:435: est[11][0]={0} aux[11][0]={0}
INFO: 16:38:59.495874 self-stabilizing-binary-consensus.go:443: SEND flag=0 r=11 est={0} aux={0}
INFO: 16:38:59.502049 self-stabilizing-binary-consensus.go:433: RECEIVE j=0 flag=0 r=11 est={0} aux={0}
INFO: 16:38:59.502106 self-stabilizing-binary-consensus.go:435: est[11][0]={0} aux[11][0]={0}
INFO: 16:38:59.515472 self-stabilizing-binary-consensus.go:433: RECEIVE j=1 flag=0 r=11 est={0} aux={0}
INFO: 16:38:59.524125 self-stabilizing-binary-consensus.go:433: RECEIVE j=1 flag=0 r=11 est={0} aux={0}
INFO: 16:38:59.524187 self-stabilizing-binary-consensus.go:435: est[11][1]={0} aux[11][1]={0}
INFO: 16:38:59.524463 self-stabilizing-binary-consensus.go:433: RECEIVE j=3 flag=0 r=11 est={0} aux={0}
INFO: 16:38:59.524522 self-stabilizing-binary-consensus.go:435: est[11][3]={0} aux[11][3]={0}
INFO: 16:38:59.515527 self-stabilizing-binary-consensus.go:435: est[11][1]={0} aux[11][1]={0}
INFO: 16:39:01.350155 self-stabilizing-binary-consensus.go:433: RECEIVE j=3 flag=0 r=11 est={0} aux={0}
INFO: 16:39:01.350170 self-stabilizing-binary-consensus.go:435: est[11][3]={0} aux[11][3]={0}
INFO: 16:39:01.350312 self-stabilizing-binary-consensus.go:433: RECEIVE j=0 flag=1 r=11 est={0} aux={0}
INFO: 16:39:01.350333 self-stabilizing-binary-consensus.go:435: est[11][0]={0} aux[11][0]={0}
INFO: 16:39:01.352056 self-stabilizing-binary-consensus.go:443: SEND flag=0 r=11 est={0} aux={0}
INFO: 16:39:01.352952 self-stabilizing-binary-consensus.go:433: RECEIVE j=1 flag=0 r=11 est={0} aux={0}
INFO: 16:39:01.352967 self-stabilizing-binary-consensus.go:435: est[11][1]={0} aux[11][1]={0}
INFO: 16:39:01.365022 self-stabilizing-binary-consensus.go:433: RECEIVE j=1 flag=1 r=11 est={0} aux={0}
INFO: 16:39:01.365097 self-stabilizing-binary-consensus.go:435: est[11][1]={0} aux[11][1]={0}
INFO: 16:39:01.367132 self-stabilizing-binary-consensus.go:443: SEND flag=0 r=11 est={0} aux={0}
INFO: 16:39:01.372114 self-stabilizing-binary-consensus.go:433: RECEIVE j=3 flag=0 r=11 est={0} aux={0}
INFO: 16:39:01.372383 self-stabilizing-binary-consensus.go:435: est[11][3]={0} aux[11][3]={0}
INFO: 16:39:01.377877 self-stabilizing-binary-consensus.go:433: RECEIVE j=0 flag=0 r=11 est={0} aux={0}
INFO: 16:39:01.377926 self-stabilizing-binary-consensus.go:435: est[11][0]={0} aux[11][0]={0}
INFO: 16:39:01.478555 self-stabilizing-binary-consensus.go:200: binValues(11,3)={0}
INFO: 16:39:01.478613 self-stabilizing-binary-consensus.go:227: infoResults()={0}
INFO: 16:39:01.478626 self-stabilizing-binary-consensus.go:200: binValues(11,3)={0}
INFO: 16:39:01.478632 self-stabilizing-binary-consensus.go:227: infoResults()={0}
INFO: 16:39:01.478638 self-stabilizing-binary-consensus.go:258: randomBit(11)=0
INFO: 16:39:01.478644 self-stabilizing-binary-consensus.go:251: decision=0
INFO: 16:39:01.478678 self-stabilizing-binary-consensus.go:200: binValues(11,2)={0}
INFO: 16:39:01.478690 self-stabilizing-binary-consensus.go:251: decision=0
INFO: 16:39:01.478702 self-stabilizing-binary-consensus.go:93: round=11 repeat=1
INFO: 16:39:01.478725 self-stabilizing-binary-consensus.go:200: binValues(11,3)={0}
INFO: 16:39:01.478735 self-stabilizing-binary-consensus.go:200: binValues(11,2)={0}
INFO: 16:39:01.481205 self-stabilizing-binary-consensus.go:141: SEND flag=1 r=11 est={0} aux={0}
INFO: 16:39:01.510880 self-stabilizing-binary-consensus.go:433: RECEIVE j=3 flag=1 r=11 est={0} aux={0}
INFO: 16:39:01.511158 self-stabilizing-binary-consensus.go:435: est[11][3]={0} aux[11][3]={0}
INFO: 16:39:01.512155 self-stabilizing-binary-consensus.go:433: RECEIVE j=0 flag=0 r=11 est={0} aux={0}
INFO: 16:39:01.512301 self-stabilizing-binary-consensus.go:435: est[11][0]={0} aux[11][0]={0}
INFO: 16:39:01.513643 self-stabilizing-binary-consensus.go:433: RECEIVE j=0 flag=0 r=11 est={0} aux={0}
INFO: 16:39:01.513702 self-stabilizing-binary-consensus.go:435: est[11][0]={0} aux[11][0]={0}
INFO: 16:39:01.516207 self-stabilizing-binary-consensus.go:443: SEND flag=0 r=11 est={0} aux={0}
INFO: 16:39:01.517921 self-stabilizing-binary-consensus.go:433: RECEIVE j=1 flag=0 r=11 est={0} aux={0}
INFO: 16:39:01.517951 self-stabilizing-binary-consensus.go:435: est[11][1]={0} aux[11][1]={0}
INFO: 16:39:01.520127 self-stabilizing-binary-consensus.go:433: RECEIVE j=3 flag=0 r=11 est={0} aux={0}
INFO: 16:39:01.520177 self-stabilizing-binary-consensus.go:435: est[11][3]={0} aux[11][3]={0}
INFO: 16:39:01.524316 self-stabilizing-binary-consensus.go:433: RECEIVE j=1 flag=0 r=11 est={0} aux={0}
INFO: 16:39:01.524350 self-stabilizing-binary-consensus.go:435: est[11][1]={0} aux[11][1]={0}
INFO: 16:39:03.344683 self-stabilizing-binary-consensus.go:433: RECEIVE j=0 flag=1 r=11 est={0} aux={0}
INFO: 16:39:03.344714 self-stabilizing-binary-consensus.go:435: est[11][0]={0} aux[11][0]={0}
INFO: 16:39:03.346467 self-stabilizing-binary-consensus.go:443: SEND flag=0 r=11 est={0} aux={0}
INFO: 16:39:03.354350 self-stabilizing-binary-consensus.go:433: RECEIVE j=1 flag=0 r=11 est={0} aux={0}
INFO: 16:39:03.354434 self-stabilizing-binary-consensus.go:435: est[11][1]={0} aux[11][1]={0}
INFO: 16:39:03.354576 self-stabilizing-binary-consensus.go:433: RECEIVE j=3 flag=0 r=11 est={0} aux={0}
INFO: 16:39:03.354807 self-stabilizing-binary-consensus.go:435: est[11][3]={0} aux[11][3]={0}
INFO: 16:39:03.369874 self-stabilizing-binary-consensus.go:433: RECEIVE j=1 flag=1 r=11 est={0} aux={0}
INFO: 16:39:03.373845 self-stabilizing-binary-consensus.go:435: est[11][1]={0} aux[11][1]={0}
INFO: 16:39:03.386281 self-stabilizing-binary-consensus.go:443: SEND flag=0 r=11 est={0} aux={0}
INFO: 16:39:03.391502 self-stabilizing-binary-consensus.go:433: RECEIVE j=0 flag=0 r=11 est={0} aux={0}
INFO: 16:39:03.391533 self-stabilizing-binary-consensus.go:435: est[11][0]={0} aux[11][0]={0}
INFO: 16:39:03.392316 self-stabilizing-binary-consensus.go:433: RECEIVE j=3 flag=0 r=11 est={0} aux={0}
INFO: 16:39:03.392398 self-stabilizing-binary-consensus.go:435: est[11][3]={0} aux[11][3]={0}
INFO: 16:39:03.481589 self-stabilizing-binary-consensus.go:200: binValues(11,3)={0}
INFO: 16:39:03.481667 self-stabilizing-binary-consensus.go:227: infoResults()={0}
INFO: 16:39:03.481718 self-stabilizing-binary-consensus.go:200: binValues(11,3)={0}
INFO: 16:39:03.481744 self-stabilizing-binary-consensus.go:227: infoResults()={0}
INFO: 16:39:03.481762 self-stabilizing-binary-consensus.go:258: randomBit(11)=0
INFO: 16:39:03.481779 self-stabilizing-binary-consensus.go:251: decision=0
INFO: 16:39:03.481919 self-stabilizing-binary-consensus.go:200: binValues(11,2)={0}
INFO: 16:39:03.481949 self-stabilizing-binary-consensus.go:251: decision=0
INFO: 16:39:03.482032 self-stabilizing-binary-consensus.go:93: round=11 repeat=1
INFO: 16:39:03.482062 self-stabilizing-binary-consensus.go:200: binValues(11,3)={0}
INFO: 16:39:03.482080 self-stabilizing-binary-consensus.go:200: binValues(11,2)={0}
INFO: 16:39:03.484613 self-stabilizing-binary-consensus.go:141: SEND flag=1 r=11 est={0} aux={0}
INFO: 16:39:03.508309 self-stabilizing-binary-consensus.go:433: RECEIVE j=3 flag=0 r=11 est={0} aux={0}
INFO: 16:39:03.508488 self-stabilizing-binary-consensus.go:435: est[11][3]={0} aux[11][3]={0}
INFO: 16:39:03.508868 self-stabilizing-binary-consensus.go:433: RECEIVE j=1 flag=0 r=11 est={0} aux={0}
INFO: 16:39:03.508897 self-stabilizing-binary-consensus.go:435: est[11][1]={0} aux[11][1]={0}
INFO: 16:39:03.547724 self-stabilizing-binary-consensus.go:433: RECEIVE j=0 flag=0 r=11 est={0} aux={0}
INFO: 16:39:03.547757 self-stabilizing-binary-consensus.go:435: est[11][0]={0} aux[11][0]={0}
INFO: 16:39:03.547983 self-stabilizing-binary-consensus.go:433: RECEIVE j=0 flag=0 r=11 est={0} aux={0}
INFO: 16:39:03.548011 self-stabilizing-binary-consensus.go:435: est[11][0]={0} aux[11][0]={0}
INFO: 16:39:03.549924 self-stabilizing-binary-consensus.go:433: RECEIVE j=3 flag=1 r=11 est={0} aux={0}
INFO: 16:39:03.549953 self-stabilizing-binary-consensus.go:435: est[11][3]={0} aux[11][3]={0}
INFO: 16:39:03.561641 self-stabilizing-binary-consensus.go:443: SEND flag=0 r=11 est={0} aux={0}
INFO: 16:39:03.574991 self-stabilizing-binary-consensus.go:433: RECEIVE j=1 flag=0 r=11 est={0} aux={0}
INFO: 16:39:03.575165 self-stabilizing-binary-consensus.go:435: est[11][1]={0} aux[11][1]={0}
INFO: 16:39:05.383580 self-stabilizing-binary-consensus.go:433: RECEIVE j=3 flag=0 r=11 est={0} aux={0}
INFO: 16:39:05.383603 self-stabilizing-binary-consensus.go:435: est[11][3]={0} aux[11][3]={0}
INFO: 16:39:05.383692 self-stabilizing-binary-consensus.go:433: RECEIVE j=0 flag=1 r=11 est={0} aux={0}
INFO: 16:39:05.383712 self-stabilizing-binary-consensus.go:435: est[11][0]={0} aux[11][0]={0}
INFO: 16:39:05.385674 self-stabilizing-binary-consensus.go:443: SEND flag=0 r=11 est={0} aux={0}
INFO: 16:39:05.387025 self-stabilizing-binary-consensus.go:433: RECEIVE j=1 flag=0 r=11 est={0} aux={0}
INFO: 16:39:05.387038 self-stabilizing-binary-consensus.go:435: est[11][1]={0} aux[11][1]={0}
INFO: 16:39:05.396144 self-stabilizing-binary-consensus.go:433: RECEIVE j=1 flag=1 r=11 est={0} aux={0}
INFO: 16:39:05.396283 self-stabilizing-binary-consensus.go:435: est[11][1]={0} aux[11][1]={0}
INFO: 16:39:05.412810 self-stabilizing-binary-consensus.go:443: SEND flag=0 r=11 est={0} aux={0}
INFO: 16:39:05.422809 self-stabilizing-binary-consensus.go:433: RECEIVE j=3 flag=0 r=11 est={0} aux={0}
INFO: 16:39:05.431673 self-stabilizing-binary-consensus.go:435: est[11][3]={0} aux[11][3]={0}
INFO: 16:39:05.426378 self-stabilizing-binary-consensus.go:433: RECEIVE j=0 flag=0 r=11 est={0} aux={0}
INFO: 16:39:05.431705 self-stabilizing-binary-consensus.go:435: est[11][0]={0} aux[11][0]={0}
INFO: 16:39:05.485496 self-stabilizing-binary-consensus.go:200: binValues(11,3)={0}
INFO: 16:39:05.485537 self-stabilizing-binary-consensus.go:227: infoResults()={0}
INFO: 16:39:05.485553 self-stabilizing-binary-consensus.go:200: binValues(11,3)={0}
INFO: 16:39:05.485560 self-stabilizing-binary-consensus.go:227: infoResults()={0}
INFO: 16:39:05.485566 self-stabilizing-binary-consensus.go:258: randomBit(11)=0
INFO: 16:39:05.485572 self-stabilizing-binary-consensus.go:251: decision=0
INFO: 16:39:05.485607 self-stabilizing-binary-consensus.go:200: binValues(11,2)={0}
INFO: 16:39:05.485618 self-stabilizing-binary-consensus.go:251: decision=0
INFO: 16:39:05.485656 self-stabilizing-binary-consensus.go:93: round=11 repeat=1
INFO: 16:39:05.485669 self-stabilizing-binary-consensus.go:200: binValues(11,3)={0}
INFO: 16:39:05.485676 self-stabilizing-binary-consensus.go:200: binValues(11,2)={0}
INFO: 16:39:05.493896 self-stabilizing-binary-consensus.go:141: SEND flag=1 r=11 est={0} aux={0}
INFO: 16:39:05.511769 self-stabilizing-binary-consensus.go:433: RECEIVE j=3 flag=0 r=11 est={0} aux={0}
INFO: 16:39:05.511793 self-stabilizing-binary-consensus.go:435: est[11][3]={0} aux[11][3]={0}
INFO: 16:39:05.537604 self-stabilizing-binary-consensus.go:433: RECEIVE j=0 flag=0 r=11 est={0} aux={0}
INFO: 16:39:05.537625 self-stabilizing-binary-consensus.go:435: est[11][0]={0} aux[11][0]={0}
INFO: 16:39:05.560135 self-stabilizing-binary-consensus.go:433: RECEIVE j=3 flag=1 r=11 est={0} aux={0}
INFO: 16:39:05.560163 self-stabilizing-binary-consensus.go:435: est[11][3]={0} aux[11][3]={0}
INFO: 16:39:05.573190 self-stabilizing-binary-consensus.go:433: RECEIVE j=1 flag=0 r=11 est={0} aux={0}
INFO: 16:39:05.573218 self-stabilizing-binary-consensus.go:435: est[11][1]={0} aux[11][1]={0}
INFO: 16:39:05.574338 self-stabilizing-binary-consensus.go:443: SEND flag=0 r=11 est={0} aux={0}
INFO: 16:39:05.576662 self-stabilizing-binary-consensus.go:433: RECEIVE j=0 flag=0 r=11 est={0} aux={0}
INFO: 16:39:05.576975 self-stabilizing-binary-consensus.go:435: est[11][0]={0} aux[11][0]={0}
INFO: 16:39:05.595600 self-stabilizing-binary-consensus.go:433: RECEIVE j=1 flag=0 r=11 est={0} aux={0}
INFO: 16:39:05.595638 self-stabilizing-binary-consensus.go:435: est[11][1]={0} aux[11][1]={0}
INFO: 16:39:07.377055 self-stabilizing-binary-consensus.go:433: RECEIVE j=1 flag=0 r=11 est={0} aux={0}
INFO: 16:39:07.377084 self-stabilizing-binary-consensus.go:435: est[11][1]={0} aux[11][1]={0}
INFO: 16:39:07.377238 self-stabilizing-binary-consensus.go:433: RECEIVE j=0 flag=1 r=11 est={0} aux={0}
INFO: 16:39:07.377250 self-stabilizing-binary-consensus.go:435: est[11][0]={0} aux[11][0]={0}
INFO: 16:39:07.383777 self-stabilizing-binary-consensus.go:443: SEND flag=0 r=11 est={0} aux={0}
INFO: 16:39:07.396609 self-stabilizing-binary-consensus.go:433: RECEIVE j=3 flag=0 r=11 est={0} aux={0}
INFO: 16:39:07.411052 self-stabilizing-binary-consensus.go:435: est[11][3]={0} aux[11][3]={0}
INFO: 16:39:07.439839 self-stabilizing-binary-consensus.go:433: RECEIVE j=3 flag=0 r=11 est={0} aux={0}
INFO: 16:39:07.440997 self-stabilizing-binary-consensus.go:435: est[11][3]={0} aux[11][3]={0}
INFO: 16:39:07.444447 self-stabilizing-binary-consensus.go:433: RECEIVE j=1 flag=1 r=11 est={0} aux={0}
INFO: 16:39:07.444469 self-stabilizing-binary-consensus.go:435: est[11][1]={0} aux[11][1]={0}
INFO: 16:39:07.455483 self-stabilizing-binary-consensus.go:443: SEND flag=0 r=11 est={0} aux={0}
INFO: 16:39:07.462359 self-stabilizing-binary-consensus.go:433: RECEIVE j=0 flag=0 r=11 est={0} aux={0}
INFO: 16:39:07.462389 self-stabilizing-binary-consensus.go:435: est[11][0]={0} aux[11][0]={0}
INFO: 16:39:07.494128 self-stabilizing-binary-consensus.go:200: binValues(11,3)={0}
INFO: 16:39:07.494327 self-stabilizing-binary-consensus.go:227: infoResults()={0}
INFO: 16:39:07.494348 self-stabilizing-binary-consensus.go:200: binValues(11,3)={0}
INFO: 16:39:07.494355 self-stabilizing-binary-consensus.go:227: infoResults()={0}
INFO: 16:39:07.494360 self-stabilizing-binary-consensus.go:258: randomBit(11)=0
INFO: 16:39:07.494367 self-stabilizing-binary-consensus.go:251: decision=0
INFO: 16:39:07.494512 self-stabilizing-binary-consensus.go:200: binValues(11,2)={0}
INFO: 16:39:07.494540 self-stabilizing-binary-consensus.go:251: decision=0
INFO: 16:39:07.494569 self-stabilizing-binary-consensus.go:93: round=11 repeat=1
INFO: 16:39:07.494583 self-stabilizing-binary-consensus.go:200: binValues(11,3)={0}
INFO: 16:39:07.494608 self-stabilizing-binary-consensus.go:200: binValues(11,2)={0}
INFO: 16:39:07.497240 self-stabilizing-binary-consensus.go:141: SEND flag=1 r=11 est={0} aux={0}
INFO: 16:39:07.507872 self-stabilizing-binary-consensus.go:433: RECEIVE j=3 flag=0 r=11 est={0} aux={0}
INFO: 16:39:07.507958 self-stabilizing-binary-consensus.go:435: est[11][3]={0} aux[11][3]={0}
INFO: 16:39:07.524764 self-stabilizing-binary-consensus.go:433: RECEIVE j=0 flag=0 r=11 est={0} aux={0}
INFO: 16:39:07.524791 self-stabilizing-binary-consensus.go:435: est[11][0]={0} aux[11][0]={0}
INFO: 16:39:07.530707 self-stabilizing-binary-consensus.go:433: RECEIVE j=1 flag=0 r=11 est={0} aux={0}
INFO: 16:39:07.530741 self-stabilizing-binary-consensus.go:435: est[11][1]={0} aux[11][1]={0}
INFO: 16:39:07.612732 self-stabilizing-binary-consensus.go:433: RECEIVE j=3 flag=1 r=11 est={0} aux={0}
INFO: 16:39:07.612839 self-stabilizing-binary-consensus.go:435: est[11][3]={0} aux[11][3]={0}
INFO: 16:39:07.628945 self-stabilizing-binary-consensus.go:443: SEND flag=0 r=11 est={0} aux={0}
INFO: 16:39:07.637165 self-stabilizing-binary-consensus.go:433: RECEIVE j=0 flag=0 r=11 est={0} aux={0}
INFO: 16:39:07.639778 self-stabilizing-binary-consensus.go:435: est[11][0]={0} aux[11][0]={0}
INFO: 16:39:07.648017 self-stabilizing-binary-consensus.go:433: RECEIVE j=1 flag=0 r=11 est={0} aux={0}
INFO: 16:39:07.648063 self-stabilizing-binary-consensus.go:435: est[11][1]={0} aux[11][1]={0}
INFO: 16:39:09.348803 self-stabilizing-binary-consensus.go:433: RECEIVE j=0 flag=1 r=11 est={0} aux={0}
INFO: 16:39:09.350871 self-stabilizing-binary-consensus.go:435: est[11][0]={0} aux[11][0]={0}
INFO: 16:39:09.352744 self-stabilizing-binary-consensus.go:443: SEND flag=0 r=11 est={0} aux={0}
INFO: 16:39:09.353529 self-stabilizing-binary-consensus.go:433: RECEIVE j=1 flag=0 r=11 est={0} aux={0}
INFO: 16:39:09.353554 self-stabilizing-binary-consensus.go:435: est[11][1]={0} aux[11][1]={0}
INFO: 16:39:09.361367 self-stabilizing-binary-consensus.go:433: RECEIVE j=3 flag=0 r=11 est={0} aux={0}
INFO: 16:39:09.361392 self-stabilizing-binary-consensus.go:435: est[11][3]={0} aux[11][3]={0}
INFO: 16:39:09.438196 self-stabilizing-binary-consensus.go:433: RECEIVE j=1 flag=1 r=11 est={0} aux={0}
INFO: 16:39:09.438231 self-stabilizing-binary-consensus.go:435: est[11][1]={0} aux[11][1]={0}
INFO: 16:39:09.440024 self-stabilizing-binary-consensus.go:443: SEND flag=0 r=11 est={0} aux={0}
INFO: 16:39:09.467926 self-stabilizing-binary-consensus.go:433: RECEIVE j=0 flag=0 r=11 est={0} aux={0}
INFO: 16:39:09.467946 self-stabilizing-binary-consensus.go:435: est[11][0]={0} aux[11][0]={0}
INFO: 16:39:09.494251 self-stabilizing-binary-consensus.go:433: RECEIVE j=3 flag=0 r=11 est={0} aux={0}
INFO: 16:39:09.494290 self-stabilizing-binary-consensus.go:435: est[11][3]={0} aux[11][3]={0}
INFO: 16:39:09.498269 self-stabilizing-binary-consensus.go:200: binValues(11,3)={0}
INFO: 16:39:09.498302 self-stabilizing-binary-consensus.go:227: infoResults()={0}
INFO: 16:39:09.498310 self-stabilizing-binary-consensus.go:200: binValues(11,3)={0}
INFO: 16:39:09.498314 self-stabilizing-binary-consensus.go:227: infoResults()={0}
INFO: 16:39:09.498318 self-stabilizing-binary-consensus.go:258: randomBit(11)=0
INFO: 16:39:09.498322 self-stabilizing-binary-consensus.go:251: decision=0
INFO: 16:39:09.498349 self-stabilizing-binary-consensus.go:200: binValues(11,2)={0}
INFO: 16:39:09.498407 self-stabilizing-binary-consensus.go:251: decision=0
INFO: 16:39:09.498432 self-stabilizing-binary-consensus.go:93: round=11 repeat=1
INFO: 16:39:09.498441 self-stabilizing-binary-consensus.go:200: binValues(11,3)={0}
INFO: 16:39:09.498445 self-stabilizing-binary-consensus.go:200: binValues(11,2)={0}
INFO: 16:39:09.500169 self-stabilizing-binary-consensus.go:141: SEND flag=1 r=11 est={0} aux={0}
INFO: 16:39:09.521242 self-stabilizing-binary-consensus.go:433: RECEIVE j=3 flag=0 r=11 est={0} aux={0}
INFO: 16:39:09.521272 self-stabilizing-binary-consensus.go:435: est[11][3]={0} aux[11][3]={0}
INFO: 16:39:09.527683 self-stabilizing-binary-consensus.go:433: RECEIVE j=1 flag=0 r=11 est={0} aux={0}
INFO: 16:39:09.527726 self-stabilizing-binary-consensus.go:435: est[11][1]={0} aux[11][1]={0}
INFO: 16:39:09.567888 self-stabilizing-binary-consensus.go:433: RECEIVE j=0 flag=0 r=11 est={0} aux={0}
INFO: 16:39:09.567925 self-stabilizing-binary-consensus.go:435: est[11][0]={0} aux[11][0]={0}
INFO: 16:39:09.614748 self-stabilizing-binary-consensus.go:433: RECEIVE j=3 flag=1 r=11 est={0} aux={0}
INFO: 16:39:09.614762 self-stabilizing-binary-consensus.go:435: est[11][3]={0} aux[11][3]={0}
INFO: 16:39:09.616944 self-stabilizing-binary-consensus.go:443: SEND flag=0 r=11 est={0} aux={0}
INFO: 16:39:09.634411 self-stabilizing-binary-consensus.go:433: RECEIVE j=1 flag=0 r=11 est={0} aux={0}
INFO: 16:39:09.634424 self-stabilizing-binary-consensus.go:435: est[11][1]={0} aux[11][1]={0}
INFO: 16:39:09.639724 self-stabilizing-binary-consensus.go:433: RECEIVE j=0 flag=0 r=11 est={0} aux={0}
INFO: 16:39:09.639765 self-stabilizing-binary-consensus.go:435: est[11][0]={0} aux[11][0]={0}
INFO: 16:39:11.362127 self-stabilizing-binary-consensus.go:433: RECEIVE j=0 flag=1 r=11 est={0} aux={0}
INFO: 16:39:11.362169 self-stabilizing-binary-consensus.go:435: est[11][0]={0} aux[11][0]={0}
INFO: 16:39:11.376108 self-stabilizing-binary-consensus.go:433: RECEIVE j=3 flag=0 r=11 est={0} aux={0}
INFO: 16:39:11.377907 self-stabilizing-binary-consensus.go:435: est[11][3]={0} aux[11][3]={0}
INFO: 16:39:11.376910 self-stabilizing-binary-consensus.go:443: SEND flag=0 r=11 est={0} aux={0}
INFO: 16:39:11.378473 self-stabilizing-binary-consensus.go:433: RECEIVE j=1 flag=0 r=11 est={0} aux={0}
INFO: 16:39:11.378509 self-stabilizing-binary-consensus.go:435: est[11][1]={0} aux[11][1]={0}
INFO: 16:39:11.445130 self-stabilizing-binary-consensus.go:433: RECEIVE j=1 flag=1 r=11 est={0} aux={0}
INFO: 16:39:11.445182 self-stabilizing-binary-consensus.go:435: est[11][1]={0} aux[11][1]={0}
INFO: 16:39:11.448710 self-stabilizing-binary-consensus.go:443: SEND flag=0 r=11 est={0} aux={0}
INFO: 16:39:11.457539 self-stabilizing-binary-consensus.go:433: RECEIVE j=0 flag=0 r=11 est={0} aux={0}
INFO: 16:39:11.457581 self-stabilizing-binary-consensus.go:435: est[11][0]={0} aux[11][0]={0}
INFO: 16:39:11.491172 self-stabilizing-binary-consensus.go:433: RECEIVE j=3 flag=0 r=11 est={0} aux={0}
INFO: 16:39:11.491239 self-stabilizing-binary-consensus.go:435: est[11][3]={0} aux[11][3]={0}
INFO: 16:39:11.503601 self-stabilizing-binary-consensus.go:200: binValues(11,3)={0}
INFO: 16:39:11.503639 self-stabilizing-binary-consensus.go:227: infoResults()={0}
INFO: 16:39:11.503656 self-stabilizing-binary-consensus.go:200: binValues(11,3)={0}
INFO: 16:39:11.503662 self-stabilizing-binary-consensus.go:227: infoResults()={0}
INFO: 16:39:11.503668 self-stabilizing-binary-consensus.go:258: randomBit(11)=0
INFO: 16:39:11.503674 self-stabilizing-binary-consensus.go:251: decision=0
INFO: 16:39:11.503693 self-stabilizing-binary-consensus.go:200: binValues(11,2)={0}
INFO: 16:39:11.503700 self-stabilizing-binary-consensus.go:251: decision=0
INFO: 16:39:11.503710 self-stabilizing-binary-consensus.go:93: round=11 repeat=1
INFO: 16:39:11.503718 self-stabilizing-binary-consensus.go:200: binValues(11,3)={0}
INFO: 16:39:11.503750 self-stabilizing-binary-consensus.go:200: binValues(11,2)={0}
INFO: 16:39:11.505530 self-stabilizing-binary-consensus.go:141: SEND flag=1 r=11 est={0} aux={0}
INFO: 16:39:11.512270 self-stabilizing-binary-consensus.go:433: RECEIVE j=3 flag=0 r=11 est={0} aux={0}
INFO: 16:39:11.512304 self-stabilizing-binary-consensus.go:435: est[11][3]={0} aux[11][3]={0}
INFO: 16:39:11.514149 self-stabilizing-binary-consensus.go:433: RECEIVE j=0 flag=0 r=11 est={0} aux={0}
INFO: 16:39:11.514184 self-stabilizing-binary-consensus.go:435: est[11][0]={0} aux[11][0]={0}
INFO: 16:39:11.532110 self-stabilizing-binary-consensus.go:433: RECEIVE j=1 flag=0 r=11 est={0} aux={0}
INFO: 16:39:11.532151 self-stabilizing-binary-consensus.go:435: est[11][1]={0} aux[11][1]={0}
INFO: 16:39:11.613510 self-stabilizing-binary-consensus.go:433: RECEIVE j=3 flag=1 r=11 est={0} aux={0}
INFO: 16:39:11.613542 self-stabilizing-binary-consensus.go:435: est[11][3]={0} aux[11][3]={0}
INFO: 16:39:11.618342 self-stabilizing-binary-consensus.go:443: SEND flag=0 r=11 est={0} aux={0}
INFO: 16:39:11.620084 self-stabilizing-binary-consensus.go:433: RECEIVE j=0 flag=0 r=11 est={0} aux={0}
INFO: 16:39:11.620130 self-stabilizing-binary-consensus.go:435: est[11][0]={0} aux[11][0]={0}
INFO: 16:39:11.620285 self-stabilizing-binary-consensus.go:433: RECEIVE j=1 flag=0 r=11 est={0} aux={0}
INFO: 16:39:11.620328 self-stabilizing-binary-consensus.go:435: est[11][1]={0} aux[11][1]={0}
