INFO: 01:34:22.076517 main.go:29: ID:2 | N:4 | F:1 | Clients:1 | Scenario:NORMAL | Remote:false

INFO: 01:34:22.077037 messenger.go:90: Receive from Server 0 on tcp://*:4200
INFO: 01:34:22.077563 messenger.go:107: Send to Server 0 on tcp://localhost:4002
INFO: 01:34:22.077721 messenger.go:90: Receive from Server 1 on tcp://*:4201
INFO: 01:34:22.077769 messenger.go:107: Send to Server 1 on tcp://localhost:4102
INFO: 01:34:22.077863 messenger.go:90: Receive from Server 3 on tcp://*:4203
INFO: 01:34:22.077910 messenger.go:107: Send to Server 3 on tcp://localhost:4302
INFO: 01:34:22.077950 messenger.go:113: -----------------------------------------
INFO: 01:34:22.078018 messenger.go:135: Requests from Client 0 on tcp://*:7200
INFO: 01:34:22.078064 messenger.go:152: Response to Client 0 on tcp://*:10200
INFO: 01:34:22.078107 messenger.go:155: -----------------------------------------

INFO: 01:34:22.085630 main.go:83: Initial estimate value:  1
INFO: 01:34:22.085745 self-stabilizing-binary-consensus.go:78: Round:1
INFO: 01:34:22.085813 self-stabilizing-binary-consensus.go:118: binValues(1,3)={} w=-1
INFO: 01:34:22.085852 self-stabilizing-binary-consensus.go:129: binValues(1,2)={} w=-1
INFO: 01:34:22.088268 self-stabilizing-binary-consensus.go:133: SEND flag=1 r=1 est={1} aux={}
INFO: 01:34:22.089270 self-stabilizing-binary-consensus.go:413: RECEIVE j=3 flag=1 r=1 est={1} aux={}
INFO: 01:34:22.089350 self-stabilizing-binary-consensus.go:430: est[1][3]={1} aux[1][3]={}
INFO: 01:34:22.097286 self-stabilizing-binary-consensus.go:437: SEND flag=0 r=1 est={1} aux={}
INFO: 01:34:22.097445 self-stabilizing-binary-consensus.go:413: RECEIVE j=1 flag=1 r=1 est={0} aux={}
INFO: 01:34:22.097491 self-stabilizing-binary-consensus.go:430: est[1][1]={0} aux[1][1]={}
INFO: 01:34:22.100838 self-stabilizing-binary-consensus.go:437: SEND flag=0 r=1 est={1} aux={}
INFO: 01:34:22.100896 self-stabilizing-binary-consensus.go:413: RECEIVE j=1 flag=0 r=1 est={0} aux={}
INFO: 01:34:22.100926 self-stabilizing-binary-consensus.go:430: est[1][1]={0} aux[1][1]={}
INFO: 01:34:22.217620 self-stabilizing-binary-consensus.go:413: RECEIVE j=0 flag=1 r=1 est={0} aux={}
INFO: 01:34:22.217692 self-stabilizing-binary-consensus.go:430: est[1][0]={0} aux[1][0]={}
INFO: 01:34:22.221726 self-stabilizing-binary-consensus.go:437: SEND flag=0 r=1 est={1} aux={}
INFO: 01:34:22.241447 self-stabilizing-binary-consensus.go:413: RECEIVE j=0 flag=0 r=1 est={0} aux={}
INFO: 01:34:22.241527 self-stabilizing-binary-consensus.go:430: est[1][0]={0} aux[1][0]={}
INFO: 01:34:22.243263 self-stabilizing-binary-consensus.go:413: RECEIVE j=3 flag=0 r=1 est={1} aux={}
INFO: 01:34:22.243317 self-stabilizing-binary-consensus.go:430: est[1][3]={1} aux[1][3]={}
INFO: 01:34:22.245820 self-stabilizing-binary-consensus.go:413: RECEIVE j=3 flag=0 r=1 est={1} aux={}
INFO: 01:34:22.245849 self-stabilizing-binary-consensus.go:430: est[1][3]={1} aux[1][3]={}
INFO: 01:34:22.246622 self-stabilizing-binary-consensus.go:413: RECEIVE j=1 flag=0 r=1 est={0} aux={}
INFO: 01:34:22.246691 self-stabilizing-binary-consensus.go:430: est[1][1]={0} aux[1][1]={}
INFO: 01:34:22.251793 self-stabilizing-binary-consensus.go:413: RECEIVE j=1 flag=0 r=1 est={0} aux={}
INFO: 01:34:22.251848 self-stabilizing-binary-consensus.go:430: est[1][1]={0} aux[1][1]={}
INFO: 01:34:22.252488 self-stabilizing-binary-consensus.go:413: RECEIVE j=3 flag=0 r=1 est={1} aux={}
INFO: 01:34:22.252540 self-stabilizing-binary-consensus.go:430: est[1][3]={1} aux[1][3]={}
INFO: 01:34:22.256136 self-stabilizing-binary-consensus.go:413: RECEIVE j=0 flag=0 r=1 est={0} aux={}
INFO: 01:34:22.256169 self-stabilizing-binary-consensus.go:430: est[1][0]={0} aux[1][0]={}
INFO: 01:34:22.258262 self-stabilizing-binary-consensus.go:413: RECEIVE j=0 flag=0 r=1 est={0} aux={}
INFO: 01:34:22.258304 self-stabilizing-binary-consensus.go:430: est[1][0]={0} aux[1][0]={}
INFO: 01:34:30.088285 self-stabilizing-binary-consensus.go:413: RECEIVE j=0 flag=1 r=1 est={0 1} aux={}
INFO: 01:34:30.088359 self-stabilizing-binary-consensus.go:430: est[1][0]={0 1} aux[1][0]={}
INFO: 01:34:30.099129 self-stabilizing-binary-consensus.go:118: binValues(1,3)={} w=-1
INFO: 01:34:30.099197 self-stabilizing-binary-consensus.go:129: binValues(1,2)={} w=-1
INFO: 01:34:30.099909 self-stabilizing-binary-consensus.go:437: SEND flag=0 r=1 est={1} aux={}
INFO: 01:34:30.099940 self-stabilizing-binary-consensus.go:413: RECEIVE j=1 flag=0 r=1 est={0} aux={}
INFO: 01:34:30.099948 self-stabilizing-binary-consensus.go:430: est[1][1]={0} aux[1][1]={}
INFO: 01:34:30.099954 self-stabilizing-binary-consensus.go:413: RECEIVE j=1 flag=0 r=1 est={0} aux={}
INFO: 01:34:30.099958 self-stabilizing-binary-consensus.go:430: est[1][1]={0} aux[1][1]={}
INFO: 01:34:30.099963 self-stabilizing-binary-consensus.go:413: RECEIVE j=3 flag=1 r=1 est={0 1} aux={}
INFO: 01:34:30.099968 self-stabilizing-binary-consensus.go:430: est[1][3]={0 1} aux[1][3]={}
INFO: 01:34:30.106288 self-stabilizing-binary-consensus.go:133: SEND flag=1 r=1 est={0 1} aux={}
INFO: 01:34:30.122941 self-stabilizing-binary-consensus.go:437: SEND flag=0 r=1 est={1} aux={}
INFO: 01:34:30.123657 self-stabilizing-binary-consensus.go:413: RECEIVE j=1 flag=1 r=1 est={0 1} aux={}
INFO: 01:34:30.123700 self-stabilizing-binary-consensus.go:430: est[1][1]={0 1} aux[1][1]={}
INFO: 01:34:30.128147 self-stabilizing-binary-consensus.go:437: SEND flag=0 r=1 est={1} aux={}
INFO: 01:34:30.128640 self-stabilizing-binary-consensus.go:413: RECEIVE j=3 flag=0 r=1 est={1} aux={}
INFO: 01:34:30.128843 self-stabilizing-binary-consensus.go:430: est[1][3]={0 1} aux[1][3]={}
INFO: 01:34:30.128953 self-stabilizing-binary-consensus.go:413: RECEIVE j=0 flag=0 r=1 est={0} aux={}
INFO: 01:34:30.129013 self-stabilizing-binary-consensus.go:430: est[1][0]={0 1} aux[1][0]={}
INFO: 01:34:30.129069 self-stabilizing-binary-consensus.go:413: RECEIVE j=0 flag=0 r=1 est={0} aux={}
INFO: 01:34:30.129892 self-stabilizing-binary-consensus.go:430: est[1][0]={0 1} aux[1][0]={}
INFO: 01:34:30.129961 self-stabilizing-binary-consensus.go:413: RECEIVE j=3 flag=0 r=1 est={1} aux={}
INFO: 01:34:30.129993 self-stabilizing-binary-consensus.go:430: est[1][3]={0 1} aux[1][3]={}
INFO: 01:34:30.130043 self-stabilizing-binary-consensus.go:413: RECEIVE j=0 flag=0 r=1 est={0} aux={}
INFO: 01:34:30.130073 self-stabilizing-binary-consensus.go:430: est[1][0]={0 1} aux[1][0]={}
INFO: 01:34:30.130108 self-stabilizing-binary-consensus.go:413: RECEIVE j=3 flag=0 r=1 est={1} aux={}
INFO: 01:34:30.130139 self-stabilizing-binary-consensus.go:430: est[1][3]={0 1} aux[1][3]={}
INFO: 01:34:30.130187 self-stabilizing-binary-consensus.go:413: RECEIVE j=1 flag=0 r=1 est={0} aux={}
INFO: 01:34:30.130221 self-stabilizing-binary-consensus.go:430: est[1][1]={0 1} aux[1][1]={}
