INFO: 21:42:37.019854 main.go:29: ID:2 | N:10 | F:3 | Clients:1 | Scenario:NORMAL | Remote:false

INFO: 21:42:37.020500 messenger.go:90: Receive from Server 0 on tcp://*:4200
INFO: 21:42:37.020699 messenger.go:107: Send to Server 0 on tcp://localhost:4002
INFO: 21:42:37.020836 messenger.go:90: Receive from Server 1 on tcp://*:4201
INFO: 21:42:37.020933 messenger.go:107: Send to Server 1 on tcp://localhost:4102
INFO: 21:42:37.020970 messenger.go:90: Receive from Server 3 on tcp://*:4203
INFO: 21:42:37.021073 messenger.go:107: Send to Server 3 on tcp://localhost:4302
INFO: 21:42:37.021164 messenger.go:90: Receive from Server 4 on tcp://*:4204
INFO: 21:42:37.021334 messenger.go:107: Send to Server 4 on tcp://localhost:4402
INFO: 21:42:37.021415 messenger.go:90: Receive from Server 5 on tcp://*:4205
INFO: 21:42:37.021530 messenger.go:107: Send to Server 5 on tcp://localhost:4502
INFO: 21:42:37.021641 messenger.go:90: Receive from Server 6 on tcp://*:4206
INFO: 21:42:37.021687 messenger.go:107: Send to Server 6 on tcp://localhost:4602
INFO: 21:42:37.021857 messenger.go:90: Receive from Server 7 on tcp://*:4207
INFO: 21:42:37.021969 messenger.go:107: Send to Server 7 on tcp://localhost:4702
INFO: 21:42:37.022022 messenger.go:90: Receive from Server 8 on tcp://*:4208
INFO: 21:42:37.022069 messenger.go:107: Send to Server 8 on tcp://localhost:4802
INFO: 21:42:37.022113 messenger.go:90: Receive from Server 9 on tcp://*:4209
INFO: 21:42:37.022236 messenger.go:107: Send to Server 9 on tcp://localhost:4902
INFO: 21:42:37.040643 messenger.go:113: -----------------------------------------
INFO: 21:42:37.040940 messenger.go:135: Requests from Client 0 on tcp://*:7200
INFO: 21:42:37.041029 messenger.go:152: Response to Client 0 on tcp://*:10200
INFO: 21:42:37.041114 messenger.go:155: -----------------------------------------

INFO: 21:42:37.048270 main.go:83: Initial estimate value:  0
INFO: 21:42:37.068475 messenger.go:346: RECEIVED EST from 1
INFO: 21:42:37.074286 messenger.go:346: RECEIVED EST from 8
INFO: 21:42:37.083522 messenger.go:346: RECEIVED EST from 3
INFO: 21:42:37.084216 messenger.go:346: RECEIVED EST from 9
INFO: 21:42:37.084537 messenger.go:270: SENT EST to 3
INFO: 21:42:37.085180 messenger.go:346: RECEIVED EST from 6
INFO: 21:42:37.085184 messenger.go:270: SENT EST to 0
INFO: 21:42:37.087069 messenger.go:346: RECEIVED EST from 5
INFO: 21:42:37.087145 messenger.go:270: SENT EST to 8
INFO: 21:42:37.087148 messenger.go:270: SENT EST to 7
INFO: 21:42:37.093788 messenger.go:346: RECEIVED EST from 4
INFO: 21:42:37.105241 messenger.go:270: SENT EST to 6
INFO: 21:42:37.105244 messenger.go:270: SENT EST to 4
INFO: 21:42:37.105246 messenger.go:270: SENT EST to 5
INFO: 21:42:37.152846 messenger.go:270: SENT EST to 9
INFO: 21:42:37.187885 messenger.go:346: RECEIVED EST from 0
INFO: 21:42:37.198305 messenger.go:346: RECEIVED EST from 7
INFO: 21:42:37.237692 messenger.go:270: SENT EST to 1
