INFO: 01:10:33.986588 main.go:29: ID:2 | N:4 | F:1 | Clients:1 | Scenario:NORMAL | Remote:false

INFO: 01:10:33.989925 messenger.go:90: Receive from Server 0 on tcp://*:4200
INFO: 01:10:33.990767 messenger.go:107: Send to Server 0 on tcp://localhost:4002
INFO: 01:10:33.992370 messenger.go:90: Receive from Server 1 on tcp://*:4201
INFO: 01:10:33.992469 messenger.go:107: Send to Server 1 on tcp://localhost:4102
INFO: 01:10:33.992523 messenger.go:90: Receive from Server 3 on tcp://*:4203
INFO: 01:10:33.992571 messenger.go:107: Send to Server 3 on tcp://localhost:4302
INFO: 01:10:33.992593 messenger.go:113: -----------------------------------------
INFO: 01:10:33.992633 messenger.go:135: Requests from Client 0 on tcp://*:7200
INFO: 01:10:33.992677 messenger.go:152: Response to Client 0 on tcp://*:10200
INFO: 01:10:33.992703 messenger.go:155: -----------------------------------------

INFO: 01:10:33.995892 main.go:83: Initial estimate value:  0
INFO: 01:10:33.995941 self-stabilizing-binary-consensus.go:93: round=1 repeat=1
INFO: 01:10:33.995962 self-stabilizing-binary-consensus.go:200: binValues(1,3)={}
INFO: 01:10:33.995980 self-stabilizing-binary-consensus.go:200: binValues(1,2)={}
INFO: 01:10:33.999581 self-stabilizing-binary-consensus.go:141: SEND flag=1 r=1 est={0} aux={}
INFO: 01:10:34.003811 self-stabilizing-binary-consensus.go:431: RECEIVE j=0 flag=1 r=1 est={0} aux={}
INFO: 01:10:34.003873 self-stabilizing-binary-consensus.go:433: est[1][0]={0} aux[1][0]={}
INFO: 01:10:34.010458 self-stabilizing-binary-consensus.go:441: SEND flag=0 r=1 est={0} aux={}
INFO: 01:10:34.010529 self-stabilizing-binary-consensus.go:431: RECEIVE j=1 flag=1 r=1 est={0} aux={}
INFO: 01:10:34.010570 self-stabilizing-binary-consensus.go:433: est[1][1]={0} aux[1][1]={}
INFO: 01:10:34.014896 self-stabilizing-binary-consensus.go:441: SEND flag=0 r=1 est={0} aux={}
INFO: 01:10:34.014955 self-stabilizing-binary-consensus.go:431: RECEIVE j=1 flag=0 r=1 est={0} aux={}
INFO: 01:10:34.014976 self-stabilizing-binary-consensus.go:433: est[1][1]={0} aux[1][1]={}
INFO: 01:10:34.134760 self-stabilizing-binary-consensus.go:431: RECEIVE j=3 flag=1 r=1 est={0} aux={}
INFO: 01:10:34.134850 self-stabilizing-binary-consensus.go:433: est[1][3]={0} aux[1][3]={}
INFO: 01:10:34.137139 self-stabilizing-binary-consensus.go:441: SEND flag=0 r=1 est={0} aux={}
INFO: 01:10:34.157253 self-stabilizing-binary-consensus.go:431: RECEIVE j=0 flag=0 r=1 est={0} aux={}
INFO: 01:10:34.157267 self-stabilizing-binary-consensus.go:433: est[1][0]={0} aux[1][0]={}
INFO: 01:10:34.160289 self-stabilizing-binary-consensus.go:431: RECEIVE j=0 flag=0 r=1 est={0} aux={}
INFO: 01:10:34.160307 self-stabilizing-binary-consensus.go:433: est[1][0]={0} aux[1][0]={}
INFO: 01:10:34.163079 self-stabilizing-binary-consensus.go:431: RECEIVE j=1 flag=0 r=1 est={0} aux={}
INFO: 01:10:34.163107 self-stabilizing-binary-consensus.go:433: est[1][1]={0} aux[1][1]={}
INFO: 01:10:34.165742 self-stabilizing-binary-consensus.go:431: RECEIVE j=3 flag=0 r=1 est={0} aux={}
INFO: 01:10:34.168080 self-stabilizing-binary-consensus.go:433: est[1][3]={0} aux[1][3]={}
INFO: 01:10:34.170568 self-stabilizing-binary-consensus.go:431: RECEIVE j=0 flag=0 r=1 est={0} aux={}
INFO: 01:10:34.170693 self-stabilizing-binary-consensus.go:433: est[1][0]={0} aux[1][0]={}
INFO: 01:10:34.172083 self-stabilizing-binary-consensus.go:431: RECEIVE j=3 flag=0 r=1 est={0} aux={}
INFO: 01:10:34.172108 self-stabilizing-binary-consensus.go:433: est[1][3]={0} aux[1][3]={}
INFO: 01:10:34.173604 self-stabilizing-binary-consensus.go:431: RECEIVE j=3 flag=0 r=1 est={0} aux={}
INFO: 01:10:34.173630 self-stabilizing-binary-consensus.go:433: est[1][3]={0} aux[1][3]={}
INFO: 01:10:34.174565 self-stabilizing-binary-consensus.go:431: RECEIVE j=1 flag=0 r=1 est={0} aux={}
INFO: 01:10:34.174593 self-stabilizing-binary-consensus.go:433: est[1][1]={0} aux[1][1]={}
INFO: 01:10:35.000595 self-stabilizing-binary-consensus.go:200: binValues(1,3)={0}
INFO: 01:10:35.000611 self-stabilizing-binary-consensus.go:225: infoResults()={}
INFO: 01:10:35.000617 self-stabilizing-binary-consensus.go:93: round=1 repeat=2
INFO: 01:10:35.000627 self-stabilizing-binary-consensus.go:200: binValues(1,3)={0}
INFO: 01:10:35.000631 self-stabilizing-binary-consensus.go:132: aux[1][2]=0
INFO: 01:10:35.000636 self-stabilizing-binary-consensus.go:200: binValues(1,2)={0}
INFO: 01:10:35.002253 self-stabilizing-binary-consensus.go:141: SEND flag=1 r=1 est={0} aux={0}
INFO: 01:10:35.005097 self-stabilizing-binary-consensus.go:431: RECEIVE j=3 flag=1 r=1 est={0} aux={0}
INFO: 01:10:35.005111 self-stabilizing-binary-consensus.go:433: est[1][3]={0} aux[1][3]={0}
INFO: 01:10:35.010635 self-stabilizing-binary-consensus.go:441: SEND flag=0 r=1 est={0} aux={0}
INFO: 01:10:35.010668 self-stabilizing-binary-consensus.go:431: RECEIVE j=0 flag=1 r=1 est={0} aux={0}
INFO: 01:10:35.010677 self-stabilizing-binary-consensus.go:433: est[1][0]={0} aux[1][0]={0}
INFO: 01:10:35.013061 self-stabilizing-binary-consensus.go:441: SEND flag=0 r=1 est={0} aux={0}
INFO: 01:10:35.013091 self-stabilizing-binary-consensus.go:431: RECEIVE j=1 flag=1 r=1 est={0} aux={0}
INFO: 01:10:35.013100 self-stabilizing-binary-consensus.go:433: est[1][1]={0} aux[1][1]={0}
INFO: 01:10:35.019104 self-stabilizing-binary-consensus.go:441: SEND flag=0 r=1 est={0} aux={0}
INFO: 01:10:35.019158 self-stabilizing-binary-consensus.go:431: RECEIVE j=3 flag=0 r=1 est={0} aux={0}
INFO: 01:10:35.019214 self-stabilizing-binary-consensus.go:433: est[1][3]={0} aux[1][3]={0}
INFO: 01:10:35.019253 self-stabilizing-binary-consensus.go:431: RECEIVE j=0 flag=0 r=1 est={0} aux={0}
INFO: 01:10:35.019305 self-stabilizing-binary-consensus.go:433: est[1][0]={0} aux[1][0]={0}
INFO: 01:10:35.019391 self-stabilizing-binary-consensus.go:431: RECEIVE j=3 flag=0 r=1 est={0} aux={0}
INFO: 01:10:35.019479 self-stabilizing-binary-consensus.go:433: est[1][3]={0} aux[1][3]={0}
INFO: 01:10:35.021082 self-stabilizing-binary-consensus.go:431: RECEIVE j=1 flag=0 r=1 est={0} aux={0}
INFO: 01:10:35.021115 self-stabilizing-binary-consensus.go:433: est[1][1]={0} aux[1][1]={0}
INFO: 01:10:35.021270 self-stabilizing-binary-consensus.go:431: RECEIVE j=0 flag=0 r=1 est={0} aux={0}
INFO: 01:10:35.021316 self-stabilizing-binary-consensus.go:433: est[1][0]={0} aux[1][0]={0}
INFO: 01:10:35.022589 self-stabilizing-binary-consensus.go:431: RECEIVE j=0 flag=0 r=1 est={0} aux={0}
INFO: 01:10:35.022666 self-stabilizing-binary-consensus.go:433: est[1][0]={0} aux[1][0]={0}
INFO: 01:10:35.026053 self-stabilizing-binary-consensus.go:431: RECEIVE j=1 flag=0 r=1 est={0} aux={0}
INFO: 01:10:35.026961 self-stabilizing-binary-consensus.go:433: est[1][1]={0} aux[1][1]={0}
INFO: 01:10:35.030122 self-stabilizing-binary-consensus.go:431: RECEIVE j=3 flag=0 r=1 est={0} aux={0}
INFO: 01:10:35.030169 self-stabilizing-binary-consensus.go:433: est[1][3]={0} aux[1][3]={0}
INFO: 01:10:35.033051 self-stabilizing-binary-consensus.go:431: RECEIVE j=1 flag=0 r=1 est={0} aux={0}
INFO: 01:10:35.033328 self-stabilizing-binary-consensus.go:433: est[1][1]={0} aux[1][1]={0}
INFO: 01:10:36.002836 self-stabilizing-binary-consensus.go:200: binValues(1,3)={0}
INFO: 01:10:36.002886 self-stabilizing-binary-consensus.go:225: infoResults()={0}
INFO: 01:10:36.002893 self-stabilizing-binary-consensus.go:200: binValues(1,3)={0}
INFO: 01:10:36.002897 self-stabilizing-binary-consensus.go:225: infoResults()={0}
INFO: 01:10:36.002901 self-stabilizing-binary-consensus.go:256: randomBit(1)=0
INFO: 01:10:36.002907 self-stabilizing-binary-consensus.go:249: decision=0
INFO: 01:10:36.002918 self-stabilizing-binary-consensus.go:200: binValues(11,2)={}
INFO: 01:10:36.002923 self-stabilizing-binary-consensus.go:93: round=11 repeat=1
INFO: 01:10:36.002928 self-stabilizing-binary-consensus.go:200: binValues(11,3)={}
INFO: 01:10:36.002938 self-stabilizing-binary-consensus.go:200: binValues(11,2)={}
INFO: 01:10:36.003472 self-stabilizing-binary-consensus.go:431: RECEIVE j=3 flag=1 r=11 est={0} aux={0}
INFO: 01:10:36.003504 self-stabilizing-binary-consensus.go:433: est[11][3]={0} aux[11][3]={0}
INFO: 01:10:36.004828 self-stabilizing-binary-consensus.go:141: SEND flag=1 r=11 est={0} aux={0}
INFO: 01:10:36.011354 self-stabilizing-binary-consensus.go:441: SEND flag=0 r=11 est={0} aux={0}
INFO: 01:10:36.011398 self-stabilizing-binary-consensus.go:431: RECEIVE j=3 flag=0 r=11 est={0} aux={0}
INFO: 01:10:36.011415 self-stabilizing-binary-consensus.go:433: est[11][3]={0} aux[11][3]={0}
INFO: 01:10:36.012693 self-stabilizing-binary-consensus.go:431: RECEIVE j=0 flag=1 r=11 est={0} aux={0}
INFO: 01:10:36.012755 self-stabilizing-binary-consensus.go:433: est[11][0]={0} aux[11][0]={0}
INFO: 01:10:36.019920 self-stabilizing-binary-consensus.go:441: SEND flag=0 r=11 est={0} aux={0}
INFO: 01:10:36.019948 self-stabilizing-binary-consensus.go:431: RECEIVE j=1 flag=0 r=11 est={0} aux={0}
INFO: 01:10:36.019956 self-stabilizing-binary-consensus.go:433: est[11][1]={0} aux[11][1]={0}
INFO: 01:10:36.019962 self-stabilizing-binary-consensus.go:431: RECEIVE j=0 flag=0 r=11 est={0} aux={0}
INFO: 01:10:36.019969 self-stabilizing-binary-consensus.go:433: est[11][0]={0} aux[11][0]={0}
INFO: 01:10:36.019975 self-stabilizing-binary-consensus.go:431: RECEIVE j=3 flag=0 r=11 est={0} aux={0}
INFO: 01:10:36.020000 self-stabilizing-binary-consensus.go:433: est[11][3]={0} aux[11][3]={0}
INFO: 01:10:36.020009 self-stabilizing-binary-consensus.go:431: RECEIVE j=1 flag=0 r=11 est={0} aux={0}
INFO: 01:10:36.020013 self-stabilizing-binary-consensus.go:433: est[11][1]={0} aux[11][1]={0}
INFO: 01:10:36.022474 self-stabilizing-binary-consensus.go:431: RECEIVE j=1 flag=0 r=11 est={0} aux={0}
INFO: 01:10:36.022625 self-stabilizing-binary-consensus.go:433: est[11][1]={0} aux[11][1]={0}
INFO: 01:10:36.023439 self-stabilizing-binary-consensus.go:431: RECEIVE j=0 flag=0 r=11 est={0} aux={0}
INFO: 01:10:36.023466 self-stabilizing-binary-consensus.go:433: est[11][0]={0} aux[11][0]={0}
INFO: 01:10:36.028342 self-stabilizing-binary-consensus.go:431: RECEIVE j=1 flag=1 r=11 est={0} aux={0}
INFO: 01:10:36.028370 self-stabilizing-binary-consensus.go:433: est[11][1]={0} aux[11][1]={0}
INFO: 01:10:36.030165 self-stabilizing-binary-consensus.go:441: SEND flag=0 r=11 est={0} aux={0}
INFO: 01:10:36.030737 self-stabilizing-binary-consensus.go:431: RECEIVE j=3 flag=0 r=11 est={0} aux={0}
INFO: 01:10:36.031190 self-stabilizing-binary-consensus.go:433: est[11][3]={0} aux[11][3]={0}
INFO: 01:10:36.033276 self-stabilizing-binary-consensus.go:431: RECEIVE j=0 flag=0 r=11 est={0} aux={0}
INFO: 01:10:36.033289 self-stabilizing-binary-consensus.go:433: est[11][0]={0} aux[11][0]={0}
INFO: 01:10:36.997066 self-stabilizing-multivalued-consensus.go:18: Successful decide
