INFO: 01:30:57.341072 main.go:29: ID:2 | N:4 | F:1 | Clients:1 | Scenario:NORMAL | Remote:false

INFO: 01:30:57.342379 messenger.go:90: Receive from Server 0 on tcp://*:4200
INFO: 01:30:57.342554 messenger.go:107: Send to Server 0 on tcp://localhost:4002
INFO: 01:30:57.342603 messenger.go:90: Receive from Server 1 on tcp://*:4201
INFO: 01:30:57.342690 messenger.go:107: Send to Server 1 on tcp://localhost:4102
INFO: 01:30:57.343319 messenger.go:90: Receive from Server 3 on tcp://*:4203
INFO: 01:30:57.343497 messenger.go:107: Send to Server 3 on tcp://localhost:4302
INFO: 01:30:57.343562 messenger.go:113: -----------------------------------------
INFO: 01:30:57.343620 messenger.go:135: Requests from Client 0 on tcp://*:7200
INFO: 01:30:57.343697 messenger.go:152: Response to Client 0 on tcp://*:10200
INFO: 01:30:57.343723 messenger.go:155: -----------------------------------------

INFO: 01:30:57.352480 main.go:83: Initial estimate value:  1
INFO: 01:30:57.353619 self-stabilizing-binary-consensus.go:78: Round:1
INFO: 01:30:57.353669 self-stabilizing-binary-consensus.go:118: binValues(1,3)={} w=-1
INFO: 01:30:57.353676 self-stabilizing-binary-consensus.go:129: binValues(1,2)={} w=-1
INFO: 01:30:57.355776 self-stabilizing-binary-consensus.go:133: SEND flag=1 r=1 est={1} aux={}
INFO: 01:30:57.363827 self-stabilizing-binary-consensus.go:413: RECEIVE j=3 flag=1 r=1 est={1} aux={}
INFO: 01:30:57.363864 self-stabilizing-binary-consensus.go:430: est[1][3]={1} aux[1][3]={}
INFO: 01:30:57.520877 self-stabilizing-binary-consensus.go:437: SEND flag=0 r=1 est={1} aux={}
INFO: 01:30:57.520982 self-stabilizing-binary-consensus.go:413: RECEIVE j=0 flag=0 r=1 est={0} aux={}
INFO: 01:30:57.521021 self-stabilizing-binary-consensus.go:430: est[1][0]={0} aux[1][0]={}
INFO: 01:30:57.521051 self-stabilizing-binary-consensus.go:413: RECEIVE j=1 flag=1 r=1 est={0} aux={}
INFO: 01:30:57.521077 self-stabilizing-binary-consensus.go:430: est[1][1]={0} aux[1][1]={}
INFO: 01:30:57.527275 self-stabilizing-binary-consensus.go:437: SEND flag=0 r=1 est={1} aux={}
INFO: 01:30:57.527373 self-stabilizing-binary-consensus.go:413: RECEIVE j=0 flag=1 r=1 est={0} aux={}
INFO: 01:30:57.527515 self-stabilizing-binary-consensus.go:430: est[1][0]={0} aux[1][0]={}
INFO: 01:30:57.531444 self-stabilizing-binary-consensus.go:437: SEND flag=0 r=1 est={1} aux={}
INFO: 01:30:57.531491 self-stabilizing-binary-consensus.go:413: RECEIVE j=0 flag=0 r=1 est={0} aux={}
INFO: 01:30:57.531516 self-stabilizing-binary-consensus.go:430: est[1][0]={0} aux[1][0]={}
INFO: 01:30:57.531528 self-stabilizing-binary-consensus.go:413: RECEIVE j=1 flag=0 r=1 est={0} aux={}
INFO: 01:30:57.531534 self-stabilizing-binary-consensus.go:430: est[1][1]={0} aux[1][1]={}
INFO: 01:30:57.531539 self-stabilizing-binary-consensus.go:413: RECEIVE j=1 flag=0 r=1 est={0} aux={}
INFO: 01:30:57.531557 self-stabilizing-binary-consensus.go:430: est[1][1]={0} aux[1][1]={}
INFO: 01:30:57.531566 self-stabilizing-binary-consensus.go:413: RECEIVE j=3 flag=0 r=1 est={1} aux={}
INFO: 01:30:57.531570 self-stabilizing-binary-consensus.go:430: est[1][3]={1} aux[1][3]={}
INFO: 01:30:57.531575 self-stabilizing-binary-consensus.go:413: RECEIVE j=1 flag=0 r=1 est={0} aux={}
INFO: 01:30:57.531580 self-stabilizing-binary-consensus.go:430: est[1][1]={0} aux[1][1]={}
INFO: 01:30:57.531597 self-stabilizing-binary-consensus.go:413: RECEIVE j=3 flag=0 r=1 est={1} aux={}
INFO: 01:30:57.531604 self-stabilizing-binary-consensus.go:430: est[1][3]={1} aux[1][3]={}
INFO: 01:30:57.531610 self-stabilizing-binary-consensus.go:413: RECEIVE j=3 flag=0 r=1 est={1} aux={}
INFO: 01:30:57.531615 self-stabilizing-binary-consensus.go:430: est[1][3]={1} aux[1][3]={}
INFO: 01:30:57.531620 self-stabilizing-binary-consensus.go:413: RECEIVE j=0 flag=0 r=1 est={0} aux={}
INFO: 01:30:57.531624 self-stabilizing-binary-consensus.go:430: est[1][0]={0} aux[1][0]={}
INFO: 01:31:05.357165 self-stabilizing-binary-consensus.go:118: binValues(1,3)={} w=-1
INFO: 01:31:05.357262 self-stabilizing-binary-consensus.go:129: binValues(1,2)={} w=-1
INFO: 01:31:05.367847 self-stabilizing-binary-consensus.go:413: RECEIVE j=3 flag=1 r=1 est={0 1} aux={}
INFO: 01:31:05.368128 self-stabilizing-binary-consensus.go:430: est[1][3]={0 1} aux[1][3]={}
INFO: 01:31:05.373613 self-stabilizing-binary-consensus.go:133: SEND flag=1 r=1 est={0 1} aux={}
INFO: 01:31:05.388055 self-stabilizing-binary-consensus.go:437: SEND flag=0 r=1 est={1} aux={}
INFO: 01:31:05.390476 self-stabilizing-binary-consensus.go:413: RECEIVE j=1 flag=1 r=1 est={0 1} aux={}
INFO: 01:31:05.390586 self-stabilizing-binary-consensus.go:430: est[1][1]={0 1} aux[1][1]={}
INFO: 01:31:05.394367 self-stabilizing-binary-consensus.go:437: SEND flag=0 r=1 est={1} aux={}
INFO: 01:31:05.394449 self-stabilizing-binary-consensus.go:413: RECEIVE j=0 flag=0 r=1 est={0} aux={}
INFO: 01:31:05.394493 self-stabilizing-binary-consensus.go:430: est[1][0]={0} aux[1][0]={}
INFO: 01:31:05.397869 self-stabilizing-binary-consensus.go:413: RECEIVE j=1 flag=0 r=1 est={0} aux={}
INFO: 01:31:05.398077 self-stabilizing-binary-consensus.go:430: est[1][1]={0 1} aux[1][1]={}
INFO: 01:31:05.399378 self-stabilizing-binary-consensus.go:413: RECEIVE j=3 flag=0 r=1 est={1} aux={}
INFO: 01:31:05.399802 self-stabilizing-binary-consensus.go:430: est[1][3]={0 1} aux[1][3]={}
INFO: 01:31:05.404864 self-stabilizing-binary-consensus.go:413: RECEIVE j=0 flag=0 r=1 est={0} aux={}
INFO: 01:31:05.405008 self-stabilizing-binary-consensus.go:430: est[1][0]={0} aux[1][0]={}
INFO: 01:31:05.405332 self-stabilizing-binary-consensus.go:413: RECEIVE j=1 flag=0 r=1 est={0} aux={}
INFO: 01:31:05.405396 self-stabilizing-binary-consensus.go:430: est[1][1]={0 1} aux[1][1]={}
INFO: 01:31:05.410590 self-stabilizing-binary-consensus.go:413: RECEIVE j=3 flag=0 r=1 est={1} aux={}
INFO: 01:31:05.410717 self-stabilizing-binary-consensus.go:430: est[1][3]={0 1} aux[1][3]={}
INFO: 01:31:05.411122 self-stabilizing-binary-consensus.go:413: RECEIVE j=0 flag=0 r=1 est={0} aux={}
INFO: 01:31:05.411171 self-stabilizing-binary-consensus.go:430: est[1][0]={0} aux[1][0]={}
INFO: 01:31:05.521347 self-stabilizing-binary-consensus.go:413: RECEIVE j=0 flag=1 r=1 est={0 1} aux={0}
INFO: 01:31:05.521445 self-stabilizing-binary-consensus.go:430: est[1][0]={0 1} aux[1][0]={0}
INFO: 01:31:05.530005 self-stabilizing-binary-consensus.go:437: SEND flag=0 r=1 est={1} aux={}
INFO: 01:31:05.530082 self-stabilizing-binary-consensus.go:413: RECEIVE j=1 flag=0 r=1 est={0} aux={}
INFO: 01:31:05.530101 self-stabilizing-binary-consensus.go:430: est[1][1]={0 1} aux[1][1]={}
INFO: 01:31:05.530116 self-stabilizing-binary-consensus.go:413: RECEIVE j=3 flag=0 r=1 est={1} aux={}
INFO: 01:31:05.530128 self-stabilizing-binary-consensus.go:430: est[1][3]={0 1} aux[1][3]={}
