INFO: 01:11:08.824333 main.go:29: ID:2 | N:4 | F:1 | Clients:1 | Scenario:NORMAL | Remote:false

INFO: 01:11:08.824687 messenger.go:91: Receive from Server 0 on tcp://*:4200
INFO: 01:11:08.824860 messenger.go:108: Send to Server 0 on tcp://localhost:4002
INFO: 01:11:08.824914 messenger.go:91: Receive from Server 1 on tcp://*:4201
INFO: 01:11:08.824940 messenger.go:108: Send to Server 1 on tcp://localhost:4102
INFO: 01:11:08.824986 messenger.go:91: Receive from Server 3 on tcp://*:4203
INFO: 01:11:08.825019 messenger.go:108: Send to Server 3 on tcp://localhost:4302
INFO: 01:11:08.825039 messenger.go:114: -----------------------------------------
INFO: 01:11:08.825068 messenger.go:136: Requests from Client 0 on tcp://*:7200
INFO: 01:11:08.825098 messenger.go:153: Response to Client 0 on tcp://*:10200
INFO: 01:11:08.825106 messenger.go:156: -----------------------------------------

INFO: 01:11:08.825572 main.go:83: Initial estimate value:  1
INFO: 01:11:08.825609 self-stabilizing-binary-consensus.go:96: round=1 repeat=1
INFO: 01:11:08.825651 self-stabilizing-binary-consensus.go:210: binValues(1,3)={}
INFO: 01:11:08.825671 self-stabilizing-binary-consensus.go:210: binValues(1,2)={}
INFO: 01:11:08.834500 messenger.go:302: SEND j=0 flag=true r=1 est={1} aux={}
INFO: 01:11:08.837561 messenger.go:302: SEND j=1 flag=true r=1 est={1} aux={}
INFO: 01:11:08.838775 messenger.go:451: RECEIVED j=1 flag=true r=1 est={1} aux={}
INFO: 01:11:08.838824 self-stabilizing-binary-consensus.go:445: RECEIVED j=1 flag=true r=1 est={1} aux={}
INFO: 01:11:08.838834 self-stabilizing-binary-consensus.go:447: est[1][1]={1} aux[1][1]={}
INFO: 01:11:08.843251 messenger.go:302: SEND j=3 flag=true r=1 est={1} aux={}
INFO: 01:11:08.843584 messenger.go:302: SEND j=0 flag=false r=1 est={1} aux={}
INFO: 01:11:08.844545 messenger.go:302: SEND j=1 flag=false r=1 est={1} aux={}
INFO: 01:11:08.845251 messenger.go:451: RECEIVED j=1 flag=false r=1 est={1} aux={}
INFO: 01:11:08.845491 self-stabilizing-binary-consensus.go:445: RECEIVED j=1 flag=false r=1 est={1} aux={}
INFO: 01:11:08.845501 self-stabilizing-binary-consensus.go:447: est[1][1]={1} aux[1][1]={}
INFO: 01:11:08.846615 messenger.go:302: SEND j=3 flag=false r=1 est={1} aux={}
INFO: 01:11:08.847924 messenger.go:451: RECEIVED j=3 flag=true r=1 est={1} aux={}
INFO: 01:11:08.848114 self-stabilizing-binary-consensus.go:445: RECEIVED j=3 flag=true r=1 est={1} aux={}
INFO: 01:11:08.848146 self-stabilizing-binary-consensus.go:447: est[1][3]={1} aux[1][3]={}
INFO: 01:11:08.850635 messenger.go:302: SEND j=0 flag=false r=1 est={1} aux={}
INFO: 01:11:08.851530 messenger.go:302: SEND j=1 flag=false r=1 est={1} aux={}
INFO: 01:11:08.851840 messenger.go:302: SEND j=3 flag=false r=1 est={1} aux={}
INFO: 01:11:08.856301 messenger.go:451: RECEIVED j=1 flag=false r=1 est={1} aux={}
INFO: 01:11:08.856338 self-stabilizing-binary-consensus.go:445: RECEIVED j=1 flag=false r=1 est={1} aux={}
INFO: 01:11:08.856347 self-stabilizing-binary-consensus.go:447: est[1][1]={1} aux[1][1]={}
INFO: 01:11:08.856663 messenger.go:451: RECEIVED j=3 flag=false r=1 est={1} aux={}
INFO: 01:11:08.856691 self-stabilizing-binary-consensus.go:445: RECEIVED j=3 flag=false r=1 est={1} aux={}
INFO: 01:11:08.856699 self-stabilizing-binary-consensus.go:447: est[1][3]={1} aux[1][3]={}
INFO: 01:11:08.857897 messenger.go:451: RECEIVED j=3 flag=false r=1 est={1} aux={}
INFO: 01:11:08.857936 self-stabilizing-binary-consensus.go:445: RECEIVED j=3 flag=false r=1 est={1} aux={}
INFO: 01:11:08.857962 self-stabilizing-binary-consensus.go:447: est[1][3]={1} aux[1][3]={}
INFO: 01:11:08.962237 messenger.go:451: RECEIVED j=0 flag=true r=1 est={1} aux={}
INFO: 01:11:08.962308 self-stabilizing-binary-consensus.go:445: RECEIVED j=0 flag=true r=1 est={1} aux={}
INFO: 01:11:08.962323 self-stabilizing-binary-consensus.go:447: est[1][0]={1} aux[1][0]={}
INFO: 01:11:08.966023 messenger.go:302: SEND j=3 flag=false r=1 est={1} aux={}
INFO: 01:11:08.966264 messenger.go:302: SEND j=1 flag=false r=1 est={1} aux={}
INFO: 01:11:08.966325 messenger.go:302: SEND j=0 flag=false r=1 est={1} aux={}
INFO: 01:11:08.985945 messenger.go:451: RECEIVED j=0 flag=false r=1 est={1} aux={}
INFO: 01:11:08.985982 self-stabilizing-binary-consensus.go:445: RECEIVED j=0 flag=false r=1 est={1} aux={}
INFO: 01:11:08.985990 self-stabilizing-binary-consensus.go:447: est[1][0]={1} aux[1][0]={}
INFO: 01:11:08.988449 messenger.go:451: RECEIVED j=1 flag=false r=1 est={1} aux={}
INFO: 01:11:08.988601 self-stabilizing-binary-consensus.go:445: RECEIVED j=1 flag=false r=1 est={1} aux={}
INFO: 01:11:08.988791 self-stabilizing-binary-consensus.go:447: est[1][1]={1} aux[1][1]={}
INFO: 01:11:08.998013 messenger.go:451: RECEIVED j=0 flag=false r=1 est={1} aux={}
INFO: 01:11:08.998286 self-stabilizing-binary-consensus.go:445: RECEIVED j=0 flag=false r=1 est={1} aux={}
INFO: 01:11:08.998319 self-stabilizing-binary-consensus.go:447: est[1][0]={1} aux[1][0]={}
INFO: 01:11:09.001955 messenger.go:451: RECEIVED j=0 flag=false r=1 est={1} aux={}
INFO: 01:11:09.002091 self-stabilizing-binary-consensus.go:445: RECEIVED j=0 flag=false r=1 est={1} aux={}
INFO: 01:11:09.002130 self-stabilizing-binary-consensus.go:447: est[1][0]={1} aux[1][0]={}
INFO: 01:11:09.003898 messenger.go:451: RECEIVED j=3 flag=false r=1 est={1} aux={}
INFO: 01:11:09.003975 self-stabilizing-binary-consensus.go:445: RECEIVED j=3 flag=false r=1 est={1} aux={}
INFO: 01:11:09.003986 self-stabilizing-binary-consensus.go:447: est[1][3]={1} aux[1][3]={}
INFO: 01:11:09.829370 self-stabilizing-binary-consensus.go:210: binValues(1,3)={1}
INFO: 01:11:09.829571 self-stabilizing-binary-consensus.go:235: infoResults()={}
INFO: 01:11:09.829859 self-stabilizing-binary-consensus.go:96: round=1 repeat=2
INFO: 01:11:09.829909 self-stabilizing-binary-consensus.go:210: binValues(1,3)={1}
INFO: 01:11:09.829928 self-stabilizing-binary-consensus.go:135: aux[1][2]=1
INFO: 01:11:09.829946 self-stabilizing-binary-consensus.go:210: binValues(1,2)={1}
INFO: 01:11:09.835151 messenger.go:302: SEND j=0 flag=true r=1 est={1} aux={1}
INFO: 01:11:09.835599 messenger.go:302: SEND j=1 flag=true r=1 est={1} aux={1}
INFO: 01:11:09.840107 messenger.go:451: RECEIVED j=0 flag=true r=1 est={1} aux={1}
INFO: 01:11:09.840167 self-stabilizing-binary-consensus.go:445: RECEIVED j=0 flag=true r=1 est={1} aux={1}
INFO: 01:11:09.840181 self-stabilizing-binary-consensus.go:447: est[1][0]={1} aux[1][0]={1}
INFO: 01:11:09.841274 messenger.go:451: RECEIVED j=1 flag=false r=1 est={1} aux={}
INFO: 01:11:09.845984 messenger.go:451: RECEIVED j=0 flag=false r=1 est={1} aux={1}
INFO: 01:11:09.846113 messenger.go:302: SEND j=3 flag=true r=1 est={1} aux={1}
INFO: 01:11:09.846328 messenger.go:302: SEND j=1 flag=false r=1 est={1} aux={1}
INFO: 01:11:09.846385 self-stabilizing-binary-consensus.go:445: RECEIVED j=1 flag=false r=1 est={1} aux={}
INFO: 01:11:09.846439 self-stabilizing-binary-consensus.go:447: est[1][1]={1} aux[1][1]={}
INFO: 01:11:09.846452 self-stabilizing-binary-consensus.go:445: RECEIVED j=0 flag=false r=1 est={1} aux={1}
INFO: 01:11:09.846459 self-stabilizing-binary-consensus.go:447: est[1][0]={1} aux[1][0]={1}
INFO: 01:11:09.846128 messenger.go:302: SEND j=0 flag=false r=1 est={1} aux={1}
INFO: 01:11:09.847248 messenger.go:302: SEND j=3 flag=false r=1 est={1} aux={1}
INFO: 01:11:09.848435 messenger.go:451: RECEIVED j=1 flag=false r=1 est={1} aux={1}
INFO: 01:11:09.850775 self-stabilizing-binary-consensus.go:445: RECEIVED j=1 flag=false r=1 est={1} aux={1}
INFO: 01:11:09.850809 self-stabilizing-binary-consensus.go:447: est[1][1]={1} aux[1][1]={1}
INFO: 01:11:09.852538 messenger.go:451: RECEIVED j=1 flag=true r=1 est={1} aux={1}
INFO: 01:11:09.854330 self-stabilizing-binary-consensus.go:445: RECEIVED j=1 flag=true r=1 est={1} aux={1}
INFO: 01:11:09.854375 self-stabilizing-binary-consensus.go:447: est[1][1]={1} aux[1][1]={1}
INFO: 01:11:09.857093 messenger.go:451: RECEIVED j=3 flag=false r=1 est={1} aux={}
INFO: 01:11:09.857712 messenger.go:451: RECEIVED j=0 flag=false r=1 est={1} aux={1}
INFO: 01:11:09.858206 messenger.go:451: RECEIVED j=1 flag=false r=1 est={1} aux={1}
INFO: 01:11:09.858584 messenger.go:451: RECEIVED j=3 flag=true r=1 est={1} aux={1}
INFO: 01:11:09.859633 messenger.go:451: RECEIVED j=3 flag=false r=1 est={1} aux={1}
INFO: 01:11:09.861695 self-stabilizing-binary-consensus.go:445: RECEIVED j=3 flag=false r=1 est={1} aux={}
INFO: 01:11:09.861863 self-stabilizing-binary-consensus.go:447: est[1][3]={1} aux[1][3]={}
INFO: 01:11:09.861901 self-stabilizing-binary-consensus.go:445: RECEIVED j=0 flag=false r=1 est={1} aux={1}
INFO: 01:11:09.861925 self-stabilizing-binary-consensus.go:447: est[1][0]={1} aux[1][0]={1}
INFO: 01:11:09.862590 self-stabilizing-binary-consensus.go:445: RECEIVED j=1 flag=false r=1 est={1} aux={1}
INFO: 01:11:09.862719 self-stabilizing-binary-consensus.go:447: est[1][1]={1} aux[1][1]={1}
INFO: 01:11:09.862918 self-stabilizing-binary-consensus.go:445: RECEIVED j=3 flag=true r=1 est={1} aux={1}
INFO: 01:11:09.863099 self-stabilizing-binary-consensus.go:447: est[1][3]={1} aux[1][3]={1}
INFO: 01:11:09.863230 messenger.go:302: SEND j=3 flag=false r=1 est={1} aux={1}
INFO: 01:11:09.861917 messenger.go:302: SEND j=0 flag=false r=1 est={1} aux={1}
INFO: 01:11:09.862543 messenger.go:302: SEND j=1 flag=false r=1 est={1} aux={1}
INFO: 01:11:09.864634 messenger.go:451: RECEIVED j=3 flag=false r=1 est={1} aux={1}
INFO: 01:11:09.866229 messenger.go:451: RECEIVED j=0 flag=false r=1 est={1} aux={1}
INFO: 01:11:09.867771 self-stabilizing-binary-consensus.go:445: RECEIVED j=3 flag=false r=1 est={1} aux={1}
INFO: 01:11:09.867809 self-stabilizing-binary-consensus.go:447: est[1][3]={1} aux[1][3]={1}
INFO: 01:11:09.867833 self-stabilizing-binary-consensus.go:445: RECEIVED j=3 flag=false r=1 est={1} aux={1}
INFO: 01:11:09.867854 self-stabilizing-binary-consensus.go:447: est[1][3]={1} aux[1][3]={1}
INFO: 01:11:09.867876 self-stabilizing-binary-consensus.go:445: RECEIVED j=0 flag=false r=1 est={1} aux={1}
INFO: 01:11:09.867957 self-stabilizing-binary-consensus.go:447: est[1][0]={1} aux[1][0]={1}
INFO: 01:11:09.868321 messenger.go:302: SEND j=1 flag=false r=1 est={1} aux={1}
INFO: 01:11:09.869005 messenger.go:302: SEND j=0 flag=false r=1 est={1} aux={1}
INFO: 01:11:09.869504 messenger.go:302: SEND j=3 flag=false r=1 est={1} aux={1}
INFO: 01:11:10.835062 self-stabilizing-binary-consensus.go:210: binValues(1,3)={1}
INFO: 01:11:10.835428 self-stabilizing-binary-consensus.go:235: infoResults()={1}
INFO: 01:11:10.835752 self-stabilizing-binary-consensus.go:210: binValues(1,3)={1}
INFO: 01:11:10.835828 self-stabilizing-binary-consensus.go:235: infoResults()={1}
INFO: 01:11:10.835877 self-stabilizing-binary-consensus.go:268: randomBit(1)=1
INFO: 01:11:10.835893 self-stabilizing-binary-consensus.go:261: decision=1
INFO: 01:11:10.835977 self-stabilizing-binary-consensus.go:210: binValues(11,2)={}
INFO: 01:11:11.828045 self-stabilizing-multivalued-consensus.go:18: Successful decide
