INFO: 15:55:27.914064 main.go:29: ID:2 | N:4 | F:1 | Clients:1 | Scenario:NORMAL | Remote:false

INFO: 15:55:27.914443 messenger.go:90: Receive from Server 0 on tcp://*:4200
INFO: 15:55:27.914656 messenger.go:107: Send to Server 0 on tcp://localhost:4002
INFO: 15:55:27.915151 messenger.go:90: Receive from Server 1 on tcp://*:4201
INFO: 15:55:27.915235 messenger.go:107: Send to Server 1 on tcp://localhost:4102
INFO: 15:55:27.915284 messenger.go:90: Receive from Server 3 on tcp://*:4203
INFO: 15:55:27.915327 messenger.go:107: Send to Server 3 on tcp://localhost:4302
INFO: 15:55:27.915349 messenger.go:113: -----------------------------------------
INFO: 15:55:27.915388 messenger.go:135: Requests from Client 0 on tcp://*:7200
INFO: 15:55:27.915434 messenger.go:152: Response to Client 0 on tcp://*:10200
INFO: 15:55:27.915457 messenger.go:155: -----------------------------------------

INFO: 15:55:27.919205 main.go:83: Initial estimate value:  1
INFO: 15:55:27.919355 self-stabilizing-binary-consensus.go:90: round=1 repeat=1
INFO: 15:55:27.922131 self-stabilizing-binary-consensus.go:127: binValues(1,3)={} w=-1
INFO: 15:55:27.925207 self-stabilizing-binary-consensus.go:142: binValues(1,2)={} w=-1
INFO: 15:55:27.925252 self-stabilizing-binary-consensus.go:143: SEND flag=1 r=1 est={1} aux={}
INFO: 15:55:27.929868 self-stabilizing-binary-consensus.go:410: RECEIVE j=1 flag=1 r=1 est={0} aux={}
INFO: 15:55:27.929975 self-stabilizing-binary-consensus.go:427: est[1][1]={0} aux[1][1]={}
INFO: 15:55:27.933914 self-stabilizing-binary-consensus.go:434: SEND flag=0 r=1 est={1} aux={}
INFO: 15:55:27.934464 self-stabilizing-binary-consensus.go:410: RECEIVE j=1 flag=0 r=1 est={0} aux={}
INFO: 15:55:27.934536 self-stabilizing-binary-consensus.go:427: est[1][1]={0} aux[1][1]={}
INFO: 15:55:28.052566 self-stabilizing-binary-consensus.go:410: RECEIVE j=0 flag=1 r=1 est={0} aux={}
INFO: 15:55:28.052593 self-stabilizing-binary-consensus.go:427: est[1][0]={0} aux[1][0]={}
INFO: 15:55:28.054247 self-stabilizing-binary-consensus.go:434: SEND flag=0 r=1 est={1} aux={}
INFO: 15:55:28.055582 self-stabilizing-binary-consensus.go:410: RECEIVE j=3 flag=1 r=1 est={1} aux={}
INFO: 15:55:28.055620 self-stabilizing-binary-consensus.go:427: est[1][3]={1} aux[1][3]={}
INFO: 15:55:28.057275 self-stabilizing-binary-consensus.go:434: SEND flag=0 r=1 est={1} aux={}
INFO: 15:55:28.077716 self-stabilizing-binary-consensus.go:410: RECEIVE j=1 flag=0 r=1 est={0} aux={}
INFO: 15:55:28.077775 self-stabilizing-binary-consensus.go:427: est[1][1]={0} aux[1][1]={}
INFO: 15:55:28.077981 self-stabilizing-binary-consensus.go:410: RECEIVE j=0 flag=0 r=1 est={0} aux={}
INFO: 15:55:28.078018 self-stabilizing-binary-consensus.go:427: est[1][0]={0} aux[1][0]={}
INFO: 15:55:28.081194 self-stabilizing-binary-consensus.go:410: RECEIVE j=3 flag=0 r=1 est={1} aux={}
INFO: 15:55:28.081221 self-stabilizing-binary-consensus.go:427: est[1][3]={1} aux[1][3]={}
INFO: 15:55:28.084202 self-stabilizing-binary-consensus.go:410: RECEIVE j=3 flag=0 r=1 est={1} aux={}
INFO: 15:55:28.084230 self-stabilizing-binary-consensus.go:427: est[1][3]={1} aux[1][3]={}
INFO: 15:55:28.087577 self-stabilizing-binary-consensus.go:410: RECEIVE j=1 flag=0 r=1 est={0} aux={}
INFO: 15:55:28.087607 self-stabilizing-binary-consensus.go:427: est[1][1]={0} aux[1][1]={}
INFO: 15:55:28.087862 self-stabilizing-binary-consensus.go:410: RECEIVE j=0 flag=0 r=1 est={0} aux={}
INFO: 15:55:28.087891 self-stabilizing-binary-consensus.go:427: est[1][0]={0} aux[1][0]={}
INFO: 15:55:28.089892 self-stabilizing-binary-consensus.go:410: RECEIVE j=3 flag=0 r=1 est={1} aux={}
INFO: 15:55:28.089927 self-stabilizing-binary-consensus.go:427: est[1][3]={1} aux[1][3]={}
INFO: 15:55:28.091667 self-stabilizing-binary-consensus.go:410: RECEIVE j=0 flag=0 r=1 est={0} aux={}
INFO: 15:55:28.091679 self-stabilizing-binary-consensus.go:427: est[1][0]={0} aux[1][0]={}
INFO: 15:55:29.927088 self-stabilizing-binary-consensus.go:148: infoResults()={}
INFO: 15:55:29.927219 self-stabilizing-binary-consensus.go:90: round=1 repeat=2
INFO: 15:55:29.927283 self-stabilizing-binary-consensus.go:127: binValues(1,3)={} w=-1
INFO: 15:55:29.931721 self-stabilizing-binary-consensus.go:410: RECEIVE j=3 flag=1 r=1 est={0 1} aux={}
INFO: 15:55:29.931751 self-stabilizing-binary-consensus.go:427: est[1][3]={0 1} aux[1][3]={}
INFO: 15:55:29.933379 self-stabilizing-binary-consensus.go:434: SEND flag=0 r=1 est={1} aux={}
INFO: 15:55:29.934792 self-stabilizing-binary-consensus.go:410: RECEIVE j=0 flag=1 r=1 est={0 1} aux={}
INFO: 15:55:29.934845 self-stabilizing-binary-consensus.go:427: est[1][0]={0 1} aux[1][0]={}
INFO: 15:55:29.938528 self-stabilizing-binary-consensus.go:142: binValues(1,2)={0} w=-1
INFO: 15:55:29.938552 self-stabilizing-binary-consensus.go:143: SEND flag=1 r=1 est={0 1} aux={}
INFO: 15:55:29.942122 self-stabilizing-binary-consensus.go:434: SEND flag=0 r=1 est={1} aux={}
INFO: 15:55:29.942163 self-stabilizing-binary-consensus.go:410: RECEIVE j=0 flag=0 r=1 est={0} aux={}
INFO: 15:55:29.942183 self-stabilizing-binary-consensus.go:427: est[1][0]={0 1} aux[1][0]={}
INFO: 15:55:29.942203 self-stabilizing-binary-consensus.go:410: RECEIVE j=1 flag=1 r=1 est={0 1} aux={}
INFO: 15:55:29.942651 self-stabilizing-binary-consensus.go:427: est[1][1]={0 1} aux[1][1]={}
INFO: 15:55:29.946906 self-stabilizing-binary-consensus.go:434: SEND flag=0 r=1 est={1} aux={}
INFO: 15:55:29.946935 self-stabilizing-binary-consensus.go:410: RECEIVE j=1 flag=0 r=1 est={0} aux={}
INFO: 15:55:29.946943 self-stabilizing-binary-consensus.go:427: est[1][1]={0 1} aux[1][1]={}
INFO: 15:55:29.946949 self-stabilizing-binary-consensus.go:410: RECEIVE j=1 flag=0 r=1 est={0} aux={}
INFO: 15:55:29.946953 self-stabilizing-binary-consensus.go:427: est[1][1]={0 1} aux[1][1]={}
INFO: 15:55:29.947092 self-stabilizing-binary-consensus.go:410: RECEIVE j=3 flag=0 r=1 est={1} aux={}
INFO: 15:55:29.947161 self-stabilizing-binary-consensus.go:427: est[1][3]={0 1} aux[1][3]={}
INFO: 15:55:29.947835 self-stabilizing-binary-consensus.go:410: RECEIVE j=0 flag=0 r=1 est={0} aux={}
INFO: 15:55:29.947880 self-stabilizing-binary-consensus.go:427: est[1][0]={0 1} aux[1][0]={}
INFO: 15:55:29.949026 self-stabilizing-binary-consensus.go:410: RECEIVE j=3 flag=0 r=1 est={1} aux={}
INFO: 15:55:29.949085 self-stabilizing-binary-consensus.go:427: est[1][3]={0 1} aux[1][3]={}
INFO: 15:55:29.949900 self-stabilizing-binary-consensus.go:410: RECEIVE j=0 flag=0 r=1 est={0} aux={}
INFO: 15:55:29.949924 self-stabilizing-binary-consensus.go:427: est[1][0]={0 1} aux[1][0]={}
INFO: 15:55:29.950637 self-stabilizing-binary-consensus.go:410: RECEIVE j=1 flag=0 r=1 est={0} aux={}
INFO: 15:55:29.950686 self-stabilizing-binary-consensus.go:427: est[1][1]={0 1} aux[1][1]={}
INFO: 15:55:29.953621 self-stabilizing-binary-consensus.go:410: RECEIVE j=3 flag=0 r=1 est={1} aux={}
INFO: 15:55:29.953650 self-stabilizing-binary-consensus.go:427: est[1][3]={0 1} aux[1][3]={}
INFO: 15:55:31.934158 self-stabilizing-binary-consensus.go:410: RECEIVE j=3 flag=1 r=1 est={0 1} aux={0}
INFO: 15:55:31.934191 self-stabilizing-binary-consensus.go:427: est[1][3]={0 1} aux[1][3]={0}
INFO: 15:55:31.935808 self-stabilizing-binary-consensus.go:434: SEND flag=0 r=1 est={1} aux={}
INFO: 15:55:31.937753 self-stabilizing-binary-consensus.go:410: RECEIVE j=0 flag=1 r=1 est={0 1} aux={0}
INFO: 15:55:31.937790 self-stabilizing-binary-consensus.go:427: est[1][0]={0 1} aux[1][0]={0}
INFO: 15:55:31.939969 self-stabilizing-binary-consensus.go:148: infoResults()={}
INFO: 15:55:31.940045 self-stabilizing-binary-consensus.go:90: round=1 repeat=3
INFO: 15:55:31.940092 self-stabilizing-binary-consensus.go:127: binValues(1,3)={0 1} w=0
INFO: 15:55:31.940137 self-stabilizing-binary-consensus.go:133: aux[1][2]=0
INFO: 15:55:31.944241 self-stabilizing-binary-consensus.go:434: SEND flag=0 r=1 est={1} aux={0}
INFO: 15:55:31.944267 self-stabilizing-binary-consensus.go:410: RECEIVE j=1 flag=0 r=1 est={0} aux={}
INFO: 15:55:31.944274 self-stabilizing-binary-consensus.go:427: est[1][1]={0 1} aux[1][1]={}
INFO: 15:55:31.944791 self-stabilizing-binary-consensus.go:142: binValues(1,2)={0 1} w=0
INFO: 15:55:31.944896 self-stabilizing-binary-consensus.go:143: SEND flag=1 r=1 est={0 1} aux={0}
INFO: 15:55:31.944844 self-stabilizing-binary-consensus.go:410: RECEIVE j=3 flag=0 r=1 est={1} aux={0}
INFO: 15:55:31.945019 self-stabilizing-binary-consensus.go:427: est[1][3]={0 1} aux[1][3]={0}
INFO: 15:55:31.945428 self-stabilizing-binary-consensus.go:410: RECEIVE j=0 flag=0 r=1 est={0} aux={0}
INFO: 15:55:31.945488 self-stabilizing-binary-consensus.go:427: est[1][0]={0 1} aux[1][0]={0}
INFO: 15:55:31.945793 self-stabilizing-binary-consensus.go:410: RECEIVE j=1 flag=1 r=1 est={0 1} aux={0}
INFO: 15:55:31.946064 self-stabilizing-binary-consensus.go:427: est[1][1]={0 1} aux[1][1]={0}
INFO: 15:55:31.952880 self-stabilizing-binary-consensus.go:434: SEND flag=0 r=1 est={1} aux={0}
INFO: 15:55:31.952951 self-stabilizing-binary-consensus.go:410: RECEIVE j=3 flag=0 r=1 est={1} aux={0}
INFO: 15:55:31.952981 self-stabilizing-binary-consensus.go:427: est[1][3]={0 1} aux[1][3]={0}
INFO: 15:55:31.953000 self-stabilizing-binary-consensus.go:410: RECEIVE j=1 flag=0 r=1 est={0} aux={0}
INFO: 15:55:31.953017 self-stabilizing-binary-consensus.go:427: est[1][1]={0 1} aux[1][1]={0}
INFO: 15:55:31.953035 self-stabilizing-binary-consensus.go:410: RECEIVE j=0 flag=0 r=1 est={0} aux={0}
INFO: 15:55:31.953700 self-stabilizing-binary-consensus.go:427: est[1][0]={0 1} aux[1][0]={0}
INFO: 15:55:31.953735 self-stabilizing-binary-consensus.go:410: RECEIVE j=0 flag=0 r=1 est={0} aux={0}
INFO: 15:55:31.953754 self-stabilizing-binary-consensus.go:427: est[1][0]={0 1} aux[1][0]={0}
INFO: 15:55:31.954750 self-stabilizing-binary-consensus.go:410: RECEIVE j=1 flag=0 r=1 est={0} aux={0}
INFO: 15:55:31.954966 self-stabilizing-binary-consensus.go:427: est[1][1]={0 1} aux[1][1]={0}
INFO: 15:55:31.955013 self-stabilizing-binary-consensus.go:410: RECEIVE j=3 flag=0 r=1 est={1} aux={0}
INFO: 15:55:31.955022 self-stabilizing-binary-consensus.go:427: est[1][3]={0 1} aux[1][3]={0}
INFO: 15:55:33.945055 self-stabilizing-binary-consensus.go:148: infoResults()={0}
INFO: 15:55:33.945127 self-stabilizing-binary-consensus.go:255: randomBit(1)=0
INFO: 15:55:33.945155 self-stabilizing-binary-consensus.go:249: decision=0
INFO: 15:55:33.945226 self-stabilizing-binary-consensus.go:90: round=11 repeat=1
INFO: 15:55:33.945257 self-stabilizing-binary-consensus.go:127: binValues(11,3)={} w=-1
INFO: 15:55:33.947929 self-stabilizing-binary-consensus.go:142: binValues(11,2)={} w=-1
INFO: 15:55:33.947967 self-stabilizing-binary-consensus.go:143: SEND flag=1 r=11 est={0} aux={0}
INFO: 15:55:33.949424 self-stabilizing-binary-consensus.go:410: RECEIVE j=3 flag=1 r=11 est={0} aux={0}
INFO: 15:55:33.949449 self-stabilizing-binary-consensus.go:427: est[11][3]={0} aux[11][3]={0}
INFO: 15:55:33.951310 self-stabilizing-binary-consensus.go:434: SEND flag=0 r=11 est={0} aux={0}
INFO: 15:55:33.951342 self-stabilizing-binary-consensus.go:410: RECEIVE j=0 flag=1 r=11 est={0} aux={0}
INFO: 15:55:33.951351 self-stabilizing-binary-consensus.go:427: est[11][0]={0} aux[11][0]={0}
INFO: 15:55:33.955993 self-stabilizing-binary-consensus.go:434: SEND flag=0 r=11 est={0} aux={0}
INFO: 15:55:33.956037 self-stabilizing-binary-consensus.go:410: RECEIVE j=3 flag=0 r=11 est={0} aux={0}
INFO: 15:55:33.956063 self-stabilizing-binary-consensus.go:427: est[11][3]={0} aux[11][3]={0}
INFO: 15:55:33.956089 self-stabilizing-binary-consensus.go:410: RECEIVE j=0 flag=0 r=11 est={0} aux={0}
INFO: 15:55:33.956107 self-stabilizing-binary-consensus.go:427: est[11][0]={0} aux[11][0]={0}
INFO: 15:55:33.956126 self-stabilizing-binary-consensus.go:410: RECEIVE j=1 flag=1 r=11 est={0} aux={0}
INFO: 15:55:33.956143 self-stabilizing-binary-consensus.go:427: est[11][1]={0} aux[11][1]={0}
INFO: 15:55:33.963913 self-stabilizing-binary-consensus.go:434: SEND flag=0 r=11 est={0} aux={0}
INFO: 15:55:33.964031 self-stabilizing-binary-consensus.go:410: RECEIVE j=3 flag=0 r=11 est={0} aux={0}
INFO: 15:55:33.964049 self-stabilizing-binary-consensus.go:427: est[11][3]={0} aux[11][3]={0}
INFO: 15:55:33.964056 self-stabilizing-binary-consensus.go:410: RECEIVE j=1 flag=0 r=11 est={0} aux={0}
INFO: 15:55:33.964070 self-stabilizing-binary-consensus.go:427: est[11][1]={0} aux[11][1]={0}
INFO: 15:55:33.964076 self-stabilizing-binary-consensus.go:410: RECEIVE j=0 flag=0 r=11 est={0} aux={0}
INFO: 15:55:33.964080 self-stabilizing-binary-consensus.go:427: est[11][0]={0} aux[11][0]={0}
INFO: 15:55:33.964085 self-stabilizing-binary-consensus.go:410: RECEIVE j=0 flag=0 r=11 est={0} aux={0}
INFO: 15:55:33.964090 self-stabilizing-binary-consensus.go:427: est[11][0]={0} aux[11][0]={0}
INFO: 15:55:33.964095 self-stabilizing-binary-consensus.go:410: RECEIVE j=3 flag=0 r=11 est={0} aux={0}
INFO: 15:55:33.964099 self-stabilizing-binary-consensus.go:427: est[11][3]={0} aux[11][3]={0}
INFO: 15:55:33.964105 self-stabilizing-binary-consensus.go:410: RECEIVE j=1 flag=0 r=11 est={0} aux={0}
INFO: 15:55:33.964109 self-stabilizing-binary-consensus.go:427: est[11][1]={0} aux[11][1]={0}
INFO: 15:55:33.965415 self-stabilizing-binary-consensus.go:410: RECEIVE j=1 flag=0 r=11 est={0} aux={0}
INFO: 15:55:33.965495 self-stabilizing-binary-consensus.go:427: est[11][1]={0} aux[11][1]={0}
INFO: 15:55:35.945117 self-stabilizing-binary-consensus.go:410: RECEIVE j=3 flag=1 r=11 est={0} aux={0}
INFO: 15:55:35.945185 self-stabilizing-binary-consensus.go:427: est[11][3]={0} aux[11][3]={0}
INFO: 15:55:35.946889 self-stabilizing-binary-consensus.go:434: SEND flag=0 r=11 est={0} aux={0}
INFO: 15:55:35.948531 self-stabilizing-binary-consensus.go:148: infoResults()={0}
INFO: 15:55:35.948566 self-stabilizing-binary-consensus.go:255: randomBit(11)=0
INFO: 15:55:35.948584 self-stabilizing-binary-consensus.go:249: decision=0
INFO: 15:55:35.948635 self-stabilizing-binary-consensus.go:249: decision=0
INFO: 15:55:35.948689 self-stabilizing-binary-consensus.go:90: round=11 repeat=1
INFO: 15:55:35.948718 self-stabilizing-binary-consensus.go:127: binValues(11,3)={0} w=0
INFO: 15:55:35.953015 self-stabilizing-binary-consensus.go:410: RECEIVE j=0 flag=0 r=11 est={0} aux={0}
INFO: 15:55:35.953052 self-stabilizing-binary-consensus.go:427: est[11][0]={0} aux[11][0]={0}
INFO: 15:55:35.953750 self-stabilizing-binary-consensus.go:410: RECEIVE j=1 flag=1 r=11 est={0} aux={0}
INFO: 15:55:35.953775 self-stabilizing-binary-consensus.go:427: est[11][1]={0} aux[11][1]={0}
INFO: 15:55:35.954955 self-stabilizing-binary-consensus.go:410: RECEIVE j=3 flag=0 r=11 est={0} aux={0}
INFO: 15:55:35.954989 self-stabilizing-binary-consensus.go:427: est[11][3]={0} aux[11][3]={0}
INFO: 15:55:35.956126 self-stabilizing-binary-consensus.go:410: RECEIVE j=1 flag=0 r=11 est={0} aux={0}
INFO: 15:55:35.956138 self-stabilizing-binary-consensus.go:427: est[11][1]={0} aux[11][1]={0}
INFO: 15:55:35.959675 self-stabilizing-binary-consensus.go:434: SEND flag=0 r=11 est={0} aux={0}
INFO: 15:55:35.960449 self-stabilizing-binary-consensus.go:142: binValues(11,2)={0} w=0
INFO: 15:55:35.960486 self-stabilizing-binary-consensus.go:143: SEND flag=1 r=11 est={0} aux={0}
INFO: 15:55:35.960707 self-stabilizing-binary-consensus.go:410: RECEIVE j=0 flag=1 r=11 est={0} aux={0}
INFO: 15:55:35.960733 self-stabilizing-binary-consensus.go:427: est[11][0]={0} aux[11][0]={0}
INFO: 15:55:35.961360 self-stabilizing-binary-consensus.go:410: RECEIVE j=3 flag=0 r=11 est={0} aux={0}
INFO: 15:55:35.961395 self-stabilizing-binary-consensus.go:427: est[11][3]={0} aux[11][3]={0}
INFO: 15:55:35.962681 self-stabilizing-binary-consensus.go:434: SEND flag=0 r=11 est={0} aux={0}
INFO: 15:55:35.964583 self-stabilizing-binary-consensus.go:410: RECEIVE j=3 flag=0 r=11 est={0} aux={0}
INFO: 15:55:35.964648 self-stabilizing-binary-consensus.go:427: est[11][3]={0} aux[11][3]={0}
INFO: 15:55:35.964898 self-stabilizing-binary-consensus.go:410: RECEIVE j=0 flag=0 r=11 est={0} aux={0}
INFO: 15:55:35.965061 self-stabilizing-binary-consensus.go:427: est[11][0]={0} aux[11][0]={0}
INFO: 15:55:35.967771 self-stabilizing-binary-consensus.go:410: RECEIVE j=0 flag=0 r=11 est={0} aux={0}
INFO: 15:55:35.967870 self-stabilizing-binary-consensus.go:427: est[11][0]={0} aux[11][0]={0}
INFO: 15:55:35.969288 self-stabilizing-binary-consensus.go:410: RECEIVE j=1 flag=0 r=11 est={0} aux={0}
INFO: 15:55:35.969370 self-stabilizing-binary-consensus.go:427: est[11][1]={0} aux[11][1]={0}
INFO: 15:55:35.971010 self-stabilizing-binary-consensus.go:410: RECEIVE j=1 flag=0 r=11 est={0} aux={0}
INFO: 15:55:35.971049 self-stabilizing-binary-consensus.go:427: est[11][1]={0} aux[11][1]={0}
INFO: 15:55:37.952190 self-stabilizing-binary-consensus.go:410: RECEIVE j=3 flag=1 r=11 est={0} aux={0}
INFO: 15:55:37.952224 self-stabilizing-binary-consensus.go:427: est[11][3]={0} aux[11][3]={0}
INFO: 15:55:37.954174 self-stabilizing-binary-consensus.go:434: SEND flag=0 r=11 est={0} aux={0}
INFO: 15:55:37.954812 self-stabilizing-binary-consensus.go:410: RECEIVE j=1 flag=1 r=11 est={0} aux={0}
INFO: 15:55:37.954903 self-stabilizing-binary-consensus.go:427: est[11][1]={0} aux[11][1]={0}
INFO: 15:55:37.957254 self-stabilizing-binary-consensus.go:434: SEND flag=0 r=11 est={0} aux={0}
INFO: 15:55:37.960828 self-stabilizing-binary-consensus.go:148: infoResults()={0}
INFO: 15:55:37.960886 self-stabilizing-binary-consensus.go:255: randomBit(11)=0
INFO: 15:55:37.960924 self-stabilizing-binary-consensus.go:249: decision=0
INFO: 15:55:37.960952 self-stabilizing-binary-consensus.go:249: decision=0
INFO: 15:55:37.960972 self-stabilizing-binary-consensus.go:90: round=11 repeat=1
INFO: 15:55:37.961002 self-stabilizing-binary-consensus.go:127: binValues(11,3)={0} w=0
INFO: 15:55:37.963087 self-stabilizing-binary-consensus.go:142: binValues(11,2)={0} w=0
INFO: 15:55:37.963172 self-stabilizing-binary-consensus.go:143: SEND flag=1 r=11 est={0} aux={0}
INFO: 15:55:37.963683 self-stabilizing-binary-consensus.go:410: RECEIVE j=3 flag=0 r=11 est={0} aux={0}
INFO: 15:55:37.963712 self-stabilizing-binary-consensus.go:427: est[11][3]={0} aux[11][3]={0}
INFO: 15:55:37.963891 self-stabilizing-binary-consensus.go:410: RECEIVE j=1 flag=0 r=11 est={0} aux={0}
INFO: 15:55:37.963921 self-stabilizing-binary-consensus.go:427: est[11][1]={0} aux[11][1]={0}
INFO: 15:55:37.970252 self-stabilizing-binary-consensus.go:410: RECEIVE j=1 flag=0 r=11 est={0} aux={0}
INFO: 15:55:37.970331 self-stabilizing-binary-consensus.go:427: est[11][1]={0} aux[11][1]={0}
INFO: 15:55:37.971329 self-stabilizing-binary-consensus.go:410: RECEIVE j=0 flag=0 r=11 est={0} aux={0}
INFO: 15:55:37.971416 self-stabilizing-binary-consensus.go:427: est[11][0]={0} aux[11][0]={0}
INFO: 15:55:37.972374 self-stabilizing-binary-consensus.go:410: RECEIVE j=0 flag=0 r=11 est={0} aux={0}
INFO: 15:55:37.972410 self-stabilizing-binary-consensus.go:427: est[11][0]={0} aux[11][0]={0}
INFO: 15:55:37.975745 self-stabilizing-binary-consensus.go:410: RECEIVE j=0 flag=1 r=11 est={0} aux={0}
INFO: 15:55:37.975833 self-stabilizing-binary-consensus.go:427: est[11][0]={0} aux[11][0]={0}
INFO: 15:55:37.978178 self-stabilizing-binary-consensus.go:434: SEND flag=0 r=11 est={0} aux={0}
INFO: 15:55:37.979675 self-stabilizing-binary-consensus.go:410: RECEIVE j=1 flag=0 r=11 est={0} aux={0}
INFO: 15:55:37.979830 self-stabilizing-binary-consensus.go:427: est[11][1]={0} aux[11][1]={0}
INFO: 15:55:37.980277 self-stabilizing-binary-consensus.go:410: RECEIVE j=0 flag=0 r=11 est={0} aux={0}
INFO: 15:55:37.980377 self-stabilizing-binary-consensus.go:427: est[11][0]={0} aux[11][0]={0}
INFO: 15:55:37.983272 self-stabilizing-binary-consensus.go:410: RECEIVE j=3 flag=0 r=11 est={0} aux={0}
INFO: 15:55:37.983716 self-stabilizing-binary-consensus.go:427: est[11][3]={0} aux[11][3]={0}
INFO: 15:55:37.985734 self-stabilizing-binary-consensus.go:410: RECEIVE j=3 flag=0 r=11 est={0} aux={0}
INFO: 15:55:37.985804 self-stabilizing-binary-consensus.go:427: est[11][3]={0} aux[11][3]={0}
INFO: 15:55:39.958453 self-stabilizing-binary-consensus.go:410: RECEIVE j=3 flag=1 r=11 est={0} aux={0}
INFO: 15:55:39.958551 self-stabilizing-binary-consensus.go:427: est[11][3]={0} aux[11][3]={0}
INFO: 15:55:39.960791 self-stabilizing-binary-consensus.go:434: SEND flag=0 r=11 est={0} aux={0}
INFO: 15:55:39.963462 self-stabilizing-binary-consensus.go:148: infoResults()={0}
INFO: 15:55:39.963726 self-stabilizing-binary-consensus.go:255: randomBit(11)=0
INFO: 15:55:39.963959 self-stabilizing-binary-consensus.go:249: decision=0
INFO: 15:55:39.964288 self-stabilizing-binary-consensus.go:249: decision=0
INFO: 15:55:39.964447 self-stabilizing-binary-consensus.go:90: round=11 repeat=1
INFO: 15:55:39.964465 self-stabilizing-binary-consensus.go:127: binValues(11,3)={0} w=0
INFO: 15:55:39.966429 self-stabilizing-binary-consensus.go:410: RECEIVE j=0 flag=0 r=11 est={0} aux={0}
INFO: 15:55:39.966488 self-stabilizing-binary-consensus.go:427: est[11][0]={0} aux[11][0]={0}
INFO: 15:55:39.968265 self-stabilizing-binary-consensus.go:410: RECEIVE j=1 flag=1 r=11 est={0} aux={0}
INFO: 15:55:39.968325 self-stabilizing-binary-consensus.go:427: est[11][1]={0} aux[11][1]={0}
INFO: 15:55:39.970868 self-stabilizing-binary-consensus.go:410: RECEIVE j=0 flag=0 r=11 est={0} aux={0}
INFO: 15:55:39.970928 self-stabilizing-binary-consensus.go:427: est[11][0]={0} aux[11][0]={0}
INFO: 15:55:39.971654 self-stabilizing-binary-consensus.go:434: SEND flag=0 r=11 est={0} aux={0}
INFO: 15:55:39.971743 self-stabilizing-binary-consensus.go:410: RECEIVE j=1 flag=0 r=11 est={0} aux={0}
INFO: 15:55:39.971845 self-stabilizing-binary-consensus.go:427: est[11][1]={0} aux[11][1]={0}
INFO: 15:55:39.972394 self-stabilizing-binary-consensus.go:410: RECEIVE j=3 flag=0 r=11 est={0} aux={0}
INFO: 15:55:39.972440 self-stabilizing-binary-consensus.go:427: est[11][3]={0} aux[11][3]={0}
INFO: 15:55:39.972996 self-stabilizing-binary-consensus.go:142: binValues(11,2)={0} w=0
INFO: 15:55:39.973021 self-stabilizing-binary-consensus.go:143: SEND flag=1 r=11 est={0} aux={0}
INFO: 15:55:39.975835 self-stabilizing-binary-consensus.go:410: RECEIVE j=3 flag=0 r=11 est={0} aux={0}
INFO: 15:55:39.975891 self-stabilizing-binary-consensus.go:427: est[11][3]={0} aux[11][3]={0}
INFO: 15:55:39.981131 self-stabilizing-binary-consensus.go:410: RECEIVE j=0 flag=1 r=11 est={0} aux={0}
INFO: 15:55:39.981167 self-stabilizing-binary-consensus.go:427: est[11][0]={0} aux[11][0]={0}
INFO: 15:55:39.987056 self-stabilizing-binary-consensus.go:410: RECEIVE j=1 flag=0 r=11 est={0} aux={0}
INFO: 15:55:39.989454 self-stabilizing-binary-consensus.go:427: est[11][1]={0} aux[11][1]={0}
INFO: 15:55:39.987215 self-stabilizing-binary-consensus.go:434: SEND flag=0 r=11 est={0} aux={0}
INFO: 15:55:39.988733 self-stabilizing-binary-consensus.go:410: RECEIVE j=3 flag=0 r=11 est={0} aux={0}
INFO: 15:55:39.989579 self-stabilizing-binary-consensus.go:427: est[11][3]={0} aux[11][3]={0}
INFO: 15:55:39.989396 self-stabilizing-binary-consensus.go:410: RECEIVE j=0 flag=0 r=11 est={0} aux={0}
INFO: 15:55:39.989599 self-stabilizing-binary-consensus.go:427: est[11][0]={0} aux[11][0]={0}
INFO: 15:55:39.991775 self-stabilizing-binary-consensus.go:410: RECEIVE j=1 flag=0 r=11 est={0} aux={0}
INFO: 15:55:39.991995 self-stabilizing-binary-consensus.go:427: est[11][1]={0} aux[11][1]={0}
INFO: 15:55:41.960690 self-stabilizing-binary-consensus.go:410: RECEIVE j=3 flag=1 r=11 est={0} aux={0}
INFO: 15:55:41.960710 self-stabilizing-binary-consensus.go:427: est[11][3]={0} aux[11][3]={0}
INFO: 15:55:41.962580 self-stabilizing-binary-consensus.go:434: SEND flag=0 r=11 est={0} aux={0}
INFO: 15:55:41.963672 self-stabilizing-binary-consensus.go:410: RECEIVE j=0 flag=0 r=11 est={0} aux={0}
INFO: 15:55:41.963700 self-stabilizing-binary-consensus.go:427: est[11][0]={0} aux[11][0]={0}
INFO: 15:55:41.966966 self-stabilizing-binary-consensus.go:410: RECEIVE j=1 flag=0 r=11 est={0} aux={0}
INFO: 15:55:41.967005 self-stabilizing-binary-consensus.go:427: est[11][1]={0} aux[11][1]={0}
INFO: 15:55:41.970886 self-stabilizing-binary-consensus.go:410: RECEIVE j=3 flag=0 r=11 est={0} aux={0}
INFO: 15:55:41.970923 self-stabilizing-binary-consensus.go:427: est[11][3]={0} aux[11][3]={0}
INFO: 15:55:41.971280 self-stabilizing-binary-consensus.go:410: RECEIVE j=1 flag=1 r=11 est={0} aux={0}
INFO: 15:55:41.971304 self-stabilizing-binary-consensus.go:427: est[11][1]={0} aux[11][1]={0}
INFO: 15:55:41.974521 self-stabilizing-binary-consensus.go:410: RECEIVE j=0 flag=0 r=11 est={0} aux={0}
INFO: 15:55:41.974559 self-stabilizing-binary-consensus.go:427: est[11][0]={0} aux[11][0]={0}
INFO: 15:55:41.974917 self-stabilizing-binary-consensus.go:434: SEND flag=0 r=11 est={0} aux={0}
INFO: 15:55:41.977413 self-stabilizing-binary-consensus.go:148: infoResults()={0}
INFO: 15:55:41.977448 self-stabilizing-binary-consensus.go:255: randomBit(11)=0
INFO: 15:55:41.977456 self-stabilizing-binary-consensus.go:249: decision=0
INFO: 15:55:41.977548 self-stabilizing-binary-consensus.go:249: decision=0
INFO: 15:55:41.977629 self-stabilizing-binary-consensus.go:90: round=11 repeat=1
INFO: 15:55:41.977638 self-stabilizing-binary-consensus.go:127: binValues(11,3)={0} w=0
INFO: 15:55:41.988459 self-stabilizing-binary-consensus.go:142: binValues(11,2)={0} w=0
INFO: 15:55:41.988495 self-stabilizing-binary-consensus.go:143: SEND flag=1 r=11 est={0} aux={0}
INFO: 15:55:41.989001 self-stabilizing-binary-consensus.go:410: RECEIVE j=0 flag=1 r=11 est={0} aux={0}
INFO: 15:55:41.989037 self-stabilizing-binary-consensus.go:427: est[11][0]={0} aux[11][0]={0}
INFO: 15:55:41.990600 self-stabilizing-binary-consensus.go:410: RECEIVE j=0 flag=0 r=11 est={0} aux={0}
INFO: 15:55:41.990638 self-stabilizing-binary-consensus.go:427: est[11][0]={0} aux[11][0]={0}
INFO: 15:55:41.992077 self-stabilizing-binary-consensus.go:410: RECEIVE j=1 flag=0 r=11 est={0} aux={0}
INFO: 15:55:41.992136 self-stabilizing-binary-consensus.go:427: est[11][1]={0} aux[11][1]={0}
INFO: 15:55:41.999370 self-stabilizing-binary-consensus.go:434: SEND flag=0 r=11 est={0} aux={0}
INFO: 15:55:41.999780 self-stabilizing-binary-consensus.go:410: RECEIVE j=3 flag=0 r=11 est={0} aux={0}
INFO: 15:55:41.999822 self-stabilizing-binary-consensus.go:427: est[11][3]={0} aux[11][3]={0}
INFO: 15:55:42.000963 self-stabilizing-binary-consensus.go:410: RECEIVE j=1 flag=0 r=11 est={0} aux={0}
INFO: 15:55:42.001105 self-stabilizing-binary-consensus.go:427: est[11][1]={0} aux[11][1]={0}
INFO: 15:55:42.005104 self-stabilizing-binary-consensus.go:410: RECEIVE j=3 flag=0 r=11 est={0} aux={0}
INFO: 15:55:42.005146 self-stabilizing-binary-consensus.go:427: est[11][3]={0} aux[11][3]={0}
INFO: 15:55:43.967922 self-stabilizing-binary-consensus.go:410: RECEIVE j=3 flag=1 r=11 est={0} aux={0}
INFO: 15:55:43.967937 self-stabilizing-binary-consensus.go:427: est[11][3]={0} aux[11][3]={0}
INFO: 15:55:43.969589 self-stabilizing-binary-consensus.go:434: SEND flag=0 r=11 est={0} aux={0}
INFO: 15:55:43.975263 self-stabilizing-binary-consensus.go:410: RECEIVE j=0 flag=0 r=11 est={0} aux={0}
INFO: 15:55:43.975289 self-stabilizing-binary-consensus.go:427: est[11][0]={0} aux[11][0]={0}
INFO: 15:55:43.975415 self-stabilizing-binary-consensus.go:410: RECEIVE j=0 flag=0 r=11 est={0} aux={0}
INFO: 15:55:43.975447 self-stabilizing-binary-consensus.go:427: est[11][0]={0} aux[11][0]={0}
INFO: 15:55:43.975943 self-stabilizing-binary-consensus.go:410: RECEIVE j=3 flag=0 r=11 est={0} aux={0}
INFO: 15:55:43.975967 self-stabilizing-binary-consensus.go:427: est[11][3]={0} aux[11][3]={0}
INFO: 15:55:43.981120 self-stabilizing-binary-consensus.go:410: RECEIVE j=1 flag=1 r=11 est={0} aux={0}
INFO: 15:55:43.981163 self-stabilizing-binary-consensus.go:427: est[11][1]={0} aux[11][1]={0}
INFO: 15:55:43.982096 self-stabilizing-binary-consensus.go:410: RECEIVE j=1 flag=0 r=11 est={0} aux={0}
INFO: 15:55:43.982142 self-stabilizing-binary-consensus.go:427: est[11][1]={0} aux[11][1]={0}
INFO: 15:55:43.983324 self-stabilizing-binary-consensus.go:434: SEND flag=0 r=11 est={0} aux={0}
INFO: 15:55:43.990005 self-stabilizing-binary-consensus.go:148: infoResults()={0}
INFO: 15:55:43.990021 self-stabilizing-binary-consensus.go:255: randomBit(11)=0
INFO: 15:55:43.990025 self-stabilizing-binary-consensus.go:249: decision=0
INFO: 15:55:43.990050 self-stabilizing-binary-consensus.go:249: decision=0
INFO: 15:55:43.990061 self-stabilizing-binary-consensus.go:90: round=11 repeat=1
INFO: 15:55:43.990066 self-stabilizing-binary-consensus.go:127: binValues(11,3)={0} w=0
INFO: 15:55:43.991709 self-stabilizing-binary-consensus.go:142: binValues(11,2)={0} w=0
INFO: 15:55:43.991754 self-stabilizing-binary-consensus.go:143: SEND flag=1 r=11 est={0} aux={0}
INFO: 15:55:43.994557 self-stabilizing-binary-consensus.go:410: RECEIVE j=0 flag=1 r=11 est={0} aux={0}
INFO: 15:55:43.994610 self-stabilizing-binary-consensus.go:427: est[11][0]={0} aux[11][0]={0}
INFO: 15:55:44.000212 self-stabilizing-binary-consensus.go:410: RECEIVE j=1 flag=0 r=11 est={0} aux={0}
INFO: 15:55:44.000282 self-stabilizing-binary-consensus.go:427: est[11][1]={0} aux[11][1]={0}
INFO: 15:55:44.001016 self-stabilizing-binary-consensus.go:410: RECEIVE j=0 flag=0 r=11 est={0} aux={0}
INFO: 15:55:44.001051 self-stabilizing-binary-consensus.go:427: est[11][0]={0} aux[11][0]={0}
INFO: 15:55:44.002955 self-stabilizing-binary-consensus.go:410: RECEIVE j=3 flag=0 r=11 est={0} aux={0}
INFO: 15:55:44.002989 self-stabilizing-binary-consensus.go:427: est[11][3]={0} aux[11][3]={0}
INFO: 15:55:44.006915 self-stabilizing-binary-consensus.go:410: RECEIVE j=1 flag=0 r=11 est={0} aux={0}
INFO: 15:55:44.006945 self-stabilizing-binary-consensus.go:427: est[11][1]={0} aux[11][1]={0}
INFO: 15:55:44.008665 self-stabilizing-binary-consensus.go:434: SEND flag=0 r=11 est={0} aux={0}
INFO: 15:55:44.010101 self-stabilizing-binary-consensus.go:410: RECEIVE j=3 flag=0 r=11 est={0} aux={0}
INFO: 15:55:44.010131 self-stabilizing-binary-consensus.go:427: est[11][3]={0} aux[11][3]={0}
INFO: 15:55:45.978005 self-stabilizing-binary-consensus.go:410: RECEIVE j=3 flag=1 r=11 est={0} aux={0}
INFO: 15:55:45.978038 self-stabilizing-binary-consensus.go:427: est[11][3]={0} aux[11][3]={0}
INFO: 15:55:45.980321 self-stabilizing-binary-consensus.go:434: SEND flag=0 r=11 est={0} aux={0}
INFO: 15:55:45.981937 self-stabilizing-binary-consensus.go:410: RECEIVE j=1 flag=0 r=11 est={0} aux={0}
INFO: 15:55:45.983155 self-stabilizing-binary-consensus.go:427: est[11][1]={0} aux[11][1]={0}
INFO: 15:55:45.982443 self-stabilizing-binary-consensus.go:410: RECEIVE j=0 flag=0 r=11 est={0} aux={0}
INFO: 15:55:45.983204 self-stabilizing-binary-consensus.go:427: est[11][0]={0} aux[11][0]={0}
INFO: 15:55:45.983150 self-stabilizing-binary-consensus.go:410: RECEIVE j=1 flag=1 r=11 est={0} aux={0}
INFO: 15:55:45.983234 self-stabilizing-binary-consensus.go:427: est[11][1]={0} aux[11][1]={0}
INFO: 15:55:45.988278 self-stabilizing-binary-consensus.go:410: RECEIVE j=3 flag=0 r=11 est={0} aux={0}
INFO: 15:55:45.988296 self-stabilizing-binary-consensus.go:427: est[11][3]={0} aux[11][3]={0}
INFO: 15:55:45.989492 self-stabilizing-binary-consensus.go:410: RECEIVE j=0 flag=0 r=11 est={0} aux={0}
INFO: 15:55:45.990046 self-stabilizing-binary-consensus.go:427: est[11][0]={0} aux[11][0]={0}
INFO: 15:55:45.990449 self-stabilizing-binary-consensus.go:434: SEND flag=0 r=11 est={0} aux={0}
INFO: 15:55:45.991883 self-stabilizing-binary-consensus.go:148: infoResults()={0}
INFO: 15:55:45.991907 self-stabilizing-binary-consensus.go:255: randomBit(11)=0
INFO: 15:55:45.991919 self-stabilizing-binary-consensus.go:249: decision=0
INFO: 15:55:45.991962 self-stabilizing-binary-consensus.go:249: decision=0
INFO: 15:55:45.991995 self-stabilizing-binary-consensus.go:90: round=11 repeat=1
INFO: 15:55:45.992008 self-stabilizing-binary-consensus.go:127: binValues(11,3)={0} w=0
INFO: 15:55:45.994600 self-stabilizing-binary-consensus.go:142: binValues(11,2)={0} w=0
INFO: 15:55:45.994629 self-stabilizing-binary-consensus.go:143: SEND flag=1 r=11 est={0} aux={0}
INFO: 15:55:45.996813 self-stabilizing-binary-consensus.go:410: RECEIVE j=0 flag=1 r=11 est={0} aux={0}
INFO: 15:55:45.996845 self-stabilizing-binary-consensus.go:427: est[11][0]={0} aux[11][0]={0}
INFO: 15:55:46.001269 self-stabilizing-binary-consensus.go:410: RECEIVE j=0 flag=0 r=11 est={0} aux={0}
INFO: 15:55:46.002702 self-stabilizing-binary-consensus.go:427: est[11][0]={0} aux[11][0]={0}
INFO: 15:55:46.002051 self-stabilizing-binary-consensus.go:410: RECEIVE j=3 flag=0 r=11 est={0} aux={0}
INFO: 15:55:46.003596 self-stabilizing-binary-consensus.go:427: est[11][3]={0} aux[11][3]={0}
INFO: 15:55:46.001844 self-stabilizing-binary-consensus.go:410: RECEIVE j=1 flag=0 r=11 est={0} aux={0}
INFO: 15:55:46.004612 self-stabilizing-binary-consensus.go:427: est[11][1]={0} aux[11][1]={0}
INFO: 15:55:46.007024 self-stabilizing-binary-consensus.go:434: SEND flag=0 r=11 est={0} aux={0}
INFO: 15:55:46.007497 self-stabilizing-binary-consensus.go:410: RECEIVE j=3 flag=0 r=11 est={0} aux={0}
INFO: 15:55:46.008054 self-stabilizing-binary-consensus.go:427: est[11][3]={0} aux[11][3]={0}
INFO: 15:55:46.010385 self-stabilizing-binary-consensus.go:410: RECEIVE j=1 flag=0 r=11 est={0} aux={0}
INFO: 15:55:46.010424 self-stabilizing-binary-consensus.go:427: est[11][1]={0} aux[11][1]={0}
INFO: 15:55:47.985323 self-stabilizing-binary-consensus.go:410: RECEIVE j=3 flag=1 r=11 est={0} aux={0}
INFO: 15:55:47.985747 self-stabilizing-binary-consensus.go:427: est[11][3]={0} aux[11][3]={0}
INFO: 15:55:47.993794 self-stabilizing-binary-consensus.go:410: RECEIVE j=1 flag=1 r=11 est={0} aux={0}
INFO: 15:55:47.993885 self-stabilizing-binary-consensus.go:427: est[11][1]={0} aux[11][1]={0}
INFO: 15:55:47.996082 self-stabilizing-binary-consensus.go:434: SEND flag=0 r=11 est={0} aux={0}
INFO: 15:55:47.996165 self-stabilizing-binary-consensus.go:148: infoResults()={0}
INFO: 15:55:47.996220 self-stabilizing-binary-consensus.go:255: randomBit(11)=0
INFO: 15:55:47.996284 self-stabilizing-binary-consensus.go:249: decision=0
INFO: 15:55:47.996364 self-stabilizing-binary-consensus.go:249: decision=0
INFO: 15:55:47.996535 self-stabilizing-binary-consensus.go:90: round=11 repeat=1
INFO: 15:55:47.996585 self-stabilizing-binary-consensus.go:127: binValues(11,3)={0} w=0
INFO: 15:55:48.009127 self-stabilizing-binary-consensus.go:410: RECEIVE j=0 flag=1 r=11 est={0} aux={0}
INFO: 15:55:48.009175 self-stabilizing-binary-consensus.go:427: est[11][0]={0} aux[11][0]={0}
INFO: 15:55:48.011412 self-stabilizing-binary-consensus.go:410: RECEIVE j=3 flag=0 r=11 est={0} aux={0}
INFO: 15:55:48.011445 self-stabilizing-binary-consensus.go:427: est[11][3]={0} aux[11][3]={0}
INFO: 15:55:48.011571 self-stabilizing-binary-consensus.go:410: RECEIVE j=0 flag=0 r=11 est={0} aux={0}
INFO: 15:55:48.014726 self-stabilizing-binary-consensus.go:427: est[11][0]={0} aux[11][0]={0}
INFO: 15:55:48.014358 self-stabilizing-binary-consensus.go:410: RECEIVE j=3 flag=0 r=11 est={0} aux={0}
INFO: 15:55:48.014787 self-stabilizing-binary-consensus.go:427: est[11][3]={0} aux[11][3]={0}
INFO: 15:55:48.015491 self-stabilizing-binary-consensus.go:434: SEND flag=0 r=11 est={0} aux={0}
INFO: 15:55:48.018243 self-stabilizing-binary-consensus.go:434: SEND flag=0 r=11 est={0} aux={0}
INFO: 15:55:48.020060 self-stabilizing-binary-consensus.go:410: RECEIVE j=0 flag=0 r=11 est={0} aux={0}
INFO: 15:55:48.020174 self-stabilizing-binary-consensus.go:427: est[11][0]={0} aux[11][0]={0}
INFO: 15:55:48.020324 self-stabilizing-binary-consensus.go:142: binValues(11,2)={0} w=0
INFO: 15:55:48.020653 self-stabilizing-binary-consensus.go:143: SEND flag=1 r=11 est={0} aux={0}
INFO: 15:55:48.021044 self-stabilizing-binary-consensus.go:410: RECEIVE j=1 flag=0 r=11 est={0} aux={0}
INFO: 15:55:48.021076 self-stabilizing-binary-consensus.go:427: est[11][1]={0} aux[11][1]={0}
INFO: 15:55:48.022299 self-stabilizing-binary-consensus.go:410: RECEIVE j=1 flag=0 r=11 est={0} aux={0}
INFO: 15:55:48.022330 self-stabilizing-binary-consensus.go:427: est[11][1]={0} aux[11][1]={0}
INFO: 15:55:48.024570 self-stabilizing-binary-consensus.go:410: RECEIVE j=0 flag=0 r=11 est={0} aux={0}
INFO: 15:55:48.024710 self-stabilizing-binary-consensus.go:427: est[11][0]={0} aux[11][0]={0}
INFO: 15:55:48.025036 self-stabilizing-binary-consensus.go:410: RECEIVE j=3 flag=0 r=11 est={0} aux={0}
INFO: 15:55:48.025067 self-stabilizing-binary-consensus.go:427: est[11][3]={0} aux[11][3]={0}
INFO: 15:55:48.026632 self-stabilizing-binary-consensus.go:410: RECEIVE j=1 flag=0 r=11 est={0} aux={0}
INFO: 15:55:48.026662 self-stabilizing-binary-consensus.go:427: est[11][1]={0} aux[11][1]={0}
INFO: 15:55:49.991308 self-stabilizing-binary-consensus.go:410: RECEIVE j=3 flag=1 r=11 est={0} aux={0}
INFO: 15:55:49.993152 self-stabilizing-binary-consensus.go:427: est[11][3]={0} aux[11][3]={0}
INFO: 15:55:49.994793 self-stabilizing-binary-consensus.go:410: RECEIVE j=0 flag=0 r=11 est={0} aux={0}
INFO: 15:55:49.994824 self-stabilizing-binary-consensus.go:427: est[11][0]={0} aux[11][0]={0}
INFO: 15:55:49.995137 self-stabilizing-binary-consensus.go:434: SEND flag=0 r=11 est={0} aux={0}
INFO: 15:55:49.996097 self-stabilizing-binary-consensus.go:410: RECEIVE j=1 flag=0 r=11 est={0} aux={0}
INFO: 15:55:49.996152 self-stabilizing-binary-consensus.go:427: est[11][1]={0} aux[11][1]={0}
INFO: 15:55:50.006154 self-stabilizing-binary-consensus.go:410: RECEIVE j=1 flag=1 r=11 est={0} aux={0}
INFO: 15:55:50.006200 self-stabilizing-binary-consensus.go:427: est[11][1]={0} aux[11][1]={0}
INFO: 15:55:50.007874 self-stabilizing-binary-consensus.go:434: SEND flag=0 r=11 est={0} aux={0}
INFO: 15:55:50.009624 self-stabilizing-binary-consensus.go:410: RECEIVE j=3 flag=0 r=11 est={0} aux={0}
INFO: 15:55:50.009663 self-stabilizing-binary-consensus.go:427: est[11][3]={0} aux[11][3]={0}
INFO: 15:55:50.012556 self-stabilizing-binary-consensus.go:410: RECEIVE j=0 flag=1 r=11 est={0} aux={0}
INFO: 15:55:50.012598 self-stabilizing-binary-consensus.go:427: est[11][0]={0} aux[11][0]={0}
INFO: 15:55:50.016151 self-stabilizing-binary-consensus.go:410: RECEIVE j=3 flag=0 r=11 est={0} aux={0}
INFO: 15:55:50.016183 self-stabilizing-binary-consensus.go:427: est[11][3]={0} aux[11][3]={0}
INFO: 15:55:50.017010 self-stabilizing-binary-consensus.go:410: RECEIVE j=1 flag=0 r=11 est={0} aux={0}
INFO: 15:55:50.017045 self-stabilizing-binary-consensus.go:427: est[11][1]={0} aux[11][1]={0}
INFO: 15:55:50.019092 self-stabilizing-binary-consensus.go:434: SEND flag=0 r=11 est={0} aux={0}
INFO: 15:55:50.021097 self-stabilizing-binary-consensus.go:148: infoResults()={0}
INFO: 15:55:50.021144 self-stabilizing-binary-consensus.go:255: randomBit(11)=0
INFO: 15:55:50.021155 self-stabilizing-binary-consensus.go:249: decision=0
INFO: 15:55:50.021187 self-stabilizing-binary-consensus.go:249: decision=0
INFO: 15:55:50.021202 self-stabilizing-binary-consensus.go:90: round=11 repeat=1
INFO: 15:55:50.021210 self-stabilizing-binary-consensus.go:127: binValues(11,3)={0} w=0
INFO: 15:55:50.023776 self-stabilizing-binary-consensus.go:142: binValues(11,2)={0} w=0
INFO: 15:55:50.023843 self-stabilizing-binary-consensus.go:143: SEND flag=1 r=11 est={0} aux={0}
INFO: 15:55:50.024690 self-stabilizing-binary-consensus.go:410: RECEIVE j=0 flag=0 r=11 est={0} aux={0}
INFO: 15:55:50.024731 self-stabilizing-binary-consensus.go:427: est[11][0]={0} aux[11][0]={0}
INFO: 15:55:50.025939 self-stabilizing-binary-consensus.go:410: RECEIVE j=1 flag=0 r=11 est={0} aux={0}
INFO: 15:55:50.025979 self-stabilizing-binary-consensus.go:427: est[11][1]={0} aux[11][1]={0}
INFO: 15:55:50.027401 self-stabilizing-binary-consensus.go:410: RECEIVE j=0 flag=0 r=11 est={0} aux={0}
INFO: 15:55:50.027445 self-stabilizing-binary-consensus.go:427: est[11][0]={0} aux[11][0]={0}
INFO: 15:55:50.031456 self-stabilizing-binary-consensus.go:410: RECEIVE j=3 flag=0 r=11 est={0} aux={0}
INFO: 15:55:50.031722 self-stabilizing-binary-consensus.go:427: est[11][3]={0} aux[11][3]={0}
