INFO: 21:43:42.656414 main.go:29: ID:2 | N:10 | F:3 | Clients:1 | Scenario:NORMAL | Remote:false

INFO: 21:43:42.663655 messenger.go:90: Receive from Server 0 on tcp://*:4200
INFO: 21:43:42.664993 messenger.go:107: Send to Server 0 on tcp://localhost:4002
INFO: 21:43:42.665074 messenger.go:90: Receive from Server 1 on tcp://*:4201
INFO: 21:43:42.665105 messenger.go:107: Send to Server 1 on tcp://localhost:4102
INFO: 21:43:42.665129 messenger.go:90: Receive from Server 3 on tcp://*:4203
INFO: 21:43:42.665165 messenger.go:107: Send to Server 3 on tcp://localhost:4302
INFO: 21:43:42.665189 messenger.go:90: Receive from Server 4 on tcp://*:4204
INFO: 21:43:42.665212 messenger.go:107: Send to Server 4 on tcp://localhost:4402
INFO: 21:43:42.665507 messenger.go:90: Receive from Server 5 on tcp://*:4205
INFO: 21:43:42.665619 messenger.go:107: Send to Server 5 on tcp://localhost:4502
INFO: 21:43:42.665730 messenger.go:90: Receive from Server 6 on tcp://*:4206
INFO: 21:43:42.666250 messenger.go:107: Send to Server 6 on tcp://localhost:4602
INFO: 21:43:42.666347 messenger.go:90: Receive from Server 7 on tcp://*:4207
INFO: 21:43:42.666431 messenger.go:107: Send to Server 7 on tcp://localhost:4702
INFO: 21:43:42.666505 messenger.go:90: Receive from Server 8 on tcp://*:4208
INFO: 21:43:42.666622 messenger.go:107: Send to Server 8 on tcp://localhost:4802
INFO: 21:43:42.666739 messenger.go:90: Receive from Server 9 on tcp://*:4209
INFO: 21:43:42.666777 messenger.go:107: Send to Server 9 on tcp://localhost:4902
INFO: 21:43:42.666783 messenger.go:113: -----------------------------------------
INFO: 21:43:42.666809 messenger.go:135: Requests from Client 0 on tcp://*:7200
INFO: 21:43:42.666835 messenger.go:152: Response to Client 0 on tcp://*:10200
INFO: 21:43:42.666841 messenger.go:155: -----------------------------------------

INFO: 21:43:42.689948 main.go:83: Initial estimate value:  0
INFO: 21:43:42.766386 messenger.go:346: RECEIVED EST from 3
INFO: 21:43:42.822579 messenger.go:346: RECEIVED EST from 0
INFO: 21:43:42.837777 messenger.go:346: RECEIVED EST from 6
INFO: 21:43:42.848023 messenger.go:346: RECEIVED EST from 4
INFO: 21:43:42.852915 messenger.go:346: RECEIVED EST from 8
INFO: 21:43:42.853754 messenger.go:346: RECEIVED EST from 7
INFO: 21:43:42.871476 messenger.go:270: SENT EST to 7
INFO: 21:43:42.873149 messenger.go:270: SENT EST to 9
INFO: 21:43:42.916748 messenger.go:346: RECEIVED EST from 9
INFO: 21:43:42.937573 messenger.go:346: RECEIVED EST from 5
INFO: 21:43:42.938593 messenger.go:270: SENT EST to 8
INFO: 21:43:42.944020 messenger.go:270: SENT EST to 5
INFO: 21:43:42.951193 messenger.go:270: SENT EST to 3
INFO: 21:43:42.975627 messenger.go:270: SENT EST to 4
INFO: 21:43:42.985234 messenger.go:270: SENT EST to 0
INFO: 21:43:42.986066 messenger.go:270: SENT EST to 6
INFO: 21:43:42.986550 messenger.go:270: SENT EST to 1
INFO: 21:43:42.991651 messenger.go:346: RECEIVED EST from 1
