INFO: 20:42:30.291243 main.go:29: ID:2 | N:4 | F:1 | Clients:1 | Scenario:NORMAL | Remote:false

INFO: 20:42:30.291688 messenger.go:90: Receive from Server 0 on tcp://*:4200
INFO: 20:42:30.291891 messenger.go:107: Send to Server 0 on tcp://localhost:4002
INFO: 20:42:30.291950 messenger.go:90: Receive from Server 1 on tcp://*:4201
INFO: 20:42:30.292007 messenger.go:107: Send to Server 1 on tcp://localhost:4102
INFO: 20:42:30.292038 messenger.go:90: Receive from Server 3 on tcp://*:4203
INFO: 20:42:30.292061 messenger.go:107: Send to Server 3 on tcp://localhost:4302
INFO: 20:42:30.292067 messenger.go:113: -----------------------------------------
INFO: 20:42:30.292090 messenger.go:135: Requests from Client 0 on tcp://*:7200
INFO: 20:42:30.292114 messenger.go:152: Response to Client 0 on tcp://*:10200
INFO: 20:42:30.292120 messenger.go:155: -----------------------------------------

INFO: 20:42:30.294523 main.go:83: Initial estimate value:  1
INFO: 20:42:30.294569 binary_consensus.go:24: 4.BC: bcid-1 round-1
INFO: 20:42:30.322282 binary_consensus.go:124: SEND EST 1
INFO: 20:42:30.334658 binary_consensus.go:141: RECEIVE EST j=3 val=1
INFO: 20:42:30.366553 binary_consensus.go:141: RECEIVE EST j=1 val=1
INFO: 20:42:30.373021 binary_consensus.go:154: 4.BC: bin_values-[1]
INFO: 20:42:30.373053 binary_consensus.go:141: RECEIVE EST j=1 val=0
INFO: 20:42:30.374763 binary_consensus.go:39: SEND AUX 1
INFO: 20:42:30.385434 binary_consensus.go:65: RECEIVE AUX j=3 val=1
INFO: 20:42:30.431573 binary_consensus.go:141: RECEIVE EST j=0 val=0
INFO: 20:42:30.433803 binary_consensus.go:145: SEND EST 0
INFO: 20:42:30.437981 binary_consensus.go:141: RECEIVE EST j=3 val=0
INFO: 20:42:30.438194 binary_consensus.go:154: 4.BC: bin_values-[1 0]
INFO: 20:42:30.444395 binary_consensus.go:65: RECEIVE AUX j=1 val=0
INFO: 20:42:30.453145 binary_consensus.go:141: RECEIVE EST j=0 val=1
INFO: 20:42:30.465950 binary_consensus.go:65: RECEIVE AUX j=0 val=1
INFO: 20:42:30.469597 binary_consensus.go:80: 4.BC: vals-[1] coin-0
INFO: 20:42:30.469608 binary_consensus.go:24: 7.BC: bcid-1 round-2
INFO: 20:42:30.471640 binary_consensus.go:124: SEND EST 1
INFO: 20:42:30.476432 binary_consensus.go:141: RECEIVE EST j=3 val=1
INFO: 20:42:30.482860 binary_consensus.go:141: RECEIVE EST j=0 val=1
INFO: 20:42:30.484080 binary_consensus.go:154: 7.BC: bin_values-[1]
INFO: 20:42:30.487897 binary_consensus.go:141: RECEIVE EST j=1 val=1
INFO: 20:42:30.494722 binary_consensus.go:39: SEND AUX 1
INFO: 20:42:30.494738 binary_consensus.go:65: RECEIVE AUX j=3 val=1
INFO: 20:42:30.496590 binary_consensus.go:65: RECEIVE AUX j=1 val=1
INFO: 20:42:30.496978 binary_consensus.go:80: 7.BC: vals-[1] coin-1
INFO: 20:42:30.496996 binary_consensus.go:85: 7.BC: decide-1
INFO: 20:42:30.497003 binary_consensus.go:181: My final decision 1
