INFO: 21:37:05.898267 main.go:29: ID:2 | N:10 | F:3 | Clients:1 | Scenario:NORMAL | Remote:false

INFO: 21:37:05.899647 messenger.go:90: Receive from Server 0 on tcp://*:4200
INFO: 21:37:05.901209 messenger.go:107: Send to Server 0 on tcp://localhost:4002
INFO: 21:37:05.901553 messenger.go:90: Receive from Server 1 on tcp://*:4201
INFO: 21:37:05.901931 messenger.go:107: Send to Server 1 on tcp://localhost:4102
INFO: 21:37:05.905617 messenger.go:90: Receive from Server 3 on tcp://*:4203
INFO: 21:37:05.905909 messenger.go:107: Send to Server 3 on tcp://localhost:4302
INFO: 21:37:05.909057 messenger.go:90: Receive from Server 4 on tcp://*:4204
INFO: 21:37:05.911911 messenger.go:107: Send to Server 4 on tcp://localhost:4402
INFO: 21:37:05.912226 messenger.go:90: Receive from Server 5 on tcp://*:4205
INFO: 21:37:05.914815 messenger.go:107: Send to Server 5 on tcp://localhost:4502
INFO: 21:37:05.916346 messenger.go:90: Receive from Server 6 on tcp://*:4206
INFO: 21:37:05.916406 messenger.go:107: Send to Server 6 on tcp://localhost:4602
INFO: 21:37:05.917425 messenger.go:90: Receive from Server 7 on tcp://*:4207
INFO: 21:37:05.923014 messenger.go:107: Send to Server 7 on tcp://localhost:4702
INFO: 21:37:05.928368 messenger.go:90: Receive from Server 8 on tcp://*:4208
INFO: 21:37:05.930035 messenger.go:107: Send to Server 8 on tcp://localhost:4802
INFO: 21:37:05.936810 messenger.go:90: Receive from Server 9 on tcp://*:4209
INFO: 21:37:05.937106 messenger.go:107: Send to Server 9 on tcp://localhost:4902
INFO: 21:37:05.937136 messenger.go:113: -----------------------------------------
INFO: 21:37:05.937245 messenger.go:135: Requests from Client 0 on tcp://*:7200
INFO: 21:37:05.937365 messenger.go:152: Response to Client 0 on tcp://*:10200
INFO: 21:37:05.937529 messenger.go:155: -----------------------------------------

INFO: 21:37:05.949586 main.go:83: Initial estimate value:  0
INFO: 21:37:05.967400 messenger.go:346: RECEIVED EST from 6
INFO: 21:37:05.976447 messenger.go:270: SENT EST to 0
INFO: 21:37:05.979972 messenger.go:270: SENT EST to 9
INFO: 21:37:05.979999 messenger.go:270: SENT EST to 4
INFO: 21:37:05.980007 messenger.go:270: SENT EST to 7
INFO: 21:37:05.980422 messenger.go:346: RECEIVED EST from 4
INFO: 21:37:05.980423 messenger.go:346: RECEIVED EST from 3
INFO: 21:37:05.980538 messenger.go:270: SENT EST to 5
INFO: 21:37:05.981991 messenger.go:270: SENT EST to 8
INFO: 21:37:05.985602 messenger.go:346: RECEIVED EST from 1
INFO: 21:37:06.016106 messenger.go:346: RECEIVED EST from 5
INFO: 21:37:06.034717 messenger.go:270: SENT EST to 1
INFO: 21:37:06.038063 messenger.go:270: SENT EST to 3
INFO: 21:37:06.047067 messenger.go:346: RECEIVED EST from 9
INFO: 21:37:06.054557 messenger.go:270: SENT EST to 6
INFO: 21:37:06.072802 messenger.go:346: RECEIVED EST from 0
INFO: 21:37:06.095722 messenger.go:346: RECEIVED EST from 7
INFO: 21:37:06.105062 messenger.go:346: RECEIVED EST from 8
