INFO: 01:23:30.826670 main.go:29: ID:2 | N:4 | F:1 | Clients:1 | Scenario:NORMAL | Remote:false

INFO: 01:23:30.827062 messenger.go:90: Receive from Server 0 on tcp://*:4200
INFO: 01:23:30.827241 messenger.go:107: Send to Server 0 on tcp://localhost:4002
INFO: 01:23:30.827713 messenger.go:90: Receive from Server 1 on tcp://*:4201
INFO: 01:23:30.827778 messenger.go:107: Send to Server 1 on tcp://localhost:4102
INFO: 01:23:30.827832 messenger.go:90: Receive from Server 3 on tcp://*:4203
INFO: 01:23:30.827857 messenger.go:107: Send to Server 3 on tcp://localhost:4302
INFO: 01:23:30.827900 messenger.go:113: -----------------------------------------
INFO: 01:23:30.827948 messenger.go:135: Requests from Client 0 on tcp://*:7200
INFO: 01:23:30.828026 messenger.go:152: Response to Client 0 on tcp://*:10200
INFO: 01:23:30.828049 messenger.go:155: -----------------------------------------

INFO: 01:23:30.832927 main.go:83: Initial estimate value:  1
INFO: 01:23:30.833213 self-stabilizing-binary-consensus.go:77: Round:1
INFO: 01:23:30.833232 self-stabilizing-binary-consensus.go:117: binValues(1,3)={} w=-1
INFO: 01:23:30.833256 self-stabilizing-binary-consensus.go:128: binValues(1,2)={} w=-1
INFO: 01:23:30.836499 self-stabilizing-binary-consensus.go:132: SEND flag=1 r=1 est={1} aux={}
INFO: 01:23:30.844760 self-stabilizing-binary-consensus.go:408: RECEIVE j=1 flag=1 r=1 est={0} aux={}
INFO: 01:23:30.844831 self-stabilizing-binary-consensus.go:425: est[1][1]={0} aux[1][1]={}
INFO: 01:23:30.848308 self-stabilizing-binary-consensus.go:432: SEND flag=0 r=1 est={1} aux={}
INFO: 01:23:30.849469 self-stabilizing-binary-consensus.go:408: RECEIVE j=1 flag=0 r=1 est={0} aux={}
INFO: 01:23:30.849532 self-stabilizing-binary-consensus.go:425: est[1][1]={0} aux[1][1]={}
INFO: 01:23:30.963493 self-stabilizing-binary-consensus.go:408: RECEIVE j=0 flag=1 r=1 est={0} aux={}
INFO: 01:23:30.963604 self-stabilizing-binary-consensus.go:425: est[1][0]={0} aux[1][0]={}
INFO: 01:23:30.965500 self-stabilizing-binary-consensus.go:432: SEND flag=0 r=1 est={1} aux={}
INFO: 01:23:30.969898 self-stabilizing-binary-consensus.go:408: RECEIVE j=3 flag=1 r=1 est={1} aux={}
INFO: 01:23:30.970061 self-stabilizing-binary-consensus.go:425: est[1][3]={1} aux[1][3]={}
INFO: 01:23:30.971761 self-stabilizing-binary-consensus.go:432: SEND flag=0 r=1 est={1} aux={}
INFO: 01:23:30.988152 self-stabilizing-binary-consensus.go:408: RECEIVE j=0 flag=0 r=1 est={0} aux={}
INFO: 01:23:30.988405 self-stabilizing-binary-consensus.go:425: est[1][0]={0} aux[1][0]={}
INFO: 01:23:30.990076 self-stabilizing-binary-consensus.go:408: RECEIVE j=1 flag=0 r=1 est={0} aux={}
INFO: 01:23:30.990149 self-stabilizing-binary-consensus.go:425: est[1][1]={0} aux[1][1]={}
INFO: 01:23:31.003485 self-stabilizing-binary-consensus.go:408: RECEIVE j=3 flag=0 r=1 est={1} aux={}
INFO: 01:23:31.003541 self-stabilizing-binary-consensus.go:425: est[1][3]={1} aux[1][3]={}
INFO: 01:23:31.003797 self-stabilizing-binary-consensus.go:408: RECEIVE j=0 flag=0 r=1 est={0} aux={}
INFO: 01:23:31.003838 self-stabilizing-binary-consensus.go:425: est[1][0]={0} aux[1][0]={}
INFO: 01:23:31.003970 self-stabilizing-binary-consensus.go:408: RECEIVE j=1 flag=0 r=1 est={0} aux={}
INFO: 01:23:31.003991 self-stabilizing-binary-consensus.go:425: est[1][1]={0} aux[1][1]={}
INFO: 01:23:31.004148 self-stabilizing-binary-consensus.go:408: RECEIVE j=3 flag=0 r=1 est={1} aux={}
INFO: 01:23:31.004171 self-stabilizing-binary-consensus.go:425: est[1][3]={1} aux[1][3]={}
INFO: 01:23:31.005051 self-stabilizing-binary-consensus.go:408: RECEIVE j=0 flag=0 r=1 est={0} aux={}
INFO: 01:23:31.005202 self-stabilizing-binary-consensus.go:425: est[1][0]={0} aux[1][0]={}
INFO: 01:23:31.005373 self-stabilizing-binary-consensus.go:408: RECEIVE j=3 flag=0 r=1 est={1} aux={}
INFO: 01:23:31.005398 self-stabilizing-binary-consensus.go:425: est[1][3]={1} aux[1][3]={}
INFO: 01:23:38.845676 self-stabilizing-binary-consensus.go:117: binValues(1,3)={} w=-1
INFO: 01:23:38.846205 self-stabilizing-binary-consensus.go:128: binValues(1,2)={} w=-1
INFO: 01:23:38.852360 self-stabilizing-binary-consensus.go:408: RECEIVE j=0 flag=1 r=1 est={0 1} aux={}
INFO: 01:23:38.861723 self-stabilizing-binary-consensus.go:425: est[1][0]={0 1} aux[1][0]={}
INFO: 01:23:38.860785 self-stabilizing-binary-consensus.go:132: SEND flag=1 r=1 est={0 1} aux={}
INFO: 01:23:38.869331 self-stabilizing-binary-consensus.go:432: SEND flag=0 r=1 est={1} aux={}
INFO: 01:23:38.871056 self-stabilizing-binary-consensus.go:408: RECEIVE j=1 flag=1 r=1 est={0 1} aux={}
INFO: 01:23:38.871161 self-stabilizing-binary-consensus.go:425: est[1][1]={0 1} aux[1][1]={}
INFO: 01:23:38.876740 self-stabilizing-binary-consensus.go:432: SEND flag=0 r=1 est={1} aux={}
INFO: 01:23:38.876789 self-stabilizing-binary-consensus.go:408: RECEIVE j=0 flag=0 r=1 est={0} aux={}
INFO: 01:23:38.876800 self-stabilizing-binary-consensus.go:425: est[1][0]={0 1} aux[1][0]={}
INFO: 01:23:38.876807 self-stabilizing-binary-consensus.go:408: RECEIVE j=1 flag=0 r=1 est={0} aux={}
INFO: 01:23:38.876812 self-stabilizing-binary-consensus.go:425: est[1][1]={0 1} aux[1][1]={}
INFO: 01:23:38.876818 self-stabilizing-binary-consensus.go:408: RECEIVE j=3 flag=0 r=1 est={1} aux={}
INFO: 01:23:38.876823 self-stabilizing-binary-consensus.go:425: est[1][3]={1} aux[1][3]={}
INFO: 01:23:38.881081 self-stabilizing-binary-consensus.go:408: RECEIVE j=1 flag=0 r=1 est={0} aux={}
INFO: 01:23:38.881179 self-stabilizing-binary-consensus.go:425: est[1][1]={0 1} aux[1][1]={}
INFO: 01:23:38.881336 self-stabilizing-binary-consensus.go:408: RECEIVE j=3 flag=0 r=1 est={1} aux={}
INFO: 01:23:38.881404 self-stabilizing-binary-consensus.go:425: est[1][3]={1} aux[1][3]={}
INFO: 01:23:38.882786 self-stabilizing-binary-consensus.go:408: RECEIVE j=3 flag=1 r=1 est={0 1} aux={}
INFO: 01:23:38.882844 self-stabilizing-binary-consensus.go:425: est[1][3]={0 1} aux[1][3]={}
INFO: 01:23:38.885716 self-stabilizing-binary-consensus.go:432: SEND flag=0 r=1 est={1} aux={}
INFO: 01:23:38.885813 self-stabilizing-binary-consensus.go:408: RECEIVE j=0 flag=0 r=1 est={0} aux={}
INFO: 01:23:38.885841 self-stabilizing-binary-consensus.go:425: est[1][0]={0 1} aux[1][0]={}
INFO: 01:23:38.885956 self-stabilizing-binary-consensus.go:408: RECEIVE j=0 flag=0 r=1 est={0} aux={}
INFO: 01:23:38.885982 self-stabilizing-binary-consensus.go:425: est[1][0]={0 1} aux[1][0]={}
INFO: 01:23:38.886147 self-stabilizing-binary-consensus.go:408: RECEIVE j=3 flag=0 r=1 est={1} aux={}
INFO: 01:23:38.886170 self-stabilizing-binary-consensus.go:425: est[1][3]={0 1} aux[1][3]={}
INFO: 01:23:38.889686 self-stabilizing-binary-consensus.go:408: RECEIVE j=1 flag=0 r=1 est={0} aux={}
INFO: 01:23:38.889731 self-stabilizing-binary-consensus.go:425: est[1][1]={0 1} aux[1][1]={}
