INFO: 01:44:09.608426 main.go:29: ID:2 | N:10 | F:3 | Clients:1 | Scenario:NORMAL | Remote:false

INFO: 01:44:09.610084 messenger.go:90: Receive from Server 0 on tcp://*:4200
INFO: 01:44:09.610274 messenger.go:107: Send to Server 0 on tcp://localhost:4002
INFO: 01:44:09.610340 messenger.go:90: Receive from Server 1 on tcp://*:4201
INFO: 01:44:09.610364 messenger.go:107: Send to Server 1 on tcp://localhost:4102
INFO: 01:44:09.610388 messenger.go:90: Receive from Server 3 on tcp://*:4203
INFO: 01:44:09.610410 messenger.go:107: Send to Server 3 on tcp://localhost:4302
INFO: 01:44:09.610432 messenger.go:90: Receive from Server 4 on tcp://*:4204
INFO: 01:44:09.610453 messenger.go:107: Send to Server 4 on tcp://localhost:4402
INFO: 01:44:09.610478 messenger.go:90: Receive from Server 5 on tcp://*:4205
INFO: 01:44:09.610502 messenger.go:107: Send to Server 5 on tcp://localhost:4502
INFO: 01:44:09.610524 messenger.go:90: Receive from Server 6 on tcp://*:4206
INFO: 01:44:09.610544 messenger.go:107: Send to Server 6 on tcp://localhost:4602
INFO: 01:44:09.610568 messenger.go:90: Receive from Server 7 on tcp://*:4207
INFO: 01:44:09.610588 messenger.go:107: Send to Server 7 on tcp://localhost:4702
INFO: 01:44:09.610610 messenger.go:90: Receive from Server 8 on tcp://*:4208
INFO: 01:44:09.610635 messenger.go:107: Send to Server 8 on tcp://localhost:4802
INFO: 01:44:09.610661 messenger.go:90: Receive from Server 9 on tcp://*:4209
INFO: 01:44:09.610682 messenger.go:107: Send to Server 9 on tcp://localhost:4902
INFO: 01:44:09.610688 messenger.go:113: -----------------------------------------
INFO: 01:44:09.646409 messenger.go:135: Requests from Client 0 on tcp://*:7200
INFO: 01:44:09.646546 messenger.go:152: Response to Client 0 on tcp://*:10200
INFO: 01:44:09.646577 messenger.go:155: -----------------------------------------

INFO: 01:44:09.723168 main.go:83: Initial estimate value:  0
INFO: 01:44:09.786120 messenger.go:346: RECEIVED EST from 6
INFO: 01:44:09.789993 messenger.go:346: RECEIVED EST from 7
INFO: 01:44:09.799995 messenger.go:346: RECEIVED EST from 8
INFO: 01:44:09.836615 messenger.go:346: RECEIVED EST from 9
INFO: 01:44:09.840152 messenger.go:346: RECEIVED EST from 3
INFO: 01:44:09.843909 messenger.go:346: RECEIVED EST from 0
INFO: 01:44:09.846949 messenger.go:346: RECEIVED EST from 5
INFO: 01:44:09.849984 messenger.go:346: RECEIVED EST from 1
INFO: 01:44:09.883233 messenger.go:346: RECEIVED EST from 4
INFO: 01:44:09.884154 messenger.go:270: SENT EST to 9
INFO: 01:44:09.884197 messenger.go:270: SENT EST to 0
INFO: 01:44:09.891874 messenger.go:346: RECEIVED EST from 6
INFO: 01:44:09.893555 messenger.go:346: RECEIVED EST from 8
INFO: 01:44:09.895925 messenger.go:346: RECEIVED EST from 0
INFO: 01:44:09.898640 messenger.go:346: RECEIVED EST from 9
INFO: 01:44:09.898798 messenger.go:270: SENT EST to 1
INFO: 01:44:09.898886 messenger.go:270: SENT EST to 7
INFO: 01:44:09.901580 messenger.go:346: RECEIVED EST from 7
INFO: 01:44:09.901894 messenger.go:346: RECEIVED EST from 1
INFO: 01:44:09.901969 messenger.go:270: SENT EST to 4
INFO: 01:44:09.904173 messenger.go:346: RECEIVED EST from 7
INFO: 01:44:09.904237 messenger.go:270: SENT EST to 3
INFO: 01:44:09.910624 messenger.go:270: SENT EST to 8
INFO: 01:44:09.910679 messenger.go:270: SENT EST to 5
INFO: 01:44:09.911801 messenger.go:270: SENT EST to 6
INFO: 01:44:09.927723 messenger.go:346: RECEIVED EST from 4
INFO: 01:44:09.932274 messenger.go:346: RECEIVED EST from 4
INFO: 01:44:09.932487 messenger.go:346: RECEIVED EST from 4
INFO: 01:44:09.932681 messenger.go:346: RECEIVED EST from 3
INFO: 01:44:09.932860 messenger.go:346: RECEIVED EST from 8
INFO: 01:44:09.933098 messenger.go:346: RECEIVED EST from 5
INFO: 01:44:09.933152 messenger.go:270: SENT EST to 0
INFO: 01:44:09.948859 messenger.go:270: SENT EST to 4
INFO: 01:44:09.949700 messenger.go:270: SENT EST to 0
INFO: 01:44:09.950095 messenger.go:270: SENT EST to 9
INFO: 01:44:09.951279 messenger.go:270: SENT EST to 1
INFO: 01:44:09.953247 messenger.go:346: RECEIVED EST from 7
INFO: 01:44:09.953655 messenger.go:346: RECEIVED EST from 6
INFO: 01:44:09.954402 messenger.go:346: RECEIVED EST from 9
INFO: 01:44:09.956982 messenger.go:270: SENT EST to 3
INFO: 01:44:09.968895 messenger.go:270: SENT EST to 0
INFO: 01:44:09.969049 messenger.go:346: RECEIVED EST from 5
INFO: 01:44:09.969512 messenger.go:270: SENT EST to 1
INFO: 01:44:09.969699 messenger.go:346: RECEIVED EST from 1
INFO: 01:44:09.969756 messenger.go:270: SENT EST to 5
INFO: 01:44:09.969778 messenger.go:270: SENT EST to 6
INFO: 01:44:09.970409 messenger.go:346: RECEIVED EST from 8
INFO: 01:44:09.971864 messenger.go:346: RECEIVED EST from 9
INFO: 01:44:09.972304 messenger.go:346: RECEIVED EST from 0
INFO: 01:44:09.972901 messenger.go:346: RECEIVED EST from 3
INFO: 01:44:09.975700 messenger.go:270: SENT EST to 7
INFO: 01:44:09.977839 messenger.go:270: SENT EST to 8
INFO: 01:44:09.978594 messenger.go:346: RECEIVED EST from 9
INFO: 01:44:09.978829 messenger.go:346: RECEIVED EST from 1
INFO: 01:44:09.991829 messenger.go:270: SENT EST to 1
INFO: 01:44:09.993297 messenger.go:346: RECEIVED EST from 5
INFO: 01:44:09.998256 messenger.go:346: RECEIVED EST from 4
INFO: 01:44:09.998473 messenger.go:346: RECEIVED EST from 5
INFO: 01:44:09.998957 messenger.go:346: RECEIVED EST from 0
INFO: 01:44:09.999669 messenger.go:346: RECEIVED EST from 7
INFO: 01:44:10.000439 messenger.go:346: RECEIVED EST from 7
INFO: 01:44:10.000474 messenger.go:270: SENT EST to 3
INFO: 01:44:10.002925 messenger.go:346: RECEIVED EST from 6
INFO: 01:44:10.002977 messenger.go:270: SENT EST to 0
INFO: 01:44:10.001112 messenger.go:346: RECEIVED EST from 1
INFO: 01:44:10.001534 messenger.go:346: RECEIVED EST from 8
INFO: 01:44:10.001537 messenger.go:270: SENT EST to 8
INFO: 01:44:10.001538 messenger.go:270: SENT EST to 7
INFO: 01:44:10.001725 messenger.go:346: RECEIVED EST from 3
INFO: 01:44:10.001743 messenger.go:270: SENT EST to 5
INFO: 01:44:10.003217 messenger.go:270: SENT EST to 1
INFO: 01:44:10.010818 messenger.go:346: RECEIVED EST from 0
INFO: 01:44:10.011991 messenger.go:346: RECEIVED EST from 3
INFO: 01:44:10.012059 messenger.go:270: SENT EST to 3
INFO: 01:44:10.016716 messenger.go:270: SENT EST to 9
INFO: 01:44:10.016773 messenger.go:270: SENT EST to 4
INFO: 01:44:10.019632 messenger.go:270: SENT EST to 3
INFO: 01:44:10.024766 messenger.go:270: SENT EST to 4
INFO: 01:44:10.029034 messenger.go:270: SENT EST to 5
INFO: 01:44:10.032460 messenger.go:346: RECEIVED EST from 0
INFO: 01:44:10.034420 messenger.go:270: SENT EST to 6
INFO: 01:44:10.034510 messenger.go:270: SENT EST to 4
INFO: 01:44:10.050131 messenger.go:270: SENT EST to 7
INFO: 01:44:10.050771 messenger.go:346: RECEIVED EST from 9
INFO: 01:44:10.051140 messenger.go:346: RECEIVED EST from 6
INFO: 01:44:10.051662 messenger.go:346: RECEIVED EST from 7
INFO: 01:44:10.052735 messenger.go:270: SENT EST to 0
INFO: 01:44:10.052877 messenger.go:346: RECEIVED EST from 5
INFO: 01:44:10.064036 messenger.go:270: SENT EST to 6
INFO: 01:44:10.066667 messenger.go:270: SENT EST to 8
INFO: 01:44:10.080855 messenger.go:270: SENT EST to 6
INFO: 01:44:10.080894 messenger.go:270: SENT EST to 7
INFO: 01:44:10.082450 messenger.go:346: RECEIVED EST from 4
INFO: 01:44:10.082501 messenger.go:270: SENT EST to 9
INFO: 01:44:10.083124 messenger.go:346: RECEIVED EST from 3
INFO: 01:44:10.083161 messenger.go:270: SENT EST to 8
INFO: 01:44:10.083297 messenger.go:346: RECEIVED EST from 8
INFO: 01:44:10.083346 messenger.go:270: SENT EST to 3
INFO: 01:44:10.089292 messenger.go:346: RECEIVED EST from 0
INFO: 01:44:10.090749 messenger.go:270: SENT EST to 0
INFO: 01:44:10.090916 messenger.go:346: RECEIVED EST from 0
INFO: 01:44:10.090978 messenger.go:270: SENT EST to 9
INFO: 01:44:10.094596 messenger.go:346: RECEIVED EST from 6
INFO: 01:44:10.096503 messenger.go:346: RECEIVED EST from 7
INFO: 01:44:10.096919 messenger.go:270: SENT EST to 1
INFO: 01:44:10.097905 messenger.go:346: RECEIVED EST from 6
INFO: 01:44:10.109601 messenger.go:346: RECEIVED EST from 7
INFO: 01:44:10.112576 messenger.go:346: RECEIVED EST from 8
INFO: 01:44:10.115647 messenger.go:270: SENT EST to 1
INFO: 01:44:10.115803 messenger.go:346: RECEIVED EST from 8
INFO: 01:44:10.116009 messenger.go:346: RECEIVED EST from 9
INFO: 01:44:10.144140 messenger.go:346: RECEIVED EST from 7
INFO: 01:44:10.162480 messenger.go:270: SENT EST to 4
INFO: 01:44:10.163983 messenger.go:270: SENT EST to 4
INFO: 01:44:10.164474 messenger.go:346: RECEIVED EST from 1
INFO: 01:44:10.164549 messenger.go:270: SENT EST to 5
INFO: 01:44:10.168405 messenger.go:270: SENT EST to 5
INFO: 01:44:10.174259 messenger.go:346: RECEIVED EST from 5
INFO: 01:44:10.174734 messenger.go:346: RECEIVED EST from 5
INFO: 01:44:10.176235 messenger.go:346: RECEIVED EST from 9
INFO: 01:44:10.180334 messenger.go:346: RECEIVED EST from 8
INFO: 01:44:10.184015 messenger.go:346: RECEIVED EST from 9
INFO: 01:44:10.184176 messenger.go:346: RECEIVED EST from 4
INFO: 01:44:10.195260 messenger.go:346: RECEIVED EST from 6
INFO: 01:44:10.184181 messenger.go:270: SENT EST to 3
INFO: 01:44:10.195951 messenger.go:346: RECEIVED EST from 4
INFO: 01:44:10.197311 messenger.go:346: RECEIVED EST from 3
INFO: 01:44:10.198662 messenger.go:346: RECEIVED EST from 9
INFO: 01:44:10.185193 messenger.go:346: RECEIVED EST from 1
INFO: 01:44:10.199755 messenger.go:346: RECEIVED EST from 0
INFO: 01:44:10.218704 messenger.go:270: SENT EST to 8
INFO: 01:44:10.218765 messenger.go:270: SENT EST to 0
INFO: 01:44:10.218920 messenger.go:270: SENT EST to 9
INFO: 01:44:10.219060 messenger.go:346: RECEIVED EST from 8
INFO: 01:44:10.219127 messenger.go:270: SENT EST to 3
INFO: 01:44:10.219346 messenger.go:270: SENT EST to 7
INFO: 01:44:10.219488 messenger.go:346: RECEIVED EST from 5
INFO: 01:44:10.219558 messenger.go:270: SENT EST to 1
INFO: 01:44:10.219787 messenger.go:346: RECEIVED EST from 7
INFO: 01:44:10.223546 messenger.go:346: RECEIVED EST from 8
INFO: 01:44:10.223726 messenger.go:346: RECEIVED EST from 3
INFO: 01:44:10.224193 messenger.go:346: RECEIVED EST from 6
INFO: 01:44:10.225316 messenger.go:346: RECEIVED EST from 3
INFO: 01:44:10.226830 messenger.go:346: RECEIVED EST from 1
INFO: 01:44:10.231544 messenger.go:346: RECEIVED EST from 4
INFO: 01:44:10.232593 messenger.go:346: RECEIVED EST from 9
INFO: 01:44:10.235214 messenger.go:346: RECEIVED EST from 1
INFO: 01:44:10.242988 messenger.go:346: RECEIVED EST from 9
INFO: 01:44:10.244297 messenger.go:270: SENT EST to 6
INFO: 01:44:10.265300 messenger.go:346: RECEIVED EST from 1
INFO: 01:44:10.268184 messenger.go:270: SENT EST to 5
INFO: 01:44:10.269095 messenger.go:346: RECEIVED EST from 0
INFO: 01:44:10.272297 messenger.go:346: RECEIVED EST from 3
INFO: 01:44:10.274174 messenger.go:346: RECEIVED EST from 8
INFO: 01:44:10.274230 messenger.go:270: SENT EST to 4
INFO: 01:44:10.275332 messenger.go:270: SENT EST to 8
INFO: 01:44:10.275615 messenger.go:270: SENT EST to 9
INFO: 01:44:10.275953 messenger.go:270: SENT EST to 3
INFO: 01:44:10.277016 messenger.go:346: RECEIVED EST from 6
INFO: 01:44:10.277364 messenger.go:346: RECEIVED EST from 9
INFO: 01:44:10.279367 messenger.go:270: SENT EST to 1
INFO: 01:44:10.280176 messenger.go:270: SENT EST to 6
INFO: 01:44:10.283305 messenger.go:270: SENT EST to 6
INFO: 01:44:10.285162 messenger.go:346: RECEIVED EST from 5
INFO: 01:44:10.288505 messenger.go:270: SENT EST to 5
INFO: 01:44:10.296935 messenger.go:270: SENT EST to 7
INFO: 01:44:10.297707 messenger.go:270: SENT EST to 0
INFO: 01:44:10.297746 messenger.go:270: SENT EST to 4
INFO: 01:44:10.297888 messenger.go:346: RECEIVED EST from 4
INFO: 01:44:10.298037 messenger.go:346: RECEIVED EST from 8
INFO: 01:44:10.298203 messenger.go:346: RECEIVED EST from 7
INFO: 01:44:10.298352 messenger.go:346: RECEIVED EST from 5
INFO: 01:44:10.301080 messenger.go:270: SENT EST to 8
INFO: 01:44:10.301768 messenger.go:270: SENT EST to 0
INFO: 01:44:10.302439 messenger.go:270: SENT EST to 7
INFO: 01:44:10.302616 messenger.go:270: SENT EST to 9
INFO: 01:44:10.302764 messenger.go:270: SENT EST to 7
INFO: 01:44:10.304714 messenger.go:270: SENT EST to 0
INFO: 01:44:10.304880 messenger.go:346: RECEIVED EST from 1
INFO: 01:44:10.305715 messenger.go:270: SENT EST to 8
INFO: 01:44:10.305830 messenger.go:270: SENT EST to 9
INFO: 01:44:10.306555 messenger.go:270: SENT EST to 1
INFO: 01:44:10.308004 messenger.go:270: SENT EST to 1
INFO: 01:44:10.309696 messenger.go:270: SENT EST to 5
INFO: 01:44:10.310041 messenger.go:270: SENT EST to 5
INFO: 01:44:10.312699 messenger.go:270: SENT EST to 4
INFO: 01:44:10.319525 messenger.go:346: RECEIVED EST from 4
INFO: 01:44:10.320564 messenger.go:346: RECEIVED EST from 7
INFO: 01:44:10.328389 messenger.go:346: RECEIVED EST from 0
INFO: 01:44:10.332379 messenger.go:270: SENT EST to 3
INFO: 01:44:10.334591 messenger.go:346: RECEIVED EST from 3
INFO: 01:44:10.334678 messenger.go:346: RECEIVED EST from 5
INFO: 01:44:10.334863 messenger.go:346: RECEIVED EST from 8
INFO: 01:44:10.344283 messenger.go:346: RECEIVED EST from 9
INFO: 01:44:10.345163 messenger.go:270: SENT EST to 3
INFO: 01:44:10.347603 messenger.go:346: RECEIVED EST from 5
INFO: 01:44:10.348868 messenger.go:346: RECEIVED EST from 0
INFO: 01:44:10.349564 messenger.go:270: SENT EST to 5
INFO: 01:44:10.363893 messenger.go:346: RECEIVED EST from 3
INFO: 01:44:10.391505 messenger.go:346: RECEIVED EST from 3
INFO: 01:44:10.392601 messenger.go:346: RECEIVED EST from 8
INFO: 01:44:10.393923 messenger.go:346: RECEIVED EST from 4
INFO: 01:44:10.404536 messenger.go:270: SENT EST to 6
INFO: 01:44:10.405311 messenger.go:346: RECEIVED EST from 6
INFO: 01:44:10.414950 messenger.go:346: RECEIVED EST from 7
INFO: 01:44:10.415034 messenger.go:270: SENT EST to 4
INFO: 01:44:10.415730 messenger.go:346: RECEIVED EST from 9
INFO: 01:44:10.426085 messenger.go:346: RECEIVED EST from 1
INFO: 01:44:10.426089 messenger.go:346: RECEIVED EST from 0
INFO: 01:44:10.442041 messenger.go:346: RECEIVED EST from 5
INFO: 01:44:10.443313 messenger.go:346: RECEIVED EST from 4
INFO: 01:44:10.449925 messenger.go:346: RECEIVED EST from 3
INFO: 01:44:10.463999 messenger.go:270: SENT EST to 6
INFO: 01:44:10.464214 messenger.go:270: SENT EST to 9
INFO: 01:44:10.464270 messenger.go:270: SENT EST to 1
INFO: 01:44:10.464510 messenger.go:270: SENT EST to 4
INFO: 01:44:10.464641 messenger.go:270: SENT EST to 5
INFO: 01:44:10.464703 messenger.go:270: SENT EST to 0
INFO: 01:44:10.464884 messenger.go:346: RECEIVED EST from 7
INFO: 01:44:10.464938 messenger.go:270: SENT EST to 7
INFO: 01:44:10.465610 messenger.go:346: RECEIVED EST from 1
INFO: 01:44:10.465770 messenger.go:346: RECEIVED EST from 9
INFO: 01:44:10.466159 messenger.go:346: RECEIVED EST from 0
INFO: 01:44:10.466225 messenger.go:270: SENT EST to 3
INFO: 01:44:10.466503 messenger.go:270: SENT EST to 7
INFO: 01:44:10.483086 messenger.go:346: RECEIVED EST from 6
INFO: 01:44:10.483182 messenger.go:270: SENT EST to 6
INFO: 01:44:10.485556 messenger.go:270: SENT EST to 7
INFO: 01:44:10.495546 messenger.go:270: SENT EST to 6
INFO: 01:44:10.495770 messenger.go:346: RECEIVED EST from 6
INFO: 01:44:10.497932 messenger.go:346: RECEIVED EST from 1
INFO: 01:44:10.498482 messenger.go:346: RECEIVED EST from 1
INFO: 01:44:10.500522 messenger.go:346: RECEIVED EST from 6
INFO: 01:44:10.502819 messenger.go:346: RECEIVED EST from 5
INFO: 01:44:10.510699 messenger.go:346: RECEIVED EST from 6
INFO: 01:44:10.511709 messenger.go:346: RECEIVED EST from 5
INFO: 01:44:10.516905 messenger.go:346: RECEIVED EST from 5
INFO: 01:44:10.520694 messenger.go:270: SENT EST to 8
INFO: 01:44:10.521091 messenger.go:270: SENT EST to 8
INFO: 01:44:10.522386 messenger.go:270: SENT EST to 9
INFO: 01:44:10.524588 messenger.go:270: SENT EST to 8
INFO: 01:44:10.527306 messenger.go:270: SENT EST to 3
INFO: 01:44:10.528162 messenger.go:270: SENT EST to 4
INFO: 01:44:10.530962 messenger.go:346: RECEIVED EST from 8
INFO: 01:44:10.531926 messenger.go:270: SENT EST to 8
INFO: 01:44:10.535962 messenger.go:346: RECEIVED EST from 4
INFO: 01:44:10.536037 messenger.go:270: SENT EST to 9
INFO: 01:44:10.556752 messenger.go:270: SENT EST to 1
INFO: 01:44:10.557577 messenger.go:270: SENT EST to 0
INFO: 01:44:10.567317 messenger.go:346: RECEIVED EST from 9
INFO: 01:44:10.567380 messenger.go:270: SENT EST to 5
INFO: 01:44:10.567987 messenger.go:346: RECEIVED EST from 5
INFO: 01:44:10.568061 messenger.go:270: SENT EST to 6
INFO: 01:44:10.568187 messenger.go:346: RECEIVED EST from 7
INFO: 01:44:10.568272 messenger.go:270: SENT EST to 7
INFO: 01:44:10.569064 messenger.go:346: RECEIVED EST from 6
INFO: 01:44:10.571288 messenger.go:346: RECEIVED EST from 0
INFO: 01:44:10.571763 messenger.go:346: RECEIVED EST from 1
INFO: 01:44:10.571826 messenger.go:270: SENT EST to 8
INFO: 01:44:10.571909 messenger.go:270: SENT EST to 3
INFO: 01:44:10.572140 messenger.go:346: RECEIVED EST from 3
INFO: 01:44:10.572201 messenger.go:270: SENT EST to 9
INFO: 01:44:10.576649 messenger.go:346: RECEIVED EST from 8
INFO: 01:44:10.585371 messenger.go:346: RECEIVED EST from 0
INFO: 01:44:10.586144 messenger.go:270: SENT EST to 0
INFO: 01:44:10.586591 messenger.go:270: SENT EST to 1
INFO: 01:44:10.586683 messenger.go:270: SENT EST to 9
INFO: 01:44:10.586931 messenger.go:270: SENT EST to 3
INFO: 01:44:10.588749 messenger.go:346: RECEIVED EST from 3
INFO: 01:44:10.589593 messenger.go:346: RECEIVED EST from 1
INFO: 01:44:10.597224 messenger.go:346: RECEIVED EST from 9
INFO: 01:44:10.601239 messenger.go:346: RECEIVED EST from 3
INFO: 01:44:10.602895 messenger.go:270: SENT EST to 4
INFO: 01:44:10.603021 messenger.go:346: RECEIVED EST from 4
INFO: 01:44:10.603217 messenger.go:270: SENT EST to 1
INFO: 01:44:10.603260 messenger.go:270: SENT EST to 0
INFO: 01:44:10.604419 messenger.go:270: SENT EST to 3
INFO: 01:44:10.605081 messenger.go:346: RECEIVED EST from 0
INFO: 01:44:10.605445 messenger.go:270: SENT EST to 4
INFO: 01:44:10.606253 messenger.go:270: SENT EST to 4
INFO: 01:44:10.607951 messenger.go:270: SENT EST to 1
INFO: 01:44:10.608241 messenger.go:346: RECEIVED EST from 9
INFO: 01:44:10.611572 messenger.go:270: SENT EST to 5
INFO: 01:44:10.612156 messenger.go:346: RECEIVED EST from 5
INFO: 01:44:10.613225 messenger.go:346: RECEIVED EST from 9
INFO: 01:44:10.616639 messenger.go:346: RECEIVED EST from 4
INFO: 01:44:10.617134 messenger.go:346: RECEIVED EST from 1
INFO: 01:44:10.618210 messenger.go:270: SENT EST to 0
INFO: 01:44:10.627152 messenger.go:346: RECEIVED EST from 7
INFO: 01:44:10.627316 messenger.go:346: RECEIVED EST from 0
INFO: 01:44:10.627480 messenger.go:270: SENT EST to 5
INFO: 01:44:10.627591 messenger.go:270: SENT EST to 7
INFO: 01:44:10.627777 messenger.go:346: RECEIVED EST from 1
INFO: 01:44:10.629559 messenger.go:270: SENT EST to 5
INFO: 01:44:10.637366 messenger.go:346: RECEIVED EST from 5
INFO: 01:44:10.638224 messenger.go:346: RECEIVED EST from 7
INFO: 01:44:10.639726 messenger.go:346: RECEIVED EST from 7
INFO: 01:44:10.645671 messenger.go:346: RECEIVED EST from 8
INFO: 01:44:10.647676 messenger.go:270: SENT EST to 6
INFO: 01:44:10.651018 messenger.go:270: SENT EST to 9
INFO: 01:44:10.651211 messenger.go:270: SENT EST to 3
INFO: 01:44:10.651489 messenger.go:270: SENT EST to 8
INFO: 01:44:10.652769 messenger.go:270: SENT EST to 7
INFO: 01:44:10.658806 messenger.go:346: RECEIVED EST from 9
INFO: 01:44:10.659325 messenger.go:270: SENT EST to 4
INFO: 01:44:10.660455 messenger.go:346: RECEIVED EST from 7
INFO: 01:44:10.660637 messenger.go:346: RECEIVED EST from 3
INFO: 01:44:10.661043 messenger.go:270: SENT EST to 1
INFO: 01:44:10.661603 messenger.go:346: RECEIVED EST from 1
INFO: 01:44:10.661721 messenger.go:270: SENT EST to 0
INFO: 01:44:10.672820 messenger.go:346: RECEIVED EST from 8
INFO: 01:44:10.673397 messenger.go:346: RECEIVED EST from 4
INFO: 01:44:10.673581 messenger.go:346: RECEIVED EST from 0
INFO: 01:44:10.675492 messenger.go:270: SENT EST to 6
INFO: 01:44:10.682784 messenger.go:346: RECEIVED EST from 5
INFO: 01:44:10.682928 messenger.go:346: RECEIVED EST from 6
INFO: 01:44:10.682975 messenger.go:270: SENT EST to 7
INFO: 01:44:10.683002 messenger.go:270: SENT EST to 8
INFO: 01:44:10.683011 messenger.go:270: SENT EST to 9
INFO: 01:44:10.687384 messenger.go:270: SENT EST to 3
INFO: 01:44:10.687518 messenger.go:346: RECEIVED EST from 3
INFO: 01:44:10.688175 messenger.go:346: RECEIVED EST from 9
INFO: 01:44:10.688981 messenger.go:346: RECEIVED EST from 7
INFO: 01:44:10.695494 messenger.go:270: SENT EST to 1
INFO: 01:44:10.695529 messenger.go:270: SENT EST to 4
INFO: 01:44:10.695793 messenger.go:346: RECEIVED EST from 1
INFO: 01:44:10.695970 messenger.go:346: RECEIVED EST from 8
INFO: 01:44:10.699706 messenger.go:270: SENT EST to 6
INFO: 01:44:10.705576 messenger.go:270: SENT EST to 0
INFO: 01:44:10.705745 messenger.go:346: RECEIVED EST from 4
INFO: 01:44:10.705933 messenger.go:346: RECEIVED EST from 0
INFO: 01:44:10.705620 messenger.go:270: SENT EST to 8
INFO: 01:44:10.706710 messenger.go:346: RECEIVED EST from 9
INFO: 01:44:10.707878 messenger.go:270: SENT EST to 1
INFO: 01:44:10.708160 messenger.go:270: SENT EST to 4
INFO: 01:44:10.708216 messenger.go:270: SENT EST to 9
INFO: 01:44:10.708384 messenger.go:270: SENT EST to 0
INFO: 01:44:10.708436 messenger.go:270: SENT EST to 3
INFO: 01:44:10.710138 messenger.go:270: SENT EST to 5
INFO: 01:44:10.719029 messenger.go:346: RECEIVED EST from 6
INFO: 01:44:10.720884 messenger.go:346: RECEIVED EST from 3
INFO: 01:44:10.721869 messenger.go:346: RECEIVED EST from 1
INFO: 01:44:10.739797 messenger.go:270: SENT EST to 6
INFO: 01:44:10.745397 messenger.go:270: SENT EST to 7
INFO: 01:44:10.749929 messenger.go:346: RECEIVED EST from 0
INFO: 01:44:10.752407 messenger.go:346: RECEIVED EST from 1
INFO: 01:44:10.763232 messenger.go:346: RECEIVED EST from 9
INFO: 01:44:10.746070 messenger.go:346: RECEIVED EST from 5
INFO: 01:44:10.746084 messenger.go:270: SENT EST to 5
INFO: 01:44:10.746392 messenger.go:346: RECEIVED EST from 6
INFO: 01:44:10.766422 messenger.go:346: RECEIVED EST from 7
INFO: 01:44:10.766718 messenger.go:346: RECEIVED EST from 8
INFO: 01:44:10.767267 messenger.go:346: RECEIVED EST from 4
INFO: 01:44:10.767331 messenger.go:270: SENT EST to 6
INFO: 01:44:10.767338 messenger.go:346: RECEIVED EST from 3
INFO: 01:44:10.768336 messenger.go:270: SENT EST to 1
INFO: 01:44:10.768392 messenger.go:270: SENT EST to 0
INFO: 01:44:10.768539 messenger.go:270: SENT EST to 3
INFO: 01:44:10.774840 messenger.go:346: RECEIVED EST from 1
INFO: 01:44:10.782955 messenger.go:270: SENT EST to 4
INFO: 01:44:10.783021 messenger.go:270: SENT EST to 8
INFO: 01:44:10.783365 messenger.go:346: RECEIVED EST from 8
INFO: 01:44:10.783612 messenger.go:346: RECEIVED EST from 0
INFO: 01:44:10.784140 messenger.go:346: RECEIVED EST from 4
INFO: 01:44:10.794486 messenger.go:270: SENT EST to 6
INFO: 01:44:10.794710 messenger.go:346: RECEIVED EST from 6
INFO: 01:44:10.795175 messenger.go:270: SENT EST to 7
INFO: 01:44:10.799857 messenger.go:270: SENT EST to 5
INFO: 01:44:10.800777 messenger.go:346: RECEIVED EST from 9
INFO: 01:44:10.800881 messenger.go:270: SENT EST to 9
INFO: 01:44:10.804423 messenger.go:346: RECEIVED EST from 3
INFO: 01:44:10.805147 messenger.go:270: SENT EST to 8
INFO: 01:44:10.805263 messenger.go:270: SENT EST to 0
INFO: 01:44:10.805335 messenger.go:270: SENT EST to 1
INFO: 01:44:10.805411 messenger.go:270: SENT EST to 3
INFO: 01:44:10.808257 messenger.go:346: RECEIVED EST from 1
INFO: 01:44:10.808780 messenger.go:346: RECEIVED EST from 8
INFO: 01:44:10.828344 messenger.go:346: RECEIVED EST from 9
INFO: 01:44:10.829278 messenger.go:270: SENT EST to 9
INFO: 01:44:10.829856 messenger.go:346: RECEIVED EST from 5
INFO: 01:44:10.830829 messenger.go:270: SENT EST to 4
INFO: 01:44:10.831445 messenger.go:346: RECEIVED EST from 4
INFO: 01:44:10.831700 messenger.go:270: SENT EST to 6
INFO: 01:44:10.831740 messenger.go:270: SENT EST to 7
INFO: 01:44:10.831802 messenger.go:346: RECEIVED EST from 7
INFO: 01:44:10.831893 messenger.go:270: SENT EST to 5
INFO: 01:44:10.832668 messenger.go:346: RECEIVED EST from 6
INFO: 01:44:10.834880 messenger.go:346: RECEIVED EST from 0
INFO: 01:44:10.836060 messenger.go:346: RECEIVED EST from 3
INFO: 01:44:10.836112 messenger.go:270: SENT EST to 6
INFO: 01:44:10.842826 messenger.go:346: RECEIVED EST from 3
INFO: 01:44:10.843876 messenger.go:346: RECEIVED EST from 1
INFO: 01:44:10.845780 messenger.go:346: RECEIVED EST from 0
INFO: 01:44:10.847437 messenger.go:270: SENT EST to 1
INFO: 01:44:10.847612 messenger.go:270: SENT EST to 3
INFO: 01:44:10.848315 messenger.go:270: SENT EST to 0
INFO: 01:44:10.849262 messenger.go:346: RECEIVED EST from 9
INFO: 01:44:10.853032 messenger.go:270: SENT EST to 9
INFO: 01:44:10.858656 messenger.go:346: RECEIVED EST from 6
INFO: 01:44:10.859587 messenger.go:346: RECEIVED EST from 0
INFO: 01:44:10.865458 messenger.go:270: SENT EST to 5
INFO: 01:44:10.865885 messenger.go:270: SENT EST to 6
INFO: 01:44:10.866682 messenger.go:270: SENT EST to 5
INFO: 01:44:10.869118 messenger.go:270: SENT EST to 7
INFO: 01:44:10.871377 messenger.go:346: RECEIVED EST from 6
INFO: 01:44:10.877307 messenger.go:346: RECEIVED EST from 5
INFO: 01:44:10.879140 messenger.go:270: SENT EST to 7
INFO: 01:44:10.879973 messenger.go:346: RECEIVED EST from 5
INFO: 01:44:10.880741 messenger.go:270: SENT EST to 7
INFO: 01:44:10.893334 messenger.go:346: RECEIVED EST from 1
INFO: 01:44:10.901368 messenger.go:346: RECEIVED EST from 4
INFO: 01:44:10.903974 messenger.go:270: SENT EST to 4
INFO: 01:44:10.907024 messenger.go:346: RECEIVED EST from 1
INFO: 01:44:10.911922 messenger.go:346: RECEIVED EST from 1
INFO: 01:44:10.914300 messenger.go:346: RECEIVED EST from 0
INFO: 01:44:10.921263 messenger.go:346: RECEIVED EST from 3
INFO: 01:44:10.921357 messenger.go:270: SENT EST to 8
INFO: 01:44:10.922567 messenger.go:346: RECEIVED EST from 8
INFO: 01:44:10.930058 messenger.go:346: RECEIVED EST from 6
INFO: 01:44:10.937295 messenger.go:346: RECEIVED EST from 4
INFO: 01:44:11.028782 messenger.go:270: SENT EST to 7
INFO: 01:44:11.031329 messenger.go:346: RECEIVED EST from 1
INFO: 01:44:11.032027 messenger.go:270: SENT EST to 8
INFO: 01:44:11.032896 messenger.go:270: SENT EST to 0
INFO: 01:44:11.035026 messenger.go:270: SENT EST to 8
INFO: 01:44:11.045770 messenger.go:346: RECEIVED EST from 5
INFO: 01:44:11.046384 messenger.go:346: RECEIVED EST from 6
INFO: 01:44:11.046445 messenger.go:270: SENT EST to 9
INFO: 01:44:11.046612 messenger.go:346: RECEIVED EST from 7
INFO: 01:44:11.052993 messenger.go:346: RECEIVED EST from 4
INFO: 01:44:11.055670 messenger.go:346: RECEIVED EST from 8
INFO: 01:44:11.056245 messenger.go:346: RECEIVED EST from 9
INFO: 01:44:11.057672 messenger.go:346: RECEIVED EST from 0
INFO: 01:44:11.059049 messenger.go:346: RECEIVED EST from 1
INFO: 01:44:11.066176 messenger.go:270: SENT EST to 9
INFO: 01:44:11.068796 messenger.go:346: RECEIVED EST from 3
INFO: 01:44:11.068991 messenger.go:270: SENT EST to 9
INFO: 01:44:11.069188 messenger.go:346: RECEIVED EST from 0
INFO: 01:44:11.070389 messenger.go:346: RECEIVED EST from 5
INFO: 01:44:11.071475 messenger.go:346: RECEIVED EST from 4
INFO: 01:44:11.072039 messenger.go:270: SENT EST to 3
INFO: 01:44:11.072261 messenger.go:270: SENT EST to 0
INFO: 01:44:11.074046 messenger.go:270: SENT EST to 0
INFO: 01:44:11.074768 messenger.go:346: RECEIVED EST from 0
INFO: 01:44:11.074867 messenger.go:270: SENT EST to 4
INFO: 01:44:11.075522 messenger.go:346: RECEIVED EST from 9
INFO: 01:44:11.076584 messenger.go:270: SENT EST to 8
INFO: 01:44:11.077933 messenger.go:346: RECEIVED EST from 7
INFO: 01:44:11.082875 messenger.go:346: RECEIVED EST from 6
INFO: 01:44:11.084702 messenger.go:346: RECEIVED EST from 7
INFO: 01:44:11.087168 messenger.go:270: SENT EST to 5
INFO: 01:44:11.087543 messenger.go:346: RECEIVED EST from 5
INFO: 01:44:11.088841 messenger.go:270: SENT EST to 1
INFO: 01:44:11.089108 messenger.go:270: SENT EST to 1
INFO: 01:44:11.089265 messenger.go:270: SENT EST to 1
INFO: 01:44:11.090783 messenger.go:270: SENT EST to 3
INFO: 01:44:11.090947 messenger.go:270: SENT EST to 4
INFO: 01:44:11.093166 messenger.go:270: SENT EST to 4
INFO: 01:44:11.093319 messenger.go:270: SENT EST to 3
INFO: 01:44:11.098454 messenger.go:346: RECEIVED EST from 7
INFO: 01:44:11.104175 messenger.go:270: SENT EST to 6
INFO: 01:44:11.112743 messenger.go:270: SENT EST to 0
INFO: 01:44:11.112794 messenger.go:270: SENT EST to 6
INFO: 01:44:11.112803 messenger.go:270: SENT EST to 7
INFO: 01:44:11.113070 messenger.go:346: RECEIVED EST from 6
INFO: 01:44:11.113532 messenger.go:270: SENT EST to 1
INFO: 01:44:11.114790 messenger.go:270: SENT EST to 5
INFO: 01:44:11.115224 messenger.go:346: RECEIVED EST from 1
INFO: 01:44:11.117494 messenger.go:270: SENT EST to 9
INFO: 01:44:11.118855 messenger.go:346: RECEIVED EST from 1
INFO: 01:44:11.119788 messenger.go:346: RECEIVED EST from 4
INFO: 01:44:11.121206 messenger.go:270: SENT EST to 4
INFO: 01:44:11.129550 messenger.go:346: RECEIVED EST from 8
INFO: 01:44:11.134374 messenger.go:270: SENT EST to 3
INFO: 01:44:11.134530 messenger.go:346: RECEIVED EST from 3
INFO: 01:44:11.138446 messenger.go:346: RECEIVED EST from 9
INFO: 01:44:11.139372 messenger.go:346: RECEIVED EST from 5
INFO: 01:44:11.142411 messenger.go:346: RECEIVED EST from 7
INFO: 01:44:11.142499 messenger.go:270: SENT EST to 6
INFO: 01:44:11.143117 messenger.go:346: RECEIVED EST from 1
INFO: 01:44:11.147052 messenger.go:346: RECEIVED EST from 0
INFO: 01:44:11.147229 messenger.go:346: RECEIVED EST from 6
INFO: 01:44:11.147427 messenger.go:270: SENT EST to 7
INFO: 01:44:11.147827 messenger.go:270: SENT EST to 5
INFO: 01:44:11.153550 messenger.go:346: RECEIVED EST from 9
INFO: 01:44:11.155485 messenger.go:270: SENT EST to 5
INFO: 01:44:11.159491 messenger.go:270: SENT EST to 8
INFO: 01:44:11.168352 messenger.go:346: RECEIVED EST from 8
INFO: 01:44:11.169656 messenger.go:346: RECEIVED EST from 5
INFO: 01:44:11.170070 messenger.go:346: RECEIVED EST from 1
INFO: 01:44:11.170528 messenger.go:346: RECEIVED EST from 4
INFO: 01:44:11.170951 messenger.go:346: RECEIVED EST from 0
INFO: 01:44:11.172835 messenger.go:270: SENT EST to 4
INFO: 01:44:11.172870 messenger.go:270: SENT EST to 0
INFO: 01:44:11.172781 messenger.go:270: SENT EST to 1
INFO: 01:44:11.173300 messenger.go:270: SENT EST to 5
INFO: 01:44:11.176491 messenger.go:346: RECEIVED EST from 3
INFO: 01:44:11.180194 messenger.go:270: SENT EST to 8
INFO: 01:44:11.180669 messenger.go:346: RECEIVED EST from 8
INFO: 01:44:11.181137 messenger.go:270: SENT EST to 3
INFO: 01:44:11.185109 messenger.go:270: SENT EST to 6
INFO: 01:44:11.185343 messenger.go:270: SENT EST to 8
INFO: 01:44:11.185611 messenger.go:270: SENT EST to 7
INFO: 01:44:11.189105 messenger.go:346: RECEIVED EST from 9
INFO: 01:44:11.192978 messenger.go:346: RECEIVED EST from 4
INFO: 01:44:11.194826 messenger.go:270: SENT EST to 9
INFO: 01:44:11.207013 messenger.go:346: RECEIVED EST from 7
INFO: 01:44:11.208652 messenger.go:346: RECEIVED EST from 0
INFO: 01:44:11.208730 messenger.go:270: SENT EST to 6
INFO: 01:44:11.208791 messenger.go:270: SENT EST to 4
INFO: 01:44:11.209289 messenger.go:346: RECEIVED EST from 6
INFO: 01:44:11.209679 messenger.go:270: SENT EST to 1
INFO: 01:44:11.209691 messenger.go:270: SENT EST to 3
INFO: 01:44:11.209692 messenger.go:270: SENT EST to 0
INFO: 01:44:11.210087 messenger.go:346: RECEIVED EST from 1
INFO: 01:44:11.210833 messenger.go:270: SENT EST to 6
INFO: 01:44:11.211693 messenger.go:270: SENT EST to 7
INFO: 01:44:11.211722 messenger.go:270: SENT EST to 5
INFO: 01:44:11.213431 messenger.go:346: RECEIVED EST from 3
INFO: 01:44:11.213803 messenger.go:346: RECEIVED EST from 5
INFO: 01:44:11.215244 messenger.go:270: SENT EST to 7
INFO: 01:44:11.223179 messenger.go:346: RECEIVED EST from 4
INFO: 01:44:11.224636 messenger.go:270: SENT EST to 8
INFO: 01:44:11.226569 messenger.go:346: RECEIVED EST from 9
INFO: 01:44:11.230484 messenger.go:270: SENT EST to 9
INFO: 01:44:11.235420 messenger.go:270: SENT EST to 1
INFO: 01:44:11.236679 messenger.go:346: RECEIVED EST from 7
INFO: 01:44:11.236802 messenger.go:270: SENT EST to 4
INFO: 01:44:11.236974 messenger.go:346: RECEIVED EST from 1
INFO: 01:44:11.240892 messenger.go:270: SENT EST to 3
INFO: 01:44:11.241944 messenger.go:346: RECEIVED EST from 3
INFO: 01:44:11.242884 messenger.go:346: RECEIVED EST from 5
INFO: 01:44:11.242936 messenger.go:270: SENT EST to 7
INFO: 01:44:11.243554 messenger.go:270: SENT EST to 5
INFO: 01:44:11.245729 messenger.go:346: RECEIVED EST from 8
INFO: 01:44:11.246945 messenger.go:270: SENT EST to 8
INFO: 01:44:11.249995 messenger.go:346: RECEIVED EST from 4
INFO: 01:44:11.254442 messenger.go:270: SENT EST to 9
INFO: 01:44:11.257461 messenger.go:346: RECEIVED EST from 6
INFO: 01:44:11.259179 messenger.go:346: RECEIVED EST from 5
INFO: 01:44:11.259998 messenger.go:270: SENT EST to 9
INFO: 01:44:11.261447 messenger.go:270: SENT EST to 6
INFO: 01:44:11.268078 messenger.go:270: SENT EST to 0
INFO: 01:44:11.270319 messenger.go:346: RECEIVED EST from 1
INFO: 01:44:11.271283 messenger.go:346: RECEIVED EST from 0
INFO: 01:44:11.273150 messenger.go:346: RECEIVED EST from 0
INFO: 01:44:11.274290 messenger.go:346: RECEIVED EST from 4
INFO: 01:44:11.274342 messenger.go:270: SENT EST to 0
INFO: 01:44:11.279446 messenger.go:270: SENT EST to 8
INFO: 01:44:11.281587 messenger.go:346: RECEIVED EST from 4
INFO: 01:44:11.282775 messenger.go:270: SENT EST to 4
INFO: 01:44:11.283529 messenger.go:270: SENT EST to 3
INFO: 01:44:11.284353 messenger.go:270: SENT EST to 9
INFO: 01:44:11.287421 messenger.go:346: RECEIVED EST from 8
INFO: 01:44:11.290630 messenger.go:270: SENT EST to 6
INFO: 01:44:11.291653 messenger.go:346: RECEIVED EST from 0
INFO: 01:44:11.293628 messenger.go:346: RECEIVED EST from 6
INFO: 01:44:11.294794 messenger.go:270: SENT EST to 1
INFO: 01:44:11.298706 messenger.go:270: SENT EST to 5
INFO: 01:44:11.299170 messenger.go:346: RECEIVED EST from 9
INFO: 01:44:11.300424 messenger.go:346: RECEIVED EST from 4
INFO: 01:44:11.300680 messenger.go:346: RECEIVED EST from 5
INFO: 01:44:11.302927 messenger.go:346: RECEIVED EST from 3
INFO: 01:44:11.309194 messenger.go:270: SENT EST to 5
INFO: 01:44:11.309477 messenger.go:270: SENT EST to 3
INFO: 01:44:11.313862 messenger.go:270: SENT EST to 9
INFO: 01:44:11.314999 messenger.go:270: SENT EST to 1
INFO: 01:44:11.315944 messenger.go:270: SENT EST to 6
INFO: 01:44:11.316377 messenger.go:346: RECEIVED EST from 7
INFO: 01:44:11.323114 messenger.go:270: SENT EST to 7
INFO: 01:44:11.323583 messenger.go:346: RECEIVED EST from 3
INFO: 01:44:11.323767 messenger.go:346: RECEIVED EST from 6
INFO: 01:44:11.323905 messenger.go:346: RECEIVED EST from 5
INFO: 01:44:11.324045 messenger.go:346: RECEIVED EST from 1
INFO: 01:44:11.335507 messenger.go:346: RECEIVED EST from 9
INFO: 01:44:11.338799 messenger.go:270: SENT EST to 0
INFO: 01:44:11.339547 messenger.go:270: SENT EST to 8
INFO: 01:44:11.339756 messenger.go:270: SENT EST to 4
INFO: 01:44:11.370885 messenger.go:346: RECEIVED EST from 8
INFO: 01:44:11.371486 messenger.go:346: RECEIVED EST from 7
INFO: 01:44:11.385901 messenger.go:346: RECEIVED EST from 1
INFO: 01:44:11.386248 messenger.go:346: RECEIVED EST from 3
INFO: 01:44:11.420843 messenger.go:270: SENT EST to 9
INFO: 01:44:11.421105 messenger.go:270: SENT EST to 6
INFO: 01:44:11.421381 messenger.go:346: RECEIVED EST from 6
INFO: 01:44:11.421502 messenger.go:270: SENT EST to 7
INFO: 01:44:11.426948 messenger.go:270: SENT EST to 0
INFO: 01:44:11.427059 messenger.go:270: SENT EST to 3
INFO: 01:44:11.438533 messenger.go:346: RECEIVED EST from 0
INFO: 01:44:11.438656 messenger.go:346: RECEIVED EST from 4
INFO: 01:44:11.438701 messenger.go:270: SENT EST to 8
INFO: 01:44:11.438853 messenger.go:346: RECEIVED EST from 7
INFO: 01:44:11.443515 messenger.go:270: SENT EST to 1
INFO: 01:44:11.449992 messenger.go:270: SENT EST to 7
INFO: 01:44:11.451098 messenger.go:346: RECEIVED EST from 8
INFO: 01:44:11.453053 messenger.go:270: SENT EST to 4
INFO: 01:44:11.453318 messenger.go:346: RECEIVED EST from 9
INFO: 01:44:11.453724 messenger.go:346: RECEIVED EST from 5
INFO: 01:44:11.464461 messenger.go:346: RECEIVED EST from 7
INFO: 01:44:11.468157 messenger.go:270: SENT EST to 9
INFO: 01:44:11.468736 messenger.go:346: RECEIVED EST from 1
INFO: 01:44:11.468958 messenger.go:270: SENT EST to 5
INFO: 01:44:11.482253 messenger.go:270: SENT EST to 0
INFO: 01:44:11.484336 messenger.go:270: SENT EST to 8
INFO: 01:44:11.486748 messenger.go:270: SENT EST to 3
INFO: 01:44:11.489068 messenger.go:346: RECEIVED EST from 0
INFO: 01:44:11.492058 messenger.go:346: RECEIVED EST from 4
INFO: 01:44:11.492820 messenger.go:346: RECEIVED EST from 8
INFO: 01:44:11.493035 messenger.go:270: SENT EST to 4
INFO: 01:44:11.493703 messenger.go:346: RECEIVED EST from 6
INFO: 01:44:11.513909 messenger.go:270: SENT EST to 1
INFO: 01:44:11.514266 messenger.go:270: SENT EST to 7
INFO: 01:44:11.514339 messenger.go:270: SENT EST to 6
INFO: 01:44:11.514582 messenger.go:346: RECEIVED EST from 7
INFO: 01:44:11.514960 messenger.go:346: RECEIVED EST from 3
INFO: 01:44:11.532293 messenger.go:346: RECEIVED EST from 1
INFO: 01:44:11.562167 messenger.go:270: SENT EST to 5
INFO: 01:44:11.562341 messenger.go:270: SENT EST to 8
INFO: 01:44:11.563074 messenger.go:270: SENT EST to 9
INFO: 01:44:11.563310 messenger.go:346: RECEIVED EST from 0
INFO: 01:44:11.565127 messenger.go:270: SENT EST to 1
INFO: 01:44:11.565674 messenger.go:346: RECEIVED EST from 6
INFO: 01:44:11.569087 messenger.go:270: SENT EST to 0
INFO: 01:44:11.579001 messenger.go:346: RECEIVED EST from 4
INFO: 01:44:11.579200 messenger.go:346: RECEIVED EST from 8
INFO: 01:44:11.579683 messenger.go:270: SENT EST to 4
INFO: 01:44:11.589632 messenger.go:270: SENT EST to 7
INFO: 01:44:11.590451 messenger.go:346: RECEIVED EST from 3
INFO: 01:44:11.590653 messenger.go:270: SENT EST to 3
INFO: 01:44:11.591344 messenger.go:270: SENT EST to 0
INFO: 01:44:11.592056 messenger.go:270: SENT EST to 8
INFO: 01:44:11.593861 messenger.go:346: RECEIVED EST from 5
INFO: 01:44:11.596009 messenger.go:346: RECEIVED EST from 0
INFO: 01:44:11.596188 messenger.go:346: RECEIVED EST from 4
INFO: 01:44:11.596974 messenger.go:346: RECEIVED EST from 7
INFO: 01:44:11.598981 messenger.go:346: RECEIVED EST from 8
INFO: 01:44:11.599118 messenger.go:346: RECEIVED EST from 9
INFO: 01:44:11.632791 messenger.go:270: SENT EST to 1
INFO: 01:44:11.632967 messenger.go:270: SENT EST to 6
INFO: 01:44:11.633139 messenger.go:346: RECEIVED EST from 3
INFO: 01:44:11.633367 messenger.go:346: RECEIVED EST from 0
INFO: 01:44:11.635462 messenger.go:270: SENT EST to 0
INFO: 01:44:11.646363 messenger.go:346: RECEIVED EST from 1
INFO: 01:44:11.649742 messenger.go:270: SENT EST to 5
INFO: 01:44:11.704247 messenger.go:346: RECEIVED EST from 6
INFO: 01:44:11.704622 messenger.go:346: RECEIVED EST from 1
INFO: 01:44:11.715108 messenger.go:346: RECEIVED EST from 7
INFO: 01:44:11.715519 messenger.go:346: RECEIVED EST from 0
INFO: 01:44:11.715553 messenger.go:270: SENT EST to 3
INFO: 01:44:11.716457 messenger.go:346: RECEIVED EST from 9
INFO: 01:44:11.719804 messenger.go:346: RECEIVED EST from 8
INFO: 01:44:11.719970 messenger.go:346: RECEIVED EST from 9
INFO: 01:44:11.720018 messenger.go:270: SENT EST to 4
INFO: 01:44:11.720199 messenger.go:346: RECEIVED EST from 9
INFO: 01:44:11.720346 messenger.go:346: RECEIVED EST from 6
INFO: 01:44:11.650343 messenger.go:270: SENT EST to 1
INFO: 01:44:11.650346 messenger.go:270: SENT EST to 9
INFO: 01:44:11.721784 messenger.go:346: RECEIVED EST from 4
INFO: 01:44:11.722285 messenger.go:346: RECEIVED EST from 1
INFO: 01:44:11.722844 messenger.go:346: RECEIVED EST from 3
INFO: 01:44:11.723230 messenger.go:270: SENT EST to 4
INFO: 01:44:11.723723 messenger.go:346: RECEIVED EST from 8
INFO: 01:44:11.724921 messenger.go:346: RECEIVED EST from 0
INFO: 01:44:11.725581 messenger.go:270: SENT EST to 0
INFO: 01:44:11.727961 messenger.go:270: SENT EST to 8
INFO: 01:44:11.728029 messenger.go:270: SENT EST to 3
INFO: 01:44:11.728181 messenger.go:346: RECEIVED EST from 3
INFO: 01:44:11.729277 messenger.go:346: RECEIVED EST from 8
INFO: 01:44:11.729483 messenger.go:270: SENT EST to 4
INFO: 01:44:11.731520 messenger.go:270: SENT EST to 9
INFO: 01:44:11.732891 messenger.go:346: RECEIVED EST from 6
INFO: 01:44:11.733976 messenger.go:270: SENT EST to 6
INFO: 01:44:11.734293 messenger.go:270: SENT EST to 1
INFO: 01:44:11.734332 messenger.go:270: SENT EST to 5
INFO: 01:44:11.735166 messenger.go:346: RECEIVED EST from 1
INFO: 01:44:11.735544 messenger.go:346: RECEIVED EST from 5
INFO: 01:44:11.738066 messenger.go:346: RECEIVED EST from 5
INFO: 01:44:11.742993 messenger.go:346: RECEIVED EST from 5
INFO: 01:44:11.743118 messenger.go:270: SENT EST to 6
INFO: 01:44:11.743265 messenger.go:270: SENT EST to 5
INFO: 01:44:11.743807 messenger.go:270: SENT EST to 5
INFO: 01:44:11.752769 messenger.go:270: SENT EST to 3
INFO: 01:44:11.755796 messenger.go:346: RECEIVED EST from 7
INFO: 01:44:11.756333 messenger.go:270: SENT EST to 6
INFO: 01:44:11.758357 messenger.go:270: SENT EST to 7
INFO: 01:44:11.762826 messenger.go:270: SENT EST to 7
INFO: 01:44:11.765095 messenger.go:270: SENT EST to 0
INFO: 01:44:11.765606 messenger.go:270: SENT EST to 7
INFO: 01:44:11.767075 messenger.go:270: SENT EST to 7
INFO: 01:44:11.767117 messenger.go:270: SENT EST to 6
INFO: 01:44:11.767230 messenger.go:270: SENT EST to 9
INFO: 01:44:11.768798 messenger.go:346: RECEIVED EST from 6
INFO: 01:44:11.769217 messenger.go:346: RECEIVED EST from 9
INFO: 01:44:11.769279 messenger.go:270: SENT EST to 8
INFO: 01:44:11.769534 messenger.go:270: SENT EST to 8
INFO: 01:44:11.769654 messenger.go:270: SENT EST to 8
INFO: 01:44:11.770509 messenger.go:270: SENT EST to 4
INFO: 01:44:11.770602 messenger.go:270: SENT EST to 1
INFO: 01:44:11.774465 messenger.go:270: SENT EST to 5
INFO: 01:44:11.775353 messenger.go:346: RECEIVED EST from 3
INFO: 01:44:11.775437 messenger.go:270: SENT EST to 0
INFO: 01:44:11.775572 messenger.go:346: RECEIVED EST from 5
INFO: 01:44:11.776663 messenger.go:270: SENT EST to 3
INFO: 01:44:11.795733 messenger.go:346: RECEIVED EST from 0
INFO: 01:44:11.795894 messenger.go:346: RECEIVED EST from 7
INFO: 01:44:11.796051 messenger.go:346: RECEIVED EST from 9
INFO: 01:44:11.796594 messenger.go:346: RECEIVED EST from 7
INFO: 01:44:11.796646 messenger.go:270: SENT EST to 9
INFO: 01:44:11.797414 messenger.go:346: RECEIVED EST from 6
INFO: 01:44:11.797563 messenger.go:346: RECEIVED EST from 1
INFO: 01:44:11.800409 messenger.go:270: SENT EST to 3
INFO: 01:44:11.800694 messenger.go:270: SENT EST to 0
INFO: 01:44:11.800886 messenger.go:346: RECEIVED EST from 3
INFO: 01:44:11.801846 messenger.go:270: SENT EST to 1
INFO: 01:44:11.803943 messenger.go:346: RECEIVED EST from 0
INFO: 01:44:11.804495 messenger.go:270: SENT EST to 7
INFO: 01:44:11.807467 messenger.go:346: RECEIVED EST from 8
INFO: 01:44:11.809570 messenger.go:346: RECEIVED EST from 1
INFO: 01:44:11.812003 messenger.go:346: RECEIVED EST from 5
INFO: 01:44:11.812477 messenger.go:270: SENT EST to 5
INFO: 01:44:11.814884 messenger.go:270: SENT EST to 1
INFO: 01:44:11.829532 messenger.go:270: SENT EST to 9
INFO: 01:44:11.829594 messenger.go:270: SENT EST to 3
INFO: 01:44:11.829726 messenger.go:346: RECEIVED EST from 9
INFO: 01:44:11.829865 messenger.go:346: RECEIVED EST from 5
INFO: 01:44:11.833582 messenger.go:346: RECEIVED EST from 6
INFO: 01:44:11.834314 messenger.go:346: RECEIVED EST from 4
INFO: 01:44:11.834417 messenger.go:270: SENT EST to 0
INFO: 01:44:11.834532 messenger.go:346: RECEIVED EST from 0
INFO: 01:44:11.834577 messenger.go:270: SENT EST to 6
INFO: 01:44:11.837159 messenger.go:346: RECEIVED EST from 3
INFO: 01:44:11.837173 messenger.go:270: SENT EST to 8
INFO: 01:44:11.847512 messenger.go:346: RECEIVED EST from 7
INFO: 01:44:11.849004 messenger.go:270: SENT EST to 1
INFO: 01:44:11.849129 messenger.go:346: RECEIVED EST from 4
INFO: 01:44:11.849280 messenger.go:346: RECEIVED EST from 9
INFO: 01:44:11.851544 messenger.go:346: RECEIVED EST from 1
INFO: 01:44:11.852399 messenger.go:270: SENT EST to 4
INFO: 01:44:11.856093 messenger.go:270: SENT EST to 9
INFO: 01:44:11.856544 messenger.go:346: RECEIVED EST from 1
INFO: 01:44:11.862984 messenger.go:270: SENT EST to 0
INFO: 01:44:11.863159 messenger.go:346: RECEIVED EST from 6
INFO: 01:44:11.863940 messenger.go:346: RECEIVED EST from 7
INFO: 01:44:11.864368 messenger.go:346: RECEIVED EST from 0
INFO: 01:44:11.864425 messenger.go:270: SENT EST to 6
INFO: 01:44:11.865090 messenger.go:346: RECEIVED EST from 8
INFO: 01:44:11.869191 messenger.go:270: SENT EST to 9
INFO: 01:44:11.869229 messenger.go:270: SENT EST to 7
INFO: 01:44:11.874742 messenger.go:270: SENT EST to 8
INFO: 01:44:11.881186 messenger.go:270: SENT EST to 5
INFO: 01:44:11.881406 messenger.go:346: RECEIVED EST from 1
INFO: 01:44:11.881597 messenger.go:346: RECEIVED EST from 5
INFO: 01:44:11.881901 messenger.go:346: RECEIVED EST from 7
INFO: 01:44:11.882943 messenger.go:346: RECEIVED EST from 9
INFO: 01:44:11.883593 messenger.go:346: RECEIVED EST from 0
INFO: 01:44:11.885993 messenger.go:346: RECEIVED EST from 8
INFO: 01:44:11.889271 messenger.go:346: RECEIVED EST from 3
INFO: 01:44:11.889536 messenger.go:270: SENT EST to 3
INFO: 01:44:11.891918 messenger.go:270: SENT EST to 1
INFO: 01:44:11.894561 messenger.go:270: SENT EST to 4
INFO: 01:44:11.901998 messenger.go:346: RECEIVED EST from 4
INFO: 01:44:11.902444 messenger.go:346: RECEIVED EST from 8
INFO: 01:44:11.903012 messenger.go:346: RECEIVED EST from 3
INFO: 01:44:11.903142 messenger.go:270: SENT EST to 3
INFO: 01:44:11.906341 messenger.go:270: SENT EST to 7
INFO: 01:44:11.907503 messenger.go:346: RECEIVED EST from 6
INFO: 01:44:11.907733 messenger.go:270: SENT EST to 8
INFO: 01:44:11.909603 messenger.go:270: SENT EST to 6
INFO: 01:44:11.910942 messenger.go:346: RECEIVED EST from 5
INFO: 01:44:11.916538 messenger.go:346: RECEIVED EST from 9
INFO: 01:44:11.916579 messenger.go:270: SENT EST to 4
INFO: 01:44:11.919290 messenger.go:346: RECEIVED EST from 1
INFO: 01:44:11.916675 messenger.go:346: RECEIVED EST from 0
INFO: 01:44:11.918188 messenger.go:346: RECEIVED EST from 7
INFO: 01:44:11.925014 messenger.go:346: RECEIVED EST from 8
INFO: 01:44:11.925152 messenger.go:346: RECEIVED EST from 3
INFO: 01:44:11.934405 messenger.go:270: SENT EST to 4
INFO: 01:44:11.934747 messenger.go:270: SENT EST to 9
INFO: 01:44:11.935255 messenger.go:346: RECEIVED EST from 9
INFO: 01:44:11.935329 messenger.go:270: SENT EST to 0
INFO: 01:44:11.938120 messenger.go:346: RECEIVED EST from 0
INFO: 01:44:11.938313 messenger.go:346: RECEIVED EST from 6
INFO: 01:44:11.943185 messenger.go:346: RECEIVED EST from 3
INFO: 01:44:11.949213 messenger.go:270: SENT EST to 1
INFO: 01:44:11.952395 messenger.go:270: SENT EST to 5
INFO: 01:44:11.956509 messenger.go:346: RECEIVED EST from 6
INFO: 01:44:11.956720 messenger.go:346: RECEIVED EST from 7
INFO: 01:44:11.963699 messenger.go:346: RECEIVED EST from 3
INFO: 01:44:11.964874 messenger.go:346: RECEIVED EST from 4
INFO: 01:44:11.965320 messenger.go:270: SENT EST to 4
INFO: 01:44:11.965464 messenger.go:346: RECEIVED EST from 9
INFO: 01:44:11.965609 messenger.go:346: RECEIVED EST from 5
INFO: 01:44:11.965668 messenger.go:270: SENT EST to 5
INFO: 01:44:11.966948 messenger.go:346: RECEIVED EST from 1
INFO: 01:44:11.967571 messenger.go:270: SENT EST to 7
INFO: 01:44:11.976206 messenger.go:270: SENT EST to 9
INFO: 01:44:11.976270 messenger.go:270: SENT EST to 5
INFO: 01:44:11.976276 messenger.go:270: SENT EST to 1
INFO: 01:44:11.976518 messenger.go:346: RECEIVED EST from 4
INFO: 01:44:11.981357 messenger.go:270: SENT EST to 6
INFO: 01:44:11.981521 messenger.go:270: SENT EST to 0
INFO: 01:44:11.982939 messenger.go:346: RECEIVED EST from 7
INFO: 01:44:11.983134 messenger.go:346: RECEIVED EST from 6
INFO: 01:44:11.983741 messenger.go:346: RECEIVED EST from 0
INFO: 01:44:11.984342 messenger.go:346: RECEIVED EST from 8
INFO: 01:44:11.990095 messenger.go:270: SENT EST to 8
INFO: 01:44:11.990682 messenger.go:270: SENT EST to 6
INFO: 01:44:11.992774 messenger.go:270: SENT EST to 7
INFO: 01:44:12.002491 messenger.go:346: RECEIVED EST from 7
INFO: 01:44:12.002873 messenger.go:270: SENT EST to 8
INFO: 01:44:12.002922 messenger.go:270: SENT EST to 0
INFO: 01:44:12.004146 messenger.go:270: SENT EST to 9
INFO: 01:44:12.004317 messenger.go:346: RECEIVED EST from 9
INFO: 01:44:12.005271 messenger.go:346: RECEIVED EST from 6
INFO: 01:44:12.006248 messenger.go:270: SENT EST to 3
INFO: 01:44:12.009913 messenger.go:270: SENT EST to 6
INFO: 01:44:12.011095 messenger.go:270: SENT EST to 8
INFO: 01:44:12.017015 messenger.go:346: RECEIVED EST from 8
INFO: 01:44:12.014297 messenger.go:270: SENT EST to 7
INFO: 01:44:12.017814 messenger.go:346: RECEIVED EST from 7
INFO: 01:44:12.013743 messenger.go:346: RECEIVED EST from 5
INFO: 01:44:12.014185 messenger.go:346: RECEIVED EST from 8
INFO: 01:44:12.015662 messenger.go:270: SENT EST to 0
INFO: 01:44:12.014456 messenger.go:270: SENT EST to 1
INFO: 01:44:12.016836 messenger.go:270: SENT EST to 5
INFO: 01:44:12.017028 messenger.go:270: SENT EST to 9
INFO: 01:44:12.032462 messenger.go:270: SENT EST to 1
INFO: 01:44:12.033102 messenger.go:346: RECEIVED EST from 5
INFO: 01:44:12.033563 messenger.go:346: RECEIVED EST from 9
INFO: 01:44:12.050009 messenger.go:346: RECEIVED EST from 5
INFO: 01:44:12.047520 messenger.go:346: RECEIVED EST from 1
INFO: 01:44:12.033576 messenger.go:270: SENT EST to 3
INFO: 01:44:12.053098 messenger.go:346: RECEIVED EST from 7
INFO: 01:44:12.035328 messenger.go:346: RECEIVED EST from 4
INFO: 01:44:12.047358 messenger.go:270: SENT EST to 4
INFO: 01:44:12.058889 messenger.go:270: SENT EST to 6
INFO: 01:44:12.058962 messenger.go:270: SENT EST to 7
INFO: 01:44:12.059358 messenger.go:270: SENT EST to 1
INFO: 01:44:12.059501 messenger.go:270: SENT EST to 9
INFO: 01:44:12.059678 messenger.go:346: RECEIVED EST from 1
INFO: 01:44:12.048144 messenger.go:346: RECEIVED EST from 8
INFO: 01:44:12.048025 messenger.go:346: RECEIVED EST from 0
INFO: 01:44:12.048269 messenger.go:346: RECEIVED EST from 9
INFO: 01:44:12.048946 messenger.go:346: RECEIVED EST from 6
INFO: 01:44:12.059982 messenger.go:270: SENT EST to 0
INFO: 01:44:12.060306 messenger.go:346: RECEIVED EST from 3
INFO: 01:44:12.061118 messenger.go:270: SENT EST to 3
INFO: 01:44:12.064258 messenger.go:270: SENT EST to 4
INFO: 01:44:12.064467 messenger.go:270: SENT EST to 4
INFO: 01:44:12.064625 messenger.go:346: RECEIVED EST from 8
INFO: 01:44:12.065688 messenger.go:270: SENT EST to 5
INFO: 01:44:12.066121 messenger.go:270: SENT EST to 8
INFO: 01:44:12.077375 messenger.go:346: RECEIVED EST from 6
INFO: 01:44:12.077997 messenger.go:270: SENT EST to 6
INFO: 01:44:12.078283 messenger.go:346: RECEIVED EST from 7
INFO: 01:44:12.079947 messenger.go:346: RECEIVED EST from 0
INFO: 01:44:12.080050 messenger.go:270: SENT EST to 0
INFO: 01:44:12.080118 messenger.go:270: SENT EST to 8
INFO: 01:44:12.080309 messenger.go:346: RECEIVED EST from 1
INFO: 01:44:12.081574 messenger.go:270: SENT EST to 7
INFO: 01:44:12.084481 messenger.go:270: SENT EST to 9
INFO: 01:44:12.084539 messenger.go:270: SENT EST to 5
INFO: 01:44:12.084701 messenger.go:346: RECEIVED EST from 9
INFO: 01:44:12.084739 messenger.go:270: SENT EST to 1
INFO: 01:44:12.085004 messenger.go:346: RECEIVED EST from 5
INFO: 01:44:12.086056 messenger.go:346: RECEIVED EST from 3
INFO: 01:44:12.089693 messenger.go:270: SENT EST to 3
INFO: 01:44:12.097407 messenger.go:346: RECEIVED EST from 1
INFO: 01:44:12.097998 messenger.go:346: RECEIVED EST from 5
INFO: 01:44:12.098757 messenger.go:346: RECEIVED EST from 4
INFO: 01:44:12.104715 messenger.go:270: SENT EST to 0
INFO: 01:44:12.106941 messenger.go:270: SENT EST to 8
INFO: 01:44:12.107047 messenger.go:270: SENT EST to 7
INFO: 01:44:12.107227 messenger.go:346: RECEIVED EST from 8
INFO: 01:44:12.107335 messenger.go:270: SENT EST to 5
INFO: 01:44:12.107436 messenger.go:270: SENT EST to 6
INFO: 01:44:12.107940 messenger.go:270: SENT EST to 9
INFO: 01:44:12.108487 messenger.go:270: SENT EST to 1
INFO: 01:44:12.129848 messenger.go:270: SENT EST to 4
INFO: 01:44:12.130052 messenger.go:346: RECEIVED EST from 6
INFO: 01:44:12.138543 messenger.go:346: RECEIVED EST from 8
INFO: 01:44:12.138746 messenger.go:346: RECEIVED EST from 4
INFO: 01:44:12.151699 messenger.go:346: RECEIVED EST from 3
INFO: 01:44:12.152563 messenger.go:270: SENT EST to 3
INFO: 01:44:12.156827 messenger.go:346: RECEIVED EST from 9
INFO: 01:44:12.156986 messenger.go:346: RECEIVED EST from 1
INFO: 01:44:12.157125 messenger.go:346: RECEIVED EST from 0
INFO: 01:44:12.157257 messenger.go:346: RECEIVED EST from 7
INFO: 01:44:12.166194 messenger.go:270: SENT EST to 3
INFO: 01:44:12.166675 messenger.go:346: RECEIVED EST from 4
INFO: 01:44:12.166818 messenger.go:270: SENT EST to 0
INFO: 01:44:12.168069 messenger.go:270: SENT EST to 8
INFO: 01:44:12.176099 messenger.go:346: RECEIVED EST from 3
INFO: 01:44:12.176181 messenger.go:270: SENT EST to 7
INFO: 01:44:12.176405 messenger.go:346: RECEIVED EST from 1
INFO: 01:44:12.176803 messenger.go:346: RECEIVED EST from 8
INFO: 01:44:12.177100 messenger.go:346: RECEIVED EST from 0
INFO: 01:44:12.177436 messenger.go:270: SENT EST to 1
INFO: 01:44:12.177592 messenger.go:270: SENT EST to 3
INFO: 01:44:12.179073 messenger.go:270: SENT EST to 9
INFO: 01:44:12.179234 messenger.go:270: SENT EST to 5
INFO: 01:44:12.179378 messenger.go:346: RECEIVED EST from 5
INFO: 01:44:12.186357 messenger.go:346: RECEIVED EST from 9
INFO: 01:44:12.196164 messenger.go:346: RECEIVED EST from 7
INFO: 01:44:12.196550 messenger.go:346: RECEIVED EST from 3
INFO: 01:44:12.196670 messenger.go:270: SENT EST to 3
INFO: 01:44:12.196763 messenger.go:270: SENT EST to 6
INFO: 01:44:12.197155 messenger.go:270: SENT EST to 4
INFO: 01:44:12.201262 messenger.go:346: RECEIVED EST from 0
INFO: 01:44:12.201480 messenger.go:346: RECEIVED EST from 4
INFO: 01:44:12.206482 messenger.go:346: RECEIVED EST from 8
INFO: 01:44:12.206678 messenger.go:346: RECEIVED EST from 1
INFO: 01:44:12.207133 messenger.go:346: RECEIVED EST from 6
INFO: 01:44:12.209772 messenger.go:270: SENT EST to 7
INFO: 01:44:12.209860 messenger.go:270: SENT EST to 6
INFO: 01:44:12.209886 messenger.go:270: SENT EST to 0
INFO: 01:44:12.210774 messenger.go:270: SENT EST to 8
INFO: 01:44:12.211133 messenger.go:270: SENT EST to 5
INFO: 01:44:12.211466 messenger.go:270: SENT EST to 9
INFO: 01:44:12.221568 messenger.go:270: SENT EST to 3
INFO: 01:44:12.221740 messenger.go:346: RECEIVED EST from 6
INFO: 01:44:12.221936 messenger.go:346: RECEIVED EST from 7
INFO: 01:44:12.223774 messenger.go:346: RECEIVED EST from 5
INFO: 01:44:12.233952 messenger.go:270: SENT EST to 4
INFO: 01:44:12.236483 messenger.go:270: SENT EST to 0
INFO: 01:44:12.236672 messenger.go:346: RECEIVED EST from 9
INFO: 01:44:12.237149 messenger.go:270: SENT EST to 8
INFO: 01:44:12.237703 messenger.go:270: SENT EST to 5
INFO: 01:44:12.238683 messenger.go:346: RECEIVED EST from 0
INFO: 01:44:12.238796 messenger.go:270: SENT EST to 9
INFO: 01:44:12.246949 messenger.go:346: RECEIVED EST from 4
INFO: 01:44:12.248583 messenger.go:270: SENT EST to 1
INFO: 01:44:12.248660 messenger.go:270: SENT EST to 6
INFO: 01:44:12.248798 messenger.go:346: RECEIVED EST from 3
INFO: 01:44:12.249374 messenger.go:346: RECEIVED EST from 1
INFO: 01:44:12.250852 messenger.go:346: RECEIVED EST from 6
INFO: 01:44:12.251010 messenger.go:346: RECEIVED EST from 7
INFO: 01:44:12.251290 messenger.go:270: SENT EST to 1
INFO: 01:44:12.251395 messenger.go:346: RECEIVED EST from 8
INFO: 01:44:12.251607 messenger.go:270: SENT EST to 7
INFO: 01:44:12.262981 messenger.go:346: RECEIVED EST from 7
INFO: 01:44:12.263620 messenger.go:346: RECEIVED EST from 6
INFO: 01:44:12.265799 messenger.go:346: RECEIVED EST from 3
INFO: 01:44:12.265914 messenger.go:270: SENT EST to 3
INFO: 01:44:12.269249 messenger.go:346: RECEIVED EST from 7
INFO: 01:44:12.269514 messenger.go:346: RECEIVED EST from 1
INFO: 01:44:12.272253 messenger.go:346: RECEIVED EST from 5
INFO: 01:44:12.272477 messenger.go:346: RECEIVED EST from 9
INFO: 01:44:12.283299 messenger.go:346: RECEIVED EST from 3
INFO: 01:44:12.283481 messenger.go:270: SENT EST to 4
INFO: 01:44:12.295167 messenger.go:346: RECEIVED EST from 0
INFO: 01:44:12.295458 messenger.go:346: RECEIVED EST from 4
INFO: 01:44:12.296522 messenger.go:346: RECEIVED EST from 7
INFO: 01:44:12.296673 messenger.go:346: RECEIVED EST from 6
INFO: 01:44:12.297252 messenger.go:346: RECEIVED EST from 3
INFO: 01:44:12.297390 messenger.go:270: SENT EST to 3
INFO: 01:44:12.297454 messenger.go:270: SENT EST to 6
INFO: 01:44:12.297470 messenger.go:270: SENT EST to 7
INFO: 01:44:12.303279 messenger.go:270: SENT EST to 8
INFO: 01:44:12.303359 messenger.go:270: SENT EST to 0
INFO: 01:44:12.304608 messenger.go:270: SENT EST to 4
INFO: 01:44:12.304805 messenger.go:346: RECEIVED EST from 8
INFO: 01:44:12.306766 messenger.go:270: SENT EST to 4
INFO: 01:44:12.307153 messenger.go:270: SENT EST to 9
INFO: 01:44:12.307182 messenger.go:270: SENT EST to 5
INFO: 01:44:12.316812 messenger.go:270: SENT EST to 4
INFO: 01:44:12.317433 messenger.go:270: SENT EST to 7
INFO: 01:44:12.321896 messenger.go:270: SENT EST to 6
INFO: 01:44:12.322427 messenger.go:270: SENT EST to 9
INFO: 01:44:12.322479 messenger.go:270: SENT EST to 0
INFO: 01:44:12.322663 messenger.go:270: SENT EST to 5
INFO: 01:44:12.323702 messenger.go:270: SENT EST to 5
INFO: 01:44:12.327796 messenger.go:270: SENT EST to 8
INFO: 01:44:12.332985 messenger.go:270: SENT EST to 7
INFO: 01:44:12.333618 messenger.go:270: SENT EST to 8
INFO: 01:44:12.333706 messenger.go:270: SENT EST to 6
INFO: 01:44:12.336634 messenger.go:270: SENT EST to 1
INFO: 01:44:12.336922 messenger.go:346: RECEIVED EST from 1
INFO: 01:44:12.345287 messenger.go:346: RECEIVED EST from 8
INFO: 01:44:12.347901 messenger.go:346: RECEIVED EST from 7
INFO: 01:44:12.348419 messenger.go:270: SENT EST to 8
INFO: 01:44:12.348489 messenger.go:270: SENT EST to 0
INFO: 01:44:12.348549 messenger.go:270: SENT EST to 1
INFO: 01:44:12.348619 messenger.go:270: SENT EST to 9
INFO: 01:44:12.348814 messenger.go:270: SENT EST to 3
INFO: 01:44:12.349249 messenger.go:346: RECEIVED EST from 6
INFO: 01:44:12.355522 messenger.go:346: RECEIVED EST from 6
INFO: 01:44:12.355615 messenger.go:270: SENT EST to 1
INFO: 01:44:12.355996 messenger.go:346: RECEIVED EST from 7
INFO: 01:44:12.356164 messenger.go:346: RECEIVED EST from 8
INFO: 01:44:12.356300 messenger.go:346: RECEIVED EST from 9
INFO: 01:44:12.356642 messenger.go:270: SENT EST to 9
INFO: 01:44:12.356746 messenger.go:270: SENT EST to 5
INFO: 01:44:12.356891 messenger.go:346: RECEIVED EST from 0
INFO: 01:44:12.357027 messenger.go:346: RECEIVED EST from 5
INFO: 01:44:12.357189 messenger.go:270: SENT EST to 6
INFO: 01:44:12.357398 messenger.go:270: SENT EST to 3
INFO: 01:44:12.357456 messenger.go:270: SENT EST to 7
INFO: 01:44:12.367842 messenger.go:346: RECEIVED EST from 6
INFO: 01:44:12.368266 messenger.go:346: RECEIVED EST from 7
INFO: 01:44:12.368330 messenger.go:270: SENT EST to 0
INFO: 01:44:12.371404 messenger.go:270: SENT EST to 3
INFO: 01:44:12.375993 messenger.go:346: RECEIVED EST from 0
INFO: 01:44:12.376772 messenger.go:270: SENT EST to 1
INFO: 01:44:12.377504 messenger.go:346: RECEIVED EST from 1
INFO: 01:44:12.378525 messenger.go:346: RECEIVED EST from 3
INFO: 01:44:12.378702 messenger.go:346: RECEIVED EST from 5
INFO: 01:44:12.379116 messenger.go:346: RECEIVED EST from 0
INFO: 01:44:12.382527 messenger.go:270: SENT EST to 4
INFO: 01:44:12.388584 messenger.go:346: RECEIVED EST from 9
INFO: 01:44:12.395329 messenger.go:346: RECEIVED EST from 8
INFO: 01:44:12.401140 messenger.go:346: RECEIVED EST from 3
INFO: 01:44:12.401349 messenger.go:270: SENT EST to 5
INFO: 01:44:12.403145 messenger.go:270: SENT EST to 8
INFO: 01:44:12.405234 messenger.go:346: RECEIVED EST from 0
INFO: 01:44:12.405254 messenger.go:270: SENT EST to 6
INFO: 01:44:12.406479 messenger.go:270: SENT EST to 0
INFO: 01:44:12.407083 messenger.go:270: SENT EST to 3
INFO: 01:44:12.408954 messenger.go:346: RECEIVED EST from 9
INFO: 01:44:12.409117 messenger.go:270: SENT EST to 9
INFO: 01:44:12.412956 messenger.go:346: RECEIVED EST from 6
INFO: 01:44:12.414562 messenger.go:346: RECEIVED EST from 5
INFO: 01:44:12.415553 messenger.go:346: RECEIVED EST from 1
INFO: 01:44:12.416939 messenger.go:346: RECEIVED EST from 3
INFO: 01:44:12.417058 messenger.go:270: SENT EST to 1
INFO: 01:44:12.419707 messenger.go:346: RECEIVED EST from 5
INFO: 01:44:12.424478 messenger.go:270: SENT EST to 7
INFO: 01:44:12.425377 messenger.go:346: RECEIVED EST from 3
INFO: 01:44:12.425582 messenger.go:270: SENT EST to 4
INFO: 01:44:12.427896 messenger.go:346: RECEIVED EST from 4
INFO: 01:44:12.431123 messenger.go:270: SENT EST to 5
INFO: 01:44:12.436927 messenger.go:346: RECEIVED EST from 5
INFO: 01:44:12.437351 messenger.go:346: RECEIVED EST from 8
INFO: 01:44:12.438141 messenger.go:346: RECEIVED EST from 6
INFO: 01:44:12.438272 messenger.go:270: SENT EST to 6
INFO: 01:44:12.438829 messenger.go:270: SENT EST to 8
INFO: 01:44:12.438999 messenger.go:270: SENT EST to 3
INFO: 01:44:12.439331 messenger.go:346: RECEIVED EST from 9
INFO: 01:44:12.439455 messenger.go:270: SENT EST to 9
INFO: 01:44:12.445958 messenger.go:270: SENT EST to 0
INFO: 01:44:12.447783 messenger.go:346: RECEIVED EST from 0
INFO: 01:44:12.450092 messenger.go:270: SENT EST to 4
INFO: 01:44:12.453699 messenger.go:270: SENT EST to 6
INFO: 01:44:12.453901 messenger.go:346: RECEIVED EST from 7
INFO: 01:44:12.454506 messenger.go:270: SENT EST to 5
INFO: 01:44:12.460625 messenger.go:346: RECEIVED EST from 8
INFO: 01:44:12.460799 messenger.go:346: RECEIVED EST from 3
INFO: 01:44:12.462947 messenger.go:346: RECEIVED EST from 1
INFO: 01:44:12.463447 messenger.go:270: SENT EST to 7
INFO: 01:44:12.463855 messenger.go:270: SENT EST to 4
INFO: 01:44:12.465505 messenger.go:346: RECEIVED EST from 4
INFO: 01:44:12.468156 messenger.go:270: SENT EST to 7
INFO: 01:44:12.470520 messenger.go:270: SENT EST to 1
INFO: 01:44:12.470842 messenger.go:270: SENT EST to 5
INFO: 01:44:12.471594 messenger.go:270: SENT EST to 4
INFO: 01:44:12.472266 messenger.go:270: SENT EST to 1
INFO: 01:44:12.472855 messenger.go:270: SENT EST to 7
INFO: 01:44:12.473137 messenger.go:270: SENT EST to 9
INFO: 01:44:12.473248 messenger.go:270: SENT EST to 5
INFO: 01:44:12.473978 messenger.go:346: RECEIVED EST from 5
INFO: 01:44:12.475295 messenger.go:346: RECEIVED EST from 4
INFO: 01:44:12.475544 messenger.go:270: SENT EST to 4
INFO: 01:44:12.476159 messenger.go:270: SENT EST to 0
INFO: 01:44:12.489614 messenger.go:270: SENT EST to 8
INFO: 01:44:12.493044 messenger.go:346: RECEIVED EST from 9
INFO: 01:44:12.493877 messenger.go:346: RECEIVED EST from 8
INFO: 01:44:12.496934 messenger.go:270: SENT EST to 9
INFO: 01:44:12.497972 messenger.go:346: RECEIVED EST from 6
INFO: 01:44:12.498111 messenger.go:346: RECEIVED EST from 0
INFO: 01:44:12.498254 messenger.go:346: RECEIVED EST from 3
INFO: 01:44:12.498297 messenger.go:270: SENT EST to 6
INFO: 01:44:12.500943 messenger.go:346: RECEIVED EST from 5
INFO: 01:44:12.501005 messenger.go:270: SENT EST to 3
INFO: 01:44:12.504707 messenger.go:270: SENT EST to 6
INFO: 01:44:12.505056 messenger.go:270: SENT EST to 3
INFO: 01:44:12.505208 messenger.go:346: RECEIVED EST from 7
INFO: 01:44:12.505707 messenger.go:270: SENT EST to 5
INFO: 01:44:12.505751 messenger.go:270: SENT EST to 6
INFO: 01:44:12.508481 messenger.go:270: SENT EST to 8
INFO: 01:44:12.508817 messenger.go:270: SENT EST to 1
INFO: 01:44:12.523950 messenger.go:346: RECEIVED EST from 1
INFO: 01:44:12.526497 messenger.go:270: SENT EST to 7
INFO: 01:44:12.527822 messenger.go:346: RECEIVED EST from 4
INFO: 01:44:12.538139 messenger.go:270: SENT EST to 4
INFO: 01:44:12.538284 messenger.go:346: RECEIVED EST from 5
INFO: 01:44:12.544363 messenger.go:346: RECEIVED EST from 9
INFO: 01:44:12.546208 messenger.go:346: RECEIVED EST from 3
INFO: 01:44:12.548195 messenger.go:346: RECEIVED EST from 6
INFO: 01:44:12.548378 messenger.go:270: SENT EST to 8
INFO: 01:44:12.549430 messenger.go:270: SENT EST to 0
INFO: 01:44:12.551112 messenger.go:346: RECEIVED EST from 0
INFO: 01:44:12.551162 messenger.go:270: SENT EST to 9
INFO: 01:44:12.552194 messenger.go:346: RECEIVED EST from 8
INFO: 01:44:12.553846 messenger.go:270: SENT EST to 7
INFO: 01:44:12.569066 messenger.go:270: SENT EST to 8
INFO: 01:44:12.569985 messenger.go:270: SENT EST to 5
INFO: 01:44:12.572250 messenger.go:346: RECEIVED EST from 7
INFO: 01:44:12.572660 messenger.go:270: SENT EST to 7
INFO: 01:44:12.572748 messenger.go:270: SENT EST to 3
INFO: 01:44:12.572892 messenger.go:346: RECEIVED EST from 4
INFO: 01:44:12.575387 messenger.go:346: RECEIVED EST from 3
INFO: 01:44:12.575445 messenger.go:270: SENT EST to 4
INFO: 01:44:12.575698 messenger.go:346: RECEIVED EST from 5
INFO: 01:44:12.579044 messenger.go:270: SENT EST to 0
INFO: 01:44:12.580346 messenger.go:346: RECEIVED EST from 6
INFO: 01:44:12.583591 messenger.go:346: RECEIVED EST from 9
INFO: 01:44:12.585396 messenger.go:270: SENT EST to 6
INFO: 01:44:12.587093 messenger.go:270: SENT EST to 1
INFO: 01:44:12.593525 messenger.go:270: SENT EST to 9
INFO: 01:44:12.594181 messenger.go:270: SENT EST to 8
INFO: 01:44:12.595083 messenger.go:270: SENT EST to 0
INFO: 01:44:12.599654 messenger.go:346: RECEIVED EST from 1
INFO: 01:44:12.600396 messenger.go:346: RECEIVED EST from 0
INFO: 01:44:12.600663 messenger.go:270: SENT EST to 6
INFO: 01:44:12.604017 messenger.go:270: SENT EST to 0
INFO: 01:44:12.609721 messenger.go:346: RECEIVED EST from 5
INFO: 01:44:12.610982 messenger.go:270: SENT EST to 5
INFO: 01:44:12.611090 messenger.go:270: SENT EST to 3
INFO: 01:44:12.611154 messenger.go:270: SENT EST to 7
INFO: 01:44:12.611536 messenger.go:270: SENT EST to 9
INFO: 01:44:12.614293 messenger.go:346: RECEIVED EST from 6
INFO: 01:44:12.617743 messenger.go:346: RECEIVED EST from 9
INFO: 01:44:12.619237 messenger.go:270: SENT EST to 4
INFO: 01:44:12.619410 messenger.go:346: RECEIVED EST from 4
INFO: 01:44:12.619803 messenger.go:270: SENT EST to 9
INFO: 01:44:12.622359 messenger.go:270: SENT EST to 0
INFO: 01:44:12.625011 messenger.go:346: RECEIVED EST from 3
INFO: 01:44:12.628571 messenger.go:346: RECEIVED EST from 5
INFO: 01:44:12.631124 messenger.go:346: RECEIVED EST from 7
INFO: 01:44:12.631426 messenger.go:346: RECEIVED EST from 1
INFO: 01:44:12.633510 messenger.go:270: SENT EST to 1
INFO: 01:44:12.636590 messenger.go:270: SENT EST to 5
INFO: 01:44:12.637015 messenger.go:346: RECEIVED EST from 0
INFO: 01:44:12.644944 messenger.go:270: SENT EST to 4
INFO: 01:44:12.645020 messenger.go:270: SENT EST to 8
INFO: 01:44:12.649692 messenger.go:270: SENT EST to 1
INFO: 01:44:12.658293 messenger.go:270: SENT EST to 3
INFO: 01:44:12.659208 messenger.go:346: RECEIVED EST from 8
INFO: 01:44:12.659357 messenger.go:346: RECEIVED EST from 4
INFO: 01:44:12.660358 messenger.go:346: RECEIVED EST from 9
INFO: 01:44:12.661139 messenger.go:346: RECEIVED EST from 3
INFO: 01:44:12.661317 messenger.go:270: SENT EST to 6
INFO: 01:44:12.661382 messenger.go:270: SENT EST to 7
INFO: 01:44:12.661571 messenger.go:346: RECEIVED EST from 0
INFO: 01:44:12.663943 messenger.go:346: RECEIVED EST from 7
INFO: 01:44:12.670779 messenger.go:346: RECEIVED EST from 6
INFO: 01:44:12.671904 messenger.go:270: SENT EST to 3
INFO: 01:44:12.675154 messenger.go:270: SENT EST to 4
INFO: 01:44:12.675302 messenger.go:270: SENT EST to 0
INFO: 01:44:12.676307 messenger.go:270: SENT EST to 8
INFO: 01:44:12.676550 messenger.go:346: RECEIVED EST from 1
INFO: 01:44:12.678046 messenger.go:270: SENT EST to 7
INFO: 01:44:12.680961 messenger.go:270: SENT EST to 9
INFO: 01:44:12.681269 messenger.go:270: SENT EST to 5
INFO: 01:44:12.682042 messenger.go:346: RECEIVED EST from 5
INFO: 01:44:12.685755 messenger.go:270: SENT EST to 1
INFO: 01:44:12.688187 messenger.go:270: SENT EST to 9
INFO: 01:44:12.690419 messenger.go:346: RECEIVED EST from 8
INFO: 01:44:12.691214 messenger.go:270: SENT EST to 5
INFO: 01:44:12.692362 messenger.go:346: RECEIVED EST from 6
INFO: 01:44:12.692557 messenger.go:270: SENT EST to 6
INFO: 01:44:12.697049 messenger.go:346: RECEIVED EST from 9
INFO: 01:44:12.700535 messenger.go:270: SENT EST to 8
INFO: 01:44:12.708561 messenger.go:346: RECEIVED EST from 4
INFO: 01:44:12.713472 messenger.go:270: SENT EST to 4
INFO: 01:44:12.713878 messenger.go:346: RECEIVED EST from 7
INFO: 01:44:12.714358 messenger.go:270: SENT EST to 7
INFO: 01:44:12.715142 messenger.go:346: RECEIVED EST from 3
INFO: 01:44:12.716184 messenger.go:270: SENT EST to 3
INFO: 01:44:12.716461 messenger.go:270: SENT EST to 9
INFO: 01:44:12.717704 messenger.go:270: SENT EST to 0
INFO: 01:44:12.722059 messenger.go:346: RECEIVED EST from 0
INFO: 01:44:12.724161 messenger.go:346: RECEIVED EST from 5
INFO: 01:44:12.724928 messenger.go:346: RECEIVED EST from 1
INFO: 01:44:12.725799 messenger.go:270: SENT EST to 1
INFO: 01:44:12.729804 messenger.go:270: SENT EST to 8
INFO: 01:44:12.731829 messenger.go:270: SENT EST to 0
INFO: 01:44:12.738186 messenger.go:346: RECEIVED EST from 7
INFO: 01:44:12.740255 messenger.go:346: RECEIVED EST from 3
INFO: 01:44:12.740521 messenger.go:346: RECEIVED EST from 0
INFO: 01:44:12.741487 messenger.go:270: SENT EST to 3
INFO: 01:44:12.742112 messenger.go:270: SENT EST to 4
INFO: 01:44:12.744133 messenger.go:270: SENT EST to 6
INFO: 01:44:12.744158 messenger.go:346: RECEIVED EST from 9
INFO: 01:44:12.750388 messenger.go:346: RECEIVED EST from 4
INFO: 01:44:12.757762 messenger.go:346: RECEIVED EST from 8
INFO: 01:44:12.758293 messenger.go:346: RECEIVED EST from 6
INFO: 01:44:12.759183 messenger.go:270: SENT EST to 7
INFO: 01:44:12.760007 messenger.go:270: SENT EST to 0
INFO: 01:44:12.761936 messenger.go:346: RECEIVED EST from 5
INFO: 01:44:12.766219 messenger.go:270: SENT EST to 9
INFO: 01:44:12.769393 messenger.go:270: SENT EST to 5
INFO: 01:44:12.769740 messenger.go:270: SENT EST to 1
INFO: 01:44:12.769868 messenger.go:346: RECEIVED EST from 3
INFO: 01:44:12.771838 messenger.go:346: RECEIVED EST from 9
INFO: 01:44:12.771842 messenger.go:346: RECEIVED EST from 1
INFO: 01:44:12.773692 messenger.go:270: SENT EST to 6
INFO: 01:44:12.779690 messenger.go:346: RECEIVED EST from 4
INFO: 01:44:12.781391 messenger.go:270: SENT EST to 4
INFO: 01:44:12.781640 messenger.go:346: RECEIVED EST from 0
INFO: 01:44:12.782409 messenger.go:270: SENT EST to 3
INFO: 01:44:12.783915 messenger.go:270: SENT EST to 8
INFO: 01:44:12.784040 messenger.go:270: SENT EST to 7
INFO: 01:44:12.789952 messenger.go:346: RECEIVED EST from 8
INFO: 01:44:12.790305 messenger.go:270: SENT EST to 5
INFO: 01:44:12.791267 messenger.go:346: RECEIVED EST from 7
INFO: 01:44:12.794731 messenger.go:346: RECEIVED EST from 6
INFO: 01:44:12.815672 messenger.go:270: SENT EST to 1
INFO: 01:44:12.817766 messenger.go:346: RECEIVED EST from 5
INFO: 01:44:12.820016 messenger.go:346: RECEIVED EST from 4
INFO: 01:44:12.822180 messenger.go:270: SENT EST to 8
INFO: 01:44:12.822688 messenger.go:270: SENT EST to 9
INFO: 01:44:12.823014 messenger.go:270: SENT EST to 6
INFO: 01:44:12.825090 messenger.go:270: SENT EST to 0
INFO: 01:44:12.830716 messenger.go:346: RECEIVED EST from 9
INFO: 01:44:12.830797 messenger.go:346: RECEIVED EST from 1
INFO: 01:44:12.830918 messenger.go:346: RECEIVED EST from 8
INFO: 01:44:12.830945 messenger.go:346: RECEIVED EST from 3
INFO: 01:44:12.832034 messenger.go:346: RECEIVED EST from 7
INFO: 01:44:12.835508 messenger.go:346: RECEIVED EST from 6
INFO: 01:44:12.835917 messenger.go:270: SENT EST to 1
INFO: 01:44:12.836033 messenger.go:346: RECEIVED EST from 0
INFO: 01:44:12.857590 messenger.go:270: SENT EST to 3
INFO: 01:44:12.857687 messenger.go:270: SENT EST to 4
INFO: 01:44:12.857767 messenger.go:270: SENT EST to 6
INFO: 01:44:12.857786 messenger.go:270: SENT EST to 8
INFO: 01:44:12.857802 messenger.go:270: SENT EST to 9
INFO: 01:44:12.858000 messenger.go:346: RECEIVED EST from 8
INFO: 01:44:12.858618 messenger.go:346: RECEIVED EST from 1
INFO: 01:44:12.858939 messenger.go:346: RECEIVED EST from 9
INFO: 01:44:12.865502 messenger.go:346: RECEIVED EST from 4
INFO: 01:44:12.867298 messenger.go:270: SENT EST to 7
INFO: 01:44:12.868128 messenger.go:346: RECEIVED EST from 3
INFO: 01:44:12.868183 messenger.go:270: SENT EST to 1
INFO: 01:44:12.869621 messenger.go:270: SENT EST to 0
INFO: 01:44:12.868296 messenger.go:270: SENT EST to 4
INFO: 01:44:12.868299 messenger.go:270: SENT EST to 5
INFO: 01:44:12.873276 messenger.go:346: RECEIVED EST from 1
INFO: 01:44:12.868300 messenger.go:270: SENT EST to 3
INFO: 01:44:12.877718 messenger.go:346: RECEIVED EST from 6
INFO: 01:44:12.877896 messenger.go:346: RECEIVED EST from 9
INFO: 01:44:12.868304 messenger.go:346: RECEIVED EST from 0
INFO: 01:44:12.868434 messenger.go:346: RECEIVED EST from 6
INFO: 01:44:12.868534 messenger.go:346: RECEIVED EST from 5
INFO: 01:44:12.868786 messenger.go:346: RECEIVED EST from 7
INFO: 01:44:12.869076 messenger.go:346: RECEIVED EST from 8
INFO: 01:44:12.869196 messenger.go:346: RECEIVED EST from 9
INFO: 01:44:12.869392 messenger.go:346: RECEIVED EST from 6
INFO: 01:44:12.887930 messenger.go:270: SENT EST to 5
INFO: 01:44:12.889040 messenger.go:270: SENT EST to 3
INFO: 01:44:12.889233 messenger.go:346: RECEIVED EST from 9
INFO: 01:44:12.889403 messenger.go:346: RECEIVED EST from 7
INFO: 01:44:12.890900 messenger.go:270: SENT EST to 4
INFO: 01:44:12.890997 messenger.go:270: SENT EST to 6
INFO: 01:44:12.892411 messenger.go:270: SENT EST to 7
INFO: 01:44:12.898103 messenger.go:346: RECEIVED EST from 3
INFO: 01:44:12.899863 messenger.go:346: RECEIVED EST from 0
INFO: 01:44:12.900206 messenger.go:346: RECEIVED EST from 4
INFO: 01:44:12.902176 messenger.go:346: RECEIVED EST from 5
INFO: 01:44:12.902461 messenger.go:346: RECEIVED EST from 8
INFO: 01:44:12.902901 messenger.go:270: SENT EST to 8
INFO: 01:44:12.903751 messenger.go:270: SENT EST to 0
INFO: 01:44:12.908161 messenger.go:346: RECEIVED EST from 1
INFO: 01:44:12.908859 messenger.go:270: SENT EST to 9
INFO: 01:44:12.909516 messenger.go:270: SENT EST to 1
INFO: 01:44:12.910129 messenger.go:346: RECEIVED EST from 3
INFO: 01:44:12.910279 messenger.go:346: RECEIVED EST from 6
INFO: 01:44:12.912430 messenger.go:270: SENT EST to 7
INFO: 01:44:12.912599 messenger.go:346: RECEIVED EST from 4
INFO: 01:44:12.914027 messenger.go:270: SENT EST to 6
INFO: 01:44:12.914298 messenger.go:346: RECEIVED EST from 5
INFO: 01:44:12.914540 messenger.go:346: RECEIVED EST from 7
INFO: 01:44:12.926689 messenger.go:270: SENT EST to 5
INFO: 01:44:12.927941 messenger.go:346: RECEIVED EST from 6
INFO: 01:44:12.928499 messenger.go:346: RECEIVED EST from 3
INFO: 01:44:12.928652 messenger.go:270: SENT EST to 0
INFO: 01:44:12.929524 messenger.go:346: RECEIVED EST from 0
INFO: 01:44:12.930099 messenger.go:346: RECEIVED EST from 8
INFO: 01:44:12.930150 messenger.go:270: SENT EST to 8
INFO: 01:44:12.930320 messenger.go:270: SENT EST to 9
INFO: 01:44:12.935146 messenger.go:346: RECEIVED EST from 9
INFO: 01:44:12.935328 messenger.go:270: SENT EST to 1
INFO: 01:44:12.936424 messenger.go:346: RECEIVED EST from 1
INFO: 01:44:12.937032 messenger.go:346: RECEIVED EST from 0
INFO: 01:44:12.944845 messenger.go:270: SENT EST to 4
INFO: 01:44:12.944917 messenger.go:270: SENT EST to 0
INFO: 01:44:12.945057 messenger.go:270: SENT EST to 3
INFO: 01:44:12.945824 messenger.go:346: RECEIVED EST from 4
INFO: 01:44:12.950929 messenger.go:270: SENT EST to 7
INFO: 01:44:12.951268 messenger.go:346: RECEIVED EST from 7
INFO: 01:44:12.952756 messenger.go:346: RECEIVED EST from 3
INFO: 01:44:12.965159 messenger.go:270: SENT EST to 8
INFO: 01:44:12.965297 messenger.go:346: RECEIVED EST from 8
INFO: 01:44:12.965752 messenger.go:270: SENT EST to 6
INFO: 01:44:12.967427 messenger.go:346: RECEIVED EST from 0
INFO: 01:44:12.967641 messenger.go:270: SENT EST to 3
INFO: 01:44:12.967811 messenger.go:346: RECEIVED EST from 4
INFO: 01:44:13.003449 messenger.go:270: SENT EST to 5
INFO: 01:44:13.004079 messenger.go:270: SENT EST to 4
INFO: 01:44:13.005476 messenger.go:270: SENT EST to 9
INFO: 01:44:13.005944 messenger.go:270: SENT EST to 1
INFO: 01:44:13.010074 messenger.go:346: RECEIVED EST from 9
INFO: 01:44:13.010238 messenger.go:346: RECEIVED EST from 5
INFO: 01:44:13.010371 messenger.go:346: RECEIVED EST from 6
INFO: 01:44:13.012216 messenger.go:346: RECEIVED EST from 8
INFO: 01:44:13.012368 messenger.go:346: RECEIVED EST from 1
INFO: 01:44:13.012502 messenger.go:346: RECEIVED EST from 0
INFO: 01:44:13.006009 messenger.go:270: SENT EST to 6
INFO: 01:44:13.006248 messenger.go:346: RECEIVED EST from 3
INFO: 01:44:13.009944 messenger.go:346: RECEIVED EST from 7
INFO: 01:44:13.019359 messenger.go:270: SENT EST to 5
INFO: 01:44:13.020936 messenger.go:346: RECEIVED EST from 0
INFO: 01:44:13.021203 messenger.go:346: RECEIVED EST from 4
INFO: 01:44:13.022642 messenger.go:346: RECEIVED EST from 6
INFO: 01:44:13.023090 messenger.go:346: RECEIVED EST from 5
INFO: 01:44:13.024862 messenger.go:270: SENT EST to 8
INFO: 01:44:13.025184 messenger.go:270: SENT EST to 4
INFO: 01:44:13.026638 messenger.go:270: SENT EST to 0
INFO: 01:44:13.027757 messenger.go:270: SENT EST to 5
INFO: 01:44:13.028060 messenger.go:346: RECEIVED EST from 4
INFO: 01:44:13.029014 messenger.go:270: SENT EST to 3
INFO: 01:44:13.029143 messenger.go:346: RECEIVED EST from 8
INFO: 01:44:13.031088 messenger.go:270: SENT EST to 6
INFO: 01:44:13.042986 messenger.go:346: RECEIVED EST from 6
INFO: 01:44:13.043153 messenger.go:346: RECEIVED EST from 0
INFO: 01:44:13.043480 messenger.go:270: SENT EST to 7
INFO: 01:44:13.043847 messenger.go:270: SENT EST to 1
INFO: 01:44:13.044378 messenger.go:346: RECEIVED EST from 3
INFO: 01:44:13.044525 messenger.go:346: RECEIVED EST from 7
INFO: 01:44:13.044748 messenger.go:346: RECEIVED EST from 1
INFO: 01:44:13.052566 messenger.go:270: SENT EST to 7
INFO: 01:44:13.055960 messenger.go:346: RECEIVED EST from 7
INFO: 01:44:13.058060 messenger.go:346: RECEIVED EST from 5
INFO: 01:44:13.058494 messenger.go:346: RECEIVED EST from 4
INFO: 01:44:13.058861 messenger.go:270: SENT EST to 9
INFO: 01:44:13.066755 messenger.go:270: SENT EST to 4
INFO: 01:44:13.067010 messenger.go:270: SENT EST to 1
INFO: 01:44:13.067153 messenger.go:270: SENT EST to 8
INFO: 01:44:13.067219 messenger.go:270: SENT EST to 6
INFO: 01:44:13.067255 messenger.go:270: SENT EST to 3
INFO: 01:44:13.068294 messenger.go:346: RECEIVED EST from 8
INFO: 01:44:13.079322 messenger.go:270: SENT EST to 7
INFO: 01:44:13.079390 messenger.go:270: SENT EST to 0
INFO: 01:44:13.081147 messenger.go:346: RECEIVED EST from 9
INFO: 01:44:13.082176 messenger.go:346: RECEIVED EST from 5
INFO: 01:44:13.082579 messenger.go:346: RECEIVED EST from 1
INFO: 01:44:13.082638 messenger.go:270: SENT EST to 5
INFO: 01:44:13.086195 messenger.go:270: SENT EST to 1
INFO: 01:44:13.086314 messenger.go:346: RECEIVED EST from 3
INFO: 01:44:13.086454 messenger.go:346: RECEIVED EST from 6
INFO: 01:44:13.086659 messenger.go:346: RECEIVED EST from 0
INFO: 01:44:13.086829 messenger.go:270: SENT EST to 4
INFO: 01:44:13.087014 messenger.go:270: SENT EST to 8
INFO: 01:44:13.087059 messenger.go:270: SENT EST to 3
INFO: 01:44:13.087855 messenger.go:346: RECEIVED EST from 4
INFO: 01:44:13.105567 messenger.go:346: RECEIVED EST from 8
INFO: 01:44:13.105727 messenger.go:346: RECEIVED EST from 5
INFO: 01:44:13.114351 messenger.go:270: SENT EST to 7
INFO: 01:44:13.115026 messenger.go:270: SENT EST to 5
INFO: 01:44:13.115220 messenger.go:346: RECEIVED EST from 1
INFO: 01:44:13.115690 messenger.go:270: SENT EST to 6
INFO: 01:44:13.115904 messenger.go:346: RECEIVED EST from 6
INFO: 01:44:13.116040 messenger.go:270: SENT EST to 9
INFO: 01:44:13.117089 messenger.go:346: RECEIVED EST from 7
INFO: 01:44:13.122717 messenger.go:346: RECEIVED EST from 9
INFO: 01:44:13.123427 messenger.go:346: RECEIVED EST from 3
INFO: 01:44:13.123678 messenger.go:346: RECEIVED EST from 0
INFO: 01:44:13.135285 messenger.go:270: SENT EST to 8
INFO: 01:44:13.137777 messenger.go:346: RECEIVED EST from 4
INFO: 01:44:13.145973 messenger.go:270: SENT EST to 7
INFO: 01:44:13.146274 messenger.go:270: SENT EST to 0
INFO: 01:44:13.148247 messenger.go:270: SENT EST to 6
INFO: 01:44:13.151707 messenger.go:270: SENT EST to 1
INFO: 01:44:13.162537 messenger.go:270: SENT EST to 4
INFO: 01:44:13.162630 messenger.go:346: RECEIVED EST from 8
INFO: 01:44:13.162679 messenger.go:346: RECEIVED EST from 7
INFO: 01:44:13.162741 messenger.go:270: SENT EST to 5
INFO: 01:44:13.162874 messenger.go:270: SENT EST to 3
INFO: 01:44:13.162924 messenger.go:270: SENT EST to 9
INFO: 01:44:13.163089 messenger.go:346: RECEIVED EST from 5
INFO: 01:44:13.163265 messenger.go:346: RECEIVED EST from 1
INFO: 01:44:13.176684 messenger.go:270: SENT EST to 8
INFO: 01:44:13.177082 messenger.go:346: RECEIVED EST from 9
INFO: 01:44:13.177292 messenger.go:346: RECEIVED EST from 6
INFO: 01:44:13.180453 messenger.go:346: RECEIVED EST from 8
INFO: 01:44:13.181506 messenger.go:346: RECEIVED EST from 0
INFO: 01:44:13.183888 messenger.go:270: SENT EST to 8
INFO: 01:44:13.186839 messenger.go:270: SENT EST to 5
INFO: 01:44:13.188354 messenger.go:346: RECEIVED EST from 5
INFO: 01:44:13.188684 messenger.go:346: RECEIVED EST from 9
INFO: 01:44:13.188832 messenger.go:346: RECEIVED EST from 3
INFO: 01:44:13.197930 messenger.go:270: SENT EST to 3
INFO: 01:44:13.198004 messenger.go:270: SENT EST to 4
INFO: 01:44:13.198051 messenger.go:270: SENT EST to 7
INFO: 01:44:13.198192 messenger.go:270: SENT EST to 9
INFO: 01:44:13.202946 messenger.go:270: SENT EST to 1
INFO: 01:44:13.205717 messenger.go:346: RECEIVED EST from 4
INFO: 01:44:13.205777 messenger.go:270: SENT EST to 0
INFO: 01:44:13.205879 messenger.go:346: RECEIVED EST from 0
INFO: 01:44:13.210016 messenger.go:270: SENT EST to 5
INFO: 01:44:13.211756 messenger.go:346: RECEIVED EST from 3
INFO: 01:44:13.211900 messenger.go:346: RECEIVED EST from 7
INFO: 01:44:13.212050 messenger.go:346: RECEIVED EST from 1
INFO: 01:44:13.212187 messenger.go:346: RECEIVED EST from 9
INFO: 01:44:13.214844 messenger.go:270: SENT EST to 9
INFO: 01:44:13.224881 messenger.go:270: SENT EST to 1
INFO: 01:44:13.225100 messenger.go:270: SENT EST to 4
INFO: 01:44:13.233849 messenger.go:270: SENT EST to 6
INFO: 01:44:13.234896 messenger.go:346: RECEIVED EST from 4
INFO: 01:44:13.234920 messenger.go:346: RECEIVED EST from 8
INFO: 01:44:13.235118 messenger.go:346: RECEIVED EST from 6
INFO: 01:44:13.235376 messenger.go:346: RECEIVED EST from 5
INFO: 01:44:13.238768 messenger.go:346: RECEIVED EST from 1
INFO: 01:44:13.240790 messenger.go:346: RECEIVED EST from 7
INFO: 01:44:13.241524 messenger.go:346: RECEIVED EST from 5
INFO: 01:44:13.242297 messenger.go:270: SENT EST to 3
INFO: 01:44:13.242510 messenger.go:346: RECEIVED EST from 3
INFO: 01:44:13.244328 messenger.go:270: SENT EST to 6
INFO: 01:44:13.245416 messenger.go:270: SENT EST to 0
INFO: 01:44:13.245822 messenger.go:270: SENT EST to 6
INFO: 01:44:13.246540 messenger.go:270: SENT EST to 3
INFO: 01:44:13.247435 messenger.go:270: SENT EST to 1
INFO: 01:44:13.248375 messenger.go:270: SENT EST to 7
INFO: 01:44:13.249013 messenger.go:270: SENT EST to 5
INFO: 01:44:13.250011 messenger.go:270: SENT EST to 7
INFO: 01:44:13.255451 messenger.go:270: SENT EST to 8
INFO: 01:44:13.255948 messenger.go:346: RECEIVED EST from 9
INFO: 01:44:13.264262 messenger.go:270: SENT EST to 4
INFO: 01:44:13.264712 messenger.go:346: RECEIVED EST from 8
INFO: 01:44:13.264848 messenger.go:270: SENT EST to 9
INFO: 01:44:13.265213 messenger.go:346: RECEIVED EST from 1
INFO: 01:44:13.265717 messenger.go:346: RECEIVED EST from 0
INFO: 01:44:13.267141 messenger.go:270: SENT EST to 0
INFO: 01:44:13.269784 messenger.go:346: RECEIVED EST from 6
INFO: 01:44:13.271758 messenger.go:346: RECEIVED EST from 3
INFO: 01:44:13.272133 messenger.go:270: SENT EST to 3
INFO: 01:44:13.272550 messenger.go:270: SENT EST to 4
INFO: 01:44:13.273025 messenger.go:270: SENT EST to 6
INFO: 01:44:13.274077 messenger.go:346: RECEIVED EST from 4
INFO: 01:44:13.276211 messenger.go:346: RECEIVED EST from 7
INFO: 01:44:13.277148 messenger.go:270: SENT EST to 1
INFO: 01:44:13.278268 messenger.go:270: SENT EST to 7
INFO: 01:44:13.279342 messenger.go:346: RECEIVED EST from 5
INFO: 01:44:13.282513 messenger.go:270: SENT EST to 5
INFO: 01:44:13.282663 messenger.go:270: SENT EST to 8
INFO: 01:44:13.283984 messenger.go:346: RECEIVED EST from 1
INFO: 01:44:13.284399 messenger.go:346: RECEIVED EST from 7
INFO: 01:44:13.293483 messenger.go:270: SENT EST to 0
INFO: 01:44:13.302059 messenger.go:346: RECEIVED EST from 8
INFO: 01:44:13.302152 messenger.go:270: SENT EST to 8
INFO: 01:44:13.304422 messenger.go:346: RECEIVED EST from 9
INFO: 01:44:13.304503 messenger.go:270: SENT EST to 9
INFO: 01:44:13.309382 messenger.go:346: RECEIVED EST from 3
INFO: 01:44:13.310079 messenger.go:346: RECEIVED EST from 1
INFO: 01:44:13.310274 messenger.go:346: RECEIVED EST from 6
INFO: 01:44:13.312349 messenger.go:270: SENT EST to 1
INFO: 01:44:13.312653 messenger.go:346: RECEIVED EST from 5
INFO: 01:44:13.313346 messenger.go:346: RECEIVED EST from 7
INFO: 01:44:13.314737 messenger.go:346: RECEIVED EST from 4
INFO: 01:44:13.314965 messenger.go:270: SENT EST to 3
INFO: 01:44:13.315004 messenger.go:270: SENT EST to 6
INFO: 01:44:13.315201 messenger.go:270: SENT EST to 4
INFO: 01:44:13.316151 messenger.go:270: SENT EST to 5
INFO: 01:44:13.316849 messenger.go:270: SENT EST to 7
INFO: 01:44:13.319560 messenger.go:346: RECEIVED EST from 3
INFO: 01:44:13.323512 messenger.go:346: RECEIVED EST from 0
INFO: 01:44:13.335095 messenger.go:270: SENT EST to 0
INFO: 01:44:13.338382 messenger.go:346: RECEIVED EST from 7
INFO: 01:44:13.338969 messenger.go:346: RECEIVED EST from 1
INFO: 01:44:13.339231 messenger.go:270: SENT EST to 9
INFO: 01:44:13.342783 messenger.go:270: SENT EST to 8
INFO: 01:44:13.346692 messenger.go:346: RECEIVED EST from 7
INFO: 01:44:13.349691 messenger.go:270: SENT EST to 7
INFO: 01:44:13.349831 messenger.go:346: RECEIVED EST from 8
INFO: 01:44:13.349999 messenger.go:346: RECEIVED EST from 9
INFO: 01:44:13.351767 messenger.go:270: SENT EST to 6
INFO: 01:44:13.352911 messenger.go:270: SENT EST to 3
INFO: 01:44:13.353182 messenger.go:270: SENT EST to 9
INFO: 01:44:13.357709 messenger.go:346: RECEIVED EST from 9
INFO: 01:44:13.357908 messenger.go:346: RECEIVED EST from 4
INFO: 01:44:13.358397 messenger.go:270: SENT EST to 4
INFO: 01:44:13.359220 messenger.go:346: RECEIVED EST from 3
INFO: 01:44:13.359433 messenger.go:270: SENT EST to 9
INFO: 01:44:13.361972 messenger.go:346: RECEIVED EST from 5
INFO: 01:44:13.363779 messenger.go:346: RECEIVED EST from 6
INFO: 01:44:13.364000 messenger.go:270: SENT EST to 5
INFO: 01:44:13.365681 messenger.go:270: SENT EST to 1
INFO: 01:44:13.365921 messenger.go:346: RECEIVED EST from 1
INFO: 01:44:13.390736 messenger.go:270: SENT EST to 8
INFO: 01:44:13.392314 messenger.go:346: RECEIVED EST from 8
INFO: 01:44:13.393392 messenger.go:346: RECEIVED EST from 0
INFO: 01:44:13.394138 messenger.go:346: RECEIVED EST from 5
INFO: 01:44:13.396417 messenger.go:270: SENT EST to 0
INFO: 01:44:13.400036 messenger.go:346: RECEIVED EST from 7
INFO: 01:44:13.433817 messenger.go:270: SENT EST to 9
INFO: 01:44:13.435270 messenger.go:270: SENT EST to 1
INFO: 01:44:13.455160 messenger.go:270: SENT EST to 0
INFO: 01:44:13.457772 messenger.go:346: RECEIVED EST from 5
INFO: 01:44:13.459099 messenger.go:346: RECEIVED EST from 1
INFO: 01:44:13.460682 messenger.go:346: RECEIVED EST from 0
INFO: 01:44:13.460814 messenger.go:270: SENT EST to 5
INFO: 01:44:13.460840 messenger.go:270: SENT EST to 8
INFO: 01:44:13.461003 messenger.go:346: RECEIVED EST from 8
INFO: 01:44:13.468444 messenger.go:346: RECEIVED EST from 3
INFO: 01:44:13.470264 messenger.go:346: RECEIVED EST from 0
INFO: 01:44:13.475190 messenger.go:346: RECEIVED EST from 6
INFO: 01:44:13.482475 messenger.go:270: SENT EST to 3
INFO: 01:44:13.487421 messenger.go:346: RECEIVED EST from 7
INFO: 01:44:13.515669 messenger.go:270: SENT EST to 9
INFO: 01:44:13.527808 messenger.go:270: SENT EST to 6
INFO: 01:44:13.527980 messenger.go:270: SENT EST to 7
INFO: 01:44:13.528257 messenger.go:346: RECEIVED EST from 4
INFO: 01:44:13.528285 messenger.go:346: RECEIVED EST from 9
INFO: 01:44:13.528526 messenger.go:270: SENT EST to 0
INFO: 01:44:13.529686 messenger.go:270: SENT EST to 1
INFO: 01:44:13.531288 messenger.go:270: SENT EST to 4
INFO: 01:44:13.547297 messenger.go:346: RECEIVED EST from 5
INFO: 01:44:13.547438 messenger.go:346: RECEIVED EST from 1
INFO: 01:44:13.550265 messenger.go:346: RECEIVED EST from 0
INFO: 01:44:13.550737 messenger.go:346: RECEIVED EST from 3
INFO: 01:44:13.550947 messenger.go:346: RECEIVED EST from 8
INFO: 01:44:13.560716 messenger.go:270: SENT EST to 3
INFO: 01:44:13.563383 messenger.go:346: RECEIVED EST from 0
INFO: 01:44:13.565060 messenger.go:346: RECEIVED EST from 6
INFO: 01:44:13.565296 messenger.go:346: RECEIVED EST from 7
INFO: 01:44:13.566244 messenger.go:346: RECEIVED EST from 4
INFO: 01:44:13.566328 messenger.go:346: RECEIVED EST from 9
INFO: 01:44:13.567292 messenger.go:270: SENT EST to 0
INFO: 01:44:13.567575 messenger.go:270: SENT EST to 1
INFO: 01:44:13.571899 messenger.go:346: RECEIVED EST from 8
INFO: 01:44:13.567737 messenger.go:346: RECEIVED EST from 5
INFO: 01:44:13.568152 messenger.go:270: SENT EST to 4
INFO: 01:44:13.570737 messenger.go:346: RECEIVED EST from 3
INFO: 01:44:13.568253 messenger.go:346: RECEIVED EST from 1
INFO: 01:44:13.572353 messenger.go:270: SENT EST to 9
INFO: 01:44:13.572593 messenger.go:270: SENT EST to 5
INFO: 01:44:13.573032 messenger.go:270: SENT EST to 8
