INFO: 01:33:34.790638 main.go:29: ID:2 | N:4 | F:1 | Clients:1 | Scenario:NORMAL | Remote:false

INFO: 01:33:34.791662 messenger.go:90: Receive from Server 0 on tcp://*:4200
INFO: 01:33:34.792054 messenger.go:107: Send to Server 0 on tcp://localhost:4002
INFO: 01:33:34.792131 messenger.go:90: Receive from Server 1 on tcp://*:4201
INFO: 01:33:34.792197 messenger.go:107: Send to Server 1 on tcp://localhost:4102
INFO: 01:33:34.792271 messenger.go:90: Receive from Server 3 on tcp://*:4203
INFO: 01:33:34.792338 messenger.go:107: Send to Server 3 on tcp://localhost:4302
INFO: 01:33:34.792372 messenger.go:113: -----------------------------------------
INFO: 01:33:34.792435 messenger.go:135: Requests from Client 0 on tcp://*:7200
INFO: 01:33:34.792495 messenger.go:152: Response to Client 0 on tcp://*:10200
INFO: 01:33:34.792566 messenger.go:155: -----------------------------------------

INFO: 01:33:34.798837 main.go:83: Initial estimate value:  1
INFO: 01:33:34.798921 self-stabilizing-binary-consensus.go:93: round=1 repeat=1
INFO: 01:33:34.798937 self-stabilizing-binary-consensus.go:200: binValues(1,3)={}
INFO: 01:33:34.798980 self-stabilizing-binary-consensus.go:200: binValues(1,2)={}
INFO: 01:33:34.801820 self-stabilizing-binary-consensus.go:141: SEND flag=1 r=1 est={1} aux={}
INFO: 01:33:34.806189 self-stabilizing-binary-consensus.go:433: RECEIVE j=3 flag=1 r=1 est={1} aux={}
INFO: 01:33:34.806293 self-stabilizing-binary-consensus.go:435: est[1][3]={1} aux[1][3]={}
INFO: 01:33:34.811664 self-stabilizing-binary-consensus.go:443: SEND flag=0 r=1 est={1} aux={}
INFO: 01:33:34.812433 self-stabilizing-binary-consensus.go:433: RECEIVE j=1 flag=1 r=1 est={0} aux={}
INFO: 01:33:34.813416 self-stabilizing-binary-consensus.go:435: est[1][1]={0} aux[1][1]={}
INFO: 01:33:34.815545 self-stabilizing-binary-consensus.go:443: SEND flag=0 r=1 est={1} aux={}
INFO: 01:33:34.815664 self-stabilizing-binary-consensus.go:433: RECEIVE j=1 flag=0 r=1 est={0} aux={}
INFO: 01:33:34.815704 self-stabilizing-binary-consensus.go:435: est[1][1]={0} aux[1][1]={}
INFO: 01:33:34.927913 self-stabilizing-binary-consensus.go:433: RECEIVE j=0 flag=1 r=1 est={0} aux={}
INFO: 01:33:34.927986 self-stabilizing-binary-consensus.go:435: est[1][0]={0} aux[1][0]={}
INFO: 01:33:34.929856 self-stabilizing-binary-consensus.go:443: SEND flag=0 r=1 est={1} aux={}
INFO: 01:33:34.950773 self-stabilizing-binary-consensus.go:433: RECEIVE j=0 flag=0 r=1 est={0} aux={}
INFO: 01:33:34.950839 self-stabilizing-binary-consensus.go:435: est[1][0]={0} aux[1][0]={}
INFO: 01:33:34.955548 self-stabilizing-binary-consensus.go:433: RECEIVE j=1 flag=0 r=1 est={0} aux={}
INFO: 01:33:34.955683 self-stabilizing-binary-consensus.go:435: est[1][1]={0} aux[1][1]={}
INFO: 01:33:34.962784 self-stabilizing-binary-consensus.go:433: RECEIVE j=0 flag=0 r=1 est={0} aux={}
INFO: 01:33:34.962857 self-stabilizing-binary-consensus.go:435: est[1][0]={0} aux[1][0]={}
INFO: 01:33:34.963157 self-stabilizing-binary-consensus.go:433: RECEIVE j=3 flag=0 r=1 est={1} aux={}
INFO: 01:33:34.963496 self-stabilizing-binary-consensus.go:435: est[1][3]={1} aux[1][3]={}
INFO: 01:33:34.963509 self-stabilizing-binary-consensus.go:433: RECEIVE j=1 flag=0 r=1 est={0} aux={}
INFO: 01:33:34.963515 self-stabilizing-binary-consensus.go:435: est[1][1]={0} aux[1][1]={}
INFO: 01:33:34.964930 self-stabilizing-binary-consensus.go:433: RECEIVE j=3 flag=0 r=1 est={1} aux={}
INFO: 01:33:34.965042 self-stabilizing-binary-consensus.go:435: est[1][3]={1} aux[1][3]={}
INFO: 01:33:34.968884 self-stabilizing-binary-consensus.go:433: RECEIVE j=0 flag=0 r=1 est={0} aux={}
INFO: 01:33:34.968948 self-stabilizing-binary-consensus.go:435: est[1][0]={0} aux[1][0]={}
INFO: 01:33:34.970423 self-stabilizing-binary-consensus.go:433: RECEIVE j=3 flag=0 r=1 est={1} aux={}
INFO: 01:33:34.970803 self-stabilizing-binary-consensus.go:435: est[1][3]={1} aux[1][3]={}
INFO: 01:33:36.805484 self-stabilizing-binary-consensus.go:200: binValues(1,3)={}
INFO: 01:33:36.805618 self-stabilizing-binary-consensus.go:227: infoResults()={}
INFO: 01:33:36.805880 self-stabilizing-binary-consensus.go:93: round=1 repeat=2
INFO: 01:33:36.806068 self-stabilizing-binary-consensus.go:200: binValues(1,3)={}
INFO: 01:33:36.806454 self-stabilizing-binary-consensus.go:200: binValues(1,2)={0}
INFO: 01:33:36.809827 self-stabilizing-binary-consensus.go:433: RECEIVE j=0 flag=1 r=1 est={0 1} aux={}
INFO: 01:33:36.809890 self-stabilizing-binary-consensus.go:435: est[1][0]={0 1} aux[1][0]={}
INFO: 01:33:36.813550 self-stabilizing-binary-consensus.go:141: SEND flag=1 r=1 est={0 1} aux={}
INFO: 01:33:36.821758 self-stabilizing-binary-consensus.go:443: SEND flag=0 r=1 est={1} aux={}
INFO: 01:33:36.823125 self-stabilizing-binary-consensus.go:433: RECEIVE j=1 flag=1 r=1 est={0 1} aux={1}
INFO: 01:33:36.824348 self-stabilizing-binary-consensus.go:435: est[1][1]={0 1} aux[1][1]={1}
INFO: 01:33:36.831222 self-stabilizing-binary-consensus.go:443: SEND flag=0 r=1 est={1} aux={}
INFO: 01:33:36.831276 self-stabilizing-binary-consensus.go:433: RECEIVE j=3 flag=1 r=1 est={0 1} aux={}
INFO: 01:33:36.831289 self-stabilizing-binary-consensus.go:435: est[1][3]={0 1} aux[1][3]={}
INFO: 01:33:36.841038 self-stabilizing-binary-consensus.go:443: SEND flag=0 r=1 est={1} aux={}
INFO: 01:33:36.841084 self-stabilizing-binary-consensus.go:433: RECEIVE j=0 flag=0 r=1 est={0} aux={}
INFO: 01:33:36.841098 self-stabilizing-binary-consensus.go:435: est[1][0]={0 1} aux[1][0]={}
INFO: 01:33:36.841107 self-stabilizing-binary-consensus.go:433: RECEIVE j=1 flag=0 r=1 est={0} aux={1}
INFO: 01:33:36.841115 self-stabilizing-binary-consensus.go:435: est[1][1]={0 1} aux[1][1]={1}
INFO: 01:33:36.841130 self-stabilizing-binary-consensus.go:433: RECEIVE j=0 flag=0 r=1 est={0} aux={}
INFO: 01:33:36.841139 self-stabilizing-binary-consensus.go:435: est[1][0]={0 1} aux[1][0]={}
INFO: 01:33:36.841232 self-stabilizing-binary-consensus.go:433: RECEIVE j=1 flag=0 r=1 est={0} aux={1}
INFO: 01:33:36.841262 self-stabilizing-binary-consensus.go:435: est[1][1]={0 1} aux[1][1]={1}
INFO: 01:33:36.841277 self-stabilizing-binary-consensus.go:433: RECEIVE j=3 flag=0 r=1 est={1} aux={}
INFO: 01:33:36.841285 self-stabilizing-binary-consensus.go:435: est[1][3]={0 1} aux[1][3]={}
INFO: 01:33:36.841304 self-stabilizing-binary-consensus.go:433: RECEIVE j=3 flag=0 r=1 est={1} aux={}
INFO: 01:33:36.841328 self-stabilizing-binary-consensus.go:435: est[1][3]={0 1} aux[1][3]={}
INFO: 01:33:36.841359 self-stabilizing-binary-consensus.go:433: RECEIVE j=0 flag=0 r=1 est={0} aux={}
INFO: 01:33:36.841367 self-stabilizing-binary-consensus.go:435: est[1][0]={0 1} aux[1][0]={}
INFO: 01:33:36.844241 self-stabilizing-binary-consensus.go:433: RECEIVE j=1 flag=0 r=1 est={0} aux={1}
INFO: 01:33:36.844513 self-stabilizing-binary-consensus.go:435: est[1][1]={0 1} aux[1][1]={1}
INFO: 01:33:36.846501 self-stabilizing-binary-consensus.go:433: RECEIVE j=3 flag=0 r=1 est={1} aux={}
INFO: 01:33:36.846546 self-stabilizing-binary-consensus.go:435: est[1][3]={0 1} aux[1][3]={}
INFO: 01:33:38.804150 self-stabilizing-binary-consensus.go:433: RECEIVE j=0 flag=1 r=1 est={0 1} aux={0}
INFO: 01:33:38.804246 self-stabilizing-binary-consensus.go:435: est[1][0]={0 1} aux[1][0]={0}
INFO: 01:33:38.806458 self-stabilizing-binary-consensus.go:443: SEND flag=0 r=1 est={1} aux={}
INFO: 01:33:38.809305 self-stabilizing-binary-consensus.go:433: RECEIVE j=3 flag=0 r=1 est={1} aux={}
INFO: 01:33:38.809537 self-stabilizing-binary-consensus.go:435: est[1][3]={0 1} aux[1][3]={}
INFO: 01:33:38.810104 self-stabilizing-binary-consensus.go:433: RECEIVE j=1 flag=0 r=1 est={0} aux={1}
INFO: 01:33:38.810161 self-stabilizing-binary-consensus.go:435: est[1][1]={0 1} aux[1][1]={1}
INFO: 01:33:38.814124 self-stabilizing-binary-consensus.go:200: binValues(1,3)={0 1}
INFO: 01:33:38.814206 self-stabilizing-binary-consensus.go:227: infoResults()={}
INFO: 01:33:38.814222 self-stabilizing-binary-consensus.go:93: round=1 repeat=3
INFO: 01:33:38.814230 self-stabilizing-binary-consensus.go:200: binValues(1,3)={0 1}
INFO: 01:33:38.814236 self-stabilizing-binary-consensus.go:132: aux[1][2]=0
INFO: 01:33:38.814242 self-stabilizing-binary-consensus.go:200: binValues(1,2)={0 1}
INFO: 01:33:38.816063 self-stabilizing-binary-consensus.go:141: SEND flag=1 r=1 est={0 1} aux={0}
INFO: 01:33:38.821813 self-stabilizing-binary-consensus.go:433: RECEIVE j=1 flag=0 r=1 est={0} aux={1}
INFO: 01:33:38.822047 self-stabilizing-binary-consensus.go:435: est[1][1]={0 1} aux[1][1]={1}
INFO: 01:33:38.825369 self-stabilizing-binary-consensus.go:433: RECEIVE j=3 flag=1 r=1 est={0 1} aux={0}
INFO: 01:33:38.825438 self-stabilizing-binary-consensus.go:435: est[1][3]={0 1} aux[1][3]={0}
INFO: 01:33:38.827195 self-stabilizing-binary-consensus.go:443: SEND flag=0 r=1 est={1} aux={0}
INFO: 01:33:38.833191 self-stabilizing-binary-consensus.go:433: RECEIVE j=0 flag=0 r=1 est={0} aux={0}
INFO: 01:33:38.833257 self-stabilizing-binary-consensus.go:435: est[1][0]={0 1} aux[1][0]={0}
INFO: 01:33:38.833660 self-stabilizing-binary-consensus.go:433: RECEIVE j=1 flag=1 r=1 est={0 1} aux={1}
INFO: 01:33:38.833696 self-stabilizing-binary-consensus.go:435: est[1][1]={0 1} aux[1][1]={1}
INFO: 01:33:38.836010 self-stabilizing-binary-consensus.go:443: SEND flag=0 r=1 est={1} aux={0}
INFO: 01:33:38.836063 self-stabilizing-binary-consensus.go:433: RECEIVE j=3 flag=0 r=1 est={1} aux={}
INFO: 01:33:38.836090 self-stabilizing-binary-consensus.go:435: est[1][3]={0 1} aux[1][3]={}
INFO: 01:33:38.838053 self-stabilizing-binary-consensus.go:433: RECEIVE j=0 flag=0 r=1 est={0} aux={0}
INFO: 01:33:38.838304 self-stabilizing-binary-consensus.go:435: est[1][0]={0 1} aux[1][0]={0}
INFO: 01:33:38.839824 self-stabilizing-binary-consensus.go:433: RECEIVE j=0 flag=0 r=1 est={0} aux={0}
INFO: 01:33:38.840265 self-stabilizing-binary-consensus.go:435: est[1][0]={0 1} aux[1][0]={0}
INFO: 01:33:38.840307 self-stabilizing-binary-consensus.go:433: RECEIVE j=1 flag=0 r=1 est={0} aux={1}
INFO: 01:33:38.840329 self-stabilizing-binary-consensus.go:435: est[1][1]={0 1} aux[1][1]={1}
INFO: 01:33:38.842727 self-stabilizing-binary-consensus.go:433: RECEIVE j=3 flag=0 r=1 est={1} aux={0}
INFO: 01:33:38.842864 self-stabilizing-binary-consensus.go:435: est[1][3]={0 1} aux[1][3]={0}
INFO: 01:33:40.810615 self-stabilizing-binary-consensus.go:433: RECEIVE j=0 flag=1 r=1 est={0 1} aux={0}
INFO: 01:33:40.810632 self-stabilizing-binary-consensus.go:435: est[1][0]={0 1} aux[1][0]={0}
INFO: 01:33:40.812462 self-stabilizing-binary-consensus.go:443: SEND flag=0 r=1 est={1} aux={0}
INFO: 01:33:40.813446 self-stabilizing-binary-consensus.go:433: RECEIVE j=1 flag=0 r=1 est={0} aux={1}
INFO: 01:33:40.813545 self-stabilizing-binary-consensus.go:435: est[1][1]={0 1} aux[1][1]={1}
INFO: 01:33:40.816163 self-stabilizing-binary-consensus.go:200: binValues(1,3)={0 1}
INFO: 01:33:40.816209 self-stabilizing-binary-consensus.go:227: infoResults()={}
INFO: 01:33:40.816222 self-stabilizing-binary-consensus.go:93: round=1 repeat=4
INFO: 01:33:40.816227 self-stabilizing-binary-consensus.go:200: binValues(1,3)={0 1}
INFO: 01:33:40.816231 self-stabilizing-binary-consensus.go:200: binValues(1,2)={0 1}
INFO: 01:33:40.816619 self-stabilizing-binary-consensus.go:433: RECEIVE j=3 flag=0 r=1 est={1} aux={0}
INFO: 01:33:40.816672 self-stabilizing-binary-consensus.go:435: est[1][3]={0 1} aux[1][3]={0}
INFO: 01:33:40.818336 self-stabilizing-binary-consensus.go:141: SEND flag=1 r=1 est={0 1} aux={0}
INFO: 01:33:40.821867 self-stabilizing-binary-consensus.go:433: RECEIVE j=0 flag=0 r=1 est={0} aux={0}
INFO: 01:33:40.821975 self-stabilizing-binary-consensus.go:435: est[1][0]={0 1} aux[1][0]={0}
INFO: 01:33:40.822601 self-stabilizing-binary-consensus.go:433: RECEIVE j=1 flag=0 r=1 est={0} aux={1}
INFO: 01:33:40.822658 self-stabilizing-binary-consensus.go:435: est[1][1]={0 1} aux[1][1]={1}
INFO: 01:33:40.825389 self-stabilizing-binary-consensus.go:433: RECEIVE j=3 flag=0 r=1 est={1} aux={0}
INFO: 01:33:40.825445 self-stabilizing-binary-consensus.go:435: est[1][3]={0 1} aux[1][3]={0}
INFO: 01:33:40.827624 self-stabilizing-binary-consensus.go:433: RECEIVE j=3 flag=1 r=1 est={0 1} aux={0}
INFO: 01:33:40.827663 self-stabilizing-binary-consensus.go:435: est[1][3]={0 1} aux[1][3]={0}
INFO: 01:33:40.829617 self-stabilizing-binary-consensus.go:443: SEND flag=0 r=1 est={1} aux={0}
INFO: 01:33:40.833040 self-stabilizing-binary-consensus.go:433: RECEIVE j=0 flag=0 r=1 est={0} aux={0}
INFO: 01:33:40.833204 self-stabilizing-binary-consensus.go:435: est[1][0]={0 1} aux[1][0]={0}
INFO: 01:33:40.834328 self-stabilizing-binary-consensus.go:433: RECEIVE j=1 flag=0 r=1 est={0} aux={1}
INFO: 01:33:40.834370 self-stabilizing-binary-consensus.go:435: est[1][1]={0 1} aux[1][1]={1}
INFO: 01:33:42.813535 self-stabilizing-binary-consensus.go:433: RECEIVE j=0 flag=1 r=1 est={0 1} aux={0}
INFO: 01:33:42.813568 self-stabilizing-binary-consensus.go:435: est[1][0]={0 1} aux[1][0]={0}
INFO: 01:33:42.815956 self-stabilizing-binary-consensus.go:443: SEND flag=0 r=1 est={1} aux={0}
INFO: 01:33:42.815985 self-stabilizing-binary-consensus.go:433: RECEIVE j=3 flag=0 r=1 est={1} aux={0}
INFO: 01:33:42.815993 self-stabilizing-binary-consensus.go:435: est[1][3]={0 1} aux[1][3]={0}
INFO: 01:33:42.820356 self-stabilizing-binary-consensus.go:200: binValues(1,3)={0 1}
INFO: 01:33:42.820399 self-stabilizing-binary-consensus.go:227: infoResults()={}
INFO: 01:33:42.820407 self-stabilizing-binary-consensus.go:93: round=1 repeat=5
INFO: 01:33:42.820413 self-stabilizing-binary-consensus.go:200: binValues(1,3)={0 1}
INFO: 01:33:42.820417 self-stabilizing-binary-consensus.go:200: binValues(1,2)={0 1}
INFO: 01:33:42.825052 self-stabilizing-binary-consensus.go:141: SEND flag=1 r=1 est={0 1} aux={0}
INFO: 01:33:42.828194 self-stabilizing-binary-consensus.go:433: RECEIVE j=0 flag=0 r=1 est={0} aux={0}
INFO: 01:33:42.828271 self-stabilizing-binary-consensus.go:435: est[1][0]={0 1} aux[1][0]={0}
INFO: 01:33:42.829364 self-stabilizing-binary-consensus.go:433: RECEIVE j=3 flag=0 r=1 est={1} aux={0}
INFO: 01:33:42.829496 self-stabilizing-binary-consensus.go:435: est[1][3]={0 1} aux[1][3]={0}
INFO: 01:33:42.829829 self-stabilizing-binary-consensus.go:433: RECEIVE j=1 flag=0 r=1 est={0} aux={1}
INFO: 01:33:42.829861 self-stabilizing-binary-consensus.go:435: est[1][1]={0 1} aux[1][1]={1}
INFO: 01:33:42.835256 self-stabilizing-binary-consensus.go:433: RECEIVE j=0 flag=0 r=1 est={0} aux={0}
INFO: 01:33:42.835324 self-stabilizing-binary-consensus.go:435: est[1][0]={0 1} aux[1][0]={0}
INFO: 01:33:42.835735 self-stabilizing-binary-consensus.go:433: RECEIVE j=1 flag=0 r=1 est={0} aux={1}
INFO: 01:33:42.835796 self-stabilizing-binary-consensus.go:435: est[1][1]={0 1} aux[1][1]={1}
INFO: 01:33:42.838522 self-stabilizing-binary-consensus.go:433: RECEIVE j=3 flag=1 r=1 est={0 1} aux={0}
INFO: 01:33:42.838572 self-stabilizing-binary-consensus.go:435: est[1][3]={0 1} aux[1][3]={0}
INFO: 01:33:42.840323 self-stabilizing-binary-consensus.go:443: SEND flag=0 r=1 est={1} aux={0}
INFO: 01:33:42.844665 self-stabilizing-binary-consensus.go:433: RECEIVE j=1 flag=0 r=1 est={0} aux={1}
INFO: 01:33:42.844712 self-stabilizing-binary-consensus.go:435: est[1][1]={0 1} aux[1][1]={1}
INFO: 01:33:44.816189 self-stabilizing-binary-consensus.go:433: RECEIVE j=0 flag=1 r=1 est={0 1} aux={0}
INFO: 01:33:44.816292 self-stabilizing-binary-consensus.go:435: est[1][0]={0 1} aux[1][0]={0}
INFO: 01:33:44.818108 self-stabilizing-binary-consensus.go:443: SEND flag=0 r=1 est={1} aux={0}
INFO: 01:33:44.819799 self-stabilizing-binary-consensus.go:433: RECEIVE j=3 flag=0 r=1 est={1} aux={0}
INFO: 01:33:44.820016 self-stabilizing-binary-consensus.go:435: est[1][3]={0 1} aux[1][3]={0}
INFO: 01:33:44.826404 self-stabilizing-binary-consensus.go:200: binValues(1,3)={0 1}
INFO: 01:33:44.826521 self-stabilizing-binary-consensus.go:227: infoResults()={}
INFO: 01:33:44.826579 self-stabilizing-binary-consensus.go:93: round=1 repeat=6
INFO: 01:33:44.826804 self-stabilizing-binary-consensus.go:200: binValues(1,3)={0 1}
INFO: 01:33:44.826850 self-stabilizing-binary-consensus.go:200: binValues(1,2)={0 1}
INFO: 01:33:44.828585 self-stabilizing-binary-consensus.go:141: SEND flag=1 r=1 est={0 1} aux={0}
INFO: 01:33:44.833192 self-stabilizing-binary-consensus.go:433: RECEIVE j=0 flag=0 r=1 est={0} aux={0}
INFO: 01:33:44.833459 self-stabilizing-binary-consensus.go:435: est[1][0]={0 1} aux[1][0]={0}
INFO: 01:33:44.833529 self-stabilizing-binary-consensus.go:433: RECEIVE j=1 flag=0 r=1 est={0} aux={1}
INFO: 01:33:44.833541 self-stabilizing-binary-consensus.go:435: est[1][1]={0 1} aux[1][1]={1}
INFO: 01:33:44.834923 self-stabilizing-binary-consensus.go:433: RECEIVE j=3 flag=0 r=1 est={1} aux={0}
INFO: 01:33:44.834977 self-stabilizing-binary-consensus.go:435: est[1][3]={0 1} aux[1][3]={0}
INFO: 01:33:44.837703 self-stabilizing-binary-consensus.go:433: RECEIVE j=1 flag=0 r=1 est={0} aux={1}
INFO: 01:33:44.837758 self-stabilizing-binary-consensus.go:435: est[1][1]={0 1} aux[1][1]={1}
INFO: 01:33:44.840519 self-stabilizing-binary-consensus.go:433: RECEIVE j=3 flag=1 r=1 est={0 1} aux={0}
INFO: 01:33:44.840688 self-stabilizing-binary-consensus.go:435: est[1][3]={0 1} aux[1][3]={0}
INFO: 01:33:44.842541 self-stabilizing-binary-consensus.go:443: SEND flag=0 r=1 est={1} aux={0}
INFO: 01:33:44.843473 self-stabilizing-binary-consensus.go:433: RECEIVE j=0 flag=0 r=1 est={0} aux={0}
INFO: 01:33:44.843524 self-stabilizing-binary-consensus.go:435: est[1][0]={0 1} aux[1][0]={0}
INFO: 01:33:44.854293 self-stabilizing-binary-consensus.go:433: RECEIVE j=1 flag=0 r=1 est={0} aux={1}
INFO: 01:33:44.854372 self-stabilizing-binary-consensus.go:435: est[1][1]={0 1} aux[1][1]={1}
INFO: 01:33:46.818915 self-stabilizing-binary-consensus.go:433: RECEIVE j=0 flag=1 r=1 est={0 1} aux={0}
INFO: 01:33:46.818978 self-stabilizing-binary-consensus.go:435: est[1][0]={0 1} aux[1][0]={0}
INFO: 01:33:46.821372 self-stabilizing-binary-consensus.go:443: SEND flag=0 r=1 est={1} aux={0}
INFO: 01:33:46.821450 self-stabilizing-binary-consensus.go:433: RECEIVE j=3 flag=0 r=1 est={1} aux={0}
INFO: 01:33:46.822240 self-stabilizing-binary-consensus.go:435: est[1][3]={0 1} aux[1][3]={0}
INFO: 01:33:46.831085 self-stabilizing-binary-consensus.go:200: binValues(1,3)={0 1}
INFO: 01:33:46.831169 self-stabilizing-binary-consensus.go:227: infoResults()={}
INFO: 01:33:46.831204 self-stabilizing-binary-consensus.go:93: round=1 repeat=7
INFO: 01:33:46.831212 self-stabilizing-binary-consensus.go:200: binValues(1,3)={0 1}
INFO: 01:33:46.831218 self-stabilizing-binary-consensus.go:200: binValues(1,2)={0 1}
INFO: 01:33:46.833083 self-stabilizing-binary-consensus.go:141: SEND flag=1 r=1 est={0 1} aux={0}
INFO: 01:33:46.836006 self-stabilizing-binary-consensus.go:433: RECEIVE j=3 flag=0 r=1 est={1} aux={0}
INFO: 01:33:46.836044 self-stabilizing-binary-consensus.go:435: est[1][3]={0 1} aux[1][3]={0}
INFO: 01:33:46.837199 self-stabilizing-binary-consensus.go:433: RECEIVE j=0 flag=0 r=1 est={0} aux={0}
INFO: 01:33:46.837244 self-stabilizing-binary-consensus.go:435: est[1][0]={0 1} aux[1][0]={0}
INFO: 01:33:46.845508 self-stabilizing-binary-consensus.go:433: RECEIVE j=3 flag=1 r=1 est={0 1} aux={0}
INFO: 01:33:46.845662 self-stabilizing-binary-consensus.go:435: est[1][3]={0 1} aux[1][3]={0}
INFO: 01:33:46.850663 self-stabilizing-binary-consensus.go:443: SEND flag=0 r=1 est={1} aux={0}
INFO: 01:33:46.852982 self-stabilizing-binary-consensus.go:433: RECEIVE j=0 flag=0 r=1 est={0} aux={0}
INFO: 01:33:46.853220 self-stabilizing-binary-consensus.go:435: est[1][0]={0 1} aux[1][0]={0}
INFO: 01:33:46.857441 self-stabilizing-binary-consensus.go:433: RECEIVE j=1 flag=0 r=1 est={0} aux={1}
INFO: 01:33:46.857660 self-stabilizing-binary-consensus.go:435: est[1][1]={0 1} aux[1][1]={1}
INFO: 01:33:46.861549 self-stabilizing-binary-consensus.go:433: RECEIVE j=1 flag=0 r=1 est={0} aux={1}
INFO: 01:33:46.861627 self-stabilizing-binary-consensus.go:435: est[1][1]={0 1} aux[1][1]={1}
INFO: 01:33:46.865289 self-stabilizing-binary-consensus.go:433: RECEIVE j=1 flag=0 r=1 est={0} aux={1}
INFO: 01:33:46.865381 self-stabilizing-binary-consensus.go:435: est[1][1]={0 1} aux[1][1]={1}
INFO: 01:33:48.823077 self-stabilizing-binary-consensus.go:433: RECEIVE j=0 flag=1 r=1 est={0 1} aux={0}
INFO: 01:33:48.823107 self-stabilizing-binary-consensus.go:435: est[1][0]={0 1} aux[1][0]={0}
INFO: 01:33:48.824898 self-stabilizing-binary-consensus.go:443: SEND flag=0 r=1 est={1} aux={0}
INFO: 01:33:48.824919 self-stabilizing-binary-consensus.go:433: RECEIVE j=3 flag=0 r=1 est={1} aux={0}
INFO: 01:33:48.824926 self-stabilizing-binary-consensus.go:435: est[1][3]={0 1} aux[1][3]={0}
INFO: 01:33:48.833456 self-stabilizing-binary-consensus.go:200: binValues(1,3)={0 1}
INFO: 01:33:48.833494 self-stabilizing-binary-consensus.go:227: infoResults()={}
INFO: 01:33:48.833501 self-stabilizing-binary-consensus.go:93: round=1 repeat=8
INFO: 01:33:48.833506 self-stabilizing-binary-consensus.go:200: binValues(1,3)={0 1}
INFO: 01:33:48.833511 self-stabilizing-binary-consensus.go:200: binValues(1,2)={0 1}
INFO: 01:33:48.835166 self-stabilizing-binary-consensus.go:141: SEND flag=1 r=1 est={0 1} aux={0}
INFO: 01:33:48.840095 self-stabilizing-binary-consensus.go:433: RECEIVE j=0 flag=0 r=1 est={0} aux={0}
INFO: 01:33:48.840599 self-stabilizing-binary-consensus.go:435: est[1][0]={0 1} aux[1][0]={0}
INFO: 01:33:48.840768 self-stabilizing-binary-consensus.go:433: RECEIVE j=3 flag=0 r=1 est={1} aux={0}
INFO: 01:33:48.840994 self-stabilizing-binary-consensus.go:435: est[1][3]={0 1} aux[1][3]={0}
INFO: 01:33:48.848270 self-stabilizing-binary-consensus.go:433: RECEIVE j=3 flag=1 r=1 est={0 1} aux={0}
INFO: 01:33:48.848362 self-stabilizing-binary-consensus.go:435: est[1][3]={0 1} aux[1][3]={0}
INFO: 01:33:48.851094 self-stabilizing-binary-consensus.go:443: SEND flag=0 r=1 est={1} aux={0}
INFO: 01:33:48.851137 self-stabilizing-binary-consensus.go:433: RECEIVE j=0 flag=0 r=1 est={0} aux={0}
INFO: 01:33:48.851158 self-stabilizing-binary-consensus.go:435: est[1][0]={0 1} aux[1][0]={0}
INFO: 01:33:48.853784 self-stabilizing-binary-consensus.go:433: RECEIVE j=1 flag=0 r=1 est={0} aux={1}
INFO: 01:33:48.853829 self-stabilizing-binary-consensus.go:435: est[1][1]={0 1} aux[1][1]={1}
INFO: 01:33:48.854074 self-stabilizing-binary-consensus.go:433: RECEIVE j=1 flag=0 r=1 est={0} aux={1}
INFO: 01:33:48.854106 self-stabilizing-binary-consensus.go:435: est[1][1]={0 1} aux[1][1]={1}
INFO: 01:33:48.860212 self-stabilizing-binary-consensus.go:433: RECEIVE j=1 flag=0 r=1 est={0} aux={1}
INFO: 01:33:48.860255 self-stabilizing-binary-consensus.go:435: est[1][1]={0 1} aux[1][1]={1}
INFO: 01:33:50.825511 self-stabilizing-binary-consensus.go:433: RECEIVE j=0 flag=1 r=1 est={0 1} aux={0}
INFO: 01:33:50.825652 self-stabilizing-binary-consensus.go:435: est[1][0]={0 1} aux[1][0]={0}
INFO: 01:33:50.830945 self-stabilizing-binary-consensus.go:443: SEND flag=0 r=1 est={1} aux={0}
INFO: 01:33:50.831658 self-stabilizing-binary-consensus.go:433: RECEIVE j=3 flag=0 r=1 est={1} aux={0}
INFO: 01:33:50.831697 self-stabilizing-binary-consensus.go:435: est[1][3]={0 1} aux[1][3]={0}
INFO: 01:33:50.836044 self-stabilizing-binary-consensus.go:200: binValues(1,3)={0 1}
INFO: 01:33:50.836065 self-stabilizing-binary-consensus.go:227: infoResults()={}
INFO: 01:33:50.836071 self-stabilizing-binary-consensus.go:93: round=1 repeat=9
INFO: 01:33:50.836077 self-stabilizing-binary-consensus.go:200: binValues(1,3)={0 1}
INFO: 01:33:50.836081 self-stabilizing-binary-consensus.go:200: binValues(1,2)={0 1}
INFO: 01:33:50.837751 self-stabilizing-binary-consensus.go:141: SEND flag=1 r=1 est={0 1} aux={0}
INFO: 01:33:50.841757 self-stabilizing-binary-consensus.go:433: RECEIVE j=3 flag=0 r=1 est={1} aux={0}
INFO: 01:33:50.841788 self-stabilizing-binary-consensus.go:435: est[1][3]={0 1} aux[1][3]={0}
INFO: 01:33:50.843893 self-stabilizing-binary-consensus.go:433: RECEIVE j=0 flag=0 r=1 est={0} aux={0}
INFO: 01:33:50.843933 self-stabilizing-binary-consensus.go:435: est[1][0]={0 1} aux[1][0]={0}
INFO: 01:33:50.850865 self-stabilizing-binary-consensus.go:433: RECEIVE j=3 flag=1 r=1 est={0 1} aux={0}
INFO: 01:33:50.850894 self-stabilizing-binary-consensus.go:435: est[1][3]={0 1} aux[1][3]={0}
INFO: 01:33:50.854464 self-stabilizing-binary-consensus.go:443: SEND flag=0 r=1 est={1} aux={0}
INFO: 01:33:50.855510 self-stabilizing-binary-consensus.go:433: RECEIVE j=1 flag=0 r=1 est={0} aux={1}
INFO: 01:33:50.855549 self-stabilizing-binary-consensus.go:435: est[1][1]={0 1} aux[1][1]={1}
INFO: 01:33:50.862669 self-stabilizing-binary-consensus.go:433: RECEIVE j=0 flag=0 r=1 est={0} aux={0}
INFO: 01:33:50.862698 self-stabilizing-binary-consensus.go:435: est[1][0]={0 1} aux[1][0]={0}
INFO: 01:33:50.872981 self-stabilizing-binary-consensus.go:433: RECEIVE j=1 flag=0 r=1 est={0} aux={1}
INFO: 01:33:50.873040 self-stabilizing-binary-consensus.go:435: est[1][1]={0 1} aux[1][1]={1}
INFO: 01:33:50.875477 self-stabilizing-binary-consensus.go:433: RECEIVE j=1 flag=0 r=1 est={0} aux={1}
INFO: 01:33:50.875575 self-stabilizing-binary-consensus.go:435: est[1][1]={0 1} aux[1][1]={1}
INFO: 01:33:52.836272 self-stabilizing-binary-consensus.go:433: RECEIVE j=3 flag=0 r=1 est={1} aux={0}
INFO: 01:33:52.836343 self-stabilizing-binary-consensus.go:435: est[1][3]={0 1} aux[1][3]={0}
INFO: 01:33:52.836838 self-stabilizing-binary-consensus.go:433: RECEIVE j=0 flag=1 r=1 est={0 1} aux={0}
INFO: 01:33:52.836850 self-stabilizing-binary-consensus.go:435: est[1][0]={0 1} aux[1][0]={0}
INFO: 01:33:52.838140 self-stabilizing-binary-consensus.go:200: binValues(1,3)={0 1}
INFO: 01:33:52.838173 self-stabilizing-binary-consensus.go:227: infoResults()={}
INFO: 01:33:52.838192 self-stabilizing-binary-consensus.go:93: round=1 repeat=10
INFO: 01:33:52.838209 self-stabilizing-binary-consensus.go:200: binValues(1,3)={0 1}
INFO: 01:33:52.838226 self-stabilizing-binary-consensus.go:200: binValues(1,2)={0 1}
INFO: 01:33:52.840386 self-stabilizing-binary-consensus.go:443: SEND flag=0 r=1 est={1} aux={0}
INFO: 01:33:52.841032 self-stabilizing-binary-consensus.go:141: SEND flag=1 r=1 est={0 1} aux={0}
INFO: 01:33:52.843967 self-stabilizing-binary-consensus.go:433: RECEIVE j=0 flag=0 r=1 est={0} aux={0}
INFO: 01:33:52.844008 self-stabilizing-binary-consensus.go:435: est[1][0]={0 1} aux[1][0]={0}
INFO: 01:33:52.852837 self-stabilizing-binary-consensus.go:433: RECEIVE j=3 flag=1 r=1 est={0 1} aux={0}
INFO: 01:33:52.852886 self-stabilizing-binary-consensus.go:435: est[1][3]={0 1} aux[1][3]={0}
INFO: 01:33:52.854648 self-stabilizing-binary-consensus.go:443: SEND flag=0 r=1 est={1} aux={0}
INFO: 01:33:52.857827 self-stabilizing-binary-consensus.go:433: RECEIVE j=0 flag=0 r=1 est={0} aux={0}
INFO: 01:33:52.857902 self-stabilizing-binary-consensus.go:435: est[1][0]={0 1} aux[1][0]={0}
INFO: 01:33:52.861147 self-stabilizing-binary-consensus.go:433: RECEIVE j=1 flag=0 r=1 est={0} aux={1}
INFO: 01:33:52.861193 self-stabilizing-binary-consensus.go:435: est[1][1]={0 1} aux[1][1]={1}
INFO: 01:33:52.870507 self-stabilizing-binary-consensus.go:433: RECEIVE j=3 flag=0 r=1 est={1} aux={0}
INFO: 01:33:52.870630 self-stabilizing-binary-consensus.go:435: est[1][3]={0 1} aux[1][3]={0}
INFO: 01:33:52.872681 self-stabilizing-binary-consensus.go:433: RECEIVE j=1 flag=0 r=1 est={0} aux={1}
INFO: 01:33:52.872732 self-stabilizing-binary-consensus.go:435: est[1][1]={0 1} aux[1][1]={1}
INFO: 01:33:52.872919 self-stabilizing-binary-consensus.go:433: RECEIVE j=1 flag=0 r=1 est={0} aux={1}
INFO: 01:33:52.872989 self-stabilizing-binary-consensus.go:435: est[1][1]={0 1} aux[1][1]={1}
INFO: 01:33:54.836928 self-stabilizing-binary-consensus.go:433: RECEIVE j=0 flag=1 r=1 est={0 1} aux={0}
INFO: 01:33:54.836998 self-stabilizing-binary-consensus.go:435: est[1][0]={0 1} aux[1][0]={0}
INFO: 01:33:54.845944 self-stabilizing-binary-consensus.go:443: SEND flag=0 r=1 est={1} aux={0}
INFO: 01:33:54.846016 self-stabilizing-binary-consensus.go:433: RECEIVE j=3 flag=0 r=1 est={1} aux={0}
INFO: 01:33:54.846027 self-stabilizing-binary-consensus.go:435: est[1][3]={0 1} aux[1][3]={0}
INFO: 01:33:54.846437 self-stabilizing-binary-consensus.go:200: binValues(1,3)={0 1}
INFO: 01:33:54.846453 self-stabilizing-binary-consensus.go:227: infoResults()={}
INFO: 01:33:54.846458 self-stabilizing-binary-consensus.go:93: round=1 repeat=11
INFO: 01:33:54.846463 self-stabilizing-binary-consensus.go:200: binValues(1,3)={0 1}
INFO: 01:33:54.846467 self-stabilizing-binary-consensus.go:200: binValues(1,2)={0 1}
INFO: 01:33:54.860663 self-stabilizing-binary-consensus.go:433: RECEIVE j=3 flag=1 r=1 est={0 1} aux={0}
INFO: 01:33:54.860718 self-stabilizing-binary-consensus.go:435: est[1][3]={0 1} aux[1][3]={0}
INFO: 01:33:54.869738 self-stabilizing-binary-consensus.go:443: SEND flag=0 r=1 est={1} aux={0}
INFO: 01:33:54.872716 self-stabilizing-binary-consensus.go:141: SEND flag=1 r=1 est={0 1} aux={0}
INFO: 01:33:54.874307 self-stabilizing-binary-consensus.go:433: RECEIVE j=0 flag=0 r=1 est={0} aux={0}
INFO: 01:33:54.877617 self-stabilizing-binary-consensus.go:435: est[1][0]={0 1} aux[1][0]={0}
INFO: 01:33:54.877653 self-stabilizing-binary-consensus.go:433: RECEIVE j=0 flag=0 r=1 est={0} aux={0}
INFO: 01:33:54.877665 self-stabilizing-binary-consensus.go:435: est[1][0]={0 1} aux[1][0]={0}
INFO: 01:33:54.880802 self-stabilizing-binary-consensus.go:433: RECEIVE j=3 flag=0 r=1 est={1} aux={0}
INFO: 01:33:54.880922 self-stabilizing-binary-consensus.go:435: est[1][3]={0 1} aux[1][3]={0}
INFO: 01:33:54.913626 self-stabilizing-binary-consensus.go:433: RECEIVE j=1 flag=0 r=1 est={0} aux={1}
INFO: 01:33:54.913702 self-stabilizing-binary-consensus.go:435: est[1][1]={0 1} aux[1][1]={1}
INFO: 01:33:54.920236 self-stabilizing-binary-consensus.go:433: RECEIVE j=1 flag=0 r=1 est={0} aux={1}
INFO: 01:33:54.920436 self-stabilizing-binary-consensus.go:435: est[1][1]={0 1} aux[1][1]={1}
INFO: 01:33:54.927319 self-stabilizing-binary-consensus.go:433: RECEIVE j=1 flag=0 r=1 est={0} aux={1}
INFO: 01:33:54.927421 self-stabilizing-binary-consensus.go:435: est[1][1]={0 1} aux[1][1]={1}
INFO: 01:33:56.840658 self-stabilizing-binary-consensus.go:433: RECEIVE j=3 flag=0 r=1 est={1} aux={0}
INFO: 01:33:56.841158 self-stabilizing-binary-consensus.go:435: est[1][3]={0 1} aux[1][3]={0}
INFO: 01:33:56.841193 self-stabilizing-binary-consensus.go:433: RECEIVE j=0 flag=1 r=1 est={0 1} aux={0}
INFO: 01:33:56.841202 self-stabilizing-binary-consensus.go:435: est[1][0]={0 1} aux[1][0]={0}
INFO: 01:33:56.843068 self-stabilizing-binary-consensus.go:443: SEND flag=0 r=1 est={1} aux={0}
INFO: 01:33:56.857415 self-stabilizing-binary-consensus.go:433: RECEIVE j=1 flag=0 r=1 est={0} aux={1}
INFO: 01:33:56.857473 self-stabilizing-binary-consensus.go:435: est[1][1]={0 1} aux[1][1]={1}
INFO: 01:33:56.861257 self-stabilizing-binary-consensus.go:433: RECEIVE j=3 flag=1 r=1 est={0 1} aux={0}
INFO: 01:33:56.861423 self-stabilizing-binary-consensus.go:435: est[1][3]={0 1} aux[1][3]={0}
INFO: 01:33:56.865928 self-stabilizing-binary-consensus.go:443: SEND flag=0 r=1 est={1} aux={0}
INFO: 01:33:56.866615 self-stabilizing-binary-consensus.go:433: RECEIVE j=0 flag=0 r=1 est={0} aux={0}
INFO: 01:33:56.866688 self-stabilizing-binary-consensus.go:435: est[1][0]={0 1} aux[1][0]={0}
INFO: 01:33:56.870729 self-stabilizing-binary-consensus.go:433: RECEIVE j=1 flag=0 r=1 est={0} aux={1}
INFO: 01:33:56.870786 self-stabilizing-binary-consensus.go:435: est[1][1]={0 1} aux[1][1]={1}
INFO: 01:33:56.877958 self-stabilizing-binary-consensus.go:200: binValues(1,3)={0 1}
INFO: 01:33:56.878057 self-stabilizing-binary-consensus.go:227: infoResults()={}
INFO: 01:33:56.878134 self-stabilizing-binary-consensus.go:93: round=1 repeat=12
INFO: 01:33:56.878162 self-stabilizing-binary-consensus.go:200: binValues(1,3)={0 1}
INFO: 01:33:56.878440 self-stabilizing-binary-consensus.go:200: binValues(1,2)={0 1}
INFO: 01:33:56.881071 self-stabilizing-binary-consensus.go:141: SEND flag=1 r=1 est={0 1} aux={0}
INFO: 01:33:56.884501 self-stabilizing-binary-consensus.go:433: RECEIVE j=0 flag=0 r=1 est={0} aux={0}
INFO: 01:33:56.884593 self-stabilizing-binary-consensus.go:435: est[1][0]={0 1} aux[1][0]={0}
INFO: 01:33:56.887227 self-stabilizing-binary-consensus.go:433: RECEIVE j=3 flag=0 r=1 est={1} aux={0}
INFO: 01:33:56.887285 self-stabilizing-binary-consensus.go:435: est[1][3]={0 1} aux[1][3]={0}
INFO: 01:33:56.892498 self-stabilizing-binary-consensus.go:433: RECEIVE j=1 flag=0 r=1 est={0} aux={1}
INFO: 01:33:56.892647 self-stabilizing-binary-consensus.go:435: est[1][1]={0 1} aux[1][1]={1}
INFO: 01:33:58.842066 self-stabilizing-binary-consensus.go:433: RECEIVE j=0 flag=1 r=1 est={0 1} aux={0}
INFO: 01:33:58.842168 self-stabilizing-binary-consensus.go:435: est[1][0]={0 1} aux[1][0]={0}
INFO: 01:33:58.844685 self-stabilizing-binary-consensus.go:443: SEND flag=0 r=1 est={1} aux={0}
INFO: 01:33:58.845959 self-stabilizing-binary-consensus.go:433: RECEIVE j=3 flag=0 r=1 est={1} aux={0}
INFO: 01:33:58.846011 self-stabilizing-binary-consensus.go:435: est[1][3]={0 1} aux[1][3]={0}
INFO: 01:33:58.860878 self-stabilizing-binary-consensus.go:433: RECEIVE j=1 flag=0 r=1 est={0} aux={1}
INFO: 01:33:58.860950 self-stabilizing-binary-consensus.go:435: est[1][1]={0 1} aux[1][1]={1}
INFO: 01:33:58.878382 self-stabilizing-binary-consensus.go:433: RECEIVE j=3 flag=1 r=1 est={0 1} aux={0}
INFO: 01:33:58.878516 self-stabilizing-binary-consensus.go:435: est[1][3]={0 1} aux[1][3]={0}
INFO: 01:33:58.882868 self-stabilizing-binary-consensus.go:200: binValues(1,3)={0 1}
INFO: 01:33:58.882938 self-stabilizing-binary-consensus.go:227: infoResults()={}
INFO: 01:33:58.882966 self-stabilizing-binary-consensus.go:93: round=1 repeat=13
INFO: 01:33:58.882989 self-stabilizing-binary-consensus.go:200: binValues(1,3)={0 1}
INFO: 01:33:58.883012 self-stabilizing-binary-consensus.go:200: binValues(1,2)={0 1}
INFO: 01:33:58.891311 self-stabilizing-binary-consensus.go:141: SEND flag=1 r=1 est={0 1} aux={0}
INFO: 01:33:58.899362 self-stabilizing-binary-consensus.go:443: SEND flag=0 r=1 est={1} aux={0}
INFO: 01:33:58.899452 self-stabilizing-binary-consensus.go:433: RECEIVE j=0 flag=0 r=1 est={0} aux={0}
INFO: 01:33:58.899477 self-stabilizing-binary-consensus.go:435: est[1][0]={0 1} aux[1][0]={0}
INFO: 01:33:58.902891 self-stabilizing-binary-consensus.go:433: RECEIVE j=3 flag=0 r=1 est={1} aux={0}
INFO: 01:33:58.903228 self-stabilizing-binary-consensus.go:435: est[1][3]={0 1} aux[1][3]={0}
INFO: 01:33:58.905598 self-stabilizing-binary-consensus.go:433: RECEIVE j=0 flag=0 r=1 est={0} aux={0}
INFO: 01:33:58.905877 self-stabilizing-binary-consensus.go:435: est[1][0]={0 1} aux[1][0]={0}
INFO: 01:33:58.917286 self-stabilizing-binary-consensus.go:433: RECEIVE j=1 flag=0 r=1 est={0} aux={1}
INFO: 01:33:58.917351 self-stabilizing-binary-consensus.go:435: est[1][1]={0 1} aux[1][1]={1}
INFO: 01:33:58.917651 self-stabilizing-binary-consensus.go:433: RECEIVE j=1 flag=0 r=1 est={0} aux={1}
INFO: 01:33:58.917688 self-stabilizing-binary-consensus.go:435: est[1][1]={0 1} aux[1][1]={1}
INFO: 01:34:00.845244 self-stabilizing-binary-consensus.go:433: RECEIVE j=0 flag=1 r=1 est={0 1} aux={0}
INFO: 01:34:00.845422 self-stabilizing-binary-consensus.go:435: est[1][0]={0 1} aux[1][0]={0}
INFO: 01:34:00.847194 self-stabilizing-binary-consensus.go:443: SEND flag=0 r=1 est={1} aux={0}
INFO: 01:34:00.850715 self-stabilizing-binary-consensus.go:433: RECEIVE j=3 flag=0 r=1 est={1} aux={0}
INFO: 01:34:00.850789 self-stabilizing-binary-consensus.go:435: est[1][3]={0 1} aux[1][3]={0}
INFO: 01:34:00.865366 self-stabilizing-binary-consensus.go:433: RECEIVE j=1 flag=0 r=1 est={0} aux={1}
INFO: 01:34:00.865412 self-stabilizing-binary-consensus.go:435: est[1][1]={0 1} aux[1][1]={1}
INFO: 01:34:00.877499 self-stabilizing-binary-consensus.go:433: RECEIVE j=3 flag=1 r=1 est={0 1} aux={0}
INFO: 01:34:00.877590 self-stabilizing-binary-consensus.go:435: est[1][3]={0 1} aux[1][3]={0}
INFO: 01:34:00.883472 self-stabilizing-binary-consensus.go:443: SEND flag=0 r=1 est={1} aux={0}
INFO: 01:34:00.886213 self-stabilizing-binary-consensus.go:433: RECEIVE j=0 flag=0 r=1 est={0} aux={0}
INFO: 01:34:00.886301 self-stabilizing-binary-consensus.go:435: est[1][0]={0 1} aux[1][0]={0}
INFO: 01:34:00.895746 self-stabilizing-binary-consensus.go:200: binValues(1,3)={0 1}
INFO: 01:34:00.896292 self-stabilizing-binary-consensus.go:227: infoResults()={}
INFO: 01:34:00.896336 self-stabilizing-binary-consensus.go:93: round=1 repeat=14
INFO: 01:34:00.896364 self-stabilizing-binary-consensus.go:200: binValues(1,3)={0 1}
INFO: 01:34:00.896387 self-stabilizing-binary-consensus.go:200: binValues(1,2)={0 1}
INFO: 01:34:00.898857 self-stabilizing-binary-consensus.go:141: SEND flag=1 r=1 est={0 1} aux={0}
INFO: 01:34:00.914298 self-stabilizing-binary-consensus.go:433: RECEIVE j=0 flag=0 r=1 est={0} aux={0}
INFO: 01:34:00.914388 self-stabilizing-binary-consensus.go:435: est[1][0]={0 1} aux[1][0]={0}
INFO: 01:34:00.930492 self-stabilizing-binary-consensus.go:433: RECEIVE j=1 flag=0 r=1 est={0} aux={1}
INFO: 01:34:00.930568 self-stabilizing-binary-consensus.go:435: est[1][1]={0 1} aux[1][1]={1}
INFO: 01:34:00.932620 self-stabilizing-binary-consensus.go:433: RECEIVE j=3 flag=0 r=1 est={1} aux={0}
INFO: 01:34:00.935406 self-stabilizing-binary-consensus.go:435: est[1][3]={0 1} aux[1][3]={0}
INFO: 01:34:00.939463 self-stabilizing-binary-consensus.go:433: RECEIVE j=1 flag=0 r=1 est={0} aux={1}
INFO: 01:34:00.939496 self-stabilizing-binary-consensus.go:435: est[1][1]={0 1} aux[1][1]={1}
INFO: 01:34:02.848900 self-stabilizing-binary-consensus.go:433: RECEIVE j=0 flag=1 r=1 est={0 1} aux={0}
INFO: 01:34:02.848923 self-stabilizing-binary-consensus.go:435: est[1][0]={0 1} aux[1][0]={0}
INFO: 01:34:02.850668 self-stabilizing-binary-consensus.go:443: SEND flag=0 r=1 est={1} aux={0}
INFO: 01:34:02.851556 self-stabilizing-binary-consensus.go:433: RECEIVE j=3 flag=0 r=1 est={1} aux={0}
INFO: 01:34:02.851585 self-stabilizing-binary-consensus.go:435: est[1][3]={0 1} aux[1][3]={0}
INFO: 01:34:02.854464 self-stabilizing-binary-consensus.go:433: RECEIVE j=1 flag=0 r=1 est={0} aux={1}
INFO: 01:34:02.854477 self-stabilizing-binary-consensus.go:435: est[1][1]={0 1} aux[1][1]={1}
INFO: 01:34:02.883750 self-stabilizing-binary-consensus.go:433: RECEIVE j=3 flag=1 r=1 est={0 1} aux={0}
INFO: 01:34:02.883911 self-stabilizing-binary-consensus.go:435: est[1][3]={0 1} aux[1][3]={0}
INFO: 01:34:02.899718 self-stabilizing-binary-consensus.go:443: SEND flag=0 r=1 est={1} aux={0}
INFO: 01:34:02.905938 self-stabilizing-binary-consensus.go:433: RECEIVE j=0 flag=0 r=1 est={0} aux={0}
INFO: 01:34:02.906242 self-stabilizing-binary-consensus.go:435: est[1][0]={0 1} aux[1][0]={0}
INFO: 01:34:02.908331 self-stabilizing-binary-consensus.go:200: binValues(1,3)={0 1}
INFO: 01:34:02.908386 self-stabilizing-binary-consensus.go:227: infoResults()={}
INFO: 01:34:02.908409 self-stabilizing-binary-consensus.go:93: round=1 repeat=15
INFO: 01:34:02.908428 self-stabilizing-binary-consensus.go:200: binValues(1,3)={0 1}
INFO: 01:34:02.908447 self-stabilizing-binary-consensus.go:200: binValues(1,2)={0 1}
INFO: 01:34:02.913671 self-stabilizing-binary-consensus.go:433: RECEIVE j=1 flag=0 r=1 est={0} aux={1}
INFO: 01:34:02.913711 self-stabilizing-binary-consensus.go:435: est[1][1]={0 1} aux[1][1]={1}
INFO: 01:34:02.913887 self-stabilizing-binary-consensus.go:141: SEND flag=1 r=1 est={0 1} aux={0}
INFO: 01:34:02.916797 self-stabilizing-binary-consensus.go:433: RECEIVE j=3 flag=0 r=1 est={1} aux={0}
INFO: 01:34:02.916848 self-stabilizing-binary-consensus.go:435: est[1][3]={0 1} aux[1][3]={0}
INFO: 01:34:02.920949 self-stabilizing-binary-consensus.go:433: RECEIVE j=0 flag=0 r=1 est={0} aux={0}
INFO: 01:34:02.921037 self-stabilizing-binary-consensus.go:435: est[1][0]={0 1} aux[1][0]={0}
INFO: 01:34:02.921261 self-stabilizing-binary-consensus.go:433: RECEIVE j=1 flag=0 r=1 est={0} aux={1}
INFO: 01:34:02.921302 self-stabilizing-binary-consensus.go:435: est[1][1]={0 1} aux[1][1]={1}
INFO: 01:34:04.851490 self-stabilizing-binary-consensus.go:433: RECEIVE j=0 flag=1 r=1 est={0 1} aux={0}
INFO: 01:34:04.851568 self-stabilizing-binary-consensus.go:435: est[1][0]={0 1} aux[1][0]={0}
INFO: 01:34:04.854107 self-stabilizing-binary-consensus.go:443: SEND flag=0 r=1 est={1} aux={0}
INFO: 01:34:04.854265 self-stabilizing-binary-consensus.go:433: RECEIVE j=3 flag=0 r=1 est={1} aux={0}
INFO: 01:34:04.854431 self-stabilizing-binary-consensus.go:435: est[1][3]={0 1} aux[1][3]={0}
INFO: 01:34:04.861917 self-stabilizing-binary-consensus.go:433: RECEIVE j=1 flag=0 r=1 est={0} aux={1}
INFO: 01:34:04.861953 self-stabilizing-binary-consensus.go:435: est[1][1]={0 1} aux[1][1]={1}
INFO: 01:34:04.886143 self-stabilizing-binary-consensus.go:433: RECEIVE j=3 flag=1 r=1 est={0 1} aux={0}
INFO: 01:34:04.886218 self-stabilizing-binary-consensus.go:435: est[1][3]={0 1} aux[1][3]={0}
INFO: 01:34:04.888677 self-stabilizing-binary-consensus.go:443: SEND flag=0 r=1 est={1} aux={0}
INFO: 01:34:04.893573 self-stabilizing-binary-consensus.go:433: RECEIVE j=0 flag=0 r=1 est={0} aux={0}
INFO: 01:34:04.893615 self-stabilizing-binary-consensus.go:435: est[1][0]={0 1} aux[1][0]={0}
INFO: 01:34:04.898123 self-stabilizing-binary-consensus.go:433: RECEIVE j=1 flag=0 r=1 est={0} aux={1}
INFO: 01:34:04.898169 self-stabilizing-binary-consensus.go:435: est[1][1]={0 1} aux[1][1]={1}
INFO: 01:34:04.914781 self-stabilizing-binary-consensus.go:200: binValues(1,3)={0 1}
INFO: 01:34:04.914882 self-stabilizing-binary-consensus.go:227: infoResults()={}
INFO: 01:34:04.914924 self-stabilizing-binary-consensus.go:93: round=1 repeat=16
INFO: 01:34:04.914947 self-stabilizing-binary-consensus.go:200: binValues(1,3)={0 1}
INFO: 01:34:04.914966 self-stabilizing-binary-consensus.go:200: binValues(1,2)={0 1}
INFO: 01:34:04.916628 self-stabilizing-binary-consensus.go:141: SEND flag=1 r=1 est={0 1} aux={0}
INFO: 01:34:04.920953 self-stabilizing-binary-consensus.go:433: RECEIVE j=3 flag=0 r=1 est={1} aux={0}
INFO: 01:34:04.920996 self-stabilizing-binary-consensus.go:435: est[1][3]={0 1} aux[1][3]={0}
INFO: 01:34:04.921335 self-stabilizing-binary-consensus.go:433: RECEIVE j=1 flag=0 r=1 est={0} aux={1}
INFO: 01:34:04.921383 self-stabilizing-binary-consensus.go:435: est[1][1]={0 1} aux[1][1]={1}
INFO: 01:34:04.926472 self-stabilizing-binary-consensus.go:433: RECEIVE j=0 flag=0 r=1 est={0} aux={0}
INFO: 01:34:04.926516 self-stabilizing-binary-consensus.go:435: est[1][0]={0 1} aux[1][0]={0}
INFO: 01:34:06.856270 self-stabilizing-binary-consensus.go:433: RECEIVE j=3 flag=0 r=1 est={1} aux={0}
INFO: 01:34:06.856425 self-stabilizing-binary-consensus.go:435: est[1][3]={0 1} aux[1][3]={0}
INFO: 01:34:06.857020 self-stabilizing-binary-consensus.go:433: RECEIVE j=0 flag=1 r=1 est={0 1} aux={0}
INFO: 01:34:06.857071 self-stabilizing-binary-consensus.go:435: est[1][0]={0 1} aux[1][0]={0}
INFO: 01:34:06.858793 self-stabilizing-binary-consensus.go:443: SEND flag=0 r=1 est={1} aux={0}
INFO: 01:34:06.875537 self-stabilizing-binary-consensus.go:433: RECEIVE j=1 flag=0 r=1 est={0} aux={1}
INFO: 01:34:06.875580 self-stabilizing-binary-consensus.go:435: est[1][1]={0 1} aux[1][1]={1}
INFO: 01:34:06.890322 self-stabilizing-binary-consensus.go:433: RECEIVE j=3 flag=1 r=1 est={0 1} aux={0}
INFO: 01:34:06.890377 self-stabilizing-binary-consensus.go:435: est[1][3]={0 1} aux[1][3]={0}
INFO: 01:34:06.893990 self-stabilizing-binary-consensus.go:443: SEND flag=0 r=1 est={1} aux={0}
INFO: 01:34:06.894048 self-stabilizing-binary-consensus.go:433: RECEIVE j=0 flag=0 r=1 est={0} aux={0}
INFO: 01:34:06.894076 self-stabilizing-binary-consensus.go:435: est[1][0]={0 1} aux[1][0]={0}
INFO: 01:34:06.900348 self-stabilizing-binary-consensus.go:433: RECEIVE j=1 flag=0 r=1 est={0} aux={1}
INFO: 01:34:06.900446 self-stabilizing-binary-consensus.go:435: est[1][1]={0 1} aux[1][1]={1}
INFO: 01:34:06.917368 self-stabilizing-binary-consensus.go:200: binValues(1,3)={0 1}
INFO: 01:34:06.917454 self-stabilizing-binary-consensus.go:227: infoResults()={}
INFO: 01:34:06.917487 self-stabilizing-binary-consensus.go:93: round=1 repeat=17
INFO: 01:34:06.917513 self-stabilizing-binary-consensus.go:200: binValues(1,3)={0 1}
INFO: 01:34:06.917537 self-stabilizing-binary-consensus.go:200: binValues(1,2)={0 1}
INFO: 01:34:06.920055 self-stabilizing-binary-consensus.go:141: SEND flag=1 r=1 est={0 1} aux={0}
INFO: 01:34:06.925491 self-stabilizing-binary-consensus.go:433: RECEIVE j=0 flag=0 r=1 est={0} aux={0}
INFO: 01:34:06.925537 self-stabilizing-binary-consensus.go:435: est[1][0]={0 1} aux[1][0]={0}
INFO: 01:34:06.925816 self-stabilizing-binary-consensus.go:433: RECEIVE j=3 flag=0 r=1 est={1} aux={0}
INFO: 01:34:06.925867 self-stabilizing-binary-consensus.go:435: est[1][3]={0 1} aux[1][3]={0}
INFO: 01:34:06.932102 self-stabilizing-binary-consensus.go:433: RECEIVE j=1 flag=0 r=1 est={0} aux={1}
INFO: 01:34:06.932151 self-stabilizing-binary-consensus.go:435: est[1][1]={0 1} aux[1][1]={1}
INFO: 01:34:08.856897 self-stabilizing-binary-consensus.go:433: RECEIVE j=0 flag=1 r=1 est={0 1} aux={0}
INFO: 01:34:08.857043 self-stabilizing-binary-consensus.go:435: est[1][0]={0 1} aux[1][0]={0}
INFO: 01:34:08.864732 self-stabilizing-binary-consensus.go:443: SEND flag=0 r=1 est={1} aux={0}
INFO: 01:34:08.865277 self-stabilizing-binary-consensus.go:433: RECEIVE j=3 flag=0 r=1 est={1} aux={0}
INFO: 01:34:08.865321 self-stabilizing-binary-consensus.go:435: est[1][3]={0 1} aux[1][3]={0}
INFO: 01:34:08.869028 self-stabilizing-binary-consensus.go:433: RECEIVE j=1 flag=0 r=1 est={0} aux={1}
INFO: 01:34:08.869069 self-stabilizing-binary-consensus.go:435: est[1][1]={0 1} aux[1][1]={1}
INFO: 01:34:08.892976 self-stabilizing-binary-consensus.go:433: RECEIVE j=3 flag=1 r=1 est={0 1} aux={0}
INFO: 01:34:08.893031 self-stabilizing-binary-consensus.go:435: est[1][3]={0 1} aux[1][3]={0}
INFO: 01:34:08.897729 self-stabilizing-binary-consensus.go:443: SEND flag=0 r=1 est={1} aux={0}
INFO: 01:34:08.898882 self-stabilizing-binary-consensus.go:433: RECEIVE j=0 flag=0 r=1 est={0} aux={0}
INFO: 01:34:08.898982 self-stabilizing-binary-consensus.go:435: est[1][0]={0 1} aux[1][0]={0}
INFO: 01:34:08.904785 self-stabilizing-binary-consensus.go:433: RECEIVE j=1 flag=0 r=1 est={0} aux={1}
INFO: 01:34:08.904830 self-stabilizing-binary-consensus.go:435: est[1][1]={0 1} aux[1][1]={1}
INFO: 01:34:08.925129 self-stabilizing-binary-consensus.go:200: binValues(1,3)={0 1}
INFO: 01:34:08.925187 self-stabilizing-binary-consensus.go:227: infoResults()={}
INFO: 01:34:08.925222 self-stabilizing-binary-consensus.go:93: round=1 repeat=18
INFO: 01:34:08.925242 self-stabilizing-binary-consensus.go:200: binValues(1,3)={0 1}
INFO: 01:34:08.925262 self-stabilizing-binary-consensus.go:200: binValues(1,2)={0 1}
INFO: 01:34:08.927011 self-stabilizing-binary-consensus.go:141: SEND flag=1 r=1 est={0 1} aux={0}
INFO: 01:34:08.929904 self-stabilizing-binary-consensus.go:433: RECEIVE j=3 flag=0 r=1 est={1} aux={0}
INFO: 01:34:08.929993 self-stabilizing-binary-consensus.go:435: est[1][3]={0 1} aux[1][3]={0}
INFO: 01:34:08.931703 self-stabilizing-binary-consensus.go:433: RECEIVE j=0 flag=0 r=1 est={0} aux={0}
INFO: 01:34:08.931745 self-stabilizing-binary-consensus.go:435: est[1][0]={0 1} aux[1][0]={0}
INFO: 01:34:08.936365 self-stabilizing-binary-consensus.go:433: RECEIVE j=1 flag=0 r=1 est={0} aux={1}
INFO: 01:34:08.936411 self-stabilizing-binary-consensus.go:435: est[1][1]={0 1} aux[1][1]={1}
INFO: 01:34:10.861863 self-stabilizing-binary-consensus.go:433: RECEIVE j=0 flag=1 r=1 est={0 1} aux={0}
INFO: 01:34:10.862099 self-stabilizing-binary-consensus.go:435: est[1][0]={0 1} aux[1][0]={0}
INFO: 01:34:10.866865 self-stabilizing-binary-consensus.go:443: SEND flag=0 r=1 est={1} aux={0}
INFO: 01:34:10.869965 self-stabilizing-binary-consensus.go:433: RECEIVE j=3 flag=0 r=1 est={1} aux={0}
INFO: 01:34:10.870013 self-stabilizing-binary-consensus.go:435: est[1][3]={0 1} aux[1][3]={0}
INFO: 01:34:10.886141 self-stabilizing-binary-consensus.go:433: RECEIVE j=1 flag=0 r=1 est={0} aux={1}
INFO: 01:34:10.886239 self-stabilizing-binary-consensus.go:435: est[1][1]={0 1} aux[1][1]={1}
INFO: 01:34:10.894456 self-stabilizing-binary-consensus.go:433: RECEIVE j=3 flag=1 r=1 est={0 1} aux={0}
INFO: 01:34:10.894842 self-stabilizing-binary-consensus.go:435: est[1][3]={0 1} aux[1][3]={0}
INFO: 01:34:10.904441 self-stabilizing-binary-consensus.go:443: SEND flag=0 r=1 est={1} aux={0}
INFO: 01:34:10.904482 self-stabilizing-binary-consensus.go:433: RECEIVE j=0 flag=0 r=1 est={0} aux={0}
INFO: 01:34:10.904502 self-stabilizing-binary-consensus.go:435: est[1][0]={0 1} aux[1][0]={0}
INFO: 01:34:10.905966 self-stabilizing-binary-consensus.go:433: RECEIVE j=1 flag=0 r=1 est={0} aux={1}
INFO: 01:34:10.906114 self-stabilizing-binary-consensus.go:435: est[1][1]={0 1} aux[1][1]={1}
INFO: 01:34:10.929220 self-stabilizing-binary-consensus.go:200: binValues(1,3)={0 1}
INFO: 01:34:10.929344 self-stabilizing-binary-consensus.go:227: infoResults()={}
INFO: 01:34:10.929588 self-stabilizing-binary-consensus.go:93: round=1 repeat=19
INFO: 01:34:10.929667 self-stabilizing-binary-consensus.go:200: binValues(1,3)={0 1}
INFO: 01:34:10.929946 self-stabilizing-binary-consensus.go:200: binValues(1,2)={0 1}
INFO: 01:34:10.931954 self-stabilizing-binary-consensus.go:141: SEND flag=1 r=1 est={0 1} aux={0}
INFO: 01:34:10.937468 self-stabilizing-binary-consensus.go:433: RECEIVE j=0 flag=0 r=1 est={0} aux={0}
INFO: 01:34:10.937522 self-stabilizing-binary-consensus.go:435: est[1][0]={0 1} aux[1][0]={0}
INFO: 01:34:10.941730 self-stabilizing-binary-consensus.go:433: RECEIVE j=3 flag=0 r=1 est={1} aux={0}
INFO: 01:34:10.941771 self-stabilizing-binary-consensus.go:435: est[1][3]={0 1} aux[1][3]={0}
INFO: 01:34:10.944222 self-stabilizing-binary-consensus.go:433: RECEIVE j=1 flag=0 r=1 est={0} aux={1}
INFO: 01:34:10.944261 self-stabilizing-binary-consensus.go:435: est[1][1]={0 1} aux[1][1]={1}
INFO: 01:34:12.873825 self-stabilizing-binary-consensus.go:433: RECEIVE j=0 flag=1 r=1 est={0 1} aux={0}
INFO: 01:34:12.873889 self-stabilizing-binary-consensus.go:435: est[1][0]={0 1} aux[1][0]={0}
INFO: 01:34:12.875681 self-stabilizing-binary-consensus.go:443: SEND flag=0 r=1 est={1} aux={0}
INFO: 01:34:12.878806 self-stabilizing-binary-consensus.go:433: RECEIVE j=3 flag=0 r=1 est={1} aux={0}
INFO: 01:34:12.878861 self-stabilizing-binary-consensus.go:435: est[1][3]={0 1} aux[1][3]={0}
INFO: 01:34:12.895354 self-stabilizing-binary-consensus.go:433: RECEIVE j=1 flag=0 r=1 est={0} aux={1}
INFO: 01:34:12.895451 self-stabilizing-binary-consensus.go:435: est[1][1]={0 1} aux[1][1]={1}
INFO: 01:34:12.907044 self-stabilizing-binary-consensus.go:433: RECEIVE j=3 flag=1 r=1 est={0 1} aux={0}
INFO: 01:34:12.907102 self-stabilizing-binary-consensus.go:435: est[1][3]={0 1} aux[1][3]={0}
INFO: 01:34:12.916830 self-stabilizing-binary-consensus.go:443: SEND flag=0 r=1 est={1} aux={0}
INFO: 01:34:12.916876 self-stabilizing-binary-consensus.go:433: RECEIVE j=0 flag=0 r=1 est={0} aux={0}
INFO: 01:34:12.916897 self-stabilizing-binary-consensus.go:435: est[1][0]={0 1} aux[1][0]={0}
INFO: 01:34:12.916916 self-stabilizing-binary-consensus.go:433: RECEIVE j=1 flag=0 r=1 est={0} aux={1}
INFO: 01:34:12.916933 self-stabilizing-binary-consensus.go:435: est[1][1]={0 1} aux[1][1]={1}
INFO: 01:34:12.935443 self-stabilizing-binary-consensus.go:200: binValues(1,3)={0 1}
INFO: 01:34:12.935526 self-stabilizing-binary-consensus.go:227: infoResults()={}
INFO: 01:34:12.935548 self-stabilizing-binary-consensus.go:93: round=1 repeat=20
INFO: 01:34:12.935567 self-stabilizing-binary-consensus.go:200: binValues(1,3)={0 1}
INFO: 01:34:12.935584 self-stabilizing-binary-consensus.go:200: binValues(1,2)={0 1}
INFO: 01:34:12.937290 self-stabilizing-binary-consensus.go:141: SEND flag=1 r=1 est={0 1} aux={0}
INFO: 01:34:12.940768 self-stabilizing-binary-consensus.go:433: RECEIVE j=0 flag=0 r=1 est={0} aux={0}
INFO: 01:34:12.941813 self-stabilizing-binary-consensus.go:435: est[1][0]={0 1} aux[1][0]={0}
INFO: 01:34:12.943638 self-stabilizing-binary-consensus.go:433: RECEIVE j=3 flag=0 r=1 est={1} aux={0}
INFO: 01:34:12.944108 self-stabilizing-binary-consensus.go:435: est[1][3]={0 1} aux[1][3]={0}
INFO: 01:34:12.944839 self-stabilizing-binary-consensus.go:433: RECEIVE j=1 flag=0 r=1 est={0} aux={1}
INFO: 01:34:12.944864 self-stabilizing-binary-consensus.go:435: est[1][1]={0 1} aux[1][1]={1}
