INFO: 01:40:48.866984 main.go:29: ID:2 | N:4 | F:1 | Clients:1 | Scenario:NORMAL | Remote:false

INFO: 01:40:48.867533 messenger.go:90: Receive from Server 0 on tcp://*:4200
INFO: 01:40:48.867699 messenger.go:107: Send to Server 0 on tcp://localhost:4002
INFO: 01:40:48.867757 messenger.go:90: Receive from Server 1 on tcp://*:4201
INFO: 01:40:48.867785 messenger.go:107: Send to Server 1 on tcp://localhost:4102
INFO: 01:40:48.867835 messenger.go:90: Receive from Server 3 on tcp://*:4203
INFO: 01:40:48.867862 messenger.go:107: Send to Server 3 on tcp://localhost:4302
INFO: 01:40:48.867869 messenger.go:113: -----------------------------------------
INFO: 01:40:48.867970 messenger.go:135: Requests from Client 0 on tcp://*:7200
INFO: 01:40:48.869466 messenger.go:152: Response to Client 0 on tcp://*:10200
INFO: 01:40:48.869525 messenger.go:155: -----------------------------------------

INFO: 01:40:48.870579 main.go:83: Initial estimate value:  1
INFO: 01:40:48.870657 self-stabilizing-binary-consensus.go:78: Round:1
INFO: 01:40:48.870715 self-stabilizing-binary-consensus.go:118: binValues(1,3)={} w=-1
INFO: 01:40:48.870744 self-stabilizing-binary-consensus.go:129: binValues(1,2)={} w=-1
INFO: 01:40:48.877241 self-stabilizing-binary-consensus.go:133: SEND flag=1 r=1 est={1} aux={}
INFO: 01:40:48.885243 self-stabilizing-binary-consensus.go:414: RECEIVE j=1 flag=1 r=1 est={0} aux={}
INFO: 01:40:48.885440 self-stabilizing-binary-consensus.go:431: est[1][1]={0} aux[1][1]={}
INFO: 01:40:49.038448 self-stabilizing-binary-consensus.go:438: SEND flag=0 r=1 est={1} aux={}
INFO: 01:40:49.038520 self-stabilizing-binary-consensus.go:414: RECEIVE j=0 flag=1 r=1 est={0} aux={}
INFO: 01:40:49.038533 self-stabilizing-binary-consensus.go:431: est[1][0]={0} aux[1][0]={}
INFO: 01:40:49.049642 self-stabilizing-binary-consensus.go:438: SEND flag=0 r=1 est={1} aux={}
INFO: 01:40:49.049739 self-stabilizing-binary-consensus.go:414: RECEIVE j=3 flag=1 r=1 est={1} aux={}
INFO: 01:40:49.049829 self-stabilizing-binary-consensus.go:431: est[1][3]={1} aux[1][3]={}
INFO: 01:40:49.052743 self-stabilizing-binary-consensus.go:438: SEND flag=0 r=1 est={1} aux={}
INFO: 01:40:49.052833 self-stabilizing-binary-consensus.go:414: RECEIVE j=1 flag=0 r=1 est={0} aux={}
INFO: 01:40:49.052864 self-stabilizing-binary-consensus.go:431: est[1][1]={0} aux[1][1]={}
INFO: 01:40:49.052883 self-stabilizing-binary-consensus.go:414: RECEIVE j=3 flag=0 r=1 est={1} aux={}
INFO: 01:40:49.052901 self-stabilizing-binary-consensus.go:431: est[1][3]={1} aux[1][3]={}
INFO: 01:40:49.052919 self-stabilizing-binary-consensus.go:414: RECEIVE j=0 flag=0 r=1 est={0} aux={}
INFO: 01:40:49.052936 self-stabilizing-binary-consensus.go:431: est[1][0]={0} aux[1][0]={}
INFO: 01:40:49.052954 self-stabilizing-binary-consensus.go:414: RECEIVE j=0 flag=0 r=1 est={0} aux={}
INFO: 01:40:49.052972 self-stabilizing-binary-consensus.go:431: est[1][0]={0} aux[1][0]={}
INFO: 01:40:49.052990 self-stabilizing-binary-consensus.go:414: RECEIVE j=1 flag=0 r=1 est={0} aux={}
INFO: 01:40:49.053007 self-stabilizing-binary-consensus.go:431: est[1][1]={0} aux[1][1]={}
INFO: 01:40:49.053025 self-stabilizing-binary-consensus.go:414: RECEIVE j=1 flag=0 r=1 est={0} aux={}
INFO: 01:40:49.053043 self-stabilizing-binary-consensus.go:431: est[1][1]={0} aux[1][1]={}
INFO: 01:40:49.053135 self-stabilizing-binary-consensus.go:414: RECEIVE j=3 flag=0 r=1 est={1} aux={}
INFO: 01:40:49.053175 self-stabilizing-binary-consensus.go:431: est[1][3]={1} aux[1][3]={}
INFO: 01:40:49.053197 self-stabilizing-binary-consensus.go:414: RECEIVE j=0 flag=0 r=1 est={0} aux={}
INFO: 01:40:49.053214 self-stabilizing-binary-consensus.go:431: est[1][0]={0} aux[1][0]={}
INFO: 01:40:49.053535 self-stabilizing-binary-consensus.go:414: RECEIVE j=3 flag=0 r=1 est={1} aux={}
INFO: 01:40:49.053615 self-stabilizing-binary-consensus.go:431: est[1][3]={1} aux[1][3]={}
INFO: 01:40:56.862352 self-stabilizing-binary-consensus.go:414: RECEIVE j=0 flag=1 r=1 est={0 1} aux={}
INFO: 01:40:56.868331 self-stabilizing-binary-consensus.go:431: est[1][0]={0 1} aux[1][0]={}
INFO: 01:40:56.876133 self-stabilizing-binary-consensus.go:438: SEND flag=0 r=1 est={1} aux={}
INFO: 01:40:56.876272 self-stabilizing-binary-consensus.go:414: RECEIVE j=3 flag=0 r=1 est={1} aux={}
INFO: 01:40:56.876312 self-stabilizing-binary-consensus.go:431: est[1][3]={1} aux[1][3]={}
INFO: 01:40:56.876322 self-stabilizing-binary-consensus.go:414: RECEIVE j=1 flag=0 r=1 est={0} aux={}
INFO: 01:40:56.876327 self-stabilizing-binary-consensus.go:431: est[1][1]={0} aux[1][1]={}
INFO: 01:40:56.878416 self-stabilizing-binary-consensus.go:118: binValues(1,3)={} w=-1
INFO: 01:40:56.878473 self-stabilizing-binary-consensus.go:129: binValues(1,2)={} w=-1
INFO: 01:40:56.889293 self-stabilizing-binary-consensus.go:414: RECEIVE j=1 flag=1 r=1 est={0 1} aux={1}
INFO: 01:40:56.889317 self-stabilizing-binary-consensus.go:431: est[1][1]={0 1} aux[1][1]={1}
INFO: 01:40:56.889691 self-stabilizing-binary-consensus.go:133: SEND flag=1 r=1 est={0 1} aux={}
INFO: 01:40:56.918245 self-stabilizing-binary-consensus.go:438: SEND flag=0 r=1 est={1} aux={}
INFO: 01:40:56.918710 self-stabilizing-binary-consensus.go:414: RECEIVE j=3 flag=1 r=1 est={0 1} aux={}
INFO: 01:40:56.918746 self-stabilizing-binary-consensus.go:431: est[1][3]={0 1} aux[1][3]={}
INFO: 01:40:56.944258 self-stabilizing-binary-consensus.go:438: SEND flag=0 r=1 est={1} aux={}
INFO: 01:40:56.944374 self-stabilizing-binary-consensus.go:414: RECEIVE j=0 flag=0 r=1 est={0} aux={}
INFO: 01:40:56.944388 self-stabilizing-binary-consensus.go:431: est[1][0]={0 1} aux[1][0]={}
INFO: 01:40:56.944945 self-stabilizing-binary-consensus.go:414: RECEIVE j=3 flag=0 r=1 est={1} aux={}
INFO: 01:40:56.945382 self-stabilizing-binary-consensus.go:431: est[1][3]={0 1} aux[1][3]={}
INFO: 01:40:56.949015 self-stabilizing-binary-consensus.go:414: RECEIVE j=0 flag=0 r=1 est={0} aux={}
INFO: 01:40:56.949092 self-stabilizing-binary-consensus.go:431: est[1][0]={0 1} aux[1][0]={}
INFO: 01:40:56.949446 self-stabilizing-binary-consensus.go:414: RECEIVE j=0 flag=0 r=1 est={0} aux={}
INFO: 01:40:56.949466 self-stabilizing-binary-consensus.go:431: est[1][0]={0 1} aux[1][0]={}
INFO: 01:40:56.950062 self-stabilizing-binary-consensus.go:414: RECEIVE j=3 flag=0 r=1 est={1} aux={}
INFO: 01:40:56.950180 self-stabilizing-binary-consensus.go:431: est[1][3]={0 1} aux[1][3]={}
INFO: 01:40:56.957570 self-stabilizing-binary-consensus.go:414: RECEIVE j=1 flag=0 r=1 est={0} aux={1}
INFO: 01:40:56.957623 self-stabilizing-binary-consensus.go:431: est[1][1]={0 1} aux[1][1]={1}
INFO: 01:40:56.958700 self-stabilizing-binary-consensus.go:414: RECEIVE j=1 flag=0 r=1 est={0} aux={1}
INFO: 01:40:56.958725 self-stabilizing-binary-consensus.go:431: est[1][1]={0 1} aux[1][1]={1}
