INFO: 01:45:18.470255 main.go:29: ID:2 | N:4 | F:1 | Clients:1 | Scenario:NORMAL | Remote:false

INFO: 01:45:18.473621 messenger.go:90: Receive from Server 0 on tcp://*:4200
INFO: 01:45:18.474020 messenger.go:107: Send to Server 0 on tcp://localhost:4002
INFO: 01:45:18.474145 messenger.go:90: Receive from Server 1 on tcp://*:4201
INFO: 01:45:18.474218 messenger.go:107: Send to Server 1 on tcp://localhost:4102
INFO: 01:45:18.474374 messenger.go:90: Receive from Server 3 on tcp://*:4203
INFO: 01:45:18.474537 messenger.go:107: Send to Server 3 on tcp://localhost:4302
INFO: 01:45:18.474626 messenger.go:113: -----------------------------------------
INFO: 01:45:18.474737 messenger.go:135: Requests from Client 0 on tcp://*:7200
INFO: 01:45:18.491531 messenger.go:152: Response to Client 0 on tcp://*:10200
INFO: 01:45:18.491637 messenger.go:155: -----------------------------------------

INFO: 01:45:18.495119 main.go:83: Initial estimate value:  1
INFO: 01:45:18.500753 self-stabilizing-binary-consensus.go:78: Round:1
INFO: 01:45:18.501149 self-stabilizing-binary-consensus.go:118: binValues(1,3)={} w=-1
INFO: 01:45:18.501386 self-stabilizing-binary-consensus.go:129: binValues(1,2)={} w=-1
INFO: 01:45:18.504954 self-stabilizing-binary-consensus.go:133: SEND flag=1 r=1 est={1} aux={}
INFO: 01:45:18.519523 self-stabilizing-binary-consensus.go:419: RECEIVE j=3 flag=1 r=1 est={1} aux={}
INFO: 01:45:18.519638 self-stabilizing-binary-consensus.go:436: est[1][3]={1} aux[1][3]={}
INFO: 01:45:18.660953 self-stabilizing-binary-consensus.go:443: SEND flag=0 r=1 est={1} aux={}
INFO: 01:45:18.661289 self-stabilizing-binary-consensus.go:419: RECEIVE j=1 flag=1 r=1 est={0} aux={}
INFO: 01:45:18.661322 self-stabilizing-binary-consensus.go:436: est[1][1]={0} aux[1][1]={}
INFO: 01:45:18.669912 self-stabilizing-binary-consensus.go:443: SEND flag=0 r=1 est={1} aux={}
INFO: 01:45:18.670162 self-stabilizing-binary-consensus.go:419: RECEIVE j=0 flag=0 r=1 est={0} aux={}
INFO: 01:45:18.671359 self-stabilizing-binary-consensus.go:436: est[1][0]={0} aux[1][0]={}
INFO: 01:45:18.671390 self-stabilizing-binary-consensus.go:419: RECEIVE j=0 flag=1 r=1 est={0} aux={}
INFO: 01:45:18.671407 self-stabilizing-binary-consensus.go:436: est[1][0]={0} aux[1][0]={}
INFO: 01:45:18.673208 self-stabilizing-binary-consensus.go:443: SEND flag=0 r=1 est={1} aux={}
INFO: 01:45:18.673260 self-stabilizing-binary-consensus.go:419: RECEIVE j=0 flag=0 r=1 est={0} aux={}
INFO: 01:45:18.673345 self-stabilizing-binary-consensus.go:436: est[1][0]={0} aux[1][0]={}
INFO: 01:45:18.674441 self-stabilizing-binary-consensus.go:419: RECEIVE j=1 flag=0 r=1 est={0} aux={}
INFO: 01:45:18.674500 self-stabilizing-binary-consensus.go:436: est[1][1]={0} aux[1][1]={}
INFO: 01:45:18.674541 self-stabilizing-binary-consensus.go:419: RECEIVE j=0 flag=0 r=1 est={0} aux={}
INFO: 01:45:18.674563 self-stabilizing-binary-consensus.go:436: est[1][0]={0} aux[1][0]={}
INFO: 01:45:18.674583 self-stabilizing-binary-consensus.go:419: RECEIVE j=3 flag=0 r=1 est={1} aux={}
INFO: 01:45:18.674615 self-stabilizing-binary-consensus.go:436: est[1][3]={1} aux[1][3]={}
INFO: 01:45:18.674671 self-stabilizing-binary-consensus.go:419: RECEIVE j=1 flag=0 r=1 est={0} aux={}
INFO: 01:45:18.674709 self-stabilizing-binary-consensus.go:436: est[1][1]={0} aux[1][1]={}
INFO: 01:45:18.674748 self-stabilizing-binary-consensus.go:419: RECEIVE j=3 flag=0 r=1 est={1} aux={}
INFO: 01:45:18.674769 self-stabilizing-binary-consensus.go:436: est[1][3]={1} aux[1][3]={}
INFO: 01:45:18.674789 self-stabilizing-binary-consensus.go:419: RECEIVE j=1 flag=0 r=1 est={0} aux={}
INFO: 01:45:18.674878 self-stabilizing-binary-consensus.go:436: est[1][1]={0} aux[1][1]={}
INFO: 01:45:18.674904 self-stabilizing-binary-consensus.go:419: RECEIVE j=3 flag=0 r=1 est={1} aux={}
INFO: 01:45:18.674935 self-stabilizing-binary-consensus.go:436: est[1][3]={1} aux[1][3]={}
INFO: 01:45:26.517112 self-stabilizing-binary-consensus.go:118: binValues(1,3)={} w=-1
INFO: 01:45:26.517301 self-stabilizing-binary-consensus.go:129: binValues(1,2)={0} w=-1
INFO: 01:45:26.524503 self-stabilizing-binary-consensus.go:133: SEND flag=1 r=1 est={0 1} aux={}
INFO: 01:45:26.526439 self-stabilizing-binary-consensus.go:419: RECEIVE j=3 flag=1 r=1 est={0 1} aux={}
INFO: 01:45:26.527229 self-stabilizing-binary-consensus.go:436: est[1][3]={0 1} aux[1][3]={}
INFO: 01:45:26.539143 self-stabilizing-binary-consensus.go:443: SEND flag=0 r=1 est={1} aux={}
INFO: 01:45:26.540324 self-stabilizing-binary-consensus.go:419: RECEIVE j=3 flag=0 r=1 est={1} aux={}
INFO: 01:45:26.540341 self-stabilizing-binary-consensus.go:436: est[1][3]={0 1} aux[1][3]={}
INFO: 01:45:26.540351 self-stabilizing-binary-consensus.go:419: RECEIVE j=0 flag=0 r=1 est={0} aux={}
INFO: 01:45:26.540358 self-stabilizing-binary-consensus.go:436: est[1][0]={0} aux[1][0]={}
INFO: 01:45:26.540784 self-stabilizing-binary-consensus.go:419: RECEIVE j=1 flag=0 r=1 est={0} aux={}
INFO: 01:45:26.540844 self-stabilizing-binary-consensus.go:436: est[1][1]={0} aux[1][1]={}
INFO: 01:45:26.541531 self-stabilizing-binary-consensus.go:419: RECEIVE j=1 flag=0 r=1 est={0} aux={}
INFO: 01:45:26.541567 self-stabilizing-binary-consensus.go:436: est[1][1]={0} aux[1][1]={}
INFO: 01:45:26.544893 self-stabilizing-binary-consensus.go:419: RECEIVE j=0 flag=0 r=1 est={0} aux={}
INFO: 01:45:26.544949 self-stabilizing-binary-consensus.go:436: est[1][0]={0} aux[1][0]={}
INFO: 01:45:26.547505 self-stabilizing-binary-consensus.go:419: RECEIVE j=1 flag=1 r=1 est={0 1} aux={0}
INFO: 01:45:26.548092 self-stabilizing-binary-consensus.go:436: est[1][1]={0 1} aux[1][1]={0}
INFO: 01:45:26.553220 self-stabilizing-binary-consensus.go:443: SEND flag=0 r=1 est={1} aux={}
INFO: 01:45:26.553435 self-stabilizing-binary-consensus.go:419: RECEIVE j=3 flag=0 r=1 est={1} aux={}
INFO: 01:45:26.553468 self-stabilizing-binary-consensus.go:436: est[1][3]={0 1} aux[1][3]={}
INFO: 01:45:26.553731 self-stabilizing-binary-consensus.go:419: RECEIVE j=0 flag=0 r=1 est={0} aux={}
INFO: 01:45:26.554396 self-stabilizing-binary-consensus.go:436: est[1][0]={0} aux[1][0]={}
INFO: 01:45:26.660754 self-stabilizing-binary-consensus.go:419: RECEIVE j=0 flag=1 r=1 est={0 1} aux={0}
INFO: 01:45:26.662226 self-stabilizing-binary-consensus.go:436: est[1][0]={0 1} aux[1][0]={0}
INFO: 01:45:26.674030 self-stabilizing-binary-consensus.go:443: SEND flag=0 r=1 est={1} aux={}
INFO: 01:45:26.674173 self-stabilizing-binary-consensus.go:419: RECEIVE j=3 flag=0 r=1 est={1} aux={}
INFO: 01:45:26.674249 self-stabilizing-binary-consensus.go:436: est[1][3]={0 1} aux[1][3]={}
INFO: 01:45:26.674301 self-stabilizing-binary-consensus.go:419: RECEIVE j=1 flag=0 r=1 est={0} aux={0}
INFO: 01:45:26.674331 self-stabilizing-binary-consensus.go:436: est[1][1]={0 1} aux[1][1]={0}
