INFO: 01:17:46.709931 main.go:29: ID:2 | N:4 | F:1 | Clients:1 | Scenario:NORMAL | Remote:false

INFO: 01:17:46.710557 messenger.go:90: Receive from Server 0 on tcp://*:4200
INFO: 01:17:46.710859 messenger.go:107: Send to Server 0 on tcp://localhost:4002
INFO: 01:17:46.712674 messenger.go:90: Receive from Server 1 on tcp://*:4201
INFO: 01:17:46.713512 messenger.go:107: Send to Server 1 on tcp://localhost:4102
INFO: 01:17:46.713878 messenger.go:90: Receive from Server 3 on tcp://*:4203
INFO: 01:17:46.713947 messenger.go:107: Send to Server 3 on tcp://localhost:4302
INFO: 01:17:46.714109 messenger.go:113: -----------------------------------------
INFO: 01:17:46.714172 messenger.go:135: Requests from Client 0 on tcp://*:7200
INFO: 01:17:46.714228 messenger.go:152: Response to Client 0 on tcp://*:10200
INFO: 01:17:46.714258 messenger.go:155: -----------------------------------------

INFO: 01:17:46.719350 main.go:83: Initial estimate value:  1
INFO: 01:17:46.719416 self-stabilizing-binary-consensus.go:77: Round:1
INFO: 01:17:46.719452 self-stabilizing-binary-consensus.go:116: binValues(1,3)={} w=-1
INFO: 01:17:46.719471 self-stabilizing-binary-consensus.go:127: binValues(1,2)={} w=-1
INFO: 01:17:46.721407 self-stabilizing-binary-consensus.go:131: SEND flag=1 r=1 est={1} aux={}
INFO: 01:17:46.847450 self-stabilizing-binary-consensus.go:404: RECEIVE j=0 flag=1 r=1 est={0} aux={}
INFO: 01:17:46.847493 self-stabilizing-binary-consensus.go:421: est[1][0]={0} aux[1][0]={}
INFO: 01:17:46.852384 self-stabilizing-binary-consensus.go:428: SEND flag=0 r=1 est={1} aux={}
INFO: 01:17:46.871783 self-stabilizing-binary-consensus.go:404: RECEIVE j=1 flag=1 r=1 est={0} aux={}
INFO: 01:17:46.871820 self-stabilizing-binary-consensus.go:421: est[1][1]={0} aux[1][1]={}
INFO: 01:17:46.874201 self-stabilizing-binary-consensus.go:428: SEND flag=0 r=1 est={1} aux={}
INFO: 01:17:46.874454 self-stabilizing-binary-consensus.go:404: RECEIVE j=0 flag=0 r=1 est={0} aux={}
INFO: 01:17:46.874495 self-stabilizing-binary-consensus.go:421: est[1][0]={0} aux[1][0]={}
INFO: 01:17:46.877279 self-stabilizing-binary-consensus.go:404: RECEIVE j=3 flag=1 r=1 est={1} aux={}
INFO: 01:17:46.877310 self-stabilizing-binary-consensus.go:421: est[1][3]={1} aux[1][3]={}
INFO: 01:17:46.880813 self-stabilizing-binary-consensus.go:428: SEND flag=0 r=1 est={1} aux={}
INFO: 01:17:46.880909 self-stabilizing-binary-consensus.go:404: RECEIVE j=1 flag=0 r=1 est={0} aux={}
INFO: 01:17:46.880990 self-stabilizing-binary-consensus.go:421: est[1][1]={0} aux[1][1]={}
INFO: 01:17:46.881557 self-stabilizing-binary-consensus.go:404: RECEIVE j=3 flag=0 r=1 est={1} aux={}
INFO: 01:17:46.881607 self-stabilizing-binary-consensus.go:421: est[1][3]={1} aux[1][3]={}
INFO: 01:17:46.888971 self-stabilizing-binary-consensus.go:404: RECEIVE j=1 flag=0 r=1 est={0} aux={}
INFO: 01:17:46.889315 self-stabilizing-binary-consensus.go:421: est[1][1]={0} aux[1][1]={}
INFO: 01:17:46.892274 self-stabilizing-binary-consensus.go:404: RECEIVE j=0 flag=0 r=1 est={0} aux={}
INFO: 01:17:46.894482 self-stabilizing-binary-consensus.go:421: est[1][0]={0} aux[1][0]={}
INFO: 01:17:46.898225 self-stabilizing-binary-consensus.go:404: RECEIVE j=3 flag=0 r=1 est={1} aux={}
INFO: 01:17:46.898290 self-stabilizing-binary-consensus.go:421: est[1][3]={1} aux[1][3]={}
INFO: 01:17:46.898549 self-stabilizing-binary-consensus.go:404: RECEIVE j=0 flag=0 r=1 est={0} aux={}
INFO: 01:17:46.898583 self-stabilizing-binary-consensus.go:421: est[1][0]={0} aux[1][0]={}
INFO: 01:17:46.905292 self-stabilizing-binary-consensus.go:404: RECEIVE j=3 flag=0 r=1 est={1} aux={}
INFO: 01:17:46.906645 self-stabilizing-binary-consensus.go:421: est[1][3]={1} aux[1][3]={}
INFO: 01:17:46.908797 self-stabilizing-binary-consensus.go:404: RECEIVE j=1 flag=0 r=1 est={0} aux={}
INFO: 01:17:46.908981 self-stabilizing-binary-consensus.go:421: est[1][1]={0} aux[1][1]={}
