INFO: 01:35:35.386846 main.go:29: ID:2 | N:4 | F:1 | Clients:1 | Scenario:NORMAL | Remote:false

INFO: 01:35:35.387376 messenger.go:90: Receive from Server 0 on tcp://*:4200
INFO: 01:35:35.387572 messenger.go:107: Send to Server 0 on tcp://localhost:4002
INFO: 01:35:35.387686 messenger.go:90: Receive from Server 1 on tcp://*:4201
INFO: 01:35:35.387789 messenger.go:107: Send to Server 1 on tcp://localhost:4102
INFO: 01:35:35.387895 messenger.go:90: Receive from Server 3 on tcp://*:4203
INFO: 01:35:35.387997 messenger.go:107: Send to Server 3 on tcp://localhost:4302
INFO: 01:35:35.388046 messenger.go:113: -----------------------------------------
INFO: 01:35:35.388191 messenger.go:135: Requests from Client 0 on tcp://*:7200
INFO: 01:35:35.388298 messenger.go:152: Response to Client 0 on tcp://*:10200
INFO: 01:35:35.388325 messenger.go:155: -----------------------------------------

INFO: 01:35:35.390455 main.go:83: Initial estimate value:  1
INFO: 01:35:35.390678 self-stabilizing-binary-consensus.go:78: Round:1
INFO: 01:35:35.390785 self-stabilizing-binary-consensus.go:118: binValues(1,3)={} w=-1
INFO: 01:35:35.390929 self-stabilizing-binary-consensus.go:129: binValues(1,2)={} w=-1
INFO: 01:35:35.393077 self-stabilizing-binary-consensus.go:133: SEND flag=1 r=1 est={1} aux={}
INFO: 01:35:35.406681 self-stabilizing-binary-consensus.go:413: RECEIVE j=3 flag=1 r=1 est={1} aux={}
INFO: 01:35:35.407142 self-stabilizing-binary-consensus.go:430: est[1][3]={1} aux[1][3]={}
INFO: 01:35:35.417356 self-stabilizing-binary-consensus.go:437: SEND flag=0 r=1 est={1} aux={}
INFO: 01:35:35.417507 self-stabilizing-binary-consensus.go:413: RECEIVE j=1 flag=1 r=1 est={0} aux={}
INFO: 01:35:35.417564 self-stabilizing-binary-consensus.go:430: est[1][1]={0} aux[1][1]={}
INFO: 01:35:35.421968 self-stabilizing-binary-consensus.go:437: SEND flag=0 r=1 est={1} aux={}
INFO: 01:35:35.425863 self-stabilizing-binary-consensus.go:413: RECEIVE j=1 flag=0 r=1 est={0} aux={}
INFO: 01:35:35.425913 self-stabilizing-binary-consensus.go:430: est[1][1]={0} aux[1][1]={}
INFO: 01:35:35.425991 self-stabilizing-binary-consensus.go:413: RECEIVE j=0 flag=1 r=1 est={0} aux={}
INFO: 01:35:35.426046 self-stabilizing-binary-consensus.go:430: est[1][0]={0} aux[1][0]={}
INFO: 01:35:35.433163 self-stabilizing-binary-consensus.go:437: SEND flag=0 r=1 est={1} aux={}
INFO: 01:35:35.433620 self-stabilizing-binary-consensus.go:413: RECEIVE j=3 flag=0 r=1 est={1} aux={}
INFO: 01:35:35.433767 self-stabilizing-binary-consensus.go:430: est[1][3]={1} aux[1][3]={}
INFO: 01:35:35.433858 self-stabilizing-binary-consensus.go:413: RECEIVE j=1 flag=0 r=1 est={0} aux={}
INFO: 01:35:35.433940 self-stabilizing-binary-consensus.go:430: est[1][1]={0} aux[1][1]={}
INFO: 01:35:35.434060 self-stabilizing-binary-consensus.go:413: RECEIVE j=3 flag=0 r=1 est={1} aux={}
INFO: 01:35:35.434158 self-stabilizing-binary-consensus.go:430: est[1][3]={1} aux[1][3]={}
INFO: 01:35:35.434226 self-stabilizing-binary-consensus.go:413: RECEIVE j=0 flag=0 r=1 est={0} aux={}
INFO: 01:35:35.434901 self-stabilizing-binary-consensus.go:430: est[1][0]={0} aux[1][0]={}
INFO: 01:35:35.435017 self-stabilizing-binary-consensus.go:413: RECEIVE j=0 flag=0 r=1 est={0} aux={}
INFO: 01:35:35.435059 self-stabilizing-binary-consensus.go:430: est[1][0]={0} aux[1][0]={}
INFO: 01:35:35.435250 self-stabilizing-binary-consensus.go:413: RECEIVE j=1 flag=0 r=1 est={0} aux={}
INFO: 01:35:35.435293 self-stabilizing-binary-consensus.go:430: est[1][1]={0} aux[1][1]={}
INFO: 01:35:35.435357 self-stabilizing-binary-consensus.go:413: RECEIVE j=0 flag=0 r=1 est={0} aux={}
INFO: 01:35:35.435394 self-stabilizing-binary-consensus.go:430: est[1][0]={0} aux[1][0]={}
INFO: 01:35:35.435452 self-stabilizing-binary-consensus.go:413: RECEIVE j=3 flag=0 r=1 est={1} aux={}
INFO: 01:35:35.435491 self-stabilizing-binary-consensus.go:430: est[1][3]={1} aux[1][3]={}
INFO: 01:35:43.406180 self-stabilizing-binary-consensus.go:413: RECEIVE j=3 flag=1 r=1 est={0 1} aux={}
INFO: 01:35:43.406282 self-stabilizing-binary-consensus.go:430: est[1][3]={0 1} aux[1][3]={}
INFO: 01:35:43.408682 self-stabilizing-binary-consensus.go:118: binValues(1,3)={0} w=0
INFO: 01:35:43.408888 self-stabilizing-binary-consensus.go:123: aux[1][2]=0
INFO: 01:35:43.408923 self-stabilizing-binary-consensus.go:129: binValues(1,2)={0} w=0
INFO: 01:35:43.419059 self-stabilizing-binary-consensus.go:133: SEND flag=1 r=1 est={0 1} aux={0}
INFO: 01:35:43.430561 self-stabilizing-binary-consensus.go:437: SEND flag=0 r=1 est={1} aux={0}
INFO: 01:35:43.430812 self-stabilizing-binary-consensus.go:413: RECEIVE j=0 flag=0 r=1 est={0} aux={}
INFO: 01:35:43.430903 self-stabilizing-binary-consensus.go:430: est[1][0]={0} aux[1][0]={}
INFO: 01:35:43.430921 self-stabilizing-binary-consensus.go:413: RECEIVE j=0 flag=0 r=1 est={0} aux={}
INFO: 01:35:43.431009 self-stabilizing-binary-consensus.go:430: est[1][0]={0} aux[1][0]={}
INFO: 01:35:43.435890 self-stabilizing-binary-consensus.go:413: RECEIVE j=1 flag=1 r=1 est={0 1} aux={}
INFO: 01:35:43.436062 self-stabilizing-binary-consensus.go:430: est[1][1]={0 1} aux[1][1]={}
INFO: 01:35:43.442049 self-stabilizing-binary-consensus.go:437: SEND flag=0 r=1 est={1} aux={0}
INFO: 01:35:43.442126 self-stabilizing-binary-consensus.go:413: RECEIVE j=3 flag=0 r=1 est={1} aux={}
INFO: 01:35:43.442295 self-stabilizing-binary-consensus.go:430: est[1][3]={0 1} aux[1][3]={}
INFO: 01:35:43.443266 self-stabilizing-binary-consensus.go:413: RECEIVE j=0 flag=1 r=1 est={0 1} aux={}
INFO: 01:35:43.443345 self-stabilizing-binary-consensus.go:430: est[1][0]={0 1} aux[1][0]={}
INFO: 01:35:43.451757 self-stabilizing-binary-consensus.go:437: SEND flag=0 r=1 est={1} aux={0}
INFO: 01:35:43.451829 self-stabilizing-binary-consensus.go:413: RECEIVE j=1 flag=0 r=1 est={0} aux={}
INFO: 01:35:43.452389 self-stabilizing-binary-consensus.go:430: est[1][1]={0 1} aux[1][1]={}
INFO: 01:35:43.452450 self-stabilizing-binary-consensus.go:413: RECEIVE j=0 flag=0 r=1 est={0} aux={}
INFO: 01:35:43.452516 self-stabilizing-binary-consensus.go:430: est[1][0]={0 1} aux[1][0]={}
INFO: 01:35:43.452564 self-stabilizing-binary-consensus.go:413: RECEIVE j=3 flag=0 r=1 est={1} aux={}
INFO: 01:35:43.452638 self-stabilizing-binary-consensus.go:430: est[1][3]={0 1} aux[1][3]={}
INFO: 01:35:43.452766 self-stabilizing-binary-consensus.go:413: RECEIVE j=1 flag=0 r=1 est={0} aux={}
INFO: 01:35:43.452795 self-stabilizing-binary-consensus.go:430: est[1][1]={0 1} aux[1][1]={}
INFO: 01:35:43.454076 self-stabilizing-binary-consensus.go:413: RECEIVE j=1 flag=0 r=1 est={0} aux={}
INFO: 01:35:43.454117 self-stabilizing-binary-consensus.go:430: est[1][1]={0 1} aux[1][1]={}
INFO: 01:35:43.454329 self-stabilizing-binary-consensus.go:413: RECEIVE j=3 flag=0 r=1 est={1} aux={}
INFO: 01:35:43.454403 self-stabilizing-binary-consensus.go:430: est[1][3]={0 1} aux[1][3]={}
