INFO: 17:55:05.061826 main.go:29: ID:2 | N:4 | F:1 | Clients:1 | Scenario:NORMAL | Remote:false

INFO: 17:55:05.063952 messenger.go:90: Receive from Server 0 on tcp://*:4200
INFO: 17:55:05.064365 messenger.go:107: Send to Server 0 on tcp://localhost:4002
INFO: 17:55:05.064821 messenger.go:90: Receive from Server 1 on tcp://*:4201
INFO: 17:55:05.064888 messenger.go:107: Send to Server 1 on tcp://localhost:4102
INFO: 17:55:05.065610 messenger.go:90: Receive from Server 3 on tcp://*:4203
INFO: 17:55:05.065976 messenger.go:107: Send to Server 3 on tcp://localhost:4302
INFO: 17:55:05.066293 messenger.go:113: -----------------------------------------
INFO: 17:55:05.067959 messenger.go:135: Requests from Client 0 on tcp://*:7200
INFO: 17:55:05.068303 messenger.go:152: Response to Client 0 on tcp://*:10200
INFO: 17:55:05.068333 messenger.go:155: -----------------------------------------

INFO: 17:55:05.074464 main.go:83: Initial estimate value:  1
INFO: 17:55:05.074664 self-stabilizing-binary-consensus.go:90: round=1 repeat=1
INFO: 17:55:05.076124 self-stabilizing-binary-consensus.go:127: binValues(1,3)={} w=-1
INFO: 17:55:05.077080 self-stabilizing-binary-consensus.go:410: RECEIVE j=3 flag=1 r=1 est={1} aux={}
INFO: 17:55:05.077211 self-stabilizing-binary-consensus.go:427: est[1][3]={1} aux[1][3]={}
INFO: 17:55:05.080573 self-stabilizing-binary-consensus.go:434: SEND flag=0 r=1 est={1} aux={}
INFO: 17:55:05.085031 self-stabilizing-binary-consensus.go:410: RECEIVE j=1 flag=1 r=1 est={0} aux={}
INFO: 17:55:05.085075 self-stabilizing-binary-consensus.go:427: est[1][1]={0} aux[1][1]={}
INFO: 17:55:05.179357 self-stabilizing-binary-consensus.go:142: binValues(1,2)={} w=-1
INFO: 17:55:05.179400 self-stabilizing-binary-consensus.go:143: SEND flag=1 r=1 est={1} aux={}
INFO: 17:55:05.189324 self-stabilizing-binary-consensus.go:434: SEND flag=0 r=1 est={1} aux={}
INFO: 17:55:05.195516 self-stabilizing-binary-consensus.go:410: RECEIVE j=1 flag=0 r=1 est={0} aux={}
INFO: 17:55:05.195576 self-stabilizing-binary-consensus.go:427: est[1][1]={0} aux[1][1]={}
INFO: 17:55:05.201679 self-stabilizing-binary-consensus.go:410: RECEIVE j=0 flag=1 r=1 est={0} aux={}
INFO: 17:55:05.201741 self-stabilizing-binary-consensus.go:427: est[1][0]={0} aux[1][0]={}
INFO: 17:55:05.204788 self-stabilizing-binary-consensus.go:434: SEND flag=0 r=1 est={1} aux={}
INFO: 17:55:05.253806 self-stabilizing-binary-consensus.go:410: RECEIVE j=0 flag=0 r=1 est={0} aux={}
INFO: 17:55:05.253833 self-stabilizing-binary-consensus.go:427: est[1][0]={0} aux[1][0]={}
INFO: 17:55:05.261020 self-stabilizing-binary-consensus.go:410: RECEIVE j=1 flag=0 r=1 est={0} aux={}
INFO: 17:55:05.261044 self-stabilizing-binary-consensus.go:427: est[1][1]={0} aux[1][1]={}
INFO: 17:55:05.262225 self-stabilizing-binary-consensus.go:410: RECEIVE j=3 flag=0 r=1 est={1} aux={}
INFO: 17:55:05.262242 self-stabilizing-binary-consensus.go:427: est[1][3]={1} aux[1][3]={}
INFO: 17:55:05.262802 self-stabilizing-binary-consensus.go:410: RECEIVE j=3 flag=0 r=1 est={1} aux={}
INFO: 17:55:05.262816 self-stabilizing-binary-consensus.go:427: est[1][3]={1} aux[1][3]={}
INFO: 17:55:05.263802 self-stabilizing-binary-consensus.go:410: RECEIVE j=0 flag=0 r=1 est={0} aux={}
INFO: 17:55:05.263832 self-stabilizing-binary-consensus.go:427: est[1][0]={0} aux[1][0]={}
INFO: 17:55:05.264735 self-stabilizing-binary-consensus.go:410: RECEIVE j=1 flag=0 r=1 est={0} aux={}
INFO: 17:55:05.264751 self-stabilizing-binary-consensus.go:427: est[1][1]={0} aux[1][1]={}
INFO: 17:55:05.272245 self-stabilizing-binary-consensus.go:410: RECEIVE j=3 flag=0 r=1 est={1} aux={}
INFO: 17:55:05.272297 self-stabilizing-binary-consensus.go:427: est[1][3]={1} aux[1][3]={}
INFO: 17:55:05.281111 self-stabilizing-binary-consensus.go:410: RECEIVE j=0 flag=0 r=1 est={0} aux={}
INFO: 17:55:05.281137 self-stabilizing-binary-consensus.go:427: est[1][0]={0} aux[1][0]={}
INFO: 17:55:10.082672 self-stabilizing-binary-consensus.go:410: RECEIVE j=3 flag=1 r=1 est={0 1} aux={}
INFO: 17:55:10.082686 self-stabilizing-binary-consensus.go:427: est[1][3]={0 1} aux[1][3]={}
INFO: 17:55:10.087119 self-stabilizing-binary-consensus.go:434: SEND flag=0 r=1 est={1} aux={}
INFO: 17:55:10.087155 self-stabilizing-binary-consensus.go:410: RECEIVE j=0 flag=1 r=1 est={0 1} aux={}
INFO: 17:55:10.087163 self-stabilizing-binary-consensus.go:427: est[1][0]={0 1} aux[1][0]={}
INFO: 17:55:10.091647 self-stabilizing-binary-consensus.go:434: SEND flag=0 r=1 est={1} aux={}
INFO: 17:55:10.091942 self-stabilizing-binary-consensus.go:410: RECEIVE j=0 flag=0 r=1 est={0} aux={}
INFO: 17:55:10.091995 self-stabilizing-binary-consensus.go:427: est[1][0]={0 1} aux[1][0]={}
INFO: 17:55:10.092044 self-stabilizing-binary-consensus.go:410: RECEIVE j=1 flag=0 r=1 est={0} aux={}
INFO: 17:55:10.092081 self-stabilizing-binary-consensus.go:427: est[1][1]={0} aux[1][1]={}
INFO: 17:55:10.092170 self-stabilizing-binary-consensus.go:410: RECEIVE j=3 flag=0 r=1 est={1} aux={}
INFO: 17:55:10.092222 self-stabilizing-binary-consensus.go:427: est[1][3]={0 1} aux[1][3]={}
INFO: 17:55:10.092262 self-stabilizing-binary-consensus.go:410: RECEIVE j=1 flag=1 r=1 est={0 1} aux={1}
INFO: 17:55:10.092305 self-stabilizing-binary-consensus.go:427: est[1][1]={0 1} aux[1][1]={1}
INFO: 17:55:10.095850 self-stabilizing-binary-consensus.go:434: SEND flag=0 r=1 est={1} aux={}
INFO: 17:55:10.095882 self-stabilizing-binary-consensus.go:410: RECEIVE j=1 flag=0 r=1 est={0} aux={1}
INFO: 17:55:10.095890 self-stabilizing-binary-consensus.go:427: est[1][1]={0 1} aux[1][1]={1}
INFO: 17:55:10.095895 self-stabilizing-binary-consensus.go:410: RECEIVE j=0 flag=0 r=1 est={0} aux={}
INFO: 17:55:10.095945 self-stabilizing-binary-consensus.go:427: est[1][0]={0 1} aux[1][0]={}
INFO: 17:55:10.098272 self-stabilizing-binary-consensus.go:410: RECEIVE j=3 flag=0 r=1 est={1} aux={}
INFO: 17:55:10.098326 self-stabilizing-binary-consensus.go:427: est[1][3]={0 1} aux[1][3]={}
INFO: 17:55:10.179664 self-stabilizing-binary-consensus.go:148: infoResults()={}
INFO: 17:55:10.179882 self-stabilizing-binary-consensus.go:90: round=1 repeat=2
INFO: 17:55:10.180175 self-stabilizing-binary-consensus.go:127: binValues(1,3)={0 1} w=0
INFO: 17:55:10.180468 self-stabilizing-binary-consensus.go:133: aux[1][2]=0
INFO: 17:55:10.187350 self-stabilizing-binary-consensus.go:142: binValues(1,2)={0 1} w=0
INFO: 17:55:10.188120 self-stabilizing-binary-consensus.go:143: SEND flag=1 r=1 est={0 1} aux={0}
INFO: 17:55:10.199123 self-stabilizing-binary-consensus.go:410: RECEIVE j=0 flag=0 r=1 est={0} aux={}
INFO: 17:55:10.199798 self-stabilizing-binary-consensus.go:427: est[1][0]={0 1} aux[1][0]={}
INFO: 17:55:10.202938 self-stabilizing-binary-consensus.go:410: RECEIVE j=3 flag=0 r=1 est={1} aux={}
INFO: 17:55:10.203047 self-stabilizing-binary-consensus.go:427: est[1][3]={0 1} aux[1][3]={}
INFO: 17:55:10.204980 self-stabilizing-binary-consensus.go:410: RECEIVE j=1 flag=0 r=1 est={0} aux={1}
INFO: 17:55:10.205195 self-stabilizing-binary-consensus.go:427: est[1][1]={0 1} aux[1][1]={1}
INFO: 17:55:15.095808 self-stabilizing-binary-consensus.go:410: RECEIVE j=0 flag=1 r=1 est={0 1} aux={0}
INFO: 17:55:15.099770 self-stabilizing-binary-consensus.go:427: est[1][0]={0 1} aux[1][0]={0}
INFO: 17:55:15.104351 self-stabilizing-binary-consensus.go:434: SEND flag=0 r=1 est={1} aux={0}
INFO: 17:55:15.107278 self-stabilizing-binary-consensus.go:410: RECEIVE j=1 flag=1 r=1 est={0 1} aux={1}
INFO: 17:55:15.107401 self-stabilizing-binary-consensus.go:427: est[1][1]={0 1} aux[1][1]={1}
INFO: 17:55:15.118034 self-stabilizing-binary-consensus.go:434: SEND flag=0 r=1 est={1} aux={0}
INFO: 17:55:15.120000 self-stabilizing-binary-consensus.go:410: RECEIVE j=3 flag=0 r=1 est={1} aux={0}
INFO: 17:55:15.120074 self-stabilizing-binary-consensus.go:427: est[1][3]={0 1} aux[1][3]={0}
INFO: 17:55:15.120096 self-stabilizing-binary-consensus.go:410: RECEIVE j=0 flag=0 r=1 est={0} aux={0}
INFO: 17:55:15.120179 self-stabilizing-binary-consensus.go:427: est[1][0]={0 1} aux[1][0]={0}
INFO: 17:55:15.120223 self-stabilizing-binary-consensus.go:410: RECEIVE j=1 flag=0 r=1 est={0} aux={1}
INFO: 17:55:15.120233 self-stabilizing-binary-consensus.go:427: est[1][1]={0 1} aux[1][1]={1}
INFO: 17:55:15.120247 self-stabilizing-binary-consensus.go:410: RECEIVE j=3 flag=1 r=1 est={0 1} aux={0}
INFO: 17:55:15.120399 self-stabilizing-binary-consensus.go:427: est[1][3]={0 1} aux[1][3]={0}
INFO: 17:55:15.126858 self-stabilizing-binary-consensus.go:434: SEND flag=0 r=1 est={1} aux={0}
INFO: 17:55:15.127038 self-stabilizing-binary-consensus.go:410: RECEIVE j=0 flag=0 r=1 est={0} aux={0}
INFO: 17:55:15.127228 self-stabilizing-binary-consensus.go:427: est[1][0]={0 1} aux[1][0]={0}
INFO: 17:55:15.127380 self-stabilizing-binary-consensus.go:410: RECEIVE j=3 flag=0 r=1 est={1} aux={0}
INFO: 17:55:15.127424 self-stabilizing-binary-consensus.go:427: est[1][3]={0 1} aux[1][3]={0}
INFO: 17:55:15.127447 self-stabilizing-binary-consensus.go:410: RECEIVE j=1 flag=0 r=1 est={0} aux={1}
INFO: 17:55:15.127462 self-stabilizing-binary-consensus.go:427: est[1][1]={0 1} aux[1][1]={1}
INFO: 17:55:15.196353 self-stabilizing-binary-consensus.go:148: infoResults()={}
INFO: 17:55:15.196496 self-stabilizing-binary-consensus.go:90: round=1 repeat=3
INFO: 17:55:15.196553 self-stabilizing-binary-consensus.go:127: binValues(1,3)={0 1} w=0
INFO: 17:55:15.198306 self-stabilizing-binary-consensus.go:142: binValues(1,2)={0 1} w=0
INFO: 17:55:15.198382 self-stabilizing-binary-consensus.go:143: SEND flag=1 r=1 est={0 1} aux={0}
INFO: 17:55:15.201513 self-stabilizing-binary-consensus.go:410: RECEIVE j=0 flag=0 r=1 est={0} aux={0}
INFO: 17:55:15.201539 self-stabilizing-binary-consensus.go:427: est[1][0]={0 1} aux[1][0]={0}
INFO: 17:55:15.202767 self-stabilizing-binary-consensus.go:410: RECEIVE j=3 flag=0 r=1 est={1} aux={0}
INFO: 17:55:15.202823 self-stabilizing-binary-consensus.go:427: est[1][3]={0 1} aux[1][3]={0}
INFO: 17:55:15.204429 self-stabilizing-binary-consensus.go:410: RECEIVE j=1 flag=0 r=1 est={0} aux={1}
INFO: 17:55:15.204513 self-stabilizing-binary-consensus.go:427: est[1][1]={0 1} aux[1][1]={1}
