INFO: 20:31:24.359948 main.go:29: ID:2 | N:4 | F:1 | Clients:1 | Scenario:NORMAL | Remote:false

INFO: 20:31:24.360344 messenger.go:90: Receive from Server 0 on tcp://*:4200
INFO: 20:31:24.360500 messenger.go:107: Send to Server 0 on tcp://localhost:4002
INFO: 20:31:24.360601 messenger.go:90: Receive from Server 1 on tcp://*:4201
INFO: 20:31:24.360815 messenger.go:107: Send to Server 1 on tcp://localhost:4102
INFO: 20:31:24.360928 messenger.go:90: Receive from Server 3 on tcp://*:4203
INFO: 20:31:24.360975 messenger.go:107: Send to Server 3 on tcp://localhost:4302
INFO: 20:31:24.360996 messenger.go:113: -----------------------------------------
INFO: 20:31:24.361036 messenger.go:135: Requests from Client 0 on tcp://*:7200
INFO: 20:31:24.361081 messenger.go:152: Response to Client 0 on tcp://*:10200
INFO: 20:31:24.361103 messenger.go:155: -----------------------------------------

INFO: 20:31:24.363453 main.go:83: Initial estimate value:  0
INFO: 20:31:24.363601 self-stabilizing-binary-consensus.go:90: round=1 repeat=1
INFO: 20:31:24.367854 self-stabilizing-binary-consensus.go:127: binValues(1,3)={} w=-1
INFO: 20:31:24.371986 self-stabilizing-binary-consensus.go:410: RECEIVE j=3 flag=1 r=1 est={0} aux={}
INFO: 20:31:24.372041 self-stabilizing-binary-consensus.go:427: est[1][3]={0} aux[1][3]={}
INFO: 20:31:24.373704 self-stabilizing-binary-consensus.go:142: binValues(1,2)={} w=-1
INFO: 20:31:24.373746 self-stabilizing-binary-consensus.go:143: SEND flag=1 r=1 est={0} aux={}
INFO: 20:31:24.382083 self-stabilizing-binary-consensus.go:434: SEND flag=0 r=1 est={0} aux={}
INFO: 20:31:24.383312 self-stabilizing-binary-consensus.go:410: RECEIVE j=1 flag=1 r=1 est={0} aux={}
INFO: 20:31:24.383363 self-stabilizing-binary-consensus.go:427: est[1][1]={0} aux[1][1]={}
INFO: 20:31:24.386934 self-stabilizing-binary-consensus.go:434: SEND flag=0 r=1 est={0} aux={}
INFO: 20:31:24.388693 self-stabilizing-binary-consensus.go:410: RECEIVE j=1 flag=0 r=1 est={0} aux={}
INFO: 20:31:24.388763 self-stabilizing-binary-consensus.go:427: est[1][1]={0} aux[1][1]={}
INFO: 20:31:24.504286 self-stabilizing-binary-consensus.go:410: RECEIVE j=0 flag=1 r=1 est={0} aux={}
INFO: 20:31:24.504338 self-stabilizing-binary-consensus.go:427: est[1][0]={0} aux[1][0]={}
INFO: 20:31:24.505996 self-stabilizing-binary-consensus.go:434: SEND flag=0 r=1 est={0} aux={}
INFO: 20:31:24.526438 self-stabilizing-binary-consensus.go:410: RECEIVE j=0 flag=0 r=1 est={0} aux={}
INFO: 20:31:24.526474 self-stabilizing-binary-consensus.go:427: est[1][0]={0} aux[1][0]={}
INFO: 20:31:24.529655 self-stabilizing-binary-consensus.go:410: RECEIVE j=0 flag=0 r=1 est={0} aux={}
INFO: 20:31:24.529718 self-stabilizing-binary-consensus.go:427: est[1][0]={0} aux[1][0]={}
INFO: 20:31:24.541939 self-stabilizing-binary-consensus.go:410: RECEIVE j=3 flag=0 r=1 est={0} aux={}
INFO: 20:31:24.541985 self-stabilizing-binary-consensus.go:427: est[1][3]={0} aux[1][3]={}
INFO: 20:31:24.546036 self-stabilizing-binary-consensus.go:410: RECEIVE j=0 flag=0 r=1 est={0} aux={}
INFO: 20:31:24.546047 self-stabilizing-binary-consensus.go:427: est[1][0]={0} aux[1][0]={}
INFO: 20:31:24.549165 self-stabilizing-binary-consensus.go:410: RECEIVE j=3 flag=0 r=1 est={0} aux={}
INFO: 20:31:24.549194 self-stabilizing-binary-consensus.go:427: est[1][3]={0} aux[1][3]={}
INFO: 20:31:24.549391 self-stabilizing-binary-consensus.go:410: RECEIVE j=1 flag=0 r=1 est={0} aux={}
INFO: 20:31:24.549419 self-stabilizing-binary-consensus.go:427: est[1][1]={0} aux[1][1]={}
INFO: 20:31:24.553989 self-stabilizing-binary-consensus.go:410: RECEIVE j=1 flag=0 r=1 est={0} aux={}
INFO: 20:31:24.554024 self-stabilizing-binary-consensus.go:427: est[1][1]={0} aux[1][1]={}
INFO: 20:31:24.554368 self-stabilizing-binary-consensus.go:410: RECEIVE j=3 flag=0 r=1 est={0} aux={}
INFO: 20:31:24.554407 self-stabilizing-binary-consensus.go:427: est[1][3]={0} aux[1][3]={}
INFO: 20:31:29.373756 self-stabilizing-binary-consensus.go:410: RECEIVE j=0 flag=1 r=1 est={0} aux={0}
INFO: 20:31:29.373773 self-stabilizing-binary-consensus.go:427: est[1][0]={0} aux[1][0]={0}
INFO: 20:31:29.375756 self-stabilizing-binary-consensus.go:148: infoResults()={}
INFO: 20:31:29.375795 self-stabilizing-binary-consensus.go:90: round=1 repeat=2
INFO: 20:31:29.375802 self-stabilizing-binary-consensus.go:127: binValues(1,3)={0} w=0
INFO: 20:31:29.375807 self-stabilizing-binary-consensus.go:133: aux[1][2]=0
INFO: 20:31:29.377425 self-stabilizing-binary-consensus.go:142: binValues(1,2)={0} w=0
INFO: 20:31:29.377473 self-stabilizing-binary-consensus.go:143: SEND flag=1 r=1 est={0} aux={0}
INFO: 20:31:29.405108 self-stabilizing-binary-consensus.go:434: SEND flag=0 r=1 est={0} aux={0}
INFO: 20:31:29.406628 self-stabilizing-binary-consensus.go:410: RECEIVE j=3 flag=1 r=1 est={0} aux={0}
INFO: 20:31:29.406677 self-stabilizing-binary-consensus.go:427: est[1][3]={0} aux[1][3]={0}
INFO: 20:31:29.409555 self-stabilizing-binary-consensus.go:434: SEND flag=0 r=1 est={0} aux={0}
INFO: 20:31:29.409595 self-stabilizing-binary-consensus.go:410: RECEIVE j=0 flag=0 r=1 est={0} aux={0}
INFO: 20:31:29.409605 self-stabilizing-binary-consensus.go:427: est[1][0]={0} aux[1][0]={0}
INFO: 20:31:29.409611 self-stabilizing-binary-consensus.go:410: RECEIVE j=3 flag=0 r=1 est={0} aux={0}
INFO: 20:31:29.409615 self-stabilizing-binary-consensus.go:427: est[1][3]={0} aux[1][3]={0}
INFO: 20:31:29.409621 self-stabilizing-binary-consensus.go:410: RECEIVE j=1 flag=0 r=1 est={0} aux={}
INFO: 20:31:29.409625 self-stabilizing-binary-consensus.go:427: est[1][1]={0} aux[1][1]={}
INFO: 20:31:29.409631 self-stabilizing-binary-consensus.go:410: RECEIVE j=1 flag=1 r=1 est={0} aux={0}
INFO: 20:31:29.409635 self-stabilizing-binary-consensus.go:427: est[1][1]={0} aux[1][1]={0}
INFO: 20:31:29.414270 self-stabilizing-binary-consensus.go:434: SEND flag=0 r=1 est={0} aux={0}
INFO: 20:31:29.414519 self-stabilizing-binary-consensus.go:410: RECEIVE j=3 flag=0 r=1 est={0} aux={0}
INFO: 20:31:29.414556 self-stabilizing-binary-consensus.go:427: est[1][3]={0} aux[1][3]={0}
INFO: 20:31:29.414564 self-stabilizing-binary-consensus.go:410: RECEIVE j=0 flag=0 r=1 est={0} aux={0}
INFO: 20:31:29.414570 self-stabilizing-binary-consensus.go:427: est[1][0]={0} aux[1][0]={0}
INFO: 20:31:29.414576 self-stabilizing-binary-consensus.go:410: RECEIVE j=3 flag=0 r=1 est={0} aux={0}
INFO: 20:31:29.414580 self-stabilizing-binary-consensus.go:427: est[1][3]={0} aux[1][3]={0}
INFO: 20:31:29.414586 self-stabilizing-binary-consensus.go:410: RECEIVE j=0 flag=0 r=1 est={0} aux={0}
INFO: 20:31:29.414591 self-stabilizing-binary-consensus.go:427: est[1][0]={0} aux[1][0]={0}
INFO: 20:31:29.414596 self-stabilizing-binary-consensus.go:410: RECEIVE j=1 flag=0 r=1 est={0} aux={0}
INFO: 20:31:29.414601 self-stabilizing-binary-consensus.go:427: est[1][1]={0} aux[1][1]={0}
INFO: 20:31:29.420444 self-stabilizing-binary-consensus.go:410: RECEIVE j=1 flag=0 r=1 est={0} aux={0}
INFO: 20:31:29.420461 self-stabilizing-binary-consensus.go:427: est[1][1]={0} aux[1][1]={0}
INFO: 20:31:34.377882 self-stabilizing-binary-consensus.go:148: infoResults()={0}
INFO: 20:31:34.377926 self-stabilizing-binary-consensus.go:255: randomBit(1)=0
INFO: 20:31:34.377937 self-stabilizing-binary-consensus.go:249: decision=0
INFO: 20:31:34.377962 self-stabilizing-binary-consensus.go:90: round=11 repeat=1
INFO: 20:31:34.377971 self-stabilizing-binary-consensus.go:127: binValues(11,3)={} w=-1
INFO: 20:31:34.379547 self-stabilizing-binary-consensus.go:142: binValues(11,2)={} w=-1
INFO: 20:31:34.379577 self-stabilizing-binary-consensus.go:143: SEND flag=1 r=11 est={0} aux={0}
INFO: 20:31:34.379855 self-stabilizing-binary-consensus.go:410: RECEIVE j=3 flag=1 r=11 est={0} aux={0}
INFO: 20:31:34.379868 self-stabilizing-binary-consensus.go:427: est[11][3]={0} aux[11][3]={0}
INFO: 20:31:34.384466 self-stabilizing-binary-consensus.go:434: SEND flag=0 r=11 est={0} aux={0}
INFO: 20:31:34.384529 self-stabilizing-binary-consensus.go:410: RECEIVE j=0 flag=1 r=11 est={0} aux={0}
INFO: 20:31:34.384542 self-stabilizing-binary-consensus.go:427: est[11][0]={0} aux[11][0]={0}
INFO: 20:31:34.392509 self-stabilizing-binary-consensus.go:434: SEND flag=0 r=11 est={0} aux={0}
INFO: 20:31:34.392583 self-stabilizing-binary-consensus.go:410: RECEIVE j=3 flag=0 r=11 est={0} aux={0}
INFO: 20:31:34.392609 self-stabilizing-binary-consensus.go:427: est[11][3]={0} aux[11][3]={0}
INFO: 20:31:34.392778 self-stabilizing-binary-consensus.go:410: RECEIVE j=3 flag=0 r=11 est={0} aux={0}
INFO: 20:31:34.392808 self-stabilizing-binary-consensus.go:427: est[11][3]={0} aux[11][3]={0}
INFO: 20:31:34.394796 self-stabilizing-binary-consensus.go:410: RECEIVE j=0 flag=0 r=11 est={0} aux={0}
INFO: 20:31:34.394863 self-stabilizing-binary-consensus.go:427: est[11][0]={0} aux[11][0]={0}
INFO: 20:31:34.395039 self-stabilizing-binary-consensus.go:410: RECEIVE j=0 flag=0 r=11 est={0} aux={0}
INFO: 20:31:34.395137 self-stabilizing-binary-consensus.go:427: est[11][0]={0} aux[11][0]={0}
INFO: 20:31:34.402351 self-stabilizing-binary-consensus.go:410: RECEIVE j=1 flag=1 r=11 est={0} aux={0}
INFO: 20:31:34.402393 self-stabilizing-binary-consensus.go:427: est[11][1]={0} aux[11][1]={0}
INFO: 20:31:34.403991 self-stabilizing-binary-consensus.go:434: SEND flag=0 r=11 est={0} aux={0}
INFO: 20:31:34.408776 self-stabilizing-binary-consensus.go:410: RECEIVE j=1 flag=0 r=11 est={0} aux={0}
INFO: 20:31:34.410654 self-stabilizing-binary-consensus.go:427: est[11][1]={0} aux[11][1]={0}
INFO: 20:31:34.412219 self-stabilizing-binary-consensus.go:410: RECEIVE j=1 flag=0 r=11 est={0} aux={0}
INFO: 20:31:34.412311 self-stabilizing-binary-consensus.go:427: est[11][1]={0} aux[11][1]={0}
INFO: 20:31:34.412812 self-stabilizing-binary-consensus.go:410: RECEIVE j=0 flag=0 r=11 est={0} aux={0}
INFO: 20:31:34.412853 self-stabilizing-binary-consensus.go:427: est[11][0]={0} aux[11][0]={0}
INFO: 20:31:34.413242 self-stabilizing-binary-consensus.go:410: RECEIVE j=3 flag=0 r=11 est={0} aux={0}
INFO: 20:31:34.413281 self-stabilizing-binary-consensus.go:427: est[11][3]={0} aux[11][3]={0}
INFO: 20:31:34.415572 self-stabilizing-binary-consensus.go:410: RECEIVE j=1 flag=0 r=11 est={0} aux={0}
INFO: 20:31:34.415661 self-stabilizing-binary-consensus.go:427: est[11][1]={0} aux[11][1]={0}
INFO: 20:31:39.379202 self-stabilizing-binary-consensus.go:410: RECEIVE j=3 flag=1 r=11 est={0} aux={0}
INFO: 20:31:39.379216 self-stabilizing-binary-consensus.go:427: est[11][3]={0} aux[11][3]={0}
INFO: 20:31:39.380417 self-stabilizing-binary-consensus.go:148: infoResults()={0}
INFO: 20:31:39.380497 self-stabilizing-binary-consensus.go:255: randomBit(11)=0
INFO: 20:31:39.380529 self-stabilizing-binary-consensus.go:249: decision=0
INFO: 20:31:39.380558 self-stabilizing-binary-consensus.go:249: decision=0
INFO: 20:31:39.380579 self-stabilizing-binary-consensus.go:90: round=11 repeat=1
INFO: 20:31:39.380589 self-stabilizing-binary-consensus.go:127: binValues(11,3)={0} w=0
INFO: 20:31:39.381673 self-stabilizing-binary-consensus.go:434: SEND flag=0 r=11 est={0} aux={0}
INFO: 20:31:39.394509 self-stabilizing-binary-consensus.go:410: RECEIVE j=0 flag=1 r=11 est={0} aux={0}
INFO: 20:31:39.394647 self-stabilizing-binary-consensus.go:427: est[11][0]={0} aux[11][0]={0}
INFO: 20:31:39.399756 self-stabilizing-binary-consensus.go:410: RECEIVE j=1 flag=0 r=11 est={0} aux={0}
INFO: 20:31:39.399824 self-stabilizing-binary-consensus.go:427: est[11][1]={0} aux[11][1]={0}
INFO: 20:31:39.400853 self-stabilizing-binary-consensus.go:142: binValues(11,2)={0} w=0
INFO: 20:31:39.400872 self-stabilizing-binary-consensus.go:143: SEND flag=1 r=11 est={0} aux={0}
INFO: 20:31:39.401938 self-stabilizing-binary-consensus.go:410: RECEIVE j=1 flag=0 r=11 est={0} aux={0}
INFO: 20:31:39.401966 self-stabilizing-binary-consensus.go:427: est[11][1]={0} aux[11][1]={0}
INFO: 20:31:39.402330 self-stabilizing-binary-consensus.go:410: RECEIVE j=3 flag=0 r=11 est={0} aux={0}
INFO: 20:31:39.402356 self-stabilizing-binary-consensus.go:427: est[11][3]={0} aux[11][3]={0}
INFO: 20:31:39.402370 self-stabilizing-binary-consensus.go:434: SEND flag=0 r=11 est={0} aux={0}
INFO: 20:31:39.410952 self-stabilizing-binary-consensus.go:410: RECEIVE j=0 flag=0 r=11 est={0} aux={0}
INFO: 20:31:39.410992 self-stabilizing-binary-consensus.go:427: est[11][0]={0} aux[11][0]={0}
INFO: 20:31:39.420586 self-stabilizing-binary-consensus.go:410: RECEIVE j=1 flag=0 r=11 est={0} aux={0}
INFO: 20:31:39.420618 self-stabilizing-binary-consensus.go:427: est[11][1]={0} aux[11][1]={0}
INFO: 20:31:39.420964 self-stabilizing-binary-consensus.go:410: RECEIVE j=3 flag=0 r=11 est={0} aux={0}
INFO: 20:31:39.420979 self-stabilizing-binary-consensus.go:427: est[11][3]={0} aux[11][3]={0}
INFO: 20:31:39.423611 self-stabilizing-binary-consensus.go:410: RECEIVE j=1 flag=1 r=11 est={0} aux={0}
INFO: 20:31:39.423644 self-stabilizing-binary-consensus.go:427: est[11][1]={0} aux[11][1]={0}
INFO: 20:31:39.425812 self-stabilizing-binary-consensus.go:434: SEND flag=0 r=11 est={0} aux={0}
INFO: 20:31:39.429104 self-stabilizing-binary-consensus.go:410: RECEIVE j=0 flag=0 r=11 est={0} aux={0}
INFO: 20:31:39.429131 self-stabilizing-binary-consensus.go:427: est[11][0]={0} aux[11][0]={0}
INFO: 20:31:39.431504 self-stabilizing-binary-consensus.go:410: RECEIVE j=3 flag=0 r=11 est={0} aux={0}
INFO: 20:31:39.431529 self-stabilizing-binary-consensus.go:427: est[11][3]={0} aux[11][3]={0}
INFO: 20:31:39.432301 self-stabilizing-binary-consensus.go:410: RECEIVE j=0 flag=0 r=11 est={0} aux={0}
INFO: 20:31:39.432329 self-stabilizing-binary-consensus.go:427: est[11][0]={0} aux[11][0]={0}
INFO: 20:31:44.382967 self-stabilizing-binary-consensus.go:410: RECEIVE j=3 flag=1 r=11 est={0} aux={0}
INFO: 20:31:44.382994 self-stabilizing-binary-consensus.go:427: est[11][3]={0} aux[11][3]={0}
INFO: 20:31:44.388043 self-stabilizing-binary-consensus.go:410: RECEIVE j=0 flag=1 r=11 est={0} aux={0}
INFO: 20:31:44.388084 self-stabilizing-binary-consensus.go:427: est[11][0]={0} aux[11][0]={0}
INFO: 20:31:44.396610 self-stabilizing-binary-consensus.go:434: SEND flag=0 r=11 est={0} aux={0}
INFO: 20:31:44.398890 self-stabilizing-binary-consensus.go:410: RECEIVE j=0 flag=0 r=11 est={0} aux={0}
INFO: 20:31:44.400489 self-stabilizing-binary-consensus.go:427: est[11][0]={0} aux[11][0]={0}
INFO: 20:31:44.400516 self-stabilizing-binary-consensus.go:410: RECEIVE j=1 flag=0 r=11 est={0} aux={0}
INFO: 20:31:44.400524 self-stabilizing-binary-consensus.go:427: est[11][1]={0} aux[11][1]={0}
INFO: 20:31:44.401362 self-stabilizing-binary-consensus.go:148: infoResults()={0}
INFO: 20:31:44.401705 self-stabilizing-binary-consensus.go:255: randomBit(11)=0
INFO: 20:31:44.401736 self-stabilizing-binary-consensus.go:249: decision=0
INFO: 20:31:44.401765 self-stabilizing-binary-consensus.go:249: decision=0
INFO: 20:31:44.401798 self-stabilizing-binary-consensus.go:90: round=11 repeat=1
INFO: 20:31:44.401806 self-stabilizing-binary-consensus.go:127: binValues(11,3)={0} w=0
INFO: 20:31:44.403457 self-stabilizing-binary-consensus.go:142: binValues(11,2)={0} w=0
INFO: 20:31:44.403489 self-stabilizing-binary-consensus.go:143: SEND flag=1 r=11 est={0} aux={0}
INFO: 20:31:44.403710 self-stabilizing-binary-consensus.go:410: RECEIVE j=3 flag=0 r=11 est={0} aux={0}
INFO: 20:31:44.403871 self-stabilizing-binary-consensus.go:427: est[11][3]={0} aux[11][3]={0}
INFO: 20:31:44.407433 self-stabilizing-binary-consensus.go:410: RECEIVE j=0 flag=0 r=11 est={0} aux={0}
INFO: 20:31:44.407459 self-stabilizing-binary-consensus.go:427: est[11][0]={0} aux[11][0]={0}
INFO: 20:31:44.407821 self-stabilizing-binary-consensus.go:410: RECEIVE j=1 flag=0 r=11 est={0} aux={0}
INFO: 20:31:44.407894 self-stabilizing-binary-consensus.go:427: est[11][1]={0} aux[11][1]={0}
INFO: 20:31:44.408730 self-stabilizing-binary-consensus.go:434: SEND flag=0 r=11 est={0} aux={0}
INFO: 20:31:44.413356 self-stabilizing-binary-consensus.go:410: RECEIVE j=3 flag=0 r=11 est={0} aux={0}
INFO: 20:31:44.413486 self-stabilizing-binary-consensus.go:427: est[11][3]={0} aux[11][3]={0}
INFO: 20:31:44.424442 self-stabilizing-binary-consensus.go:410: RECEIVE j=1 flag=0 r=11 est={0} aux={0}
INFO: 20:31:44.424477 self-stabilizing-binary-consensus.go:427: est[11][1]={0} aux[11][1]={0}
INFO: 20:31:44.432300 self-stabilizing-binary-consensus.go:410: RECEIVE j=1 flag=1 r=11 est={0} aux={0}
INFO: 20:31:44.432328 self-stabilizing-binary-consensus.go:427: est[11][1]={0} aux[11][1]={0}
INFO: 20:31:44.434601 self-stabilizing-binary-consensus.go:410: RECEIVE j=3 flag=0 r=11 est={0} aux={0}
INFO: 20:31:44.434662 self-stabilizing-binary-consensus.go:427: est[11][3]={0} aux[11][3]={0}
INFO: 20:31:44.435111 self-stabilizing-binary-consensus.go:434: SEND flag=0 r=11 est={0} aux={0}
INFO: 20:31:44.436365 self-stabilizing-binary-consensus.go:410: RECEIVE j=0 flag=0 r=11 est={0} aux={0}
INFO: 20:31:44.436422 self-stabilizing-binary-consensus.go:427: est[11][0]={0} aux[11][0]={0}
