INFO: 17:24:35.163962 main.go:29: ID:3 | N:4 | F:1 | Clients:1 | Scenario:NORMAL | Remote:false

INFO: 17:24:35.164399 messenger.go:90: Receive from Server 0 on tcp://*:4300
INFO: 17:24:35.164606 messenger.go:107: Send to Server 0 on tcp://localhost:4003
INFO: 17:24:35.164660 messenger.go:90: Receive from Server 1 on tcp://*:4301
INFO: 17:24:35.164720 messenger.go:107: Send to Server 1 on tcp://localhost:4103
INFO: 17:24:35.164766 messenger.go:90: Receive from Server 2 on tcp://*:4302
INFO: 17:24:35.164827 messenger.go:107: Send to Server 2 on tcp://localhost:4203
INFO: 17:24:35.164848 messenger.go:113: -----------------------------------------
INFO: 17:24:35.164881 messenger.go:135: Requests from Client 0 on tcp://*:7300
INFO: 17:24:35.164946 messenger.go:152: Response to Client 0 on tcp://*:10300
INFO: 17:24:35.164966 messenger.go:155: -----------------------------------------

INFO: 17:24:35.166310 main.go:83: Initial estimate value:  1
INFO: 17:24:35.166356 self-stabilizing-binary-consensus.go:90: round=1 repeat=1
INFO: 17:24:35.166366 self-stabilizing-binary-consensus.go:127: binValues(1,3)={} w=-1
INFO: 17:24:35.169518 self-stabilizing-binary-consensus.go:142: binValues(1,2)={} w=-1
INFO: 17:24:35.169598 self-stabilizing-binary-consensus.go:143: SEND flag=1 r=1 est={1} aux={}
INFO: 17:24:35.182766 self-stabilizing-binary-consensus.go:410: RECEIVE j=0 flag=1 r=1 est={0} aux={}
INFO: 17:24:35.182834 self-stabilizing-binary-consensus.go:427: est[1][0]={0} aux[1][0]={}
INFO: 17:24:35.331467 self-stabilizing-binary-consensus.go:434: SEND flag=0 r=1 est={1} aux={}
INFO: 17:24:35.331578 self-stabilizing-binary-consensus.go:410: RECEIVE j=1 flag=1 r=1 est={0} aux={}
INFO: 17:24:35.331660 self-stabilizing-binary-consensus.go:427: est[1][1]={0} aux[1][1]={}
INFO: 17:24:35.341834 self-stabilizing-binary-consensus.go:434: SEND flag=0 r=1 est={1} aux={}
INFO: 17:24:35.341896 self-stabilizing-binary-consensus.go:410: RECEIVE j=1 flag=0 r=1 est={0} aux={}
INFO: 17:24:35.341908 self-stabilizing-binary-consensus.go:427: est[1][1]={0} aux[1][1]={}
INFO: 17:24:35.341915 self-stabilizing-binary-consensus.go:410: RECEIVE j=2 flag=1 r=1 est={1} aux={}
INFO: 17:24:35.341920 self-stabilizing-binary-consensus.go:427: est[1][2]={1} aux[1][2]={}
INFO: 17:24:35.345925 self-stabilizing-binary-consensus.go:434: SEND flag=0 r=1 est={1} aux={}
INFO: 17:24:35.345956 self-stabilizing-binary-consensus.go:410: RECEIVE j=2 flag=0 r=1 est={1} aux={}
INFO: 17:24:35.345968 self-stabilizing-binary-consensus.go:427: est[1][2]={1} aux[1][2]={}
INFO: 17:24:35.345981 self-stabilizing-binary-consensus.go:410: RECEIVE j=1 flag=0 r=1 est={0} aux={}
INFO: 17:24:35.345988 self-stabilizing-binary-consensus.go:427: est[1][1]={0} aux[1][1]={}
INFO: 17:24:35.345997 self-stabilizing-binary-consensus.go:410: RECEIVE j=2 flag=0 r=1 est={1} aux={}
INFO: 17:24:35.346230 self-stabilizing-binary-consensus.go:427: est[1][2]={1} aux[1][2]={}
INFO: 17:24:35.346248 self-stabilizing-binary-consensus.go:410: RECEIVE j=1 flag=0 r=1 est={0} aux={}
INFO: 17:24:35.346257 self-stabilizing-binary-consensus.go:427: est[1][1]={0} aux[1][1]={}
INFO: 17:24:35.346277 self-stabilizing-binary-consensus.go:410: RECEIVE j=2 flag=0 r=1 est={1} aux={}
INFO: 17:24:35.346284 self-stabilizing-binary-consensus.go:427: est[1][2]={1} aux[1][2]={}
INFO: 17:24:35.346295 self-stabilizing-binary-consensus.go:410: RECEIVE j=0 flag=0 r=1 est={0} aux={}
INFO: 17:24:35.346303 self-stabilizing-binary-consensus.go:427: est[1][0]={0} aux[1][0]={}
INFO: 17:24:35.347053 self-stabilizing-binary-consensus.go:410: RECEIVE j=0 flag=0 r=1 est={0} aux={}
INFO: 17:24:35.347108 self-stabilizing-binary-consensus.go:427: est[1][0]={0} aux[1][0]={}
INFO: 17:24:35.350713 self-stabilizing-binary-consensus.go:410: RECEIVE j=0 flag=0 r=1 est={0} aux={}
INFO: 17:24:35.350748 self-stabilizing-binary-consensus.go:427: est[1][0]={0} aux[1][0]={}
INFO: 17:24:37.171347 self-stabilizing-binary-consensus.go:148: infoResults()={}
INFO: 17:24:37.171520 self-stabilizing-binary-consensus.go:90: round=1 repeat=2
INFO: 17:24:37.171567 self-stabilizing-binary-consensus.go:127: binValues(1,3)={} w=-1
INFO: 17:24:37.176554 self-stabilizing-binary-consensus.go:142: binValues(1,2)={0} w=-1
INFO: 17:24:37.176579 self-stabilizing-binary-consensus.go:143: SEND flag=1 r=1 est={0 1} aux={}
INFO: 17:24:37.182085 self-stabilizing-binary-consensus.go:410: RECEIVE j=2 flag=0 r=1 est={1} aux={}
INFO: 17:24:37.182119 self-stabilizing-binary-consensus.go:427: est[1][2]={1} aux[1][2]={}
INFO: 17:24:37.182294 self-stabilizing-binary-consensus.go:410: RECEIVE j=1 flag=0 r=1 est={0} aux={}
INFO: 17:24:37.182304 self-stabilizing-binary-consensus.go:427: est[1][1]={0} aux[1][1]={}
INFO: 17:24:37.182966 self-stabilizing-binary-consensus.go:410: RECEIVE j=0 flag=0 r=1 est={0} aux={}
INFO: 17:24:37.182997 self-stabilizing-binary-consensus.go:427: est[1][0]={0} aux[1][0]={}
INFO: 17:24:37.183296 self-stabilizing-binary-consensus.go:410: RECEIVE j=0 flag=1 r=1 est={0 1} aux={}
INFO: 17:24:37.183320 self-stabilizing-binary-consensus.go:427: est[1][0]={0 1} aux[1][0]={}
INFO: 17:24:37.195293 self-stabilizing-binary-consensus.go:434: SEND flag=0 r=1 est={1} aux={}
INFO: 17:24:37.195661 self-stabilizing-binary-consensus.go:410: RECEIVE j=1 flag=0 r=1 est={0} aux={}
INFO: 17:24:37.195693 self-stabilizing-binary-consensus.go:427: est[1][1]={0} aux[1][1]={}
INFO: 17:24:37.195712 self-stabilizing-binary-consensus.go:410: RECEIVE j=2 flag=0 r=1 est={1} aux={}
INFO: 17:24:37.195729 self-stabilizing-binary-consensus.go:427: est[1][2]={1} aux[1][2]={}
INFO: 17:24:37.195747 self-stabilizing-binary-consensus.go:410: RECEIVE j=1 flag=1 r=1 est={0 1} aux={1}
INFO: 17:24:37.195764 self-stabilizing-binary-consensus.go:427: est[1][1]={0 1} aux[1][1]={1}
INFO: 17:24:37.199940 self-stabilizing-binary-consensus.go:434: SEND flag=0 r=1 est={1} aux={}
INFO: 17:24:37.200072 self-stabilizing-binary-consensus.go:410: RECEIVE j=2 flag=0 r=1 est={1} aux={0}
INFO: 17:24:37.200104 self-stabilizing-binary-consensus.go:427: est[1][2]={1} aux[1][2]={0}
INFO: 17:24:37.200144 self-stabilizing-binary-consensus.go:410: RECEIVE j=2 flag=1 r=1 est={0 1} aux={0}
INFO: 17:24:37.200165 self-stabilizing-binary-consensus.go:427: est[1][2]={0 1} aux[1][2]={0}
INFO: 17:24:37.203614 self-stabilizing-binary-consensus.go:434: SEND flag=0 r=1 est={1} aux={}
INFO: 17:24:37.203660 self-stabilizing-binary-consensus.go:410: RECEIVE j=0 flag=0 r=1 est={0} aux={}
INFO: 17:24:37.203680 self-stabilizing-binary-consensus.go:427: est[1][0]={0 1} aux[1][0]={}
INFO: 17:24:37.203728 self-stabilizing-binary-consensus.go:410: RECEIVE j=0 flag=0 r=1 est={0} aux={}
INFO: 17:24:37.203755 self-stabilizing-binary-consensus.go:427: est[1][0]={0 1} aux[1][0]={}
INFO: 17:24:37.203774 self-stabilizing-binary-consensus.go:410: RECEIVE j=1 flag=0 r=1 est={0} aux={1}
INFO: 17:24:37.203820 self-stabilizing-binary-consensus.go:427: est[1][1]={0 1} aux[1][1]={1}
INFO: 17:24:39.179239 self-stabilizing-binary-consensus.go:148: infoResults()={}
INFO: 17:24:39.179417 self-stabilizing-binary-consensus.go:90: round=1 repeat=3
INFO: 17:24:39.179465 self-stabilizing-binary-consensus.go:127: binValues(1,3)={0 1} w=0
INFO: 17:24:39.179488 self-stabilizing-binary-consensus.go:133: aux[1][3]=0
INFO: 17:24:39.189236 self-stabilizing-binary-consensus.go:142: binValues(1,2)={0 1} w=0
INFO: 17:24:39.189304 self-stabilizing-binary-consensus.go:143: SEND flag=1 r=1 est={0 1} aux={0}
INFO: 17:24:39.207376 self-stabilizing-binary-consensus.go:410: RECEIVE j=0 flag=1 r=1 est={0 1} aux={0}
INFO: 17:24:39.207483 self-stabilizing-binary-consensus.go:427: est[1][0]={0 1} aux[1][0]={0}
INFO: 17:24:39.215406 self-stabilizing-binary-consensus.go:434: SEND flag=0 r=1 est={1} aux={0}
INFO: 17:24:39.215444 self-stabilizing-binary-consensus.go:410: RECEIVE j=1 flag=1 r=1 est={0 1} aux={1}
INFO: 17:24:39.215459 self-stabilizing-binary-consensus.go:427: est[1][1]={0 1} aux[1][1]={1}
INFO: 17:24:39.219749 self-stabilizing-binary-consensus.go:434: SEND flag=0 r=1 est={1} aux={0}
INFO: 17:24:39.219790 self-stabilizing-binary-consensus.go:410: RECEIVE j=2 flag=1 r=1 est={0 1} aux={0}
INFO: 17:24:39.219799 self-stabilizing-binary-consensus.go:427: est[1][2]={0 1} aux[1][2]={0}
INFO: 17:24:39.221974 self-stabilizing-binary-consensus.go:434: SEND flag=0 r=1 est={1} aux={0}
INFO: 17:24:39.222024 self-stabilizing-binary-consensus.go:410: RECEIVE j=1 flag=0 r=1 est={0} aux={1}
INFO: 17:24:39.222044 self-stabilizing-binary-consensus.go:427: est[1][1]={0 1} aux[1][1]={1}
INFO: 17:24:39.222053 self-stabilizing-binary-consensus.go:410: RECEIVE j=2 flag=0 r=1 est={1} aux={0}
INFO: 17:24:39.222063 self-stabilizing-binary-consensus.go:427: est[1][2]={0 1} aux[1][2]={0}
INFO: 17:24:39.222304 self-stabilizing-binary-consensus.go:410: RECEIVE j=0 flag=0 r=1 est={0} aux={0}
INFO: 17:24:39.222363 self-stabilizing-binary-consensus.go:427: est[1][0]={0 1} aux[1][0]={0}
INFO: 17:24:39.224638 self-stabilizing-binary-consensus.go:410: RECEIVE j=2 flag=0 r=1 est={1} aux={0}
INFO: 17:24:39.224667 self-stabilizing-binary-consensus.go:427: est[1][2]={0 1} aux[1][2]={0}
INFO: 17:24:39.225935 self-stabilizing-binary-consensus.go:410: RECEIVE j=2 flag=0 r=1 est={1} aux={0}
INFO: 17:24:39.225991 self-stabilizing-binary-consensus.go:427: est[1][2]={0 1} aux[1][2]={0}
INFO: 17:24:39.226519 self-stabilizing-binary-consensus.go:410: RECEIVE j=1 flag=0 r=1 est={0} aux={1}
INFO: 17:24:39.226542 self-stabilizing-binary-consensus.go:427: est[1][1]={0 1} aux[1][1]={1}
INFO: 17:24:39.228213 self-stabilizing-binary-consensus.go:410: RECEIVE j=0 flag=0 r=1 est={0} aux={0}
INFO: 17:24:39.228260 self-stabilizing-binary-consensus.go:427: est[1][0]={0 1} aux[1][0]={0}
INFO: 17:24:39.229032 self-stabilizing-binary-consensus.go:410: RECEIVE j=1 flag=0 r=1 est={0} aux={1}
INFO: 17:24:39.229087 self-stabilizing-binary-consensus.go:427: est[1][1]={0 1} aux[1][1]={1}
INFO: 17:24:39.231593 self-stabilizing-binary-consensus.go:410: RECEIVE j=0 flag=0 r=1 est={0} aux={0}
INFO: 17:24:39.231605 self-stabilizing-binary-consensus.go:427: est[1][0]={0 1} aux[1][0]={0}
INFO: 17:24:41.190575 self-stabilizing-binary-consensus.go:148: infoResults()={}
INFO: 17:24:41.190672 self-stabilizing-binary-consensus.go:90: round=1 repeat=4
INFO: 17:24:41.190700 self-stabilizing-binary-consensus.go:127: binValues(1,3)={0 1} w=0
INFO: 17:24:41.195646 self-stabilizing-binary-consensus.go:142: binValues(1,2)={0 1} w=0
INFO: 17:24:41.195673 self-stabilizing-binary-consensus.go:143: SEND flag=1 r=1 est={0 1} aux={0}
INFO: 17:24:41.198590 self-stabilizing-binary-consensus.go:410: RECEIVE j=2 flag=0 r=1 est={1} aux={0}
INFO: 17:24:41.198603 self-stabilizing-binary-consensus.go:427: est[1][2]={0 1} aux[1][2]={0}
INFO: 17:24:41.200439 self-stabilizing-binary-consensus.go:410: RECEIVE j=0 flag=0 r=1 est={0} aux={0}
INFO: 17:24:41.200474 self-stabilizing-binary-consensus.go:427: est[1][0]={0 1} aux[1][0]={0}
INFO: 17:24:41.201835 self-stabilizing-binary-consensus.go:410: RECEIVE j=1 flag=0 r=1 est={0} aux={1}
INFO: 17:24:41.201860 self-stabilizing-binary-consensus.go:427: est[1][1]={0 1} aux[1][1]={1}
INFO: 17:24:41.208833 self-stabilizing-binary-consensus.go:410: RECEIVE j=0 flag=1 r=1 est={0 1} aux={0}
INFO: 17:24:41.208859 self-stabilizing-binary-consensus.go:427: est[1][0]={0 1} aux[1][0]={0}
INFO: 17:24:41.210594 self-stabilizing-binary-consensus.go:434: SEND flag=0 r=1 est={1} aux={0}
INFO: 17:24:41.217137 self-stabilizing-binary-consensus.go:410: RECEIVE j=2 flag=0 r=1 est={1} aux={0}
INFO: 17:24:41.217200 self-stabilizing-binary-consensus.go:427: est[1][2]={0 1} aux[1][2]={0}
INFO: 17:24:41.217595 self-stabilizing-binary-consensus.go:410: RECEIVE j=0 flag=0 r=1 est={0} aux={0}
INFO: 17:24:41.217619 self-stabilizing-binary-consensus.go:427: est[1][0]={0 1} aux[1][0]={0}
INFO: 17:24:41.217812 self-stabilizing-binary-consensus.go:410: RECEIVE j=1 flag=0 r=1 est={0} aux={1}
INFO: 17:24:41.217835 self-stabilizing-binary-consensus.go:427: est[1][1]={0 1} aux[1][1]={1}
INFO: 17:24:41.218302 self-stabilizing-binary-consensus.go:410: RECEIVE j=2 flag=1 r=1 est={0 1} aux={0}
INFO: 17:24:41.218335 self-stabilizing-binary-consensus.go:427: est[1][2]={0 1} aux[1][2]={0}
INFO: 17:24:41.220295 self-stabilizing-binary-consensus.go:434: SEND flag=0 r=1 est={1} aux={0}
INFO: 17:24:41.221736 self-stabilizing-binary-consensus.go:410: RECEIVE j=1 flag=0 r=1 est={0} aux={1}
INFO: 17:24:41.221760 self-stabilizing-binary-consensus.go:427: est[1][1]={0 1} aux[1][1]={1}
INFO: 17:24:43.197318 self-stabilizing-binary-consensus.go:148: infoResults()={}
INFO: 17:24:43.197485 self-stabilizing-binary-consensus.go:90: round=1 repeat=5
INFO: 17:24:43.197528 self-stabilizing-binary-consensus.go:127: binValues(1,3)={0 1} w=0
INFO: 17:24:43.203206 self-stabilizing-binary-consensus.go:142: binValues(1,2)={0 1} w=0
INFO: 17:24:43.203249 self-stabilizing-binary-consensus.go:143: SEND flag=1 r=1 est={0 1} aux={0}
INFO: 17:24:43.206099 self-stabilizing-binary-consensus.go:410: RECEIVE j=1 flag=0 r=1 est={0} aux={1}
INFO: 17:24:43.206123 self-stabilizing-binary-consensus.go:427: est[1][1]={0 1} aux[1][1]={1}
INFO: 17:24:43.206841 self-stabilizing-binary-consensus.go:410: RECEIVE j=0 flag=0 r=1 est={0} aux={0}
INFO: 17:24:43.206866 self-stabilizing-binary-consensus.go:427: est[1][0]={0 1} aux[1][0]={0}
INFO: 17:24:43.210167 self-stabilizing-binary-consensus.go:410: RECEIVE j=2 flag=0 r=1 est={1} aux={0}
INFO: 17:24:43.210198 self-stabilizing-binary-consensus.go:427: est[1][2]={0 1} aux[1][2]={0}
INFO: 17:24:43.211668 self-stabilizing-binary-consensus.go:410: RECEIVE j=0 flag=1 r=1 est={0 1} aux={0}
INFO: 17:24:43.211716 self-stabilizing-binary-consensus.go:427: est[1][0]={0 1} aux[1][0]={0}
INFO: 17:24:43.213583 self-stabilizing-binary-consensus.go:434: SEND flag=0 r=1 est={1} aux={0}
INFO: 17:24:43.214810 self-stabilizing-binary-consensus.go:410: RECEIVE j=2 flag=0 r=1 est={1} aux={0}
INFO: 17:24:43.214834 self-stabilizing-binary-consensus.go:427: est[1][2]={0 1} aux[1][2]={0}
INFO: 17:24:43.217285 self-stabilizing-binary-consensus.go:410: RECEIVE j=1 flag=0 r=1 est={0} aux={1}
INFO: 17:24:43.217319 self-stabilizing-binary-consensus.go:427: est[1][1]={0 1} aux[1][1]={1}
INFO: 17:24:43.223125 self-stabilizing-binary-consensus.go:410: RECEIVE j=2 flag=1 r=1 est={0 1} aux={0}
INFO: 17:24:43.223152 self-stabilizing-binary-consensus.go:427: est[1][2]={0 1} aux[1][2]={0}
INFO: 17:24:43.225578 self-stabilizing-binary-consensus.go:434: SEND flag=0 r=1 est={1} aux={0}
INFO: 17:24:43.229312 self-stabilizing-binary-consensus.go:410: RECEIVE j=0 flag=0 r=1 est={0} aux={0}
INFO: 17:24:43.229495 self-stabilizing-binary-consensus.go:427: est[1][0]={0 1} aux[1][0]={0}
INFO: 17:24:43.230183 self-stabilizing-binary-consensus.go:410: RECEIVE j=1 flag=0 r=1 est={0} aux={1}
INFO: 17:24:43.230286 self-stabilizing-binary-consensus.go:427: est[1][1]={0 1} aux[1][1]={1}
INFO: 17:24:45.203610 self-stabilizing-binary-consensus.go:148: infoResults()={}
INFO: 17:24:45.204772 self-stabilizing-binary-consensus.go:90: round=1 repeat=6
INFO: 17:24:45.204960 self-stabilizing-binary-consensus.go:127: binValues(1,3)={0 1} w=0
INFO: 17:24:45.209504 self-stabilizing-binary-consensus.go:142: binValues(1,2)={0 1} w=0
INFO: 17:24:45.210197 self-stabilizing-binary-consensus.go:143: SEND flag=1 r=1 est={0 1} aux={0}
INFO: 17:24:45.216225 self-stabilizing-binary-consensus.go:410: RECEIVE j=0 flag=0 r=1 est={0} aux={0}
INFO: 17:24:45.216273 self-stabilizing-binary-consensus.go:427: est[1][0]={0 1} aux[1][0]={0}
INFO: 17:24:45.217056 self-stabilizing-binary-consensus.go:410: RECEIVE j=2 flag=0 r=1 est={1} aux={0}
INFO: 17:24:45.217087 self-stabilizing-binary-consensus.go:427: est[1][2]={0 1} aux[1][2]={0}
INFO: 17:24:45.217652 self-stabilizing-binary-consensus.go:410: RECEIVE j=0 flag=1 r=1 est={0 1} aux={0}
INFO: 17:24:45.217684 self-stabilizing-binary-consensus.go:427: est[1][0]={0 1} aux[1][0]={0}
INFO: 17:24:45.221348 self-stabilizing-binary-consensus.go:434: SEND flag=0 r=1 est={1} aux={0}
INFO: 17:24:45.221373 self-stabilizing-binary-consensus.go:410: RECEIVE j=1 flag=0 r=1 est={0} aux={1}
INFO: 17:24:45.221381 self-stabilizing-binary-consensus.go:427: est[1][1]={0 1} aux[1][1]={1}
INFO: 17:24:45.221387 self-stabilizing-binary-consensus.go:410: RECEIVE j=2 flag=0 r=1 est={1} aux={0}
INFO: 17:24:45.221391 self-stabilizing-binary-consensus.go:427: est[1][2]={0 1} aux[1][2]={0}
INFO: 17:24:45.222034 self-stabilizing-binary-consensus.go:410: RECEIVE j=1 flag=0 r=1 est={0} aux={1}
INFO: 17:24:45.222318 self-stabilizing-binary-consensus.go:427: est[1][1]={0 1} aux[1][1]={1}
INFO: 17:24:45.225782 self-stabilizing-binary-consensus.go:410: RECEIVE j=2 flag=1 r=1 est={0 1} aux={0}
INFO: 17:24:45.225837 self-stabilizing-binary-consensus.go:427: est[1][2]={0 1} aux[1][2]={0}
INFO: 17:24:45.228265 self-stabilizing-binary-consensus.go:434: SEND flag=0 r=1 est={1} aux={0}
INFO: 17:24:45.228510 self-stabilizing-binary-consensus.go:410: RECEIVE j=0 flag=0 r=1 est={0} aux={0}
INFO: 17:24:45.228542 self-stabilizing-binary-consensus.go:427: est[1][0]={0 1} aux[1][0]={0}
INFO: 17:24:45.231795 self-stabilizing-binary-consensus.go:410: RECEIVE j=1 flag=0 r=1 est={0} aux={1}
INFO: 17:24:45.231808 self-stabilizing-binary-consensus.go:427: est[1][1]={0 1} aux[1][1]={1}
INFO: 17:24:47.211768 self-stabilizing-binary-consensus.go:148: infoResults()={}
INFO: 17:24:47.211826 self-stabilizing-binary-consensus.go:90: round=1 repeat=7
INFO: 17:24:47.211841 self-stabilizing-binary-consensus.go:127: binValues(1,3)={0 1} w=0
INFO: 17:24:47.214488 self-stabilizing-binary-consensus.go:142: binValues(1,2)={0 1} w=0
INFO: 17:24:47.214556 self-stabilizing-binary-consensus.go:143: SEND flag=1 r=1 est={0 1} aux={0}
INFO: 17:24:47.217651 self-stabilizing-binary-consensus.go:410: RECEIVE j=0 flag=0 r=1 est={0} aux={0}
INFO: 17:24:47.217668 self-stabilizing-binary-consensus.go:427: est[1][0]={0 1} aux[1][0]={0}
INFO: 17:24:47.220418 self-stabilizing-binary-consensus.go:410: RECEIVE j=2 flag=0 r=1 est={1} aux={0}
INFO: 17:24:47.220435 self-stabilizing-binary-consensus.go:427: est[1][2]={0 1} aux[1][2]={0}
INFO: 17:24:47.220604 self-stabilizing-binary-consensus.go:410: RECEIVE j=0 flag=1 r=1 est={0 1} aux={0}
INFO: 17:24:47.220614 self-stabilizing-binary-consensus.go:427: est[1][0]={0 1} aux[1][0]={0}
INFO: 17:24:47.228874 self-stabilizing-binary-consensus.go:434: SEND flag=0 r=1 est={1} aux={0}
INFO: 17:24:47.228980 self-stabilizing-binary-consensus.go:410: RECEIVE j=1 flag=0 r=1 est={0} aux={1}
INFO: 17:24:47.229006 self-stabilizing-binary-consensus.go:427: est[1][1]={0 1} aux[1][1]={1}
INFO: 17:24:47.231401 self-stabilizing-binary-consensus.go:410: RECEIVE j=2 flag=0 r=1 est={1} aux={0}
INFO: 17:24:47.231440 self-stabilizing-binary-consensus.go:427: est[1][2]={0 1} aux[1][2]={0}
INFO: 17:24:47.232828 self-stabilizing-binary-consensus.go:410: RECEIVE j=2 flag=1 r=1 est={0 1} aux={0}
INFO: 17:24:47.232997 self-stabilizing-binary-consensus.go:427: est[1][2]={0 1} aux[1][2]={0}
INFO: 17:24:47.239610 self-stabilizing-binary-consensus.go:434: SEND flag=0 r=1 est={1} aux={0}
INFO: 17:24:47.239649 self-stabilizing-binary-consensus.go:410: RECEIVE j=1 flag=0 r=1 est={0} aux={1}
INFO: 17:24:47.239667 self-stabilizing-binary-consensus.go:427: est[1][1]={0 1} aux[1][1]={1}
INFO: 17:24:47.239686 self-stabilizing-binary-consensus.go:410: RECEIVE j=0 flag=0 r=1 est={0} aux={0}
INFO: 17:24:47.239702 self-stabilizing-binary-consensus.go:427: est[1][0]={0 1} aux[1][0]={0}
INFO: 17:24:47.242017 self-stabilizing-binary-consensus.go:410: RECEIVE j=1 flag=0 r=1 est={0} aux={1}
INFO: 17:24:47.242044 self-stabilizing-binary-consensus.go:427: est[1][1]={0 1} aux[1][1]={1}
INFO: 17:24:49.215446 self-stabilizing-binary-consensus.go:148: infoResults()={}
INFO: 17:24:49.215525 self-stabilizing-binary-consensus.go:90: round=1 repeat=8
INFO: 17:24:49.215547 self-stabilizing-binary-consensus.go:127: binValues(1,3)={0 1} w=0
INFO: 17:24:49.222081 self-stabilizing-binary-consensus.go:142: binValues(1,2)={0 1} w=0
INFO: 17:24:49.222135 self-stabilizing-binary-consensus.go:143: SEND flag=1 r=1 est={0 1} aux={0}
INFO: 17:24:49.228891 self-stabilizing-binary-consensus.go:410: RECEIVE j=0 flag=1 r=1 est={0 1} aux={0}
INFO: 17:24:49.228974 self-stabilizing-binary-consensus.go:427: est[1][0]={0 1} aux[1][0]={0}
INFO: 17:24:49.233384 self-stabilizing-binary-consensus.go:434: SEND flag=0 r=1 est={1} aux={0}
INFO: 17:24:49.240304 self-stabilizing-binary-consensus.go:410: RECEIVE j=2 flag=0 r=1 est={1} aux={0}
INFO: 17:24:49.240357 self-stabilizing-binary-consensus.go:427: est[1][2]={0 1} aux[1][2]={0}
INFO: 17:24:49.244728 self-stabilizing-binary-consensus.go:410: RECEIVE j=2 flag=1 r=1 est={0 1} aux={0}
INFO: 17:24:49.244760 self-stabilizing-binary-consensus.go:427: est[1][2]={0 1} aux[1][2]={0}
INFO: 17:24:49.247833 self-stabilizing-binary-consensus.go:434: SEND flag=0 r=1 est={1} aux={0}
INFO: 17:24:49.247889 self-stabilizing-binary-consensus.go:410: RECEIVE j=0 flag=0 r=1 est={0} aux={0}
INFO: 17:24:49.247905 self-stabilizing-binary-consensus.go:427: est[1][0]={0 1} aux[1][0]={0}
INFO: 17:24:49.248300 self-stabilizing-binary-consensus.go:410: RECEIVE j=2 flag=0 r=1 est={1} aux={0}
INFO: 17:24:49.248331 self-stabilizing-binary-consensus.go:427: est[1][2]={0 1} aux[1][2]={0}
INFO: 17:24:49.249290 self-stabilizing-binary-consensus.go:410: RECEIVE j=1 flag=0 r=1 est={0} aux={1}
INFO: 17:24:49.249315 self-stabilizing-binary-consensus.go:427: est[1][1]={0 1} aux[1][1]={1}
INFO: 17:24:49.251567 self-stabilizing-binary-consensus.go:410: RECEIVE j=1 flag=0 r=1 est={0} aux={1}
INFO: 17:24:49.251591 self-stabilizing-binary-consensus.go:427: est[1][1]={0 1} aux[1][1]={1}
INFO: 17:24:49.253434 self-stabilizing-binary-consensus.go:410: RECEIVE j=0 flag=0 r=1 est={0} aux={0}
INFO: 17:24:49.253447 self-stabilizing-binary-consensus.go:427: est[1][0]={0 1} aux[1][0]={0}
INFO: 17:24:49.254965 self-stabilizing-binary-consensus.go:410: RECEIVE j=1 flag=0 r=1 est={0} aux={1}
INFO: 17:24:49.255002 self-stabilizing-binary-consensus.go:427: est[1][1]={0 1} aux[1][1]={1}
INFO: 17:24:51.223842 self-stabilizing-binary-consensus.go:148: infoResults()={}
INFO: 17:24:51.224096 self-stabilizing-binary-consensus.go:90: round=1 repeat=9
INFO: 17:24:51.224999 self-stabilizing-binary-consensus.go:127: binValues(1,3)={0 1} w=0
INFO: 17:24:51.227923 self-stabilizing-binary-consensus.go:142: binValues(1,2)={0 1} w=0
INFO: 17:24:51.227957 self-stabilizing-binary-consensus.go:143: SEND flag=1 r=1 est={0 1} aux={0}
INFO: 17:24:51.233792 self-stabilizing-binary-consensus.go:410: RECEIVE j=2 flag=0 r=1 est={1} aux={0}
INFO: 17:24:51.234339 self-stabilizing-binary-consensus.go:427: est[1][2]={0 1} aux[1][2]={0}
INFO: 17:24:51.235660 self-stabilizing-binary-consensus.go:410: RECEIVE j=1 flag=0 r=1 est={0} aux={1}
INFO: 17:24:51.235688 self-stabilizing-binary-consensus.go:427: est[1][1]={0 1} aux[1][1]={1}
INFO: 17:24:51.235825 self-stabilizing-binary-consensus.go:410: RECEIVE j=0 flag=1 r=1 est={0 1} aux={0}
INFO: 17:24:51.235845 self-stabilizing-binary-consensus.go:427: est[1][0]={0 1} aux[1][0]={0}
INFO: 17:24:51.238856 self-stabilizing-binary-consensus.go:434: SEND flag=0 r=1 est={1} aux={0}
INFO: 17:24:51.242381 self-stabilizing-binary-consensus.go:410: RECEIVE j=0 flag=0 r=1 est={0} aux={0}
INFO: 17:24:51.242401 self-stabilizing-binary-consensus.go:427: est[1][0]={0 1} aux[1][0]={0}
INFO: 17:24:51.247586 self-stabilizing-binary-consensus.go:410: RECEIVE j=1 flag=0 r=1 est={0} aux={1}
INFO: 17:24:51.247705 self-stabilizing-binary-consensus.go:427: est[1][1]={0 1} aux[1][1]={1}
INFO: 17:24:51.251748 self-stabilizing-binary-consensus.go:410: RECEIVE j=2 flag=0 r=1 est={1} aux={0}
INFO: 17:24:51.251781 self-stabilizing-binary-consensus.go:427: est[1][2]={0 1} aux[1][2]={0}
INFO: 17:24:51.253500 self-stabilizing-binary-consensus.go:410: RECEIVE j=2 flag=1 r=1 est={0 1} aux={0}
INFO: 17:24:51.253540 self-stabilizing-binary-consensus.go:427: est[1][2]={0 1} aux[1][2]={0}
INFO: 17:24:51.257396 self-stabilizing-binary-consensus.go:434: SEND flag=0 r=1 est={1} aux={0}
INFO: 17:24:51.259998 self-stabilizing-binary-consensus.go:410: RECEIVE j=0 flag=0 r=1 est={0} aux={0}
INFO: 17:24:51.260016 self-stabilizing-binary-consensus.go:427: est[1][0]={0 1} aux[1][0]={0}
INFO: 17:24:51.262764 self-stabilizing-binary-consensus.go:410: RECEIVE j=1 flag=0 r=1 est={0} aux={1}
INFO: 17:24:51.262979 self-stabilizing-binary-consensus.go:427: est[1][1]={0 1} aux[1][1]={1}
INFO: 17:24:53.228220 self-stabilizing-binary-consensus.go:148: infoResults()={}
INFO: 17:24:53.228415 self-stabilizing-binary-consensus.go:90: round=1 repeat=10
INFO: 17:24:53.228441 self-stabilizing-binary-consensus.go:127: binValues(1,3)={0 1} w=0
INFO: 17:24:53.235982 self-stabilizing-binary-consensus.go:142: binValues(1,2)={0 1} w=0
INFO: 17:24:53.236069 self-stabilizing-binary-consensus.go:143: SEND flag=1 r=1 est={0 1} aux={0}
INFO: 17:24:53.249009 self-stabilizing-binary-consensus.go:410: RECEIVE j=2 flag=0 r=1 est={1} aux={0}
INFO: 17:24:53.251000 self-stabilizing-binary-consensus.go:427: est[1][2]={0 1} aux[1][2]={0}
INFO: 17:24:53.251095 self-stabilizing-binary-consensus.go:410: RECEIVE j=0 flag=1 r=1 est={0 1} aux={0}
INFO: 17:24:53.251266 self-stabilizing-binary-consensus.go:427: est[1][0]={0 1} aux[1][0]={0}
INFO: 17:24:53.260263 self-stabilizing-binary-consensus.go:434: SEND flag=0 r=1 est={1} aux={0}
INFO: 17:24:53.261749 self-stabilizing-binary-consensus.go:410: RECEIVE j=2 flag=1 r=1 est={0 1} aux={0}
INFO: 17:24:53.261785 self-stabilizing-binary-consensus.go:427: est[1][2]={0 1} aux[1][2]={0}
INFO: 17:24:53.269005 self-stabilizing-binary-consensus.go:434: SEND flag=0 r=1 est={1} aux={0}
INFO: 17:24:53.269049 self-stabilizing-binary-consensus.go:410: RECEIVE j=0 flag=0 r=1 est={0} aux={0}
INFO: 17:24:53.269059 self-stabilizing-binary-consensus.go:427: est[1][0]={0 1} aux[1][0]={0}
INFO: 17:24:53.270839 self-stabilizing-binary-consensus.go:410: RECEIVE j=1 flag=0 r=1 est={0} aux={1}
INFO: 17:24:53.271392 self-stabilizing-binary-consensus.go:427: est[1][1]={0 1} aux[1][1]={1}
INFO: 17:24:53.271426 self-stabilizing-binary-consensus.go:410: RECEIVE j=0 flag=0 r=1 est={0} aux={0}
INFO: 17:24:53.271447 self-stabilizing-binary-consensus.go:427: est[1][0]={0 1} aux[1][0]={0}
INFO: 17:24:53.272225 self-stabilizing-binary-consensus.go:410: RECEIVE j=2 flag=0 r=1 est={1} aux={0}
INFO: 17:24:53.272264 self-stabilizing-binary-consensus.go:427: est[1][2]={0 1} aux[1][2]={0}
INFO: 17:24:53.274924 self-stabilizing-binary-consensus.go:410: RECEIVE j=1 flag=0 r=1 est={0} aux={1}
INFO: 17:24:53.275099 self-stabilizing-binary-consensus.go:427: est[1][1]={0 1} aux[1][1]={1}
INFO: 17:24:53.277572 self-stabilizing-binary-consensus.go:410: RECEIVE j=1 flag=0 r=1 est={0} aux={1}
INFO: 17:24:53.277607 self-stabilizing-binary-consensus.go:427: est[1][1]={0 1} aux[1][1]={1}
INFO: 17:24:55.236393 self-stabilizing-binary-consensus.go:148: infoResults()={}
INFO: 17:24:55.236431 self-stabilizing-binary-consensus.go:90: round=1 repeat=11
INFO: 17:24:55.236439 self-stabilizing-binary-consensus.go:127: binValues(1,3)={0 1} w=0
INFO: 17:24:55.238302 self-stabilizing-binary-consensus.go:142: binValues(1,2)={0 1} w=0
INFO: 17:24:55.238320 self-stabilizing-binary-consensus.go:143: SEND flag=1 r=1 est={0 1} aux={0}
INFO: 17:24:55.241478 self-stabilizing-binary-consensus.go:410: RECEIVE j=1 flag=0 r=1 est={0} aux={1}
INFO: 17:24:55.241491 self-stabilizing-binary-consensus.go:427: est[1][1]={0 1} aux[1][1]={1}
INFO: 17:24:55.242282 self-stabilizing-binary-consensus.go:410: RECEIVE j=2 flag=0 r=1 est={1} aux={0}
INFO: 17:24:55.242295 self-stabilizing-binary-consensus.go:427: est[1][2]={0 1} aux[1][2]={0}
INFO: 17:24:55.244387 self-stabilizing-binary-consensus.go:410: RECEIVE j=0 flag=0 r=1 est={0} aux={0}
INFO: 17:24:55.244403 self-stabilizing-binary-consensus.go:427: est[1][0]={0 1} aux[1][0]={0}
INFO: 17:24:55.250823 self-stabilizing-binary-consensus.go:410: RECEIVE j=0 flag=1 r=1 est={0 1} aux={0}
INFO: 17:24:55.250845 self-stabilizing-binary-consensus.go:427: est[1][0]={0 1} aux[1][0]={0}
INFO: 17:24:55.253491 self-stabilizing-binary-consensus.go:434: SEND flag=0 r=1 est={1} aux={0}
INFO: 17:24:55.258954 self-stabilizing-binary-consensus.go:410: RECEIVE j=2 flag=0 r=1 est={1} aux={0}
INFO: 17:24:55.258981 self-stabilizing-binary-consensus.go:427: est[1][2]={0 1} aux[1][2]={0}
INFO: 17:24:55.259774 self-stabilizing-binary-consensus.go:410: RECEIVE j=1 flag=0 r=1 est={0} aux={1}
INFO: 17:24:55.259799 self-stabilizing-binary-consensus.go:427: est[1][1]={0 1} aux[1][1]={1}
INFO: 17:24:55.280552 self-stabilizing-binary-consensus.go:410: RECEIVE j=1 flag=0 r=1 est={0} aux={1}
INFO: 17:24:55.280581 self-stabilizing-binary-consensus.go:427: est[1][1]={0 1} aux[1][1]={1}
INFO: 17:24:55.281483 self-stabilizing-binary-consensus.go:410: RECEIVE j=2 flag=1 r=1 est={0 1} aux={0}
INFO: 17:24:55.281760 self-stabilizing-binary-consensus.go:427: est[1][2]={0 1} aux[1][2]={0}
INFO: 17:24:55.284738 self-stabilizing-binary-consensus.go:434: SEND flag=0 r=1 est={1} aux={0}
INFO: 17:24:55.285942 self-stabilizing-binary-consensus.go:410: RECEIVE j=0 flag=0 r=1 est={0} aux={0}
INFO: 17:24:55.286030 self-stabilizing-binary-consensus.go:427: est[1][0]={0 1} aux[1][0]={0}
INFO: 17:24:57.239086 self-stabilizing-binary-consensus.go:148: infoResults()={}
INFO: 17:24:57.239201 self-stabilizing-binary-consensus.go:90: round=1 repeat=12
INFO: 17:24:57.239232 self-stabilizing-binary-consensus.go:127: binValues(1,3)={0 1} w=0
INFO: 17:24:57.244513 self-stabilizing-binary-consensus.go:142: binValues(1,2)={0 1} w=0
INFO: 17:24:57.244568 self-stabilizing-binary-consensus.go:143: SEND flag=1 r=1 est={0 1} aux={0}
INFO: 17:24:57.253815 self-stabilizing-binary-consensus.go:410: RECEIVE j=2 flag=0 r=1 est={1} aux={0}
INFO: 17:24:57.253860 self-stabilizing-binary-consensus.go:427: est[1][2]={0 1} aux[1][2]={0}
INFO: 17:24:57.257797 self-stabilizing-binary-consensus.go:410: RECEIVE j=1 flag=0 r=1 est={0} aux={1}
INFO: 17:24:57.257893 self-stabilizing-binary-consensus.go:427: est[1][1]={0 1} aux[1][1]={1}
INFO: 17:24:57.260437 self-stabilizing-binary-consensus.go:410: RECEIVE j=0 flag=0 r=1 est={0} aux={0}
INFO: 17:24:57.260497 self-stabilizing-binary-consensus.go:427: est[1][0]={0 1} aux[1][0]={0}
INFO: 17:24:57.278824 self-stabilizing-binary-consensus.go:410: RECEIVE j=0 flag=1 r=1 est={0 1} aux={0}
INFO: 17:24:57.278885 self-stabilizing-binary-consensus.go:427: est[1][0]={0 1} aux[1][0]={0}
INFO: 17:24:57.297555 self-stabilizing-binary-consensus.go:434: SEND flag=0 r=1 est={1} aux={0}
INFO: 17:24:57.297574 self-stabilizing-binary-consensus.go:410: RECEIVE j=1 flag=0 r=1 est={0} aux={1}
INFO: 17:24:57.297579 self-stabilizing-binary-consensus.go:427: est[1][1]={0 1} aux[1][1]={1}
INFO: 17:24:57.297585 self-stabilizing-binary-consensus.go:410: RECEIVE j=2 flag=0 r=1 est={1} aux={0}
INFO: 17:24:57.297589 self-stabilizing-binary-consensus.go:427: est[1][2]={0 1} aux[1][2]={0}
INFO: 17:24:57.297597 self-stabilizing-binary-consensus.go:410: RECEIVE j=2 flag=1 r=1 est={0 1} aux={0}
INFO: 17:24:57.297617 self-stabilizing-binary-consensus.go:427: est[1][2]={0 1} aux[1][2]={0}
INFO: 17:24:57.300945 self-stabilizing-binary-consensus.go:434: SEND flag=0 r=1 est={1} aux={0}
INFO: 17:24:57.300988 self-stabilizing-binary-consensus.go:410: RECEIVE j=1 flag=0 r=1 est={0} aux={1}
INFO: 17:24:57.301084 self-stabilizing-binary-consensus.go:427: est[1][1]={0 1} aux[1][1]={1}
INFO: 17:24:57.301110 self-stabilizing-binary-consensus.go:410: RECEIVE j=0 flag=0 r=1 est={0} aux={0}
INFO: 17:24:57.301174 self-stabilizing-binary-consensus.go:427: est[1][0]={0 1} aux[1][0]={0}
INFO: 17:24:59.244656 self-stabilizing-binary-consensus.go:148: infoResults()={}
INFO: 17:24:59.244762 self-stabilizing-binary-consensus.go:90: round=1 repeat=13
INFO: 17:24:59.244786 self-stabilizing-binary-consensus.go:127: binValues(1,3)={0 1} w=0
INFO: 17:24:59.247836 self-stabilizing-binary-consensus.go:142: binValues(1,2)={0 1} w=0
INFO: 17:24:59.247879 self-stabilizing-binary-consensus.go:143: SEND flag=1 r=1 est={0 1} aux={0}
INFO: 17:24:59.254533 self-stabilizing-binary-consensus.go:410: RECEIVE j=0 flag=0 r=1 est={0} aux={0}
INFO: 17:24:59.254556 self-stabilizing-binary-consensus.go:427: est[1][0]={0 1} aux[1][0]={0}
INFO: 17:24:59.256881 self-stabilizing-binary-consensus.go:410: RECEIVE j=1 flag=0 r=1 est={0} aux={1}
INFO: 17:24:59.256934 self-stabilizing-binary-consensus.go:427: est[1][1]={0 1} aux[1][1]={1}
INFO: 17:24:59.258924 self-stabilizing-binary-consensus.go:410: RECEIVE j=2 flag=0 r=1 est={1} aux={0}
INFO: 17:24:59.259007 self-stabilizing-binary-consensus.go:427: est[1][2]={0 1} aux[1][2]={0}
INFO: 17:24:59.266897 self-stabilizing-binary-consensus.go:410: RECEIVE j=0 flag=1 r=1 est={0 1} aux={0}
INFO: 17:24:59.266932 self-stabilizing-binary-consensus.go:427: est[1][0]={0 1} aux[1][0]={0}
INFO: 17:24:59.270117 self-stabilizing-binary-consensus.go:434: SEND flag=0 r=1 est={1} aux={0}
INFO: 17:24:59.272013 self-stabilizing-binary-consensus.go:410: RECEIVE j=1 flag=0 r=1 est={0} aux={1}
INFO: 17:24:59.272096 self-stabilizing-binary-consensus.go:427: est[1][1]={0 1} aux[1][1]={1}
INFO: 17:24:59.276458 self-stabilizing-binary-consensus.go:410: RECEIVE j=2 flag=0 r=1 est={1} aux={0}
INFO: 17:24:59.276503 self-stabilizing-binary-consensus.go:427: est[1][2]={0 1} aux[1][2]={0}
INFO: 17:24:59.289127 self-stabilizing-binary-consensus.go:410: RECEIVE j=2 flag=1 r=1 est={0 1} aux={0}
INFO: 17:24:59.289174 self-stabilizing-binary-consensus.go:427: est[1][2]={0 1} aux[1][2]={0}
INFO: 17:24:59.292858 self-stabilizing-binary-consensus.go:434: SEND flag=0 r=1 est={1} aux={0}
INFO: 17:24:59.292888 self-stabilizing-binary-consensus.go:410: RECEIVE j=0 flag=0 r=1 est={0} aux={0}
INFO: 17:24:59.292906 self-stabilizing-binary-consensus.go:427: est[1][0]={0 1} aux[1][0]={0}
INFO: 17:24:59.294397 self-stabilizing-binary-consensus.go:410: RECEIVE j=1 flag=0 r=1 est={0} aux={1}
INFO: 17:24:59.294428 self-stabilizing-binary-consensus.go:427: est[1][1]={0 1} aux[1][1]={1}
INFO: 17:25:01.249461 self-stabilizing-binary-consensus.go:148: infoResults()={}
INFO: 17:25:01.249613 self-stabilizing-binary-consensus.go:90: round=1 repeat=14
INFO: 17:25:01.249635 self-stabilizing-binary-consensus.go:127: binValues(1,3)={0 1} w=0
INFO: 17:25:01.252256 self-stabilizing-binary-consensus.go:142: binValues(1,2)={0 1} w=0
INFO: 17:25:01.252407 self-stabilizing-binary-consensus.go:143: SEND flag=1 r=1 est={0 1} aux={0}
INFO: 17:25:01.257867 self-stabilizing-binary-consensus.go:410: RECEIVE j=2 flag=0 r=1 est={1} aux={0}
INFO: 17:25:01.258003 self-stabilizing-binary-consensus.go:427: est[1][2]={0 1} aux[1][2]={0}
INFO: 17:25:01.258343 self-stabilizing-binary-consensus.go:410: RECEIVE j=0 flag=0 r=1 est={0} aux={0}
INFO: 17:25:01.258390 self-stabilizing-binary-consensus.go:427: est[1][0]={0 1} aux[1][0]={0}
INFO: 17:25:01.258627 self-stabilizing-binary-consensus.go:410: RECEIVE j=1 flag=0 r=1 est={0} aux={1}
INFO: 17:25:01.258702 self-stabilizing-binary-consensus.go:427: est[1][1]={0 1} aux[1][1]={1}
INFO: 17:25:01.272517 self-stabilizing-binary-consensus.go:410: RECEIVE j=0 flag=1 r=1 est={0 1} aux={0}
INFO: 17:25:01.274474 self-stabilizing-binary-consensus.go:427: est[1][0]={0 1} aux[1][0]={0}
INFO: 17:25:01.277728 self-stabilizing-binary-consensus.go:434: SEND flag=0 r=1 est={1} aux={0}
INFO: 17:25:01.283610 self-stabilizing-binary-consensus.go:410: RECEIVE j=2 flag=0 r=1 est={1} aux={0}
INFO: 17:25:01.283650 self-stabilizing-binary-consensus.go:427: est[1][2]={0 1} aux[1][2]={0}
INFO: 17:25:01.287613 self-stabilizing-binary-consensus.go:410: RECEIVE j=1 flag=0 r=1 est={0} aux={1}
INFO: 17:25:01.287656 self-stabilizing-binary-consensus.go:427: est[1][1]={0 1} aux[1][1]={1}
INFO: 17:25:01.298573 self-stabilizing-binary-consensus.go:410: RECEIVE j=0 flag=0 r=1 est={0} aux={0}
INFO: 17:25:01.298641 self-stabilizing-binary-consensus.go:427: est[1][0]={0 1} aux[1][0]={0}
INFO: 17:25:01.298886 self-stabilizing-binary-consensus.go:410: RECEIVE j=2 flag=1 r=1 est={0 1} aux={0}
INFO: 17:25:01.298914 self-stabilizing-binary-consensus.go:427: est[1][2]={0 1} aux[1][2]={0}
INFO: 17:25:01.303049 self-stabilizing-binary-consensus.go:434: SEND flag=0 r=1 est={1} aux={0}
INFO: 17:25:01.303162 self-stabilizing-binary-consensus.go:410: RECEIVE j=1 flag=0 r=1 est={0} aux={1}
INFO: 17:25:01.303194 self-stabilizing-binary-consensus.go:427: est[1][1]={0 1} aux[1][1]={1}
INFO: 17:25:03.254762 self-stabilizing-binary-consensus.go:148: infoResults()={}
INFO: 17:25:03.254818 self-stabilizing-binary-consensus.go:90: round=1 repeat=15
INFO: 17:25:03.254832 self-stabilizing-binary-consensus.go:127: binValues(1,3)={0 1} w=0
INFO: 17:25:03.257418 self-stabilizing-binary-consensus.go:142: binValues(1,2)={0 1} w=0
INFO: 17:25:03.257486 self-stabilizing-binary-consensus.go:143: SEND flag=1 r=1 est={0 1} aux={0}
INFO: 17:25:03.262866 self-stabilizing-binary-consensus.go:410: RECEIVE j=2 flag=0 r=1 est={1} aux={0}
INFO: 17:25:03.262908 self-stabilizing-binary-consensus.go:427: est[1][2]={0 1} aux[1][2]={0}
INFO: 17:25:03.264800 self-stabilizing-binary-consensus.go:410: RECEIVE j=0 flag=0 r=1 est={0} aux={0}
INFO: 17:25:03.264838 self-stabilizing-binary-consensus.go:427: est[1][0]={0 1} aux[1][0]={0}
INFO: 17:25:03.266735 self-stabilizing-binary-consensus.go:410: RECEIVE j=1 flag=0 r=1 est={0} aux={1}
INFO: 17:25:03.266776 self-stabilizing-binary-consensus.go:427: est[1][1]={0 1} aux[1][1]={1}
INFO: 17:25:03.277915 self-stabilizing-binary-consensus.go:410: RECEIVE j=0 flag=1 r=1 est={0 1} aux={0}
INFO: 17:25:03.277956 self-stabilizing-binary-consensus.go:427: est[1][0]={0 1} aux[1][0]={0}
INFO: 17:25:03.280668 self-stabilizing-binary-consensus.go:434: SEND flag=0 r=1 est={1} aux={0}
INFO: 17:25:03.281775 self-stabilizing-binary-consensus.go:410: RECEIVE j=2 flag=0 r=1 est={1} aux={0}
INFO: 17:25:03.281810 self-stabilizing-binary-consensus.go:427: est[1][2]={0 1} aux[1][2]={0}
INFO: 17:25:03.288964 self-stabilizing-binary-consensus.go:410: RECEIVE j=1 flag=0 r=1 est={0} aux={1}
INFO: 17:25:03.289007 self-stabilizing-binary-consensus.go:427: est[1][1]={0 1} aux[1][1]={1}
INFO: 17:25:03.301056 self-stabilizing-binary-consensus.go:410: RECEIVE j=0 flag=0 r=1 est={0} aux={0}
INFO: 17:25:03.301091 self-stabilizing-binary-consensus.go:427: est[1][0]={0 1} aux[1][0]={0}
INFO: 17:25:03.302012 self-stabilizing-binary-consensus.go:410: RECEIVE j=1 flag=0 r=1 est={0} aux={1}
INFO: 17:25:03.302045 self-stabilizing-binary-consensus.go:427: est[1][1]={0 1} aux[1][1]={1}
INFO: 17:25:03.302833 self-stabilizing-binary-consensus.go:410: RECEIVE j=2 flag=1 r=1 est={0 1} aux={0}
INFO: 17:25:03.302878 self-stabilizing-binary-consensus.go:427: est[1][2]={0 1} aux[1][2]={0}
INFO: 17:25:03.305155 self-stabilizing-binary-consensus.go:434: SEND flag=0 r=1 est={1} aux={0}
INFO: 17:25:05.258611 self-stabilizing-binary-consensus.go:148: infoResults()={}
INFO: 17:25:05.258867 self-stabilizing-binary-consensus.go:90: round=1 repeat=16
INFO: 17:25:05.258921 self-stabilizing-binary-consensus.go:127: binValues(1,3)={0 1} w=0
INFO: 17:25:05.268513 self-stabilizing-binary-consensus.go:142: binValues(1,2)={0 1} w=0
INFO: 17:25:05.269880 self-stabilizing-binary-consensus.go:143: SEND flag=1 r=1 est={0 1} aux={0}
INFO: 17:25:05.277998 self-stabilizing-binary-consensus.go:410: RECEIVE j=2 flag=0 r=1 est={1} aux={0}
INFO: 17:25:05.278460 self-stabilizing-binary-consensus.go:427: est[1][2]={0 1} aux[1][2]={0}
INFO: 17:25:05.278542 self-stabilizing-binary-consensus.go:410: RECEIVE j=0 flag=0 r=1 est={0} aux={0}
INFO: 17:25:05.278594 self-stabilizing-binary-consensus.go:427: est[1][0]={0 1} aux[1][0]={0}
INFO: 17:25:05.283954 self-stabilizing-binary-consensus.go:410: RECEIVE j=1 flag=0 r=1 est={0} aux={1}
INFO: 17:25:05.283993 self-stabilizing-binary-consensus.go:427: est[1][1]={0 1} aux[1][1]={1}
INFO: 17:25:05.285917 self-stabilizing-binary-consensus.go:410: RECEIVE j=0 flag=1 r=1 est={0 1} aux={0}
INFO: 17:25:05.286007 self-stabilizing-binary-consensus.go:427: est[1][0]={0 1} aux[1][0]={0}
INFO: 17:25:05.289093 self-stabilizing-binary-consensus.go:434: SEND flag=0 r=1 est={1} aux={0}
INFO: 17:25:05.292464 self-stabilizing-binary-consensus.go:410: RECEIVE j=1 flag=0 r=1 est={0} aux={1}
INFO: 17:25:05.292512 self-stabilizing-binary-consensus.go:427: est[1][1]={0 1} aux[1][1]={1}
INFO: 17:25:05.292602 self-stabilizing-binary-consensus.go:410: RECEIVE j=2 flag=0 r=1 est={1} aux={0}
INFO: 17:25:05.292645 self-stabilizing-binary-consensus.go:427: est[1][2]={0 1} aux[1][2]={0}
INFO: 17:25:05.300444 self-stabilizing-binary-consensus.go:410: RECEIVE j=2 flag=1 r=1 est={0 1} aux={0}
INFO: 17:25:05.300464 self-stabilizing-binary-consensus.go:427: est[1][2]={0 1} aux[1][2]={0}
INFO: 17:25:05.302431 self-stabilizing-binary-consensus.go:434: SEND flag=0 r=1 est={1} aux={0}
INFO: 17:25:05.303029 self-stabilizing-binary-consensus.go:410: RECEIVE j=1 flag=0 r=1 est={0} aux={1}
INFO: 17:25:05.303083 self-stabilizing-binary-consensus.go:427: est[1][1]={0 1} aux[1][1]={1}
INFO: 17:25:05.306289 self-stabilizing-binary-consensus.go:410: RECEIVE j=0 flag=0 r=1 est={0} aux={0}
INFO: 17:25:05.306356 self-stabilizing-binary-consensus.go:427: est[1][0]={0 1} aux[1][0]={0}
INFO: 17:25:07.270999 self-stabilizing-binary-consensus.go:148: infoResults()={}
INFO: 17:25:07.271127 self-stabilizing-binary-consensus.go:90: round=1 repeat=17
INFO: 17:25:07.271155 self-stabilizing-binary-consensus.go:127: binValues(1,3)={0 1} w=0
INFO: 17:25:07.273810 self-stabilizing-binary-consensus.go:142: binValues(1,2)={0 1} w=0
INFO: 17:25:07.274010 self-stabilizing-binary-consensus.go:143: SEND flag=1 r=1 est={0 1} aux={0}
INFO: 17:25:07.279050 self-stabilizing-binary-consensus.go:410: RECEIVE j=0 flag=0 r=1 est={0} aux={0}
INFO: 17:25:07.279156 self-stabilizing-binary-consensus.go:427: est[1][0]={0 1} aux[1][0]={0}
INFO: 17:25:07.283382 self-stabilizing-binary-consensus.go:410: RECEIVE j=2 flag=0 r=1 est={1} aux={0}
INFO: 17:25:07.283419 self-stabilizing-binary-consensus.go:427: est[1][2]={0 1} aux[1][2]={0}
INFO: 17:25:07.287009 self-stabilizing-binary-consensus.go:410: RECEIVE j=1 flag=0 r=1 est={0} aux={1}
INFO: 17:25:07.287057 self-stabilizing-binary-consensus.go:427: est[1][1]={0 1} aux[1][1]={1}
INFO: 17:25:07.293832 self-stabilizing-binary-consensus.go:410: RECEIVE j=0 flag=1 r=1 est={0 1} aux={0}
INFO: 17:25:07.293877 self-stabilizing-binary-consensus.go:427: est[1][0]={0 1} aux[1][0]={0}
INFO: 17:25:07.296344 self-stabilizing-binary-consensus.go:434: SEND flag=0 r=1 est={1} aux={0}
INFO: 17:25:07.300487 self-stabilizing-binary-consensus.go:410: RECEIVE j=2 flag=0 r=1 est={1} aux={0}
INFO: 17:25:07.300525 self-stabilizing-binary-consensus.go:427: est[1][2]={0 1} aux[1][2]={0}
INFO: 17:25:07.302573 self-stabilizing-binary-consensus.go:410: RECEIVE j=1 flag=0 r=1 est={0} aux={1}
INFO: 17:25:07.302602 self-stabilizing-binary-consensus.go:427: est[1][1]={0 1} aux[1][1]={1}
INFO: 17:25:07.305528 self-stabilizing-binary-consensus.go:410: RECEIVE j=2 flag=1 r=1 est={0 1} aux={0}
INFO: 17:25:07.305559 self-stabilizing-binary-consensus.go:427: est[1][2]={0 1} aux[1][2]={0}
INFO: 17:25:07.309770 self-stabilizing-binary-consensus.go:434: SEND flag=0 r=1 est={1} aux={0}
INFO: 17:25:07.309820 self-stabilizing-binary-consensus.go:410: RECEIVE j=1 flag=0 r=1 est={0} aux={1}
INFO: 17:25:07.309844 self-stabilizing-binary-consensus.go:427: est[1][1]={0 1} aux[1][1]={1}
INFO: 17:25:07.312800 self-stabilizing-binary-consensus.go:410: RECEIVE j=0 flag=0 r=1 est={0} aux={0}
INFO: 17:25:07.312834 self-stabilizing-binary-consensus.go:427: est[1][0]={0 1} aux[1][0]={0}
INFO: 17:25:09.274886 self-stabilizing-binary-consensus.go:148: infoResults()={}
INFO: 17:25:09.275202 self-stabilizing-binary-consensus.go:90: round=1 repeat=18
INFO: 17:25:09.275355 self-stabilizing-binary-consensus.go:127: binValues(1,3)={0 1} w=0
INFO: 17:25:09.282533 self-stabilizing-binary-consensus.go:142: binValues(1,2)={0 1} w=0
INFO: 17:25:09.282633 self-stabilizing-binary-consensus.go:143: SEND flag=1 r=1 est={0 1} aux={0}
INFO: 17:25:09.294303 self-stabilizing-binary-consensus.go:410: RECEIVE j=0 flag=0 r=1 est={0} aux={0}
INFO: 17:25:09.294363 self-stabilizing-binary-consensus.go:427: est[1][0]={0 1} aux[1][0]={0}
INFO: 17:25:09.297187 self-stabilizing-binary-consensus.go:410: RECEIVE j=1 flag=0 r=1 est={0} aux={1}
INFO: 17:25:09.297352 self-stabilizing-binary-consensus.go:427: est[1][1]={0 1} aux[1][1]={1}
INFO: 17:25:09.298392 self-stabilizing-binary-consensus.go:410: RECEIVE j=2 flag=0 r=1 est={1} aux={0}
INFO: 17:25:09.300463 self-stabilizing-binary-consensus.go:427: est[1][2]={0 1} aux[1][2]={0}
INFO: 17:25:09.303540 self-stabilizing-binary-consensus.go:410: RECEIVE j=0 flag=1 r=1 est={0 1} aux={0}
INFO: 17:25:09.303582 self-stabilizing-binary-consensus.go:427: est[1][0]={0 1} aux[1][0]={0}
INFO: 17:25:09.311252 self-stabilizing-binary-consensus.go:434: SEND flag=0 r=1 est={1} aux={0}
INFO: 17:25:09.312593 self-stabilizing-binary-consensus.go:410: RECEIVE j=1 flag=0 r=1 est={0} aux={1}
INFO: 17:25:09.312630 self-stabilizing-binary-consensus.go:427: est[1][1]={0 1} aux[1][1]={1}
INFO: 17:25:09.314148 self-stabilizing-binary-consensus.go:410: RECEIVE j=2 flag=0 r=1 est={1} aux={0}
INFO: 17:25:09.314181 self-stabilizing-binary-consensus.go:427: est[1][2]={0 1} aux[1][2]={0}
INFO: 17:25:09.316516 self-stabilizing-binary-consensus.go:410: RECEIVE j=2 flag=1 r=1 est={0 1} aux={0}
INFO: 17:25:09.316543 self-stabilizing-binary-consensus.go:427: est[1][2]={0 1} aux[1][2]={0}
INFO: 17:25:09.318367 self-stabilizing-binary-consensus.go:434: SEND flag=0 r=1 est={1} aux={0}
INFO: 17:25:09.323324 self-stabilizing-binary-consensus.go:410: RECEIVE j=0 flag=0 r=1 est={0} aux={0}
INFO: 17:25:09.323371 self-stabilizing-binary-consensus.go:427: est[1][0]={0 1} aux[1][0]={0}
INFO: 17:25:09.328273 self-stabilizing-binary-consensus.go:410: RECEIVE j=1 flag=0 r=1 est={0} aux={1}
INFO: 17:25:09.328306 self-stabilizing-binary-consensus.go:427: est[1][1]={0 1} aux[1][1]={1}
INFO: 17:25:11.283971 self-stabilizing-binary-consensus.go:148: infoResults()={}
INFO: 17:25:11.284164 self-stabilizing-binary-consensus.go:90: round=1 repeat=19
INFO: 17:25:11.284305 self-stabilizing-binary-consensus.go:127: binValues(1,3)={0 1} w=0
INFO: 17:25:11.288907 self-stabilizing-binary-consensus.go:142: binValues(1,2)={0 1} w=0
INFO: 17:25:11.288928 self-stabilizing-binary-consensus.go:143: SEND flag=1 r=1 est={0 1} aux={0}
INFO: 17:25:11.292244 self-stabilizing-binary-consensus.go:410: RECEIVE j=2 flag=0 r=1 est={1} aux={0}
INFO: 17:25:11.292269 self-stabilizing-binary-consensus.go:427: est[1][2]={0 1} aux[1][2]={0}
INFO: 17:25:11.293632 self-stabilizing-binary-consensus.go:410: RECEIVE j=0 flag=0 r=1 est={0} aux={0}
INFO: 17:25:11.293664 self-stabilizing-binary-consensus.go:427: est[1][0]={0 1} aux[1][0]={0}
INFO: 17:25:11.294896 self-stabilizing-binary-consensus.go:410: RECEIVE j=1 flag=0 r=1 est={0} aux={1}
INFO: 17:25:11.294957 self-stabilizing-binary-consensus.go:427: est[1][1]={0 1} aux[1][1]={1}
INFO: 17:25:11.306041 self-stabilizing-binary-consensus.go:410: RECEIVE j=0 flag=1 r=1 est={0 1} aux={0}
INFO: 17:25:11.306056 self-stabilizing-binary-consensus.go:427: est[1][0]={0 1} aux[1][0]={0}
INFO: 17:25:11.307848 self-stabilizing-binary-consensus.go:434: SEND flag=0 r=1 est={1} aux={0}
INFO: 17:25:11.309952 self-stabilizing-binary-consensus.go:410: RECEIVE j=1 flag=0 r=1 est={0} aux={1}
INFO: 17:25:11.309976 self-stabilizing-binary-consensus.go:427: est[1][1]={0 1} aux[1][1]={1}
INFO: 17:25:11.312554 self-stabilizing-binary-consensus.go:410: RECEIVE j=2 flag=0 r=1 est={1} aux={0}
INFO: 17:25:11.312589 self-stabilizing-binary-consensus.go:427: est[1][2]={0 1} aux[1][2]={0}
INFO: 17:25:11.322201 self-stabilizing-binary-consensus.go:410: RECEIVE j=2 flag=1 r=1 est={0 1} aux={0}
INFO: 17:25:11.322236 self-stabilizing-binary-consensus.go:427: est[1][2]={0 1} aux[1][2]={0}
INFO: 17:25:11.324117 self-stabilizing-binary-consensus.go:434: SEND flag=0 r=1 est={1} aux={0}
INFO: 17:25:11.325423 self-stabilizing-binary-consensus.go:410: RECEIVE j=0 flag=0 r=1 est={0} aux={0}
INFO: 17:25:11.325458 self-stabilizing-binary-consensus.go:427: est[1][0]={0 1} aux[1][0]={0}
INFO: 17:25:11.327852 self-stabilizing-binary-consensus.go:410: RECEIVE j=1 flag=0 r=1 est={0} aux={1}
INFO: 17:25:11.327888 self-stabilizing-binary-consensus.go:427: est[1][1]={0 1} aux[1][1]={1}
INFO: 17:25:13.290107 self-stabilizing-binary-consensus.go:148: infoResults()={}
INFO: 17:25:13.290261 self-stabilizing-binary-consensus.go:90: round=1 repeat=20
INFO: 17:25:13.290300 self-stabilizing-binary-consensus.go:127: binValues(1,3)={0 1} w=0
INFO: 17:25:13.299224 self-stabilizing-binary-consensus.go:142: binValues(1,2)={0 1} w=0
INFO: 17:25:13.299353 self-stabilizing-binary-consensus.go:143: SEND flag=1 r=1 est={0 1} aux={0}
INFO: 17:25:13.311147 self-stabilizing-binary-consensus.go:410: RECEIVE j=0 flag=0 r=1 est={0} aux={0}
INFO: 17:25:13.311221 self-stabilizing-binary-consensus.go:427: est[1][0]={0 1} aux[1][0]={0}
INFO: 17:25:13.314230 self-stabilizing-binary-consensus.go:410: RECEIVE j=2 flag=0 r=1 est={1} aux={0}
INFO: 17:25:13.314298 self-stabilizing-binary-consensus.go:427: est[1][2]={0 1} aux[1][2]={0}
INFO: 17:25:13.315751 self-stabilizing-binary-consensus.go:410: RECEIVE j=1 flag=0 r=1 est={0} aux={1}
INFO: 17:25:13.315793 self-stabilizing-binary-consensus.go:427: est[1][1]={0 1} aux[1][1]={1}
INFO: 17:25:13.316872 self-stabilizing-binary-consensus.go:410: RECEIVE j=0 flag=1 r=1 est={0 1} aux={0}
INFO: 17:25:13.316912 self-stabilizing-binary-consensus.go:427: est[1][0]={0 1} aux[1][0]={0}
INFO: 17:25:13.321252 self-stabilizing-binary-consensus.go:434: SEND flag=0 r=1 est={1} aux={0}
INFO: 17:25:13.326232 self-stabilizing-binary-consensus.go:410: RECEIVE j=2 flag=1 r=1 est={0 1} aux={0}
INFO: 17:25:13.326278 self-stabilizing-binary-consensus.go:427: est[1][2]={0 1} aux[1][2]={0}
INFO: 17:25:13.336730 self-stabilizing-binary-consensus.go:434: SEND flag=0 r=1 est={1} aux={0}
INFO: 17:25:13.336776 self-stabilizing-binary-consensus.go:410: RECEIVE j=1 flag=0 r=1 est={0} aux={1}
INFO: 17:25:13.336797 self-stabilizing-binary-consensus.go:427: est[1][1]={0 1} aux[1][1]={1}
INFO: 17:25:13.336816 self-stabilizing-binary-consensus.go:410: RECEIVE j=1 flag=0 r=1 est={0} aux={1}
INFO: 17:25:13.337531 self-stabilizing-binary-consensus.go:427: est[1][1]={0 1} aux[1][1]={1}
INFO: 17:25:13.337590 self-stabilizing-binary-consensus.go:410: RECEIVE j=0 flag=0 r=1 est={0} aux={0}
INFO: 17:25:13.337651 self-stabilizing-binary-consensus.go:427: est[1][0]={0 1} aux[1][0]={0}
INFO: 17:25:13.337717 self-stabilizing-binary-consensus.go:410: RECEIVE j=2 flag=0 r=1 est={1} aux={0}
INFO: 17:25:13.337771 self-stabilizing-binary-consensus.go:427: est[1][2]={0 1} aux[1][2]={0}
INFO: 17:25:15.300714 self-stabilizing-binary-consensus.go:148: infoResults()={}
INFO: 17:25:15.300876 self-stabilizing-binary-consensus.go:90: round=1 repeat=21
INFO: 17:25:15.300922 self-stabilizing-binary-consensus.go:127: binValues(1,3)={0 1} w=0
INFO: 17:25:15.306342 self-stabilizing-binary-consensus.go:142: binValues(1,2)={0 1} w=0
INFO: 17:25:15.306383 self-stabilizing-binary-consensus.go:143: SEND flag=1 r=1 est={0 1} aux={0}
INFO: 17:25:15.308861 self-stabilizing-binary-consensus.go:410: RECEIVE j=0 flag=0 r=1 est={0} aux={0}
INFO: 17:25:15.308887 self-stabilizing-binary-consensus.go:427: est[1][0]={0 1} aux[1][0]={0}
INFO: 17:25:15.310053 self-stabilizing-binary-consensus.go:410: RECEIVE j=2 flag=0 r=1 est={1} aux={0}
INFO: 17:25:15.310085 self-stabilizing-binary-consensus.go:427: est[1][2]={0 1} aux[1][2]={0}
INFO: 17:25:15.312213 self-stabilizing-binary-consensus.go:410: RECEIVE j=1 flag=0 r=1 est={0} aux={1}
INFO: 17:25:15.312238 self-stabilizing-binary-consensus.go:427: est[1][1]={0 1} aux[1][1]={1}
INFO: 17:25:15.320396 self-stabilizing-binary-consensus.go:410: RECEIVE j=0 flag=1 r=1 est={0 1} aux={0}
INFO: 17:25:15.320508 self-stabilizing-binary-consensus.go:427: est[1][0]={0 1} aux[1][0]={0}
INFO: 17:25:15.322369 self-stabilizing-binary-consensus.go:434: SEND flag=0 r=1 est={1} aux={0}
INFO: 17:25:15.323783 self-stabilizing-binary-consensus.go:410: RECEIVE j=2 flag=0 r=1 est={1} aux={0}
INFO: 17:25:15.323835 self-stabilizing-binary-consensus.go:427: est[1][2]={0 1} aux[1][2]={0}
INFO: 17:25:15.325744 self-stabilizing-binary-consensus.go:410: RECEIVE j=1 flag=0 r=1 est={0} aux={1}
INFO: 17:25:15.325841 self-stabilizing-binary-consensus.go:427: est[1][1]={0 1} aux[1][1]={1}
INFO: 17:25:15.328110 self-stabilizing-binary-consensus.go:410: RECEIVE j=2 flag=1 r=1 est={0 1} aux={0}
INFO: 17:25:15.328185 self-stabilizing-binary-consensus.go:427: est[1][2]={0 1} aux[1][2]={0}
INFO: 17:25:15.330017 self-stabilizing-binary-consensus.go:434: SEND flag=0 r=1 est={1} aux={0}
INFO: 17:25:15.333851 self-stabilizing-binary-consensus.go:410: RECEIVE j=1 flag=0 r=1 est={0} aux={1}
INFO: 17:25:15.333956 self-stabilizing-binary-consensus.go:427: est[1][1]={0 1} aux[1][1]={1}
INFO: 17:25:15.340460 self-stabilizing-binary-consensus.go:410: RECEIVE j=0 flag=0 r=1 est={0} aux={0}
INFO: 17:25:15.340512 self-stabilizing-binary-consensus.go:427: est[1][0]={0 1} aux[1][0]={0}
INFO: 17:25:17.307186 self-stabilizing-binary-consensus.go:148: infoResults()={}
INFO: 17:25:17.307264 self-stabilizing-binary-consensus.go:90: round=1 repeat=22
INFO: 17:25:17.307285 self-stabilizing-binary-consensus.go:127: binValues(1,3)={0 1} w=0
INFO: 17:25:17.309969 self-stabilizing-binary-consensus.go:142: binValues(1,2)={0 1} w=0
INFO: 17:25:17.310006 self-stabilizing-binary-consensus.go:143: SEND flag=1 r=1 est={0 1} aux={0}
INFO: 17:25:17.314197 self-stabilizing-binary-consensus.go:410: RECEIVE j=0 flag=0 r=1 est={0} aux={0}
INFO: 17:25:17.314230 self-stabilizing-binary-consensus.go:427: est[1][0]={0 1} aux[1][0]={0}
INFO: 17:25:17.315321 self-stabilizing-binary-consensus.go:410: RECEIVE j=2 flag=0 r=1 est={1} aux={0}
INFO: 17:25:17.315556 self-stabilizing-binary-consensus.go:427: est[1][2]={0 1} aux[1][2]={0}
INFO: 17:25:17.317340 self-stabilizing-binary-consensus.go:410: RECEIVE j=1 flag=0 r=1 est={0} aux={1}
INFO: 17:25:17.317389 self-stabilizing-binary-consensus.go:427: est[1][1]={0 1} aux[1][1]={1}
INFO: 17:25:17.323843 self-stabilizing-binary-consensus.go:410: RECEIVE j=0 flag=1 r=1 est={0 1} aux={0}
INFO: 17:25:17.323870 self-stabilizing-binary-consensus.go:427: est[1][0]={0 1} aux[1][0]={0}
INFO: 17:25:17.326172 self-stabilizing-binary-consensus.go:434: SEND flag=0 r=1 est={1} aux={0}
INFO: 17:25:17.327179 self-stabilizing-binary-consensus.go:410: RECEIVE j=1 flag=0 r=1 est={0} aux={1}
INFO: 17:25:17.327204 self-stabilizing-binary-consensus.go:427: est[1][1]={0 1} aux[1][1]={1}
INFO: 17:25:17.329670 self-stabilizing-binary-consensus.go:410: RECEIVE j=2 flag=0 r=1 est={1} aux={0}
INFO: 17:25:17.329992 self-stabilizing-binary-consensus.go:427: est[1][2]={0 1} aux[1][2]={0}
INFO: 17:25:17.335523 self-stabilizing-binary-consensus.go:410: RECEIVE j=2 flag=1 r=1 est={0 1} aux={0}
INFO: 17:25:17.335579 self-stabilizing-binary-consensus.go:427: est[1][2]={0 1} aux[1][2]={0}
INFO: 17:25:17.337653 self-stabilizing-binary-consensus.go:434: SEND flag=0 r=1 est={1} aux={0}
INFO: 17:25:17.339098 self-stabilizing-binary-consensus.go:410: RECEIVE j=1 flag=0 r=1 est={0} aux={1}
INFO: 17:25:17.339147 self-stabilizing-binary-consensus.go:427: est[1][1]={0 1} aux[1][1]={1}
INFO: 17:25:17.344851 self-stabilizing-binary-consensus.go:410: RECEIVE j=0 flag=0 r=1 est={0} aux={0}
INFO: 17:25:17.344886 self-stabilizing-binary-consensus.go:427: est[1][0]={0 1} aux[1][0]={0}
