INFO: 20:57:08.972092 main.go:29: ID:3 | N:4 | F:1 | Clients:1 | Scenario:NORMAL | Remote:false

INFO: 20:57:08.972469 messenger.go:90: Receive from Server 0 on tcp://*:4300
INFO: 20:57:08.972637 messenger.go:107: Send to Server 0 on tcp://localhost:4003
INFO: 20:57:08.972730 messenger.go:90: Receive from Server 1 on tcp://*:4301
INFO: 20:57:08.972779 messenger.go:107: Send to Server 1 on tcp://localhost:4103
INFO: 20:57:08.972828 messenger.go:90: Receive from Server 2 on tcp://*:4302
INFO: 20:57:08.972884 messenger.go:107: Send to Server 2 on tcp://localhost:4203
INFO: 20:57:08.972906 messenger.go:113: -----------------------------------------
INFO: 20:57:08.972939 messenger.go:135: Requests from Client 0 on tcp://*:7300
INFO: 20:57:08.972985 messenger.go:152: Response to Client 0 on tcp://*:10300
INFO: 20:57:08.973005 messenger.go:155: -----------------------------------------

INFO: 20:57:08.976755 main.go:83: Initial estimate value:  1
INFO: 20:57:08.976909 self-stabilizing-binary-consensus.go:93: round=1 repeat=1
INFO: 20:57:08.976947 self-stabilizing-binary-consensus.go:200: binValues(1,3)={}
INFO: 20:57:08.976966 self-stabilizing-binary-consensus.go:200: binValues(1,2)={}
INFO: 20:57:08.979432 self-stabilizing-binary-consensus.go:141: SEND flag=1 r=1 est={1} aux={}
INFO: 20:57:08.983743 self-stabilizing-binary-consensus.go:431: RECEIVE j=0 flag=1 r=1 est={0} aux={}
INFO: 20:57:08.983823 self-stabilizing-binary-consensus.go:433: est[1][0]={0} aux[1][0]={}
INFO: 20:57:09.144083 self-stabilizing-binary-consensus.go:441: SEND flag=0 r=1 est={1} aux={}
INFO: 20:57:09.144111 self-stabilizing-binary-consensus.go:431: RECEIVE j=2 flag=1 r=1 est={1} aux={}
INFO: 20:57:09.144119 self-stabilizing-binary-consensus.go:433: est[1][2]={1} aux[1][2]={}
INFO: 20:57:09.150896 self-stabilizing-binary-consensus.go:441: SEND flag=0 r=1 est={1} aux={}
INFO: 20:57:09.150948 self-stabilizing-binary-consensus.go:431: RECEIVE j=1 flag=1 r=1 est={0} aux={}
INFO: 20:57:09.150971 self-stabilizing-binary-consensus.go:433: est[1][1]={0} aux[1][1]={}
INFO: 20:57:09.154399 self-stabilizing-binary-consensus.go:441: SEND flag=0 r=1 est={1} aux={}
INFO: 20:57:09.154428 self-stabilizing-binary-consensus.go:431: RECEIVE j=2 flag=0 r=1 est={1} aux={}
INFO: 20:57:09.154448 self-stabilizing-binary-consensus.go:433: est[1][2]={1} aux[1][2]={}
INFO: 20:57:09.154457 self-stabilizing-binary-consensus.go:431: RECEIVE j=2 flag=0 r=1 est={1} aux={}
INFO: 20:57:09.154462 self-stabilizing-binary-consensus.go:433: est[1][2]={1} aux[1][2]={}
INFO: 20:57:09.154468 self-stabilizing-binary-consensus.go:431: RECEIVE j=1 flag=0 r=1 est={0} aux={}
INFO: 20:57:09.154474 self-stabilizing-binary-consensus.go:433: est[1][1]={0} aux[1][1]={}
INFO: 20:57:09.154480 self-stabilizing-binary-consensus.go:431: RECEIVE j=2 flag=0 r=1 est={1} aux={}
INFO: 20:57:09.154484 self-stabilizing-binary-consensus.go:433: est[1][2]={1} aux[1][2]={}
INFO: 20:57:09.154490 self-stabilizing-binary-consensus.go:431: RECEIVE j=0 flag=0 r=1 est={0} aux={}
INFO: 20:57:09.154494 self-stabilizing-binary-consensus.go:433: est[1][0]={0} aux[1][0]={}
INFO: 20:57:09.154499 self-stabilizing-binary-consensus.go:431: RECEIVE j=0 flag=0 r=1 est={0} aux={}
INFO: 20:57:09.154504 self-stabilizing-binary-consensus.go:433: est[1][0]={0} aux[1][0]={}
INFO: 20:57:09.154509 self-stabilizing-binary-consensus.go:431: RECEIVE j=1 flag=0 r=1 est={0} aux={}
INFO: 20:57:09.154575 self-stabilizing-binary-consensus.go:433: est[1][1]={0} aux[1][1]={}
INFO: 20:57:09.154597 self-stabilizing-binary-consensus.go:431: RECEIVE j=0 flag=0 r=1 est={0} aux={}
INFO: 20:57:09.154605 self-stabilizing-binary-consensus.go:433: est[1][0]={0} aux[1][0]={}
INFO: 20:57:09.154611 self-stabilizing-binary-consensus.go:431: RECEIVE j=1 flag=0 r=1 est={0} aux={}
INFO: 20:57:09.154615 self-stabilizing-binary-consensus.go:433: est[1][1]={0} aux[1][1]={}
INFO: 20:57:09.980024 self-stabilizing-binary-consensus.go:431: RECEIVE j=0 flag=1 r=1 est={0 1} aux={}
INFO: 20:57:09.980101 self-stabilizing-binary-consensus.go:433: est[1][0]={0 1} aux[1][0]={}
INFO: 20:57:09.984086 self-stabilizing-binary-consensus.go:200: binValues(1,3)={}
INFO: 20:57:09.984242 self-stabilizing-binary-consensus.go:225: infoResults()={}
INFO: 20:57:09.984313 self-stabilizing-binary-consensus.go:93: round=1 repeat=2
INFO: 20:57:09.984360 self-stabilizing-binary-consensus.go:200: binValues(1,3)={}
INFO: 20:57:09.984378 self-stabilizing-binary-consensus.go:200: binValues(1,2)={0 1}
INFO: 20:57:09.986543 self-stabilizing-binary-consensus.go:441: SEND flag=0 r=1 est={1} aux={}
INFO: 20:57:09.987543 self-stabilizing-binary-consensus.go:431: RECEIVE j=2 flag=0 r=1 est={1} aux={}
INFO: 20:57:09.987583 self-stabilizing-binary-consensus.go:433: est[1][2]={1} aux[1][2]={}
INFO: 20:57:09.990422 self-stabilizing-binary-consensus.go:431: RECEIVE j=2 flag=1 r=1 est={0 1} aux={}
INFO: 20:57:09.990468 self-stabilizing-binary-consensus.go:433: est[1][2]={0 1} aux[1][2]={}
INFO: 20:57:09.992209 self-stabilizing-binary-consensus.go:441: SEND flag=0 r=1 est={1} aux={}
INFO: 20:57:09.994974 self-stabilizing-binary-consensus.go:431: RECEIVE j=1 flag=0 r=1 est={0} aux={}
INFO: 20:57:09.995022 self-stabilizing-binary-consensus.go:433: est[1][1]={0} aux[1][1]={}
INFO: 20:57:09.995141 self-stabilizing-binary-consensus.go:141: SEND flag=1 r=1 est={0 1} aux={}
INFO: 20:57:09.997678 self-stabilizing-binary-consensus.go:431: RECEIVE j=1 flag=1 r=1 est={0 1} aux={1}
INFO: 20:57:09.997723 self-stabilizing-binary-consensus.go:433: est[1][1]={0 1} aux[1][1]={1}
INFO: 20:57:10.002190 self-stabilizing-binary-consensus.go:441: SEND flag=0 r=1 est={1} aux={}
INFO: 20:57:10.002235 self-stabilizing-binary-consensus.go:431: RECEIVE j=2 flag=0 r=1 est={1} aux={}
INFO: 20:57:10.002255 self-stabilizing-binary-consensus.go:433: est[1][2]={0 1} aux[1][2]={}
INFO: 20:57:10.005270 self-stabilizing-binary-consensus.go:431: RECEIVE j=0 flag=0 r=1 est={0} aux={}
INFO: 20:57:10.005316 self-stabilizing-binary-consensus.go:433: est[1][0]={0 1} aux[1][0]={}
INFO: 20:57:10.005435 self-stabilizing-binary-consensus.go:431: RECEIVE j=0 flag=0 r=1 est={0} aux={}
INFO: 20:57:10.005469 self-stabilizing-binary-consensus.go:433: est[1][0]={0 1} aux[1][0]={}
INFO: 20:57:10.005549 self-stabilizing-binary-consensus.go:431: RECEIVE j=2 flag=0 r=1 est={1} aux={}
INFO: 20:57:10.005570 self-stabilizing-binary-consensus.go:433: est[1][2]={0 1} aux[1][2]={}
INFO: 20:57:10.005867 self-stabilizing-binary-consensus.go:431: RECEIVE j=1 flag=0 r=1 est={0} aux={1}
INFO: 20:57:10.005903 self-stabilizing-binary-consensus.go:433: est[1][1]={0 1} aux[1][1]={1}
INFO: 20:57:10.005974 self-stabilizing-binary-consensus.go:431: RECEIVE j=1 flag=0 r=1 est={0} aux={1}
INFO: 20:57:10.005998 self-stabilizing-binary-consensus.go:433: est[1][1]={0 1} aux[1][1]={1}
INFO: 20:57:10.007248 self-stabilizing-binary-consensus.go:431: RECEIVE j=0 flag=0 r=1 est={0} aux={}
INFO: 20:57:10.007276 self-stabilizing-binary-consensus.go:433: est[1][0]={0 1} aux[1][0]={}
INFO: 20:57:10.986016 self-stabilizing-binary-consensus.go:431: RECEIVE j=0 flag=1 r=1 est={0 1} aux={0}
INFO: 20:57:10.986375 self-stabilizing-binary-consensus.go:433: est[1][0]={0 1} aux[1][0]={0}
INFO: 20:57:10.989429 self-stabilizing-binary-consensus.go:441: SEND flag=0 r=1 est={1} aux={}
INFO: 20:57:10.990506 self-stabilizing-binary-consensus.go:431: RECEIVE j=1 flag=0 r=1 est={0} aux={1}
INFO: 20:57:10.994004 self-stabilizing-binary-consensus.go:433: est[1][1]={0 1} aux[1][1]={1}
INFO: 20:57:10.994078 self-stabilizing-binary-consensus.go:431: RECEIVE j=2 flag=0 r=1 est={1} aux={}
INFO: 20:57:10.994091 self-stabilizing-binary-consensus.go:433: est[1][2]={0 1} aux[1][2]={}
INFO: 20:57:10.995266 self-stabilizing-binary-consensus.go:200: binValues(1,3)={0 1}
INFO: 20:57:10.995313 self-stabilizing-binary-consensus.go:225: infoResults()={}
INFO: 20:57:10.995322 self-stabilizing-binary-consensus.go:93: round=1 repeat=3
INFO: 20:57:10.995328 self-stabilizing-binary-consensus.go:200: binValues(1,3)={0 1}
INFO: 20:57:10.995332 self-stabilizing-binary-consensus.go:132: aux[1][3]=0
INFO: 20:57:10.995338 self-stabilizing-binary-consensus.go:200: binValues(1,2)={0 1}
INFO: 20:57:10.997113 self-stabilizing-binary-consensus.go:141: SEND flag=1 r=1 est={0 1} aux={0}
INFO: 20:57:11.002180 self-stabilizing-binary-consensus.go:431: RECEIVE j=2 flag=1 r=1 est={0 1} aux={0}
INFO: 20:57:11.002236 self-stabilizing-binary-consensus.go:433: est[1][2]={0 1} aux[1][2]={0}
INFO: 20:57:11.006751 self-stabilizing-binary-consensus.go:441: SEND flag=0 r=1 est={1} aux={0}
INFO: 20:57:11.009929 self-stabilizing-binary-consensus.go:431: RECEIVE j=1 flag=0 r=1 est={0} aux={1}
INFO: 20:57:11.010069 self-stabilizing-binary-consensus.go:433: est[1][1]={0 1} aux[1][1]={1}
INFO: 20:57:11.010090 self-stabilizing-binary-consensus.go:431: RECEIVE j=0 flag=0 r=1 est={0} aux={0}
INFO: 20:57:11.010126 self-stabilizing-binary-consensus.go:433: est[1][0]={0 1} aux[1][0]={0}
INFO: 20:57:11.010156 self-stabilizing-binary-consensus.go:431: RECEIVE j=1 flag=1 r=1 est={0 1} aux={1}
INFO: 20:57:11.010164 self-stabilizing-binary-consensus.go:433: est[1][1]={0 1} aux[1][1]={1}
INFO: 20:57:11.012767 self-stabilizing-binary-consensus.go:441: SEND flag=0 r=1 est={1} aux={0}
INFO: 20:57:11.012837 self-stabilizing-binary-consensus.go:431: RECEIVE j=2 flag=0 r=1 est={1} aux={0}
INFO: 20:57:11.012847 self-stabilizing-binary-consensus.go:433: est[1][2]={0 1} aux[1][2]={0}
INFO: 20:57:11.012853 self-stabilizing-binary-consensus.go:431: RECEIVE j=2 flag=0 r=1 est={1} aux={0}
INFO: 20:57:11.012858 self-stabilizing-binary-consensus.go:433: est[1][2]={0 1} aux[1][2]={0}
INFO: 20:57:11.012868 self-stabilizing-binary-consensus.go:431: RECEIVE j=0 flag=0 r=1 est={0} aux={0}
INFO: 20:57:11.012873 self-stabilizing-binary-consensus.go:433: est[1][0]={0 1} aux[1][0]={0}
INFO: 20:57:11.012878 self-stabilizing-binary-consensus.go:431: RECEIVE j=0 flag=0 r=1 est={0} aux={0}
INFO: 20:57:11.012883 self-stabilizing-binary-consensus.go:433: est[1][0]={0 1} aux[1][0]={0}
INFO: 20:57:11.012888 self-stabilizing-binary-consensus.go:431: RECEIVE j=1 flag=0 r=1 est={0} aux={1}
INFO: 20:57:11.012893 self-stabilizing-binary-consensus.go:433: est[1][1]={0 1} aux[1][1]={1}
INFO: 20:57:11.999047 self-stabilizing-binary-consensus.go:200: binValues(1,3)={0 1}
INFO: 20:57:11.999110 self-stabilizing-binary-consensus.go:225: infoResults()={0}
INFO: 20:57:11.999133 self-stabilizing-binary-consensus.go:200: binValues(1,3)={0 1}
INFO: 20:57:11.999160 self-stabilizing-binary-consensus.go:225: infoResults()={0}
INFO: 20:57:11.999178 self-stabilizing-binary-consensus.go:256: randomBit(1)=0
INFO: 20:57:11.999197 self-stabilizing-binary-consensus.go:249: decision=0
INFO: 20:57:11.999230 self-stabilizing-binary-consensus.go:200: binValues(11,2)={}
INFO: 20:57:11.999251 self-stabilizing-binary-consensus.go:93: round=11 repeat=1
INFO: 20:57:11.999270 self-stabilizing-binary-consensus.go:200: binValues(11,3)={}
INFO: 20:57:11.999288 self-stabilizing-binary-consensus.go:200: binValues(11,2)={}
INFO: 20:57:11.999907 self-stabilizing-binary-consensus.go:431: RECEIVE j=0 flag=1 r=11 est={0} aux={0}
INFO: 20:57:12.000044 self-stabilizing-binary-consensus.go:433: est[11][0]={0} aux[11][0]={0}
INFO: 20:57:12.001941 self-stabilizing-binary-consensus.go:441: SEND flag=0 r=11 est={0} aux={0}
INFO: 20:57:12.002192 self-stabilizing-binary-consensus.go:431: RECEIVE j=2 flag=1 r=11 est={0} aux={0}
INFO: 20:57:12.002217 self-stabilizing-binary-consensus.go:433: est[11][2]={0} aux[11][2]={0}
INFO: 20:57:12.011195 self-stabilizing-binary-consensus.go:441: SEND flag=0 r=11 est={0} aux={0}
INFO: 20:57:12.011251 self-stabilizing-binary-consensus.go:431: RECEIVE j=2 flag=0 r=11 est={0} aux={0}
INFO: 20:57:12.011290 self-stabilizing-binary-consensus.go:433: est[11][2]={0} aux[11][2]={0}
INFO: 20:57:12.011320 self-stabilizing-binary-consensus.go:431: RECEIVE j=0 flag=0 r=11 est={0} aux={0}
INFO: 20:57:12.011339 self-stabilizing-binary-consensus.go:433: est[11][0]={0} aux[11][0]={0}
INFO: 20:57:12.013858 self-stabilizing-binary-consensus.go:141: SEND flag=1 r=11 est={0} aux={0}
INFO: 20:57:12.014460 self-stabilizing-binary-consensus.go:431: RECEIVE j=1 flag=0 r=11 est={0} aux={0}
INFO: 20:57:12.014538 self-stabilizing-binary-consensus.go:433: est[11][1]={0} aux[11][1]={0}
INFO: 20:57:12.017704 self-stabilizing-binary-consensus.go:431: RECEIVE j=2 flag=0 r=11 est={0} aux={0}
INFO: 20:57:12.017749 self-stabilizing-binary-consensus.go:433: est[11][2]={0} aux[11][2]={0}
INFO: 20:57:12.018421 self-stabilizing-binary-consensus.go:431: RECEIVE j=1 flag=1 r=11 est={0} aux={0}
INFO: 20:57:12.018785 self-stabilizing-binary-consensus.go:433: est[11][1]={0} aux[11][1]={0}
INFO: 20:57:12.020552 self-stabilizing-binary-consensus.go:441: SEND flag=0 r=11 est={0} aux={0}
INFO: 20:57:12.026657 self-stabilizing-binary-consensus.go:431: RECEIVE j=2 flag=0 r=11 est={0} aux={0}
INFO: 20:57:12.026710 self-stabilizing-binary-consensus.go:433: est[11][2]={0} aux[11][2]={0}
INFO: 20:57:12.029721 self-stabilizing-binary-consensus.go:431: RECEIVE j=0 flag=0 r=11 est={0} aux={0}
INFO: 20:57:12.029926 self-stabilizing-binary-consensus.go:433: est[11][0]={0} aux[11][0]={0}
INFO: 20:57:12.030341 self-stabilizing-binary-consensus.go:431: RECEIVE j=1 flag=0 r=11 est={0} aux={0}
INFO: 20:57:12.030390 self-stabilizing-binary-consensus.go:433: est[11][1]={0} aux[11][1]={0}
INFO: 20:57:12.031004 self-stabilizing-binary-consensus.go:431: RECEIVE j=1 flag=0 r=11 est={0} aux={0}
INFO: 20:57:12.031070 self-stabilizing-binary-consensus.go:433: est[11][1]={0} aux[11][1]={0}
INFO: 20:57:12.032554 self-stabilizing-binary-consensus.go:431: RECEIVE j=0 flag=0 r=11 est={0} aux={0}
INFO: 20:57:12.032597 self-stabilizing-binary-consensus.go:433: est[11][0]={0} aux[11][0]={0}
INFO: 20:57:13.000813 self-stabilizing-binary-consensus.go:431: RECEIVE j=0 flag=1 r=11 est={0} aux={0}
INFO: 20:57:13.000841 self-stabilizing-binary-consensus.go:433: est[11][0]={0} aux[11][0]={0}
INFO: 20:57:13.002661 self-stabilizing-binary-consensus.go:441: SEND flag=0 r=11 est={0} aux={0}
INFO: 20:57:13.003304 self-stabilizing-binary-consensus.go:431: RECEIVE j=1 flag=0 r=11 est={0} aux={0}
INFO: 20:57:13.003354 self-stabilizing-binary-consensus.go:433: est[11][1]={0} aux[11][1]={0}
INFO: 20:57:13.005820 self-stabilizing-binary-consensus.go:431: RECEIVE j=2 flag=1 r=11 est={0} aux={0}
INFO: 20:57:13.005848 self-stabilizing-binary-consensus.go:433: est[11][2]={0} aux[11][2]={0}
INFO: 20:57:13.007672 self-stabilizing-binary-consensus.go:441: SEND flag=0 r=11 est={0} aux={0}
INFO: 20:57:13.011743 self-stabilizing-binary-consensus.go:431: RECEIVE j=1 flag=0 r=11 est={0} aux={0}
INFO: 20:57:13.011825 self-stabilizing-binary-consensus.go:433: est[11][1]={0} aux[11][1]={0}
INFO: 20:57:13.012942 self-stabilizing-binary-consensus.go:431: RECEIVE j=0 flag=0 r=11 est={0} aux={0}
INFO: 20:57:13.012997 self-stabilizing-binary-consensus.go:433: est[11][0]={0} aux[11][0]={0}
INFO: 20:57:13.013126 self-stabilizing-binary-consensus.go:431: RECEIVE j=2 flag=0 r=11 est={0} aux={0}
INFO: 20:57:13.013177 self-stabilizing-binary-consensus.go:433: est[11][2]={0} aux[11][2]={0}
INFO: 20:57:13.015168 self-stabilizing-binary-consensus.go:200: binValues(11,3)={0}
INFO: 20:57:13.015211 self-stabilizing-binary-consensus.go:225: infoResults()={0}
INFO: 20:57:13.015234 self-stabilizing-binary-consensus.go:200: binValues(11,3)={0}
INFO: 20:57:13.015241 self-stabilizing-binary-consensus.go:225: infoResults()={0}
INFO: 20:57:13.015248 self-stabilizing-binary-consensus.go:256: randomBit(11)=0
INFO: 20:57:13.015254 self-stabilizing-binary-consensus.go:249: decision=0
INFO: 20:57:13.015329 self-stabilizing-binary-consensus.go:200: binValues(11,2)={0}
INFO: 20:57:13.015370 self-stabilizing-binary-consensus.go:249: decision=0
INFO: 20:57:13.015430 self-stabilizing-binary-consensus.go:93: round=11 repeat=1
INFO: 20:57:13.015448 self-stabilizing-binary-consensus.go:200: binValues(11,3)={0}
INFO: 20:57:13.015454 self-stabilizing-binary-consensus.go:200: binValues(11,2)={0}
INFO: 20:57:13.017673 self-stabilizing-binary-consensus.go:141: SEND flag=1 r=11 est={0} aux={0}
INFO: 20:57:13.021165 self-stabilizing-binary-consensus.go:431: RECEIVE j=1 flag=0 r=11 est={0} aux={0}
INFO: 20:57:13.021215 self-stabilizing-binary-consensus.go:433: est[11][1]={0} aux[11][1]={0}
INFO: 20:57:13.023970 self-stabilizing-binary-consensus.go:431: RECEIVE j=2 flag=0 r=11 est={0} aux={0}
INFO: 20:57:13.024053 self-stabilizing-binary-consensus.go:433: est[11][2]={0} aux[11][2]={0}
INFO: 20:57:13.024258 self-stabilizing-binary-consensus.go:431: RECEIVE j=1 flag=1 r=11 est={0} aux={0}
INFO: 20:57:13.024297 self-stabilizing-binary-consensus.go:433: est[11][1]={0} aux[11][1]={0}
INFO: 20:57:13.026556 self-stabilizing-binary-consensus.go:441: SEND flag=0 r=11 est={0} aux={0}
INFO: 20:57:13.033477 self-stabilizing-binary-consensus.go:431: RECEIVE j=0 flag=0 r=11 est={0} aux={0}
INFO: 20:57:13.033559 self-stabilizing-binary-consensus.go:433: est[11][0]={0} aux[11][0]={0}
INFO: 20:57:13.033777 self-stabilizing-binary-consensus.go:431: RECEIVE j=2 flag=0 r=11 est={0} aux={0}
INFO: 20:57:13.033848 self-stabilizing-binary-consensus.go:433: est[11][2]={0} aux[11][2]={0}
INFO: 20:57:13.036231 self-stabilizing-binary-consensus.go:431: RECEIVE j=0 flag=0 r=11 est={0} aux={0}
INFO: 20:57:13.036249 self-stabilizing-binary-consensus.go:433: est[11][0]={0} aux[11][0]={0}
INFO: 20:57:13.979328 self-stabilizing-multivalued-consensus.go:18: Successful decide
