INFO: 21:01:53.338369 main.go:29: ID:3 | N:4 | F:1 | Clients:1 | Scenario:NORMAL | Remote:false

INFO: 21:01:53.338779 messenger.go:90: Receive from Server 0 on tcp://*:4300
INFO: 21:01:53.338968 messenger.go:107: Send to Server 0 on tcp://localhost:4003
INFO: 21:01:53.339032 messenger.go:90: Receive from Server 1 on tcp://*:4301
INFO: 21:01:53.339076 messenger.go:107: Send to Server 1 on tcp://localhost:4103
INFO: 21:01:53.339121 messenger.go:90: Receive from Server 2 on tcp://*:4302
INFO: 21:01:53.339166 messenger.go:107: Send to Server 2 on tcp://localhost:4203
INFO: 21:01:53.339188 messenger.go:113: -----------------------------------------
INFO: 21:01:53.339231 messenger.go:135: Requests from Client 0 on tcp://*:7300
INFO: 21:01:53.339279 messenger.go:152: Response to Client 0 on tcp://*:10300
INFO: 21:01:53.339303 messenger.go:155: -----------------------------------------

INFO: 21:01:53.340761 main.go:83: Initial estimate value:  1
INFO: 21:01:53.340889 self-stabilizing-binary-consensus.go:93: round=1 repeat=1
INFO: 21:01:53.340939 self-stabilizing-binary-consensus.go:200: binValues(1,3)={}
INFO: 21:01:53.340961 self-stabilizing-binary-consensus.go:200: binValues(1,2)={}
INFO: 21:01:53.344158 self-stabilizing-binary-consensus.go:141: SEND flag=1 r=1 est={1} aux={}
INFO: 21:01:53.351158 self-stabilizing-binary-consensus.go:431: RECEIVE j=1 flag=1 r=1 est={0} aux={}
INFO: 21:01:53.351331 self-stabilizing-binary-consensus.go:433: est[1][1]={0} aux[1][1]={}
INFO: 21:01:53.504606 self-stabilizing-binary-consensus.go:441: SEND flag=0 r=1 est={1} aux={}
INFO: 21:01:53.504677 self-stabilizing-binary-consensus.go:431: RECEIVE j=2 flag=1 r=1 est={1} aux={}
INFO: 21:01:53.504702 self-stabilizing-binary-consensus.go:433: est[1][2]={1} aux[1][2]={}
INFO: 21:01:53.507159 self-stabilizing-binary-consensus.go:441: SEND flag=0 r=1 est={1} aux={}
INFO: 21:01:53.507336 self-stabilizing-binary-consensus.go:431: RECEIVE j=1 flag=0 r=1 est={0} aux={}
INFO: 21:01:53.507372 self-stabilizing-binary-consensus.go:433: est[1][1]={0} aux[1][1]={}
INFO: 21:01:53.508328 self-stabilizing-binary-consensus.go:431: RECEIVE j=1 flag=0 r=1 est={0} aux={}
INFO: 21:01:53.508393 self-stabilizing-binary-consensus.go:433: est[1][1]={0} aux[1][1]={}
INFO: 21:01:53.513186 self-stabilizing-binary-consensus.go:431: RECEIVE j=0 flag=1 r=1 est={0} aux={}
INFO: 21:01:53.513339 self-stabilizing-binary-consensus.go:433: est[1][0]={0} aux[1][0]={}
INFO: 21:01:53.515273 self-stabilizing-binary-consensus.go:441: SEND flag=0 r=1 est={1} aux={}
INFO: 21:01:53.516279 self-stabilizing-binary-consensus.go:431: RECEIVE j=2 flag=0 r=1 est={1} aux={}
INFO: 21:01:53.516326 self-stabilizing-binary-consensus.go:433: est[1][2]={1} aux[1][2]={}
INFO: 21:01:53.516481 self-stabilizing-binary-consensus.go:431: RECEIVE j=0 flag=0 r=1 est={0} aux={}
INFO: 21:01:53.516504 self-stabilizing-binary-consensus.go:433: est[1][0]={0} aux[1][0]={}
INFO: 21:01:53.516654 self-stabilizing-binary-consensus.go:431: RECEIVE j=0 flag=0 r=1 est={0} aux={}
INFO: 21:01:53.516704 self-stabilizing-binary-consensus.go:433: est[1][0]={0} aux[1][0]={}
INFO: 21:01:53.516914 self-stabilizing-binary-consensus.go:431: RECEIVE j=1 flag=0 r=1 est={0} aux={}
INFO: 21:01:53.516937 self-stabilizing-binary-consensus.go:433: est[1][1]={0} aux[1][1]={}
INFO: 21:01:53.518284 self-stabilizing-binary-consensus.go:431: RECEIVE j=2 flag=0 r=1 est={1} aux={}
INFO: 21:01:53.518392 self-stabilizing-binary-consensus.go:433: est[1][2]={1} aux[1][2]={}
INFO: 21:01:53.519395 self-stabilizing-binary-consensus.go:431: RECEIVE j=0 flag=0 r=1 est={0} aux={}
INFO: 21:01:53.519467 self-stabilizing-binary-consensus.go:433: est[1][0]={0} aux[1][0]={}
INFO: 21:01:53.521796 self-stabilizing-binary-consensus.go:431: RECEIVE j=2 flag=0 r=1 est={1} aux={}
INFO: 21:01:53.521858 self-stabilizing-binary-consensus.go:433: est[1][2]={1} aux[1][2]={}
INFO: 21:01:54.344457 self-stabilizing-binary-consensus.go:200: binValues(1,3)={}
INFO: 21:01:54.344484 self-stabilizing-binary-consensus.go:225: infoResults()={}
INFO: 21:01:54.344491 self-stabilizing-binary-consensus.go:93: round=1 repeat=2
INFO: 21:01:54.344506 self-stabilizing-binary-consensus.go:200: binValues(1,3)={}
INFO: 21:01:54.344512 self-stabilizing-binary-consensus.go:200: binValues(1,2)={0}
INFO: 21:01:54.346228 self-stabilizing-binary-consensus.go:141: SEND flag=1 r=1 est={0 1} aux={}
INFO: 21:01:54.346763 self-stabilizing-binary-consensus.go:431: RECEIVE j=0 flag=1 r=1 est={0 1} aux={}
INFO: 21:01:54.346782 self-stabilizing-binary-consensus.go:433: est[1][0]={0 1} aux[1][0]={}
INFO: 21:01:54.350087 self-stabilizing-binary-consensus.go:441: SEND flag=0 r=1 est={1} aux={}
INFO: 21:01:54.350160 self-stabilizing-binary-consensus.go:431: RECEIVE j=2 flag=0 r=1 est={1} aux={}
INFO: 21:01:54.350169 self-stabilizing-binary-consensus.go:433: est[1][2]={1} aux[1][2]={}
INFO: 21:01:54.350175 self-stabilizing-binary-consensus.go:431: RECEIVE j=0 flag=0 r=1 est={0} aux={}
INFO: 21:01:54.350180 self-stabilizing-binary-consensus.go:433: est[1][0]={0 1} aux[1][0]={}
INFO: 21:01:54.354206 self-stabilizing-binary-consensus.go:431: RECEIVE j=1 flag=0 r=1 est={0} aux={}
INFO: 21:01:54.354256 self-stabilizing-binary-consensus.go:433: est[1][1]={0} aux[1][1]={}
INFO: 21:01:54.356360 self-stabilizing-binary-consensus.go:431: RECEIVE j=0 flag=0 r=1 est={0} aux={}
INFO: 21:01:54.356638 self-stabilizing-binary-consensus.go:433: est[1][0]={0 1} aux[1][0]={}
INFO: 21:01:54.356992 self-stabilizing-binary-consensus.go:431: RECEIVE j=1 flag=1 r=1 est={0 1} aux={1}
INFO: 21:01:54.357071 self-stabilizing-binary-consensus.go:433: est[1][1]={0 1} aux[1][1]={1}
INFO: 21:01:54.364703 self-stabilizing-binary-consensus.go:441: SEND flag=0 r=1 est={1} aux={}
INFO: 21:01:54.364733 self-stabilizing-binary-consensus.go:431: RECEIVE j=2 flag=0 r=1 est={1} aux={}
INFO: 21:01:54.364742 self-stabilizing-binary-consensus.go:433: est[1][2]={1} aux[1][2]={}
INFO: 21:01:54.364749 self-stabilizing-binary-consensus.go:431: RECEIVE j=2 flag=1 r=1 est={0 1} aux={0}
INFO: 21:01:54.364827 self-stabilizing-binary-consensus.go:433: est[1][2]={0 1} aux[1][2]={0}
INFO: 21:01:54.369618 self-stabilizing-binary-consensus.go:441: SEND flag=0 r=1 est={1} aux={}
INFO: 21:01:54.369658 self-stabilizing-binary-consensus.go:431: RECEIVE j=1 flag=0 r=1 est={0} aux={1}
INFO: 21:01:54.369678 self-stabilizing-binary-consensus.go:433: est[1][1]={0 1} aux[1][1]={1}
INFO: 21:01:54.369711 self-stabilizing-binary-consensus.go:431: RECEIVE j=0 flag=0 r=1 est={0} aux={}
INFO: 21:01:54.369741 self-stabilizing-binary-consensus.go:433: est[1][0]={0 1} aux[1][0]={}
INFO: 21:01:54.369795 self-stabilizing-binary-consensus.go:431: RECEIVE j=1 flag=0 r=1 est={0} aux={1}
INFO: 21:01:54.369830 self-stabilizing-binary-consensus.go:433: est[1][1]={0 1} aux[1][1]={1}
INFO: 21:01:54.369939 self-stabilizing-binary-consensus.go:431: RECEIVE j=2 flag=0 r=1 est={1} aux={0}
INFO: 21:01:54.369975 self-stabilizing-binary-consensus.go:433: est[1][2]={0 1} aux[1][2]={0}
INFO: 21:01:55.347364 self-stabilizing-binary-consensus.go:200: binValues(1,3)={0 1}
INFO: 21:01:55.347500 self-stabilizing-binary-consensus.go:225: infoResults()={}
INFO: 21:01:55.347533 self-stabilizing-binary-consensus.go:93: round=1 repeat=3
INFO: 21:01:55.347569 self-stabilizing-binary-consensus.go:200: binValues(1,3)={0 1}
INFO: 21:01:55.347597 self-stabilizing-binary-consensus.go:132: aux[1][3]=0
INFO: 21:01:55.347615 self-stabilizing-binary-consensus.go:200: binValues(1,2)={0 1}
INFO: 21:01:55.350865 self-stabilizing-binary-consensus.go:141: SEND flag=1 r=1 est={0 1} aux={0}
INFO: 21:01:55.351517 self-stabilizing-binary-consensus.go:431: RECEIVE j=0 flag=1 r=1 est={0 1} aux={0}
INFO: 21:01:55.351535 self-stabilizing-binary-consensus.go:433: est[1][0]={0 1} aux[1][0]={0}
INFO: 21:01:55.355680 self-stabilizing-binary-consensus.go:441: SEND flag=0 r=1 est={1} aux={0}
INFO: 21:01:55.356639 self-stabilizing-binary-consensus.go:431: RECEIVE j=1 flag=0 r=1 est={0} aux={1}
INFO: 21:01:55.356682 self-stabilizing-binary-consensus.go:433: est[1][1]={0 1} aux[1][1]={1}
INFO: 21:01:55.361039 self-stabilizing-binary-consensus.go:431: RECEIVE j=1 flag=0 r=1 est={0} aux={1}
INFO: 21:01:55.361111 self-stabilizing-binary-consensus.go:433: est[1][1]={0 1} aux[1][1]={1}
INFO: 21:01:55.361776 self-stabilizing-binary-consensus.go:431: RECEIVE j=0 flag=0 r=1 est={0} aux={0}
INFO: 21:01:55.361825 self-stabilizing-binary-consensus.go:433: est[1][0]={0 1} aux[1][0]={0}
INFO: 21:01:55.363361 self-stabilizing-binary-consensus.go:431: RECEIVE j=2 flag=0 r=1 est={1} aux={0}
INFO: 21:01:55.363433 self-stabilizing-binary-consensus.go:433: est[1][2]={0 1} aux[1][2]={0}
INFO: 21:01:55.366811 self-stabilizing-binary-consensus.go:431: RECEIVE j=2 flag=1 r=1 est={0 1} aux={0}
INFO: 21:01:55.366986 self-stabilizing-binary-consensus.go:433: est[1][2]={0 1} aux[1][2]={0}
INFO: 21:01:55.370558 self-stabilizing-binary-consensus.go:441: SEND flag=0 r=1 est={1} aux={0}
INFO: 21:01:55.375046 self-stabilizing-binary-consensus.go:431: RECEIVE j=2 flag=0 r=1 est={1} aux={0}
INFO: 21:01:55.375081 self-stabilizing-binary-consensus.go:433: est[1][2]={0 1} aux[1][2]={0}
INFO: 21:01:55.375427 self-stabilizing-binary-consensus.go:431: RECEIVE j=1 flag=0 r=1 est={0} aux={1}
INFO: 21:01:55.375492 self-stabilizing-binary-consensus.go:433: est[1][1]={0 1} aux[1][1]={1}
INFO: 21:01:55.376414 self-stabilizing-binary-consensus.go:431: RECEIVE j=0 flag=0 r=1 est={0} aux={0}
INFO: 21:01:55.376441 self-stabilizing-binary-consensus.go:433: est[1][0]={0 1} aux[1][0]={0}
INFO: 21:01:56.351938 self-stabilizing-binary-consensus.go:200: binValues(1,3)={0 1}
INFO: 21:01:56.352390 self-stabilizing-binary-consensus.go:225: infoResults()={0}
INFO: 21:01:56.352431 self-stabilizing-binary-consensus.go:200: binValues(1,3)={0 1}
INFO: 21:01:56.352450 self-stabilizing-binary-consensus.go:225: infoResults()={0}
INFO: 21:01:56.352468 self-stabilizing-binary-consensus.go:256: randomBit(1)=0
INFO: 21:01:56.352488 self-stabilizing-binary-consensus.go:249: decision=0
INFO: 21:01:56.352585 self-stabilizing-binary-consensus.go:200: binValues(11,2)={}
INFO: 21:01:56.352617 self-stabilizing-binary-consensus.go:93: round=11 repeat=1
INFO: 21:01:56.352639 self-stabilizing-binary-consensus.go:200: binValues(11,3)={}
INFO: 21:01:56.352655 self-stabilizing-binary-consensus.go:200: binValues(11,2)={}
INFO: 21:01:56.356666 self-stabilizing-binary-consensus.go:141: SEND flag=1 r=11 est={0} aux={0}
INFO: 21:01:56.357003 self-stabilizing-binary-consensus.go:431: RECEIVE j=1 flag=1 r=11 est={0} aux={0}
INFO: 21:01:56.359078 self-stabilizing-binary-consensus.go:433: est[11][1]={0} aux[11][1]={0}
INFO: 21:01:57.360131 self-stabilizing-binary-consensus.go:200: binValues(11,3)={}
INFO: 21:01:57.360247 self-stabilizing-binary-consensus.go:225: infoResults()={}
INFO: 21:01:57.360273 self-stabilizing-binary-consensus.go:93: round=11 repeat=2
INFO: 21:01:57.360296 self-stabilizing-binary-consensus.go:200: binValues(11,3)={}
INFO: 21:01:57.360315 self-stabilizing-binary-consensus.go:200: binValues(11,2)={0}
INFO: 21:01:58.342731 self-stabilizing-multivalued-consensus.go:18: Successful decide
