INFO: 20:52:55.401448 main.go:29: ID:3 | N:4 | F:1 | Clients:1 | Scenario:HALF_&_HALF | Remote:false

INFO: 20:52:55.401983 messenger.go:91: Receive from Server 0 on tcp://*:4300
INFO: 20:52:55.402162 messenger.go:108: Send to Server 0 on tcp://localhost:4003
INFO: 20:52:55.402235 messenger.go:91: Receive from Server 1 on tcp://*:4301
INFO: 20:52:55.402296 messenger.go:108: Send to Server 1 on tcp://localhost:4103
INFO: 20:52:55.402361 messenger.go:91: Receive from Server 2 on tcp://*:4302
INFO: 20:52:55.402421 messenger.go:108: Send to Server 2 on tcp://localhost:4203
INFO: 20:52:55.402447 messenger.go:114: -----------------------------------------
INFO: 20:52:55.402497 messenger.go:136: Requests from Client 0 on tcp://*:7300
INFO: 20:52:55.402561 messenger.go:153: Response to Client 0 on tcp://*:10300
INFO: 20:52:55.402585 messenger.go:156: -----------------------------------------

INFO: 20:52:55.405133 main.go:83: Initial estimate value:  1
INFO: 20:52:55.405194 bin-consensus.go:23: 4.BC: bcid-1 round-1
INFO: 20:52:55.442955 messenger.go:468: RECEIVE BVB j=2 v=0
INFO: 20:52:55.443086 messenger.go:360: SEND BVB j=0 v=1
INFO: 20:52:55.458558 messenger.go:468: RECEIVE BVB j=1 v=1
INFO: 20:52:55.549020 messenger.go:360: SEND BVB j=2 v=1
INFO: 20:52:55.572116 messenger.go:360: SEND BVB j=1 v=1
INFO: 20:52:55.582438 messenger.go:468: RECEIVE BVB j=2 v=1
INFO: 20:52:55.582606 messenger.go:468: RECEIVE BVB j=0 v=1
INFO: 20:52:55.582776 messenger.go:468: RECEIVE BVB j=0 v=1
INFO: 20:52:55.583450 bin-consensus.go:154: 4.BC: bin_values-[1]
INFO: 20:52:55.587777 messenger.go:492: RECEIVE BC j=2 v=1
INFO: 20:52:55.588336 messenger.go:492: RECEIVE BC j=0 v=1
INFO: 20:52:55.589859 bin-consensus.go:77: 4.BC: vals-[1] coin-0
INFO: 20:52:55.590176 bin-consensus.go:23: 7.BC: bcid-1 round-2
INFO: 20:52:55.590469 messenger.go:492: RECEIVE BC j=1 v=1
INFO: 20:52:55.590567 messenger.go:360: SEND BC j=0 v=1
INFO: 20:52:55.591407 messenger.go:360: SEND BC j=2 v=1
INFO: 20:52:55.594975 messenger.go:360: SEND BC j=1 v=1
INFO: 20:52:55.600249 messenger.go:360: SEND BVB j=2 v=1
INFO: 20:52:55.601487 messenger.go:360: SEND BVB j=0 v=1
INFO: 20:52:55.607995 messenger.go:360: SEND BVB j=1 v=1
INFO: 20:52:55.636328 messenger.go:468: RECEIVE BVB j=0 v=1
INFO: 20:52:55.637144 messenger.go:468: RECEIVE BVB j=2 v=1
INFO: 20:52:55.637358 bin-consensus.go:154: 7.BC: bin_values-[1]
INFO: 20:52:55.641625 messenger.go:468: RECEIVE BVB j=1 v=1
INFO: 20:52:55.643169 messenger.go:360: SEND BC j=0 v=1
INFO: 20:52:55.643669 messenger.go:360: SEND BC j=1 v=1
INFO: 20:52:55.643780 messenger.go:360: SEND BC j=2 v=1
INFO: 20:52:55.646633 messenger.go:492: RECEIVE BC j=2 v=1
INFO: 20:52:55.648330 messenger.go:492: RECEIVE BC j=1 v=1
INFO: 20:52:55.648393 bin-consensus.go:77: 7.BC: vals-[1] coin-1
INFO: 20:52:55.648403 bin-consensus.go:82: 7.BC: decide-1
INFO: 20:52:55.660292 messenger.go:492: RECEIVE BC j=0 v=1
