INFO: 01:05:01.312650 main.go:29: ID:3 | N:4 | F:1 | Clients:1 | Scenario:NORMAL | Remote:false

INFO: 01:05:01.313022 messenger.go:91: Receive from Server 0 on tcp://*:4300
INFO: 01:05:01.313158 messenger.go:108: Send to Server 0 on tcp://localhost:4003
INFO: 01:05:01.313210 messenger.go:91: Receive from Server 1 on tcp://*:4301
INFO: 01:05:01.313254 messenger.go:108: Send to Server 1 on tcp://localhost:4103
INFO: 01:05:01.313299 messenger.go:91: Receive from Server 2 on tcp://*:4302
INFO: 01:05:01.313361 messenger.go:108: Send to Server 2 on tcp://localhost:4203
INFO: 01:05:01.313385 messenger.go:114: -----------------------------------------
INFO: 01:05:01.313419 messenger.go:136: Requests from Client 0 on tcp://*:7300
INFO: 01:05:01.313464 messenger.go:153: Response to Client 0 on tcp://*:10300
INFO: 01:05:01.313484 messenger.go:156: -----------------------------------------

INFO: 01:05:01.318870 main.go:83: Initial estimate value:  1
INFO: 01:05:01.319016 self-stabilizing-binary-consensus.go:96: round=1 repeat=1
INFO: 01:05:01.319051 self-stabilizing-binary-consensus.go:210: binValues(1,3)={}
INFO: 01:05:01.319070 self-stabilizing-binary-consensus.go:210: binValues(1,2)={}
INFO: 01:05:01.323250 self-stabilizing-binary-consensus.go:445: RECEIVE j=2 flag=true r=1 est={1} aux={}
INFO: 01:05:01.324545 self-stabilizing-binary-consensus.go:447: est[1][2]={1} aux[1][2]={}
INFO: 01:05:01.325032 messenger.go:302: SEND j=0 flag=true r=1 est={1} aux={}
INFO: 01:05:01.328493 messenger.go:302: SEND j=0 flag=false r=1 est={1} aux={}
INFO: 01:05:01.455836 messenger.go:302: SEND j=2 flag=true r=1 est={1} aux={}
INFO: 01:05:01.478641 messenger.go:302: SEND j=1 flag=true r=1 est={1} aux={}
INFO: 01:05:01.478802 self-stabilizing-binary-consensus.go:445: RECEIVE j=1 flag=true r=1 est={1} aux={}
INFO: 01:05:01.478849 self-stabilizing-binary-consensus.go:447: est[1][1]={1} aux[1][1]={}
INFO: 01:05:01.480761 messenger.go:302: SEND j=1 flag=false r=1 est={1} aux={}
INFO: 01:05:01.481051 messenger.go:302: SEND j=0 flag=false r=1 est={1} aux={}
INFO: 01:05:01.481212 messenger.go:302: SEND j=2 flag=false r=1 est={1} aux={}
INFO: 01:05:01.481454 self-stabilizing-binary-consensus.go:445: RECEIVE j=1 flag=false r=1 est={1} aux={}
INFO: 01:05:01.481535 self-stabilizing-binary-consensus.go:447: est[1][1]={1} aux[1][1]={}
INFO: 01:05:01.481558 self-stabilizing-binary-consensus.go:445: RECEIVE j=2 flag=false r=1 est={1} aux={}
INFO: 01:05:01.481565 self-stabilizing-binary-consensus.go:447: est[1][2]={1} aux[1][2]={}
INFO: 01:05:01.481571 self-stabilizing-binary-consensus.go:445: RECEIVE j=2 flag=false r=1 est={1} aux={}
INFO: 01:05:01.481577 self-stabilizing-binary-consensus.go:447: est[1][2]={1} aux[1][2]={}
INFO: 01:05:01.481582 self-stabilizing-binary-consensus.go:445: RECEIVE j=2 flag=false r=1 est={1} aux={}
INFO: 01:05:01.481604 self-stabilizing-binary-consensus.go:447: est[1][2]={1} aux[1][2]={}
INFO: 01:05:01.481612 self-stabilizing-binary-consensus.go:445: RECEIVE j=1 flag=false r=1 est={1} aux={}
INFO: 01:05:01.481617 self-stabilizing-binary-consensus.go:447: est[1][1]={1} aux[1][1]={}
INFO: 01:05:01.481794 messenger.go:302: SEND j=2 flag=false r=1 est={1} aux={}
INFO: 01:05:01.481965 messenger.go:302: SEND j=1 flag=false r=1 est={1} aux={}
INFO: 01:05:01.484896 self-stabilizing-binary-consensus.go:445: RECEIVE j=1 flag=false r=1 est={1} aux={}
INFO: 01:05:01.484910 self-stabilizing-binary-consensus.go:447: est[1][1]={1} aux[1][1]={}
INFO: 01:05:01.488254 self-stabilizing-binary-consensus.go:445: RECEIVE j=0 flag=true r=1 est={1} aux={}
INFO: 01:05:01.488286 self-stabilizing-binary-consensus.go:447: est[1][0]={1} aux[1][0]={}
INFO: 01:05:01.496703 self-stabilizing-binary-consensus.go:445: RECEIVE j=0 flag=false r=1 est={1} aux={}
INFO: 01:05:01.496755 self-stabilizing-binary-consensus.go:447: est[1][0]={1} aux[1][0]={}
INFO: 01:05:01.496776 self-stabilizing-binary-consensus.go:445: RECEIVE j=0 flag=false r=1 est={1} aux={}
INFO: 01:05:01.496792 self-stabilizing-binary-consensus.go:447: est[1][0]={1} aux[1][0]={}
INFO: 01:05:01.496807 self-stabilizing-binary-consensus.go:445: RECEIVE j=0 flag=false r=1 est={1} aux={}
INFO: 01:05:01.496847 self-stabilizing-binary-consensus.go:447: est[1][0]={1} aux[1][0]={}
INFO: 01:05:01.497438 messenger.go:302: SEND j=2 flag=false r=1 est={1} aux={}
INFO: 01:05:01.498225 messenger.go:302: SEND j=1 flag=false r=1 est={1} aux={}
INFO: 01:05:01.498535 messenger.go:302: SEND j=0 flag=false r=1 est={1} aux={}
INFO: 01:05:02.319299 self-stabilizing-binary-consensus.go:445: RECEIVE j=0 flag=true r=1 est={1} aux={1}
INFO: 01:05:02.319375 self-stabilizing-binary-consensus.go:447: est[1][0]={1} aux[1][0]={1}
INFO: 01:05:02.323477 self-stabilizing-binary-consensus.go:210: binValues(1,3)={1}
INFO: 01:05:02.323572 self-stabilizing-binary-consensus.go:235: infoResults()={}
INFO: 01:05:02.323591 self-stabilizing-binary-consensus.go:96: round=1 repeat=2
INFO: 01:05:02.323602 self-stabilizing-binary-consensus.go:210: binValues(1,3)={1}
INFO: 01:05:02.323612 self-stabilizing-binary-consensus.go:135: aux[1][3]=1
INFO: 01:05:02.323670 self-stabilizing-binary-consensus.go:210: binValues(1,2)={1}
INFO: 01:05:02.334791 messenger.go:302: SEND j=0 flag=true r=1 est={1} aux={1}
INFO: 01:05:02.336832 messenger.go:302: SEND j=1 flag=true r=1 est={1} aux={1}
INFO: 01:05:02.340943 messenger.go:302: SEND j=2 flag=true r=1 est={1} aux={1}
INFO: 01:05:02.343113 self-stabilizing-binary-consensus.go:445: RECEIVE j=1 flag=true r=1 est={1} aux={1}
INFO: 01:05:02.343239 self-stabilizing-binary-consensus.go:447: est[1][1]={1} aux[1][1]={1}
INFO: 01:05:02.344232 messenger.go:302: SEND j=1 flag=false r=1 est={1} aux={}
INFO: 01:05:02.344696 messenger.go:302: SEND j=0 flag=false r=1 est={1} aux={}
INFO: 01:05:02.347439 messenger.go:302: SEND j=2 flag=false r=1 est={1} aux={}
INFO: 01:05:02.347915 self-stabilizing-binary-consensus.go:445: RECEIVE j=0 flag=false r=1 est={1} aux={1}
INFO: 01:05:02.347953 self-stabilizing-binary-consensus.go:447: est[1][0]={1} aux[1][0]={1}
INFO: 01:05:02.347977 self-stabilizing-binary-consensus.go:445: RECEIVE j=2 flag=true r=1 est={1} aux={1}
INFO: 01:05:02.350302 self-stabilizing-binary-consensus.go:447: est[1][2]={1} aux[1][2]={1}
INFO: 01:05:02.349889 messenger.go:302: SEND j=2 flag=false r=1 est={1} aux={1}
INFO: 01:05:02.352324 messenger.go:302: SEND j=1 flag=false r=1 est={1} aux={1}
INFO: 01:05:02.353415 messenger.go:302: SEND j=0 flag=false r=1 est={1} aux={1}
INFO: 01:05:02.353909 self-stabilizing-binary-consensus.go:445: RECEIVE j=1 flag=false r=1 est={1} aux={}
INFO: 01:05:02.353955 self-stabilizing-binary-consensus.go:447: est[1][1]={1} aux[1][1]={}
INFO: 01:05:02.353987 self-stabilizing-binary-consensus.go:445: RECEIVE j=2 flag=false r=1 est={1} aux={1}
INFO: 01:05:02.354006 self-stabilizing-binary-consensus.go:447: est[1][2]={1} aux[1][2]={1}
INFO: 01:05:02.354028 self-stabilizing-binary-consensus.go:445: RECEIVE j=2 flag=false r=1 est={1} aux={1}
INFO: 01:05:02.354046 self-stabilizing-binary-consensus.go:447: est[1][2]={1} aux[1][2]={1}
INFO: 01:05:02.354248 self-stabilizing-binary-consensus.go:445: RECEIVE j=1 flag=false r=1 est={1} aux={1}
INFO: 01:05:02.354278 self-stabilizing-binary-consensus.go:447: est[1][1]={1} aux[1][1]={1}
INFO: 01:05:02.354297 self-stabilizing-binary-consensus.go:445: RECEIVE j=1 flag=false r=1 est={1} aux={1}
INFO: 01:05:02.354315 self-stabilizing-binary-consensus.go:447: est[1][1]={1} aux[1][1]={1}
INFO: 01:05:02.355787 messenger.go:302: SEND j=0 flag=false r=1 est={1} aux={1}
INFO: 01:05:02.355851 messenger.go:302: SEND j=1 flag=false r=1 est={1} aux={1}
INFO: 01:05:02.356202 self-stabilizing-binary-consensus.go:445: RECEIVE j=0 flag=false r=1 est={1} aux={1}
INFO: 01:05:02.356227 self-stabilizing-binary-consensus.go:447: est[1][0]={1} aux[1][0]={1}
INFO: 01:05:02.356461 messenger.go:302: SEND j=2 flag=false r=1 est={1} aux={1}
INFO: 01:05:02.356630 self-stabilizing-binary-consensus.go:445: RECEIVE j=2 flag=false r=1 est={1} aux={1}
INFO: 01:05:02.356643 self-stabilizing-binary-consensus.go:447: est[1][2]={1} aux[1][2]={1}
INFO: 01:05:02.356774 self-stabilizing-binary-consensus.go:445: RECEIVE j=0 flag=false r=1 est={1} aux={1}
INFO: 01:05:02.356786 self-stabilizing-binary-consensus.go:447: est[1][0]={1} aux[1][0]={1}
INFO: 01:05:03.332316 self-stabilizing-binary-consensus.go:210: binValues(1,3)={1}
INFO: 01:05:03.332488 self-stabilizing-binary-consensus.go:235: infoResults()={1}
INFO: 01:05:03.332504 self-stabilizing-binary-consensus.go:210: binValues(1,3)={1}
INFO: 01:05:03.332509 self-stabilizing-binary-consensus.go:235: infoResults()={1}
INFO: 01:05:03.332523 self-stabilizing-binary-consensus.go:268: randomBit(1)=1
INFO: 01:05:03.332528 self-stabilizing-binary-consensus.go:261: decision=1
INFO: 01:05:03.332717 self-stabilizing-binary-consensus.go:210: binValues(11,2)={}
INFO: 01:05:03.333862 self-stabilizing-multivalued-consensus.go:18: Successful decide
