INFO: 01:55:20.042236 main.go:29: ID:3 | N:4 | F:1 | Clients:1 | Scenario:NORMAL | Remote:false

INFO: 01:55:20.042670 messenger.go:91: Receive from Server 0 on tcp://*:4300
INFO: 01:55:20.042920 messenger.go:108: Send to Server 0 on tcp://localhost:4003
INFO: 01:55:20.043107 messenger.go:91: Receive from Server 1 on tcp://*:4301
INFO: 01:55:20.043169 messenger.go:108: Send to Server 1 on tcp://localhost:4103
INFO: 01:55:20.043214 messenger.go:91: Receive from Server 2 on tcp://*:4302
INFO: 01:55:20.043257 messenger.go:108: Send to Server 2 on tcp://localhost:4203
INFO: 01:55:20.043278 messenger.go:114: -----------------------------------------
INFO: 01:55:20.043319 messenger.go:136: Requests from Client 0 on tcp://*:7300
INFO: 01:55:20.043363 messenger.go:153: Response to Client 0 on tcp://*:10300
INFO: 01:55:20.043386 messenger.go:156: -----------------------------------------

INFO: 01:55:20.049402 main.go:83: Initial estimate value:  1
INFO: 01:55:20.049453 self-stabilizing-binary-consensus.go:96: round=1 repeat=1
INFO: 01:55:20.049465 self-stabilizing-binary-consensus.go:210: binValues(1,3)={}
INFO: 01:55:20.049489 self-stabilizing-binary-consensus.go:210: binValues(1,2)={}
INFO: 01:55:20.054633 self-stabilizing-binary-consensus.go:445: RECEIVED j=1 flag=true r=1 est={1} aux={}
INFO: 01:55:20.054719 self-stabilizing-binary-consensus.go:447: est[1][1]={1} aux[1][1]={}
INFO: 01:55:20.057992 messenger.go:307: SEND j=2 flag=true r=1 est={1} aux={}
INFO: 01:55:20.058271 messenger.go:307: SEND j=0 flag=true r=1 est={1} aux={}
INFO: 01:55:20.058640 messenger.go:307: SEND j=0 flag=false r=1 est={1} aux={}
INFO: 01:55:20.211600 messenger.go:307: SEND j=1 flag=true r=1 est={1} aux={}
INFO: 01:55:20.213337 messenger.go:307: SEND j=1 flag=false r=1 est={1} aux={}
INFO: 01:55:20.213934 self-stabilizing-binary-consensus.go:445: RECEIVED j=0 flag=true r=1 est={0} aux={}
INFO: 01:55:20.214610 self-stabilizing-binary-consensus.go:447: est[1][0]={0} aux[1][0]={}
INFO: 01:55:20.215964 messenger.go:307: SEND j=2 flag=false r=1 est={1} aux={}
INFO: 01:55:20.218322 self-stabilizing-binary-consensus.go:445: RECEIVED j=2 flag=false r=1 est={0} aux={}
INFO: 01:55:20.218887 self-stabilizing-binary-consensus.go:447: est[1][2]={0} aux[1][2]={}
INFO: 01:55:20.218898 self-stabilizing-binary-consensus.go:445: RECEIVED j=0 flag=false r=1 est={0} aux={}
INFO: 01:55:20.218903 self-stabilizing-binary-consensus.go:447: est[1][0]={0} aux[1][0]={}
INFO: 01:55:20.218931 self-stabilizing-binary-consensus.go:445: RECEIVED j=2 flag=true r=1 est={0} aux={}
INFO: 01:55:20.218938 self-stabilizing-binary-consensus.go:447: est[1][2]={0} aux[1][2]={}
INFO: 01:55:20.219702 messenger.go:307: SEND j=0 flag=false r=1 est={1} aux={}
INFO: 01:55:20.218776 messenger.go:307: SEND j=1 flag=false r=1 est={1} aux={}
INFO: 01:55:20.220036 messenger.go:307: SEND j=2 flag=false r=1 est={1} aux={}
INFO: 01:55:20.223023 self-stabilizing-binary-consensus.go:445: RECEIVED j=0 flag=false r=1 est={0} aux={}
INFO: 01:55:20.223522 self-stabilizing-binary-consensus.go:447: est[1][0]={0} aux[1][0]={}
INFO: 01:55:20.223549 self-stabilizing-binary-consensus.go:445: RECEIVED j=1 flag=false r=1 est={1} aux={}
INFO: 01:55:20.223557 self-stabilizing-binary-consensus.go:447: est[1][1]={1} aux[1][1]={}
INFO: 01:55:20.223563 self-stabilizing-binary-consensus.go:445: RECEIVED j=2 flag=false r=1 est={0} aux={}
INFO: 01:55:20.223568 self-stabilizing-binary-consensus.go:447: est[1][2]={0} aux[1][2]={}
INFO: 01:55:20.223573 self-stabilizing-binary-consensus.go:445: RECEIVED j=2 flag=false r=1 est={0} aux={}
INFO: 01:55:20.223590 self-stabilizing-binary-consensus.go:447: est[1][2]={0} aux[1][2]={}
INFO: 01:55:20.223598 self-stabilizing-binary-consensus.go:445: RECEIVED j=0 flag=false r=1 est={0} aux={}
INFO: 01:55:20.223602 self-stabilizing-binary-consensus.go:447: est[1][0]={0} aux[1][0]={}
INFO: 01:55:20.223608 self-stabilizing-binary-consensus.go:445: RECEIVED j=1 flag=false r=1 est={1} aux={}
INFO: 01:55:20.223612 self-stabilizing-binary-consensus.go:447: est[1][1]={1} aux[1][1]={}
INFO: 01:55:20.223309 messenger.go:307: SEND j=1 flag=false r=1 est={1} aux={}
INFO: 01:55:20.223519 messenger.go:307: SEND j=2 flag=false r=1 est={1} aux={}
INFO: 01:55:20.223917 messenger.go:307: SEND j=0 flag=false r=1 est={1} aux={}
INFO: 01:55:20.226360 self-stabilizing-binary-consensus.go:445: RECEIVED j=1 flag=false r=1 est={1} aux={}
INFO: 01:55:20.226440 self-stabilizing-binary-consensus.go:447: est[1][1]={1} aux[1][1]={}
INFO: 01:55:21.054928 self-stabilizing-binary-consensus.go:210: binValues(1,3)={}
INFO: 01:55:21.055194 self-stabilizing-binary-consensus.go:235: infoResults()={}
INFO: 01:55:21.055284 self-stabilizing-binary-consensus.go:96: round=1 repeat=2
INFO: 01:55:21.055314 self-stabilizing-binary-consensus.go:210: binValues(1,3)={}
INFO: 01:55:21.055328 self-stabilizing-binary-consensus.go:210: binValues(1,2)={0 1}
INFO: 01:55:21.058898 self-stabilizing-binary-consensus.go:445: RECEIVED j=0 flag=true r=1 est={0 1} aux={}
INFO: 01:55:21.061689 self-stabilizing-binary-consensus.go:447: est[1][0]={0 1} aux[1][0]={}
INFO: 01:55:21.070915 messenger.go:307: SEND j=0 flag=true r=1 est={0 1} aux={}
INFO: 01:55:21.072559 messenger.go:307: SEND j=1 flag=true r=1 est={0 1} aux={}
INFO: 01:55:21.072939 messenger.go:307: SEND j=2 flag=true r=1 est={0 1} aux={}
INFO: 01:55:21.075588 self-stabilizing-binary-consensus.go:445: RECEIVED j=1 flag=true r=1 est={0 1} aux={}
INFO: 01:55:21.081525 self-stabilizing-binary-consensus.go:447: est[1][1]={0 1} aux[1][1]={}
INFO: 01:55:21.083417 messenger.go:307: SEND j=1 flag=false r=1 est={1} aux={}
INFO: 01:55:21.083717 messenger.go:307: SEND j=2 flag=false r=1 est={1} aux={}
INFO: 01:55:21.087485 messenger.go:307: SEND j=0 flag=false r=1 est={1} aux={}
INFO: 01:55:21.087778 self-stabilizing-binary-consensus.go:445: RECEIVED j=2 flag=false r=1 est={0} aux={}
INFO: 01:55:21.087793 self-stabilizing-binary-consensus.go:447: est[1][2]={0} aux[1][2]={}
INFO: 01:55:21.087800 self-stabilizing-binary-consensus.go:445: RECEIVED j=2 flag=false r=1 est={0} aux={}
INFO: 01:55:21.087805 self-stabilizing-binary-consensus.go:447: est[1][2]={0} aux[1][2]={}
INFO: 01:55:21.087810 self-stabilizing-binary-consensus.go:445: RECEIVED j=0 flag=false r=1 est={0} aux={}
INFO: 01:55:21.087815 self-stabilizing-binary-consensus.go:447: est[1][0]={0 1} aux[1][0]={}
INFO: 01:55:21.087820 self-stabilizing-binary-consensus.go:445: RECEIVED j=1 flag=false r=1 est={1} aux={}
INFO: 01:55:21.087824 self-stabilizing-binary-consensus.go:447: est[1][1]={0 1} aux[1][1]={}
INFO: 01:55:21.087829 self-stabilizing-binary-consensus.go:445: RECEIVED j=0 flag=false r=1 est={0} aux={}
INFO: 01:55:21.087834 self-stabilizing-binary-consensus.go:447: est[1][0]={0 1} aux[1][0]={}
INFO: 01:55:21.087852 self-stabilizing-binary-consensus.go:445: RECEIVED j=2 flag=false r=1 est={0} aux={}
INFO: 01:55:21.087859 self-stabilizing-binary-consensus.go:447: est[1][2]={0} aux[1][2]={}
INFO: 01:55:21.088465 messenger.go:307: SEND j=1 flag=false r=1 est={1} aux={}
INFO: 01:55:21.088528 messenger.go:307: SEND j=2 flag=false r=1 est={1} aux={}
INFO: 01:55:21.088671 messenger.go:307: SEND j=0 flag=false r=1 est={1} aux={}
INFO: 01:55:21.089790 self-stabilizing-binary-consensus.go:445: RECEIVED j=1 flag=false r=1 est={1} aux={}
INFO: 01:55:21.089833 self-stabilizing-binary-consensus.go:447: est[1][1]={0 1} aux[1][1]={}
INFO: 01:55:21.217069 self-stabilizing-binary-consensus.go:445: RECEIVED j=2 flag=true r=1 est={0 1} aux={0}
INFO: 01:55:21.217406 self-stabilizing-binary-consensus.go:447: est[1][2]={0 1} aux[1][2]={0}
INFO: 01:55:21.222695 self-stabilizing-binary-consensus.go:445: RECEIVED j=0 flag=false r=1 est={0} aux={}
INFO: 01:55:21.222721 self-stabilizing-binary-consensus.go:447: est[1][0]={0 1} aux[1][0]={}
INFO: 01:55:21.222733 self-stabilizing-binary-consensus.go:445: RECEIVED j=1 flag=false r=1 est={1} aux={}
INFO: 01:55:21.222741 self-stabilizing-binary-consensus.go:447: est[1][1]={0 1} aux[1][1]={}
INFO: 01:55:21.223620 messenger.go:307: SEND j=0 flag=false r=1 est={1} aux={}
INFO: 01:55:21.223927 messenger.go:307: SEND j=2 flag=false r=1 est={1} aux={}
INFO: 01:55:21.224186 messenger.go:307: SEND j=1 flag=false r=1 est={1} aux={}
INFO: 01:55:22.067014 self-stabilizing-binary-consensus.go:445: RECEIVED j=1 flag=true r=1 est={0 1} aux={0}
INFO: 01:55:22.067351 self-stabilizing-binary-consensus.go:447: est[1][1]={0 1} aux[1][1]={0}
INFO: 01:55:22.078587 self-stabilizing-binary-consensus.go:210: binValues(1,3)={0 1}
INFO: 01:55:22.080170 self-stabilizing-binary-consensus.go:235: infoResults()={}
INFO: 01:55:22.080249 self-stabilizing-binary-consensus.go:96: round=1 repeat=3
INFO: 01:55:22.080302 self-stabilizing-binary-consensus.go:210: binValues(1,3)={0 1}
INFO: 01:55:22.080338 self-stabilizing-binary-consensus.go:135: aux[1][3]=0
INFO: 01:55:22.080377 self-stabilizing-binary-consensus.go:210: binValues(1,2)={0 1}
INFO: 01:55:22.084675 self-stabilizing-binary-consensus.go:445: RECEIVED j=0 flag=true r=1 est={0 1} aux={0}
INFO: 01:55:22.087718 self-stabilizing-binary-consensus.go:447: est[1][0]={0 1} aux[1][0]={0}
INFO: 01:55:22.087334 messenger.go:307: SEND j=1 flag=false r=1 est={1} aux={}
INFO: 01:55:22.087595 messenger.go:307: SEND j=0 flag=false r=1 est={1} aux={}
INFO: 01:55:22.088656 messenger.go:307: SEND j=0 flag=true r=1 est={0 1} aux={0}
INFO: 01:55:22.087626 messenger.go:307: SEND j=2 flag=false r=1 est={1} aux={}
INFO: 01:55:22.088833 messenger.go:307: SEND j=1 flag=true r=1 est={0 1} aux={0}
INFO: 01:55:22.091216 messenger.go:307: SEND j=2 flag=true r=1 est={0 1} aux={0}
INFO: 01:55:22.094641 self-stabilizing-binary-consensus.go:445: RECEIVED j=2 flag=false r=1 est={0} aux={0}
INFO: 01:55:22.095022 self-stabilizing-binary-consensus.go:447: est[1][2]={0 1} aux[1][2]={0}
INFO: 01:55:22.095061 self-stabilizing-binary-consensus.go:445: RECEIVED j=1 flag=false r=1 est={1} aux={0}
INFO: 01:55:22.095081 self-stabilizing-binary-consensus.go:447: est[1][1]={0 1} aux[1][1]={0}
INFO: 01:55:22.095807 self-stabilizing-binary-consensus.go:445: RECEIVED j=0 flag=false r=1 est={0} aux={0}
INFO: 01:55:22.095847 self-stabilizing-binary-consensus.go:447: est[1][0]={0 1} aux[1][0]={0}
INFO: 01:55:22.095874 self-stabilizing-binary-consensus.go:445: RECEIVED j=2 flag=false r=1 est={0} aux={0}
INFO: 01:55:22.095899 self-stabilizing-binary-consensus.go:447: est[1][2]={0 1} aux[1][2]={0}
INFO: 01:55:22.095925 self-stabilizing-binary-consensus.go:445: RECEIVED j=2 flag=false r=1 est={0} aux={0}
INFO: 01:55:22.095988 self-stabilizing-binary-consensus.go:447: est[1][2]={0 1} aux[1][2]={0}
INFO: 01:55:22.096025 self-stabilizing-binary-consensus.go:445: RECEIVED j=1 flag=false r=1 est={1} aux={0}
INFO: 01:55:22.096050 self-stabilizing-binary-consensus.go:447: est[1][1]={0 1} aux[1][1]={0}
INFO: 01:55:22.095411 messenger.go:307: SEND j=2 flag=false r=1 est={1} aux={0}
INFO: 01:55:22.095765 messenger.go:307: SEND j=0 flag=false r=1 est={1} aux={0}
INFO: 01:55:22.094916 messenger.go:307: SEND j=1 flag=false r=1 est={1} aux={0}
INFO: 01:55:22.097681 self-stabilizing-binary-consensus.go:445: RECEIVED j=0 flag=false r=1 est={0} aux={0}
INFO: 01:55:22.097732 self-stabilizing-binary-consensus.go:447: est[1][0]={0 1} aux[1][0]={0}
INFO: 01:55:23.089134 self-stabilizing-binary-consensus.go:210: binValues(1,3)={0 1}
INFO: 01:55:23.089188 self-stabilizing-binary-consensus.go:235: infoResults()={0}
INFO: 01:55:23.089199 self-stabilizing-binary-consensus.go:210: binValues(1,3)={0 1}
INFO: 01:55:23.089204 self-stabilizing-binary-consensus.go:235: infoResults()={0}
INFO: 01:55:23.089223 self-stabilizing-binary-consensus.go:268: randomBit(1)=1
INFO: 01:55:23.089258 self-stabilizing-binary-consensus.go:210: binValues(11,2)={}
INFO: 01:55:23.089272 self-stabilizing-binary-consensus.go:96: round=2 repeat=1
INFO: 01:55:23.089278 self-stabilizing-binary-consensus.go:210: binValues(2,3)={}
INFO: 01:55:23.089283 self-stabilizing-binary-consensus.go:210: binValues(2,2)={}
INFO: 01:55:23.089324 self-stabilizing-binary-consensus.go:445: RECEIVED j=2 flag=true r=2 est={0} aux={}
INFO: 01:55:23.089361 self-stabilizing-binary-consensus.go:447: est[2][2]={0} aux[2][2]={}
INFO: 01:55:23.091548 messenger.go:307: SEND j=2 flag=true r=2 est={0} aux={}
INFO: 01:55:23.092004 messenger.go:307: SEND j=0 flag=true r=2 est={0} aux={}
INFO: 01:55:23.092114 messenger.go:307: SEND j=1 flag=true r=2 est={0} aux={}
INFO: 01:55:23.098060 self-stabilizing-binary-consensus.go:445: RECEIVED j=0 flag=true r=2 est={0} aux={}
INFO: 01:55:23.098379 self-stabilizing-binary-consensus.go:447: est[2][0]={0} aux[2][0]={}
INFO: 01:55:23.098450 messenger.go:307: SEND j=2 flag=false r=2 est={0} aux={}
INFO: 01:55:23.098370 messenger.go:307: SEND j=1 flag=false r=2 est={0} aux={}
INFO: 01:55:23.098695 messenger.go:307: SEND j=0 flag=false r=2 est={0} aux={}
INFO: 01:55:23.104989 self-stabilizing-binary-consensus.go:445: RECEIVED j=0 flag=false r=2 est={0} aux={}
INFO: 01:55:23.105250 self-stabilizing-binary-consensus.go:447: est[2][0]={0} aux[2][0]={}
INFO: 01:55:23.105323 self-stabilizing-binary-consensus.go:445: RECEIVED j=1 flag=false r=2 est={0} aux={}
INFO: 01:55:23.105346 self-stabilizing-binary-consensus.go:447: est[2][1]={0} aux[2][1]={}
INFO: 01:55:23.105354 self-stabilizing-binary-consensus.go:445: RECEIVED j=1 flag=false r=2 est={0} aux={}
INFO: 01:55:23.105359 self-stabilizing-binary-consensus.go:447: est[2][1]={0} aux[2][1]={}
INFO: 01:55:23.105365 self-stabilizing-binary-consensus.go:445: RECEIVED j=1 flag=true r=2 est={0} aux={}
INFO: 01:55:23.105369 self-stabilizing-binary-consensus.go:447: est[2][1]={0} aux[2][1]={}
INFO: 01:55:23.105564 messenger.go:307: SEND j=1 flag=false r=2 est={0} aux={}
INFO: 01:55:23.106066 messenger.go:307: SEND j=0 flag=false r=2 est={0} aux={}
INFO: 01:55:23.106143 messenger.go:307: SEND j=2 flag=false r=2 est={0} aux={}
INFO: 01:55:23.108869 self-stabilizing-binary-consensus.go:445: RECEIVED j=2 flag=false r=2 est={0} aux={}
INFO: 01:55:23.108956 self-stabilizing-binary-consensus.go:447: est[2][2]={0} aux[2][2]={}
INFO: 01:55:23.108991 self-stabilizing-binary-consensus.go:445: RECEIVED j=0 flag=false r=2 est={0} aux={}
INFO: 01:55:23.108998 self-stabilizing-binary-consensus.go:447: est[2][0]={0} aux[2][0]={}
INFO: 01:55:23.109004 self-stabilizing-binary-consensus.go:445: RECEIVED j=1 flag=false r=2 est={0} aux={}
INFO: 01:55:23.109008 self-stabilizing-binary-consensus.go:447: est[2][1]={0} aux[2][1]={}
INFO: 01:55:23.109028 self-stabilizing-binary-consensus.go:445: RECEIVED j=2 flag=false r=2 est={0} aux={}
INFO: 01:55:23.109035 self-stabilizing-binary-consensus.go:447: est[2][2]={0} aux[2][2]={}
INFO: 01:55:23.109041 self-stabilizing-binary-consensus.go:445: RECEIVED j=0 flag=false r=2 est={0} aux={}
INFO: 01:55:23.109045 self-stabilizing-binary-consensus.go:447: est[2][0]={0} aux[2][0]={}
INFO: 01:55:23.109992 messenger.go:307: SEND j=0 flag=false r=2 est={0} aux={}
INFO: 01:55:23.110121 messenger.go:307: SEND j=1 flag=false r=2 est={0} aux={}
INFO: 01:55:23.110213 messenger.go:307: SEND j=2 flag=false r=2 est={0} aux={}
INFO: 01:55:23.111379 self-stabilizing-binary-consensus.go:445: RECEIVED j=2 flag=false r=2 est={0} aux={}
INFO: 01:55:23.111428 self-stabilizing-binary-consensus.go:447: est[2][2]={0} aux[2][2]={}
INFO: 01:55:23.219918 self-stabilizing-binary-consensus.go:445: RECEIVED j=2 flag=true r=2 est={0} aux={0}
INFO: 01:55:23.220007 self-stabilizing-binary-consensus.go:447: est[2][2]={0} aux[2][2]={0}
INFO: 01:55:23.222313 self-stabilizing-binary-consensus.go:445: RECEIVED j=0 flag=false r=2 est={0} aux={}
INFO: 01:55:23.222414 self-stabilizing-binary-consensus.go:447: est[2][0]={0} aux[2][0]={}
INFO: 01:55:23.223144 messenger.go:307: SEND j=0 flag=false r=2 est={0} aux={}
INFO: 01:55:23.223443 messenger.go:307: SEND j=1 flag=false r=2 est={0} aux={}
INFO: 01:55:23.224201 messenger.go:307: SEND j=2 flag=false r=2 est={0} aux={}
INFO: 01:55:23.225809 self-stabilizing-binary-consensus.go:445: RECEIVED j=1 flag=false r=2 est={0} aux={}
INFO: 01:55:23.225893 self-stabilizing-binary-consensus.go:447: est[2][1]={0} aux[2][1]={}
INFO: 01:55:24.078047 self-stabilizing-binary-consensus.go:445: RECEIVED j=0 flag=true r=2 est={0} aux={0}
INFO: 01:55:24.078137 self-stabilizing-binary-consensus.go:447: est[2][0]={0} aux[2][0]={0}
INFO: 01:55:24.085305 messenger.go:307: SEND j=1 flag=false r=2 est={0} aux={}
INFO: 01:55:24.085937 messenger.go:307: SEND j=0 flag=false r=2 est={0} aux={}
INFO: 01:55:24.087772 messenger.go:307: SEND j=2 flag=false r=2 est={0} aux={}
INFO: 01:55:24.088138 self-stabilizing-binary-consensus.go:445: RECEIVED j=1 flag=false r=2 est={0} aux={}
INFO: 01:55:24.088236 self-stabilizing-binary-consensus.go:447: est[2][1]={0} aux[2][1]={}
INFO: 01:55:24.091198 self-stabilizing-binary-consensus.go:445: RECEIVED j=2 flag=false r=2 est={0} aux={0}
INFO: 01:55:24.091280 self-stabilizing-binary-consensus.go:447: est[2][2]={0} aux[2][2]={0}
INFO: 01:55:24.091329 self-stabilizing-binary-consensus.go:210: binValues(2,3)={0}
INFO: 01:55:24.091366 self-stabilizing-binary-consensus.go:235: infoResults()={}
INFO: 01:55:24.091376 self-stabilizing-binary-consensus.go:96: round=2 repeat=2
INFO: 01:55:24.091382 self-stabilizing-binary-consensus.go:210: binValues(2,3)={0}
INFO: 01:55:24.091388 self-stabilizing-binary-consensus.go:135: aux[2][3]=0
INFO: 01:55:24.091425 self-stabilizing-binary-consensus.go:210: binValues(2,2)={0}
INFO: 01:55:24.095485 messenger.go:307: SEND j=2 flag=true r=2 est={0} aux={0}
INFO: 01:55:24.095607 messenger.go:307: SEND j=0 flag=true r=2 est={0} aux={0}
INFO: 01:55:24.095792 messenger.go:307: SEND j=1 flag=true r=2 est={0} aux={0}
INFO: 01:55:24.098560 self-stabilizing-binary-consensus.go:445: RECEIVED j=0 flag=false r=2 est={0} aux={0}
INFO: 01:55:24.098971 self-stabilizing-binary-consensus.go:447: est[2][0]={0} aux[2][0]={0}
INFO: 01:55:24.100637 self-stabilizing-binary-consensus.go:445: RECEIVED j=1 flag=false r=2 est={0} aux={}
INFO: 01:55:24.101107 self-stabilizing-binary-consensus.go:447: est[2][1]={0} aux[2][1]={}
INFO: 01:55:24.102539 self-stabilizing-binary-consensus.go:445: RECEIVED j=2 flag=false r=2 est={0} aux={0}
INFO: 01:55:24.102809 self-stabilizing-binary-consensus.go:447: est[2][2]={0} aux[2][2]={0}
INFO: 01:55:25.094716 self-stabilizing-binary-consensus.go:210: binValues(2,3)={0}
INFO: 01:55:25.094803 self-stabilizing-binary-consensus.go:235: infoResults()={0}
INFO: 01:55:25.094818 self-stabilizing-binary-consensus.go:210: binValues(2,3)={0}
INFO: 01:55:25.094825 self-stabilizing-binary-consensus.go:235: infoResults()={0}
INFO: 01:55:25.094864 self-stabilizing-binary-consensus.go:268: randomBit(2)=0
INFO: 01:55:25.094876 self-stabilizing-binary-consensus.go:261: decision=0
INFO: 01:55:25.094903 self-stabilizing-binary-consensus.go:210: binValues(11,2)={}
INFO: 01:55:26.058711 self-stabilizing-multivalued-consensus.go:18: Successful decide
