INFO: 01:23:30.824191 main.go:29: ID:3 | N:4 | F:1 | Clients:1 | Scenario:NORMAL | Remote:false

INFO: 01:23:30.824643 messenger.go:90: Receive from Server 0 on tcp://*:4300
INFO: 01:23:30.824974 messenger.go:107: Send to Server 0 on tcp://localhost:4003
INFO: 01:23:30.825067 messenger.go:90: Receive from Server 1 on tcp://*:4301
INFO: 01:23:30.825122 messenger.go:107: Send to Server 1 on tcp://localhost:4103
INFO: 01:23:30.825171 messenger.go:90: Receive from Server 2 on tcp://*:4302
INFO: 01:23:30.825213 messenger.go:107: Send to Server 2 on tcp://localhost:4203
INFO: 01:23:30.825235 messenger.go:113: -----------------------------------------
INFO: 01:23:30.825274 messenger.go:135: Requests from Client 0 on tcp://*:7300
INFO: 01:23:30.825345 messenger.go:152: Response to Client 0 on tcp://*:10300
INFO: 01:23:30.825368 messenger.go:155: -----------------------------------------

INFO: 01:23:30.830891 main.go:83: Initial estimate value:  1
INFO: 01:23:30.831100 self-stabilizing-binary-consensus.go:77: Round:1
INFO: 01:23:30.831147 self-stabilizing-binary-consensus.go:117: binValues(1,3)={} w=-1
INFO: 01:23:30.831174 self-stabilizing-binary-consensus.go:128: binValues(1,2)={} w=-1
INFO: 01:23:30.836022 self-stabilizing-binary-consensus.go:132: SEND flag=1 r=1 est={1} aux={}
INFO: 01:23:30.837989 self-stabilizing-binary-consensus.go:408: RECEIVE j=2 flag=1 r=1 est={1} aux={}
INFO: 01:23:30.838043 self-stabilizing-binary-consensus.go:425: est[1][2]={1} aux[1][2]={}
INFO: 01:23:30.992569 self-stabilizing-binary-consensus.go:432: SEND flag=0 r=1 est={1} aux={}
INFO: 01:23:30.992603 self-stabilizing-binary-consensus.go:408: RECEIVE j=1 flag=1 r=1 est={0} aux={}
INFO: 01:23:30.992610 self-stabilizing-binary-consensus.go:425: est[1][1]={0} aux[1][1]={}
INFO: 01:23:31.000892 self-stabilizing-binary-consensus.go:432: SEND flag=0 r=1 est={1} aux={}
INFO: 01:23:31.000940 self-stabilizing-binary-consensus.go:408: RECEIVE j=2 flag=0 r=1 est={1} aux={}
INFO: 01:23:31.000952 self-stabilizing-binary-consensus.go:425: est[1][2]={1} aux[1][2]={}
INFO: 01:23:31.000958 self-stabilizing-binary-consensus.go:408: RECEIVE j=1 flag=0 r=1 est={0} aux={}
INFO: 01:23:31.000962 self-stabilizing-binary-consensus.go:425: est[1][1]={0} aux[1][1]={}
INFO: 01:23:31.000968 self-stabilizing-binary-consensus.go:408: RECEIVE j=2 flag=0 r=1 est={1} aux={}
INFO: 01:23:31.000984 self-stabilizing-binary-consensus.go:425: est[1][2]={1} aux[1][2]={}
INFO: 01:23:31.000993 self-stabilizing-binary-consensus.go:408: RECEIVE j=2 flag=0 r=1 est={1} aux={}
INFO: 01:23:31.000997 self-stabilizing-binary-consensus.go:425: est[1][2]={1} aux[1][2]={}
INFO: 01:23:31.001003 self-stabilizing-binary-consensus.go:408: RECEIVE j=1 flag=0 r=1 est={0} aux={}
INFO: 01:23:31.001007 self-stabilizing-binary-consensus.go:425: est[1][1]={0} aux[1][1]={}
INFO: 01:23:31.001024 self-stabilizing-binary-consensus.go:408: RECEIVE j=0 flag=0 r=1 est={0} aux={}
INFO: 01:23:31.001031 self-stabilizing-binary-consensus.go:425: est[1][0]={0} aux[1][0]={}
INFO: 01:23:31.001037 self-stabilizing-binary-consensus.go:408: RECEIVE j=1 flag=0 r=1 est={0} aux={}
INFO: 01:23:31.001041 self-stabilizing-binary-consensus.go:425: est[1][1]={0} aux[1][1]={}
INFO: 01:23:31.001046 self-stabilizing-binary-consensus.go:408: RECEIVE j=0 flag=1 r=1 est={0} aux={}
INFO: 01:23:31.001050 self-stabilizing-binary-consensus.go:425: est[1][0]={0} aux[1][0]={}
INFO: 01:23:31.003598 self-stabilizing-binary-consensus.go:432: SEND flag=0 r=1 est={1} aux={}
INFO: 01:23:31.003636 self-stabilizing-binary-consensus.go:408: RECEIVE j=0 flag=0 r=1 est={0} aux={}
INFO: 01:23:31.003691 self-stabilizing-binary-consensus.go:425: est[1][0]={0} aux[1][0]={}
INFO: 01:23:31.004910 self-stabilizing-binary-consensus.go:408: RECEIVE j=0 flag=0 r=1 est={0} aux={}
INFO: 01:23:31.005064 self-stabilizing-binary-consensus.go:425: est[1][0]={0} aux[1][0]={}
INFO: 01:23:38.837328 self-stabilizing-binary-consensus.go:117: binValues(1,3)={} w=-1
INFO: 01:23:38.837410 self-stabilizing-binary-consensus.go:128: binValues(1,2)={} w=-1
INFO: 01:23:38.852894 self-stabilizing-binary-consensus.go:408: RECEIVE j=0 flag=1 r=1 est={0 1} aux={}
INFO: 01:23:38.858043 self-stabilizing-binary-consensus.go:425: est[1][0]={0 1} aux[1][0]={}
INFO: 01:23:38.867696 self-stabilizing-binary-consensus.go:432: SEND flag=0 r=1 est={1} aux={}
INFO: 01:23:38.867760 self-stabilizing-binary-consensus.go:408: RECEIVE j=1 flag=1 r=1 est={0 1} aux={}
INFO: 01:23:38.867775 self-stabilizing-binary-consensus.go:425: est[1][1]={0 1} aux[1][1]={}
INFO: 01:23:38.876672 self-stabilizing-binary-consensus.go:432: SEND flag=0 r=1 est={1} aux={}
INFO: 01:23:38.876725 self-stabilizing-binary-consensus.go:408: RECEIVE j=2 flag=0 r=1 est={1} aux={}
INFO: 01:23:38.876748 self-stabilizing-binary-consensus.go:425: est[1][2]={1} aux[1][2]={}
INFO: 01:23:38.876768 self-stabilizing-binary-consensus.go:408: RECEIVE j=2 flag=1 r=1 est={0 1} aux={}
INFO: 01:23:38.876871 self-stabilizing-binary-consensus.go:425: est[1][2]={0 1} aux[1][2]={}
INFO: 01:23:38.881756 self-stabilizing-binary-consensus.go:132: SEND flag=1 r=1 est={0 1} aux={}
INFO: 01:23:38.884745 self-stabilizing-binary-consensus.go:432: SEND flag=0 r=1 est={1} aux={}
INFO: 01:23:38.884832 self-stabilizing-binary-consensus.go:408: RECEIVE j=0 flag=0 r=1 est={0} aux={}
INFO: 01:23:38.884863 self-stabilizing-binary-consensus.go:425: est[1][0]={0 1} aux[1][0]={}
INFO: 01:23:38.884903 self-stabilizing-binary-consensus.go:408: RECEIVE j=1 flag=0 r=1 est={0} aux={}
INFO: 01:23:38.884925 self-stabilizing-binary-consensus.go:425: est[1][1]={0 1} aux[1][1]={}
INFO: 01:23:38.884944 self-stabilizing-binary-consensus.go:408: RECEIVE j=1 flag=0 r=1 est={0} aux={}
INFO: 01:23:38.884961 self-stabilizing-binary-consensus.go:425: est[1][1]={0 1} aux[1][1]={}
INFO: 01:23:38.884980 self-stabilizing-binary-consensus.go:408: RECEIVE j=0 flag=0 r=1 est={0} aux={}
INFO: 01:23:38.884997 self-stabilizing-binary-consensus.go:425: est[1][0]={0 1} aux[1][0]={}
INFO: 01:23:38.885015 self-stabilizing-binary-consensus.go:408: RECEIVE j=2 flag=0 r=1 est={1} aux={}
INFO: 01:23:38.885085 self-stabilizing-binary-consensus.go:425: est[1][2]={0 1} aux[1][2]={}
INFO: 01:23:38.886847 self-stabilizing-binary-consensus.go:408: RECEIVE j=0 flag=0 r=1 est={0} aux={}
INFO: 01:23:38.886994 self-stabilizing-binary-consensus.go:425: est[1][0]={0 1} aux[1][0]={}
INFO: 01:23:38.887666 self-stabilizing-binary-consensus.go:408: RECEIVE j=2 flag=0 r=1 est={1} aux={}
INFO: 01:23:38.887742 self-stabilizing-binary-consensus.go:425: est[1][2]={0 1} aux[1][2]={}
INFO: 01:23:38.889684 self-stabilizing-binary-consensus.go:408: RECEIVE j=1 flag=0 r=1 est={0} aux={}
INFO: 01:23:38.889744 self-stabilizing-binary-consensus.go:425: est[1][1]={0 1} aux[1][1]={}
