INFO: 21:42:37.015259 main.go:29: ID:3 | N:10 | F:3 | Clients:1 | Scenario:NORMAL | Remote:false

INFO: 21:42:37.016677 messenger.go:90: Receive from Server 0 on tcp://*:4300
INFO: 21:42:37.025623 messenger.go:107: Send to Server 0 on tcp://localhost:4003
INFO: 21:42:37.025747 messenger.go:90: Receive from Server 1 on tcp://*:4301
INFO: 21:42:37.025858 messenger.go:107: Send to Server 1 on tcp://localhost:4103
INFO: 21:42:37.025908 messenger.go:90: Receive from Server 2 on tcp://*:4302
INFO: 21:42:37.026003 messenger.go:107: Send to Server 2 on tcp://localhost:4203
INFO: 21:42:37.026078 messenger.go:90: Receive from Server 4 on tcp://*:4304
INFO: 21:42:37.026124 messenger.go:107: Send to Server 4 on tcp://localhost:4403
INFO: 21:42:37.026227 messenger.go:90: Receive from Server 5 on tcp://*:4305
INFO: 21:42:37.026317 messenger.go:107: Send to Server 5 on tcp://localhost:4503
INFO: 21:42:37.026368 messenger.go:90: Receive from Server 6 on tcp://*:4306
INFO: 21:42:37.026443 messenger.go:107: Send to Server 6 on tcp://localhost:4603
INFO: 21:42:37.026483 messenger.go:90: Receive from Server 7 on tcp://*:4307
INFO: 21:42:37.026525 messenger.go:107: Send to Server 7 on tcp://localhost:4703
INFO: 21:42:37.026607 messenger.go:90: Receive from Server 8 on tcp://*:4308
INFO: 21:42:37.026719 messenger.go:107: Send to Server 8 on tcp://localhost:4803
INFO: 21:42:37.026862 messenger.go:90: Receive from Server 9 on tcp://*:4309
INFO: 21:42:37.026966 messenger.go:107: Send to Server 9 on tcp://localhost:4903
INFO: 21:42:37.026983 messenger.go:113: -----------------------------------------
INFO: 21:42:37.027037 messenger.go:135: Requests from Client 0 on tcp://*:7300
INFO: 21:42:37.027165 messenger.go:152: Response to Client 0 on tcp://*:10300
INFO: 21:42:37.027230 messenger.go:155: -----------------------------------------

INFO: 21:42:37.067587 main.go:83: Initial estimate value:  1
INFO: 21:42:37.071276 messenger.go:346: RECEIVED EST from 2
INFO: 21:42:37.076272 messenger.go:270: SENT EST to 2
INFO: 21:42:37.078037 messenger.go:346: RECEIVED EST from 1
INFO: 21:42:37.086542 messenger.go:346: RECEIVED EST from 4
INFO: 21:42:37.093542 messenger.go:270: SENT EST to 8
INFO: 21:42:37.094660 messenger.go:346: RECEIVED EST from 6
INFO: 21:42:37.097763 messenger.go:270: SENT EST to 5
INFO: 21:42:37.098009 messenger.go:346: RECEIVED EST from 9
INFO: 21:42:37.098600 messenger.go:270: SENT EST to 7
INFO: 21:42:37.098641 messenger.go:270: SENT EST to 0
INFO: 21:42:37.098656 messenger.go:270: SENT EST to 4
INFO: 21:42:37.098904 messenger.go:346: RECEIVED EST from 5
INFO: 21:42:37.101640 messenger.go:270: SENT EST to 6
INFO: 21:42:37.146424 messenger.go:270: SENT EST to 1
INFO: 21:42:37.180610 messenger.go:346: RECEIVED EST from 0
INFO: 21:42:37.191639 messenger.go:346: RECEIVED EST from 7
INFO: 21:42:37.205146 messenger.go:346: RECEIVED EST from 8
INFO: 21:42:37.213025 messenger.go:270: SENT EST to 9
