INFO: 20:56:57.487230 main.go:29: ID:3 | N:4 | F:1 | Clients:1 | Scenario:NORMAL | Remote:false

INFO: 20:56:57.487604 messenger.go:90: Receive from Server 0 on tcp://*:4300
INFO: 20:56:57.487767 messenger.go:107: Send to Server 0 on tcp://localhost:4003
INFO: 20:56:57.487850 messenger.go:90: Receive from Server 1 on tcp://*:4301
INFO: 20:56:57.487897 messenger.go:107: Send to Server 1 on tcp://localhost:4103
INFO: 20:56:57.487956 messenger.go:90: Receive from Server 2 on tcp://*:4302
INFO: 20:56:57.488045 messenger.go:107: Send to Server 2 on tcp://localhost:4203
INFO: 20:56:57.488081 messenger.go:113: -----------------------------------------
INFO: 20:56:57.488127 messenger.go:135: Requests from Client 0 on tcp://*:7300
INFO: 20:56:57.488173 messenger.go:152: Response to Client 0 on tcp://*:10300
INFO: 20:56:57.488194 messenger.go:155: -----------------------------------------

INFO: 20:56:57.498522 main.go:83: Initial estimate value:  1
INFO: 20:56:57.498606 self-stabilizing-binary-consensus.go:93: round=1 repeat=1
INFO: 20:56:57.498631 self-stabilizing-binary-consensus.go:200: binValues(1,3)={}
INFO: 20:56:57.498652 self-stabilizing-binary-consensus.go:200: binValues(1,2)={}
INFO: 20:56:57.500881 self-stabilizing-binary-consensus.go:141: SEND flag=1 r=1 est={1} aux={}
INFO: 20:56:57.501287 self-stabilizing-binary-consensus.go:431: RECEIVE j=2 flag=1 r=1 est={1} aux={}
INFO: 20:56:57.501326 self-stabilizing-binary-consensus.go:433: est[1][2]={1} aux[1][2]={}
INFO: 20:56:57.659718 self-stabilizing-binary-consensus.go:441: SEND flag=0 r=1 est={1} aux={}
INFO: 20:56:57.659970 self-stabilizing-binary-consensus.go:431: RECEIVE j=0 flag=1 r=1 est={0} aux={}
INFO: 20:56:57.659992 self-stabilizing-binary-consensus.go:433: est[1][0]={0} aux[1][0]={}
INFO: 20:56:57.667892 self-stabilizing-binary-consensus.go:441: SEND flag=0 r=1 est={1} aux={}
INFO: 20:56:57.667970 self-stabilizing-binary-consensus.go:431: RECEIVE j=1 flag=1 r=1 est={0} aux={}
INFO: 20:56:57.668002 self-stabilizing-binary-consensus.go:433: est[1][1]={0} aux[1][1]={}
INFO: 20:56:57.671368 self-stabilizing-binary-consensus.go:441: SEND flag=0 r=1 est={1} aux={}
INFO: 20:56:57.671412 self-stabilizing-binary-consensus.go:431: RECEIVE j=2 flag=0 r=1 est={1} aux={}
INFO: 20:56:57.671420 self-stabilizing-binary-consensus.go:433: est[1][2]={1} aux[1][2]={}
INFO: 20:56:57.671426 self-stabilizing-binary-consensus.go:431: RECEIVE j=0 flag=0 r=1 est={0} aux={}
INFO: 20:56:57.671430 self-stabilizing-binary-consensus.go:433: est[1][0]={0} aux[1][0]={}
INFO: 20:56:57.671440 self-stabilizing-binary-consensus.go:431: RECEIVE j=0 flag=0 r=1 est={0} aux={}
INFO: 20:56:57.671457 self-stabilizing-binary-consensus.go:433: est[1][0]={0} aux[1][0]={}
INFO: 20:56:57.671466 self-stabilizing-binary-consensus.go:431: RECEIVE j=1 flag=0 r=1 est={0} aux={}
INFO: 20:56:57.671471 self-stabilizing-binary-consensus.go:433: est[1][1]={0} aux[1][1]={}
INFO: 20:56:57.671476 self-stabilizing-binary-consensus.go:431: RECEIVE j=0 flag=0 r=1 est={0} aux={}
INFO: 20:56:57.671493 self-stabilizing-binary-consensus.go:433: est[1][0]={0} aux[1][0]={}
INFO: 20:56:57.671502 self-stabilizing-binary-consensus.go:431: RECEIVE j=2 flag=0 r=1 est={1} aux={}
INFO: 20:56:57.671507 self-stabilizing-binary-consensus.go:433: est[1][2]={1} aux[1][2]={}
INFO: 20:56:57.671766 self-stabilizing-binary-consensus.go:431: RECEIVE j=1 flag=0 r=1 est={0} aux={}
INFO: 20:56:57.671797 self-stabilizing-binary-consensus.go:433: est[1][1]={0} aux[1][1]={}
INFO: 20:56:57.672905 self-stabilizing-binary-consensus.go:431: RECEIVE j=2 flag=0 r=1 est={1} aux={}
INFO: 20:56:57.672957 self-stabilizing-binary-consensus.go:433: est[1][2]={1} aux[1][2]={}
INFO: 20:56:57.674095 self-stabilizing-binary-consensus.go:431: RECEIVE j=1 flag=0 r=1 est={0} aux={}
INFO: 20:56:57.674130 self-stabilizing-binary-consensus.go:433: est[1][1]={0} aux[1][1]={}
INFO: 20:56:58.499127 self-stabilizing-binary-consensus.go:431: RECEIVE j=0 flag=1 r=1 est={0 1} aux={}
INFO: 20:56:58.499142 self-stabilizing-binary-consensus.go:433: est[1][0]={0 1} aux[1][0]={}
INFO: 20:56:58.501177 self-stabilizing-binary-consensus.go:441: SEND flag=0 r=1 est={1} aux={}
INFO: 20:56:58.501257 self-stabilizing-binary-consensus.go:200: binValues(1,3)={}
INFO: 20:56:58.501273 self-stabilizing-binary-consensus.go:225: infoResults()={}
INFO: 20:56:58.501279 self-stabilizing-binary-consensus.go:93: round=1 repeat=2
INFO: 20:56:58.501283 self-stabilizing-binary-consensus.go:200: binValues(1,3)={}
INFO: 20:56:58.501288 self-stabilizing-binary-consensus.go:200: binValues(1,2)={0 1}
INFO: 20:56:58.506641 self-stabilizing-binary-consensus.go:431: RECEIVE j=2 flag=1 r=1 est={0 1} aux={}
INFO: 20:56:58.506677 self-stabilizing-binary-consensus.go:433: est[1][2]={0 1} aux[1][2]={}
INFO: 20:56:58.508936 self-stabilizing-binary-consensus.go:141: SEND flag=1 r=1 est={0 1} aux={}
INFO: 20:56:58.511356 self-stabilizing-binary-consensus.go:441: SEND flag=0 r=1 est={1} aux={}
INFO: 20:56:58.511438 self-stabilizing-binary-consensus.go:431: RECEIVE j=2 flag=0 r=1 est={1} aux={}
INFO: 20:56:58.511478 self-stabilizing-binary-consensus.go:433: est[1][2]={0 1} aux[1][2]={}
INFO: 20:56:58.511525 self-stabilizing-binary-consensus.go:431: RECEIVE j=0 flag=0 r=1 est={0} aux={}
INFO: 20:56:58.511577 self-stabilizing-binary-consensus.go:433: est[1][0]={0 1} aux[1][0]={}
INFO: 20:56:58.511648 self-stabilizing-binary-consensus.go:431: RECEIVE j=1 flag=0 r=1 est={0} aux={}
INFO: 20:56:58.511687 self-stabilizing-binary-consensus.go:433: est[1][1]={0} aux[1][1]={}
INFO: 20:56:58.512232 self-stabilizing-binary-consensus.go:431: RECEIVE j=1 flag=1 r=1 est={0 1} aux={}
INFO: 20:56:58.512311 self-stabilizing-binary-consensus.go:433: est[1][1]={0 1} aux[1][1]={}
INFO: 20:56:58.517775 self-stabilizing-binary-consensus.go:441: SEND flag=0 r=1 est={1} aux={}
INFO: 20:56:58.518056 self-stabilizing-binary-consensus.go:431: RECEIVE j=0 flag=0 r=1 est={0} aux={}
INFO: 20:56:58.518068 self-stabilizing-binary-consensus.go:433: est[1][0]={0 1} aux[1][0]={}
INFO: 20:56:58.519194 self-stabilizing-binary-consensus.go:431: RECEIVE j=1 flag=0 r=1 est={0} aux={}
INFO: 20:56:58.519257 self-stabilizing-binary-consensus.go:433: est[1][1]={0 1} aux[1][1]={}
INFO: 20:56:58.519623 self-stabilizing-binary-consensus.go:431: RECEIVE j=0 flag=0 r=1 est={0} aux={}
INFO: 20:56:58.519675 self-stabilizing-binary-consensus.go:433: est[1][0]={0 1} aux[1][0]={}
INFO: 20:56:58.521747 self-stabilizing-binary-consensus.go:431: RECEIVE j=1 flag=0 r=1 est={0} aux={}
INFO: 20:56:58.522186 self-stabilizing-binary-consensus.go:433: est[1][1]={0 1} aux[1][1]={}
INFO: 20:56:58.522232 self-stabilizing-binary-consensus.go:431: RECEIVE j=2 flag=0 r=1 est={1} aux={}
INFO: 20:56:58.522308 self-stabilizing-binary-consensus.go:433: est[1][2]={0 1} aux[1][2]={}
INFO: 20:56:58.524354 self-stabilizing-binary-consensus.go:431: RECEIVE j=2 flag=0 r=1 est={1} aux={}
INFO: 20:56:58.524700 self-stabilizing-binary-consensus.go:433: est[1][2]={0 1} aux[1][2]={}
INFO: 20:56:59.505329 self-stabilizing-binary-consensus.go:431: RECEIVE j=0 flag=1 r=1 est={0 1} aux={0}
INFO: 20:56:59.505763 self-stabilizing-binary-consensus.go:433: est[1][0]={0 1} aux[1][0]={0}
INFO: 20:56:59.507669 self-stabilizing-binary-consensus.go:441: SEND flag=0 r=1 est={1} aux={}
INFO: 20:56:59.507757 self-stabilizing-binary-consensus.go:431: RECEIVE j=2 flag=1 r=1 est={0 1} aux={0}
INFO: 20:56:59.507768 self-stabilizing-binary-consensus.go:433: est[1][2]={0 1} aux[1][2]={0}
INFO: 20:56:59.513480 self-stabilizing-binary-consensus.go:200: binValues(1,3)={0 1}
INFO: 20:56:59.513540 self-stabilizing-binary-consensus.go:225: infoResults()={}
INFO: 20:56:59.513749 self-stabilizing-binary-consensus.go:93: round=1 repeat=3
INFO: 20:56:59.513782 self-stabilizing-binary-consensus.go:200: binValues(1,3)={0 1}
INFO: 20:56:59.513800 self-stabilizing-binary-consensus.go:132: aux[1][3]=0
INFO: 20:56:59.513818 self-stabilizing-binary-consensus.go:200: binValues(1,2)={0 1}
INFO: 20:56:59.516723 self-stabilizing-binary-consensus.go:441: SEND flag=0 r=1 est={1} aux={0}
INFO: 20:56:59.516765 self-stabilizing-binary-consensus.go:431: RECEIVE j=1 flag=0 r=1 est={0} aux={}
INFO: 20:56:59.516782 self-stabilizing-binary-consensus.go:433: est[1][1]={0 1} aux[1][1]={}
INFO: 20:56:59.516788 self-stabilizing-binary-consensus.go:431: RECEIVE j=2 flag=0 r=1 est={1} aux={0}
INFO: 20:56:59.516794 self-stabilizing-binary-consensus.go:433: est[1][2]={0 1} aux[1][2]={0}
INFO: 20:56:59.516799 self-stabilizing-binary-consensus.go:431: RECEIVE j=0 flag=0 r=1 est={0} aux={0}
INFO: 20:56:59.516816 self-stabilizing-binary-consensus.go:433: est[1][0]={0 1} aux[1][0]={0}
INFO: 20:56:59.521278 self-stabilizing-binary-consensus.go:431: RECEIVE j=2 flag=0 r=1 est={1} aux={0}
INFO: 20:56:59.521317 self-stabilizing-binary-consensus.go:433: est[1][2]={0 1} aux[1][2]={0}
INFO: 20:56:59.521921 self-stabilizing-binary-consensus.go:431: RECEIVE j=0 flag=0 r=1 est={0} aux={0}
INFO: 20:56:59.522784 self-stabilizing-binary-consensus.go:433: est[1][0]={0 1} aux[1][0]={0}
INFO: 20:56:59.522917 self-stabilizing-binary-consensus.go:431: RECEIVE j=1 flag=0 r=1 est={0} aux={0}
INFO: 20:56:59.522926 self-stabilizing-binary-consensus.go:433: est[1][1]={0 1} aux[1][1]={0}
INFO: 20:56:59.523507 self-stabilizing-binary-consensus.go:431: RECEIVE j=0 flag=0 r=1 est={0} aux={0}
INFO: 20:56:59.523560 self-stabilizing-binary-consensus.go:433: est[1][0]={0 1} aux[1][0]={0}
INFO: 20:56:59.523585 self-stabilizing-binary-consensus.go:141: SEND flag=1 r=1 est={0 1} aux={0}
INFO: 20:56:59.524092 self-stabilizing-binary-consensus.go:431: RECEIVE j=1 flag=1 r=1 est={0 1} aux={0}
INFO: 20:56:59.524186 self-stabilizing-binary-consensus.go:433: est[1][1]={0 1} aux[1][1]={0}
INFO: 20:56:59.527322 self-stabilizing-binary-consensus.go:441: SEND flag=0 r=1 est={1} aux={0}
INFO: 20:56:59.527533 self-stabilizing-binary-consensus.go:431: RECEIVE j=1 flag=0 r=1 est={0} aux={0}
INFO: 20:56:59.527566 self-stabilizing-binary-consensus.go:433: est[1][1]={0 1} aux[1][1]={0}
INFO: 20:56:59.530319 self-stabilizing-binary-consensus.go:431: RECEIVE j=2 flag=0 r=1 est={1} aux={0}
INFO: 20:56:59.530358 self-stabilizing-binary-consensus.go:433: est[1][2]={0 1} aux[1][2]={0}
INFO: 20:57:00.524039 self-stabilizing-binary-consensus.go:200: binValues(1,3)={0 1}
INFO: 20:57:00.524094 self-stabilizing-binary-consensus.go:225: infoResults()={0}
INFO: 20:57:00.524139 self-stabilizing-binary-consensus.go:200: binValues(1,3)={0 1}
INFO: 20:57:00.524167 self-stabilizing-binary-consensus.go:225: infoResults()={0}
INFO: 20:57:00.524191 self-stabilizing-binary-consensus.go:256: randomBit(1)=0
INFO: 20:57:00.524210 self-stabilizing-binary-consensus.go:249: decision=0
INFO: 20:57:00.524305 self-stabilizing-binary-consensus.go:200: binValues(11,2)={}
INFO: 20:57:00.524334 self-stabilizing-binary-consensus.go:93: round=11 repeat=1
INFO: 20:57:00.524354 self-stabilizing-binary-consensus.go:200: binValues(11,3)={}
INFO: 20:57:00.524371 self-stabilizing-binary-consensus.go:200: binValues(11,2)={}
INFO: 20:57:00.528068 self-stabilizing-binary-consensus.go:141: SEND flag=1 r=11 est={0} aux={0}
INFO: 20:57:00.528604 self-stabilizing-binary-consensus.go:431: RECEIVE j=2 flag=1 r=11 est={0} aux={0}
INFO: 20:57:00.528645 self-stabilizing-binary-consensus.go:433: est[11][2]={0} aux[11][2]={0}
INFO: 20:57:00.532278 self-stabilizing-binary-consensus.go:441: SEND flag=0 r=11 est={0} aux={0}
INFO: 20:57:00.532333 self-stabilizing-binary-consensus.go:431: RECEIVE j=0 flag=1 r=11 est={0} aux={0}
INFO: 20:57:00.532359 self-stabilizing-binary-consensus.go:433: est[11][0]={0} aux[11][0]={0}
INFO: 20:57:00.536661 self-stabilizing-binary-consensus.go:441: SEND flag=0 r=11 est={0} aux={0}
INFO: 20:57:00.536764 self-stabilizing-binary-consensus.go:431: RECEIVE j=0 flag=0 r=11 est={0} aux={0}
INFO: 20:57:00.536778 self-stabilizing-binary-consensus.go:433: est[11][0]={0} aux[11][0]={0}
INFO: 20:57:00.536785 self-stabilizing-binary-consensus.go:431: RECEIVE j=2 flag=0 r=11 est={0} aux={0}
INFO: 20:57:00.536803 self-stabilizing-binary-consensus.go:433: est[11][2]={0} aux[11][2]={0}
INFO: 20:57:00.536812 self-stabilizing-binary-consensus.go:431: RECEIVE j=1 flag=1 r=11 est={0} aux={0}
INFO: 20:57:00.536817 self-stabilizing-binary-consensus.go:433: est[11][1]={0} aux[11][1]={0}
INFO: 20:57:00.540312 self-stabilizing-binary-consensus.go:441: SEND flag=0 r=11 est={0} aux={0}
INFO: 20:57:00.540635 self-stabilizing-binary-consensus.go:431: RECEIVE j=2 flag=0 r=11 est={0} aux={0}
INFO: 20:57:00.540900 self-stabilizing-binary-consensus.go:433: est[11][2]={0} aux[11][2]={0}
INFO: 20:57:00.541069 self-stabilizing-binary-consensus.go:431: RECEIVE j=0 flag=0 r=11 est={0} aux={0}
INFO: 20:57:00.541101 self-stabilizing-binary-consensus.go:433: est[11][0]={0} aux[11][0]={0}
INFO: 20:57:00.541120 self-stabilizing-binary-consensus.go:431: RECEIVE j=2 flag=0 r=11 est={0} aux={0}
INFO: 20:57:00.541138 self-stabilizing-binary-consensus.go:433: est[11][2]={0} aux[11][2]={0}
INFO: 20:57:00.544223 self-stabilizing-binary-consensus.go:431: RECEIVE j=1 flag=0 r=11 est={0} aux={0}
INFO: 20:57:00.544768 self-stabilizing-binary-consensus.go:433: est[11][1]={0} aux[11][1]={0}
INFO: 20:57:00.547515 self-stabilizing-binary-consensus.go:431: RECEIVE j=1 flag=0 r=11 est={0} aux={0}
INFO: 20:57:00.547933 self-stabilizing-binary-consensus.go:433: est[11][1]={0} aux[11][1]={0}
INFO: 20:57:00.549787 self-stabilizing-binary-consensus.go:431: RECEIVE j=0 flag=0 r=11 est={0} aux={0}
INFO: 20:57:00.549860 self-stabilizing-binary-consensus.go:433: est[11][0]={0} aux[11][0]={0}
INFO: 20:57:00.552152 self-stabilizing-binary-consensus.go:431: RECEIVE j=1 flag=0 r=11 est={0} aux={0}
INFO: 20:57:00.552239 self-stabilizing-binary-consensus.go:433: est[11][1]={0} aux[11][1]={0}
INFO: 20:57:01.521932 self-stabilizing-binary-consensus.go:431: RECEIVE j=2 flag=1 r=11 est={0} aux={0}
INFO: 20:57:01.522085 self-stabilizing-binary-consensus.go:433: est[11][2]={0} aux[11][2]={0}
INFO: 20:57:01.524980 self-stabilizing-binary-consensus.go:441: SEND flag=0 r=11 est={0} aux={0}
INFO: 20:57:01.525019 self-stabilizing-binary-consensus.go:431: RECEIVE j=0 flag=1 r=11 est={0} aux={0}
INFO: 20:57:01.525029 self-stabilizing-binary-consensus.go:433: est[11][0]={0} aux[11][0]={0}
INFO: 20:57:01.528807 self-stabilizing-binary-consensus.go:200: binValues(11,3)={0}
INFO: 20:57:01.528871 self-stabilizing-binary-consensus.go:225: infoResults()={0}
INFO: 20:57:01.528883 self-stabilizing-binary-consensus.go:200: binValues(11,3)={0}
INFO: 20:57:01.528888 self-stabilizing-binary-consensus.go:225: infoResults()={0}
INFO: 20:57:01.528893 self-stabilizing-binary-consensus.go:256: randomBit(11)=0
INFO: 20:57:01.528898 self-stabilizing-binary-consensus.go:249: decision=0
INFO: 20:57:01.528937 self-stabilizing-binary-consensus.go:200: binValues(11,2)={0}
INFO: 20:57:01.528945 self-stabilizing-binary-consensus.go:249: decision=0
INFO: 20:57:01.528953 self-stabilizing-binary-consensus.go:93: round=11 repeat=1
INFO: 20:57:01.528958 self-stabilizing-binary-consensus.go:200: binValues(11,3)={0}
INFO: 20:57:01.528963 self-stabilizing-binary-consensus.go:200: binValues(11,2)={0}
INFO: 20:57:01.533896 self-stabilizing-binary-consensus.go:431: RECEIVE j=1 flag=0 r=11 est={0} aux={0}
INFO: 20:57:01.534011 self-stabilizing-binary-consensus.go:433: est[11][1]={0} aux[11][1]={0}
INFO: 20:57:01.534054 self-stabilizing-binary-consensus.go:431: RECEIVE j=2 flag=0 r=11 est={0} aux={0}
INFO: 20:57:01.534084 self-stabilizing-binary-consensus.go:433: est[11][2]={0} aux[11][2]={0}
INFO: 20:57:01.534113 self-stabilizing-binary-consensus.go:431: RECEIVE j=0 flag=0 r=11 est={0} aux={0}
INFO: 20:57:01.534138 self-stabilizing-binary-consensus.go:433: est[11][0]={0} aux[11][0]={0}
INFO: 20:57:01.535873 self-stabilizing-binary-consensus.go:141: SEND flag=1 r=11 est={0} aux={0}
INFO: 20:57:01.536499 self-stabilizing-binary-consensus.go:431: RECEIVE j=1 flag=0 r=11 est={0} aux={0}
INFO: 20:57:01.536563 self-stabilizing-binary-consensus.go:433: est[11][1]={0} aux[11][1]={0}
INFO: 20:57:01.545516 self-stabilizing-binary-consensus.go:431: RECEIVE j=2 flag=0 r=11 est={0} aux={0}
INFO: 20:57:01.546168 self-stabilizing-binary-consensus.go:433: est[11][2]={0} aux[11][2]={0}
INFO: 20:57:01.546315 self-stabilizing-binary-consensus.go:431: RECEIVE j=1 flag=1 r=11 est={0} aux={0}
INFO: 20:57:01.546374 self-stabilizing-binary-consensus.go:433: est[11][1]={0} aux[11][1]={0}
INFO: 20:57:01.553646 self-stabilizing-binary-consensus.go:441: SEND flag=0 r=11 est={0} aux={0}
INFO: 20:57:01.553716 self-stabilizing-binary-consensus.go:431: RECEIVE j=0 flag=0 r=11 est={0} aux={0}
INFO: 20:57:01.553745 self-stabilizing-binary-consensus.go:433: est[11][0]={0} aux[11][0]={0}
INFO: 20:57:01.555434 self-stabilizing-binary-consensus.go:431: RECEIVE j=0 flag=0 r=11 est={0} aux={0}
INFO: 20:57:01.555485 self-stabilizing-binary-consensus.go:433: est[11][0]={0} aux[11][0]={0}
INFO: 20:57:01.555774 self-stabilizing-binary-consensus.go:431: RECEIVE j=1 flag=0 r=11 est={0} aux={0}
INFO: 20:57:01.555840 self-stabilizing-binary-consensus.go:433: est[11][1]={0} aux[11][1]={0}
INFO: 20:57:01.556085 self-stabilizing-binary-consensus.go:441: SEND flag=0 r=11 est={0} aux={0}
INFO: 20:57:01.560593 self-stabilizing-binary-consensus.go:431: RECEIVE j=2 flag=0 r=11 est={0} aux={0}
INFO: 20:57:01.561201 self-stabilizing-binary-consensus.go:433: est[11][2]={0} aux[11][2]={0}
INFO: 20:57:02.500161 self-stabilizing-multivalued-consensus.go:18: Successful decide
