INFO: 20:31:24.359818 main.go:29: ID:3 | N:4 | F:1 | Clients:1 | Scenario:NORMAL | Remote:false

INFO: 20:31:24.360344 messenger.go:90: Receive from Server 0 on tcp://*:4300
INFO: 20:31:24.362519 messenger.go:107: Send to Server 0 on tcp://localhost:4003
INFO: 20:31:24.362604 messenger.go:90: Receive from Server 1 on tcp://*:4301
INFO: 20:31:24.362650 messenger.go:107: Send to Server 1 on tcp://localhost:4103
INFO: 20:31:24.362721 messenger.go:90: Receive from Server 2 on tcp://*:4302
INFO: 20:31:24.362765 messenger.go:107: Send to Server 2 on tcp://localhost:4203
INFO: 20:31:24.362797 messenger.go:113: -----------------------------------------
INFO: 20:31:24.362833 messenger.go:135: Requests from Client 0 on tcp://*:7300
INFO: 20:31:24.362879 messenger.go:152: Response to Client 0 on tcp://*:10300
INFO: 20:31:24.362886 messenger.go:155: -----------------------------------------

INFO: 20:31:24.365130 main.go:83: Initial estimate value:  0
INFO: 20:31:24.365195 self-stabilizing-binary-consensus.go:90: round=1 repeat=1
INFO: 20:31:24.365217 self-stabilizing-binary-consensus.go:127: binValues(1,3)={} w=-1
INFO: 20:31:24.367016 self-stabilizing-binary-consensus.go:142: binValues(1,2)={} w=-1
INFO: 20:31:24.367086 self-stabilizing-binary-consensus.go:143: SEND flag=1 r=1 est={0} aux={}
INFO: 20:31:24.371607 self-stabilizing-binary-consensus.go:410: RECEIVE j=0 flag=1 r=1 est={0} aux={}
INFO: 20:31:24.371764 self-stabilizing-binary-consensus.go:427: est[1][0]={0} aux[1][0]={}
INFO: 20:31:24.535736 self-stabilizing-binary-consensus.go:434: SEND flag=0 r=1 est={0} aux={}
INFO: 20:31:24.535802 self-stabilizing-binary-consensus.go:410: RECEIVE j=1 flag=1 r=1 est={0} aux={}
INFO: 20:31:24.535811 self-stabilizing-binary-consensus.go:427: est[1][1]={0} aux[1][1]={}
INFO: 20:31:24.545075 self-stabilizing-binary-consensus.go:434: SEND flag=0 r=1 est={0} aux={}
INFO: 20:31:24.545139 self-stabilizing-binary-consensus.go:410: RECEIVE j=2 flag=1 r=1 est={0} aux={}
INFO: 20:31:24.545158 self-stabilizing-binary-consensus.go:427: est[1][2]={0} aux[1][2]={}
INFO: 20:31:24.548677 self-stabilizing-binary-consensus.go:434: SEND flag=0 r=1 est={0} aux={}
INFO: 20:31:24.548726 self-stabilizing-binary-consensus.go:410: RECEIVE j=2 flag=0 r=1 est={0} aux={}
INFO: 20:31:24.548735 self-stabilizing-binary-consensus.go:427: est[1][2]={0} aux[1][2]={}
INFO: 20:31:24.548741 self-stabilizing-binary-consensus.go:410: RECEIVE j=2 flag=0 r=1 est={0} aux={}
INFO: 20:31:24.548745 self-stabilizing-binary-consensus.go:427: est[1][2]={0} aux[1][2]={}
INFO: 20:31:24.548751 self-stabilizing-binary-consensus.go:410: RECEIVE j=1 flag=0 r=1 est={0} aux={}
INFO: 20:31:24.548755 self-stabilizing-binary-consensus.go:427: est[1][1]={0} aux[1][1]={}
INFO: 20:31:24.548777 self-stabilizing-binary-consensus.go:410: RECEIVE j=2 flag=0 r=1 est={0} aux={}
INFO: 20:31:24.548784 self-stabilizing-binary-consensus.go:427: est[1][2]={0} aux[1][2]={}
INFO: 20:31:24.548790 self-stabilizing-binary-consensus.go:410: RECEIVE j=0 flag=0 r=1 est={0} aux={}
INFO: 20:31:24.548794 self-stabilizing-binary-consensus.go:427: est[1][0]={0} aux[1][0]={}
INFO: 20:31:24.548799 self-stabilizing-binary-consensus.go:410: RECEIVE j=0 flag=0 r=1 est={0} aux={}
INFO: 20:31:24.548819 self-stabilizing-binary-consensus.go:427: est[1][0]={0} aux[1][0]={}
INFO: 20:31:24.548824 self-stabilizing-binary-consensus.go:410: RECEIVE j=1 flag=0 r=1 est={0} aux={}
INFO: 20:31:24.548829 self-stabilizing-binary-consensus.go:427: est[1][1]={0} aux[1][1]={}
INFO: 20:31:24.548834 self-stabilizing-binary-consensus.go:410: RECEIVE j=0 flag=0 r=1 est={0} aux={}
INFO: 20:31:24.548838 self-stabilizing-binary-consensus.go:427: est[1][0]={0} aux[1][0]={}
INFO: 20:31:24.553707 self-stabilizing-binary-consensus.go:410: RECEIVE j=1 flag=0 r=1 est={0} aux={}
INFO: 20:31:24.553764 self-stabilizing-binary-consensus.go:427: est[1][1]={0} aux[1][1]={}
INFO: 20:31:29.370388 self-stabilizing-binary-consensus.go:148: infoResults()={}
INFO: 20:31:29.370475 self-stabilizing-binary-consensus.go:90: round=1 repeat=2
INFO: 20:31:29.370489 self-stabilizing-binary-consensus.go:127: binValues(1,3)={0} w=0
INFO: 20:31:29.370522 self-stabilizing-binary-consensus.go:133: aux[1][3]=0
INFO: 20:31:29.372187 self-stabilizing-binary-consensus.go:142: binValues(1,2)={0} w=0
INFO: 20:31:29.372203 self-stabilizing-binary-consensus.go:143: SEND flag=1 r=1 est={0} aux={0}
INFO: 20:31:29.373745 self-stabilizing-binary-consensus.go:410: RECEIVE j=0 flag=1 r=1 est={0} aux={0}
INFO: 20:31:29.373762 self-stabilizing-binary-consensus.go:427: est[1][0]={0} aux[1][0]={0}
INFO: 20:31:29.387113 self-stabilizing-binary-consensus.go:434: SEND flag=0 r=1 est={0} aux={0}
INFO: 20:31:29.387193 self-stabilizing-binary-consensus.go:410: RECEIVE j=1 flag=0 r=1 est={0} aux={}
INFO: 20:31:29.387217 self-stabilizing-binary-consensus.go:427: est[1][1]={0} aux[1][1]={}
INFO: 20:31:29.387237 self-stabilizing-binary-consensus.go:410: RECEIVE j=2 flag=1 r=1 est={0} aux={0}
INFO: 20:31:29.387255 self-stabilizing-binary-consensus.go:427: est[1][2]={0} aux[1][2]={0}
INFO: 20:31:29.402179 self-stabilizing-binary-consensus.go:434: SEND flag=0 r=1 est={0} aux={0}
INFO: 20:31:29.402265 self-stabilizing-binary-consensus.go:410: RECEIVE j=0 flag=0 r=1 est={0} aux={0}
INFO: 20:31:29.402277 self-stabilizing-binary-consensus.go:427: est[1][0]={0} aux[1][0]={0}
INFO: 20:31:29.402283 self-stabilizing-binary-consensus.go:410: RECEIVE j=1 flag=1 r=1 est={0} aux={0}
INFO: 20:31:29.402287 self-stabilizing-binary-consensus.go:427: est[1][1]={0} aux[1][1]={0}
INFO: 20:31:29.404384 self-stabilizing-binary-consensus.go:434: SEND flag=0 r=1 est={0} aux={0}
INFO: 20:31:29.405444 self-stabilizing-binary-consensus.go:410: RECEIVE j=2 flag=0 r=1 est={0} aux={}
INFO: 20:31:29.405620 self-stabilizing-binary-consensus.go:427: est[1][2]={0} aux[1][2]={}
INFO: 20:31:29.405987 self-stabilizing-binary-consensus.go:410: RECEIVE j=0 flag=0 r=1 est={0} aux={0}
INFO: 20:31:29.406023 self-stabilizing-binary-consensus.go:427: est[1][0]={0} aux[1][0]={0}
INFO: 20:31:29.408500 self-stabilizing-binary-consensus.go:410: RECEIVE j=0 flag=0 r=1 est={0} aux={0}
INFO: 20:31:29.408724 self-stabilizing-binary-consensus.go:427: est[1][0]={0} aux[1][0]={0}
INFO: 20:31:29.408881 self-stabilizing-binary-consensus.go:410: RECEIVE j=1 flag=0 r=1 est={0} aux={0}
INFO: 20:31:29.408905 self-stabilizing-binary-consensus.go:427: est[1][1]={0} aux[1][1]={0}
INFO: 20:31:29.410880 self-stabilizing-binary-consensus.go:410: RECEIVE j=2 flag=0 r=1 est={0} aux={0}
INFO: 20:31:29.410994 self-stabilizing-binary-consensus.go:427: est[1][2]={0} aux[1][2]={0}
INFO: 20:31:29.417420 self-stabilizing-binary-consensus.go:410: RECEIVE j=2 flag=0 r=1 est={0} aux={0}
INFO: 20:31:29.417499 self-stabilizing-binary-consensus.go:427: est[1][2]={0} aux[1][2]={0}
INFO: 20:31:29.420171 self-stabilizing-binary-consensus.go:410: RECEIVE j=1 flag=0 r=1 est={0} aux={0}
INFO: 20:31:29.420223 self-stabilizing-binary-consensus.go:427: est[1][1]={0} aux[1][1]={0}
INFO: 20:31:34.372971 self-stabilizing-binary-consensus.go:148: infoResults()={0}
INFO: 20:31:34.373053 self-stabilizing-binary-consensus.go:255: randomBit(1)=0
INFO: 20:31:34.373073 self-stabilizing-binary-consensus.go:249: decision=0
INFO: 20:31:34.373097 self-stabilizing-binary-consensus.go:90: round=11 repeat=1
INFO: 20:31:34.373107 self-stabilizing-binary-consensus.go:127: binValues(11,3)={} w=-1
INFO: 20:31:34.374919 self-stabilizing-binary-consensus.go:142: binValues(11,2)={} w=-1
INFO: 20:31:34.374938 self-stabilizing-binary-consensus.go:143: SEND flag=1 r=11 est={0} aux={0}
INFO: 20:31:34.377279 self-stabilizing-binary-consensus.go:410: RECEIVE j=0 flag=1 r=11 est={0} aux={0}
INFO: 20:31:34.377330 self-stabilizing-binary-consensus.go:427: est[11][0]={0} aux[11][0]={0}
INFO: 20:31:34.379158 self-stabilizing-binary-consensus.go:434: SEND flag=0 r=11 est={0} aux={0}
INFO: 20:31:34.380748 self-stabilizing-binary-consensus.go:410: RECEIVE j=2 flag=1 r=11 est={0} aux={0}
INFO: 20:31:34.381364 self-stabilizing-binary-consensus.go:427: est[11][2]={0} aux[11][2]={0}
INFO: 20:31:34.384799 self-stabilizing-binary-consensus.go:434: SEND flag=0 r=11 est={0} aux={0}
INFO: 20:31:34.387879 self-stabilizing-binary-consensus.go:410: RECEIVE j=0 flag=0 r=11 est={0} aux={0}
INFO: 20:31:34.387948 self-stabilizing-binary-consensus.go:427: est[11][0]={0} aux[11][0]={0}
INFO: 20:31:34.391129 self-stabilizing-binary-consensus.go:410: RECEIVE j=2 flag=0 r=11 est={0} aux={0}
INFO: 20:31:34.391222 self-stabilizing-binary-consensus.go:427: est[11][2]={0} aux[11][2]={0}
INFO: 20:31:34.393150 self-stabilizing-binary-consensus.go:410: RECEIVE j=2 flag=0 r=11 est={0} aux={0}
INFO: 20:31:34.393197 self-stabilizing-binary-consensus.go:427: est[11][2]={0} aux[11][2]={0}
INFO: 20:31:34.394388 self-stabilizing-binary-consensus.go:410: RECEIVE j=0 flag=0 r=11 est={0} aux={0}
INFO: 20:31:34.395089 self-stabilizing-binary-consensus.go:427: est[11][0]={0} aux[11][0]={0}
INFO: 20:31:34.402056 self-stabilizing-binary-consensus.go:410: RECEIVE j=1 flag=1 r=11 est={0} aux={0}
INFO: 20:31:34.402120 self-stabilizing-binary-consensus.go:427: est[11][1]={0} aux[11][1]={0}
INFO: 20:31:34.406667 self-stabilizing-binary-consensus.go:434: SEND flag=0 r=11 est={0} aux={0}
INFO: 20:31:34.406848 self-stabilizing-binary-consensus.go:410: RECEIVE j=2 flag=0 r=11 est={0} aux={0}
INFO: 20:31:34.406874 self-stabilizing-binary-consensus.go:427: est[11][2]={0} aux[11][2]={0}
INFO: 20:31:34.410406 self-stabilizing-binary-consensus.go:410: RECEIVE j=1 flag=0 r=11 est={0} aux={0}
INFO: 20:31:34.410528 self-stabilizing-binary-consensus.go:427: est[11][1]={0} aux[11][1]={0}
INFO: 20:31:34.412250 self-stabilizing-binary-consensus.go:410: RECEIVE j=0 flag=0 r=11 est={0} aux={0}
INFO: 20:31:34.412280 self-stabilizing-binary-consensus.go:427: est[11][0]={0} aux[11][0]={0}
INFO: 20:31:34.413027 self-stabilizing-binary-consensus.go:410: RECEIVE j=1 flag=0 r=11 est={0} aux={0}
INFO: 20:31:34.413065 self-stabilizing-binary-consensus.go:427: est[11][1]={0} aux[11][1]={0}
INFO: 20:31:34.415951 self-stabilizing-binary-consensus.go:410: RECEIVE j=1 flag=0 r=11 est={0} aux={0}
INFO: 20:31:34.416003 self-stabilizing-binary-consensus.go:427: est[11][1]={0} aux[11][1]={0}
INFO: 20:31:39.376533 self-stabilizing-binary-consensus.go:148: infoResults()={0}
INFO: 20:31:39.376625 self-stabilizing-binary-consensus.go:255: randomBit(11)=0
INFO: 20:31:39.376639 self-stabilizing-binary-consensus.go:249: decision=0
INFO: 20:31:39.376658 self-stabilizing-binary-consensus.go:249: decision=0
INFO: 20:31:39.376672 self-stabilizing-binary-consensus.go:90: round=11 repeat=1
INFO: 20:31:39.376795 self-stabilizing-binary-consensus.go:127: binValues(11,3)={0} w=0
INFO: 20:31:39.378755 self-stabilizing-binary-consensus.go:142: binValues(11,2)={0} w=0
INFO: 20:31:39.378774 self-stabilizing-binary-consensus.go:143: SEND flag=1 r=11 est={0} aux={0}
INFO: 20:31:39.380496 self-stabilizing-binary-consensus.go:410: RECEIVE j=0 flag=1 r=11 est={0} aux={0}
INFO: 20:31:39.380512 self-stabilizing-binary-consensus.go:427: est[11][0]={0} aux[11][0]={0}
INFO: 20:31:39.393846 self-stabilizing-binary-consensus.go:410: RECEIVE j=2 flag=0 r=11 est={0} aux={0}
INFO: 20:31:39.395943 self-stabilizing-binary-consensus.go:427: est[11][2]={0} aux[11][2]={0}
INFO: 20:31:39.395970 self-stabilizing-binary-consensus.go:410: RECEIVE j=1 flag=0 r=11 est={0} aux={0}
INFO: 20:31:39.395986 self-stabilizing-binary-consensus.go:427: est[11][1]={0} aux[11][1]={0}
INFO: 20:31:39.402783 self-stabilizing-binary-consensus.go:434: SEND flag=0 r=11 est={0} aux={0}
INFO: 20:31:39.409344 self-stabilizing-binary-consensus.go:410: RECEIVE j=0 flag=0 r=11 est={0} aux={0}
INFO: 20:31:39.409383 self-stabilizing-binary-consensus.go:427: est[11][0]={0} aux[11][0]={0}
INFO: 20:31:39.409727 self-stabilizing-binary-consensus.go:410: RECEIVE j=2 flag=0 r=11 est={0} aux={0}
INFO: 20:31:39.409740 self-stabilizing-binary-consensus.go:427: est[11][2]={0} aux[11][2]={0}
INFO: 20:31:39.409864 self-stabilizing-binary-consensus.go:410: RECEIVE j=1 flag=0 r=11 est={0} aux={0}
INFO: 20:31:39.409871 self-stabilizing-binary-consensus.go:427: est[11][1]={0} aux[11][1]={0}
INFO: 20:31:39.410013 self-stabilizing-binary-consensus.go:410: RECEIVE j=2 flag=1 r=11 est={0} aux={0}
INFO: 20:31:39.410028 self-stabilizing-binary-consensus.go:427: est[11][2]={0} aux[11][2]={0}
INFO: 20:31:39.414727 self-stabilizing-binary-consensus.go:434: SEND flag=0 r=11 est={0} aux={0}
INFO: 20:31:39.421617 self-stabilizing-binary-consensus.go:410: RECEIVE j=1 flag=0 r=11 est={0} aux={0}
INFO: 20:31:39.421650 self-stabilizing-binary-consensus.go:427: est[11][1]={0} aux[11][1]={0}
INFO: 20:31:39.423227 self-stabilizing-binary-consensus.go:410: RECEIVE j=1 flag=1 r=11 est={0} aux={0}
INFO: 20:31:39.423308 self-stabilizing-binary-consensus.go:427: est[11][1]={0} aux[11][1]={0}
INFO: 20:31:39.428721 self-stabilizing-binary-consensus.go:410: RECEIVE j=2 flag=0 r=11 est={0} aux={0}
INFO: 20:31:39.428749 self-stabilizing-binary-consensus.go:427: est[11][2]={0} aux[11][2]={0}
INFO: 20:31:39.430506 self-stabilizing-binary-consensus.go:410: RECEIVE j=0 flag=0 r=11 est={0} aux={0}
INFO: 20:31:39.430547 self-stabilizing-binary-consensus.go:427: est[11][0]={0} aux[11][0]={0}
INFO: 20:31:39.430615 self-stabilizing-binary-consensus.go:434: SEND flag=0 r=11 est={0} aux={0}
INFO: 20:31:39.432638 self-stabilizing-binary-consensus.go:410: RECEIVE j=0 flag=0 r=11 est={0} aux={0}
INFO: 20:31:39.432775 self-stabilizing-binary-consensus.go:427: est[11][0]={0} aux[11][0]={0}
INFO: 20:31:44.379353 self-stabilizing-binary-consensus.go:148: infoResults()={0}
INFO: 20:31:44.379423 self-stabilizing-binary-consensus.go:255: randomBit(11)=0
INFO: 20:31:44.379439 self-stabilizing-binary-consensus.go:249: decision=0
INFO: 20:31:44.379458 self-stabilizing-binary-consensus.go:249: decision=0
INFO: 20:31:44.379477 self-stabilizing-binary-consensus.go:90: round=11 repeat=1
INFO: 20:31:44.379515 self-stabilizing-binary-consensus.go:127: binValues(11,3)={0} w=0
INFO: 20:31:44.381264 self-stabilizing-binary-consensus.go:142: binValues(11,2)={0} w=0
INFO: 20:31:44.381283 self-stabilizing-binary-consensus.go:143: SEND flag=1 r=11 est={0} aux={0}
INFO: 20:31:44.383667 self-stabilizing-binary-consensus.go:410: RECEIVE j=0 flag=1 r=11 est={0} aux={0}
INFO: 20:31:44.383695 self-stabilizing-binary-consensus.go:427: est[11][0]={0} aux[11][0]={0}
INFO: 20:31:44.390829 self-stabilizing-binary-consensus.go:410: RECEIVE j=0 flag=0 r=11 est={0} aux={0}
INFO: 20:31:44.390859 self-stabilizing-binary-consensus.go:427: est[11][0]={0} aux[11][0]={0}
INFO: 20:31:44.395075 self-stabilizing-binary-consensus.go:410: RECEIVE j=1 flag=0 r=11 est={0} aux={0}
INFO: 20:31:44.395160 self-stabilizing-binary-consensus.go:427: est[11][1]={0} aux[11][1]={0}
INFO: 20:31:44.399596 self-stabilizing-binary-consensus.go:410: RECEIVE j=2 flag=0 r=11 est={0} aux={0}
INFO: 20:31:44.400305 self-stabilizing-binary-consensus.go:427: est[11][2]={0} aux[11][2]={0}
INFO: 20:31:44.399625 self-stabilizing-binary-consensus.go:434: SEND flag=0 r=11 est={0} aux={0}
INFO: 20:31:44.404278 self-stabilizing-binary-consensus.go:410: RECEIVE j=2 flag=1 r=11 est={0} aux={0}
INFO: 20:31:44.404530 self-stabilizing-binary-consensus.go:427: est[11][2]={0} aux[11][2]={0}
INFO: 20:31:44.406976 self-stabilizing-binary-consensus.go:410: RECEIVE j=0 flag=0 r=11 est={0} aux={0}
INFO: 20:31:44.407005 self-stabilizing-binary-consensus.go:427: est[11][0]={0} aux[11][0]={0}
INFO: 20:31:44.408053 self-stabilizing-binary-consensus.go:410: RECEIVE j=1 flag=0 r=11 est={0} aux={0}
INFO: 20:31:44.408079 self-stabilizing-binary-consensus.go:427: est[11][1]={0} aux[11][1]={0}
INFO: 20:31:44.409784 self-stabilizing-binary-consensus.go:434: SEND flag=0 r=11 est={0} aux={0}
INFO: 20:31:44.412990 self-stabilizing-binary-consensus.go:410: RECEIVE j=2 flag=0 r=11 est={0} aux={0}
INFO: 20:31:44.413039 self-stabilizing-binary-consensus.go:427: est[11][2]={0} aux[11][2]={0}
INFO: 20:31:44.418537 self-stabilizing-binary-consensus.go:410: RECEIVE j=1 flag=0 r=11 est={0} aux={0}
INFO: 20:31:44.418619 self-stabilizing-binary-consensus.go:427: est[11][1]={0} aux[11][1]={0}
INFO: 20:31:44.430116 self-stabilizing-binary-consensus.go:410: RECEIVE j=1 flag=1 r=11 est={0} aux={0}
INFO: 20:31:44.430188 self-stabilizing-binary-consensus.go:427: est[11][1]={0} aux[11][1]={0}
INFO: 20:31:44.431986 self-stabilizing-binary-consensus.go:434: SEND flag=0 r=11 est={0} aux={0}
INFO: 20:31:44.435756 self-stabilizing-binary-consensus.go:410: RECEIVE j=0 flag=0 r=11 est={0} aux={0}
INFO: 20:31:44.435789 self-stabilizing-binary-consensus.go:427: est[11][0]={0} aux[11][0]={0}
INFO: 20:31:44.436974 self-stabilizing-binary-consensus.go:410: RECEIVE j=2 flag=0 r=11 est={0} aux={0}
INFO: 20:31:44.436995 self-stabilizing-binary-consensus.go:427: est[11][2]={0} aux[11][2]={0}
