INFO: 01:35:35.381066 main.go:29: ID:3 | N:4 | F:1 | Clients:1 | Scenario:NORMAL | Remote:false

INFO: 01:35:35.381646 messenger.go:90: Receive from Server 0 on tcp://*:4300
INFO: 01:35:35.382539 messenger.go:107: Send to Server 0 on tcp://localhost:4003
INFO: 01:35:35.382928 messenger.go:90: Receive from Server 1 on tcp://*:4301
INFO: 01:35:35.383113 messenger.go:107: Send to Server 1 on tcp://localhost:4103
INFO: 01:35:35.383352 messenger.go:90: Receive from Server 2 on tcp://*:4302
INFO: 01:35:35.383555 messenger.go:107: Send to Server 2 on tcp://localhost:4203
INFO: 01:35:35.383805 messenger.go:113: -----------------------------------------
INFO: 01:35:35.383904 messenger.go:135: Requests from Client 0 on tcp://*:7300
INFO: 01:35:35.384133 messenger.go:152: Response to Client 0 on tcp://*:10300
INFO: 01:35:35.384425 messenger.go:155: -----------------------------------------

INFO: 01:35:35.384651 main.go:83: Initial estimate value:  1
INFO: 01:35:35.384715 self-stabilizing-binary-consensus.go:78: Round:1
INFO: 01:35:35.384772 self-stabilizing-binary-consensus.go:118: binValues(1,3)={} w=-1
INFO: 01:35:35.384824 self-stabilizing-binary-consensus.go:129: binValues(1,2)={} w=-1
INFO: 01:35:35.388674 self-stabilizing-binary-consensus.go:133: SEND flag=1 r=1 est={1} aux={}
INFO: 01:35:35.403197 self-stabilizing-binary-consensus.go:413: RECEIVE j=1 flag=1 r=1 est={0} aux={}
INFO: 01:35:35.405440 self-stabilizing-binary-consensus.go:430: est[1][1]={0} aux[1][1]={}
INFO: 01:35:35.409066 self-stabilizing-binary-consensus.go:437: SEND flag=0 r=1 est={1} aux={}
INFO: 01:35:35.409189 self-stabilizing-binary-consensus.go:413: RECEIVE j=2 flag=1 r=1 est={1} aux={}
INFO: 01:35:35.409241 self-stabilizing-binary-consensus.go:430: est[1][2]={1} aux[1][2]={}
INFO: 01:35:35.416831 self-stabilizing-binary-consensus.go:437: SEND flag=0 r=1 est={1} aux={}
INFO: 01:35:35.416988 self-stabilizing-binary-consensus.go:413: RECEIVE j=0 flag=1 r=1 est={0} aux={}
INFO: 01:35:35.417127 self-stabilizing-binary-consensus.go:430: est[1][0]={0} aux[1][0]={}
INFO: 01:35:35.429878 self-stabilizing-binary-consensus.go:437: SEND flag=0 r=1 est={1} aux={}
INFO: 01:35:35.429937 self-stabilizing-binary-consensus.go:413: RECEIVE j=1 flag=0 r=1 est={0} aux={}
INFO: 01:35:35.429978 self-stabilizing-binary-consensus.go:430: est[1][1]={0} aux[1][1]={}
INFO: 01:35:35.430029 self-stabilizing-binary-consensus.go:413: RECEIVE j=0 flag=0 r=1 est={0} aux={}
INFO: 01:35:35.430614 self-stabilizing-binary-consensus.go:430: est[1][0]={0} aux[1][0]={}
INFO: 01:35:35.430691 self-stabilizing-binary-consensus.go:413: RECEIVE j=2 flag=0 r=1 est={1} aux={}
INFO: 01:35:35.430731 self-stabilizing-binary-consensus.go:430: est[1][2]={1} aux[1][2]={}
INFO: 01:35:35.430768 self-stabilizing-binary-consensus.go:413: RECEIVE j=1 flag=0 r=1 est={0} aux={}
INFO: 01:35:35.430830 self-stabilizing-binary-consensus.go:430: est[1][1]={0} aux[1][1]={}
INFO: 01:35:35.430859 self-stabilizing-binary-consensus.go:413: RECEIVE j=2 flag=0 r=1 est={1} aux={}
INFO: 01:35:35.430867 self-stabilizing-binary-consensus.go:430: est[1][2]={1} aux[1][2]={}
INFO: 01:35:35.430873 self-stabilizing-binary-consensus.go:413: RECEIVE j=0 flag=0 r=1 est={0} aux={}
INFO: 01:35:35.430877 self-stabilizing-binary-consensus.go:430: est[1][0]={0} aux[1][0]={}
INFO: 01:35:35.430926 self-stabilizing-binary-consensus.go:413: RECEIVE j=1 flag=0 r=1 est={0} aux={}
INFO: 01:35:35.430933 self-stabilizing-binary-consensus.go:430: est[1][1]={0} aux[1][1]={}
INFO: 01:35:35.430942 self-stabilizing-binary-consensus.go:413: RECEIVE j=0 flag=0 r=1 est={0} aux={}
INFO: 01:35:35.431054 self-stabilizing-binary-consensus.go:430: est[1][0]={0} aux[1][0]={}
INFO: 01:35:35.435654 self-stabilizing-binary-consensus.go:413: RECEIVE j=2 flag=0 r=1 est={1} aux={}
INFO: 01:35:35.435690 self-stabilizing-binary-consensus.go:430: est[1][2]={1} aux[1][2]={}
INFO: 01:35:43.392053 self-stabilizing-binary-consensus.go:118: binValues(1,3)={} w=-1
INFO: 01:35:43.392289 self-stabilizing-binary-consensus.go:129: binValues(1,2)={} w=-1
INFO: 01:35:43.403055 self-stabilizing-binary-consensus.go:133: SEND flag=1 r=1 est={0 1} aux={}
INFO: 01:35:43.419933 self-stabilizing-binary-consensus.go:413: RECEIVE j=2 flag=1 r=1 est={0 1} aux={0}
INFO: 01:35:43.433985 self-stabilizing-binary-consensus.go:430: est[1][2]={0 1} aux[1][2]={0}
INFO: 01:35:43.437290 self-stabilizing-binary-consensus.go:437: SEND flag=0 r=1 est={1} aux={}
INFO: 01:35:43.437392 self-stabilizing-binary-consensus.go:413: RECEIVE j=0 flag=0 r=1 est={0} aux={}
INFO: 01:35:43.437447 self-stabilizing-binary-consensus.go:430: est[1][0]={0} aux[1][0]={}
INFO: 01:35:43.437516 self-stabilizing-binary-consensus.go:413: RECEIVE j=1 flag=1 r=1 est={0 1} aux={}
INFO: 01:35:43.437567 self-stabilizing-binary-consensus.go:430: est[1][1]={0 1} aux[1][1]={}
INFO: 01:35:43.446044 self-stabilizing-binary-consensus.go:437: SEND flag=0 r=1 est={1} aux={}
INFO: 01:35:43.446164 self-stabilizing-binary-consensus.go:413: RECEIVE j=2 flag=0 r=1 est={1} aux={}
INFO: 01:35:43.446182 self-stabilizing-binary-consensus.go:430: est[1][2]={0 1} aux[1][2]={}
INFO: 01:35:43.446190 self-stabilizing-binary-consensus.go:413: RECEIVE j=1 flag=0 r=1 est={0} aux={}
INFO: 01:35:43.446195 self-stabilizing-binary-consensus.go:430: est[1][1]={0 1} aux[1][1]={}
INFO: 01:35:43.446207 self-stabilizing-binary-consensus.go:413: RECEIVE j=0 flag=0 r=1 est={0} aux={}
INFO: 01:35:43.446213 self-stabilizing-binary-consensus.go:430: est[1][0]={0} aux[1][0]={}
INFO: 01:35:43.446220 self-stabilizing-binary-consensus.go:413: RECEIVE j=2 flag=0 r=1 est={1} aux={0}
INFO: 01:35:43.446225 self-stabilizing-binary-consensus.go:430: est[1][2]={0 1} aux[1][2]={0}
INFO: 01:35:43.448404 self-stabilizing-binary-consensus.go:413: RECEIVE j=0 flag=1 r=1 est={0 1} aux={}
INFO: 01:35:43.448492 self-stabilizing-binary-consensus.go:430: est[1][0]={0 1} aux[1][0]={}
INFO: 01:35:43.451955 self-stabilizing-binary-consensus.go:437: SEND flag=0 r=1 est={1} aux={}
INFO: 01:35:43.452064 self-stabilizing-binary-consensus.go:413: RECEIVE j=1 flag=0 r=1 est={0} aux={}
INFO: 01:35:43.452103 self-stabilizing-binary-consensus.go:430: est[1][1]={0 1} aux[1][1]={}
INFO: 01:35:43.452154 self-stabilizing-binary-consensus.go:413: RECEIVE j=0 flag=0 r=1 est={0} aux={}
INFO: 01:35:43.452192 self-stabilizing-binary-consensus.go:430: est[1][0]={0 1} aux[1][0]={}
INFO: 01:35:43.453749 self-stabilizing-binary-consensus.go:413: RECEIVE j=2 flag=0 r=1 est={1} aux={0}
INFO: 01:35:43.453855 self-stabilizing-binary-consensus.go:430: est[1][2]={0 1} aux[1][2]={0}
INFO: 01:35:43.454984 self-stabilizing-binary-consensus.go:413: RECEIVE j=1 flag=0 r=1 est={0} aux={}
INFO: 01:35:43.455022 self-stabilizing-binary-consensus.go:430: est[1][1]={0 1} aux[1][1]={}
