INFO: 01:01:36.651701 main.go:29: ID:3 | N:4 | F:1 | Clients:1 | Scenario:NORMAL | Remote:false

INFO: 01:01:36.652179 messenger.go:91: Receive from Server 0 on tcp://*:4300
INFO: 01:01:36.652350 messenger.go:108: Send to Server 0 on tcp://localhost:4003
INFO: 01:01:36.652406 messenger.go:91: Receive from Server 1 on tcp://*:4301
INFO: 01:01:36.652450 messenger.go:108: Send to Server 1 on tcp://localhost:4103
INFO: 01:01:36.652495 messenger.go:91: Receive from Server 2 on tcp://*:4302
INFO: 01:01:36.652545 messenger.go:108: Send to Server 2 on tcp://localhost:4203
INFO: 01:01:36.652567 messenger.go:114: -----------------------------------------
INFO: 01:01:36.652618 messenger.go:136: Requests from Client 0 on tcp://*:7300
INFO: 01:01:36.652670 messenger.go:153: Response to Client 0 on tcp://*:10300
INFO: 01:01:36.652697 messenger.go:156: -----------------------------------------

INFO: 01:01:36.658368 main.go:83: Initial estimate value:  1
INFO: 01:01:36.658423 self-stabilizing-binary-consensus.go:96: round=1 repeat=1
INFO: 01:01:36.658446 self-stabilizing-binary-consensus.go:210: binValues(1,3)={}
INFO: 01:01:36.658465 self-stabilizing-binary-consensus.go:210: binValues(1,2)={}
INFO: 01:01:36.660529 self-stabilizing-binary-consensus.go:146: SEND OLD flag=1 r=1 est={1} aux={}
INFO: 01:01:36.663977 self-stabilizing-binary-consensus.go:445: RECEIVE j=2 flag=true r=1 est={1} aux={}
INFO: 01:01:36.664080 self-stabilizing-binary-consensus.go:447: est[1][2]={1} aux[1][2]={}
INFO: 01:01:36.666272 messenger.go:302: SEND j=2 flag=true r=1 est={1} aux={}
INFO: 01:01:36.668705 messenger.go:302: SEND j=0 flag=true r=1 est={1} aux={}
INFO: 01:01:36.670805 messenger.go:302: SEND j=1 flag=true r=1 est={1} aux={}
INFO: 01:01:36.675040 self-stabilizing-binary-consensus.go:455: SEND OLD flag=0 r=1 est={1} aux={}
INFO: 01:01:36.675094 self-stabilizing-binary-consensus.go:445: RECEIVE j=1 flag=true r=1 est={0} aux={}
INFO: 01:01:36.675119 self-stabilizing-binary-consensus.go:447: est[1][1]={0} aux[1][1]={}
INFO: 01:01:36.676822 messenger.go:302: SEND j=0 flag=false r=1 est={1} aux={}
INFO: 01:01:36.677163 messenger.go:302: SEND j=1 flag=false r=1 est={1} aux={}
INFO: 01:01:36.679336 messenger.go:302: SEND j=2 flag=false r=1 est={1} aux={}
INFO: 01:01:36.684319 self-stabilizing-binary-consensus.go:455: SEND OLD flag=0 r=1 est={1} aux={}
INFO: 01:01:36.684349 self-stabilizing-binary-consensus.go:445: RECEIVE j=0 flag=true r=1 est={0} aux={}
INFO: 01:01:36.684358 self-stabilizing-binary-consensus.go:447: est[1][0]={0} aux[1][0]={}
INFO: 01:01:36.686159 messenger.go:302: SEND j=1 flag=false r=1 est={1} aux={}
INFO: 01:01:36.687521 messenger.go:302: SEND j=2 flag=false r=1 est={1} aux={}
INFO: 01:01:36.688187 messenger.go:302: SEND j=0 flag=false r=1 est={1} aux={}
INFO: 01:01:36.694016 self-stabilizing-binary-consensus.go:455: SEND OLD flag=0 r=1 est={1} aux={}
INFO: 01:01:36.694053 self-stabilizing-binary-consensus.go:445: RECEIVE j=0 flag=false r=1 est={0} aux={}
INFO: 01:01:36.694065 self-stabilizing-binary-consensus.go:447: est[1][0]={0} aux[1][0]={}
INFO: 01:01:36.694075 self-stabilizing-binary-consensus.go:445: RECEIVE j=2 flag=false r=1 est={1} aux={}
INFO: 01:01:36.694083 self-stabilizing-binary-consensus.go:447: est[1][2]={1} aux[1][2]={}
INFO: 01:01:36.694093 self-stabilizing-binary-consensus.go:445: RECEIVE j=1 flag=false r=1 est={0} aux={}
INFO: 01:01:36.694101 self-stabilizing-binary-consensus.go:447: est[1][1]={0} aux[1][1]={}
INFO: 01:01:36.694111 self-stabilizing-binary-consensus.go:445: RECEIVE j=2 flag=false r=1 est={1} aux={}
INFO: 01:01:36.694137 self-stabilizing-binary-consensus.go:447: est[1][2]={1} aux[1][2]={}
INFO: 01:01:36.694154 self-stabilizing-binary-consensus.go:445: RECEIVE j=2 flag=false r=1 est={1} aux={}
INFO: 01:01:36.694163 self-stabilizing-binary-consensus.go:447: est[1][2]={1} aux[1][2]={}
INFO: 01:01:36.697807 messenger.go:302: SEND j=1 flag=false r=1 est={1} aux={}
INFO: 01:01:36.698073 self-stabilizing-binary-consensus.go:445: RECEIVE j=1 flag=false r=1 est={0} aux={}
INFO: 01:01:36.698127 self-stabilizing-binary-consensus.go:447: est[1][1]={0} aux[1][1]={}
INFO: 01:01:36.699597 messenger.go:302: SEND j=2 flag=false r=1 est={1} aux={}
INFO: 01:01:36.700949 messenger.go:302: SEND j=0 flag=false r=1 est={1} aux={}
INFO: 01:01:36.701542 self-stabilizing-binary-consensus.go:445: RECEIVE j=0 flag=false r=1 est={0} aux={}
INFO: 01:01:36.701573 self-stabilizing-binary-consensus.go:447: est[1][0]={0} aux[1][0]={}
INFO: 01:01:36.702643 self-stabilizing-binary-consensus.go:445: RECEIVE j=1 flag=false r=1 est={0} aux={}
INFO: 01:01:36.702672 self-stabilizing-binary-consensus.go:447: est[1][1]={0} aux[1][1]={}
INFO: 01:01:36.704279 self-stabilizing-binary-consensus.go:445: RECEIVE j=0 flag=false r=1 est={0} aux={}
INFO: 01:01:36.704984 self-stabilizing-binary-consensus.go:447: est[1][0]={0} aux[1][0]={}
INFO: 01:01:37.663425 self-stabilizing-binary-consensus.go:210: binValues(1,3)={}
INFO: 01:01:37.663632 self-stabilizing-binary-consensus.go:235: infoResults()={}
INFO: 01:01:37.663678 self-stabilizing-binary-consensus.go:96: round=1 repeat=2
INFO: 01:01:37.663703 self-stabilizing-binary-consensus.go:210: binValues(1,3)={}
INFO: 01:01:37.663723 self-stabilizing-binary-consensus.go:210: binValues(1,2)={0 1}
INFO: 01:01:37.679071 self-stabilizing-binary-consensus.go:146: SEND OLD flag=1 r=1 est={0 1} aux={}
INFO: 01:01:37.680076 messenger.go:302: SEND j=0 flag=true r=1 est={0 1} aux={}
INFO: 01:01:37.680566 messenger.go:302: SEND j=2 flag=true r=1 est={0 1} aux={}
INFO: 01:01:37.684075 self-stabilizing-binary-consensus.go:445: RECEIVE j=0 flag=true r=1 est={0 1} aux={}
INFO: 01:01:37.684330 self-stabilizing-binary-consensus.go:447: est[1][0]={0 1} aux[1][0]={}
INFO: 01:01:37.687223 messenger.go:302: SEND j=1 flag=true r=1 est={0 1} aux={}
INFO: 01:01:37.705070 self-stabilizing-binary-consensus.go:455: SEND OLD flag=0 r=1 est={1} aux={}
INFO: 01:01:37.705110 self-stabilizing-binary-consensus.go:445: RECEIVE j=1 flag=true r=1 est={0 1} aux={}
INFO: 01:01:37.705123 self-stabilizing-binary-consensus.go:447: est[1][1]={0 1} aux[1][1]={}
INFO: 01:01:37.705506 messenger.go:302: SEND j=1 flag=false r=1 est={1} aux={}
INFO: 01:01:37.708344 messenger.go:302: SEND j=2 flag=false r=1 est={1} aux={}
INFO: 01:01:37.708610 messenger.go:302: SEND j=0 flag=false r=1 est={1} aux={}
INFO: 01:01:37.717484 self-stabilizing-binary-consensus.go:455: SEND OLD flag=0 r=1 est={1} aux={}
INFO: 01:01:37.717650 self-stabilizing-binary-consensus.go:445: RECEIVE j=2 flag=true r=1 est={0 1} aux={}
INFO: 01:01:37.718090 self-stabilizing-binary-consensus.go:447: est[1][2]={0 1} aux[1][2]={}
INFO: 01:01:37.718175 messenger.go:302: SEND j=2 flag=false r=1 est={1} aux={}
INFO: 01:01:37.718013 messenger.go:302: SEND j=1 flag=false r=1 est={1} aux={}
INFO: 01:01:37.717856 messenger.go:302: SEND j=0 flag=false r=1 est={1} aux={}
INFO: 01:01:37.721897 self-stabilizing-binary-consensus.go:455: SEND OLD flag=0 r=1 est={1} aux={}
INFO: 01:01:37.721921 self-stabilizing-binary-consensus.go:445: RECEIVE j=1 flag=false r=1 est={0} aux={}
INFO: 01:01:37.721928 self-stabilizing-binary-consensus.go:447: est[1][1]={0 1} aux[1][1]={}
INFO: 01:01:37.721934 self-stabilizing-binary-consensus.go:445: RECEIVE j=1 flag=false r=1 est={0} aux={}
INFO: 01:01:37.721938 self-stabilizing-binary-consensus.go:447: est[1][1]={0 1} aux[1][1]={}
INFO: 01:01:37.721943 self-stabilizing-binary-consensus.go:445: RECEIVE j=2 flag=false r=1 est={1} aux={}
INFO: 01:01:37.721948 self-stabilizing-binary-consensus.go:447: est[1][2]={0 1} aux[1][2]={}
INFO: 01:01:37.721953 self-stabilizing-binary-consensus.go:445: RECEIVE j=1 flag=false r=1 est={0} aux={}
INFO: 01:01:37.721957 self-stabilizing-binary-consensus.go:447: est[1][1]={0 1} aux[1][1]={}
INFO: 01:01:37.721963 self-stabilizing-binary-consensus.go:445: RECEIVE j=0 flag=false r=1 est={0} aux={}
INFO: 01:01:37.721967 self-stabilizing-binary-consensus.go:447: est[1][0]={0 1} aux[1][0]={}
INFO: 01:01:37.721973 self-stabilizing-binary-consensus.go:445: RECEIVE j=0 flag=false r=1 est={0} aux={}
INFO: 01:01:37.721977 self-stabilizing-binary-consensus.go:447: est[1][0]={0 1} aux[1][0]={}
INFO: 01:01:37.721990 self-stabilizing-binary-consensus.go:445: RECEIVE j=2 flag=false r=1 est={1} aux={}
INFO: 01:01:37.721994 self-stabilizing-binary-consensus.go:447: est[1][2]={0 1} aux[1][2]={}
INFO: 01:01:37.722000 self-stabilizing-binary-consensus.go:445: RECEIVE j=2 flag=false r=1 est={1} aux={}
INFO: 01:01:37.722004 self-stabilizing-binary-consensus.go:447: est[1][2]={0 1} aux[1][2]={}
INFO: 01:01:37.722009 self-stabilizing-binary-consensus.go:445: RECEIVE j=0 flag=false r=1 est={0} aux={}
INFO: 01:01:37.722016 self-stabilizing-binary-consensus.go:447: est[1][0]={0 1} aux[1][0]={}
INFO: 01:01:37.722430 messenger.go:302: SEND j=1 flag=false r=1 est={1} aux={}
INFO: 01:01:37.723325 messenger.go:302: SEND j=2 flag=false r=1 est={1} aux={}
INFO: 01:01:37.723493 messenger.go:302: SEND j=0 flag=false r=1 est={1} aux={}
INFO: 01:01:38.679471 self-stabilizing-binary-consensus.go:210: binValues(1,3)={0 1}
INFO: 01:01:38.679659 self-stabilizing-binary-consensus.go:235: infoResults()={}
INFO: 01:01:38.679706 self-stabilizing-binary-consensus.go:96: round=1 repeat=3
INFO: 01:01:38.679729 self-stabilizing-binary-consensus.go:210: binValues(1,3)={0 1}
INFO: 01:01:38.679749 self-stabilizing-binary-consensus.go:135: aux[1][3]=0
INFO: 01:01:38.679770 self-stabilizing-binary-consensus.go:210: binValues(1,2)={0 1}
INFO: 01:01:38.687844 self-stabilizing-binary-consensus.go:146: SEND OLD flag=1 r=1 est={0 1} aux={0}
INFO: 01:01:38.688805 messenger.go:302: SEND j=0 flag=true r=1 est={0 1} aux={0}
INFO: 01:01:38.699972 self-stabilizing-binary-consensus.go:445: RECEIVE j=0 flag=true r=1 est={0 1} aux={0}
INFO: 01:01:38.701619 self-stabilizing-binary-consensus.go:447: est[1][0]={0 1} aux[1][0]={0}
INFO: 01:01:38.701260 messenger.go:302: SEND j=1 flag=true r=1 est={0 1} aux={0}
INFO: 01:01:38.722489 messenger.go:302: SEND j=1 flag=false r=1 est={1} aux={0}
INFO: 01:01:38.727556 messenger.go:302: SEND j=2 flag=true r=1 est={0 1} aux={0}
INFO: 01:01:38.727832 self-stabilizing-binary-consensus.go:455: SEND OLD flag=0 r=1 est={1} aux={0}
INFO: 01:01:38.727883 self-stabilizing-binary-consensus.go:445: RECEIVE j=1 flag=false r=1 est={0} aux={0}
INFO: 01:01:38.727923 self-stabilizing-binary-consensus.go:447: est[1][1]={0 1} aux[1][1]={0}
INFO: 01:01:38.727959 self-stabilizing-binary-consensus.go:445: RECEIVE j=1 flag=true r=1 est={0 1} aux={0}
INFO: 01:01:38.727993 self-stabilizing-binary-consensus.go:447: est[1][1]={0 1} aux[1][1]={0}
INFO: 01:01:38.732250 messenger.go:302: SEND j=0 flag=false r=1 est={1} aux={0}
INFO: 01:01:38.733852 messenger.go:302: SEND j=0 flag=false r=1 est={1} aux={0}
INFO: 01:01:38.735488 messenger.go:302: SEND j=2 flag=false r=1 est={1} aux={0}
INFO: 01:01:38.735877 messenger.go:302: SEND j=1 flag=false r=1 est={1} aux={0}
INFO: 01:01:38.736038 self-stabilizing-binary-consensus.go:455: SEND OLD flag=0 r=1 est={1} aux={0}
INFO: 01:01:38.736091 self-stabilizing-binary-consensus.go:445: RECEIVE j=2 flag=false r=1 est={1} aux={}
INFO: 01:01:38.736444 self-stabilizing-binary-consensus.go:447: est[1][2]={0 1} aux[1][2]={}
INFO: 01:01:38.736518 self-stabilizing-binary-consensus.go:445: RECEIVE j=0 flag=false r=1 est={0} aux={0}
INFO: 01:01:38.737151 self-stabilizing-binary-consensus.go:447: est[1][0]={0 1} aux[1][0]={0}
INFO: 01:01:38.737204 self-stabilizing-binary-consensus.go:445: RECEIVE j=2 flag=true r=1 est={0 1} aux={0}
INFO: 01:01:38.737244 self-stabilizing-binary-consensus.go:447: est[1][2]={0 1} aux[1][2]={0}
INFO: 01:01:38.737029 messenger.go:302: SEND j=2 flag=false r=1 est={1} aux={0}
INFO: 01:01:38.741944 self-stabilizing-binary-consensus.go:455: SEND OLD flag=0 r=1 est={1} aux={0}
INFO: 01:01:38.741988 self-stabilizing-binary-consensus.go:445: RECEIVE j=1 flag=false r=1 est={0} aux={0}
INFO: 01:01:38.742041 self-stabilizing-binary-consensus.go:447: est[1][1]={0 1} aux[1][1]={0}
INFO: 01:01:38.742070 self-stabilizing-binary-consensus.go:445: RECEIVE j=0 flag=false r=1 est={0} aux={0}
INFO: 01:01:38.742106 self-stabilizing-binary-consensus.go:447: est[1][0]={0 1} aux[1][0]={0}
INFO: 01:01:38.742167 self-stabilizing-binary-consensus.go:445: RECEIVE j=1 flag=false r=1 est={0} aux={0}
INFO: 01:01:38.742203 self-stabilizing-binary-consensus.go:447: est[1][1]={0 1} aux[1][1]={0}
INFO: 01:01:38.742231 self-stabilizing-binary-consensus.go:445: RECEIVE j=2 flag=false r=1 est={1} aux={0}
INFO: 01:01:38.742253 self-stabilizing-binary-consensus.go:447: est[1][2]={0 1} aux[1][2]={0}
INFO: 01:01:38.742276 self-stabilizing-binary-consensus.go:445: RECEIVE j=0 flag=false r=1 est={0} aux={0}
INFO: 01:01:38.742296 self-stabilizing-binary-consensus.go:447: est[1][0]={0 1} aux[1][0]={0}
INFO: 01:01:38.742318 self-stabilizing-binary-consensus.go:445: RECEIVE j=2 flag=false r=1 est={1} aux={0}
INFO: 01:01:38.742342 self-stabilizing-binary-consensus.go:447: est[1][2]={0 1} aux[1][2]={0}
INFO: 01:01:38.742346 messenger.go:302: SEND j=0 flag=false r=1 est={1} aux={0}
INFO: 01:01:38.742222 messenger.go:302: SEND j=1 flag=false r=1 est={1} aux={0}
INFO: 01:01:38.742730 messenger.go:302: SEND j=2 flag=false r=1 est={1} aux={0}
INFO: 01:01:39.689144 self-stabilizing-binary-consensus.go:210: binValues(1,3)={0 1}
INFO: 01:01:39.689546 self-stabilizing-binary-consensus.go:235: infoResults()={0}
INFO: 01:01:39.689738 self-stabilizing-binary-consensus.go:210: binValues(1,3)={0 1}
INFO: 01:01:39.689782 self-stabilizing-binary-consensus.go:235: infoResults()={0}
INFO: 01:01:39.690135 self-stabilizing-binary-consensus.go:268: randomBit(1)=1
INFO: 01:01:39.690391 self-stabilizing-binary-consensus.go:210: binValues(11,2)={}
INFO: 01:01:39.690497 self-stabilizing-binary-consensus.go:96: round=2 repeat=1
INFO: 01:01:39.690535 self-stabilizing-binary-consensus.go:210: binValues(2,3)={}
INFO: 01:01:39.690552 self-stabilizing-binary-consensus.go:210: binValues(2,2)={}
INFO: 01:01:39.694633 self-stabilizing-binary-consensus.go:146: SEND OLD flag=1 r=2 est={0} aux={}
INFO: 01:01:39.695438 messenger.go:302: SEND j=2 flag=true r=2 est={0} aux={}
INFO: 01:01:39.696050 messenger.go:302: SEND j=0 flag=true r=2 est={0} aux={}
INFO: 01:01:39.698081 messenger.go:302: SEND j=1 flag=true r=2 est={0} aux={}
INFO: 01:01:39.698338 self-stabilizing-binary-consensus.go:445: RECEIVE j=0 flag=true r=2 est={0} aux={}
INFO: 01:01:39.698385 self-stabilizing-binary-consensus.go:447: est[2][0]={0} aux[2][0]={}
INFO: 01:01:39.701643 self-stabilizing-binary-consensus.go:455: SEND OLD flag=0 r=2 est={0} aux={}
INFO: 01:01:39.701705 self-stabilizing-binary-consensus.go:445: RECEIVE j=0 flag=false r=2 est={0} aux={}
INFO: 01:01:39.701732 self-stabilizing-binary-consensus.go:447: est[2][0]={0} aux[2][0]={}
INFO: 01:01:39.701821 messenger.go:302: SEND j=0 flag=false r=2 est={0} aux={}
INFO: 01:01:39.702301 messenger.go:302: SEND j=2 flag=false r=2 est={0} aux={}
INFO: 01:01:39.702403 messenger.go:302: SEND j=1 flag=false r=2 est={0} aux={}
INFO: 01:01:39.715248 self-stabilizing-binary-consensus.go:445: RECEIVE j=1 flag=true r=2 est={0} aux={}
INFO: 01:01:39.715274 self-stabilizing-binary-consensus.go:447: est[2][1]={0} aux[2][1]={}
INFO: 01:01:39.717023 self-stabilizing-binary-consensus.go:455: SEND OLD flag=0 r=2 est={0} aux={}
INFO: 01:01:39.717853 messenger.go:302: SEND j=2 flag=false r=2 est={0} aux={}
INFO: 01:01:39.717929 messenger.go:302: SEND j=1 flag=false r=2 est={0} aux={}
INFO: 01:01:39.718209 self-stabilizing-binary-consensus.go:445: RECEIVE j=1 flag=false r=2 est={0} aux={}
INFO: 01:01:39.718256 self-stabilizing-binary-consensus.go:447: est[2][1]={0} aux[2][1]={}
INFO: 01:01:39.718812 messenger.go:302: SEND j=0 flag=false r=2 est={0} aux={}
INFO: 01:01:39.720418 self-stabilizing-binary-consensus.go:445: RECEIVE j=0 flag=false r=2 est={0} aux={}
INFO: 01:01:39.720489 self-stabilizing-binary-consensus.go:447: est[2][0]={0} aux[2][0]={}
INFO: 01:01:39.721760 self-stabilizing-binary-consensus.go:445: RECEIVE j=1 flag=false r=2 est={0} aux={}
INFO: 01:01:39.721946 self-stabilizing-binary-consensus.go:447: est[2][1]={0} aux[2][1]={}
INFO: 01:01:39.726188 self-stabilizing-binary-consensus.go:445: RECEIVE j=2 flag=true r=2 est={0} aux={}
INFO: 01:01:39.726236 self-stabilizing-binary-consensus.go:447: est[2][2]={0} aux[2][2]={}
INFO: 01:01:39.733416 self-stabilizing-binary-consensus.go:455: SEND OLD flag=0 r=2 est={0} aux={}
INFO: 01:01:39.734529 self-stabilizing-binary-consensus.go:445: RECEIVE j=2 flag=false r=2 est={0} aux={}
INFO: 01:01:39.734565 self-stabilizing-binary-consensus.go:447: est[2][2]={0} aux[2][2]={}
INFO: 01:01:39.734661 self-stabilizing-binary-consensus.go:445: RECEIVE j=0 flag=false r=2 est={0} aux={}
INFO: 01:01:39.734690 self-stabilizing-binary-consensus.go:447: est[2][0]={0} aux[2][0]={}
INFO: 01:01:39.734713 self-stabilizing-binary-consensus.go:445: RECEIVE j=1 flag=false r=2 est={0} aux={}
INFO: 01:01:39.734733 self-stabilizing-binary-consensus.go:447: est[2][1]={0} aux[2][1]={}
INFO: 01:01:39.734067 messenger.go:302: SEND j=0 flag=false r=2 est={0} aux={}
INFO: 01:01:39.734483 messenger.go:302: SEND j=1 flag=false r=2 est={0} aux={}
INFO: 01:01:39.734509 messenger.go:302: SEND j=2 flag=false r=2 est={0} aux={}
INFO: 01:01:39.735900 self-stabilizing-binary-consensus.go:445: RECEIVE j=2 flag=false r=2 est={0} aux={}
INFO: 01:01:39.735937 self-stabilizing-binary-consensus.go:447: est[2][2]={0} aux[2][2]={}
INFO: 01:01:39.738264 self-stabilizing-binary-consensus.go:445: RECEIVE j=2 flag=false r=2 est={0} aux={}
INFO: 01:01:39.738316 self-stabilizing-binary-consensus.go:447: est[2][2]={0} aux[2][2]={}
INFO: 01:01:40.695280 self-stabilizing-binary-consensus.go:210: binValues(2,3)={0}
INFO: 01:01:40.697419 self-stabilizing-binary-consensus.go:235: infoResults()={}
INFO: 01:01:40.697455 self-stabilizing-binary-consensus.go:96: round=2 repeat=2
INFO: 01:01:40.697655 self-stabilizing-binary-consensus.go:210: binValues(2,3)={0}
INFO: 01:01:40.697730 self-stabilizing-binary-consensus.go:135: aux[2][3]=0
INFO: 01:01:40.697799 self-stabilizing-binary-consensus.go:210: binValues(2,2)={0}
INFO: 01:01:40.704605 self-stabilizing-binary-consensus.go:146: SEND OLD flag=1 r=2 est={0} aux={0}
INFO: 01:01:40.707333 messenger.go:302: SEND j=0 flag=true r=2 est={0} aux={0}
INFO: 01:01:40.707867 messenger.go:302: SEND j=1 flag=true r=2 est={0} aux={0}
INFO: 01:01:40.713920 self-stabilizing-binary-consensus.go:445: RECEIVE j=2 flag=false r=2 est={0} aux={}
INFO: 01:01:40.714040 self-stabilizing-binary-consensus.go:447: est[2][2]={0} aux[2][2]={}
INFO: 01:01:40.719068 self-stabilizing-binary-consensus.go:445: RECEIVE j=1 flag=false r=2 est={0} aux={}
INFO: 01:01:40.719118 self-stabilizing-binary-consensus.go:447: est[2][1]={0} aux[2][1]={}
INFO: 01:01:40.720943 messenger.go:302: SEND j=2 flag=true r=2 est={0} aux={0}
INFO: 01:01:40.722625 self-stabilizing-binary-consensus.go:445: RECEIVE j=0 flag=false r=2 est={0} aux={0}
INFO: 01:01:40.722736 self-stabilizing-binary-consensus.go:447: est[2][0]={0} aux[2][0]={0}
INFO: 01:01:40.724162 self-stabilizing-binary-consensus.go:445: RECEIVE j=1 flag=true r=2 est={0} aux={0}
INFO: 01:01:40.724232 self-stabilizing-binary-consensus.go:447: est[2][1]={0} aux[2][1]={0}
INFO: 01:01:40.728046 self-stabilizing-binary-consensus.go:455: SEND OLD flag=0 r=2 est={0} aux={0}
INFO: 01:01:40.729630 self-stabilizing-binary-consensus.go:445: RECEIVE j=0 flag=true r=2 est={0} aux={0}
INFO: 01:01:40.729730 self-stabilizing-binary-consensus.go:447: est[2][0]={0} aux[2][0]={0}
INFO: 01:01:40.732472 messenger.go:302: SEND j=1 flag=false r=2 est={0} aux={0}
INFO: 01:01:40.732626 messenger.go:302: SEND j=0 flag=false r=2 est={0} aux={0}
INFO: 01:01:40.733584 messenger.go:302: SEND j=0 flag=false r=2 est={0} aux={0}
INFO: 01:01:40.733678 messenger.go:302: SEND j=1 flag=false r=2 est={0} aux={0}
INFO: 01:01:40.734406 messenger.go:302: SEND j=2 flag=false r=2 est={0} aux={0}
INFO: 01:01:40.734548 self-stabilizing-binary-consensus.go:455: SEND OLD flag=0 r=2 est={0} aux={0}
INFO: 01:01:40.734585 self-stabilizing-binary-consensus.go:445: RECEIVE j=1 flag=false r=2 est={0} aux={0}
INFO: 01:01:40.734607 self-stabilizing-binary-consensus.go:447: est[2][1]={0} aux[2][1]={0}
INFO: 01:01:40.735250 messenger.go:302: SEND j=2 flag=false r=2 est={0} aux={0}
INFO: 01:01:40.735483 self-stabilizing-binary-consensus.go:445: RECEIVE j=2 flag=false r=2 est={0} aux={}
INFO: 01:01:40.735544 self-stabilizing-binary-consensus.go:447: est[2][2]={0} aux[2][2]={}
INFO: 01:01:40.736102 self-stabilizing-binary-consensus.go:445: RECEIVE j=2 flag=false r=2 est={0} aux={}
INFO: 01:01:40.736151 self-stabilizing-binary-consensus.go:447: est[2][2]={0} aux[2][2]={}
INFO: 01:01:40.737787 self-stabilizing-binary-consensus.go:445: RECEIVE j=0 flag=false r=2 est={0} aux={0}
INFO: 01:01:40.737942 self-stabilizing-binary-consensus.go:447: est[2][0]={0} aux[2][0]={0}
INFO: 01:01:41.706591 self-stabilizing-binary-consensus.go:210: binValues(2,3)={0}
INFO: 01:01:41.706704 self-stabilizing-binary-consensus.go:235: infoResults()={0}
INFO: 01:01:41.706946 self-stabilizing-binary-consensus.go:210: binValues(2,3)={0}
INFO: 01:01:41.706959 self-stabilizing-binary-consensus.go:235: infoResults()={0}
INFO: 01:01:41.706987 self-stabilizing-binary-consensus.go:268: randomBit(2)=0
INFO: 01:01:41.707006 self-stabilizing-binary-consensus.go:261: decision=0
INFO: 01:01:41.707221 self-stabilizing-binary-consensus.go:210: binValues(11,2)={}
INFO: 01:01:42.663878 self-stabilizing-multivalued-consensus.go:18: Successful decide
