INFO: 01:42:43.047151 main.go:29: ID:3 | N:4 | F:1 | Clients:1 | Scenario:NORMAL | Remote:false

INFO: 01:42:43.047560 messenger.go:90: Receive from Server 0 on tcp://*:4300
INFO: 01:42:43.047727 messenger.go:107: Send to Server 0 on tcp://localhost:4003
INFO: 01:42:43.047913 messenger.go:90: Receive from Server 1 on tcp://*:4301
INFO: 01:42:43.047977 messenger.go:107: Send to Server 1 on tcp://localhost:4103
INFO: 01:42:43.048026 messenger.go:90: Receive from Server 2 on tcp://*:4302
INFO: 01:42:43.048086 messenger.go:107: Send to Server 2 on tcp://localhost:4203
INFO: 01:42:43.048107 messenger.go:113: -----------------------------------------
INFO: 01:42:43.048140 messenger.go:135: Requests from Client 0 on tcp://*:7300
INFO: 01:42:43.048203 messenger.go:152: Response to Client 0 on tcp://*:10300
INFO: 01:42:43.048225 messenger.go:155: -----------------------------------------

INFO: 01:42:43.051964 main.go:83: Initial estimate value:  1
INFO: 01:42:43.052086 self-stabilizing-binary-consensus.go:78: Round:1
INFO: 01:42:43.052124 self-stabilizing-binary-consensus.go:118: binValues(1,3)={} w=-1
INFO: 01:42:43.052145 self-stabilizing-binary-consensus.go:129: binValues(1,2)={} w=-1
INFO: 01:42:43.054104 self-stabilizing-binary-consensus.go:133: SEND flag=1 r=1 est={1} aux={}
INFO: 01:42:43.057425 self-stabilizing-binary-consensus.go:421: RECEIVE j=2 flag=1 r=1 est={1} aux={}
INFO: 01:42:43.057552 self-stabilizing-binary-consensus.go:438: est[1][2]={1} aux[1][2]={}
INFO: 01:42:43.060632 self-stabilizing-binary-consensus.go:445: SEND flag=0 r=1 est={1} aux={}
INFO: 01:42:43.067237 self-stabilizing-binary-consensus.go:421: RECEIVE j=2 flag=0 r=1 est={1} aux={}
INFO: 01:42:43.067327 self-stabilizing-binary-consensus.go:438: est[1][2]={1} aux[1][2]={}
INFO: 01:42:43.070036 self-stabilizing-binary-consensus.go:421: RECEIVE j=2 flag=0 r=1 est={1} aux={}
INFO: 01:42:43.070180 self-stabilizing-binary-consensus.go:438: est[1][2]={1} aux[1][2]={}
INFO: 01:42:43.186573 self-stabilizing-binary-consensus.go:421: RECEIVE j=2 flag=0 r=1 est={1} aux={}
INFO: 01:42:43.186611 self-stabilizing-binary-consensus.go:438: est[1][2]={1} aux[1][2]={}
INFO: 01:42:43.212311 self-stabilizing-binary-consensus.go:421: RECEIVE j=1 flag=1 r=1 est={0} aux={}
INFO: 01:42:43.212598 self-stabilizing-binary-consensus.go:438: est[1][1]={0} aux[1][1]={}
INFO: 01:42:43.216450 self-stabilizing-binary-consensus.go:445: SEND flag=0 r=1 est={1} aux={}
INFO: 01:42:43.217154 self-stabilizing-binary-consensus.go:421: RECEIVE j=1 flag=0 r=1 est={0} aux={}
INFO: 01:42:43.217195 self-stabilizing-binary-consensus.go:438: est[1][1]={0} aux[1][1]={}
INFO: 01:42:43.217220 self-stabilizing-binary-consensus.go:421: RECEIVE j=1 flag=0 r=1 est={0} aux={}
INFO: 01:42:43.217241 self-stabilizing-binary-consensus.go:438: est[1][1]={0} aux[1][1]={}
INFO: 01:42:43.217335 self-stabilizing-binary-consensus.go:421: RECEIVE j=0 flag=0 r=1 est={0} aux={}
INFO: 01:42:43.217371 self-stabilizing-binary-consensus.go:438: est[1][0]={0} aux[1][0]={}
INFO: 01:42:43.217394 self-stabilizing-binary-consensus.go:421: RECEIVE j=0 flag=1 r=1 est={0} aux={}
INFO: 01:42:43.217414 self-stabilizing-binary-consensus.go:438: est[1][0]={0} aux[1][0]={}
INFO: 01:42:43.224023 self-stabilizing-binary-consensus.go:445: SEND flag=0 r=1 est={1} aux={}
INFO: 01:42:43.224165 self-stabilizing-binary-consensus.go:421: RECEIVE j=0 flag=0 r=1 est={0} aux={}
INFO: 01:42:43.224211 self-stabilizing-binary-consensus.go:438: est[1][0]={0} aux[1][0]={}
INFO: 01:42:43.227849 self-stabilizing-binary-consensus.go:421: RECEIVE j=1 flag=0 r=1 est={0} aux={}
INFO: 01:42:43.227920 self-stabilizing-binary-consensus.go:438: est[1][1]={0} aux[1][1]={}
INFO: 01:42:43.228130 self-stabilizing-binary-consensus.go:421: RECEIVE j=0 flag=0 r=1 est={0} aux={}
INFO: 01:42:43.228164 self-stabilizing-binary-consensus.go:438: est[1][0]={0} aux[1][0]={}
INFO: 01:42:51.055545 self-stabilizing-binary-consensus.go:118: binValues(1,3)={} w=-1
INFO: 01:42:51.055703 self-stabilizing-binary-consensus.go:129: binValues(1,2)={} w=-1
INFO: 01:42:51.056114 self-stabilizing-binary-consensus.go:421: RECEIVE j=0 flag=1 r=1 est={0 1} aux={}
INFO: 01:42:51.056433 self-stabilizing-binary-consensus.go:438: est[1][0]={0 1} aux[1][0]={}
INFO: 01:42:51.060323 self-stabilizing-binary-consensus.go:445: SEND flag=0 r=1 est={1} aux={}
INFO: 01:42:51.068123 self-stabilizing-binary-consensus.go:421: RECEIVE j=1 flag=0 r=1 est={0} aux={}
INFO: 01:42:51.068201 self-stabilizing-binary-consensus.go:438: est[1][1]={0} aux[1][1]={}
INFO: 01:42:51.068220 self-stabilizing-binary-consensus.go:421: RECEIVE j=2 flag=1 r=1 est={0 1} aux={}
INFO: 01:42:51.068268 self-stabilizing-binary-consensus.go:438: est[1][2]={0 1} aux[1][2]={}
INFO: 01:42:51.072752 self-stabilizing-binary-consensus.go:133: SEND flag=1 r=1 est={0 1} aux={}
INFO: 01:42:51.077833 self-stabilizing-binary-consensus.go:445: SEND flag=0 r=1 est={1} aux={}
INFO: 01:42:51.077935 self-stabilizing-binary-consensus.go:421: RECEIVE j=2 flag=0 r=1 est={1} aux={}
INFO: 01:42:51.077967 self-stabilizing-binary-consensus.go:438: est[1][2]={0 1} aux[1][2]={}
INFO: 01:42:51.077988 self-stabilizing-binary-consensus.go:421: RECEIVE j=0 flag=0 r=1 est={0} aux={}
INFO: 01:42:51.078005 self-stabilizing-binary-consensus.go:438: est[1][0]={0 1} aux[1][0]={}
INFO: 01:42:51.078024 self-stabilizing-binary-consensus.go:421: RECEIVE j=0 flag=0 r=1 est={0} aux={}
INFO: 01:42:51.078041 self-stabilizing-binary-consensus.go:438: est[1][0]={0 1} aux[1][0]={}
INFO: 01:42:51.078064 self-stabilizing-binary-consensus.go:421: RECEIVE j=1 flag=1 r=1 est={0 1} aux={}
INFO: 01:42:51.078082 self-stabilizing-binary-consensus.go:438: est[1][1]={0 1} aux[1][1]={}
INFO: 01:42:51.080155 self-stabilizing-binary-consensus.go:445: SEND flag=0 r=1 est={1} aux={}
INFO: 01:42:51.084985 self-stabilizing-binary-consensus.go:421: RECEIVE j=2 flag=0 r=1 est={1} aux={}
INFO: 01:42:51.085189 self-stabilizing-binary-consensus.go:438: est[1][2]={0 1} aux[1][2]={}
INFO: 01:42:51.085245 self-stabilizing-binary-consensus.go:421: RECEIVE j=1 flag=0 r=1 est={0} aux={}
INFO: 01:42:51.085273 self-stabilizing-binary-consensus.go:438: est[1][1]={0 1} aux[1][1]={}
INFO: 01:42:51.091107 self-stabilizing-binary-consensus.go:421: RECEIVE j=1 flag=0 r=1 est={0} aux={}
INFO: 01:42:51.091488 self-stabilizing-binary-consensus.go:438: est[1][1]={0 1} aux[1][1]={}
INFO: 01:42:51.092377 self-stabilizing-binary-consensus.go:421: RECEIVE j=0 flag=0 r=1 est={0} aux={}
INFO: 01:42:51.092433 self-stabilizing-binary-consensus.go:438: est[1][0]={0 1} aux[1][0]={}
INFO: 01:42:51.093263 self-stabilizing-binary-consensus.go:421: RECEIVE j=2 flag=0 r=1 est={1} aux={}
INFO: 01:42:51.093383 self-stabilizing-binary-consensus.go:438: est[1][2]={0 1} aux[1][2]={}
