INFO: 20:42:42.140145 main.go:29: ID:3 | N:4 | F:1 | Clients:1 | Scenario:NORMAL | Remote:false

INFO: 20:42:42.140664 messenger.go:90: Receive from Server 0 on tcp://*:4300
INFO: 20:42:42.140880 messenger.go:107: Send to Server 0 on tcp://localhost:4003
INFO: 20:42:42.141205 messenger.go:90: Receive from Server 1 on tcp://*:4301
INFO: 20:42:42.141825 messenger.go:107: Send to Server 1 on tcp://localhost:4103
INFO: 20:42:42.141982 messenger.go:90: Receive from Server 2 on tcp://*:4302
INFO: 20:42:42.142074 messenger.go:107: Send to Server 2 on tcp://localhost:4203
INFO: 20:42:42.142097 messenger.go:113: -----------------------------------------
INFO: 20:42:42.142157 messenger.go:135: Requests from Client 0 on tcp://*:7300
INFO: 20:42:42.142570 messenger.go:152: Response to Client 0 on tcp://*:10300
INFO: 20:42:42.142597 messenger.go:155: -----------------------------------------

INFO: 20:42:42.146532 main.go:83: Initial estimate value:  1
INFO: 20:42:42.146635 self-stabilizing-binary-consensus.go:90: round=1 repeat=1
INFO: 20:42:42.146678 self-stabilizing-binary-consensus.go:127: binValues(1,3)={} w=-1
INFO: 20:42:42.149260 self-stabilizing-binary-consensus.go:142: binValues(1,2)={} w=-1
INFO: 20:42:42.149311 self-stabilizing-binary-consensus.go:143: SEND flag=1 r=1 est={1} aux={}
INFO: 20:42:42.154567 self-stabilizing-binary-consensus.go:410: RECEIVE j=2 flag=1 r=1 est={1} aux={}
INFO: 20:42:42.154703 self-stabilizing-binary-consensus.go:427: est[1][2]={1} aux[1][2]={}
INFO: 20:42:42.312493 self-stabilizing-binary-consensus.go:434: SEND flag=0 r=1 est={1} aux={}
INFO: 20:42:42.312649 self-stabilizing-binary-consensus.go:410: RECEIVE j=1 flag=1 r=1 est={0} aux={}
INFO: 20:42:42.312703 self-stabilizing-binary-consensus.go:427: est[1][1]={0} aux[1][1]={}
INFO: 20:42:42.327838 self-stabilizing-binary-consensus.go:434: SEND flag=0 r=1 est={1} aux={}
INFO: 20:42:42.327884 self-stabilizing-binary-consensus.go:410: RECEIVE j=1 flag=0 r=1 est={0} aux={}
INFO: 20:42:42.327895 self-stabilizing-binary-consensus.go:427: est[1][1]={0} aux[1][1]={}
INFO: 20:42:42.327903 self-stabilizing-binary-consensus.go:410: RECEIVE j=0 flag=1 r=1 est={0} aux={}
INFO: 20:42:42.327914 self-stabilizing-binary-consensus.go:427: est[1][0]={0} aux[1][0]={}
INFO: 20:42:42.338928 self-stabilizing-binary-consensus.go:434: SEND flag=0 r=1 est={1} aux={}
INFO: 20:42:42.338959 self-stabilizing-binary-consensus.go:410: RECEIVE j=0 flag=0 r=1 est={0} aux={}
INFO: 20:42:42.338965 self-stabilizing-binary-consensus.go:427: est[1][0]={0} aux[1][0]={}
INFO: 20:42:42.338971 self-stabilizing-binary-consensus.go:410: RECEIVE j=2 flag=0 r=1 est={1} aux={}
INFO: 20:42:42.338976 self-stabilizing-binary-consensus.go:427: est[1][2]={1} aux[1][2]={}
INFO: 20:42:42.338981 self-stabilizing-binary-consensus.go:410: RECEIVE j=2 flag=0 r=1 est={1} aux={}
INFO: 20:42:42.338984 self-stabilizing-binary-consensus.go:427: est[1][2]={1} aux[1][2]={}
INFO: 20:42:42.339128 self-stabilizing-binary-consensus.go:410: RECEIVE j=0 flag=0 r=1 est={0} aux={}
INFO: 20:42:42.339135 self-stabilizing-binary-consensus.go:427: est[1][0]={0} aux[1][0]={}
INFO: 20:42:42.340485 self-stabilizing-binary-consensus.go:410: RECEIVE j=1 flag=0 r=1 est={0} aux={}
INFO: 20:42:42.340815 self-stabilizing-binary-consensus.go:427: est[1][1]={0} aux[1][1]={}
INFO: 20:42:42.348927 self-stabilizing-binary-consensus.go:410: RECEIVE j=0 flag=0 r=1 est={0} aux={}
INFO: 20:42:42.348999 self-stabilizing-binary-consensus.go:427: est[1][0]={0} aux[1][0]={}
INFO: 20:42:42.349218 self-stabilizing-binary-consensus.go:410: RECEIVE j=2 flag=0 r=1 est={1} aux={}
INFO: 20:42:42.349249 self-stabilizing-binary-consensus.go:427: est[1][2]={1} aux[1][2]={}
INFO: 20:42:42.349387 self-stabilizing-binary-consensus.go:410: RECEIVE j=1 flag=0 r=1 est={0} aux={}
INFO: 20:42:42.349409 self-stabilizing-binary-consensus.go:427: est[1][1]={0} aux[1][1]={}
INFO: 20:42:47.138350 self-stabilizing-binary-consensus.go:410: RECEIVE j=0 flag=1 r=1 est={0 1} aux={}
INFO: 20:42:47.138376 self-stabilizing-binary-consensus.go:427: est[1][0]={0 1} aux[1][0]={}
INFO: 20:42:47.140741 self-stabilizing-binary-consensus.go:434: SEND flag=0 r=1 est={1} aux={}
INFO: 20:42:47.142022 self-stabilizing-binary-consensus.go:410: RECEIVE j=1 flag=0 r=1 est={0} aux={}
INFO: 20:42:47.142034 self-stabilizing-binary-consensus.go:427: est[1][1]={0} aux[1][1]={}
INFO: 20:42:47.143055 self-stabilizing-binary-consensus.go:410: RECEIVE j=2 flag=0 r=1 est={1} aux={}
INFO: 20:42:47.143088 self-stabilizing-binary-consensus.go:427: est[1][2]={1} aux[1][2]={}
INFO: 20:42:47.150493 self-stabilizing-binary-consensus.go:148: infoResults()={}
INFO: 20:42:47.150604 self-stabilizing-binary-consensus.go:90: round=1 repeat=2
INFO: 20:42:47.150638 self-stabilizing-binary-consensus.go:127: binValues(1,3)={} w=-1
INFO: 20:42:47.152310 self-stabilizing-binary-consensus.go:142: binValues(1,2)={0 1} w=-1
INFO: 20:42:47.152380 self-stabilizing-binary-consensus.go:143: SEND flag=1 r=1 est={0 1} aux={}
INFO: 20:42:47.157611 self-stabilizing-binary-consensus.go:410: RECEIVE j=2 flag=0 r=1 est={1} aux={}
INFO: 20:42:47.160016 self-stabilizing-binary-consensus.go:427: est[1][2]={1} aux[1][2]={}
INFO: 20:42:47.160263 self-stabilizing-binary-consensus.go:410: RECEIVE j=0 flag=0 r=1 est={0} aux={}
INFO: 20:42:47.160327 self-stabilizing-binary-consensus.go:427: est[1][0]={0 1} aux[1][0]={}
INFO: 20:42:47.161051 self-stabilizing-binary-consensus.go:410: RECEIVE j=2 flag=1 r=1 est={0 1} aux={0}
INFO: 20:42:47.161102 self-stabilizing-binary-consensus.go:427: est[1][2]={0 1} aux[1][2]={0}
INFO: 20:42:47.162885 self-stabilizing-binary-consensus.go:434: SEND flag=0 r=1 est={1} aux={}
INFO: 20:42:47.162915 self-stabilizing-binary-consensus.go:410: RECEIVE j=0 flag=0 r=1 est={0} aux={}
INFO: 20:42:47.163254 self-stabilizing-binary-consensus.go:427: est[1][0]={0 1} aux[1][0]={}
INFO: 20:42:47.163374 self-stabilizing-binary-consensus.go:410: RECEIVE j=1 flag=1 r=1 est={0 1} aux={1}
INFO: 20:42:47.163418 self-stabilizing-binary-consensus.go:427: est[1][1]={0 1} aux[1][1]={1}
INFO: 20:42:47.166503 self-stabilizing-binary-consensus.go:434: SEND flag=0 r=1 est={1} aux={}
INFO: 20:42:47.168645 self-stabilizing-binary-consensus.go:410: RECEIVE j=1 flag=0 r=1 est={0} aux={}
INFO: 20:42:47.168681 self-stabilizing-binary-consensus.go:427: est[1][1]={0 1} aux[1][1]={}
INFO: 20:42:47.170216 self-stabilizing-binary-consensus.go:410: RECEIVE j=2 flag=0 r=1 est={1} aux={0}
INFO: 20:42:47.170381 self-stabilizing-binary-consensus.go:427: est[1][2]={0 1} aux[1][2]={0}
INFO: 20:42:47.170796 self-stabilizing-binary-consensus.go:410: RECEIVE j=0 flag=0 r=1 est={0} aux={}
INFO: 20:42:47.170811 self-stabilizing-binary-consensus.go:427: est[1][0]={0 1} aux[1][0]={}
INFO: 20:42:47.171838 self-stabilizing-binary-consensus.go:410: RECEIVE j=1 flag=0 r=1 est={0} aux={1}
INFO: 20:42:47.171870 self-stabilizing-binary-consensus.go:427: est[1][1]={0 1} aux[1][1]={1}
INFO: 20:42:52.146187 self-stabilizing-binary-consensus.go:410: RECEIVE j=1 flag=0 r=1 est={0} aux={1}
INFO: 20:42:52.146605 self-stabilizing-binary-consensus.go:427: est[1][1]={0 1} aux[1][1]={1}
INFO: 20:42:52.147394 self-stabilizing-binary-consensus.go:410: RECEIVE j=0 flag=1 r=1 est={0 1} aux={0}
INFO: 20:42:52.147450 self-stabilizing-binary-consensus.go:427: est[1][0]={0 1} aux[1][0]={0}
INFO: 20:42:52.150366 self-stabilizing-binary-consensus.go:434: SEND flag=0 r=1 est={1} aux={}
INFO: 20:42:52.150438 self-stabilizing-binary-consensus.go:410: RECEIVE j=2 flag=0 r=1 est={1} aux={0}
INFO: 20:42:52.150464 self-stabilizing-binary-consensus.go:427: est[1][2]={0 1} aux[1][2]={0}
INFO: 20:42:52.152735 self-stabilizing-binary-consensus.go:148: infoResults()={}
INFO: 20:42:52.152915 self-stabilizing-binary-consensus.go:90: round=1 repeat=3
INFO: 20:42:52.153009 self-stabilizing-binary-consensus.go:127: binValues(1,3)={0 1} w=0
INFO: 20:42:52.153032 self-stabilizing-binary-consensus.go:133: aux[1][3]=0
INFO: 20:42:52.154944 self-stabilizing-binary-consensus.go:142: binValues(1,2)={0 1} w=0
INFO: 20:42:52.154984 self-stabilizing-binary-consensus.go:143: SEND flag=1 r=1 est={0 1} aux={0}
INFO: 20:42:52.159047 self-stabilizing-binary-consensus.go:410: RECEIVE j=0 flag=0 r=1 est={0} aux={0}
INFO: 20:42:52.159334 self-stabilizing-binary-consensus.go:427: est[1][0]={0 1} aux[1][0]={0}
INFO: 20:42:52.162844 self-stabilizing-binary-consensus.go:410: RECEIVE j=2 flag=0 r=1 est={1} aux={0}
INFO: 20:42:52.162893 self-stabilizing-binary-consensus.go:427: est[1][2]={0 1} aux[1][2]={0}
INFO: 20:42:52.166968 self-stabilizing-binary-consensus.go:410: RECEIVE j=2 flag=1 r=1 est={0 1} aux={0}
INFO: 20:42:52.166988 self-stabilizing-binary-consensus.go:427: est[1][2]={0 1} aux[1][2]={0}
INFO: 20:42:52.177927 self-stabilizing-binary-consensus.go:434: SEND flag=0 r=1 est={1} aux={0}
INFO: 20:42:52.177979 self-stabilizing-binary-consensus.go:410: RECEIVE j=1 flag=1 r=1 est={0 1} aux={1}
INFO: 20:42:52.178034 self-stabilizing-binary-consensus.go:427: est[1][1]={0 1} aux[1][1]={1}
INFO: 20:42:52.180224 self-stabilizing-binary-consensus.go:434: SEND flag=0 r=1 est={1} aux={0}
INFO: 20:42:52.180239 self-stabilizing-binary-consensus.go:410: RECEIVE j=0 flag=0 r=1 est={0} aux={0}
INFO: 20:42:52.180245 self-stabilizing-binary-consensus.go:427: est[1][0]={0 1} aux[1][0]={0}
INFO: 20:42:52.180251 self-stabilizing-binary-consensus.go:410: RECEIVE j=0 flag=0 r=1 est={0} aux={0}
INFO: 20:42:52.180255 self-stabilizing-binary-consensus.go:427: est[1][0]={0 1} aux[1][0]={0}
INFO: 20:42:52.180260 self-stabilizing-binary-consensus.go:410: RECEIVE j=2 flag=0 r=1 est={1} aux={0}
INFO: 20:42:52.180264 self-stabilizing-binary-consensus.go:427: est[1][2]={0 1} aux[1][2]={0}
INFO: 20:42:52.180269 self-stabilizing-binary-consensus.go:410: RECEIVE j=1 flag=0 r=1 est={0} aux={1}
INFO: 20:42:52.180273 self-stabilizing-binary-consensus.go:427: est[1][1]={0 1} aux[1][1]={1}
INFO: 20:42:52.187213 self-stabilizing-binary-consensus.go:410: RECEIVE j=1 flag=0 r=1 est={0} aux={1}
INFO: 20:42:52.187279 self-stabilizing-binary-consensus.go:427: est[1][1]={0 1} aux[1][1]={1}
INFO: 20:42:57.145470 self-stabilizing-binary-consensus.go:410: RECEIVE j=0 flag=1 r=1 est={0 1} aux={0}
INFO: 20:42:57.145504 self-stabilizing-binary-consensus.go:427: est[1][0]={0 1} aux[1][0]={0}
INFO: 20:42:57.147334 self-stabilizing-binary-consensus.go:434: SEND flag=0 r=1 est={1} aux={0}
INFO: 20:42:57.149442 self-stabilizing-binary-consensus.go:410: RECEIVE j=1 flag=0 r=1 est={0} aux={1}
INFO: 20:42:57.149461 self-stabilizing-binary-consensus.go:427: est[1][1]={0 1} aux[1][1]={1}
INFO: 20:42:57.150257 self-stabilizing-binary-consensus.go:410: RECEIVE j=2 flag=0 r=1 est={1} aux={0}
INFO: 20:42:57.150270 self-stabilizing-binary-consensus.go:427: est[1][2]={0 1} aux[1][2]={0}
INFO: 20:42:57.155523 self-stabilizing-binary-consensus.go:148: infoResults()={}
INFO: 20:42:57.155574 self-stabilizing-binary-consensus.go:90: round=1 repeat=4
INFO: 20:42:57.155584 self-stabilizing-binary-consensus.go:127: binValues(1,3)={0 1} w=0
INFO: 20:42:57.157445 self-stabilizing-binary-consensus.go:142: binValues(1,2)={0 1} w=0
INFO: 20:42:57.157472 self-stabilizing-binary-consensus.go:143: SEND flag=1 r=1 est={0 1} aux={0}
INFO: 20:42:57.163539 self-stabilizing-binary-consensus.go:410: RECEIVE j=1 flag=0 r=1 est={0} aux={1}
INFO: 20:42:57.163586 self-stabilizing-binary-consensus.go:427: est[1][1]={0 1} aux[1][1]={1}
INFO: 20:42:57.164655 self-stabilizing-binary-consensus.go:410: RECEIVE j=0 flag=0 r=1 est={0} aux={0}
INFO: 20:42:57.164700 self-stabilizing-binary-consensus.go:427: est[1][0]={0 1} aux[1][0]={0}
INFO: 20:42:57.166896 self-stabilizing-binary-consensus.go:410: RECEIVE j=2 flag=0 r=1 est={1} aux={0}
INFO: 20:42:57.166923 self-stabilizing-binary-consensus.go:427: est[1][2]={0 1} aux[1][2]={0}
INFO: 20:42:57.172100 self-stabilizing-binary-consensus.go:410: RECEIVE j=2 flag=1 r=1 est={0 1} aux={0}
INFO: 20:42:57.172167 self-stabilizing-binary-consensus.go:427: est[1][2]={0 1} aux[1][2]={0}
INFO: 20:42:57.174697 self-stabilizing-binary-consensus.go:434: SEND flag=0 r=1 est={1} aux={0}
INFO: 20:42:57.178709 self-stabilizing-binary-consensus.go:410: RECEIVE j=0 flag=0 r=1 est={0} aux={0}
INFO: 20:42:57.178743 self-stabilizing-binary-consensus.go:427: est[1][0]={0 1} aux[1][0]={0}
INFO: 20:42:57.178849 self-stabilizing-binary-consensus.go:410: RECEIVE j=1 flag=0 r=1 est={0} aux={1}
INFO: 20:42:57.178866 self-stabilizing-binary-consensus.go:427: est[1][1]={0 1} aux[1][1]={1}
INFO: 20:43:02.151803 self-stabilizing-binary-consensus.go:410: RECEIVE j=0 flag=1 r=1 est={0 1} aux={0}
INFO: 20:43:02.151821 self-stabilizing-binary-consensus.go:427: est[1][0]={0 1} aux[1][0]={0}
INFO: 20:43:02.153448 self-stabilizing-binary-consensus.go:434: SEND flag=0 r=1 est={1} aux={0}
INFO: 20:43:02.156040 self-stabilizing-binary-consensus.go:410: RECEIVE j=2 flag=0 r=1 est={1} aux={0}
INFO: 20:43:02.156053 self-stabilizing-binary-consensus.go:427: est[1][2]={0 1} aux[1][2]={0}
INFO: 20:43:02.156190 self-stabilizing-binary-consensus.go:410: RECEIVE j=1 flag=0 r=1 est={0} aux={1}
INFO: 20:43:02.156201 self-stabilizing-binary-consensus.go:427: est[1][1]={0 1} aux[1][1]={1}
INFO: 20:43:02.157769 self-stabilizing-binary-consensus.go:148: infoResults()={}
INFO: 20:43:02.157789 self-stabilizing-binary-consensus.go:90: round=1 repeat=5
INFO: 20:43:02.157795 self-stabilizing-binary-consensus.go:127: binValues(1,3)={0 1} w=0
INFO: 20:43:02.159365 self-stabilizing-binary-consensus.go:142: binValues(1,2)={0 1} w=0
INFO: 20:43:02.159378 self-stabilizing-binary-consensus.go:143: SEND flag=1 r=1 est={0 1} aux={0}
INFO: 20:43:02.163857 self-stabilizing-binary-consensus.go:410: RECEIVE j=1 flag=0 r=1 est={0} aux={1}
INFO: 20:43:02.163883 self-stabilizing-binary-consensus.go:427: est[1][1]={0 1} aux[1][1]={1}
INFO: 20:43:02.164328 self-stabilizing-binary-consensus.go:410: RECEIVE j=0 flag=0 r=1 est={0} aux={0}
INFO: 20:43:02.164368 self-stabilizing-binary-consensus.go:427: est[1][0]={0 1} aux[1][0]={0}
INFO: 20:43:02.166448 self-stabilizing-binary-consensus.go:410: RECEIVE j=2 flag=0 r=1 est={1} aux={0}
INFO: 20:43:02.166464 self-stabilizing-binary-consensus.go:427: est[1][2]={0 1} aux[1][2]={0}
INFO: 20:43:02.170696 self-stabilizing-binary-consensus.go:410: RECEIVE j=2 flag=1 r=1 est={0 1} aux={0}
INFO: 20:43:02.170735 self-stabilizing-binary-consensus.go:427: est[1][2]={0 1} aux[1][2]={0}
INFO: 20:43:02.172373 self-stabilizing-binary-consensus.go:434: SEND flag=0 r=1 est={1} aux={0}
INFO: 20:43:02.176055 self-stabilizing-binary-consensus.go:410: RECEIVE j=0 flag=0 r=1 est={0} aux={0}
INFO: 20:43:02.176105 self-stabilizing-binary-consensus.go:427: est[1][0]={0 1} aux[1][0]={0}
INFO: 20:43:02.178335 self-stabilizing-binary-consensus.go:410: RECEIVE j=1 flag=0 r=1 est={0} aux={1}
INFO: 20:43:02.178387 self-stabilizing-binary-consensus.go:427: est[1][1]={0 1} aux[1][1]={1}
INFO: 20:43:07.158162 self-stabilizing-binary-consensus.go:410: RECEIVE j=0 flag=1 r=1 est={0 1} aux={0}
INFO: 20:43:07.158197 self-stabilizing-binary-consensus.go:427: est[1][0]={0 1} aux[1][0]={0}
INFO: 20:43:07.159829 self-stabilizing-binary-consensus.go:434: SEND flag=0 r=1 est={1} aux={0}
INFO: 20:43:07.159883 self-stabilizing-binary-consensus.go:148: infoResults()={}
INFO: 20:43:07.159895 self-stabilizing-binary-consensus.go:90: round=1 repeat=6
INFO: 20:43:07.159900 self-stabilizing-binary-consensus.go:127: binValues(1,3)={0 1} w=0
INFO: 20:43:07.162645 self-stabilizing-binary-consensus.go:410: RECEIVE j=1 flag=0 r=1 est={0} aux={1}
INFO: 20:43:07.162696 self-stabilizing-binary-consensus.go:427: est[1][1]={0 1} aux[1][1]={1}
INFO: 20:43:07.163267 self-stabilizing-binary-consensus.go:142: binValues(1,2)={0 1} w=0
INFO: 20:43:07.163293 self-stabilizing-binary-consensus.go:143: SEND flag=1 r=1 est={0 1} aux={0}
INFO: 20:43:07.167744 self-stabilizing-binary-consensus.go:410: RECEIVE j=2 flag=0 r=1 est={1} aux={0}
INFO: 20:43:07.167781 self-stabilizing-binary-consensus.go:427: est[1][2]={0 1} aux[1][2]={0}
INFO: 20:43:07.167920 self-stabilizing-binary-consensus.go:410: RECEIVE j=0 flag=0 r=1 est={0} aux={0}
INFO: 20:43:07.167946 self-stabilizing-binary-consensus.go:427: est[1][0]={0 1} aux[1][0]={0}
INFO: 20:43:07.170436 self-stabilizing-binary-consensus.go:410: RECEIVE j=2 flag=0 r=1 est={1} aux={0}
INFO: 20:43:07.170546 self-stabilizing-binary-consensus.go:427: est[1][2]={0 1} aux[1][2]={0}
INFO: 20:43:07.170795 self-stabilizing-binary-consensus.go:410: RECEIVE j=1 flag=0 r=1 est={0} aux={1}
INFO: 20:43:07.170858 self-stabilizing-binary-consensus.go:427: est[1][1]={0 1} aux[1][1]={1}
INFO: 20:43:07.172804 self-stabilizing-binary-consensus.go:410: RECEIVE j=2 flag=1 r=1 est={0 1} aux={0}
INFO: 20:43:07.172900 self-stabilizing-binary-consensus.go:427: est[1][2]={0 1} aux[1][2]={0}
INFO: 20:43:07.174595 self-stabilizing-binary-consensus.go:434: SEND flag=0 r=1 est={1} aux={0}
INFO: 20:43:07.177858 self-stabilizing-binary-consensus.go:410: RECEIVE j=0 flag=0 r=1 est={0} aux={0}
INFO: 20:43:07.177890 self-stabilizing-binary-consensus.go:427: est[1][0]={0 1} aux[1][0]={0}
INFO: 20:43:07.178311 self-stabilizing-binary-consensus.go:410: RECEIVE j=1 flag=0 r=1 est={0} aux={1}
INFO: 20:43:07.178365 self-stabilizing-binary-consensus.go:427: est[1][1]={0 1} aux[1][1]={1}
INFO: 20:43:12.163807 self-stabilizing-binary-consensus.go:148: infoResults()={}
INFO: 20:43:12.163985 self-stabilizing-binary-consensus.go:90: round=1 repeat=7
INFO: 20:43:12.164031 self-stabilizing-binary-consensus.go:127: binValues(1,3)={0 1} w=0
INFO: 20:43:12.176592 self-stabilizing-binary-consensus.go:142: binValues(1,2)={0 1} w=0
INFO: 20:43:12.176670 self-stabilizing-binary-consensus.go:143: SEND flag=1 r=1 est={0 1} aux={0}
INFO: 20:43:12.177755 self-stabilizing-binary-consensus.go:410: RECEIVE j=0 flag=1 r=1 est={0 1} aux={0}
INFO: 20:43:12.177822 self-stabilizing-binary-consensus.go:427: est[1][0]={0 1} aux[1][0]={0}
INFO: 20:43:12.190445 self-stabilizing-binary-consensus.go:434: SEND flag=0 r=1 est={1} aux={0}
INFO: 20:43:12.190624 self-stabilizing-binary-consensus.go:410: RECEIVE j=2 flag=1 r=1 est={0 1} aux={0}
INFO: 20:43:12.190713 self-stabilizing-binary-consensus.go:427: est[1][2]={0 1} aux[1][2]={0}
INFO: 20:43:12.199220 self-stabilizing-binary-consensus.go:434: SEND flag=0 r=1 est={1} aux={0}
INFO: 20:43:12.199264 self-stabilizing-binary-consensus.go:410: RECEIVE j=0 flag=0 r=1 est={0} aux={0}
INFO: 20:43:12.199287 self-stabilizing-binary-consensus.go:427: est[1][0]={0 1} aux[1][0]={0}
INFO: 20:43:12.199309 self-stabilizing-binary-consensus.go:410: RECEIVE j=2 flag=0 r=1 est={1} aux={0}
INFO: 20:43:12.199329 self-stabilizing-binary-consensus.go:427: est[1][2]={0 1} aux[1][2]={0}
INFO: 20:43:12.199351 self-stabilizing-binary-consensus.go:410: RECEIVE j=1 flag=0 r=1 est={0} aux={1}
INFO: 20:43:12.199371 self-stabilizing-binary-consensus.go:427: est[1][1]={0 1} aux[1][1]={1}
INFO: 20:43:12.199392 self-stabilizing-binary-consensus.go:410: RECEIVE j=2 flag=0 r=1 est={1} aux={0}
INFO: 20:43:12.199412 self-stabilizing-binary-consensus.go:427: est[1][2]={0 1} aux[1][2]={0}
INFO: 20:43:12.201206 self-stabilizing-binary-consensus.go:410: RECEIVE j=0 flag=0 r=1 est={0} aux={0}
INFO: 20:43:12.201248 self-stabilizing-binary-consensus.go:427: est[1][0]={0 1} aux[1][0]={0}
INFO: 20:43:12.205440 self-stabilizing-binary-consensus.go:410: RECEIVE j=1 flag=0 r=1 est={0} aux={1}
INFO: 20:43:12.205518 self-stabilizing-binary-consensus.go:427: est[1][1]={0 1} aux[1][1]={1}
INFO: 20:43:12.207128 self-stabilizing-binary-consensus.go:410: RECEIVE j=1 flag=0 r=1 est={0} aux={1}
INFO: 20:43:12.207182 self-stabilizing-binary-consensus.go:427: est[1][1]={0 1} aux[1][1]={1}
INFO: 20:43:17.176824 self-stabilizing-binary-consensus.go:148: infoResults()={}
INFO: 20:43:17.177252 self-stabilizing-binary-consensus.go:90: round=1 repeat=8
INFO: 20:43:17.178128 self-stabilizing-binary-consensus.go:127: binValues(1,3)={0 1} w=0
INFO: 20:43:17.184292 self-stabilizing-binary-consensus.go:142: binValues(1,2)={0 1} w=0
INFO: 20:43:17.189443 self-stabilizing-binary-consensus.go:143: SEND flag=1 r=1 est={0 1} aux={0}
INFO: 20:43:17.189900 self-stabilizing-binary-consensus.go:410: RECEIVE j=2 flag=1 r=1 est={0 1} aux={0}
INFO: 20:43:17.189949 self-stabilizing-binary-consensus.go:427: est[1][2]={0 1} aux[1][2]={0}
INFO: 20:43:17.194199 self-stabilizing-binary-consensus.go:434: SEND flag=0 r=1 est={1} aux={0}
INFO: 20:43:17.199811 self-stabilizing-binary-consensus.go:410: RECEIVE j=2 flag=0 r=1 est={1} aux={0}
INFO: 20:43:17.200175 self-stabilizing-binary-consensus.go:427: est[1][2]={0 1} aux[1][2]={0}
INFO: 20:43:17.201088 self-stabilizing-binary-consensus.go:410: RECEIVE j=0 flag=0 r=1 est={0} aux={0}
INFO: 20:43:17.201139 self-stabilizing-binary-consensus.go:427: est[1][0]={0 1} aux[1][0]={0}
INFO: 20:43:17.202689 self-stabilizing-binary-consensus.go:410: RECEIVE j=1 flag=0 r=1 est={0} aux={1}
INFO: 20:43:17.202741 self-stabilizing-binary-consensus.go:427: est[1][1]={0 1} aux[1][1]={1}
INFO: 20:43:17.203552 self-stabilizing-binary-consensus.go:410: RECEIVE j=0 flag=1 r=1 est={0 1} aux={0}
INFO: 20:43:17.203931 self-stabilizing-binary-consensus.go:427: est[1][0]={0 1} aux[1][0]={0}
INFO: 20:43:17.212762 self-stabilizing-binary-consensus.go:434: SEND flag=0 r=1 est={1} aux={0}
INFO: 20:43:17.213245 self-stabilizing-binary-consensus.go:410: RECEIVE j=2 flag=0 r=1 est={1} aux={0}
INFO: 20:43:17.213278 self-stabilizing-binary-consensus.go:427: est[1][2]={0 1} aux[1][2]={0}
INFO: 20:43:17.213372 self-stabilizing-binary-consensus.go:410: RECEIVE j=0 flag=0 r=1 est={0} aux={0}
INFO: 20:43:17.213406 self-stabilizing-binary-consensus.go:427: est[1][0]={0 1} aux[1][0]={0}
INFO: 20:43:17.214980 self-stabilizing-binary-consensus.go:410: RECEIVE j=1 flag=0 r=1 est={0} aux={1}
INFO: 20:43:17.215021 self-stabilizing-binary-consensus.go:427: est[1][1]={0 1} aux[1][1]={1}
INFO: 20:43:17.218628 self-stabilizing-binary-consensus.go:410: RECEIVE j=1 flag=0 r=1 est={0} aux={1}
INFO: 20:43:17.218654 self-stabilizing-binary-consensus.go:427: est[1][1]={0 1} aux[1][1]={1}
INFO: 20:43:22.189935 self-stabilizing-binary-consensus.go:148: infoResults()={}
INFO: 20:43:22.191559 self-stabilizing-binary-consensus.go:90: round=1 repeat=9
INFO: 20:43:22.191769 self-stabilizing-binary-consensus.go:127: binValues(1,3)={0 1} w=0
INFO: 20:43:22.199101 self-stabilizing-binary-consensus.go:410: RECEIVE j=2 flag=1 r=1 est={0 1} aux={0}
INFO: 20:43:22.199139 self-stabilizing-binary-consensus.go:427: est[1][2]={0 1} aux[1][2]={0}
INFO: 20:43:22.202707 self-stabilizing-binary-consensus.go:434: SEND flag=0 r=1 est={1} aux={0}
INFO: 20:43:22.208587 self-stabilizing-binary-consensus.go:410: RECEIVE j=0 flag=0 r=1 est={0} aux={0}
INFO: 20:43:22.208663 self-stabilizing-binary-consensus.go:427: est[1][0]={0 1} aux[1][0]={0}
INFO: 20:43:22.209046 self-stabilizing-binary-consensus.go:142: binValues(1,2)={0 1} w=0
INFO: 20:43:22.209085 self-stabilizing-binary-consensus.go:143: SEND flag=1 r=1 est={0 1} aux={0}
INFO: 20:43:22.212662 self-stabilizing-binary-consensus.go:410: RECEIVE j=2 flag=0 r=1 est={1} aux={0}
INFO: 20:43:22.212694 self-stabilizing-binary-consensus.go:427: est[1][2]={0 1} aux[1][2]={0}
INFO: 20:43:22.213139 self-stabilizing-binary-consensus.go:410: RECEIVE j=0 flag=1 r=1 est={0 1} aux={0}
INFO: 20:43:22.213449 self-stabilizing-binary-consensus.go:427: est[1][0]={0 1} aux[1][0]={0}
INFO: 20:43:22.225167 self-stabilizing-binary-consensus.go:434: SEND flag=0 r=1 est={1} aux={0}
INFO: 20:43:22.225620 self-stabilizing-binary-consensus.go:410: RECEIVE j=1 flag=0 r=1 est={0} aux={1}
INFO: 20:43:22.225680 self-stabilizing-binary-consensus.go:427: est[1][1]={0 1} aux[1][1]={1}
INFO: 20:43:22.226974 self-stabilizing-binary-consensus.go:410: RECEIVE j=2 flag=0 r=1 est={1} aux={0}
INFO: 20:43:22.227062 self-stabilizing-binary-consensus.go:427: est[1][2]={0 1} aux[1][2]={0}
INFO: 20:43:22.228411 self-stabilizing-binary-consensus.go:410: RECEIVE j=0 flag=0 r=1 est={0} aux={0}
INFO: 20:43:22.228434 self-stabilizing-binary-consensus.go:427: est[1][0]={0 1} aux[1][0]={0}
INFO: 20:43:22.232305 self-stabilizing-binary-consensus.go:410: RECEIVE j=1 flag=0 r=1 est={0} aux={1}
INFO: 20:43:22.232336 self-stabilizing-binary-consensus.go:427: est[1][1]={0 1} aux[1][1]={1}
INFO: 20:43:22.234797 self-stabilizing-binary-consensus.go:410: RECEIVE j=1 flag=0 r=1 est={0} aux={1}
INFO: 20:43:22.234826 self-stabilizing-binary-consensus.go:427: est[1][1]={0 1} aux[1][1]={1}
INFO: 20:43:27.203936 self-stabilizing-binary-consensus.go:410: RECEIVE j=2 flag=1 r=1 est={0 1} aux={0}
INFO: 20:43:27.203974 self-stabilizing-binary-consensus.go:427: est[1][2]={0 1} aux[1][2]={0}
INFO: 20:43:27.205621 self-stabilizing-binary-consensus.go:434: SEND flag=0 r=1 est={1} aux={0}
INFO: 20:43:27.206967 self-stabilizing-binary-consensus.go:410: RECEIVE j=0 flag=0 r=1 est={0} aux={0}
INFO: 20:43:27.207002 self-stabilizing-binary-consensus.go:427: est[1][0]={0 1} aux[1][0]={0}
INFO: 20:43:27.209547 self-stabilizing-binary-consensus.go:410: RECEIVE j=1 flag=0 r=1 est={0} aux={1}
INFO: 20:43:27.209558 self-stabilizing-binary-consensus.go:427: est[1][1]={0 1} aux[1][1]={1}
INFO: 20:43:27.209566 self-stabilizing-binary-consensus.go:148: infoResults()={}
INFO: 20:43:27.209587 self-stabilizing-binary-consensus.go:90: round=1 repeat=10
INFO: 20:43:27.209595 self-stabilizing-binary-consensus.go:127: binValues(1,3)={0 1} w=0
INFO: 20:43:27.211273 self-stabilizing-binary-consensus.go:142: binValues(1,2)={0 1} w=0
INFO: 20:43:27.211300 self-stabilizing-binary-consensus.go:143: SEND flag=1 r=1 est={0 1} aux={0}
INFO: 20:43:27.218894 self-stabilizing-binary-consensus.go:410: RECEIVE j=1 flag=0 r=1 est={0} aux={1}
INFO: 20:43:27.219124 self-stabilizing-binary-consensus.go:427: est[1][1]={0 1} aux[1][1]={1}
INFO: 20:43:27.219492 self-stabilizing-binary-consensus.go:410: RECEIVE j=0 flag=1 r=1 est={0 1} aux={0}
INFO: 20:43:27.219515 self-stabilizing-binary-consensus.go:427: est[1][0]={0 1} aux[1][0]={0}
INFO: 20:43:27.221113 self-stabilizing-binary-consensus.go:434: SEND flag=0 r=1 est={1} aux={0}
INFO: 20:43:27.221672 self-stabilizing-binary-consensus.go:410: RECEIVE j=0 flag=0 r=1 est={0} aux={0}
INFO: 20:43:27.221818 self-stabilizing-binary-consensus.go:427: est[1][0]={0 1} aux[1][0]={0}
INFO: 20:43:27.222355 self-stabilizing-binary-consensus.go:410: RECEIVE j=1 flag=0 r=1 est={0} aux={1}
INFO: 20:43:27.222390 self-stabilizing-binary-consensus.go:427: est[1][1]={0 1} aux[1][1]={1}
INFO: 20:43:27.232553 self-stabilizing-binary-consensus.go:410: RECEIVE j=2 flag=0 r=1 est={1} aux={0}
INFO: 20:43:27.233195 self-stabilizing-binary-consensus.go:427: est[1][2]={0 1} aux[1][2]={0}
INFO: 20:43:27.234197 self-stabilizing-binary-consensus.go:410: RECEIVE j=2 flag=0 r=1 est={1} aux={0}
INFO: 20:43:27.234248 self-stabilizing-binary-consensus.go:427: est[1][2]={0 1} aux[1][2]={0}
INFO: 20:43:32.212790 self-stabilizing-binary-consensus.go:148: infoResults()={}
INFO: 20:43:32.212870 self-stabilizing-binary-consensus.go:90: round=1 repeat=11
INFO: 20:43:32.212892 self-stabilizing-binary-consensus.go:127: binValues(1,3)={0 1} w=0
INFO: 20:43:32.214815 self-stabilizing-binary-consensus.go:410: RECEIVE j=2 flag=1 r=1 est={0 1} aux={0}
INFO: 20:43:32.214894 self-stabilizing-binary-consensus.go:427: est[1][2]={0 1} aux[1][2]={0}
INFO: 20:43:32.218468 self-stabilizing-binary-consensus.go:142: binValues(1,2)={0 1} w=0
INFO: 20:43:32.218626 self-stabilizing-binary-consensus.go:143: SEND flag=1 r=1 est={0 1} aux={0}
INFO: 20:43:32.231031 self-stabilizing-binary-consensus.go:434: SEND flag=0 r=1 est={1} aux={0}
INFO: 20:43:32.231085 self-stabilizing-binary-consensus.go:410: RECEIVE j=0 flag=1 r=1 est={0 1} aux={0}
INFO: 20:43:32.231113 self-stabilizing-binary-consensus.go:427: est[1][0]={0 1} aux[1][0]={0}
INFO: 20:43:32.237257 self-stabilizing-binary-consensus.go:434: SEND flag=0 r=1 est={1} aux={0}
INFO: 20:43:32.237306 self-stabilizing-binary-consensus.go:410: RECEIVE j=1 flag=0 r=1 est={0} aux={1}
INFO: 20:43:32.237350 self-stabilizing-binary-consensus.go:427: est[1][1]={0 1} aux[1][1]={1}
INFO: 20:43:32.237441 self-stabilizing-binary-consensus.go:410: RECEIVE j=2 flag=0 r=1 est={1} aux={0}
INFO: 20:43:32.237558 self-stabilizing-binary-consensus.go:427: est[1][2]={0 1} aux[1][2]={0}
INFO: 20:43:32.237591 self-stabilizing-binary-consensus.go:410: RECEIVE j=0 flag=0 r=1 est={0} aux={0}
INFO: 20:43:32.237611 self-stabilizing-binary-consensus.go:427: est[1][0]={0 1} aux[1][0]={0}
INFO: 20:43:32.237632 self-stabilizing-binary-consensus.go:410: RECEIVE j=2 flag=0 r=1 est={1} aux={0}
INFO: 20:43:32.237660 self-stabilizing-binary-consensus.go:427: est[1][2]={0 1} aux[1][2]={0}
INFO: 20:43:32.238492 self-stabilizing-binary-consensus.go:410: RECEIVE j=0 flag=0 r=1 est={0} aux={0}
INFO: 20:43:32.238536 self-stabilizing-binary-consensus.go:427: est[1][0]={0 1} aux[1][0]={0}
INFO: 20:43:32.239888 self-stabilizing-binary-consensus.go:410: RECEIVE j=1 flag=0 r=1 est={0} aux={1}
INFO: 20:43:32.239923 self-stabilizing-binary-consensus.go:427: est[1][1]={0 1} aux[1][1]={1}
INFO: 20:43:32.240681 self-stabilizing-binary-consensus.go:410: RECEIVE j=1 flag=0 r=1 est={0} aux={1}
INFO: 20:43:32.240732 self-stabilizing-binary-consensus.go:427: est[1][1]={0 1} aux[1][1]={1}
INFO: 20:43:37.218652 self-stabilizing-binary-consensus.go:410: RECEIVE j=2 flag=1 r=1 est={0 1} aux={0}
INFO: 20:43:37.218713 self-stabilizing-binary-consensus.go:427: est[1][2]={0 1} aux[1][2]={0}
INFO: 20:43:37.220799 self-stabilizing-binary-consensus.go:148: infoResults()={}
INFO: 20:43:37.220870 self-stabilizing-binary-consensus.go:90: round=1 repeat=12
INFO: 20:43:37.220899 self-stabilizing-binary-consensus.go:127: binValues(1,3)={0 1} w=0
INFO: 20:43:37.224094 self-stabilizing-binary-consensus.go:434: SEND flag=0 r=1 est={1} aux={0}
INFO: 20:43:37.224127 self-stabilizing-binary-consensus.go:410: RECEIVE j=0 flag=0 r=1 est={0} aux={0}
INFO: 20:43:37.224136 self-stabilizing-binary-consensus.go:427: est[1][0]={0 1} aux[1][0]={0}
INFO: 20:43:37.224925 self-stabilizing-binary-consensus.go:142: binValues(1,2)={0 1} w=0
INFO: 20:43:37.224954 self-stabilizing-binary-consensus.go:143: SEND flag=1 r=1 est={0 1} aux={0}
INFO: 20:43:37.225417 self-stabilizing-binary-consensus.go:410: RECEIVE j=1 flag=0 r=1 est={0} aux={1}
INFO: 20:43:37.225462 self-stabilizing-binary-consensus.go:427: est[1][1]={0 1} aux[1][1]={1}
INFO: 20:43:37.229453 self-stabilizing-binary-consensus.go:410: RECEIVE j=2 flag=0 r=1 est={1} aux={0}
INFO: 20:43:37.229478 self-stabilizing-binary-consensus.go:427: est[1][2]={0 1} aux[1][2]={0}
INFO: 20:43:37.230928 self-stabilizing-binary-consensus.go:410: RECEIVE j=1 flag=0 r=1 est={0} aux={1}
INFO: 20:43:37.230946 self-stabilizing-binary-consensus.go:427: est[1][1]={0 1} aux[1][1]={1}
INFO: 20:43:37.231322 self-stabilizing-binary-consensus.go:410: RECEIVE j=0 flag=1 r=1 est={0 1} aux={0}
INFO: 20:43:37.231334 self-stabilizing-binary-consensus.go:427: est[1][0]={0 1} aux[1][0]={0}
INFO: 20:43:37.233008 self-stabilizing-binary-consensus.go:434: SEND flag=0 r=1 est={1} aux={0}
INFO: 20:43:37.235282 self-stabilizing-binary-consensus.go:410: RECEIVE j=0 flag=0 r=1 est={0} aux={0}
INFO: 20:43:37.235308 self-stabilizing-binary-consensus.go:427: est[1][0]={0 1} aux[1][0]={0}
INFO: 20:43:37.236385 self-stabilizing-binary-consensus.go:410: RECEIVE j=1 flag=0 r=1 est={0} aux={1}
INFO: 20:43:37.236410 self-stabilizing-binary-consensus.go:427: est[1][1]={0 1} aux[1][1]={1}
INFO: 20:43:37.238859 self-stabilizing-binary-consensus.go:410: RECEIVE j=2 flag=0 r=1 est={1} aux={0}
INFO: 20:43:37.238876 self-stabilizing-binary-consensus.go:427: est[1][2]={0 1} aux[1][2]={0}
INFO: 20:43:42.225591 self-stabilizing-binary-consensus.go:148: infoResults()={}
INFO: 20:43:42.225756 self-stabilizing-binary-consensus.go:90: round=1 repeat=13
INFO: 20:43:42.225838 self-stabilizing-binary-consensus.go:127: binValues(1,3)={0 1} w=0
INFO: 20:43:42.234199 self-stabilizing-binary-consensus.go:410: RECEIVE j=1 flag=0 r=1 est={0} aux={1}
INFO: 20:43:42.234239 self-stabilizing-binary-consensus.go:427: est[1][1]={0 1} aux[1][1]={1}
INFO: 20:43:42.236231 self-stabilizing-binary-consensus.go:142: binValues(1,2)={0 1} w=0
INFO: 20:43:42.236270 self-stabilizing-binary-consensus.go:143: SEND flag=1 r=1 est={0 1} aux={0}
INFO: 20:43:42.236584 self-stabilizing-binary-consensus.go:410: RECEIVE j=0 flag=0 r=1 est={0} aux={0}
INFO: 20:43:42.236623 self-stabilizing-binary-consensus.go:427: est[1][0]={0 1} aux[1][0]={0}
INFO: 20:43:42.236861 self-stabilizing-binary-consensus.go:410: RECEIVE j=2 flag=1 r=1 est={0 1} aux={0}
INFO: 20:43:42.236879 self-stabilizing-binary-consensus.go:427: est[1][2]={0 1} aux[1][2]={0}
INFO: 20:43:42.243605 self-stabilizing-binary-consensus.go:434: SEND flag=0 r=1 est={1} aux={0}
INFO: 20:43:42.244664 self-stabilizing-binary-consensus.go:410: RECEIVE j=0 flag=1 r=1 est={0 1} aux={0}
INFO: 20:43:42.244750 self-stabilizing-binary-consensus.go:427: est[1][0]={0 1} aux[1][0]={0}
INFO: 20:43:42.246740 self-stabilizing-binary-consensus.go:434: SEND flag=0 r=1 est={1} aux={0}
INFO: 20:43:42.247933 self-stabilizing-binary-consensus.go:410: RECEIVE j=2 flag=0 r=1 est={1} aux={0}
INFO: 20:43:42.247971 self-stabilizing-binary-consensus.go:427: est[1][2]={0 1} aux[1][2]={0}
INFO: 20:43:42.249647 self-stabilizing-binary-consensus.go:410: RECEIVE j=2 flag=0 r=1 est={1} aux={0}
INFO: 20:43:42.249694 self-stabilizing-binary-consensus.go:427: est[1][2]={0 1} aux[1][2]={0}
INFO: 20:43:42.251098 self-stabilizing-binary-consensus.go:410: RECEIVE j=1 flag=0 r=1 est={0} aux={1}
INFO: 20:43:42.251151 self-stabilizing-binary-consensus.go:427: est[1][1]={0 1} aux[1][1]={1}
INFO: 20:43:42.252264 self-stabilizing-binary-consensus.go:410: RECEIVE j=1 flag=0 r=1 est={0} aux={1}
INFO: 20:43:42.252298 self-stabilizing-binary-consensus.go:427: est[1][1]={0 1} aux[1][1]={1}
INFO: 20:43:42.253095 self-stabilizing-binary-consensus.go:410: RECEIVE j=0 flag=0 r=1 est={0} aux={0}
INFO: 20:43:42.253453 self-stabilizing-binary-consensus.go:427: est[1][0]={0 1} aux[1][0]={0}
INFO: 20:43:47.230241 self-stabilizing-binary-consensus.go:410: RECEIVE j=2 flag=1 r=1 est={0 1} aux={0}
INFO: 20:43:47.230314 self-stabilizing-binary-consensus.go:427: est[1][2]={0 1} aux[1][2]={0}
INFO: 20:43:47.232215 self-stabilizing-binary-consensus.go:434: SEND flag=0 r=1 est={1} aux={0}
INFO: 20:43:47.233856 self-stabilizing-binary-consensus.go:410: RECEIVE j=1 flag=0 r=1 est={0} aux={1}
INFO: 20:43:47.233897 self-stabilizing-binary-consensus.go:427: est[1][1]={0 1} aux[1][1]={1}
INFO: 20:43:47.235674 self-stabilizing-binary-consensus.go:410: RECEIVE j=0 flag=0 r=1 est={0} aux={0}
INFO: 20:43:47.235712 self-stabilizing-binary-consensus.go:427: est[1][0]={0 1} aux[1][0]={0}
INFO: 20:43:47.237042 self-stabilizing-binary-consensus.go:148: infoResults()={}
INFO: 20:43:47.237114 self-stabilizing-binary-consensus.go:90: round=1 repeat=14
INFO: 20:43:47.237142 self-stabilizing-binary-consensus.go:127: binValues(1,3)={0 1} w=0
INFO: 20:43:47.238820 self-stabilizing-binary-consensus.go:142: binValues(1,2)={0 1} w=0
INFO: 20:43:47.238930 self-stabilizing-binary-consensus.go:143: SEND flag=1 r=1 est={0 1} aux={0}
INFO: 20:43:47.243502 self-stabilizing-binary-consensus.go:410: RECEIVE j=2 flag=0 r=1 est={1} aux={0}
INFO: 20:43:47.243553 self-stabilizing-binary-consensus.go:427: est[1][2]={0 1} aux[1][2]={0}
INFO: 20:43:47.247640 self-stabilizing-binary-consensus.go:410: RECEIVE j=0 flag=0 r=1 est={0} aux={0}
INFO: 20:43:47.247682 self-stabilizing-binary-consensus.go:427: est[1][0]={0 1} aux[1][0]={0}
INFO: 20:43:47.247887 self-stabilizing-binary-consensus.go:410: RECEIVE j=1 flag=0 r=1 est={0} aux={1}
INFO: 20:43:47.247924 self-stabilizing-binary-consensus.go:427: est[1][1]={0 1} aux[1][1]={1}
INFO: 20:43:47.249566 self-stabilizing-binary-consensus.go:410: RECEIVE j=0 flag=1 r=1 est={0 1} aux={0}
INFO: 20:43:47.249601 self-stabilizing-binary-consensus.go:427: est[1][0]={0 1} aux[1][0]={0}
INFO: 20:43:47.251199 self-stabilizing-binary-consensus.go:434: SEND flag=0 r=1 est={1} aux={0}
INFO: 20:43:47.253900 self-stabilizing-binary-consensus.go:410: RECEIVE j=1 flag=0 r=1 est={0} aux={1}
INFO: 20:43:47.253949 self-stabilizing-binary-consensus.go:427: est[1][1]={0 1} aux[1][1]={1}
INFO: 20:43:47.256863 self-stabilizing-binary-consensus.go:410: RECEIVE j=2 flag=0 r=1 est={1} aux={0}
INFO: 20:43:47.256893 self-stabilizing-binary-consensus.go:427: est[1][2]={0 1} aux[1][2]={0}
INFO: 20:43:52.236498 self-stabilizing-binary-consensus.go:410: RECEIVE j=2 flag=1 r=1 est={0 1} aux={0}
INFO: 20:43:52.236706 self-stabilizing-binary-consensus.go:427: est[1][2]={0 1} aux[1][2]={0}
INFO: 20:43:52.240503 self-stabilizing-binary-consensus.go:434: SEND flag=0 r=1 est={1} aux={0}
INFO: 20:43:52.241178 self-stabilizing-binary-consensus.go:148: infoResults()={}
INFO: 20:43:52.241242 self-stabilizing-binary-consensus.go:90: round=1 repeat=15
INFO: 20:43:52.241280 self-stabilizing-binary-consensus.go:127: binValues(1,3)={0 1} w=0
INFO: 20:43:52.244668 self-stabilizing-binary-consensus.go:410: RECEIVE j=0 flag=0 r=1 est={0} aux={0}
INFO: 20:43:52.244722 self-stabilizing-binary-consensus.go:427: est[1][0]={0 1} aux[1][0]={0}
INFO: 20:43:52.245316 self-stabilizing-binary-consensus.go:410: RECEIVE j=1 flag=0 r=1 est={0} aux={1}
INFO: 20:43:52.245960 self-stabilizing-binary-consensus.go:427: est[1][1]={0 1} aux[1][1]={1}
INFO: 20:43:52.246845 self-stabilizing-binary-consensus.go:142: binValues(1,2)={0 1} w=0
INFO: 20:43:52.246893 self-stabilizing-binary-consensus.go:143: SEND flag=1 r=1 est={0 1} aux={0}
INFO: 20:43:52.251120 self-stabilizing-binary-consensus.go:410: RECEIVE j=2 flag=0 r=1 est={1} aux={0}
INFO: 20:43:52.251175 self-stabilizing-binary-consensus.go:427: est[1][2]={0 1} aux[1][2]={0}
INFO: 20:43:52.253514 self-stabilizing-binary-consensus.go:410: RECEIVE j=1 flag=0 r=1 est={0} aux={1}
INFO: 20:43:52.253580 self-stabilizing-binary-consensus.go:427: est[1][1]={0 1} aux[1][1]={1}
INFO: 20:43:52.253814 self-stabilizing-binary-consensus.go:410: RECEIVE j=0 flag=0 r=1 est={0} aux={0}
INFO: 20:43:52.253852 self-stabilizing-binary-consensus.go:427: est[1][0]={0 1} aux[1][0]={0}
INFO: 20:43:52.258812 self-stabilizing-binary-consensus.go:410: RECEIVE j=0 flag=1 r=1 est={0 1} aux={0}
INFO: 20:43:52.258932 self-stabilizing-binary-consensus.go:427: est[1][0]={0 1} aux[1][0]={0}
INFO: 20:43:52.261820 self-stabilizing-binary-consensus.go:434: SEND flag=0 r=1 est={1} aux={0}
INFO: 20:43:52.263096 self-stabilizing-binary-consensus.go:410: RECEIVE j=2 flag=0 r=1 est={1} aux={0}
INFO: 20:43:52.263164 self-stabilizing-binary-consensus.go:427: est[1][2]={0 1} aux[1][2]={0}
INFO: 20:43:52.265270 self-stabilizing-binary-consensus.go:410: RECEIVE j=1 flag=0 r=1 est={0} aux={1}
INFO: 20:43:52.265358 self-stabilizing-binary-consensus.go:427: est[1][1]={0 1} aux[1][1]={1}
INFO: 20:43:57.243814 self-stabilizing-binary-consensus.go:410: RECEIVE j=2 flag=1 r=1 est={0 1} aux={0}
INFO: 20:43:57.243971 self-stabilizing-binary-consensus.go:427: est[1][2]={0 1} aux[1][2]={0}
INFO: 20:43:57.248884 self-stabilizing-binary-consensus.go:434: SEND flag=0 r=1 est={1} aux={0}
INFO: 20:43:57.252329 self-stabilizing-binary-consensus.go:410: RECEIVE j=0 flag=0 r=1 est={0} aux={0}
INFO: 20:43:57.252416 self-stabilizing-binary-consensus.go:427: est[1][0]={0 1} aux[1][0]={0}
INFO: 20:43:57.249846 self-stabilizing-binary-consensus.go:148: infoResults()={}
INFO: 20:43:57.252525 self-stabilizing-binary-consensus.go:90: round=1 repeat=16
INFO: 20:43:57.252562 self-stabilizing-binary-consensus.go:127: binValues(1,3)={0 1} w=0
INFO: 20:43:57.255686 self-stabilizing-binary-consensus.go:142: binValues(1,2)={0 1} w=0
INFO: 20:43:57.255791 self-stabilizing-binary-consensus.go:143: SEND flag=1 r=1 est={0 1} aux={0}
INFO: 20:43:57.260080 self-stabilizing-binary-consensus.go:410: RECEIVE j=2 flag=0 r=1 est={1} aux={0}
INFO: 20:43:57.260150 self-stabilizing-binary-consensus.go:427: est[1][2]={0 1} aux[1][2]={0}
INFO: 20:43:57.262945 self-stabilizing-binary-consensus.go:410: RECEIVE j=0 flag=0 r=1 est={0} aux={0}
INFO: 20:43:57.263007 self-stabilizing-binary-consensus.go:427: est[1][0]={0 1} aux[1][0]={0}
INFO: 20:43:57.266560 self-stabilizing-binary-consensus.go:410: RECEIVE j=0 flag=1 r=1 est={0 1} aux={0}
INFO: 20:43:57.266604 self-stabilizing-binary-consensus.go:427: est[1][0]={0 1} aux[1][0]={0}
INFO: 20:43:57.269999 self-stabilizing-binary-consensus.go:434: SEND flag=0 r=1 est={1} aux={0}
INFO: 20:43:57.270199 self-stabilizing-binary-consensus.go:410: RECEIVE j=1 flag=0 r=1 est={0} aux={1}
INFO: 20:43:57.270242 self-stabilizing-binary-consensus.go:427: est[1][1]={0 1} aux[1][1]={1}
INFO: 20:43:57.270917 self-stabilizing-binary-consensus.go:410: RECEIVE j=1 flag=0 r=1 est={0} aux={1}
INFO: 20:43:57.270949 self-stabilizing-binary-consensus.go:427: est[1][1]={0 1} aux[1][1]={1}
INFO: 20:43:57.271883 self-stabilizing-binary-consensus.go:410: RECEIVE j=2 flag=0 r=1 est={1} aux={0}
INFO: 20:43:57.271909 self-stabilizing-binary-consensus.go:427: est[1][2]={0 1} aux[1][2]={0}
INFO: 20:43:57.275506 self-stabilizing-binary-consensus.go:410: RECEIVE j=1 flag=0 r=1 est={0} aux={1}
INFO: 20:43:57.275523 self-stabilizing-binary-consensus.go:427: est[1][1]={0 1} aux[1][1]={1}
INFO: 20:44:02.252696 self-stabilizing-binary-consensus.go:410: RECEIVE j=2 flag=1 r=1 est={0 1} aux={0}
INFO: 20:44:02.252752 self-stabilizing-binary-consensus.go:427: est[1][2]={0 1} aux[1][2]={0}
INFO: 20:44:02.256135 self-stabilizing-binary-consensus.go:148: infoResults()={}
INFO: 20:44:02.256341 self-stabilizing-binary-consensus.go:90: round=1 repeat=17
INFO: 20:44:02.256373 self-stabilizing-binary-consensus.go:127: binValues(1,3)={0 1} w=0
INFO: 20:44:02.259706 self-stabilizing-binary-consensus.go:434: SEND flag=0 r=1 est={1} aux={0}
INFO: 20:44:02.264034 self-stabilizing-binary-consensus.go:410: RECEIVE j=0 flag=0 r=1 est={0} aux={0}
INFO: 20:44:02.264403 self-stabilizing-binary-consensus.go:427: est[1][0]={0 1} aux[1][0]={0}
INFO: 20:44:02.267262 self-stabilizing-binary-consensus.go:142: binValues(1,2)={0 1} w=0
INFO: 20:44:02.267305 self-stabilizing-binary-consensus.go:143: SEND flag=1 r=1 est={0 1} aux={0}
INFO: 20:44:02.268217 self-stabilizing-binary-consensus.go:410: RECEIVE j=1 flag=0 r=1 est={0} aux={1}
INFO: 20:44:02.268256 self-stabilizing-binary-consensus.go:427: est[1][1]={0 1} aux[1][1]={1}
INFO: 20:44:02.271829 self-stabilizing-binary-consensus.go:410: RECEIVE j=0 flag=1 r=1 est={0 1} aux={0}
INFO: 20:44:02.272333 self-stabilizing-binary-consensus.go:427: est[1][0]={0 1} aux[1][0]={0}
INFO: 20:44:02.274489 self-stabilizing-binary-consensus.go:434: SEND flag=0 r=1 est={1} aux={0}
INFO: 20:44:02.276733 self-stabilizing-binary-consensus.go:410: RECEIVE j=0 flag=0 r=1 est={0} aux={0}
INFO: 20:44:02.276768 self-stabilizing-binary-consensus.go:427: est[1][0]={0 1} aux[1][0]={0}
INFO: 20:44:02.276967 self-stabilizing-binary-consensus.go:410: RECEIVE j=1 flag=0 r=1 est={0} aux={1}
INFO: 20:44:02.277012 self-stabilizing-binary-consensus.go:427: est[1][1]={0 1} aux[1][1]={1}
INFO: 20:44:02.280587 self-stabilizing-binary-consensus.go:410: RECEIVE j=2 flag=0 r=1 est={1} aux={0}
INFO: 20:44:02.280629 self-stabilizing-binary-consensus.go:427: est[1][2]={0 1} aux[1][2]={0}
INFO: 20:44:02.281932 self-stabilizing-binary-consensus.go:410: RECEIVE j=1 flag=0 r=1 est={0} aux={1}
INFO: 20:44:02.281988 self-stabilizing-binary-consensus.go:427: est[1][1]={0 1} aux[1][1]={1}
INFO: 20:44:02.283123 self-stabilizing-binary-consensus.go:410: RECEIVE j=2 flag=0 r=1 est={1} aux={0}
INFO: 20:44:02.283210 self-stabilizing-binary-consensus.go:427: est[1][2]={0 1} aux[1][2]={0}
INFO: 20:44:07.257489 self-stabilizing-binary-consensus.go:410: RECEIVE j=2 flag=1 r=1 est={0 1} aux={0}
INFO: 20:44:07.257604 self-stabilizing-binary-consensus.go:427: est[1][2]={0 1} aux[1][2]={0}
INFO: 20:44:07.263142 self-stabilizing-binary-consensus.go:434: SEND flag=0 r=1 est={1} aux={0}
INFO: 20:44:07.267436 self-stabilizing-binary-consensus.go:148: infoResults()={}
INFO: 20:44:07.267496 self-stabilizing-binary-consensus.go:90: round=1 repeat=18
INFO: 20:44:07.267512 self-stabilizing-binary-consensus.go:127: binValues(1,3)={0 1} w=0
INFO: 20:44:07.269663 self-stabilizing-binary-consensus.go:410: RECEIVE j=0 flag=0 r=1 est={0} aux={0}
INFO: 20:44:07.269716 self-stabilizing-binary-consensus.go:427: est[1][0]={0 1} aux[1][0]={0}
INFO: 20:44:07.269926 self-stabilizing-binary-consensus.go:410: RECEIVE j=1 flag=0 r=1 est={0} aux={1}
INFO: 20:44:07.269961 self-stabilizing-binary-consensus.go:427: est[1][1]={0 1} aux[1][1]={1}
INFO: 20:44:07.270054 self-stabilizing-binary-consensus.go:142: binValues(1,2)={0 1} w=0
INFO: 20:44:07.270094 self-stabilizing-binary-consensus.go:143: SEND flag=1 r=1 est={0 1} aux={0}
INFO: 20:44:07.279273 self-stabilizing-binary-consensus.go:410: RECEIVE j=1 flag=0 r=1 est={0} aux={1}
INFO: 20:44:07.279397 self-stabilizing-binary-consensus.go:427: est[1][1]={0 1} aux[1][1]={1}
INFO: 20:44:07.283973 self-stabilizing-binary-consensus.go:410: RECEIVE j=0 flag=0 r=1 est={0} aux={0}
INFO: 20:44:07.283991 self-stabilizing-binary-consensus.go:427: est[1][0]={0 1} aux[1][0]={0}
INFO: 20:44:07.284484 self-stabilizing-binary-consensus.go:410: RECEIVE j=0 flag=1 r=1 est={0 1} aux={0}
INFO: 20:44:07.284519 self-stabilizing-binary-consensus.go:427: est[1][0]={0 1} aux[1][0]={0}
INFO: 20:44:07.289927 self-stabilizing-binary-consensus.go:434: SEND flag=0 r=1 est={1} aux={0}
INFO: 20:44:07.293268 self-stabilizing-binary-consensus.go:410: RECEIVE j=2 flag=0 r=1 est={1} aux={0}
INFO: 20:44:07.293297 self-stabilizing-binary-consensus.go:427: est[1][2]={0 1} aux[1][2]={0}
INFO: 20:44:07.294850 self-stabilizing-binary-consensus.go:410: RECEIVE j=1 flag=0 r=1 est={0} aux={1}
INFO: 20:44:07.294884 self-stabilizing-binary-consensus.go:427: est[1][1]={0 1} aux[1][1]={1}
INFO: 20:44:07.295536 self-stabilizing-binary-consensus.go:410: RECEIVE j=2 flag=0 r=1 est={1} aux={0}
INFO: 20:44:07.295573 self-stabilizing-binary-consensus.go:427: est[1][2]={0 1} aux[1][2]={0}
INFO: 20:44:12.260914 self-stabilizing-binary-consensus.go:410: RECEIVE j=2 flag=1 r=1 est={0 1} aux={0}
INFO: 20:44:12.260969 self-stabilizing-binary-consensus.go:427: est[1][2]={0 1} aux[1][2]={0}
INFO: 20:44:12.262652 self-stabilizing-binary-consensus.go:434: SEND flag=0 r=1 est={1} aux={0}
INFO: 20:44:12.263185 self-stabilizing-binary-consensus.go:410: RECEIVE j=0 flag=0 r=1 est={0} aux={0}
INFO: 20:44:12.263228 self-stabilizing-binary-consensus.go:427: est[1][0]={0 1} aux[1][0]={0}
INFO: 20:44:12.270952 self-stabilizing-binary-consensus.go:148: infoResults()={}
INFO: 20:44:12.271060 self-stabilizing-binary-consensus.go:90: round=1 repeat=19
INFO: 20:44:12.271091 self-stabilizing-binary-consensus.go:127: binValues(1,3)={0 1} w=0
INFO: 20:44:12.273158 self-stabilizing-binary-consensus.go:142: binValues(1,2)={0 1} w=0
INFO: 20:44:12.273524 self-stabilizing-binary-consensus.go:143: SEND flag=1 r=1 est={0 1} aux={0}
INFO: 20:44:12.273459 self-stabilizing-binary-consensus.go:410: RECEIVE j=1 flag=0 r=1 est={0} aux={1}
INFO: 20:44:12.273591 self-stabilizing-binary-consensus.go:427: est[1][1]={0 1} aux[1][1]={1}
INFO: 20:44:12.275919 self-stabilizing-binary-consensus.go:410: RECEIVE j=0 flag=0 r=1 est={0} aux={0}
INFO: 20:44:12.275944 self-stabilizing-binary-consensus.go:427: est[1][0]={0 1} aux[1][0]={0}
INFO: 20:44:12.277459 self-stabilizing-binary-consensus.go:410: RECEIVE j=1 flag=0 r=1 est={0} aux={1}
INFO: 20:44:12.278132 self-stabilizing-binary-consensus.go:427: est[1][1]={0 1} aux[1][1]={1}
INFO: 20:44:12.282814 self-stabilizing-binary-consensus.go:410: RECEIVE j=2 flag=0 r=1 est={1} aux={0}
INFO: 20:44:12.282835 self-stabilizing-binary-consensus.go:427: est[1][2]={0 1} aux[1][2]={0}
INFO: 20:44:12.288980 self-stabilizing-binary-consensus.go:410: RECEIVE j=0 flag=1 r=1 est={0 1} aux={0}
INFO: 20:44:12.289040 self-stabilizing-binary-consensus.go:427: est[1][0]={0 1} aux[1][0]={0}
INFO: 20:44:12.290707 self-stabilizing-binary-consensus.go:434: SEND flag=0 r=1 est={1} aux={0}
INFO: 20:44:12.293906 self-stabilizing-binary-consensus.go:410: RECEIVE j=2 flag=0 r=1 est={1} aux={0}
INFO: 20:44:12.293937 self-stabilizing-binary-consensus.go:427: est[1][2]={0 1} aux[1][2]={0}
INFO: 20:44:12.296760 self-stabilizing-binary-consensus.go:410: RECEIVE j=1 flag=0 r=1 est={0} aux={1}
INFO: 20:44:12.296777 self-stabilizing-binary-consensus.go:427: est[1][1]={0 1} aux[1][1]={1}
