INFO: 20:57:25.354972 main.go:29: ID:3 | N:4 | F:1 | Clients:1 | Scenario:NORMAL | Remote:false

INFO: 20:57:25.355505 messenger.go:90: Receive from Server 0 on tcp://*:4300
INFO: 20:57:25.355693 messenger.go:107: Send to Server 0 on tcp://localhost:4003
INFO: 20:57:25.355776 messenger.go:90: Receive from Server 1 on tcp://*:4301
INFO: 20:57:25.355841 messenger.go:107: Send to Server 1 on tcp://localhost:4103
INFO: 20:57:25.355909 messenger.go:90: Receive from Server 2 on tcp://*:4302
INFO: 20:57:25.355973 messenger.go:107: Send to Server 2 on tcp://localhost:4203
INFO: 20:57:25.356011 messenger.go:113: -----------------------------------------
INFO: 20:57:25.356073 messenger.go:135: Requests from Client 0 on tcp://*:7300
INFO: 20:57:25.356163 messenger.go:152: Response to Client 0 on tcp://*:10300
INFO: 20:57:25.356207 messenger.go:155: -----------------------------------------

INFO: 20:57:25.359392 main.go:83: Initial estimate value:  1
INFO: 20:57:25.359476 self-stabilizing-binary-consensus.go:93: round=1 repeat=1
INFO: 20:57:25.359506 self-stabilizing-binary-consensus.go:200: binValues(1,3)={}
INFO: 20:57:25.359515 self-stabilizing-binary-consensus.go:200: binValues(1,2)={}
INFO: 20:57:25.361588 self-stabilizing-binary-consensus.go:141: SEND flag=1 r=1 est={1} aux={}
INFO: 20:57:25.365839 self-stabilizing-binary-consensus.go:431: RECEIVE j=2 flag=1 r=1 est={1} aux={}
INFO: 20:57:25.365960 self-stabilizing-binary-consensus.go:433: est[1][2]={1} aux[1][2]={}
INFO: 20:57:25.521079 self-stabilizing-binary-consensus.go:441: SEND flag=0 r=1 est={1} aux={}
INFO: 20:57:25.521132 self-stabilizing-binary-consensus.go:431: RECEIVE j=1 flag=1 r=1 est={0} aux={}
INFO: 20:57:25.521142 self-stabilizing-binary-consensus.go:433: est[1][1]={0} aux[1][1]={}
INFO: 20:57:25.524542 self-stabilizing-binary-consensus.go:441: SEND flag=0 r=1 est={1} aux={}
INFO: 20:57:25.525237 self-stabilizing-binary-consensus.go:431: RECEIVE j=1 flag=0 r=1 est={0} aux={}
INFO: 20:57:25.525278 self-stabilizing-binary-consensus.go:433: est[1][1]={0} aux[1][1]={}
INFO: 20:57:25.525289 self-stabilizing-binary-consensus.go:431: RECEIVE j=1 flag=0 r=1 est={0} aux={}
INFO: 20:57:25.525294 self-stabilizing-binary-consensus.go:433: est[1][1]={0} aux[1][1]={}
INFO: 20:57:25.528850 self-stabilizing-binary-consensus.go:431: RECEIVE j=1 flag=0 r=1 est={0} aux={}
INFO: 20:57:25.528899 self-stabilizing-binary-consensus.go:433: est[1][1]={0} aux[1][1]={}
INFO: 20:57:25.529446 self-stabilizing-binary-consensus.go:431: RECEIVE j=2 flag=0 r=1 est={1} aux={}
INFO: 20:57:25.529517 self-stabilizing-binary-consensus.go:433: est[1][2]={1} aux[1][2]={}
INFO: 20:57:25.529700 self-stabilizing-binary-consensus.go:431: RECEIVE j=0 flag=1 r=1 est={0} aux={}
INFO: 20:57:25.529743 self-stabilizing-binary-consensus.go:433: est[1][0]={0} aux[1][0]={}
INFO: 20:57:25.531652 self-stabilizing-binary-consensus.go:441: SEND flag=0 r=1 est={1} aux={}
INFO: 20:57:25.532193 self-stabilizing-binary-consensus.go:431: RECEIVE j=0 flag=0 r=1 est={0} aux={}
INFO: 20:57:25.532227 self-stabilizing-binary-consensus.go:433: est[1][0]={0} aux[1][0]={}
INFO: 20:57:25.535586 self-stabilizing-binary-consensus.go:431: RECEIVE j=0 flag=0 r=1 est={0} aux={}
INFO: 20:57:25.535676 self-stabilizing-binary-consensus.go:433: est[1][0]={0} aux[1][0]={}
INFO: 20:57:25.536653 self-stabilizing-binary-consensus.go:431: RECEIVE j=0 flag=0 r=1 est={0} aux={}
INFO: 20:57:25.536706 self-stabilizing-binary-consensus.go:433: est[1][0]={0} aux[1][0]={}
INFO: 20:57:25.538262 self-stabilizing-binary-consensus.go:431: RECEIVE j=2 flag=0 r=1 est={1} aux={}
INFO: 20:57:25.538296 self-stabilizing-binary-consensus.go:433: est[1][2]={1} aux[1][2]={}
INFO: 20:57:25.538858 self-stabilizing-binary-consensus.go:431: RECEIVE j=2 flag=0 r=1 est={1} aux={}
INFO: 20:57:25.538968 self-stabilizing-binary-consensus.go:433: est[1][2]={1} aux[1][2]={}
INFO: 20:57:26.359544 self-stabilizing-binary-consensus.go:431: RECEIVE j=0 flag=1 r=1 est={0 1} aux={}
INFO: 20:57:26.359580 self-stabilizing-binary-consensus.go:433: est[1][0]={0 1} aux[1][0]={}
INFO: 20:57:26.361477 self-stabilizing-binary-consensus.go:441: SEND flag=0 r=1 est={1} aux={}
INFO: 20:57:26.361823 self-stabilizing-binary-consensus.go:200: binValues(1,3)={}
INFO: 20:57:26.361838 self-stabilizing-binary-consensus.go:225: infoResults()={}
INFO: 20:57:26.361843 self-stabilizing-binary-consensus.go:93: round=1 repeat=2
INFO: 20:57:26.361848 self-stabilizing-binary-consensus.go:200: binValues(1,3)={}
INFO: 20:57:26.361852 self-stabilizing-binary-consensus.go:200: binValues(1,2)={0 1}
INFO: 20:57:26.364847 self-stabilizing-binary-consensus.go:141: SEND flag=1 r=1 est={0 1} aux={}
INFO: 20:57:26.365889 self-stabilizing-binary-consensus.go:431: RECEIVE j=1 flag=0 r=1 est={0} aux={}
INFO: 20:57:26.365933 self-stabilizing-binary-consensus.go:433: est[1][1]={0} aux[1][1]={}
INFO: 20:57:26.367712 self-stabilizing-binary-consensus.go:431: RECEIVE j=2 flag=0 r=1 est={1} aux={}
INFO: 20:57:26.367781 self-stabilizing-binary-consensus.go:433: est[1][2]={1} aux[1][2]={}
INFO: 20:57:26.369700 self-stabilizing-binary-consensus.go:431: RECEIVE j=2 flag=0 r=1 est={1} aux={}
INFO: 20:57:26.369752 self-stabilizing-binary-consensus.go:433: est[1][2]={1} aux[1][2]={}
INFO: 20:57:26.370578 self-stabilizing-binary-consensus.go:431: RECEIVE j=0 flag=0 r=1 est={0} aux={}
INFO: 20:57:26.371142 self-stabilizing-binary-consensus.go:433: est[1][0]={0 1} aux[1][0]={}
INFO: 20:57:26.371167 self-stabilizing-binary-consensus.go:431: RECEIVE j=1 flag=0 r=1 est={0} aux={}
INFO: 20:57:26.371174 self-stabilizing-binary-consensus.go:433: est[1][1]={0} aux[1][1]={}
INFO: 20:57:26.374068 self-stabilizing-binary-consensus.go:431: RECEIVE j=1 flag=1 r=1 est={0 1} aux={1}
INFO: 20:57:26.374114 self-stabilizing-binary-consensus.go:433: est[1][1]={0 1} aux[1][1]={1}
INFO: 20:57:26.375839 self-stabilizing-binary-consensus.go:441: SEND flag=0 r=1 est={1} aux={}
INFO: 20:57:26.376883 self-stabilizing-binary-consensus.go:431: RECEIVE j=0 flag=0 r=1 est={0} aux={}
INFO: 20:57:26.376936 self-stabilizing-binary-consensus.go:433: est[1][0]={0 1} aux[1][0]={}
INFO: 20:57:26.378100 self-stabilizing-binary-consensus.go:431: RECEIVE j=2 flag=1 r=1 est={0 1} aux={}
INFO: 20:57:26.378159 self-stabilizing-binary-consensus.go:433: est[1][2]={0 1} aux[1][2]={}
INFO: 20:57:26.382187 self-stabilizing-binary-consensus.go:441: SEND flag=0 r=1 est={1} aux={}
INFO: 20:57:26.383613 self-stabilizing-binary-consensus.go:431: RECEIVE j=0 flag=0 r=1 est={0} aux={}
INFO: 20:57:26.383673 self-stabilizing-binary-consensus.go:433: est[1][0]={0 1} aux[1][0]={}
INFO: 20:57:26.383968 self-stabilizing-binary-consensus.go:431: RECEIVE j=1 flag=0 r=1 est={0} aux={1}
INFO: 20:57:26.384120 self-stabilizing-binary-consensus.go:433: est[1][1]={0 1} aux[1][1]={1}
INFO: 20:57:26.385270 self-stabilizing-binary-consensus.go:431: RECEIVE j=2 flag=0 r=1 est={1} aux={}
INFO: 20:57:26.385307 self-stabilizing-binary-consensus.go:433: est[1][2]={0 1} aux[1][2]={}
INFO: 20:57:27.365022 self-stabilizing-binary-consensus.go:200: binValues(1,3)={0 1}
INFO: 20:57:27.365062 self-stabilizing-binary-consensus.go:225: infoResults()={}
INFO: 20:57:27.365071 self-stabilizing-binary-consensus.go:93: round=1 repeat=3
INFO: 20:57:27.365080 self-stabilizing-binary-consensus.go:200: binValues(1,3)={0 1}
INFO: 20:57:27.365094 self-stabilizing-binary-consensus.go:132: aux[1][3]=0
INFO: 20:57:27.365124 self-stabilizing-binary-consensus.go:200: binValues(1,2)={0 1}
INFO: 20:57:27.366729 self-stabilizing-binary-consensus.go:431: RECEIVE j=0 flag=1 r=1 est={0 1} aux={0}
INFO: 20:57:27.366760 self-stabilizing-binary-consensus.go:433: est[1][0]={0 1} aux[1][0]={0}
INFO: 20:57:27.366911 self-stabilizing-binary-consensus.go:141: SEND flag=1 r=1 est={0 1} aux={0}
INFO: 20:57:27.374019 self-stabilizing-binary-consensus.go:441: SEND flag=0 r=1 est={1} aux={0}
INFO: 20:57:27.374076 self-stabilizing-binary-consensus.go:431: RECEIVE j=1 flag=0 r=1 est={0} aux={1}
INFO: 20:57:27.374098 self-stabilizing-binary-consensus.go:433: est[1][1]={0 1} aux[1][1]={1}
INFO: 20:57:27.374117 self-stabilizing-binary-consensus.go:431: RECEIVE j=0 flag=0 r=1 est={0} aux={0}
INFO: 20:57:27.374142 self-stabilizing-binary-consensus.go:433: est[1][0]={0 1} aux[1][0]={0}
INFO: 20:57:27.374161 self-stabilizing-binary-consensus.go:431: RECEIVE j=1 flag=0 r=1 est={0} aux={1}
INFO: 20:57:27.374179 self-stabilizing-binary-consensus.go:433: est[1][1]={0 1} aux[1][1]={1}
INFO: 20:57:27.376366 self-stabilizing-binary-consensus.go:431: RECEIVE j=1 flag=1 r=1 est={0 1} aux={1}
INFO: 20:57:27.376437 self-stabilizing-binary-consensus.go:433: est[1][1]={0 1} aux[1][1]={1}
INFO: 20:57:27.380934 self-stabilizing-binary-consensus.go:441: SEND flag=0 r=1 est={1} aux={0}
INFO: 20:57:27.380975 self-stabilizing-binary-consensus.go:431: RECEIVE j=0 flag=0 r=1 est={0} aux={0}
INFO: 20:57:27.380983 self-stabilizing-binary-consensus.go:433: est[1][0]={0 1} aux[1][0]={0}
INFO: 20:57:27.382895 self-stabilizing-binary-consensus.go:431: RECEIVE j=2 flag=0 r=1 est={1} aux={}
INFO: 20:57:27.382922 self-stabilizing-binary-consensus.go:433: est[1][2]={0 1} aux[1][2]={}
INFO: 20:57:27.383202 self-stabilizing-binary-consensus.go:431: RECEIVE j=2 flag=1 r=1 est={0 1} aux={0}
INFO: 20:57:27.383246 self-stabilizing-binary-consensus.go:433: est[1][2]={0 1} aux[1][2]={0}
INFO: 20:57:27.385050 self-stabilizing-binary-consensus.go:441: SEND flag=0 r=1 est={1} aux={0}
INFO: 20:57:27.385694 self-stabilizing-binary-consensus.go:431: RECEIVE j=1 flag=0 r=1 est={0} aux={1}
INFO: 20:57:27.385735 self-stabilizing-binary-consensus.go:433: est[1][1]={0 1} aux[1][1]={1}
INFO: 20:57:27.387797 self-stabilizing-binary-consensus.go:431: RECEIVE j=2 flag=0 r=1 est={1} aux={0}
INFO: 20:57:27.387871 self-stabilizing-binary-consensus.go:433: est[1][2]={0 1} aux[1][2]={0}
INFO: 20:57:27.388881 self-stabilizing-binary-consensus.go:431: RECEIVE j=0 flag=0 r=1 est={0} aux={0}
INFO: 20:57:27.389074 self-stabilizing-binary-consensus.go:433: est[1][0]={0 1} aux[1][0]={0}
INFO: 20:57:27.391570 self-stabilizing-binary-consensus.go:431: RECEIVE j=2 flag=0 r=1 est={1} aux={0}
INFO: 20:57:27.391626 self-stabilizing-binary-consensus.go:433: est[1][2]={0 1} aux[1][2]={0}
INFO: 20:57:28.367708 self-stabilizing-binary-consensus.go:200: binValues(1,3)={0 1}
INFO: 20:57:28.367861 self-stabilizing-binary-consensus.go:225: infoResults()={0}
INFO: 20:57:28.368153 self-stabilizing-binary-consensus.go:200: binValues(1,3)={0 1}
INFO: 20:57:28.368207 self-stabilizing-binary-consensus.go:225: infoResults()={0}
INFO: 20:57:28.368217 self-stabilizing-binary-consensus.go:256: randomBit(1)=0
INFO: 20:57:28.368226 self-stabilizing-binary-consensus.go:249: decision=0
INFO: 20:57:28.368312 self-stabilizing-binary-consensus.go:200: binValues(11,2)={}
INFO: 20:57:28.368326 self-stabilizing-binary-consensus.go:93: round=11 repeat=1
INFO: 20:57:28.368334 self-stabilizing-binary-consensus.go:200: binValues(11,3)={}
INFO: 20:57:28.368340 self-stabilizing-binary-consensus.go:200: binValues(11,2)={}
INFO: 20:57:28.371623 self-stabilizing-binary-consensus.go:431: RECEIVE j=0 flag=1 r=11 est={0} aux={0}
INFO: 20:57:28.371858 self-stabilizing-binary-consensus.go:433: est[11][0]={0} aux[11][0]={0}
INFO: 20:57:28.372357 self-stabilizing-binary-consensus.go:141: SEND flag=1 r=11 est={0} aux={0}
INFO: 20:57:28.374937 self-stabilizing-binary-consensus.go:441: SEND flag=0 r=11 est={0} aux={0}
INFO: 20:57:28.385701 self-stabilizing-binary-consensus.go:431: RECEIVE j=1 flag=0 r=11 est={0} aux={0}
INFO: 20:57:28.385927 self-stabilizing-binary-consensus.go:433: est[11][1]={0} aux[11][1]={0}
INFO: 20:57:28.390394 self-stabilizing-binary-consensus.go:431: RECEIVE j=1 flag=0 r=11 est={0} aux={0}
INFO: 20:57:28.390516 self-stabilizing-binary-consensus.go:433: est[11][1]={0} aux[11][1]={0}
INFO: 20:57:28.391015 self-stabilizing-binary-consensus.go:431: RECEIVE j=2 flag=0 r=11 est={0} aux={0}
INFO: 20:57:28.391047 self-stabilizing-binary-consensus.go:433: est[11][2]={0} aux[11][2]={0}
INFO: 20:57:28.392899 self-stabilizing-binary-consensus.go:431: RECEIVE j=1 flag=1 r=11 est={0} aux={0}
INFO: 20:57:28.393021 self-stabilizing-binary-consensus.go:433: est[11][1]={0} aux[11][1]={0}
INFO: 20:57:28.399458 self-stabilizing-binary-consensus.go:441: SEND flag=0 r=11 est={0} aux={0}
INFO: 20:57:28.400014 self-stabilizing-binary-consensus.go:431: RECEIVE j=0 flag=0 r=11 est={0} aux={0}
INFO: 20:57:28.400038 self-stabilizing-binary-consensus.go:433: est[11][0]={0} aux[11][0]={0}
INFO: 20:57:28.400048 self-stabilizing-binary-consensus.go:431: RECEIVE j=2 flag=0 r=11 est={0} aux={0}
INFO: 20:57:28.400053 self-stabilizing-binary-consensus.go:433: est[11][2]={0} aux[11][2]={0}
INFO: 20:57:28.401136 self-stabilizing-binary-consensus.go:431: RECEIVE j=2 flag=1 r=11 est={0} aux={0}
INFO: 20:57:28.401300 self-stabilizing-binary-consensus.go:433: est[11][2]={0} aux[11][2]={0}
INFO: 20:57:28.403415 self-stabilizing-binary-consensus.go:441: SEND flag=0 r=11 est={0} aux={0}
INFO: 20:57:28.403750 self-stabilizing-binary-consensus.go:431: RECEIVE j=2 flag=0 r=11 est={0} aux={0}
INFO: 20:57:28.403827 self-stabilizing-binary-consensus.go:433: est[11][2]={0} aux[11][2]={0}
INFO: 20:57:28.407143 self-stabilizing-binary-consensus.go:431: RECEIVE j=1 flag=0 r=11 est={0} aux={0}
INFO: 20:57:28.407298 self-stabilizing-binary-consensus.go:433: est[11][1]={0} aux[11][1]={0}
INFO: 20:57:28.410351 self-stabilizing-binary-consensus.go:431: RECEIVE j=0 flag=0 r=11 est={0} aux={0}
INFO: 20:57:28.410450 self-stabilizing-binary-consensus.go:433: est[11][0]={0} aux[11][0]={0}
INFO: 20:57:28.414005 self-stabilizing-binary-consensus.go:431: RECEIVE j=0 flag=0 r=11 est={0} aux={0}
INFO: 20:57:28.414113 self-stabilizing-binary-consensus.go:433: est[11][0]={0} aux[11][0]={0}
INFO: 20:57:29.372890 self-stabilizing-binary-consensus.go:200: binValues(11,3)={0}
INFO: 20:57:29.372986 self-stabilizing-binary-consensus.go:225: infoResults()={0}
INFO: 20:57:29.373002 self-stabilizing-binary-consensus.go:200: binValues(11,3)={0}
INFO: 20:57:29.373120 self-stabilizing-binary-consensus.go:225: infoResults()={0}
INFO: 20:57:29.373151 self-stabilizing-binary-consensus.go:256: randomBit(11)=0
INFO: 20:57:29.373162 self-stabilizing-binary-consensus.go:249: decision=0
INFO: 20:57:29.373175 self-stabilizing-binary-consensus.go:200: binValues(11,2)={0}
INFO: 20:57:29.373182 self-stabilizing-binary-consensus.go:249: decision=0
INFO: 20:57:29.373194 self-stabilizing-binary-consensus.go:93: round=11 repeat=1
INFO: 20:57:29.373220 self-stabilizing-binary-consensus.go:200: binValues(11,3)={0}
INFO: 20:57:29.373232 self-stabilizing-binary-consensus.go:200: binValues(11,2)={0}
INFO: 20:57:29.376882 self-stabilizing-binary-consensus.go:141: SEND flag=1 r=11 est={0} aux={0}
INFO: 20:57:29.381093 self-stabilizing-binary-consensus.go:431: RECEIVE j=0 flag=1 r=11 est={0} aux={0}
INFO: 20:57:29.381168 self-stabilizing-binary-consensus.go:433: est[11][0]={0} aux[11][0]={0}
INFO: 20:57:29.383491 self-stabilizing-binary-consensus.go:431: RECEIVE j=2 flag=0 r=11 est={0} aux={0}
INFO: 20:57:29.383557 self-stabilizing-binary-consensus.go:433: est[11][2]={0} aux[11][2]={0}
INFO: 20:57:29.384237 self-stabilizing-binary-consensus.go:431: RECEIVE j=1 flag=0 r=11 est={0} aux={0}
INFO: 20:57:29.384298 self-stabilizing-binary-consensus.go:433: est[11][1]={0} aux[11][1]={0}
INFO: 20:57:29.388848 self-stabilizing-binary-consensus.go:441: SEND flag=0 r=11 est={0} aux={0}
INFO: 20:57:29.391269 self-stabilizing-binary-consensus.go:431: RECEIVE j=0 flag=0 r=11 est={0} aux={0}
INFO: 20:57:29.392721 self-stabilizing-binary-consensus.go:433: est[11][0]={0} aux[11][0]={0}
INFO: 20:57:29.396688 self-stabilizing-binary-consensus.go:431: RECEIVE j=2 flag=0 r=11 est={0} aux={0}
INFO: 20:57:29.397010 self-stabilizing-binary-consensus.go:433: est[11][2]={0} aux[11][2]={0}
INFO: 20:57:29.398570 self-stabilizing-binary-consensus.go:431: RECEIVE j=1 flag=0 r=11 est={0} aux={0}
INFO: 20:57:29.398606 self-stabilizing-binary-consensus.go:433: est[11][1]={0} aux[11][1]={0}
INFO: 20:57:29.405087 self-stabilizing-binary-consensus.go:431: RECEIVE j=1 flag=1 r=11 est={0} aux={0}
INFO: 20:57:29.405142 self-stabilizing-binary-consensus.go:433: est[11][1]={0} aux[11][1]={0}
INFO: 20:57:29.406723 self-stabilizing-binary-consensus.go:431: RECEIVE j=0 flag=0 r=11 est={0} aux={0}
INFO: 20:57:29.408610 self-stabilizing-binary-consensus.go:433: est[11][0]={0} aux[11][0]={0}
INFO: 20:57:29.408660 self-stabilizing-binary-consensus.go:431: RECEIVE j=2 flag=1 r=11 est={0} aux={0}
INFO: 20:57:29.408670 self-stabilizing-binary-consensus.go:433: est[11][2]={0} aux[11][2]={0}
INFO: 20:57:29.410821 self-stabilizing-binary-consensus.go:441: SEND flag=0 r=11 est={0} aux={0}
INFO: 20:57:29.415162 self-stabilizing-binary-consensus.go:431: RECEIVE j=1 flag=0 r=11 est={0} aux={0}
INFO: 20:57:29.415623 self-stabilizing-binary-consensus.go:433: est[11][1]={0} aux[11][1]={0}
INFO: 20:57:29.417183 self-stabilizing-binary-consensus.go:431: RECEIVE j=2 flag=0 r=11 est={0} aux={0}
INFO: 20:57:29.417247 self-stabilizing-binary-consensus.go:433: est[11][2]={0} aux[11][2]={0}
INFO: 20:57:29.418075 self-stabilizing-binary-consensus.go:441: SEND flag=0 r=11 est={0} aux={0}
INFO: 20:57:29.419436 self-stabilizing-binary-consensus.go:431: RECEIVE j=0 flag=0 r=11 est={0} aux={0}
INFO: 20:57:29.419507 self-stabilizing-binary-consensus.go:433: est[11][0]={0} aux[11][0]={0}
INFO: 20:57:30.360751 self-stabilizing-multivalued-consensus.go:18: Successful decide
