INFO: 01:54:03.456195 main.go:29: ID:3 | N:4 | F:1 | Clients:1 | Scenario:NORMAL | Remote:false

INFO: 01:54:03.456536 messenger.go:91: Receive from Server 0 on tcp://*:4300
INFO: 01:54:03.456699 messenger.go:108: Send to Server 0 on tcp://localhost:4003
INFO: 01:54:03.456752 messenger.go:91: Receive from Server 1 on tcp://*:4301
INFO: 01:54:03.456797 messenger.go:108: Send to Server 1 on tcp://localhost:4103
INFO: 01:54:03.456855 messenger.go:91: Receive from Server 2 on tcp://*:4302
INFO: 01:54:03.456901 messenger.go:108: Send to Server 2 on tcp://localhost:4203
INFO: 01:54:03.456920 messenger.go:114: -----------------------------------------
INFO: 01:54:03.456952 messenger.go:136: Requests from Client 0 on tcp://*:7300
INFO: 01:54:03.456996 messenger.go:153: Response to Client 0 on tcp://*:10300
INFO: 01:54:03.457017 messenger.go:156: -----------------------------------------

INFO: 01:54:03.463850 main.go:83: Initial estimate value:  1
INFO: 01:54:03.463927 binary_consensus.go:23: 4.BC: bcid-1 round-1
INFO: 01:54:03.474852 binary_consensus.go:121: SEND EST 1
INFO: 01:54:03.482101 messenger.go:286: SENT BVB j=0 v=1
INFO: 01:54:03.498150 messenger.go:394: RECEIVED BVB j=1 v=1
INFO: 01:54:03.498275 binary_consensus.go:137: map[0:0 1:2]
INFO: 01:54:03.499631 messenger.go:394: RECEIVED BVB j=2 v=0
INFO: 01:54:03.510673 binary_consensus.go:137: map[0:1 1:2]
INFO: 01:54:03.598980 messenger.go:286: SENT BVB j=2 v=1
INFO: 01:54:03.621543 messenger.go:286: SENT BVB j=1 v=1
INFO: 01:54:03.621814 messenger.go:394: RECEIVED BVB j=2 v=1
INFO: 01:54:03.621852 binary_consensus.go:137: map[0:1 1:3]
INFO: 01:54:03.622414 binary_consensus.go:155: 4.BC: bin_values-[1]
INFO: 01:54:03.632898 messenger.go:286: SENT BC j=2 v=1
INFO: 01:54:03.633495 messenger.go:286: SENT BC j=0 v=1
INFO: 01:54:03.633705 messenger.go:286: SENT BC j=1 v=1
INFO: 01:54:03.634726 messenger.go:394: RECEIVED BVB j=0 v=0
INFO: 01:54:03.634774 binary_consensus.go:137: map[0:2 1:3]
INFO: 01:54:03.642825 messenger.go:418: RECEIVED BC j=1 v=0
INFO: 01:54:03.643121 messenger.go:394: RECEIVED BVB j=0 v=1
INFO: 01:54:03.644370 messenger.go:394: RECEIVED BVB j=0 v=1
INFO: 01:54:03.643338 messenger.go:394: RECEIVED BVB j=1 v=0
INFO: 01:54:03.643629 messenger.go:418: RECEIVED BC j=0 v=1
INFO: 01:54:03.643920 messenger.go:418: RECEIVED BC j=2 v=1
INFO: 01:54:03.644869 binary_consensus.go:77: 4.BC: vals-[1] coin-0
INFO: 01:54:03.644921 binary_consensus.go:23: 7.BC: bcid-1 round-2
INFO: 01:54:03.650373 messenger.go:286: SENT BVB j=1 v=0
INFO: 01:54:03.650855 messenger.go:394: RECEIVED BVB j=2 v=1
INFO: 01:54:03.650927 messenger.go:286: SENT BVB j=0 v=0
INFO: 01:54:03.650977 messenger.go:286: SENT BVB j=2 v=0
INFO: 01:54:03.651468 binary_consensus.go:155: 4.BC: bin_values-[1 0]
INFO: 01:54:03.651511 binary_consensus.go:137: map[0:3 1:4]
INFO: 01:54:03.651658 binary_consensus.go:137: map[0:4 1:4]
INFO: 01:54:03.653652 binary_consensus.go:121: SEND EST 1
INFO: 01:54:03.653717 binary_consensus.go:137: map[0:0 1:2]
INFO: 01:54:03.653746 binary_consensus.go:137: map[0:0 1:3]
INFO: 01:54:03.653765 binary_consensus.go:155: 7.BC: bin_values-[1]
INFO: 01:54:03.654065 messenger.go:286: SENT BVB j=0 v=1
INFO: 01:54:03.654727 messenger.go:286: SENT BVB j=2 v=1
INFO: 01:54:03.655416 messenger.go:394: RECEIVED BVB j=1 v=1
INFO: 01:54:03.655433 binary_consensus.go:137: map[0:0 1:4]
INFO: 01:54:03.657285 messenger.go:286: SENT BC j=0 v=1
INFO: 01:54:03.659507 messenger.go:418: RECEIVED BC j=2 v=1
INFO: 01:54:03.660218 messenger.go:286: SENT BVB j=1 v=1
INFO: 01:54:03.660366 messenger.go:286: SENT BC j=1 v=1
INFO: 01:54:03.660552 messenger.go:286: SENT BC j=2 v=1
INFO: 01:54:03.663426 messenger.go:418: RECEIVED BC j=0 v=1
INFO: 01:54:03.663462 binary_consensus.go:77: 7.BC: vals-[1] coin-1
INFO: 01:54:03.663482 binary_consensus.go:82: 7.BC: decide-1
INFO: 01:54:03.665839 messenger.go:418: RECEIVED BC j=1 v=1
