INFO: 01:41:03.080505 main.go:29: ID:3 | N:10 | F:3 | Clients:1 | Scenario:NORMAL | Remote:false

INFO: 01:41:03.086527 messenger.go:90: Receive from Server 0 on tcp://*:4300
INFO: 01:41:03.088735 messenger.go:107: Send to Server 0 on tcp://localhost:4003
INFO: 01:41:03.088817 messenger.go:90: Receive from Server 1 on tcp://*:4301
INFO: 01:41:03.088862 messenger.go:107: Send to Server 1 on tcp://localhost:4103
INFO: 01:41:03.089263 messenger.go:90: Receive from Server 2 on tcp://*:4302
INFO: 01:41:03.089343 messenger.go:107: Send to Server 2 on tcp://localhost:4203
INFO: 01:41:03.089484 messenger.go:90: Receive from Server 4 on tcp://*:4304
INFO: 01:41:03.089552 messenger.go:107: Send to Server 4 on tcp://localhost:4403
INFO: 01:41:03.089605 messenger.go:90: Receive from Server 5 on tcp://*:4305
INFO: 01:41:03.089670 messenger.go:107: Send to Server 5 on tcp://localhost:4503
INFO: 01:41:03.089719 messenger.go:90: Receive from Server 6 on tcp://*:4306
INFO: 01:41:03.089782 messenger.go:107: Send to Server 6 on tcp://localhost:4603
INFO: 01:41:03.089829 messenger.go:90: Receive from Server 7 on tcp://*:4307
INFO: 01:41:03.089899 messenger.go:107: Send to Server 7 on tcp://localhost:4703
INFO: 01:41:03.089943 messenger.go:90: Receive from Server 8 on tcp://*:4308
INFO: 01:41:03.090024 messenger.go:107: Send to Server 8 on tcp://localhost:4803
INFO: 01:41:03.090071 messenger.go:90: Receive from Server 9 on tcp://*:4309
INFO: 01:41:03.090136 messenger.go:107: Send to Server 9 on tcp://localhost:4903
INFO: 01:41:03.090156 messenger.go:113: -----------------------------------------
INFO: 01:41:03.090190 messenger.go:135: Requests from Client 0 on tcp://*:7300
INFO: 01:41:03.090256 messenger.go:152: Response to Client 0 on tcp://*:10300
INFO: 01:41:03.090281 messenger.go:155: -----------------------------------------

INFO: 01:41:03.093588 main.go:83: Initial estimate value:  0
