INFO: 01:44:09.567685 main.go:29: ID:3 | N:10 | F:3 | Clients:1 | Scenario:NORMAL | Remote:false

INFO: 01:44:09.581387 messenger.go:90: Receive from Server 0 on tcp://*:4300
INFO: 01:44:09.617281 messenger.go:107: Send to Server 0 on tcp://localhost:4003
INFO: 01:44:09.617357 messenger.go:90: Receive from Server 1 on tcp://*:4301
INFO: 01:44:09.617395 messenger.go:107: Send to Server 1 on tcp://localhost:4103
INFO: 01:44:09.617426 messenger.go:90: Receive from Server 2 on tcp://*:4302
INFO: 01:44:09.617450 messenger.go:107: Send to Server 2 on tcp://localhost:4203
INFO: 01:44:09.617473 messenger.go:90: Receive from Server 4 on tcp://*:4304
INFO: 01:44:09.617500 messenger.go:107: Send to Server 4 on tcp://localhost:4403
INFO: 01:44:09.617526 messenger.go:90: Receive from Server 5 on tcp://*:4305
INFO: 01:44:09.617549 messenger.go:107: Send to Server 5 on tcp://localhost:4503
INFO: 01:44:09.618096 messenger.go:90: Receive from Server 6 on tcp://*:4306
INFO: 01:44:09.618155 messenger.go:107: Send to Server 6 on tcp://localhost:4603
INFO: 01:44:09.618345 messenger.go:90: Receive from Server 7 on tcp://*:4307
INFO: 01:44:09.618386 messenger.go:107: Send to Server 7 on tcp://localhost:4703
INFO: 01:44:09.618414 messenger.go:90: Receive from Server 8 on tcp://*:4308
INFO: 01:44:09.618446 messenger.go:107: Send to Server 8 on tcp://localhost:4803
INFO: 01:44:09.618477 messenger.go:90: Receive from Server 9 on tcp://*:4309
INFO: 01:44:09.618500 messenger.go:107: Send to Server 9 on tcp://localhost:4903
INFO: 01:44:09.618506 messenger.go:113: -----------------------------------------
INFO: 01:44:09.618530 messenger.go:135: Requests from Client 0 on tcp://*:7300
INFO: 01:44:09.618558 messenger.go:152: Response to Client 0 on tcp://*:10300
INFO: 01:44:09.618564 messenger.go:155: -----------------------------------------

INFO: 01:44:09.631642 main.go:83: Initial estimate value:  0
INFO: 01:44:09.706877 messenger.go:270: SENT EST to 0
INFO: 01:44:09.707058 messenger.go:270: SENT EST to 0
INFO: 01:44:09.755878 messenger.go:346: RECEIVED EST from 7
INFO: 01:44:09.778852 messenger.go:346: RECEIVED EST from 8
INFO: 01:44:09.815970 messenger.go:270: SENT EST to 9
INFO: 01:44:09.816104 messenger.go:270: SENT EST to 1
INFO: 01:44:09.828936 messenger.go:346: RECEIVED EST from 0
INFO: 01:44:09.858658 messenger.go:270: SENT EST to 4
INFO: 01:44:09.859095 messenger.go:346: RECEIVED EST from 6
INFO: 01:44:09.859166 messenger.go:270: SENT EST to 7
INFO: 01:44:09.859183 messenger.go:270: SENT EST to 6
INFO: 01:44:09.859322 messenger.go:346: RECEIVED EST from 9
INFO: 01:44:09.861888 messenger.go:346: RECEIVED EST from 1
INFO: 01:44:09.864159 messenger.go:346: RECEIVED EST from 5
INFO: 01:44:09.867956 messenger.go:346: RECEIVED EST from 8
INFO: 01:44:09.883393 messenger.go:270: SENT EST to 0
INFO: 01:44:09.867965 messenger.go:270: SENT EST to 8
INFO: 01:44:09.867966 messenger.go:270: SENT EST to 5
INFO: 01:44:09.868603 messenger.go:270: SENT EST to 2
INFO: 01:44:09.898537 messenger.go:346: RECEIVED EST from 1
INFO: 01:44:09.868717 messenger.go:346: RECEIVED EST from 7
INFO: 01:44:09.869099 messenger.go:346: RECEIVED EST from 5
INFO: 01:44:09.869102 messenger.go:270: SENT EST to 1
INFO: 01:44:09.902720 messenger.go:346: RECEIVED EST from 9
INFO: 01:44:09.869189 messenger.go:346: RECEIVED EST from 2
INFO: 01:44:09.871805 messenger.go:346: RECEIVED EST from 4
INFO: 01:44:09.871979 messenger.go:346: RECEIVED EST from 6
INFO: 01:44:09.872122 messenger.go:346: RECEIVED EST from 0
INFO: 01:44:09.883232 messenger.go:346: RECEIVED EST from 4
INFO: 01:44:09.926041 messenger.go:270: SENT EST to 2
INFO: 01:44:09.930462 messenger.go:270: SENT EST to 1
INFO: 01:44:09.934589 messenger.go:346: RECEIVED EST from 0
INFO: 01:44:09.934876 messenger.go:346: RECEIVED EST from 8
INFO: 01:44:09.934982 messenger.go:270: SENT EST to 0
INFO: 01:44:09.935121 messenger.go:346: RECEIVED EST from 4
INFO: 01:44:09.926835 messenger.go:346: RECEIVED EST from 7
INFO: 01:44:09.928017 messenger.go:346: RECEIVED EST from 2
INFO: 01:44:09.945840 messenger.go:346: RECEIVED EST from 9
INFO: 01:44:09.945973 messenger.go:270: SENT EST to 5
INFO: 01:44:09.947199 messenger.go:346: RECEIVED EST from 6
INFO: 01:44:09.947483 messenger.go:270: SENT EST to 4
INFO: 01:44:09.948966 messenger.go:270: SENT EST to 9
INFO: 01:44:09.949213 messenger.go:346: RECEIVED EST from 1
INFO: 01:44:09.949594 messenger.go:270: SENT EST to 7
INFO: 01:44:09.949781 messenger.go:270: SENT EST to 6
INFO: 01:44:09.957889 messenger.go:346: RECEIVED EST from 7
INFO: 01:44:09.977692 messenger.go:346: RECEIVED EST from 8
INFO: 01:44:09.977774 messenger.go:270: SENT EST to 1
INFO: 01:44:09.982007 messenger.go:346: RECEIVED EST from 5
INFO: 01:44:09.982149 messenger.go:270: SENT EST to 2
INFO: 01:44:09.982217 messenger.go:270: SENT EST to 7
INFO: 01:44:09.983366 messenger.go:346: RECEIVED EST from 2
INFO: 01:44:09.983616 messenger.go:346: RECEIVED EST from 4
INFO: 01:44:09.983696 messenger.go:270: SENT EST to 8
INFO: 01:44:09.989925 messenger.go:346: RECEIVED EST from 7
INFO: 01:44:09.990712 messenger.go:270: SENT EST to 5
INFO: 01:44:09.992127 messenger.go:346: RECEIVED EST from 1
INFO: 01:44:09.992190 messenger.go:270: SENT EST to 1
INFO: 01:44:09.992356 messenger.go:346: RECEIVED EST from 9
INFO: 01:44:09.997653 messenger.go:346: RECEIVED EST from 5
INFO: 01:44:09.997894 messenger.go:346: RECEIVED EST from 1
INFO: 01:44:09.999001 messenger.go:270: SENT EST to 8
INFO: 01:44:09.999031 messenger.go:270: SENT EST to 0
INFO: 01:44:09.999208 messenger.go:346: RECEIVED EST from 0
INFO: 01:44:09.999916 messenger.go:346: RECEIVED EST from 8
INFO: 01:44:10.001538 messenger.go:346: RECEIVED EST from 7
INFO: 01:44:10.001656 messenger.go:270: SENT EST to 2
INFO: 01:44:10.002417 messenger.go:346: RECEIVED EST from 5
INFO: 01:44:10.008971 messenger.go:346: RECEIVED EST from 9
INFO: 01:44:10.010458 messenger.go:346: RECEIVED EST from 2
INFO: 01:44:10.010530 messenger.go:270: SENT EST to 4
INFO: 01:44:10.011258 messenger.go:270: SENT EST to 2
INFO: 01:44:10.011663 messenger.go:346: RECEIVED EST from 0
INFO: 01:44:10.013612 messenger.go:270: SENT EST to 9
INFO: 01:44:10.017190 messenger.go:270: SENT EST to 5
INFO: 01:44:10.017776 messenger.go:346: RECEIVED EST from 2
INFO: 01:44:10.023078 messenger.go:270: SENT EST to 6
INFO: 01:44:10.024931 messenger.go:270: SENT EST to 4
INFO: 01:44:10.033877 messenger.go:346: RECEIVED EST from 6
INFO: 01:44:10.034769 messenger.go:346: RECEIVED EST from 0
INFO: 01:44:10.039830 messenger.go:346: RECEIVED EST from 4
INFO: 01:44:10.075096 messenger.go:270: SENT EST to 6
INFO: 01:44:10.076857 messenger.go:270: SENT EST to 4
INFO: 01:44:10.076992 messenger.go:346: RECEIVED EST from 6
INFO: 01:44:10.077830 messenger.go:346: RECEIVED EST from 8
INFO: 01:44:10.078084 messenger.go:346: RECEIVED EST from 9
INFO: 01:44:10.078270 messenger.go:346: RECEIVED EST from 5
INFO: 01:44:10.078520 messenger.go:346: RECEIVED EST from 2
INFO: 01:44:10.078580 messenger.go:346: RECEIVED EST from 7
INFO: 01:44:10.083121 messenger.go:270: SENT EST to 2
INFO: 01:44:10.083161 messenger.go:270: SENT EST to 6
INFO: 01:44:10.083241 messenger.go:270: SENT EST to 9
INFO: 01:44:10.083272 messenger.go:270: SENT EST to 8
INFO: 01:44:10.086190 messenger.go:346: RECEIVED EST from 9
INFO: 01:44:10.086984 messenger.go:270: SENT EST to 0
INFO: 01:44:10.100362 messenger.go:270: SENT EST to 7
INFO: 01:44:10.100418 messenger.go:270: SENT EST to 4
INFO: 01:44:10.110377 messenger.go:346: RECEIVED EST from 0
INFO: 01:44:10.110580 messenger.go:346: RECEIVED EST from 6
INFO: 01:44:10.117801 messenger.go:270: SENT EST to 9
INFO: 01:44:10.120368 messenger.go:270: SENT EST to 5
INFO: 01:44:10.122656 messenger.go:270: SENT EST to 7
INFO: 01:44:10.132313 messenger.go:270: SENT EST to 5
INFO: 01:44:10.134186 messenger.go:270: SENT EST to 7
INFO: 01:44:10.134729 messenger.go:346: RECEIVED EST from 8
INFO: 01:44:10.134806 messenger.go:270: SENT EST to 1
INFO: 01:44:10.155504 messenger.go:346: RECEIVED EST from 8
INFO: 01:44:10.158007 messenger.go:346: RECEIVED EST from 7
INFO: 01:44:10.158317 messenger.go:346: RECEIVED EST from 2
INFO: 01:44:10.167462 messenger.go:346: RECEIVED EST from 9
INFO: 01:44:10.168149 messenger.go:346: RECEIVED EST from 4
INFO: 01:44:10.168924 messenger.go:346: RECEIVED EST from 4
INFO: 01:44:10.169225 messenger.go:346: RECEIVED EST from 8
INFO: 01:44:10.176327 messenger.go:270: SENT EST to 8
INFO: 01:44:10.176759 messenger.go:346: RECEIVED EST from 0
INFO: 01:44:10.180636 messenger.go:346: RECEIVED EST from 5
INFO: 01:44:10.184490 messenger.go:346: RECEIVED EST from 6
INFO: 01:44:10.185643 messenger.go:346: RECEIVED EST from 1
INFO: 01:44:10.191159 messenger.go:270: SENT EST to 6
INFO: 01:44:10.191659 messenger.go:346: RECEIVED EST from 6
INFO: 01:44:10.191873 messenger.go:346: RECEIVED EST from 4
INFO: 01:44:10.191183 messenger.go:270: SENT EST to 8
INFO: 01:44:10.191195 messenger.go:270: SENT EST to 1
INFO: 01:44:10.195264 messenger.go:346: RECEIVED EST from 5
INFO: 01:44:10.196338 messenger.go:346: RECEIVED EST from 2
INFO: 01:44:10.196589 messenger.go:346: RECEIVED EST from 1
INFO: 01:44:10.199921 messenger.go:270: SENT EST to 5
INFO: 01:44:10.204073 messenger.go:270: SENT EST to 9
INFO: 01:44:10.206835 messenger.go:270: SENT EST to 8
INFO: 01:44:10.207095 messenger.go:346: RECEIVED EST from 1
INFO: 01:44:10.211788 messenger.go:270: SENT EST to 0
INFO: 01:44:10.212877 messenger.go:270: SENT EST to 1
INFO: 01:44:10.214212 messenger.go:346: RECEIVED EST from 8
INFO: 01:44:10.214780 messenger.go:346: RECEIVED EST from 0
INFO: 01:44:10.215304 messenger.go:346: RECEIVED EST from 5
INFO: 01:44:10.215600 messenger.go:270: SENT EST to 0
INFO: 01:44:10.215894 messenger.go:270: SENT EST to 9
INFO: 01:44:10.218085 messenger.go:346: RECEIVED EST from 7
INFO: 01:44:10.218147 messenger.go:270: SENT EST to 7
INFO: 01:44:10.219593 messenger.go:270: SENT EST to 2
INFO: 01:44:10.222608 messenger.go:346: RECEIVED EST from 8
INFO: 01:44:10.223249 messenger.go:270: SENT EST to 6
INFO: 01:44:10.223408 messenger.go:346: RECEIVED EST from 6
INFO: 01:44:10.224866 messenger.go:270: SENT EST to 2
INFO: 01:44:10.225689 messenger.go:270: SENT EST to 2
INFO: 01:44:10.226302 messenger.go:270: SENT EST to 4
INFO: 01:44:10.226727 messenger.go:346: RECEIVED EST from 9
INFO: 01:44:10.228794 messenger.go:270: SENT EST to 4
INFO: 01:44:10.229598 messenger.go:270: SENT EST to 4
INFO: 01:44:10.230923 messenger.go:346: RECEIVED EST from 4
INFO: 01:44:10.231076 messenger.go:270: SENT EST to 6
INFO: 01:44:10.233287 messenger.go:270: SENT EST to 1
INFO: 01:44:10.241479 messenger.go:270: SENT EST to 9
INFO: 01:44:10.241526 messenger.go:270: SENT EST to 8
INFO: 01:44:10.241738 messenger.go:346: RECEIVED EST from 1
INFO: 01:44:10.245143 messenger.go:270: SENT EST to 5
INFO: 01:44:10.245945 messenger.go:346: RECEIVED EST from 1
INFO: 01:44:10.248242 messenger.go:270: SENT EST to 0
INFO: 01:44:10.260014 messenger.go:346: RECEIVED EST from 9
INFO: 01:44:10.266780 messenger.go:270: SENT EST to 5
INFO: 01:44:10.267805 messenger.go:270: SENT EST to 7
INFO: 01:44:10.269036 messenger.go:270: SENT EST to 2
INFO: 01:44:10.269260 messenger.go:346: RECEIVED EST from 7
INFO: 01:44:10.269425 messenger.go:346: RECEIVED EST from 8
INFO: 01:44:10.272839 messenger.go:346: RECEIVED EST from 0
INFO: 01:44:10.275993 messenger.go:270: SENT EST to 6
INFO: 01:44:10.277149 messenger.go:270: SENT EST to 6
INFO: 01:44:10.279755 messenger.go:270: SENT EST to 1
INFO: 01:44:10.279917 messenger.go:346: RECEIVED EST from 2
INFO: 01:44:10.280085 messenger.go:346: RECEIVED EST from 6
INFO: 01:44:10.284616 messenger.go:270: SENT EST to 8
INFO: 01:44:10.284722 messenger.go:270: SENT EST to 5
INFO: 01:44:10.285135 messenger.go:346: RECEIVED EST from 5
INFO: 01:44:10.285300 messenger.go:270: SENT EST to 9
INFO: 01:44:10.288084 messenger.go:346: RECEIVED EST from 8
INFO: 01:44:10.295096 messenger.go:346: RECEIVED EST from 9
INFO: 01:44:10.321585 messenger.go:270: SENT EST to 7
INFO: 01:44:10.321639 messenger.go:270: SENT EST to 4
INFO: 01:44:10.321703 messenger.go:270: SENT EST to 0
INFO: 01:44:10.321803 messenger.go:346: RECEIVED EST from 4
INFO: 01:44:10.321962 messenger.go:346: RECEIVED EST from 1
INFO: 01:44:10.326075 messenger.go:346: RECEIVED EST from 0
INFO: 01:44:10.326099 messenger.go:346: RECEIVED EST from 2
INFO: 01:44:10.326694 messenger.go:270: SENT EST to 9
INFO: 01:44:10.326890 messenger.go:346: RECEIVED EST from 7
INFO: 01:44:10.330556 messenger.go:270: SENT EST to 0
INFO: 01:44:10.330896 messenger.go:270: SENT EST to 8
INFO: 01:44:10.331958 messenger.go:270: SENT EST to 5
INFO: 01:44:10.332093 messenger.go:346: RECEIVED EST from 8
INFO: 01:44:10.332148 messenger.go:346: RECEIVED EST from 5
INFO: 01:44:10.332170 messenger.go:270: SENT EST to 1
INFO: 01:44:10.333153 messenger.go:346: RECEIVED EST from 9
INFO: 01:44:10.333198 messenger.go:270: SENT EST to 1
INFO: 01:44:10.333460 messenger.go:270: SENT EST to 7
INFO: 01:44:10.334155 messenger.go:270: SENT EST to 0
INFO: 01:44:10.337936 messenger.go:346: RECEIVED EST from 2
INFO: 01:44:10.343393 messenger.go:346: RECEIVED EST from 9
INFO: 01:44:10.343674 messenger.go:346: RECEIVED EST from 5
INFO: 01:44:10.344449 messenger.go:270: SENT EST to 2
INFO: 01:44:10.346862 messenger.go:346: RECEIVED EST from 7
INFO: 01:44:10.349048 messenger.go:270: SENT EST to 9
INFO: 01:44:10.350847 messenger.go:346: RECEIVED EST from 9
INFO: 01:44:10.351472 messenger.go:346: RECEIVED EST from 5
INFO: 01:44:10.359765 messenger.go:346: RECEIVED EST from 8
INFO: 01:44:10.361710 messenger.go:270: SENT EST to 8
INFO: 01:44:10.361724 messenger.go:346: RECEIVED EST from 0
INFO: 01:44:10.361727 messenger.go:270: SENT EST to 0
INFO: 01:44:10.363091 messenger.go:270: SENT EST to 7
INFO: 01:44:10.363447 messenger.go:346: RECEIVED EST from 7
INFO: 01:44:10.370888 messenger.go:270: SENT EST to 1
INFO: 01:44:10.371429 messenger.go:270: SENT EST to 4
INFO: 01:44:10.373396 messenger.go:270: SENT EST to 2
INFO: 01:44:10.374659 messenger.go:346: RECEIVED EST from 4
INFO: 01:44:10.374908 messenger.go:270: SENT EST to 5
INFO: 01:44:10.403930 messenger.go:270: SENT EST to 6
INFO: 01:44:10.408979 messenger.go:346: RECEIVED EST from 7
INFO: 01:44:10.409615 messenger.go:346: RECEIVED EST from 1
INFO: 01:44:10.415416 messenger.go:346: RECEIVED EST from 6
INFO: 01:44:10.416454 messenger.go:270: SENT EST to 2
INFO: 01:44:10.420993 messenger.go:346: RECEIVED EST from 0
INFO: 01:44:10.421095 messenger.go:270: SENT EST to 4
INFO: 01:44:10.426443 messenger.go:346: RECEIVED EST from 9
INFO: 01:44:10.448251 messenger.go:346: RECEIVED EST from 4
INFO: 01:44:10.448424 messenger.go:346: RECEIVED EST from 7
INFO: 01:44:10.449402 messenger.go:346: RECEIVED EST from 2
INFO: 01:44:10.449480 messenger.go:270: SENT EST to 6
INFO: 01:44:10.451851 messenger.go:346: RECEIVED EST from 5
INFO: 01:44:10.464941 messenger.go:270: SENT EST to 9
INFO: 01:44:10.465111 messenger.go:270: SENT EST to 1
INFO: 01:44:10.465937 messenger.go:270: SENT EST to 5
INFO: 01:44:10.466562 messenger.go:270: SENT EST to 0
INFO: 01:44:10.466584 messenger.go:270: SENT EST to 7
INFO: 01:44:10.466820 messenger.go:270: SENT EST to 4
INFO: 01:44:10.473252 messenger.go:346: RECEIVED EST from 9
INFO: 01:44:10.473560 messenger.go:346: RECEIVED EST from 4
INFO: 01:44:10.473799 messenger.go:346: RECEIVED EST from 0
INFO: 01:44:10.474024 messenger.go:346: RECEIVED EST from 1
INFO: 01:44:10.479341 messenger.go:270: SENT EST to 2
INFO: 01:44:10.482558 messenger.go:270: SENT EST to 5
INFO: 01:44:10.482755 messenger.go:270: SENT EST to 4
INFO: 01:44:10.483915 messenger.go:346: RECEIVED EST from 1
INFO: 01:44:10.484175 messenger.go:270: SENT EST to 6
INFO: 01:44:10.485120 messenger.go:346: RECEIVED EST from 6
INFO: 01:44:10.491511 messenger.go:270: SENT EST to 7
INFO: 01:44:10.495700 messenger.go:270: SENT EST to 6
INFO: 01:44:10.496316 messenger.go:346: RECEIVED EST from 1
INFO: 01:44:10.496635 messenger.go:346: RECEIVED EST from 6
INFO: 01:44:10.502131 messenger.go:346: RECEIVED EST from 6
INFO: 01:44:10.504907 messenger.go:346: RECEIVED EST from 5
INFO: 01:44:10.507806 messenger.go:270: SENT EST to 7
INFO: 01:44:10.513272 messenger.go:346: RECEIVED EST from 5
INFO: 01:44:10.513522 messenger.go:346: RECEIVED EST from 6
INFO: 01:44:10.520613 messenger.go:346: RECEIVED EST from 5
INFO: 01:44:10.525136 messenger.go:346: RECEIVED EST from 8
INFO: 01:44:10.526856 messenger.go:346: RECEIVED EST from 2
INFO: 01:44:10.528052 messenger.go:270: SENT EST to 8
INFO: 01:44:10.528792 messenger.go:270: SENT EST to 8
INFO: 01:44:10.531425 messenger.go:270: SENT EST to 8
INFO: 01:44:10.535050 messenger.go:270: SENT EST to 8
INFO: 01:44:10.557711 messenger.go:270: SENT EST to 9
INFO: 01:44:10.558047 messenger.go:270: SENT EST to 0
INFO: 01:44:10.558341 messenger.go:346: RECEIVED EST from 9
INFO: 01:44:10.560489 messenger.go:270: SENT EST to 1
INFO: 01:44:10.566675 messenger.go:346: RECEIVED EST from 1
INFO: 01:44:10.567425 messenger.go:270: SENT EST to 5
INFO: 01:44:10.567640 messenger.go:346: RECEIVED EST from 5
INFO: 01:44:10.567794 messenger.go:346: RECEIVED EST from 0
INFO: 01:44:10.568385 messenger.go:346: RECEIVED EST from 7
INFO: 01:44:10.568747 messenger.go:270: SENT EST to 7
INFO: 01:44:10.568874 messenger.go:346: RECEIVED EST from 8
INFO: 01:44:10.571557 messenger.go:346: RECEIVED EST from 2
INFO: 01:44:10.572325 messenger.go:270: SENT EST to 2
INFO: 01:44:10.573634 messenger.go:346: RECEIVED EST from 6
INFO: 01:44:10.584557 messenger.go:270: SENT EST to 1
INFO: 01:44:10.584806 messenger.go:346: RECEIVED EST from 0
INFO: 01:44:10.584923 messenger.go:270: SENT EST to 0
INFO: 01:44:10.585886 messenger.go:270: SENT EST to 4
INFO: 01:44:10.586042 messenger.go:270: SENT EST to 9
INFO: 01:44:10.591576 messenger.go:346: RECEIVED EST from 9
INFO: 01:44:10.592166 messenger.go:270: SENT EST to 2
INFO: 01:44:10.592291 messenger.go:346: RECEIVED EST from 2
INFO: 01:44:10.592306 messenger.go:346: RECEIVED EST from 1
INFO: 01:44:10.592493 messenger.go:346: RECEIVED EST from 4
INFO: 01:44:10.601819 messenger.go:270: SENT EST to 4
INFO: 01:44:10.602298 messenger.go:270: SENT EST to 0
INFO: 01:44:10.602301 messenger.go:270: SENT EST to 9
INFO: 01:44:10.602667 messenger.go:346: RECEIVED EST from 4
INFO: 01:44:10.603741 messenger.go:270: SENT EST to 2
INFO: 01:44:10.603981 messenger.go:346: RECEIVED EST from 2
INFO: 01:44:10.604878 messenger.go:346: RECEIVED EST from 9
INFO: 01:44:10.605430 messenger.go:270: SENT EST to 4
INFO: 01:44:10.607615 messenger.go:270: SENT EST to 1
INFO: 01:44:10.611220 messenger.go:346: RECEIVED EST from 5
INFO: 01:44:10.612701 messenger.go:346: RECEIVED EST from 0
INFO: 01:44:10.615903 messenger.go:346: RECEIVED EST from 1
INFO: 01:44:10.616104 messenger.go:346: RECEIVED EST from 4
INFO: 01:44:10.616134 messenger.go:346: RECEIVED EST from 9
INFO: 01:44:10.618829 messenger.go:346: RECEIVED EST from 0
INFO: 01:44:10.620905 messenger.go:346: RECEIVED EST from 7
INFO: 01:44:10.620985 messenger.go:270: SENT EST to 5
INFO: 01:44:10.626920 messenger.go:346: RECEIVED EST from 1
INFO: 01:44:10.629339 messenger.go:270: SENT EST to 5
INFO: 01:44:10.637109 messenger.go:346: RECEIVED EST from 5
INFO: 01:44:10.638624 messenger.go:346: RECEIVED EST from 7
INFO: 01:44:10.640308 messenger.go:346: RECEIVED EST from 7
INFO: 01:44:10.640748 messenger.go:270: SENT EST to 6
INFO: 01:44:10.645305 messenger.go:270: SENT EST to 8
INFO: 01:44:10.647096 messenger.go:270: SENT EST to 7
INFO: 01:44:10.653000 messenger.go:346: RECEIVED EST from 2
INFO: 01:44:10.653169 messenger.go:346: RECEIVED EST from 8
INFO: 01:44:10.653301 messenger.go:346: RECEIVED EST from 9
INFO: 01:44:10.653754 messenger.go:270: SENT EST to 9
INFO: 01:44:10.660747 messenger.go:270: SENT EST to 1
INFO: 01:44:10.660884 messenger.go:346: RECEIVED EST from 7
INFO: 01:44:10.660945 messenger.go:270: SENT EST to 2
INFO: 01:44:10.661000 messenger.go:270: SENT EST to 0
INFO: 01:44:10.671863 messenger.go:270: SENT EST to 4
INFO: 01:44:10.672059 messenger.go:346: RECEIVED EST from 1
INFO: 01:44:10.672203 messenger.go:346: RECEIVED EST from 0
INFO: 01:44:10.672403 messenger.go:346: RECEIVED EST from 8
INFO: 01:44:10.672541 messenger.go:346: RECEIVED EST from 4
INFO: 01:44:10.677842 messenger.go:346: RECEIVED EST from 6
INFO: 01:44:10.677895 messenger.go:270: SENT EST to 6
INFO: 01:44:10.681852 messenger.go:270: SENT EST to 5
INFO: 01:44:10.684612 messenger.go:346: RECEIVED EST from 5
INFO: 01:44:10.687222 messenger.go:270: SENT EST to 9
INFO: 01:44:10.687455 messenger.go:346: RECEIVED EST from 2
INFO: 01:44:10.687684 messenger.go:346: RECEIVED EST from 9
INFO: 01:44:10.688033 messenger.go:270: SENT EST to 8
INFO: 01:44:10.688411 messenger.go:270: SENT EST to 2
INFO: 01:44:10.693738 messenger.go:346: RECEIVED EST from 1
INFO: 01:44:10.694161 messenger.go:270: SENT EST to 1
INFO: 01:44:10.694323 messenger.go:346: RECEIVED EST from 4
INFO: 01:44:10.696847 messenger.go:346: RECEIVED EST from 8
INFO: 01:44:10.696873 messenger.go:346: RECEIVED EST from 7
INFO: 01:44:10.697448 messenger.go:270: SENT EST to 0
INFO: 01:44:10.699634 messenger.go:270: SENT EST to 6
INFO: 01:44:10.705317 messenger.go:270: SENT EST to 4
INFO: 01:44:10.705496 messenger.go:346: RECEIVED EST from 0
INFO: 01:44:10.706474 messenger.go:346: RECEIVED EST from 9
INFO: 01:44:10.708465 messenger.go:346: RECEIVED EST from 2
INFO: 01:44:10.712706 messenger.go:270: SENT EST to 7
INFO: 01:44:10.715081 messenger.go:346: RECEIVED EST from 6
INFO: 01:44:10.721272 messenger.go:270: SENT EST to 8
INFO: 01:44:10.721410 messenger.go:346: RECEIVED EST from 1
INFO: 01:44:10.722402 messenger.go:270: SENT EST to 2
INFO: 01:44:10.737606 messenger.go:270: SENT EST to 1
INFO: 01:44:10.737697 messenger.go:270: SENT EST to 4
INFO: 01:44:10.737794 messenger.go:270: SENT EST to 0
INFO: 01:44:10.737835 messenger.go:270: SENT EST to 6
INFO: 01:44:10.737946 messenger.go:270: SENT EST to 7
INFO: 01:44:10.738074 messenger.go:346: RECEIVED EST from 0
INFO: 01:44:10.738417 messenger.go:346: RECEIVED EST from 5
INFO: 01:44:10.739281 messenger.go:346: RECEIVED EST from 9
INFO: 01:44:10.743454 messenger.go:270: SENT EST to 5
INFO: 01:44:10.744750 messenger.go:346: RECEIVED EST from 1
INFO: 01:44:10.744913 messenger.go:270: SENT EST to 9
INFO: 01:44:10.746518 messenger.go:270: SENT EST to 7
INFO: 01:44:10.765950 messenger.go:346: RECEIVED EST from 7
INFO: 01:44:10.766034 messenger.go:270: SENT EST to 8
INFO: 01:44:10.766138 messenger.go:346: RECEIVED EST from 8
INFO: 01:44:10.766352 messenger.go:270: SENT EST to 6
INFO: 01:44:10.766605 messenger.go:346: RECEIVED EST from 4
INFO: 01:44:10.766810 messenger.go:346: RECEIVED EST from 6
INFO: 01:44:10.767482 messenger.go:270: SENT EST to 1
INFO: 01:44:10.767558 messenger.go:270: SENT EST to 0
INFO: 01:44:10.767959 messenger.go:346: RECEIVED EST from 2
INFO: 01:44:10.768047 messenger.go:270: SENT EST to 2
INFO: 01:44:10.768252 messenger.go:346: RECEIVED EST from 1
INFO: 01:44:10.782012 messenger.go:270: SENT EST to 4
INFO: 01:44:10.782075 messenger.go:270: SENT EST to 8
INFO: 01:44:10.782259 messenger.go:346: RECEIVED EST from 0
INFO: 01:44:10.782439 messenger.go:346: RECEIVED EST from 4
INFO: 01:44:10.783880 messenger.go:346: RECEIVED EST from 8
INFO: 01:44:10.794337 messenger.go:270: SENT EST to 6
INFO: 01:44:10.794785 messenger.go:346: RECEIVED EST from 6
INFO: 01:44:10.794878 messenger.go:270: SENT EST to 7
INFO: 01:44:10.795411 messenger.go:270: SENT EST to 5
INFO: 01:44:10.797907 messenger.go:270: SENT EST to 9
INFO: 01:44:10.803675 messenger.go:270: SENT EST to 4
INFO: 01:44:10.803836 messenger.go:346: RECEIVED EST from 1
INFO: 01:44:10.803839 messenger.go:270: SENT EST to 8
INFO: 01:44:10.803968 messenger.go:270: SENT EST to 1
INFO: 01:44:10.804766 messenger.go:270: SENT EST to 0
INFO: 01:44:10.805007 messenger.go:346: RECEIVED EST from 2
INFO: 01:44:10.805213 messenger.go:270: SENT EST to 2
INFO: 01:44:10.805832 messenger.go:346: RECEIVED EST from 9
INFO: 01:44:10.808975 messenger.go:346: RECEIVED EST from 8
INFO: 01:44:10.825792 messenger.go:270: SENT EST to 9
INFO: 01:44:10.828748 messenger.go:346: RECEIVED EST from 5
INFO: 01:44:10.829331 messenger.go:270: SENT EST to 7
INFO: 01:44:10.829392 messenger.go:270: SENT EST to 6
INFO: 01:44:10.829539 messenger.go:346: RECEIVED EST from 4
INFO: 01:44:10.831329 messenger.go:270: SENT EST to 5
INFO: 01:44:10.832494 messenger.go:346: RECEIVED EST from 0
INFO: 01:44:10.833133 messenger.go:346: RECEIVED EST from 7
INFO: 01:44:10.833379 messenger.go:270: SENT EST to 1
INFO: 01:44:10.833385 messenger.go:346: RECEIVED EST from 1
INFO: 01:44:10.833759 messenger.go:346: RECEIVED EST from 6
INFO: 01:44:10.834084 messenger.go:270: SENT EST to 0
INFO: 01:44:10.834485 messenger.go:270: SENT EST to 6
INFO: 01:44:10.834865 messenger.go:346: RECEIVED EST from 9
INFO: 01:44:10.835868 messenger.go:270: SENT EST to 2
INFO: 01:44:10.838528 messenger.go:270: SENT EST to 9
INFO: 01:44:10.840608 messenger.go:270: SENT EST to 2
INFO: 01:44:10.843709 messenger.go:346: RECEIVED EST from 0
INFO: 01:44:10.844217 messenger.go:270: SENT EST to 1
INFO: 01:44:10.846771 messenger.go:270: SENT EST to 0
INFO: 01:44:10.847043 messenger.go:270: SENT EST to 4
INFO: 01:44:10.847296 messenger.go:346: RECEIVED EST from 1
INFO: 01:44:10.848144 messenger.go:346: RECEIVED EST from 2
INFO: 01:44:10.849598 messenger.go:346: RECEIVED EST from 9
INFO: 01:44:10.850173 messenger.go:270: SENT EST to 9
INFO: 01:44:10.856928 messenger.go:346: RECEIVED EST from 6
INFO: 01:44:10.860012 messenger.go:346: RECEIVED EST from 0
INFO: 01:44:10.867017 messenger.go:270: SENT EST to 7
INFO: 01:44:10.872057 messenger.go:346: RECEIVED EST from 6
INFO: 01:44:10.872264 messenger.go:270: SENT EST to 5
INFO: 01:44:10.877848 messenger.go:270: SENT EST to 6
INFO: 01:44:10.878881 messenger.go:346: RECEIVED EST from 5
INFO: 01:44:10.880876 messenger.go:270: SENT EST to 5
INFO: 01:44:10.881211 messenger.go:270: SENT EST to 6
INFO: 01:44:10.897448 messenger.go:346: RECEIVED EST from 4
INFO: 01:44:10.897605 messenger.go:270: SENT EST to 4
INFO: 01:44:10.902089 messenger.go:270: SENT EST to 8
INFO: 01:44:10.911780 messenger.go:346: RECEIVED EST from 1
INFO: 01:44:10.912049 messenger.go:270: SENT EST to 4
INFO: 01:44:10.912616 messenger.go:346: RECEIVED EST from 0
INFO: 01:44:10.915932 messenger.go:346: RECEIVED EST from 1
INFO: 01:44:10.926806 messenger.go:270: SENT EST to 1
INFO: 01:44:10.927800 messenger.go:270: SENT EST to 0
INFO: 01:44:10.927973 messenger.go:346: RECEIVED EST from 4
INFO: 01:44:10.929493 messenger.go:270: SENT EST to 8
INFO: 01:44:10.929770 messenger.go:346: RECEIVED EST from 8
INFO: 01:44:10.929941 messenger.go:270: SENT EST to 2
INFO: 01:44:11.030042 messenger.go:346: RECEIVED EST from 6
INFO: 01:44:11.038146 messenger.go:270: SENT EST to 9
INFO: 01:44:11.049137 messenger.go:346: RECEIVED EST from 0
INFO: 01:44:11.050309 messenger.go:346: RECEIVED EST from 4
INFO: 01:44:11.050521 messenger.go:346: RECEIVED EST from 8
INFO: 01:44:11.050569 messenger.go:270: SENT EST to 5
INFO: 01:44:11.051047 messenger.go:346: RECEIVED EST from 9
INFO: 01:44:11.051465 messenger.go:346: RECEIVED EST from 5
INFO: 01:44:11.052123 messenger.go:346: RECEIVED EST from 6
INFO: 01:44:11.052269 messenger.go:346: RECEIVED EST from 7
INFO: 01:44:11.052271 messenger.go:270: SENT EST to 7
INFO: 01:44:11.052415 messenger.go:346: RECEIVED EST from 1
INFO: 01:44:11.052498 messenger.go:346: RECEIVED EST from 1
INFO: 01:44:11.062579 messenger.go:346: RECEIVED EST from 0
INFO: 01:44:11.063632 messenger.go:346: RECEIVED EST from 5
INFO: 01:44:11.070016 messenger.go:270: SENT EST to 0
INFO: 01:44:11.070108 messenger.go:270: SENT EST to 9
INFO: 01:44:11.070792 messenger.go:346: RECEIVED EST from 2
INFO: 01:44:11.071109 messenger.go:270: SENT EST to 2
INFO: 01:44:11.073433 messenger.go:346: RECEIVED EST from 0
INFO: 01:44:11.073817 messenger.go:346: RECEIVED EST from 4
INFO: 01:44:11.074303 messenger.go:270: SENT EST to 4
INFO: 01:44:11.080121 messenger.go:346: RECEIVED EST from 9
INFO: 01:44:11.084274 messenger.go:346: RECEIVED EST from 7
INFO: 01:44:11.084340 messenger.go:270: SENT EST to 7
INFO: 01:44:11.085396 messenger.go:270: SENT EST to 6
INFO: 01:44:11.088468 messenger.go:270: SENT EST to 5
INFO: 01:44:11.089403 messenger.go:270: SENT EST to 1
INFO: 01:44:11.089822 messenger.go:270: SENT EST to 6
INFO: 01:44:11.090157 messenger.go:346: RECEIVED EST from 5
INFO: 01:44:11.090461 messenger.go:346: RECEIVED EST from 2
INFO: 01:44:11.092992 messenger.go:346: RECEIVED EST from 2
INFO: 01:44:11.093755 messenger.go:270: SENT EST to 7
INFO: 01:44:11.099137 messenger.go:270: SENT EST to 7
INFO: 01:44:11.099294 messenger.go:346: RECEIVED EST from 7
INFO: 01:44:11.099460 messenger.go:346: RECEIVED EST from 7
INFO: 01:44:11.120229 messenger.go:346: RECEIVED EST from 1
INFO: 01:44:11.123619 messenger.go:270: SENT EST to 5
INFO: 01:44:11.123756 messenger.go:346: RECEIVED EST from 6
INFO: 01:44:11.124142 messenger.go:346: RECEIVED EST from 5
INFO: 01:44:11.124347 messenger.go:346: RECEIVED EST from 8
INFO: 01:44:11.124885 messenger.go:346: RECEIVED EST from 2
INFO: 01:44:11.125530 messenger.go:346: RECEIVED EST from 4
INFO: 01:44:11.125588 messenger.go:270: SENT EST to 8
INFO: 01:44:11.127744 messenger.go:270: SENT EST to 8
INFO: 01:44:11.129021 messenger.go:270: SENT EST to 8
INFO: 01:44:11.129497 messenger.go:270: SENT EST to 8
INFO: 01:44:11.156165 messenger.go:346: RECEIVED EST from 0
INFO: 01:44:11.156179 messenger.go:270: SENT EST to 1
INFO: 01:44:11.156271 messenger.go:270: SENT EST to 5
INFO: 01:44:11.156792 messenger.go:270: SENT EST to 2
INFO: 01:44:11.156909 messenger.go:270: SENT EST to 0
INFO: 01:44:11.157209 messenger.go:346: RECEIVED EST from 9
INFO: 01:44:11.157315 messenger.go:270: SENT EST to 9
INFO: 01:44:11.157573 messenger.go:270: SENT EST to 6
INFO: 01:44:11.157657 messenger.go:270: SENT EST to 7
INFO: 01:44:11.157687 messenger.go:346: RECEIVED EST from 6
INFO: 01:44:11.167351 messenger.go:346: RECEIVED EST from 5
INFO: 01:44:11.167628 messenger.go:346: RECEIVED EST from 7
INFO: 01:44:11.168354 messenger.go:346: RECEIVED EST from 1
INFO: 01:44:11.173971 messenger.go:270: SENT EST to 4
INFO: 01:44:11.174864 messenger.go:346: RECEIVED EST from 8
INFO: 01:44:11.177520 messenger.go:346: RECEIVED EST from 4
INFO: 01:44:11.180101 messenger.go:346: RECEIVED EST from 2
INFO: 01:44:11.181061 messenger.go:346: RECEIVED EST from 0
INFO: 01:44:11.181444 messenger.go:346: RECEIVED EST from 5
INFO: 01:44:11.181940 messenger.go:270: SENT EST to 2
INFO: 01:44:11.182130 messenger.go:270: SENT EST to 0
INFO: 01:44:11.182252 messenger.go:270: SENT EST to 4
INFO: 01:44:11.182483 messenger.go:270: SENT EST to 5
INFO: 01:44:11.182734 messenger.go:270: SENT EST to 1
INFO: 01:44:11.183414 messenger.go:346: RECEIVED EST from 1
INFO: 01:44:11.184512 messenger.go:270: SENT EST to 8
INFO: 01:44:11.188536 messenger.go:346: RECEIVED EST from 8
INFO: 01:44:11.189110 messenger.go:346: RECEIVED EST from 1
INFO: 01:44:11.195961 messenger.go:270: SENT EST to 7
INFO: 01:44:11.196119 messenger.go:346: RECEIVED EST from 7
INFO: 01:44:11.196302 messenger.go:346: RECEIVED EST from 9
INFO: 01:44:11.196497 messenger.go:346: RECEIVED EST from 4
INFO: 01:44:11.202024 messenger.go:346: RECEIVED EST from 6
INFO: 01:44:11.202304 messenger.go:346: RECEIVED EST from 0
INFO: 01:44:11.203402 messenger.go:346: RECEIVED EST from 2
INFO: 01:44:11.203737 messenger.go:270: SENT EST to 9
INFO: 01:44:11.210907 messenger.go:270: SENT EST to 0
INFO: 01:44:11.211037 messenger.go:346: RECEIVED EST from 1
INFO: 01:44:11.211892 messenger.go:270: SENT EST to 5
INFO: 01:44:11.212414 messenger.go:346: RECEIVED EST from 6
INFO: 01:44:11.212955 messenger.go:346: RECEIVED EST from 5
INFO: 01:44:11.214751 messenger.go:270: SENT EST to 4
INFO: 01:44:11.215710 messenger.go:270: SENT EST to 2
INFO: 01:44:11.216589 messenger.go:270: SENT EST to 6
INFO: 01:44:11.220153 messenger.go:270: SENT EST to 1
INFO: 01:44:11.220283 messenger.go:346: RECEIVED EST from 9
INFO: 01:44:11.223839 messenger.go:346: RECEIVED EST from 4
INFO: 01:44:11.225784 messenger.go:270: SENT EST to 7
INFO: 01:44:11.230248 messenger.go:346: RECEIVED EST from 9
INFO: 01:44:11.230928 messenger.go:270: SENT EST to 9
INFO: 01:44:11.234118 messenger.go:346: RECEIVED EST from 7
INFO: 01:44:11.234521 messenger.go:346: RECEIVED EST from 1
INFO: 01:44:11.240325 messenger.go:346: RECEIVED EST from 2
INFO: 01:44:11.240704 messenger.go:346: RECEIVED EST from 5
INFO: 01:44:11.243424 messenger.go:270: SENT EST to 6
INFO: 01:44:11.253468 messenger.go:270: SENT EST to 0
INFO: 01:44:11.253545 messenger.go:270: SENT EST to 8
INFO: 01:44:11.254530 messenger.go:270: SENT EST to 2
INFO: 01:44:11.256437 messenger.go:346: RECEIVED EST from 8
INFO: 01:44:11.257903 messenger.go:270: SENT EST to 1
INFO: 01:44:11.258989 messenger.go:270: SENT EST to 4
INFO: 01:44:11.273895 messenger.go:346: RECEIVED EST from 4
INFO: 01:44:11.274539 messenger.go:270: SENT EST to 7
INFO: 01:44:11.274703 messenger.go:346: RECEIVED EST from 5
INFO: 01:44:11.274858 messenger.go:346: RECEIVED EST from 1
INFO: 01:44:11.275012 messenger.go:346: RECEIVED EST from 2
INFO: 01:44:11.275176 messenger.go:346: RECEIVED EST from 0
INFO: 01:44:11.283875 messenger.go:270: SENT EST to 8
INFO: 01:44:11.284047 messenger.go:346: RECEIVED EST from 4
INFO: 01:44:11.284092 messenger.go:270: SENT EST to 6
INFO: 01:44:11.286197 messenger.go:346: RECEIVED EST from 0
INFO: 01:44:11.286344 messenger.go:346: RECEIVED EST from 7
INFO: 01:44:11.286503 messenger.go:346: RECEIVED EST from 8
INFO: 01:44:11.288918 messenger.go:270: SENT EST to 9
INFO: 01:44:11.294127 messenger.go:346: RECEIVED EST from 9
INFO: 01:44:11.294636 messenger.go:346: RECEIVED EST from 6
INFO: 01:44:11.299936 messenger.go:346: RECEIVED EST from 0
INFO: 01:44:11.300429 messenger.go:346: RECEIVED EST from 4
INFO: 01:44:11.303654 messenger.go:346: RECEIVED EST from 2
INFO: 01:44:11.306148 messenger.go:270: SENT EST to 0
INFO: 01:44:11.307624 messenger.go:270: SENT EST to 9
INFO: 01:44:11.307729 messenger.go:270: SENT EST to 1
INFO: 01:44:11.315186 messenger.go:270: SENT EST to 4
INFO: 01:44:11.314010 messenger.go:346: RECEIVED EST from 4
INFO: 01:44:11.314105 messenger.go:346: RECEIVED EST from 5
INFO: 01:44:11.315109 messenger.go:346: RECEIVED EST from 6
INFO: 01:44:11.314108 messenger.go:270: SENT EST to 2
INFO: 01:44:11.320135 messenger.go:270: SENT EST to 5
INFO: 01:44:11.322565 messenger.go:346: RECEIVED EST from 1
INFO: 01:44:11.330088 messenger.go:346: RECEIVED EST from 9
INFO: 01:44:11.335426 messenger.go:270: SENT EST to 1
INFO: 01:44:11.335502 messenger.go:270: SENT EST to 2
INFO: 01:44:11.335740 messenger.go:346: RECEIVED EST from 8
INFO: 01:44:11.335811 messenger.go:270: SENT EST to 9
INFO: 01:44:11.336593 messenger.go:270: SENT EST to 0
INFO: 01:44:11.386262 messenger.go:270: SENT EST to 5
INFO: 01:44:11.391698 messenger.go:270: SENT EST to 4
INFO: 01:44:11.392575 messenger.go:270: SENT EST to 2
INFO: 01:44:11.392896 messenger.go:346: RECEIVED EST from 2
INFO: 01:44:11.393290 messenger.go:346: RECEIVED EST from 5
INFO: 01:44:11.393364 messenger.go:270: SENT EST to 7
INFO: 01:44:11.393581 messenger.go:346: RECEIVED EST from 7
INFO: 01:44:11.393976 messenger.go:270: SENT EST to 6
INFO: 01:44:11.394292 messenger.go:346: RECEIVED EST from 1
INFO: 01:44:11.386808 messenger.go:270: SENT EST to 8
INFO: 01:44:11.399894 messenger.go:270: SENT EST to 8
INFO: 01:44:11.400141 messenger.go:346: RECEIVED EST from 0
INFO: 01:44:11.404838 messenger.go:270: SENT EST to 6
INFO: 01:44:11.414054 messenger.go:346: RECEIVED EST from 7
INFO: 01:44:11.414325 messenger.go:346: RECEIVED EST from 4
INFO: 01:44:11.414535 messenger.go:346: RECEIVED EST from 6
INFO: 01:44:11.447277 messenger.go:270: SENT EST to 9
INFO: 01:44:11.447836 messenger.go:270: SENT EST to 7
INFO: 01:44:11.458002 messenger.go:270: SENT EST to 4
INFO: 01:44:11.461611 messenger.go:270: SENT EST to 9
INFO: 01:44:11.461727 messenger.go:346: RECEIVED EST from 1
INFO: 01:44:11.461819 messenger.go:346: RECEIVED EST from 8
INFO: 01:44:11.461909 messenger.go:346: RECEIVED EST from 9
INFO: 01:44:11.466090 messenger.go:346: RECEIVED EST from 7
INFO: 01:44:11.461997 messenger.go:346: RECEIVED EST from 6
INFO: 01:44:11.462000 messenger.go:270: SENT EST to 0
INFO: 01:44:11.462205 messenger.go:270: SENT EST to 5
INFO: 01:44:11.479299 messenger.go:346: RECEIVED EST from 8
INFO: 01:44:11.479637 messenger.go:346: RECEIVED EST from 4
INFO: 01:44:11.479692 messenger.go:270: SENT EST to 1
INFO: 01:44:11.481501 messenger.go:346: RECEIVED EST from 0
INFO: 01:44:11.462377 messenger.go:346: RECEIVED EST from 2
INFO: 01:44:11.462539 messenger.go:346: RECEIVED EST from 5
INFO: 01:44:11.492837 messenger.go:346: RECEIVED EST from 6
INFO: 01:44:11.494001 messenger.go:346: RECEIVED EST from 7
INFO: 01:44:11.494194 messenger.go:270: SENT EST to 0
INFO: 01:44:11.494198 messenger.go:270: SENT EST to 1
INFO: 01:44:11.498197 messenger.go:270: SENT EST to 4
INFO: 01:44:11.498359 messenger.go:270: SENT EST to 7
INFO: 01:44:11.498799 messenger.go:270: SENT EST to 8
INFO: 01:44:11.505747 messenger.go:270: SENT EST to 0
INFO: 01:44:11.506372 messenger.go:346: RECEIVED EST from 1
INFO: 01:44:11.507443 messenger.go:346: RECEIVED EST from 8
INFO: 01:44:11.508886 messenger.go:270: SENT EST to 6
INFO: 01:44:11.509328 messenger.go:346: RECEIVED EST from 0
INFO: 01:44:11.509658 messenger.go:346: RECEIVED EST from 4
INFO: 01:44:11.511734 messenger.go:270: SENT EST to 9
INFO: 01:44:11.516596 messenger.go:270: SENT EST to 1
INFO: 01:44:11.525631 messenger.go:270: SENT EST to 5
INFO: 01:44:11.531591 messenger.go:346: RECEIVED EST from 6
INFO: 01:44:11.534470 messenger.go:270: SENT EST to 2
INFO: 01:44:11.538102 messenger.go:270: SENT EST to 5
INFO: 01:44:11.540077 messenger.go:270: SENT EST to 0
INFO: 01:44:11.540098 messenger.go:270: SENT EST to 1
INFO: 01:44:11.540129 messenger.go:270: SENT EST to 6
INFO: 01:44:11.541076 messenger.go:270: SENT EST to 5
INFO: 01:44:11.549454 messenger.go:270: SENT EST to 6
INFO: 01:44:11.549673 messenger.go:346: RECEIVED EST from 5
INFO: 01:44:11.550020 messenger.go:270: SENT EST to 9
INFO: 01:44:11.550288 messenger.go:346: RECEIVED EST from 9
INFO: 01:44:11.550668 messenger.go:346: RECEIVED EST from 2
INFO: 01:44:11.557022 messenger.go:270: SENT EST to 7
INFO: 01:44:11.557386 messenger.go:270: SENT EST to 8
INFO: 01:44:11.578714 messenger.go:270: SENT EST to 4
INFO: 01:44:11.579154 messenger.go:346: RECEIVED EST from 7
INFO: 01:44:11.579937 messenger.go:346: RECEIVED EST from 4
INFO: 01:44:11.596566 messenger.go:270: SENT EST to 7
INFO: 01:44:11.603341 messenger.go:270: SENT EST to 0
INFO: 01:44:11.603705 messenger.go:346: RECEIVED EST from 0
INFO: 01:44:11.603884 messenger.go:270: SENT EST to 8
INFO: 01:44:11.603967 messenger.go:270: SENT EST to 2
INFO: 01:44:11.604370 messenger.go:270: SENT EST to 1
INFO: 01:44:11.605077 messenger.go:346: RECEIVED EST from 0
INFO: 01:44:11.612129 messenger.go:270: SENT EST to 8
INFO: 01:44:11.647083 messenger.go:346: RECEIVED EST from 2
INFO: 01:44:11.664218 messenger.go:346: RECEIVED EST from 0
INFO: 01:44:11.674284 messenger.go:346: RECEIVED EST from 8
INFO: 01:44:11.697145 messenger.go:270: SENT EST to 2
INFO: 01:44:11.701788 messenger.go:346: RECEIVED EST from 6
INFO: 01:44:11.705508 messenger.go:346: RECEIVED EST from 4
INFO: 01:44:11.705668 messenger.go:270: SENT EST to 4
INFO: 01:44:11.705857 messenger.go:346: RECEIVED EST from 1
INFO: 01:44:11.706816 messenger.go:346: RECEIVED EST from 7
INFO: 01:44:11.707529 messenger.go:270: SENT EST to 9
INFO: 01:44:11.708592 messenger.go:346: RECEIVED EST from 9
INFO: 01:44:11.710200 messenger.go:346: RECEIVED EST from 8
INFO: 01:44:11.710204 messenger.go:270: SENT EST to 6
INFO: 01:44:11.713233 messenger.go:346: RECEIVED EST from 6
INFO: 01:44:11.713281 messenger.go:270: SENT EST to 5
INFO: 01:44:11.721477 messenger.go:270: SENT EST to 1
INFO: 01:44:11.721639 messenger.go:270: SENT EST to 9
INFO: 01:44:11.721675 messenger.go:270: SENT EST to 0
INFO: 01:44:11.721749 messenger.go:270: SENT EST to 4
INFO: 01:44:11.722407 messenger.go:270: SENT EST to 2
INFO: 01:44:11.726980 messenger.go:346: RECEIVED EST from 9
INFO: 01:44:11.728145 messenger.go:270: SENT EST to 2
INFO: 01:44:11.728388 messenger.go:346: RECEIVED EST from 2
INFO: 01:44:11.728924 messenger.go:270: SENT EST to 4
INFO: 01:44:11.729067 messenger.go:346: RECEIVED EST from 8
INFO: 01:44:11.734683 messenger.go:346: RECEIVED EST from 1
INFO: 01:44:11.734757 messenger.go:270: SENT EST to 5
INFO: 01:44:11.735465 messenger.go:346: RECEIVED EST from 0
INFO: 01:44:11.738638 messenger.go:270: SENT EST to 6
INFO: 01:44:11.741959 messenger.go:346: RECEIVED EST from 6
INFO: 01:44:11.742649 messenger.go:346: RECEIVED EST from 8
INFO: 01:44:11.743639 messenger.go:346: RECEIVED EST from 5
INFO: 01:44:11.744464 messenger.go:346: RECEIVED EST from 9
INFO: 01:44:11.744531 messenger.go:270: SENT EST to 5
INFO: 01:44:11.745153 messenger.go:346: RECEIVED EST from 5
INFO: 01:44:11.746111 messenger.go:346: RECEIVED EST from 5
INFO: 01:44:11.748591 messenger.go:346: RECEIVED EST from 1
INFO: 01:44:11.749336 messenger.go:346: RECEIVED EST from 2
INFO: 01:44:11.752237 messenger.go:346: RECEIVED EST from 1
INFO: 01:44:11.752492 messenger.go:270: SENT EST to 6
INFO: 01:44:11.758705 messenger.go:270: SENT EST to 7
INFO: 01:44:11.760416 messenger.go:270: SENT EST to 7
INFO: 01:44:11.771254 messenger.go:346: RECEIVED EST from 6
INFO: 01:44:11.771421 messenger.go:270: SENT EST to 7
INFO: 01:44:11.771523 messenger.go:270: SENT EST to 9
INFO: 01:44:11.771700 messenger.go:270: SENT EST to 1
INFO: 01:44:11.771709 messenger.go:346: RECEIVED EST from 2
INFO: 01:44:11.771748 messenger.go:270: SENT EST to 0
INFO: 01:44:11.771843 messenger.go:270: SENT EST to 5
INFO: 01:44:11.774739 messenger.go:346: RECEIVED EST from 9
INFO: 01:44:11.777765 messenger.go:270: SENT EST to 8
INFO: 01:44:11.780240 messenger.go:270: SENT EST to 7
INFO: 01:44:11.780613 messenger.go:270: SENT EST to 6
INFO: 01:44:11.789407 messenger.go:270: SENT EST to 2
INFO: 01:44:11.791186 messenger.go:270: SENT EST to 4
INFO: 01:44:11.791418 messenger.go:270: SENT EST to 1
INFO: 01:44:11.791604 messenger.go:270: SENT EST to 9
INFO: 01:44:11.791788 messenger.go:346: RECEIVED EST from 1
INFO: 01:44:11.791963 messenger.go:346: RECEIVED EST from 7
INFO: 01:44:11.792055 messenger.go:270: SENT EST to 5
INFO: 01:44:11.792229 messenger.go:346: RECEIVED EST from 2
INFO: 01:44:11.800420 messenger.go:346: RECEIVED EST from 9
INFO: 01:44:11.816146 messenger.go:270: SENT EST to 0
INFO: 01:44:11.816289 messenger.go:346: RECEIVED EST from 7
INFO: 01:44:11.818210 messenger.go:346: RECEIVED EST from 0
INFO: 01:44:11.818459 messenger.go:270: SENT EST to 7
INFO: 01:44:11.818468 messenger.go:270: SENT EST to 6
INFO: 01:44:11.818588 messenger.go:346: RECEIVED EST from 6
INFO: 01:44:11.818662 messenger.go:270: SENT EST to 2
INFO: 01:44:11.818695 messenger.go:270: SENT EST to 8
INFO: 01:44:11.819103 messenger.go:346: RECEIVED EST from 8
INFO: 01:44:11.819407 messenger.go:346: RECEIVED EST from 1
INFO: 01:44:11.819685 messenger.go:270: SENT EST to 4
INFO: 01:44:11.825223 messenger.go:346: RECEIVED EST from 5
INFO: 01:44:11.825576 messenger.go:346: RECEIVED EST from 4
INFO: 01:44:11.819820 messenger.go:346: RECEIVED EST from 2
INFO: 01:44:11.819689 messenger.go:346: RECEIVED EST from 5
INFO: 01:44:11.825614 messenger.go:270: SENT EST to 4
INFO: 01:44:11.825734 messenger.go:270: SENT EST to 5
INFO: 01:44:11.827088 messenger.go:346: RECEIVED EST from 5
INFO: 01:44:11.842262 messenger.go:270: SENT EST to 9
INFO: 01:44:11.844113 messenger.go:270: SENT EST to 6
INFO: 01:44:11.844348 messenger.go:346: RECEIVED EST from 7
INFO: 01:44:11.844734 messenger.go:270: SENT EST to 8
INFO: 01:44:11.844802 messenger.go:270: SENT EST to 7
INFO: 01:44:11.844823 messenger.go:270: SENT EST to 0
INFO: 01:44:11.846048 messenger.go:346: RECEIVED EST from 0
INFO: 01:44:11.851885 messenger.go:346: RECEIVED EST from 6
INFO: 01:44:11.874196 messenger.go:270: SENT EST to 2
INFO: 01:44:11.874344 messenger.go:346: RECEIVED EST from 9
INFO: 01:44:11.874586 messenger.go:346: RECEIVED EST from 2
INFO: 01:44:11.874657 messenger.go:270: SENT EST to 1
INFO: 01:44:11.878383 messenger.go:346: RECEIVED EST from 5
INFO: 01:44:11.879179 messenger.go:346: RECEIVED EST from 1
INFO: 01:44:11.885109 messenger.go:270: SENT EST to 0
INFO: 01:44:11.885261 messenger.go:346: RECEIVED EST from 9
INFO: 01:44:11.885452 messenger.go:270: SENT EST to 7
INFO: 01:44:11.885610 messenger.go:270: SENT EST to 9
INFO: 01:44:11.885691 messenger.go:346: RECEIVED EST from 4
INFO: 01:44:11.885738 messenger.go:346: RECEIVED EST from 8
INFO: 01:44:11.885749 messenger.go:270: SENT EST to 8
INFO: 01:44:11.885962 messenger.go:346: RECEIVED EST from 0
INFO: 01:44:11.886062 messenger.go:270: SENT EST to 1
INFO: 01:44:11.886142 messenger.go:270: SENT EST to 6
INFO: 01:44:11.887954 messenger.go:270: SENT EST to 8
INFO: 01:44:11.889077 messenger.go:270: SENT EST to 0
INFO: 01:44:11.889263 messenger.go:346: RECEIVED EST from 0
INFO: 01:44:11.889506 messenger.go:346: RECEIVED EST from 0
INFO: 01:44:11.889820 messenger.go:346: RECEIVED EST from 7
INFO: 01:44:11.893354 messenger.go:270: SENT EST to 2
INFO: 01:44:11.893543 messenger.go:270: SENT EST to 8
INFO: 01:44:11.893646 messenger.go:270: SENT EST to 5
INFO: 01:44:11.893681 messenger.go:346: RECEIVED EST from 8
INFO: 01:44:11.893898 messenger.go:346: RECEIVED EST from 2
INFO: 01:44:11.894125 messenger.go:270: SENT EST to 1
INFO: 01:44:11.897744 messenger.go:270: SENT EST to 4
INFO: 01:44:11.898572 messenger.go:346: RECEIVED EST from 8
INFO: 01:44:11.898763 messenger.go:346: RECEIVED EST from 7
INFO: 01:44:11.900090 messenger.go:270: SENT EST to 6
INFO: 01:44:11.900290 messenger.go:270: SENT EST to 7
INFO: 01:44:11.900325 messenger.go:270: SENT EST to 8
INFO: 01:44:11.900496 messenger.go:346: RECEIVED EST from 7
INFO: 01:44:11.900977 messenger.go:346: RECEIVED EST from 1
INFO: 01:44:11.902190 messenger.go:346: RECEIVED EST from 5
INFO: 01:44:11.904435 messenger.go:270: SENT EST to 2
INFO: 01:44:11.904584 messenger.go:346: RECEIVED EST from 6
INFO: 01:44:11.907985 messenger.go:346: RECEIVED EST from 6
INFO: 01:44:11.909970 messenger.go:346: RECEIVED EST from 1
INFO: 01:44:11.911169 messenger.go:270: SENT EST to 9
INFO: 01:44:11.922370 messenger.go:346: RECEIVED EST from 8
INFO: 01:44:11.922528 messenger.go:346: RECEIVED EST from 0
INFO: 01:44:11.922665 messenger.go:346: RECEIVED EST from 9
INFO: 01:44:11.922727 messenger.go:270: SENT EST to 5
INFO: 01:44:11.923080 messenger.go:346: RECEIVED EST from 7
INFO: 01:44:11.925270 messenger.go:270: SENT EST to 0
INFO: 01:44:11.925493 messenger.go:270: SENT EST to 2
INFO: 01:44:11.933301 messenger.go:270: SENT EST to 4
INFO: 01:44:11.934177 messenger.go:346: RECEIVED EST from 4
INFO: 01:44:11.934240 messenger.go:270: SENT EST to 9
INFO: 01:44:11.934551 messenger.go:270: SENT EST to 1
INFO: 01:44:11.936602 messenger.go:270: SENT EST to 8
INFO: 01:44:11.938618 messenger.go:346: RECEIVED EST from 6
INFO: 01:44:11.939271 messenger.go:346: RECEIVED EST from 0
INFO: 01:44:11.940958 messenger.go:270: SENT EST to 6
INFO: 01:44:11.942963 messenger.go:346: RECEIVED EST from 9
INFO: 01:44:11.943364 messenger.go:346: RECEIVED EST from 7
INFO: 01:44:11.944291 messenger.go:270: SENT EST to 7
INFO: 01:44:11.944428 messenger.go:346: RECEIVED EST from 1
INFO: 01:44:11.945566 messenger.go:270: SENT EST to 0
INFO: 01:44:11.945898 messenger.go:270: SENT EST to 2
INFO: 01:44:11.950111 messenger.go:270: SENT EST to 9
INFO: 01:44:11.952536 messenger.go:270: SENT EST to 1
INFO: 01:44:11.952667 messenger.go:346: RECEIVED EST from 4
INFO: 01:44:11.954776 messenger.go:270: SENT EST to 5
INFO: 01:44:11.987263 messenger.go:346: RECEIVED EST from 4
INFO: 01:44:11.987536 messenger.go:270: SENT EST to 2
INFO: 01:44:11.987544 messenger.go:346: RECEIVED EST from 6
INFO: 01:44:11.988107 messenger.go:346: RECEIVED EST from 5
INFO: 01:44:11.988128 messenger.go:270: SENT EST to 4
INFO: 01:44:11.990100 messenger.go:346: RECEIVED EST from 2
INFO: 01:44:11.990278 messenger.go:346: RECEIVED EST from 8
INFO: 01:44:11.990444 messenger.go:346: RECEIVED EST from 9
INFO: 01:44:11.991171 messenger.go:270: SENT EST to 9
INFO: 01:44:11.993844 messenger.go:346: RECEIVED EST from 0
INFO: 01:44:11.988542 messenger.go:270: SENT EST to 0
INFO: 01:44:11.988648 messenger.go:346: RECEIVED EST from 7
INFO: 01:44:11.988710 messenger.go:346: RECEIVED EST from 1
INFO: 01:44:12.018718 messenger.go:270: SENT EST to 0
INFO: 01:44:12.018942 messenger.go:270: SENT EST to 8
INFO: 01:44:12.019489 messenger.go:346: RECEIVED EST from 9
INFO: 01:44:12.019690 messenger.go:346: RECEIVED EST from 2
INFO: 01:44:12.019910 messenger.go:270: SENT EST to 9
INFO: 01:44:12.020181 messenger.go:270: SENT EST to 7
INFO: 01:44:12.020390 messenger.go:346: RECEIVED EST from 7
INFO: 01:44:12.020559 messenger.go:270: SENT EST to 5
INFO: 01:44:12.020743 messenger.go:346: RECEIVED EST from 8
INFO: 01:44:12.020965 messenger.go:270: SENT EST to 6
INFO: 01:44:12.021092 messenger.go:270: SENT EST to 1
INFO: 01:44:12.021623 messenger.go:346: RECEIVED EST from 5
INFO: 01:44:12.021636 messenger.go:346: RECEIVED EST from 6
INFO: 01:44:12.051679 messenger.go:346: RECEIVED EST from 9
INFO: 01:44:12.052583 messenger.go:346: RECEIVED EST from 7
INFO: 01:44:12.052607 messenger.go:270: SENT EST to 1
INFO: 01:44:12.052744 messenger.go:346: RECEIVED EST from 8
INFO: 01:44:12.052943 messenger.go:346: RECEIVED EST from 5
INFO: 01:44:12.057581 messenger.go:346: RECEIVED EST from 4
INFO: 01:44:12.060390 messenger.go:270: SENT EST to 4
INFO: 01:44:12.060555 messenger.go:346: RECEIVED EST from 1
INFO: 01:44:12.064256 messenger.go:346: RECEIVED EST from 2
INFO: 01:44:12.064981 messenger.go:346: RECEIVED EST from 6
INFO: 01:44:12.065062 messenger.go:270: SENT EST to 2
INFO: 01:44:12.065901 messenger.go:346: RECEIVED EST from 9
INFO: 01:44:12.067906 messenger.go:346: RECEIVED EST from 8
INFO: 01:44:12.072455 messenger.go:346: RECEIVED EST from 0
INFO: 01:44:12.072469 messenger.go:346: RECEIVED EST from 2
INFO: 01:44:12.073905 messenger.go:346: RECEIVED EST from 5
INFO: 01:44:12.073994 messenger.go:270: SENT EST to 4
INFO: 01:44:12.085694 messenger.go:346: RECEIVED EST from 9
INFO: 01:44:12.092116 messenger.go:270: SENT EST to 2
INFO: 01:44:12.092368 messenger.go:346: RECEIVED EST from 1
INFO: 01:44:12.092535 messenger.go:346: RECEIVED EST from 6
INFO: 01:44:12.093056 messenger.go:346: RECEIVED EST from 0
INFO: 01:44:12.093431 messenger.go:346: RECEIVED EST from 7
INFO: 01:44:12.093747 messenger.go:346: RECEIVED EST from 8
INFO: 01:44:12.100869 messenger.go:270: SENT EST to 5
INFO: 01:44:12.102354 messenger.go:270: SENT EST to 6
INFO: 01:44:12.102488 messenger.go:346: RECEIVED EST from 6
INFO: 01:44:12.102726 messenger.go:270: SENT EST to 6
INFO: 01:44:12.102870 messenger.go:346: RECEIVED EST from 9
INFO: 01:44:12.103584 messenger.go:346: RECEIVED EST from 5
INFO: 01:44:12.103650 messenger.go:270: SENT EST to 9
INFO: 01:44:12.103660 messenger.go:270: SENT EST to 8
INFO: 01:44:12.103665 messenger.go:270: SENT EST to 7
INFO: 01:44:12.116803 messenger.go:346: RECEIVED EST from 4
INFO: 01:44:12.122416 messenger.go:270: SENT EST to 5
INFO: 01:44:12.122463 messenger.go:270: SENT EST to 4
INFO: 01:44:12.124621 messenger.go:270: SENT EST to 1
INFO: 01:44:12.125788 messenger.go:270: SENT EST to 0
INFO: 01:44:12.125957 messenger.go:346: RECEIVED EST from 1
INFO: 01:44:12.126564 messenger.go:346: RECEIVED EST from 6
INFO: 01:44:12.126664 messenger.go:346: RECEIVED EST from 4
INFO: 01:44:12.126820 messenger.go:270: SENT EST to 7
INFO: 01:44:12.129189 messenger.go:346: RECEIVED EST from 7
INFO: 01:44:12.129648 messenger.go:346: RECEIVED EST from 2
INFO: 01:44:12.130351 messenger.go:346: RECEIVED EST from 8
INFO: 01:44:12.135014 messenger.go:346: RECEIVED EST from 5
INFO: 01:44:12.144905 messenger.go:270: SENT EST to 9
INFO: 01:44:12.145709 messenger.go:346: RECEIVED EST from 0
INFO: 01:44:12.145782 messenger.go:270: SENT EST to 8
INFO: 01:44:12.146040 messenger.go:270: SENT EST to 6
INFO: 01:44:12.146296 messenger.go:346: RECEIVED EST from 1
INFO: 01:44:12.150804 messenger.go:270: SENT EST to 1
INFO: 01:44:12.153952 messenger.go:270: SENT EST to 2
INFO: 01:44:12.154078 messenger.go:270: SENT EST to 7
INFO: 01:44:12.154305 messenger.go:346: RECEIVED EST from 8
INFO: 01:44:12.157193 messenger.go:346: RECEIVED EST from 9
INFO: 01:44:12.157445 messenger.go:346: RECEIVED EST from 7
INFO: 01:44:12.157601 messenger.go:346: RECEIVED EST from 2
INFO: 01:44:12.159783 messenger.go:346: RECEIVED EST from 1
INFO: 01:44:12.162128 messenger.go:270: SENT EST to 4
INFO: 01:44:12.163063 messenger.go:270: SENT EST to 0
INFO: 01:44:12.170113 messenger.go:270: SENT EST to 8
INFO: 01:44:12.170607 messenger.go:270: SENT EST to 5
INFO: 01:44:12.170792 messenger.go:270: SENT EST to 1
INFO: 01:44:12.170977 messenger.go:346: RECEIVED EST from 2
INFO: 01:44:12.177205 messenger.go:346: RECEIVED EST from 1
INFO: 01:44:12.183218 messenger.go:270: SENT EST to 5
INFO: 01:44:12.183556 messenger.go:346: RECEIVED EST from 0
INFO: 01:44:12.183768 messenger.go:346: RECEIVED EST from 2
INFO: 01:44:12.184190 messenger.go:270: SENT EST to 0
INFO: 01:44:12.184365 messenger.go:346: RECEIVED EST from 8
INFO: 01:44:12.184373 messenger.go:270: SENT EST to 8
INFO: 01:44:12.184626 messenger.go:270: SENT EST to 7
INFO: 01:44:12.184858 messenger.go:270: SENT EST to 2
INFO: 01:44:12.185125 messenger.go:270: SENT EST to 9
INFO: 01:44:12.185206 messenger.go:346: RECEIVED EST from 5
INFO: 01:44:12.190668 messenger.go:346: RECEIVED EST from 7
INFO: 01:44:12.193439 messenger.go:270: SENT EST to 4
INFO: 01:44:12.197288 messenger.go:346: RECEIVED EST from 4
INFO: 01:44:12.197607 messenger.go:346: RECEIVED EST from 9
INFO: 01:44:12.197741 messenger.go:346: RECEIVED EST from 6
INFO: 01:44:12.197974 messenger.go:270: SENT EST to 1
INFO: 01:44:12.203246 messenger.go:270: SENT EST to 0
INFO: 01:44:12.203363 messenger.go:270: SENT EST to 2
INFO: 01:44:12.203432 messenger.go:270: SENT EST to 6
INFO: 01:44:12.205086 messenger.go:346: RECEIVED EST from 0
INFO: 01:44:12.209846 messenger.go:346: RECEIVED EST from 1
INFO: 01:44:12.217348 messenger.go:270: SENT EST to 5
INFO: 01:44:12.217396 messenger.go:270: SENT EST to 4
INFO: 01:44:12.218101 messenger.go:270: SENT EST to 9
INFO: 01:44:12.218293 messenger.go:346: RECEIVED EST from 4
INFO: 01:44:12.218474 messenger.go:346: RECEIVED EST from 8
INFO: 01:44:12.218650 messenger.go:346: RECEIVED EST from 2
INFO: 01:44:12.218658 messenger.go:270: SENT EST to 6
INFO: 01:44:12.218938 messenger.go:346: RECEIVED EST from 5
INFO: 01:44:12.221749 messenger.go:346: RECEIVED EST from 6
INFO: 01:44:12.240118 messenger.go:270: SENT EST to 8
INFO: 01:44:12.240704 messenger.go:270: SENT EST to 5
INFO: 01:44:12.240855 messenger.go:346: RECEIVED EST from 7
INFO: 01:44:12.240998 messenger.go:346: RECEIVED EST from 0
INFO: 01:44:12.241094 messenger.go:270: SENT EST to 7
INFO: 01:44:12.241358 messenger.go:270: SENT EST to 9
INFO: 01:44:12.245254 messenger.go:346: RECEIVED EST from 7
INFO: 01:44:12.246115 messenger.go:346: RECEIVED EST from 4
INFO: 01:44:12.246266 messenger.go:346: RECEIVED EST from 1
INFO: 01:44:12.246639 messenger.go:346: RECEIVED EST from 9
INFO: 01:44:12.246709 messenger.go:270: SENT EST to 7
INFO: 01:44:12.246741 messenger.go:270: SENT EST to 1
INFO: 01:44:12.246787 messenger.go:270: SENT EST to 6
INFO: 01:44:12.247629 messenger.go:346: RECEIVED EST from 6
INFO: 01:44:12.249149 messenger.go:270: SENT EST to 0
INFO: 01:44:12.250054 messenger.go:270: SENT EST to 8
INFO: 01:44:12.250176 messenger.go:346: RECEIVED EST from 8
INFO: 01:44:12.250377 messenger.go:270: SENT EST to 1
INFO: 01:44:12.256683 messenger.go:270: SENT EST to 2
INFO: 01:44:12.256979 messenger.go:270: SENT EST to 0
INFO: 01:44:12.257810 messenger.go:346: RECEIVED EST from 6
INFO: 01:44:12.258735 messenger.go:346: RECEIVED EST from 2
INFO: 01:44:12.258842 messenger.go:270: SENT EST to 4
INFO: 01:44:12.263072 messenger.go:270: SENT EST to 9
INFO: 01:44:12.259013 messenger.go:346: RECEIVED EST from 7
INFO: 01:44:12.276270 messenger.go:346: RECEIVED EST from 1
INFO: 01:44:12.276323 messenger.go:270: SENT EST to 2
INFO: 01:44:12.276705 messenger.go:270: SENT EST to 8
INFO: 01:44:12.276950 messenger.go:346: RECEIVED EST from 5
INFO: 01:44:12.277310 messenger.go:270: SENT EST to 6
INFO: 01:44:12.277316 messenger.go:270: SENT EST to 5
INFO: 01:44:12.277896 messenger.go:270: SENT EST to 9
INFO: 01:44:12.277947 messenger.go:270: SENT EST to 0
INFO: 01:44:12.278187 messenger.go:346: RECEIVED EST from 9
INFO: 01:44:12.278430 messenger.go:346: RECEIVED EST from 7
INFO: 01:44:12.281221 messenger.go:270: SENT EST to 7
INFO: 01:44:12.281283 messenger.go:270: SENT EST to 1
INFO: 01:44:12.287483 messenger.go:346: RECEIVED EST from 6
INFO: 01:44:12.287495 messenger.go:270: SENT EST to 4
INFO: 01:44:12.291161 messenger.go:346: RECEIVED EST from 4
INFO: 01:44:12.291805 messenger.go:346: RECEIVED EST from 0
INFO: 01:44:12.292163 messenger.go:270: SENT EST to 4
INFO: 01:44:12.295975 messenger.go:270: SENT EST to 2
INFO: 01:44:12.296197 messenger.go:346: RECEIVED EST from 2
INFO: 01:44:12.296594 messenger.go:270: SENT EST to 6
INFO: 01:44:12.296666 messenger.go:270: SENT EST to 7
INFO: 01:44:12.297112 messenger.go:346: RECEIVED EST from 7
INFO: 01:44:12.297215 messenger.go:270: SENT EST to 8
INFO: 01:44:12.297710 messenger.go:270: SENT EST to 2
INFO: 01:44:12.299980 messenger.go:270: SENT EST to 5
INFO: 01:44:12.300103 messenger.go:270: SENT EST to 0
INFO: 01:44:12.300506 messenger.go:346: RECEIVED EST from 8
INFO: 01:44:12.300855 messenger.go:270: SENT EST to 6
INFO: 01:44:12.300974 messenger.go:270: SENT EST to 7
INFO: 01:44:12.302463 messenger.go:270: SENT EST to 4
INFO: 01:44:12.303370 messenger.go:270: SENT EST to 8
INFO: 01:44:12.304467 messenger.go:270: SENT EST to 4
INFO: 01:44:12.312797 messenger.go:270: SENT EST to 5
INFO: 01:44:12.316166 messenger.go:270: SENT EST to 7
INFO: 01:44:12.316986 messenger.go:270: SENT EST to 6
INFO: 01:44:12.326299 messenger.go:270: SENT EST to 5
INFO: 01:44:12.326437 messenger.go:270: SENT EST to 8
INFO: 01:44:12.336208 messenger.go:270: SENT EST to 1
INFO: 01:44:12.337595 messenger.go:346: RECEIVED EST from 8
INFO: 01:44:12.339325 messenger.go:346: RECEIVED EST from 7
INFO: 01:44:12.339873 messenger.go:346: RECEIVED EST from 1
INFO: 01:44:12.345569 messenger.go:346: RECEIVED EST from 6
INFO: 01:44:12.349388 messenger.go:346: RECEIVED EST from 2
INFO: 01:44:12.350012 messenger.go:346: RECEIVED EST from 6
INFO: 01:44:12.352321 messenger.go:346: RECEIVED EST from 8
INFO: 01:44:12.354002 messenger.go:346: RECEIVED EST from 0
INFO: 01:44:12.354189 messenger.go:346: RECEIVED EST from 9
INFO: 01:44:12.355412 messenger.go:346: RECEIVED EST from 2
INFO: 01:44:12.359357 messenger.go:346: RECEIVED EST from 7
INFO: 01:44:12.361006 messenger.go:346: RECEIVED EST from 6
INFO: 01:44:12.366095 messenger.go:346: RECEIVED EST from 5
INFO: 01:44:12.371141 messenger.go:346: RECEIVED EST from 2
INFO: 01:44:12.372983 messenger.go:346: RECEIVED EST from 0
INFO: 01:44:12.373213 messenger.go:346: RECEIVED EST from 1
INFO: 01:44:12.373483 messenger.go:346: RECEIVED EST from 7
INFO: 01:44:12.373595 messenger.go:270: SENT EST to 9
INFO: 01:44:12.376558 messenger.go:270: SENT EST to 8
INFO: 01:44:12.376832 messenger.go:270: SENT EST to 9
INFO: 01:44:12.377015 messenger.go:270: SENT EST to 6
INFO: 01:44:12.385193 messenger.go:270: SENT EST to 5
INFO: 01:44:12.385397 messenger.go:270: SENT EST to 9
INFO: 01:44:12.387135 messenger.go:270: SENT EST to 0
INFO: 01:44:12.387850 messenger.go:270: SENT EST to 2
INFO: 01:44:12.388000 messenger.go:346: RECEIVED EST from 0
INFO: 01:44:12.388125 messenger.go:270: SENT EST to 4
INFO: 01:44:12.388243 messenger.go:346: RECEIVED EST from 8
INFO: 01:44:12.388396 messenger.go:346: RECEIVED EST from 9
INFO: 01:44:12.393524 messenger.go:270: SENT EST to 1
INFO: 01:44:12.404252 messenger.go:346: RECEIVED EST from 2
INFO: 01:44:12.406905 messenger.go:270: SENT EST to 2
INFO: 01:44:12.407035 messenger.go:270: SENT EST to 0
INFO: 01:44:12.407568 messenger.go:270: SENT EST to 6
INFO: 01:44:12.407622 messenger.go:270: SENT EST to 5
INFO: 01:44:12.407631 messenger.go:270: SENT EST to 9
INFO: 01:44:12.408004 messenger.go:346: RECEIVED EST from 0
INFO: 01:44:12.409415 messenger.go:270: SENT EST to 0
INFO: 01:44:12.410337 messenger.go:346: RECEIVED EST from 9
INFO: 01:44:12.412313 messenger.go:346: RECEIVED EST from 6
INFO: 01:44:12.412895 messenger.go:346: RECEIVED EST from 5
INFO: 01:44:12.414556 messenger.go:346: RECEIVED EST from 5
INFO: 01:44:12.415692 messenger.go:346: RECEIVED EST from 1
INFO: 01:44:12.416504 messenger.go:270: SENT EST to 1
INFO: 01:44:12.417449 messenger.go:270: SENT EST to 2
INFO: 01:44:12.419645 messenger.go:346: RECEIVED EST from 5
INFO: 01:44:12.420530 messenger.go:270: SENT EST to 7
INFO: 01:44:12.423747 messenger.go:270: SENT EST to 8
INFO: 01:44:12.423918 messenger.go:270: SENT EST to 9
INFO: 01:44:12.424070 messenger.go:270: SENT EST to 0
INFO: 01:44:12.424852 messenger.go:270: SENT EST to 1
INFO: 01:44:12.428159 messenger.go:270: SENT EST to 2
INFO: 01:44:12.428317 messenger.go:346: RECEIVED EST from 4
INFO: 01:44:12.428895 messenger.go:270: SENT EST to 1
INFO: 01:44:12.430099 messenger.go:270: SENT EST to 7
INFO: 01:44:12.430234 messenger.go:346: RECEIVED EST from 8
INFO: 01:44:12.433879 messenger.go:346: RECEIVED EST from 6
INFO: 01:44:12.434116 messenger.go:346: RECEIVED EST from 5
INFO: 01:44:12.434338 messenger.go:346: RECEIVED EST from 2
INFO: 01:44:12.448273 messenger.go:346: RECEIVED EST from 7
INFO: 01:44:12.448969 messenger.go:346: RECEIVED EST from 9
INFO: 01:44:12.449143 messenger.go:346: RECEIVED EST from 0
INFO: 01:44:12.450699 messenger.go:270: SENT EST to 4
INFO: 01:44:12.458780 messenger.go:346: RECEIVED EST from 8
INFO: 01:44:12.459659 messenger.go:270: SENT EST to 8
INFO: 01:44:12.459823 messenger.go:270: SENT EST to 6
INFO: 01:44:12.486179 messenger.go:270: SENT EST to 0
INFO: 01:44:12.486434 messenger.go:346: RECEIVED EST from 4
INFO: 01:44:12.486522 messenger.go:270: SENT EST to 1
INFO: 01:44:12.486807 messenger.go:346: RECEIVED EST from 5
INFO: 01:44:12.486970 messenger.go:270: SENT EST to 4
INFO: 01:44:12.487204 messenger.go:270: SENT EST to 5
INFO: 01:44:12.487264 messenger.go:270: SENT EST to 9
INFO: 01:44:12.487293 messenger.go:270: SENT EST to 7
INFO: 01:44:12.487451 messenger.go:270: SENT EST to 2
INFO: 01:44:12.487613 messenger.go:346: RECEIVED EST from 2
INFO: 01:44:12.487763 messenger.go:346: RECEIVED EST from 1
INFO: 01:44:12.488060 messenger.go:346: RECEIVED EST from 9
INFO: 01:44:12.495117 messenger.go:346: RECEIVED EST from 8
INFO: 01:44:12.496126 messenger.go:346: RECEIVED EST from 0
INFO: 01:44:12.498098 messenger.go:346: RECEIVED EST from 6
INFO: 01:44:12.501780 messenger.go:270: SENT EST to 5
INFO: 01:44:12.501927 messenger.go:270: SENT EST to 6
INFO: 01:44:12.502096 messenger.go:346: RECEIVED EST from 5
INFO: 01:44:12.502133 messenger.go:270: SENT EST to 2
INFO: 01:44:12.502217 messenger.go:270: SENT EST to 7
INFO: 01:44:12.502338 messenger.go:346: RECEIVED EST from 7
INFO: 01:44:12.504430 messenger.go:346: RECEIVED EST from 2
INFO: 01:44:12.512200 messenger.go:270: SENT EST to 9
INFO: 01:44:12.512276 messenger.go:270: SENT EST to 1
INFO: 01:44:12.512480 messenger.go:346: RECEIVED EST from 1
INFO: 01:44:12.515493 messenger.go:270: SENT EST to 8
INFO: 01:44:12.516373 messenger.go:346: RECEIVED EST from 5
INFO: 01:44:12.516596 messenger.go:270: SENT EST to 4
INFO: 01:44:12.520130 messenger.go:346: RECEIVED EST from 4
INFO: 01:44:12.521248 messenger.go:270: SENT EST to 5
INFO: 01:44:12.522173 messenger.go:270: SENT EST to 7
INFO: 01:44:12.522283 messenger.go:270: SENT EST to 4
INFO: 01:44:12.522757 messenger.go:270: SENT EST to 0
INFO: 01:44:12.524160 messenger.go:346: RECEIVED EST from 4
INFO: 01:44:12.527125 messenger.go:270: SENT EST to 6
INFO: 01:44:12.528406 messenger.go:346: RECEIVED EST from 9
INFO: 01:44:12.529586 messenger.go:270: SENT EST to 7
INFO: 01:44:12.529632 messenger.go:270: SENT EST to 5
INFO: 01:44:12.532270 messenger.go:270: SENT EST to 4
INFO: 01:44:12.533188 messenger.go:270: SENT EST to 4
INFO: 01:44:12.533399 messenger.go:270: SENT EST to 5
INFO: 01:44:12.538953 messenger.go:346: RECEIVED EST from 6
INFO: 01:44:12.555716 messenger.go:270: SENT EST to 6
INFO: 01:44:12.557060 messenger.go:270: SENT EST to 1
INFO: 01:44:12.557094 messenger.go:270: SENT EST to 0
INFO: 01:44:12.557479 messenger.go:270: SENT EST to 7
INFO: 01:44:12.557636 messenger.go:346: RECEIVED EST from 7
INFO: 01:44:12.557696 messenger.go:270: SENT EST to 8
INFO: 01:44:12.559380 messenger.go:346: RECEIVED EST from 0
INFO: 01:44:12.559650 messenger.go:346: RECEIVED EST from 2
INFO: 01:44:12.559793 messenger.go:346: RECEIVED EST from 8
INFO: 01:44:12.560508 messenger.go:346: RECEIVED EST from 5
INFO: 01:44:12.563159 messenger.go:346: RECEIVED EST from 4
INFO: 01:44:12.565395 messenger.go:270: SENT EST to 2
INFO: 01:44:12.565780 messenger.go:270: SENT EST to 9
INFO: 01:44:12.568182 messenger.go:270: SENT EST to 5
INFO: 01:44:12.568790 messenger.go:270: SENT EST to 4
INFO: 01:44:12.604175 messenger.go:270: SENT EST to 2
INFO: 01:44:12.604318 messenger.go:346: RECEIVED EST from 6
INFO: 01:44:12.604376 messenger.go:270: SENT EST to 1
INFO: 01:44:12.604534 messenger.go:346: RECEIVED EST from 9
INFO: 01:44:12.604774 messenger.go:270: SENT EST to 0
INFO: 01:44:12.604942 messenger.go:270: SENT EST to 6
INFO: 01:44:12.605884 messenger.go:270: SENT EST to 8
INFO: 01:44:12.606350 messenger.go:270: SENT EST to 7
INFO: 01:44:12.606538 messenger.go:270: SENT EST to 9
INFO: 01:44:12.606683 messenger.go:346: RECEIVED EST from 0
INFO: 01:44:12.606847 messenger.go:346: RECEIVED EST from 5
INFO: 01:44:12.606915 messenger.go:346: RECEIVED EST from 2
INFO: 01:44:12.607192 messenger.go:346: RECEIVED EST from 1
INFO: 01:44:12.623191 messenger.go:270: SENT EST to 5
INFO: 01:44:12.623409 messenger.go:346: RECEIVED EST from 6
INFO: 01:44:12.623622 messenger.go:270: SENT EST to 9
INFO: 01:44:12.623632 messenger.go:346: RECEIVED EST from 7
INFO: 01:44:12.623735 messenger.go:270: SENT EST to 6
INFO: 01:44:12.624083 messenger.go:346: RECEIVED EST from 9
INFO: 01:44:12.624469 messenger.go:346: RECEIVED EST from 4
INFO: 01:44:12.628940 messenger.go:270: SENT EST to 2
INFO: 01:44:12.629372 messenger.go:270: SENT EST to 0
INFO: 01:44:12.629809 messenger.go:346: RECEIVED EST from 5
INFO: 01:44:12.629871 messenger.go:270: SENT EST to 4
INFO: 01:44:12.634799 messenger.go:270: SENT EST to 7
INFO: 01:44:12.635127 messenger.go:346: RECEIVED EST from 0
INFO: 01:44:12.642882 messenger.go:346: RECEIVED EST from 2
INFO: 01:44:12.643400 messenger.go:270: SENT EST to 1
INFO: 01:44:12.643834 messenger.go:346: RECEIVED EST from 1
INFO: 01:44:12.648657 messenger.go:270: SENT EST to 8
INFO: 01:44:12.653722 messenger.go:346: RECEIVED EST from 8
INFO: 01:44:12.655643 messenger.go:346: RECEIVED EST from 0
INFO: 01:44:12.655739 messenger.go:346: RECEIVED EST from 4
INFO: 01:44:12.655935 messenger.go:346: RECEIVED EST from 7
INFO: 01:44:12.656384 messenger.go:270: SENT EST to 0
INFO: 01:44:12.656868 messenger.go:270: SENT EST to 4
INFO: 01:44:12.657626 messenger.go:270: SENT EST to 8
INFO: 01:44:12.662662 messenger.go:270: SENT EST to 9
INFO: 01:44:12.663519 messenger.go:270: SENT EST to 6
INFO: 01:44:12.663724 messenger.go:270: SENT EST to 2
INFO: 01:44:12.666140 messenger.go:346: RECEIVED EST from 6
INFO: 01:44:12.666201 messenger.go:270: SENT EST to 8
INFO: 01:44:12.666307 messenger.go:270: SENT EST to 7
INFO: 01:44:12.666423 messenger.go:346: RECEIVED EST from 2
INFO: 01:44:12.666711 messenger.go:270: SENT EST to 5
INFO: 01:44:12.666945 messenger.go:346: RECEIVED EST from 9
INFO: 01:44:12.667817 messenger.go:270: SENT EST to 0
INFO: 01:44:12.673193 messenger.go:346: RECEIVED EST from 5
INFO: 01:44:12.675952 messenger.go:270: SENT EST to 8
INFO: 01:44:12.678098 messenger.go:270: SENT EST to 9
INFO: 01:44:12.703104 messenger.go:346: RECEIVED EST from 1
INFO: 01:44:12.703322 messenger.go:270: SENT EST to 1
INFO: 01:44:12.704638 messenger.go:346: RECEIVED EST from 8
INFO: 01:44:12.704788 messenger.go:346: RECEIVED EST from 2
INFO: 01:44:12.704852 messenger.go:270: SENT EST to 6
INFO: 01:44:12.706401 messenger.go:270: SENT EST to 9
INFO: 01:44:12.706629 messenger.go:346: RECEIVED EST from 4
INFO: 01:44:12.706785 messenger.go:346: RECEIVED EST from 6
INFO: 01:44:12.707373 messenger.go:270: SENT EST to 0
INFO: 01:44:12.707721 messenger.go:346: RECEIVED EST from 9
INFO: 01:44:12.710979 messenger.go:346: RECEIVED EST from 7
INFO: 01:44:12.711881 messenger.go:270: SENT EST to 4
INFO: 01:44:12.712153 messenger.go:346: RECEIVED EST from 0
INFO: 01:44:12.712444 messenger.go:270: SENT EST to 0
INFO: 01:44:12.712495 messenger.go:270: SENT EST to 7
INFO: 01:44:12.713068 messenger.go:346: RECEIVED EST from 5
INFO: 01:44:12.719339 messenger.go:270: SENT EST to 2
INFO: 01:44:12.725313 messenger.go:270: SENT EST to 9
INFO: 01:44:12.725678 messenger.go:270: SENT EST to 8
INFO: 01:44:12.726547 messenger.go:346: RECEIVED EST from 1
INFO: 01:44:12.728203 messenger.go:270: SENT EST to 5
INFO: 01:44:12.728487 messenger.go:346: RECEIVED EST from 2
INFO: 01:44:12.732479 messenger.go:270: SENT EST to 1
INFO: 01:44:12.734796 messenger.go:270: SENT EST to 4
INFO: 01:44:12.734823 messenger.go:270: SENT EST to 6
INFO: 01:44:12.734972 messenger.go:346: RECEIVED EST from 7
INFO: 01:44:12.737642 messenger.go:346: RECEIVED EST from 9
INFO: 01:44:12.738944 messenger.go:346: RECEIVED EST from 4
INFO: 01:44:12.739602 messenger.go:346: RECEIVED EST from 8
INFO: 01:44:12.742518 messenger.go:270: SENT EST to 7
INFO: 01:44:12.742988 messenger.go:346: RECEIVED EST from 0
INFO: 01:44:12.743038 messenger.go:270: SENT EST to 0
INFO: 01:44:12.750400 messenger.go:270: SENT EST to 2
INFO: 01:44:12.751377 messenger.go:346: RECEIVED EST from 6
INFO: 01:44:12.751655 messenger.go:270: SENT EST to 9
INFO: 01:44:12.757145 messenger.go:346: RECEIVED EST from 5
INFO: 01:44:12.758956 messenger.go:270: SENT EST to 8
INFO: 01:44:12.760434 messenger.go:270: SENT EST to 5
INFO: 01:44:12.760561 messenger.go:270: SENT EST to 6
INFO: 01:44:12.763491 messenger.go:270: SENT EST to 1
INFO: 01:44:12.763952 messenger.go:346: RECEIVED EST from 1
INFO: 01:44:12.768576 messenger.go:270: SENT EST to 4
INFO: 01:44:12.768846 messenger.go:270: SENT EST to 7
INFO: 01:44:12.769052 messenger.go:270: SENT EST to 0
INFO: 01:44:12.777192 messenger.go:270: SENT EST to 2
INFO: 01:44:12.777674 messenger.go:346: RECEIVED EST from 2
INFO: 01:44:12.777818 messenger.go:270: SENT EST to 5
INFO: 01:44:12.777865 messenger.go:270: SENT EST to 9
INFO: 01:44:12.778093 messenger.go:346: RECEIVED EST from 4
INFO: 01:44:12.778539 messenger.go:346: RECEIVED EST from 0
INFO: 01:44:12.780575 messenger.go:346: RECEIVED EST from 9
INFO: 01:44:12.782246 messenger.go:270: SENT EST to 8
INFO: 01:44:12.787073 messenger.go:346: RECEIVED EST from 5
INFO: 01:44:12.787302 messenger.go:346: RECEIVED EST from 8
INFO: 01:44:12.789546 messenger.go:346: RECEIVED EST from 7
INFO: 01:44:12.789646 messenger.go:270: SENT EST to 6
INFO: 01:44:12.789854 messenger.go:346: RECEIVED EST from 6
INFO: 01:44:12.792598 messenger.go:270: SENT EST to 1
INFO: 01:44:12.795379 messenger.go:270: SENT EST to 4
INFO: 01:44:12.795836 messenger.go:270: SENT EST to 7
INFO: 01:44:12.795902 messenger.go:270: SENT EST to 0
INFO: 01:44:12.815424 messenger.go:270: SENT EST to 9
INFO: 01:44:12.816250 messenger.go:346: RECEIVED EST from 1
INFO: 01:44:12.817435 messenger.go:346: RECEIVED EST from 9
INFO: 01:44:12.818519 messenger.go:270: SENT EST to 1
INFO: 01:44:12.820536 messenger.go:270: SENT EST to 6
INFO: 01:44:12.820770 messenger.go:346: RECEIVED EST from 4
INFO: 01:44:12.821860 messenger.go:270: SENT EST to 8
INFO: 01:44:12.822026 messenger.go:346: RECEIVED EST from 8
INFO: 01:44:12.822608 messenger.go:346: RECEIVED EST from 0
INFO: 01:44:12.826492 messenger.go:346: RECEIVED EST from 6
INFO: 01:44:12.827145 messenger.go:346: RECEIVED EST from 2
INFO: 01:44:12.827867 messenger.go:346: RECEIVED EST from 7
INFO: 01:44:12.830225 messenger.go:270: SENT EST to 1
INFO: 01:44:12.834421 messenger.go:270: SENT EST to 1
INFO: 01:44:12.834644 messenger.go:346: RECEIVED EST from 8
INFO: 01:44:12.834663 messenger.go:270: SENT EST to 2
INFO: 01:44:12.835164 messenger.go:346: RECEIVED EST from 9
INFO: 01:44:12.835751 messenger.go:346: RECEIVED EST from 1
INFO: 01:44:12.841363 messenger.go:346: RECEIVED EST from 6
INFO: 01:44:12.842462 messenger.go:346: RECEIVED EST from 5
INFO: 01:44:12.842735 messenger.go:270: SENT EST to 5
INFO: 01:44:12.845023 messenger.go:270: SENT EST to 4
INFO: 01:44:12.845166 messenger.go:346: RECEIVED EST from 4
INFO: 01:44:12.845629 messenger.go:346: RECEIVED EST from 0
INFO: 01:44:12.846296 messenger.go:346: RECEIVED EST from 7
INFO: 01:44:12.850158 messenger.go:270: SENT EST to 8
INFO: 01:44:12.850359 messenger.go:270: SENT EST to 0
INFO: 01:44:12.850891 messenger.go:270: SENT EST to 7
INFO: 01:44:12.852926 messenger.go:270: SENT EST to 1
INFO: 01:44:12.858325 messenger.go:270: SENT EST to 9
INFO: 01:44:12.858480 messenger.go:270: SENT EST to 6
INFO: 01:44:12.865967 messenger.go:346: RECEIVED EST from 2
INFO: 01:44:12.867425 messenger.go:346: RECEIVED EST from 9
INFO: 01:44:12.878845 messenger.go:270: SENT EST to 2
INFO: 01:44:12.882417 messenger.go:346: RECEIVED EST from 8
INFO: 01:44:12.882472 messenger.go:270: SENT EST to 5
INFO: 01:44:12.885035 messenger.go:346: RECEIVED EST from 9
INFO: 01:44:12.886218 messenger.go:346: RECEIVED EST from 0
INFO: 01:44:12.886376 messenger.go:346: RECEIVED EST from 2
INFO: 01:44:12.886439 messenger.go:346: RECEIVED EST from 6
INFO: 01:44:12.886508 messenger.go:346: RECEIVED EST from 7
INFO: 01:44:12.886600 messenger.go:270: SENT EST to 4
INFO: 01:44:12.886758 messenger.go:346: RECEIVED EST from 4
INFO: 01:44:12.887125 messenger.go:346: RECEIVED EST from 5
INFO: 01:44:12.887197 messenger.go:346: RECEIVED EST from 1
INFO: 01:44:12.890799 messenger.go:346: RECEIVED EST from 8
INFO: 01:44:12.892019 messenger.go:346: RECEIVED EST from 6
INFO: 01:44:12.894283 messenger.go:270: SENT EST to 0
INFO: 01:44:12.894800 messenger.go:270: SENT EST to 8
INFO: 01:44:12.898209 messenger.go:270: SENT EST to 5
INFO: 01:44:12.898245 messenger.go:270: SENT EST to 6
INFO: 01:44:12.900715 messenger.go:346: RECEIVED EST from 9
INFO: 01:44:12.903580 messenger.go:270: SENT EST to 2
INFO: 01:44:12.904517 messenger.go:346: RECEIVED EST from 1
INFO: 01:44:12.904565 messenger.go:270: SENT EST to 9
INFO: 01:44:12.904661 messenger.go:270: SENT EST to 1
INFO: 01:44:12.917926 messenger.go:346: RECEIVED EST from 4
INFO: 01:44:12.919656 messenger.go:270: SENT EST to 2
INFO: 01:44:12.920526 messenger.go:346: RECEIVED EST from 6
INFO: 01:44:12.920852 messenger.go:270: SENT EST to 6
INFO: 01:44:12.920915 messenger.go:270: SENT EST to 7
INFO: 01:44:12.924716 messenger.go:270: SENT EST to 8
INFO: 01:44:12.925057 messenger.go:346: RECEIVED EST from 7
INFO: 01:44:12.925545 messenger.go:346: RECEIVED EST from 5
INFO: 01:44:12.926072 messenger.go:346: RECEIVED EST from 2
INFO: 01:44:12.926354 messenger.go:346: RECEIVED EST from 8
INFO: 01:44:12.927706 messenger.go:346: RECEIVED EST from 0
INFO: 01:44:12.936367 messenger.go:346: RECEIVED EST from 9
INFO: 01:44:12.938137 messenger.go:346: RECEIVED EST from 1
INFO: 01:44:12.939336 messenger.go:270: SENT EST to 2
INFO: 01:44:12.939902 messenger.go:270: SENT EST to 4
INFO: 01:44:12.941456 messenger.go:346: RECEIVED EST from 4
INFO: 01:44:12.941994 messenger.go:270: SENT EST to 9
INFO: 01:44:12.946968 messenger.go:346: RECEIVED EST from 0
INFO: 01:44:12.948403 messenger.go:270: SENT EST to 0
INFO: 01:44:12.954946 messenger.go:270: SENT EST to 5
INFO: 01:44:12.957918 messenger.go:346: RECEIVED EST from 8
INFO: 01:44:12.958190 messenger.go:346: RECEIVED EST from 6
INFO: 01:44:12.958304 messenger.go:270: SENT EST to 7
INFO: 01:44:12.958609 messenger.go:346: RECEIVED EST from 2
INFO: 01:44:12.961858 messenger.go:346: RECEIVED EST from 7
INFO: 01:44:12.963344 messenger.go:346: RECEIVED EST from 5
INFO: 01:44:12.963447 messenger.go:346: RECEIVED EST from 0
INFO: 01:44:12.963450 messenger.go:270: SENT EST to 4
INFO: 01:44:12.965371 messenger.go:346: RECEIVED EST from 6
INFO: 01:44:12.965662 messenger.go:346: RECEIVED EST from 4
INFO: 01:44:12.973706 messenger.go:270: SENT EST to 2
INFO: 01:44:12.975805 messenger.go:270: SENT EST to 1
INFO: 01:44:12.978269 messenger.go:270: SENT EST to 0
INFO: 01:44:12.978283 messenger.go:270: SENT EST to 6
INFO: 01:44:12.978421 messenger.go:270: SENT EST to 8
INFO: 01:44:12.978483 messenger.go:270: SENT EST to 4
INFO: 01:44:12.980089 messenger.go:270: SENT EST to 4
INFO: 01:44:12.980116 messenger.go:346: RECEIVED EST from 1
INFO: 01:44:12.980245 messenger.go:346: RECEIVED EST from 8
INFO: 01:44:12.988081 messenger.go:270: SENT EST to 5
INFO: 01:44:13.002325 messenger.go:270: SENT EST to 1
INFO: 01:44:13.002646 messenger.go:270: SENT EST to 6
INFO: 01:44:13.002680 messenger.go:270: SENT EST to 7
INFO: 01:44:13.003347 messenger.go:270: SENT EST to 5
INFO: 01:44:13.006425 messenger.go:270: SENT EST to 6
INFO: 01:44:13.007144 messenger.go:346: RECEIVED EST from 7
INFO: 01:44:13.007658 messenger.go:346: RECEIVED EST from 9
INFO: 01:44:13.013210 messenger.go:346: RECEIVED EST from 0
INFO: 01:44:13.013848 messenger.go:270: SENT EST to 8
INFO: 01:44:13.014871 messenger.go:346: RECEIVED EST from 4
INFO: 01:44:13.015475 messenger.go:346: RECEIVED EST from 6
INFO: 01:44:13.018669 messenger.go:270: SENT EST to 2
INFO: 01:44:13.018846 messenger.go:346: RECEIVED EST from 0
INFO: 01:44:13.019662 messenger.go:270: SENT EST to 5
INFO: 01:44:13.019844 messenger.go:346: RECEIVED EST from 5
INFO: 01:44:13.019995 messenger.go:346: RECEIVED EST from 2
INFO: 01:44:13.022501 messenger.go:346: RECEIVED EST from 8
INFO: 01:44:13.028878 messenger.go:270: SENT EST to 9
INFO: 01:44:13.032719 messenger.go:346: RECEIVED EST from 4
INFO: 01:44:13.034459 messenger.go:270: SENT EST to 7
INFO: 01:44:13.036935 messenger.go:346: RECEIVED EST from 1
INFO: 01:44:13.037070 messenger.go:346: RECEIVED EST from 7
INFO: 01:44:13.037251 messenger.go:346: RECEIVED EST from 0
INFO: 01:44:13.037256 messenger.go:270: SENT EST to 4
INFO: 01:44:13.037259 messenger.go:270: SENT EST to 6
INFO: 01:44:13.037370 messenger.go:270: SENT EST to 8
INFO: 01:44:13.037392 messenger.go:270: SENT EST to 0
INFO: 01:44:13.037545 messenger.go:346: RECEIVED EST from 6
INFO: 01:44:13.041244 messenger.go:270: SENT EST to 1
INFO: 01:44:13.042123 messenger.go:270: SENT EST to 7
INFO: 01:44:13.042531 messenger.go:270: SENT EST to 8
INFO: 01:44:13.051921 messenger.go:346: RECEIVED EST from 5
INFO: 01:44:13.052716 messenger.go:270: SENT EST to 2
INFO: 01:44:13.052951 messenger.go:270: SENT EST to 7
INFO: 01:44:13.053048 messenger.go:270: SENT EST to 5
INFO: 01:44:13.053177 messenger.go:346: RECEIVED EST from 7
INFO: 01:44:13.053562 messenger.go:346: RECEIVED EST from 4
INFO: 01:44:13.053905 messenger.go:346: RECEIVED EST from 2
INFO: 01:44:13.057425 messenger.go:346: RECEIVED EST from 8
INFO: 01:44:13.067074 messenger.go:270: SENT EST to 9
INFO: 01:44:13.068781 messenger.go:346: RECEIVED EST from 9
INFO: 01:44:13.073928 messenger.go:346: RECEIVED EST from 5
INFO: 01:44:13.074332 messenger.go:346: RECEIVED EST from 1
INFO: 01:44:13.074439 messenger.go:346: RECEIVED EST from 6
INFO: 01:44:13.074479 messenger.go:346: RECEIVED EST from 0
INFO: 01:44:13.076654 messenger.go:270: SENT EST to 0
INFO: 01:44:13.076740 messenger.go:270: SENT EST to 1
INFO: 01:44:13.078198 messenger.go:270: SENT EST to 4
INFO: 01:44:13.078654 messenger.go:270: SENT EST to 6
INFO: 01:44:13.078979 messenger.go:270: SENT EST to 8
INFO: 01:44:13.079005 messenger.go:270: SENT EST to 7
INFO: 01:44:13.081955 messenger.go:346: RECEIVED EST from 2
INFO: 01:44:13.085215 messenger.go:346: RECEIVED EST from 8
INFO: 01:44:13.088430 messenger.go:346: RECEIVED EST from 4
INFO: 01:44:13.093155 messenger.go:270: SENT EST to 5
INFO: 01:44:13.093380 messenger.go:346: RECEIVED EST from 7
INFO: 01:44:13.096863 messenger.go:346: RECEIVED EST from 5
INFO: 01:44:13.097357 messenger.go:346: RECEIVED EST from 1
INFO: 01:44:13.100898 messenger.go:346: RECEIVED EST from 6
INFO: 01:44:13.100967 messenger.go:270: SENT EST to 2
INFO: 01:44:13.105442 messenger.go:270: SENT EST to 9
INFO: 01:44:13.107145 messenger.go:346: RECEIVED EST from 9
INFO: 01:44:13.107443 messenger.go:346: RECEIVED EST from 0
INFO: 01:44:13.114090 messenger.go:270: SENT EST to 4
INFO: 01:44:13.115133 messenger.go:270: SENT EST to 5
INFO: 01:44:13.116237 messenger.go:270: SENT EST to 0
INFO: 01:44:13.121259 messenger.go:270: SENT EST to 7
INFO: 01:44:13.121266 messenger.go:270: SENT EST to 1
INFO: 01:44:13.123870 messenger.go:346: RECEIVED EST from 2
INFO: 01:44:13.125774 messenger.go:346: RECEIVED EST from 8
INFO: 01:44:13.126211 messenger.go:270: SENT EST to 8
INFO: 01:44:13.129110 messenger.go:270: SENT EST to 6
INFO: 01:44:13.130174 messenger.go:346: RECEIVED EST from 4
INFO: 01:44:13.135308 messenger.go:270: SENT EST to 2
INFO: 01:44:13.137759 messenger.go:346: RECEIVED EST from 6
INFO: 01:44:13.139232 messenger.go:346: RECEIVED EST from 5
INFO: 01:44:13.144608 messenger.go:346: RECEIVED EST from 7
INFO: 01:44:13.146335 messenger.go:270: SENT EST to 9
INFO: 01:44:13.165177 messenger.go:346: RECEIVED EST from 1
INFO: 01:44:13.175785 messenger.go:270: SENT EST to 8
INFO: 01:44:13.175934 messenger.go:346: RECEIVED EST from 0
INFO: 01:44:13.178805 messenger.go:270: SENT EST to 5
INFO: 01:44:13.179768 messenger.go:270: SENT EST to 9
INFO: 01:44:13.180445 messenger.go:346: RECEIVED EST from 9
INFO: 01:44:13.180588 messenger.go:346: RECEIVED EST from 8
INFO: 01:44:13.181184 messenger.go:270: SENT EST to 4
INFO: 01:44:13.184057 messenger.go:346: RECEIVED EST from 2
INFO: 01:44:13.186509 messenger.go:346: RECEIVED EST from 5
INFO: 01:44:13.187183 messenger.go:270: SENT EST to 7
INFO: 01:44:13.192618 messenger.go:270: SENT EST to 1
INFO: 01:44:13.193115 messenger.go:346: RECEIVED EST from 4
INFO: 01:44:13.201176 messenger.go:270: SENT EST to 2
INFO: 01:44:13.201357 messenger.go:346: RECEIVED EST from 7
INFO: 01:44:13.204731 messenger.go:346: RECEIVED EST from 0
INFO: 01:44:13.204798 messenger.go:270: SENT EST to 0
INFO: 01:44:13.206458 messenger.go:270: SENT EST to 9
INFO: 01:44:13.207249 messenger.go:270: SENT EST to 5
INFO: 01:44:13.207384 messenger.go:346: RECEIVED EST from 9
INFO: 01:44:13.208699 messenger.go:270: SENT EST to 4
INFO: 01:44:13.212407 messenger.go:346: RECEIVED EST from 1
INFO: 01:44:13.213921 messenger.go:270: SENT EST to 1
INFO: 01:44:13.214252 messenger.go:270: SENT EST to 2
INFO: 01:44:13.222326 messenger.go:270: SENT EST to 6
INFO: 01:44:13.224074 messenger.go:346: RECEIVED EST from 8
INFO: 01:44:13.224224 messenger.go:346: RECEIVED EST from 6
INFO: 01:44:13.224385 messenger.go:346: RECEIVED EST from 4
INFO: 01:44:13.224718 messenger.go:346: RECEIVED EST from 5
INFO: 01:44:13.234551 messenger.go:270: SENT EST to 7
INFO: 01:44:13.235870 messenger.go:270: SENT EST to 0
INFO: 01:44:13.236005 messenger.go:346: RECEIVED EST from 2
INFO: 01:44:13.236831 messenger.go:270: SENT EST to 9
INFO: 01:44:13.239544 messenger.go:270: SENT EST to 8
INFO: 01:44:13.239823 messenger.go:346: RECEIVED EST from 1
INFO: 01:44:13.240131 messenger.go:346: RECEIVED EST from 9
INFO: 01:44:13.241212 messenger.go:346: RECEIVED EST from 7
INFO: 01:44:13.243050 messenger.go:270: SENT EST to 2
INFO: 01:44:13.243240 messenger.go:346: RECEIVED EST from 5
INFO: 01:44:13.243738 messenger.go:270: SENT EST to 6
INFO: 01:44:13.244657 messenger.go:270: SENT EST to 6
INFO: 01:44:13.246752 messenger.go:346: RECEIVED EST from 2
INFO: 01:44:13.247264 messenger.go:270: SENT EST to 1
INFO: 01:44:13.249671 messenger.go:270: SENT EST to 7
INFO: 01:44:13.250090 messenger.go:270: SENT EST to 5
INFO: 01:44:13.255348 messenger.go:270: SENT EST to 8
INFO: 01:44:13.263943 messenger.go:346: RECEIVED EST from 0
INFO: 01:44:13.264177 messenger.go:270: SENT EST to 4
INFO: 01:44:13.264680 messenger.go:346: RECEIVED EST from 8
INFO: 01:44:13.264701 messenger.go:270: SENT EST to 0
INFO: 01:44:13.264781 messenger.go:270: SENT EST to 9
INFO: 01:44:13.265011 messenger.go:346: RECEIVED EST from 6
INFO: 01:44:13.270092 messenger.go:270: SENT EST to 2
INFO: 01:44:13.270270 messenger.go:270: SENT EST to 4
INFO: 01:44:13.272560 messenger.go:346: RECEIVED EST from 2
INFO: 01:44:13.272643 messenger.go:270: SENT EST to 6
INFO: 01:44:13.275137 messenger.go:346: RECEIVED EST from 4
INFO: 01:44:13.275308 messenger.go:346: RECEIVED EST from 1
INFO: 01:44:13.276189 messenger.go:346: RECEIVED EST from 7
INFO: 01:44:13.277074 messenger.go:270: SENT EST to 1
INFO: 01:44:13.277813 messenger.go:346: RECEIVED EST from 5
INFO: 01:44:13.278751 messenger.go:270: SENT EST to 7
INFO: 01:44:13.282515 messenger.go:270: SENT EST to 5
INFO: 01:44:13.283441 messenger.go:346: RECEIVED EST from 1
INFO: 01:44:13.285100 messenger.go:346: RECEIVED EST from 7
INFO: 01:44:13.293675 messenger.go:346: RECEIVED EST from 9
INFO: 01:44:13.293753 messenger.go:270: SENT EST to 8
INFO: 01:44:13.293806 messenger.go:270: SENT EST to 0
INFO: 01:44:13.301627 messenger.go:346: RECEIVED EST from 8
INFO: 01:44:13.302216 messenger.go:270: SENT EST to 9
INFO: 01:44:13.304666 messenger.go:270: SENT EST to 4
INFO: 01:44:13.306542 messenger.go:346: RECEIVED EST from 6
INFO: 01:44:13.306710 messenger.go:270: SENT EST to 6
INFO: 01:44:13.308714 messenger.go:270: SENT EST to 2
INFO: 01:44:13.311133 messenger.go:346: RECEIVED EST from 1
INFO: 01:44:13.311468 messenger.go:270: SENT EST to 5
INFO: 01:44:13.311598 messenger.go:346: RECEIVED EST from 5
INFO: 01:44:13.311905 messenger.go:346: RECEIVED EST from 7
INFO: 01:44:13.312406 messenger.go:270: SENT EST to 1
INFO: 01:44:13.313052 messenger.go:346: RECEIVED EST from 4
INFO: 01:44:13.314329 messenger.go:346: RECEIVED EST from 2
INFO: 01:44:13.314411 messenger.go:270: SENT EST to 7
INFO: 01:44:13.316936 messenger.go:270: SENT EST to 0
INFO: 01:44:13.318489 messenger.go:270: SENT EST to 4
INFO: 01:44:13.319200 messenger.go:270: SENT EST to 1
INFO: 01:44:13.319296 messenger.go:270: SENT EST to 6
INFO: 01:44:13.323334 messenger.go:270: SENT EST to 5
INFO: 01:44:13.337895 messenger.go:346: RECEIVED EST from 9
INFO: 01:44:13.338107 messenger.go:346: RECEIVED EST from 0
INFO: 01:44:13.339086 messenger.go:270: SENT EST to 8
INFO: 01:44:13.339178 messenger.go:270: SENT EST to 2
INFO: 01:44:13.341208 messenger.go:270: SENT EST to 7
INFO: 01:44:13.345044 messenger.go:270: SENT EST to 0
INFO: 01:44:13.345069 messenger.go:270: SENT EST to 9
INFO: 01:44:13.345330 messenger.go:346: RECEIVED EST from 7
INFO: 01:44:13.349276 messenger.go:346: RECEIVED EST from 1
INFO: 01:44:13.350017 messenger.go:346: RECEIVED EST from 8
INFO: 01:44:13.350876 messenger.go:346: RECEIVED EST from 4
INFO: 01:44:13.351054 messenger.go:346: RECEIVED EST from 7
INFO: 01:44:13.352720 messenger.go:346: RECEIVED EST from 2
INFO: 01:44:13.355508 messenger.go:270: SENT EST to 9
INFO: 01:44:13.358077 messenger.go:270: SENT EST to 7
INFO: 01:44:13.358231 messenger.go:346: RECEIVED EST from 9
INFO: 01:44:13.362214 messenger.go:346: RECEIVED EST from 9
INFO: 01:44:13.364059 messenger.go:270: SENT EST to 9
INFO: 01:44:13.364330 messenger.go:346: RECEIVED EST from 5
INFO: 01:44:13.364626 messenger.go:270: SENT EST to 2
INFO: 01:44:13.364684 messenger.go:346: RECEIVED EST from 6
INFO: 01:44:13.366055 messenger.go:270: SENT EST to 6
INFO: 01:44:13.394286 messenger.go:270: SENT EST to 5
INFO: 01:44:13.394331 messenger.go:270: SENT EST to 1
INFO: 01:44:13.394384 messenger.go:270: SENT EST to 4
INFO: 01:44:13.394865 messenger.go:346: RECEIVED EST from 5
INFO: 01:44:13.395390 messenger.go:270: SENT EST to 8
INFO: 01:44:13.395563 messenger.go:346: RECEIVED EST from 1
INFO: 01:44:13.404054 messenger.go:346: RECEIVED EST from 7
INFO: 01:44:13.408760 messenger.go:346: RECEIVED EST from 0
INFO: 01:44:13.408765 messenger.go:270: SENT EST to 0
INFO: 01:44:13.413872 messenger.go:346: RECEIVED EST from 8
INFO: 01:44:13.428108 messenger.go:346: RECEIVED EST from 1
INFO: 01:44:13.429887 messenger.go:346: RECEIVED EST from 5
INFO: 01:44:13.430219 messenger.go:270: SENT EST to 8
INFO: 01:44:13.437305 messenger.go:270: SENT EST to 0
INFO: 01:44:13.437615 messenger.go:270: SENT EST to 1
INFO: 01:44:13.438887 messenger.go:270: SENT EST to 5
INFO: 01:44:13.439132 messenger.go:346: RECEIVED EST from 8
INFO: 01:44:13.439283 messenger.go:270: SENT EST to 8
INFO: 01:44:13.439320 messenger.go:346: RECEIVED EST from 0
INFO: 01:44:13.439992 messenger.go:270: SENT EST to 0
INFO: 01:44:13.440993 messenger.go:270: SENT EST to 1
INFO: 01:44:13.445947 messenger.go:346: RECEIVED EST from 6
INFO: 01:44:13.453108 messenger.go:346: RECEIVED EST from 2
INFO: 01:44:13.462283 messenger.go:346: RECEIVED EST from 7
INFO: 01:44:13.462904 messenger.go:270: SENT EST to 6
INFO: 01:44:13.463004 messenger.go:270: SENT EST to 7
INFO: 01:44:13.466111 messenger.go:346: RECEIVED EST from 0
INFO: 01:44:13.466706 messenger.go:346: RECEIVED EST from 9
INFO: 01:44:13.467045 messenger.go:346: RECEIVED EST from 4
INFO: 01:44:13.472018 messenger.go:270: SENT EST to 2
INFO: 01:44:13.474904 messenger.go:346: RECEIVED EST from 8
INFO: 01:44:13.477087 messenger.go:346: RECEIVED EST from 5
INFO: 01:44:13.482307 messenger.go:270: SENT EST to 9
INFO: 01:44:13.488126 messenger.go:346: RECEIVED EST from 1
INFO: 01:44:13.491417 messenger.go:270: SENT EST to 1
INFO: 01:44:13.491609 messenger.go:270: SENT EST to 0
INFO: 01:44:13.495054 messenger.go:270: SENT EST to 4
INFO: 01:44:13.495239 messenger.go:270: SENT EST to 8
INFO: 01:44:13.495436 messenger.go:270: SENT EST to 5
INFO: 01:44:13.498218 messenger.go:270: SENT EST to 4
INFO: 01:44:13.519230 messenger.go:346: RECEIVED EST from 0
INFO: 01:44:13.520490 messenger.go:270: SENT EST to 9
INFO: 01:44:13.524900 messenger.go:270: SENT EST to 9
INFO: 01:44:13.528799 messenger.go:346: RECEIVED EST from 2
INFO: 01:44:13.531484 messenger.go:270: SENT EST to 6
INFO: 01:44:13.532916 messenger.go:346: RECEIVED EST from 7
INFO: 01:44:13.534026 messenger.go:270: SENT EST to 0
INFO: 01:44:13.534737 messenger.go:346: RECEIVED EST from 4
INFO: 01:44:13.535507 messenger.go:270: SENT EST to 1
INFO: 01:44:13.537142 messenger.go:270: SENT EST to 7
INFO: 01:44:13.540690 messenger.go:346: RECEIVED EST from 9
INFO: 01:44:13.541080 messenger.go:346: RECEIVED EST from 8
INFO: 01:44:13.544344 messenger.go:346: RECEIVED EST from 5
INFO: 01:44:13.545762 messenger.go:346: RECEIVED EST from 1
INFO: 01:44:13.552335 messenger.go:270: SENT EST to 2
INFO: 01:44:13.553850 messenger.go:270: SENT EST to 4
INFO: 01:44:13.554398 messenger.go:270: SENT EST to 8
INFO: 01:44:13.556817 messenger.go:270: SENT EST to 5
INFO: 01:44:13.557944 messenger.go:270: SENT EST to 1
INFO: 01:44:13.558440 messenger.go:346: RECEIVED EST from 0
INFO: 01:44:13.558741 messenger.go:270: SENT EST to 9
INFO: 01:44:13.559260 messenger.go:270: SENT EST to 0
INFO: 01:44:13.563538 messenger.go:346: RECEIVED EST from 6
INFO: 01:44:13.564867 messenger.go:346: RECEIVED EST from 2
INFO: 01:44:13.566454 messenger.go:270: SENT EST to 6
INFO: 01:44:13.566678 messenger.go:346: RECEIVED EST from 0
INFO: 01:44:13.572788 messenger.go:270: SENT EST to 7
