INFO: 01:17:46.705834 main.go:29: ID:3 | N:4 | F:1 | Clients:1 | Scenario:NORMAL | Remote:false

INFO: 01:17:46.706240 messenger.go:90: Receive from Server 0 on tcp://*:4300
INFO: 01:17:46.706638 messenger.go:107: Send to Server 0 on tcp://localhost:4003
INFO: 01:17:46.707106 messenger.go:90: Receive from Server 1 on tcp://*:4301
INFO: 01:17:46.707255 messenger.go:107: Send to Server 1 on tcp://localhost:4103
INFO: 01:17:46.707428 messenger.go:90: Receive from Server 2 on tcp://*:4302
INFO: 01:17:46.707641 messenger.go:107: Send to Server 2 on tcp://localhost:4203
INFO: 01:17:46.707673 messenger.go:113: -----------------------------------------
INFO: 01:17:46.708441 messenger.go:135: Requests from Client 0 on tcp://*:7300
INFO: 01:17:46.708693 messenger.go:152: Response to Client 0 on tcp://*:10300
INFO: 01:17:46.708825 messenger.go:155: -----------------------------------------

INFO: 01:17:46.714426 main.go:83: Initial estimate value:  1
INFO: 01:17:46.714472 self-stabilizing-binary-consensus.go:77: Round:1
INFO: 01:17:46.714494 self-stabilizing-binary-consensus.go:116: binValues(1,3)={} w=-1
INFO: 01:17:46.714512 self-stabilizing-binary-consensus.go:127: binValues(1,2)={} w=-1
INFO: 01:17:46.718241 self-stabilizing-binary-consensus.go:131: SEND flag=1 r=1 est={1} aux={}
INFO: 01:17:46.718622 self-stabilizing-binary-consensus.go:404: RECEIVE j=1 flag=1 r=1 est={0} aux={}
INFO: 01:17:46.721716 self-stabilizing-binary-consensus.go:421: est[1][1]={0} aux[1][1]={}
INFO: 01:17:46.876911 self-stabilizing-binary-consensus.go:428: SEND flag=0 r=1 est={1} aux={}
INFO: 01:17:46.876984 self-stabilizing-binary-consensus.go:404: RECEIVE j=2 flag=1 r=1 est={1} aux={}
INFO: 01:17:46.876995 self-stabilizing-binary-consensus.go:421: est[1][2]={1} aux[1][2]={}
INFO: 01:17:46.887001 self-stabilizing-binary-consensus.go:428: SEND flag=0 r=1 est={1} aux={}
INFO: 01:17:46.887118 self-stabilizing-binary-consensus.go:404: RECEIVE j=2 flag=0 r=1 est={1} aux={}
INFO: 01:17:46.887141 self-stabilizing-binary-consensus.go:421: est[1][2]={1} aux[1][2]={}
INFO: 01:17:46.887152 self-stabilizing-binary-consensus.go:404: RECEIVE j=2 flag=0 r=1 est={1} aux={}
INFO: 01:17:46.887160 self-stabilizing-binary-consensus.go:421: est[1][2]={1} aux[1][2]={}
INFO: 01:17:46.887170 self-stabilizing-binary-consensus.go:404: RECEIVE j=1 flag=0 r=1 est={0} aux={}
INFO: 01:17:46.887187 self-stabilizing-binary-consensus.go:421: est[1][1]={0} aux[1][1]={}
INFO: 01:17:46.887197 self-stabilizing-binary-consensus.go:404: RECEIVE j=0 flag=0 r=1 est={0} aux={}
INFO: 01:17:46.887205 self-stabilizing-binary-consensus.go:421: est[1][0]={0} aux[1][0]={}
INFO: 01:17:46.887229 self-stabilizing-binary-consensus.go:404: RECEIVE j=0 flag=1 r=1 est={0} aux={}
INFO: 01:17:46.887236 self-stabilizing-binary-consensus.go:421: est[1][0]={0} aux[1][0]={}
INFO: 01:17:46.899385 self-stabilizing-binary-consensus.go:428: SEND flag=0 r=1 est={1} aux={}
INFO: 01:17:46.899588 self-stabilizing-binary-consensus.go:404: RECEIVE j=1 flag=0 r=1 est={0} aux={}
INFO: 01:17:46.899940 self-stabilizing-binary-consensus.go:421: est[1][1]={0} aux[1][1]={}
INFO: 01:17:46.899962 self-stabilizing-binary-consensus.go:404: RECEIVE j=2 flag=0 r=1 est={1} aux={}
INFO: 01:17:46.899971 self-stabilizing-binary-consensus.go:421: est[1][2]={1} aux[1][2]={}
INFO: 01:17:46.899983 self-stabilizing-binary-consensus.go:404: RECEIVE j=0 flag=0 r=1 est={0} aux={}
INFO: 01:17:46.899991 self-stabilizing-binary-consensus.go:421: est[1][0]={0} aux[1][0]={}
INFO: 01:17:46.901391 self-stabilizing-binary-consensus.go:404: RECEIVE j=0 flag=0 r=1 est={0} aux={}
INFO: 01:17:46.901549 self-stabilizing-binary-consensus.go:421: est[1][0]={0} aux[1][0]={}
INFO: 01:17:46.908782 self-stabilizing-binary-consensus.go:404: RECEIVE j=1 flag=0 r=1 est={0} aux={}
INFO: 01:17:46.908928 self-stabilizing-binary-consensus.go:421: est[1][1]={0} aux[1][1]={}
