INFO: 16:21:34.924880 main.go:29: ID:3 | N:4 | F:1 | Clients:1 | Scenario:NORMAL | Remote:false

INFO: 16:21:34.926518 messenger.go:90: Receive from Server 0 on tcp://*:4300
INFO: 16:21:34.927704 messenger.go:107: Send to Server 0 on tcp://localhost:4003
INFO: 16:21:34.927984 messenger.go:90: Receive from Server 1 on tcp://*:4301
INFO: 16:21:34.928032 messenger.go:107: Send to Server 1 on tcp://localhost:4103
INFO: 16:21:34.928076 messenger.go:90: Receive from Server 2 on tcp://*:4302
INFO: 16:21:34.928124 messenger.go:107: Send to Server 2 on tcp://localhost:4203
INFO: 16:21:34.928204 messenger.go:113: -----------------------------------------
INFO: 16:21:34.928254 messenger.go:135: Requests from Client 0 on tcp://*:7300
INFO: 16:21:34.928386 messenger.go:152: Response to Client 0 on tcp://*:10300
INFO: 16:21:34.928505 messenger.go:155: -----------------------------------------

INFO: 16:21:34.930881 main.go:83: Initial estimate value:  1
INFO: 16:21:34.930928 self-stabilizing-binary-consensus.go:96: round=1 repeat=1
INFO: 16:21:34.930948 self-stabilizing-binary-consensus.go:207: binValues(1,3)={}
INFO: 16:21:34.930965 self-stabilizing-binary-consensus.go:207: binValues(1,2)={}
INFO: 16:21:34.932740 self-stabilizing-binary-consensus.go:144: SEND flag=1 r=1 est={1} aux={}
INFO: 16:21:34.935271 self-stabilizing-binary-consensus.go:442: RECEIVE j=2 flag=1 r=1 est={1} aux={}
INFO: 16:21:34.935392 self-stabilizing-binary-consensus.go:444: est[1][2]={1} aux[1][2]={}
INFO: 16:21:35.093079 self-stabilizing-binary-consensus.go:452: SEND flag=0 r=1 est={1} aux={}
INFO: 16:21:35.093135 self-stabilizing-binary-consensus.go:442: RECEIVE j=1 flag=1 r=1 est={1} aux={}
INFO: 16:21:35.093160 self-stabilizing-binary-consensus.go:444: est[1][1]={1} aux[1][1]={}
INFO: 16:21:35.098494 self-stabilizing-binary-consensus.go:452: SEND flag=0 r=1 est={1} aux={}
INFO: 16:21:35.098812 self-stabilizing-binary-consensus.go:442: RECEIVE j=1 flag=0 r=1 est={1} aux={}
INFO: 16:21:35.098840 self-stabilizing-binary-consensus.go:444: est[1][1]={1} aux[1][1]={}
INFO: 16:21:35.098862 self-stabilizing-binary-consensus.go:442: RECEIVE j=1 flag=0 r=1 est={1} aux={}
INFO: 16:21:35.098881 self-stabilizing-binary-consensus.go:444: est[1][1]={1} aux[1][1]={}
INFO: 16:21:35.103785 self-stabilizing-binary-consensus.go:442: RECEIVE j=0 flag=1 r=1 est={0} aux={}
INFO: 16:21:35.103819 self-stabilizing-binary-consensus.go:444: est[1][0]={0} aux[1][0]={}
INFO: 16:21:35.105756 self-stabilizing-binary-consensus.go:452: SEND flag=0 r=1 est={1} aux={}
INFO: 16:21:35.105792 self-stabilizing-binary-consensus.go:442: RECEIVE j=0 flag=0 r=1 est={0} aux={}
INFO: 16:21:35.105812 self-stabilizing-binary-consensus.go:444: est[1][0]={0} aux[1][0]={}
INFO: 16:21:35.105830 self-stabilizing-binary-consensus.go:442: RECEIVE j=0 flag=0 r=1 est={0} aux={}
INFO: 16:21:35.105879 self-stabilizing-binary-consensus.go:444: est[1][0]={0} aux[1][0]={}
INFO: 16:21:35.106080 self-stabilizing-binary-consensus.go:442: RECEIVE j=1 flag=0 r=1 est={1} aux={}
INFO: 16:21:35.106110 self-stabilizing-binary-consensus.go:444: est[1][1]={1} aux[1][1]={}
INFO: 16:21:35.106733 self-stabilizing-binary-consensus.go:442: RECEIVE j=2 flag=0 r=1 est={1} aux={}
INFO: 16:21:35.106765 self-stabilizing-binary-consensus.go:444: est[1][2]={1} aux[1][2]={}
INFO: 16:21:35.106789 self-stabilizing-binary-consensus.go:442: RECEIVE j=0 flag=0 r=1 est={0} aux={}
INFO: 16:21:35.106807 self-stabilizing-binary-consensus.go:444: est[1][0]={0} aux[1][0]={}
INFO: 16:21:35.106826 self-stabilizing-binary-consensus.go:442: RECEIVE j=2 flag=0 r=1 est={1} aux={}
INFO: 16:21:35.106843 self-stabilizing-binary-consensus.go:444: est[1][2]={1} aux[1][2]={}
INFO: 16:21:35.106861 self-stabilizing-binary-consensus.go:442: RECEIVE j=2 flag=0 r=1 est={1} aux={}
INFO: 16:21:35.106888 self-stabilizing-binary-consensus.go:444: est[1][2]={1} aux[1][2]={}
INFO: 16:21:35.933622 self-stabilizing-binary-consensus.go:207: binValues(1,3)={}
INFO: 16:21:35.933838 self-stabilizing-binary-consensus.go:232: infoResults()={}
INFO: 16:21:35.933868 self-stabilizing-binary-consensus.go:96: round=1 repeat=2
INFO: 16:21:35.933918 self-stabilizing-binary-consensus.go:207: binValues(1,3)={}
INFO: 16:21:35.933938 self-stabilizing-binary-consensus.go:207: binValues(1,2)={1}
INFO: 16:21:35.940452 self-stabilizing-binary-consensus.go:144: SEND flag=1 r=1 est={1} aux={}
INFO: 16:21:35.942402 self-stabilizing-binary-consensus.go:442: RECEIVE j=2 flag=1 r=1 est={1} aux={}
INFO: 16:21:35.943600 self-stabilizing-binary-consensus.go:444: est[1][2]={1} aux[1][2]={}
INFO: 16:21:35.955243 self-stabilizing-binary-consensus.go:452: SEND flag=0 r=1 est={1} aux={}
INFO: 16:21:35.955284 self-stabilizing-binary-consensus.go:442: RECEIVE j=0 flag=0 r=1 est={0} aux={1}
INFO: 16:21:35.955304 self-stabilizing-binary-consensus.go:444: est[1][0]={0} aux[1][0]={1}
INFO: 16:21:35.955323 self-stabilizing-binary-consensus.go:442: RECEIVE j=2 flag=0 r=1 est={1} aux={}
INFO: 16:21:35.955340 self-stabilizing-binary-consensus.go:444: est[1][2]={1} aux[1][2]={}
INFO: 16:21:35.955358 self-stabilizing-binary-consensus.go:442: RECEIVE j=1 flag=0 r=1 est={1} aux={}
INFO: 16:21:35.955375 self-stabilizing-binary-consensus.go:444: est[1][1]={1} aux[1][1]={}
INFO: 16:21:35.955393 self-stabilizing-binary-consensus.go:442: RECEIVE j=0 flag=0 r=1 est={0} aux={1}
INFO: 16:21:35.955411 self-stabilizing-binary-consensus.go:444: est[1][0]={0} aux[1][0]={1}
INFO: 16:21:35.955776 self-stabilizing-binary-consensus.go:442: RECEIVE j=1 flag=1 r=1 est={1} aux={}
INFO: 16:21:35.955800 self-stabilizing-binary-consensus.go:444: est[1][1]={1} aux[1][1]={}
INFO: 16:21:35.959162 self-stabilizing-binary-consensus.go:452: SEND flag=0 r=1 est={1} aux={}
INFO: 16:21:35.959432 self-stabilizing-binary-consensus.go:442: RECEIVE j=1 flag=0 r=1 est={1} aux={}
INFO: 16:21:35.959466 self-stabilizing-binary-consensus.go:444: est[1][1]={1} aux[1][1]={}
INFO: 16:21:35.959562 self-stabilizing-binary-consensus.go:442: RECEIVE j=0 flag=0 r=1 est={0} aux={1}
INFO: 16:21:35.959583 self-stabilizing-binary-consensus.go:444: est[1][0]={0} aux[1][0]={1}
INFO: 16:21:35.959609 self-stabilizing-binary-consensus.go:442: RECEIVE j=0 flag=1 r=1 est={0 1} aux={1}
INFO: 16:21:35.959627 self-stabilizing-binary-consensus.go:444: est[1][0]={0 1} aux[1][0]={1}
INFO: 16:21:35.962284 self-stabilizing-binary-consensus.go:452: SEND flag=0 r=1 est={1} aux={}
INFO: 16:21:35.962633 self-stabilizing-binary-consensus.go:442: RECEIVE j=1 flag=0 r=1 est={1} aux={}
INFO: 16:21:35.963153 self-stabilizing-binary-consensus.go:444: est[1][1]={1} aux[1][1]={}
INFO: 16:21:35.963187 self-stabilizing-binary-consensus.go:442: RECEIVE j=2 flag=0 r=1 est={1} aux={}
INFO: 16:21:35.963208 self-stabilizing-binary-consensus.go:444: est[1][2]={1} aux[1][2]={}
INFO: 16:21:35.963227 self-stabilizing-binary-consensus.go:442: RECEIVE j=2 flag=0 r=1 est={1} aux={}
INFO: 16:21:35.963244 self-stabilizing-binary-consensus.go:444: est[1][2]={1} aux[1][2]={}
INFO: 16:21:36.944447 self-stabilizing-binary-consensus.go:207: binValues(1,3)={1}
INFO: 16:21:36.944558 self-stabilizing-binary-consensus.go:232: infoResults()={}
INFO: 16:21:36.944596 self-stabilizing-binary-consensus.go:96: round=1 repeat=3
INFO: 16:21:36.944628 self-stabilizing-binary-consensus.go:207: binValues(1,3)={1}
INFO: 16:21:36.944657 self-stabilizing-binary-consensus.go:135: aux[1][3]=1
INFO: 16:21:36.944690 self-stabilizing-binary-consensus.go:207: binValues(1,2)={1}
INFO: 16:21:36.953771 self-stabilizing-binary-consensus.go:442: RECEIVE j=2 flag=1 r=1 est={1} aux={1}
INFO: 16:21:36.953929 self-stabilizing-binary-consensus.go:444: est[1][2]={1} aux[1][2]={1}
INFO: 16:21:36.962453 self-stabilizing-binary-consensus.go:144: SEND flag=1 r=1 est={1} aux={1}
INFO: 16:21:36.979920 self-stabilizing-binary-consensus.go:452: SEND flag=0 r=1 est={1} aux={1}
INFO: 16:21:36.979947 self-stabilizing-binary-consensus.go:442: RECEIVE j=0 flag=0 r=1 est={0} aux={1}
INFO: 16:21:36.979955 self-stabilizing-binary-consensus.go:444: est[1][0]={0 1} aux[1][0]={1}
INFO: 16:21:36.979961 self-stabilizing-binary-consensus.go:442: RECEIVE j=1 flag=1 r=1 est={1} aux={1}
INFO: 16:21:36.979966 self-stabilizing-binary-consensus.go:444: est[1][1]={1} aux[1][1]={1}
INFO: 16:21:36.984959 self-stabilizing-binary-consensus.go:452: SEND flag=0 r=1 est={1} aux={1}
INFO: 16:21:36.984975 self-stabilizing-binary-consensus.go:442: RECEIVE j=1 flag=0 r=1 est={1} aux={}
INFO: 16:21:36.984980 self-stabilizing-binary-consensus.go:444: est[1][1]={1} aux[1][1]={}
INFO: 16:21:36.984986 self-stabilizing-binary-consensus.go:442: RECEIVE j=0 flag=0 r=1 est={0} aux={1}
INFO: 16:21:36.984990 self-stabilizing-binary-consensus.go:444: est[1][0]={0 1} aux[1][0]={1}
INFO: 16:21:36.984995 self-stabilizing-binary-consensus.go:442: RECEIVE j=2 flag=0 r=1 est={1} aux={1}
INFO: 16:21:36.985308 self-stabilizing-binary-consensus.go:444: est[1][2]={1} aux[1][2]={1}
INFO: 16:21:36.985377 self-stabilizing-binary-consensus.go:442: RECEIVE j=1 flag=0 r=1 est={1} aux={1}
INFO: 16:21:36.985388 self-stabilizing-binary-consensus.go:444: est[1][1]={1} aux[1][1]={1}
INFO: 16:21:36.985394 self-stabilizing-binary-consensus.go:442: RECEIVE j=0 flag=1 r=1 est={0 1} aux={1}
INFO: 16:21:36.985402 self-stabilizing-binary-consensus.go:444: est[1][0]={0 1} aux[1][0]={1}
INFO: 16:21:36.989588 self-stabilizing-binary-consensus.go:452: SEND flag=0 r=1 est={1} aux={1}
INFO: 16:21:36.989684 self-stabilizing-binary-consensus.go:442: RECEIVE j=2 flag=0 r=1 est={1} aux={1}
INFO: 16:21:36.989694 self-stabilizing-binary-consensus.go:444: est[1][2]={1} aux[1][2]={1}
INFO: 16:21:36.989761 self-stabilizing-binary-consensus.go:442: RECEIVE j=1 flag=0 r=1 est={1} aux={1}
INFO: 16:21:36.989770 self-stabilizing-binary-consensus.go:444: est[1][1]={1} aux[1][1]={1}
INFO: 16:21:36.989855 self-stabilizing-binary-consensus.go:442: RECEIVE j=2 flag=0 r=1 est={1} aux={1}
INFO: 16:21:36.990199 self-stabilizing-binary-consensus.go:444: est[1][2]={1} aux[1][2]={1}
INFO: 16:21:36.990276 self-stabilizing-binary-consensus.go:442: RECEIVE j=0 flag=0 r=1 est={0} aux={1}
INFO: 16:21:36.990376 self-stabilizing-binary-consensus.go:444: est[1][0]={0 1} aux[1][0]={1}
INFO: 16:21:37.967286 self-stabilizing-binary-consensus.go:207: binValues(1,3)={1}
INFO: 16:21:37.967552 self-stabilizing-binary-consensus.go:232: infoResults()={1}
INFO: 16:21:37.967638 self-stabilizing-binary-consensus.go:207: binValues(1,3)={1}
INFO: 16:21:37.967684 self-stabilizing-binary-consensus.go:232: infoResults()={1}
INFO: 16:21:37.967836 self-stabilizing-binary-consensus.go:265: randomBit(1)=1
INFO: 16:21:37.968028 self-stabilizing-binary-consensus.go:258: decision=1
INFO: 16:21:37.968341 self-stabilizing-binary-consensus.go:207: binValues(11,2)={}
INFO: 16:21:38.933625 self-stabilizing-multivalued-consensus.go:18: Successful decide
