INFO: 00:52:36.955528 main.go:29: ID:3 | N:10 | F:3 | Clients:1 | Scenario:NORMAL | Remote:false

INFO: 00:52:36.957123 messenger.go:90: Receive from Server 0 on tcp://*:4300
INFO: 00:52:36.957664 messenger.go:107: Send to Server 0 on tcp://localhost:4003
INFO: 00:52:36.958381 messenger.go:90: Receive from Server 1 on tcp://*:4301
INFO: 00:52:36.958593 messenger.go:107: Send to Server 1 on tcp://localhost:4103
INFO: 00:52:36.958870 messenger.go:90: Receive from Server 2 on tcp://*:4302
INFO: 00:52:36.959031 messenger.go:107: Send to Server 2 on tcp://localhost:4203
INFO: 00:52:36.962557 messenger.go:90: Receive from Server 4 on tcp://*:4304
INFO: 00:52:36.962664 messenger.go:107: Send to Server 4 on tcp://localhost:4403
INFO: 00:52:36.963183 messenger.go:90: Receive from Server 5 on tcp://*:4305
INFO: 00:52:36.963344 messenger.go:107: Send to Server 5 on tcp://localhost:4503
INFO: 00:52:36.963548 messenger.go:90: Receive from Server 6 on tcp://*:4306
INFO: 00:52:36.963652 messenger.go:107: Send to Server 6 on tcp://localhost:4603
INFO: 00:52:36.963837 messenger.go:90: Receive from Server 7 on tcp://*:4307
INFO: 00:52:36.963893 messenger.go:107: Send to Server 7 on tcp://localhost:4703
INFO: 00:52:36.963943 messenger.go:90: Receive from Server 8 on tcp://*:4308
INFO: 00:52:36.963992 messenger.go:107: Send to Server 8 on tcp://localhost:4803
INFO: 00:52:36.964040 messenger.go:90: Receive from Server 9 on tcp://*:4309
INFO: 00:52:36.964230 messenger.go:107: Send to Server 9 on tcp://localhost:4903
INFO: 00:52:36.964268 messenger.go:113: -----------------------------------------
INFO: 00:52:36.964378 messenger.go:135: Requests from Client 0 on tcp://*:7300
INFO: 00:52:36.964439 messenger.go:152: Response to Client 0 on tcp://*:10300
INFO: 00:52:36.964529 messenger.go:155: -----------------------------------------

INFO: 00:52:36.991751 main.go:83: Initial estimate value:  1
INFO: 00:52:37.026090 messenger.go:346: RECEIVED EST from 8
INFO: 00:52:37.026521 messenger.go:346: RECEIVED EST from 9
INFO: 00:52:37.026774 messenger.go:270: SENT EST to 0
INFO: 00:52:37.026786 messenger.go:270: SENT EST to 9
INFO: 00:52:37.027585 messenger.go:346: RECEIVED EST from 7
INFO: 00:52:37.027588 messenger.go:270: SENT EST to 2
INFO: 00:52:37.032021 messenger.go:270: SENT EST to 4
INFO: 00:52:37.033450 messenger.go:346: RECEIVED EST from 5
INFO: 00:52:37.033453 messenger.go:270: SENT EST to 1
INFO: 00:52:37.034969 messenger.go:270: SENT EST to 5
INFO: 00:52:37.036834 messenger.go:346: RECEIVED EST from 1
INFO: 00:52:37.037404 messenger.go:270: SENT EST to 8
INFO: 00:52:37.037758 messenger.go:270: SENT EST to 7
INFO: 00:52:37.053716 messenger.go:346: RECEIVED EST from 4
INFO: 00:52:37.064889 messenger.go:346: RECEIVED EST from 6
INFO: 00:52:37.103178 messenger.go:270: SENT EST to 6
INFO: 00:52:37.122198 messenger.go:346: RECEIVED EST from 0
INFO: 00:52:37.158088 messenger.go:346: RECEIVED EST from 2
