INFO: 20:00:30.840031 main.go:29: ID:3 | N:4 | F:1 | Clients:1 | Scenario:NORMAL | Remote:false

INFO: 20:00:30.840681 messenger.go:90: Receive from Server 0 on tcp://*:4300
INFO: 20:00:30.841064 messenger.go:107: Send to Server 0 on tcp://localhost:4003
INFO: 20:00:30.841221 messenger.go:90: Receive from Server 1 on tcp://*:4301
INFO: 20:00:30.841414 messenger.go:107: Send to Server 1 on tcp://localhost:4103
INFO: 20:00:30.841544 messenger.go:90: Receive from Server 2 on tcp://*:4302
INFO: 20:00:30.841615 messenger.go:107: Send to Server 2 on tcp://localhost:4203
INFO: 20:00:30.842038 messenger.go:113: -----------------------------------------
INFO: 20:00:30.842141 messenger.go:135: Requests from Client 0 on tcp://*:7300
INFO: 20:00:30.842254 messenger.go:152: Response to Client 0 on tcp://*:10300
INFO: 20:00:30.842283 messenger.go:155: -----------------------------------------

INFO: 20:00:30.846976 main.go:83: Initial estimate value:  0
INFO: 20:00:30.847030 self-stabilizing-binary-consensus.go:93: round=1 repeat=1
INFO: 20:00:30.847039 self-stabilizing-binary-consensus.go:200: binValues(1,3)={}
INFO: 20:00:30.847044 self-stabilizing-binary-consensus.go:200: binValues(1,2)={}
INFO: 20:00:30.855774 self-stabilizing-binary-consensus.go:141: SEND flag=1 r=1 est={0} aux={}
INFO: 20:00:30.857400 self-stabilizing-binary-consensus.go:433: RECEIVE j=0 flag=1 r=1 est={0} aux={}
INFO: 20:00:30.857445 self-stabilizing-binary-consensus.go:435: est[1][0]={0} aux[1][0]={}
INFO: 20:00:31.012829 self-stabilizing-binary-consensus.go:443: SEND flag=0 r=1 est={0} aux={}
INFO: 20:00:31.013061 self-stabilizing-binary-consensus.go:433: RECEIVE j=2 flag=1 r=1 est={0} aux={}
INFO: 20:00:31.013106 self-stabilizing-binary-consensus.go:435: est[1][2]={0} aux[1][2]={}
INFO: 20:00:31.046883 self-stabilizing-binary-consensus.go:443: SEND flag=0 r=1 est={0} aux={}
INFO: 20:00:31.046936 self-stabilizing-binary-consensus.go:433: RECEIVE j=1 flag=1 r=1 est={0} aux={}
INFO: 20:00:31.047015 self-stabilizing-binary-consensus.go:435: est[1][1]={0} aux[1][1]={}
INFO: 20:00:31.055765 self-stabilizing-binary-consensus.go:443: SEND flag=0 r=1 est={0} aux={}
INFO: 20:00:31.055836 self-stabilizing-binary-consensus.go:433: RECEIVE j=2 flag=0 r=1 est={0} aux={}
INFO: 20:00:31.055850 self-stabilizing-binary-consensus.go:435: est[1][2]={0} aux[1][2]={}
INFO: 20:00:31.055859 self-stabilizing-binary-consensus.go:433: RECEIVE j=0 flag=0 r=1 est={0} aux={}
INFO: 20:00:31.055865 self-stabilizing-binary-consensus.go:435: est[1][0]={0} aux[1][0]={}
INFO: 20:00:31.055872 self-stabilizing-binary-consensus.go:433: RECEIVE j=0 flag=0 r=1 est={0} aux={}
INFO: 20:00:31.055879 self-stabilizing-binary-consensus.go:435: est[1][0]={0} aux[1][0]={}
INFO: 20:00:31.056242 self-stabilizing-binary-consensus.go:433: RECEIVE j=2 flag=0 r=1 est={0} aux={}
INFO: 20:00:31.056282 self-stabilizing-binary-consensus.go:435: est[1][2]={0} aux[1][2]={}
INFO: 20:00:31.056296 self-stabilizing-binary-consensus.go:433: RECEIVE j=2 flag=0 r=1 est={0} aux={}
INFO: 20:00:31.056364 self-stabilizing-binary-consensus.go:435: est[1][2]={0} aux[1][2]={}
INFO: 20:00:31.056379 self-stabilizing-binary-consensus.go:433: RECEIVE j=1 flag=0 r=1 est={0} aux={}
INFO: 20:00:31.056386 self-stabilizing-binary-consensus.go:435: est[1][1]={0} aux[1][1]={}
INFO: 20:00:31.056395 self-stabilizing-binary-consensus.go:433: RECEIVE j=0 flag=0 r=1 est={0} aux={}
INFO: 20:00:31.056463 self-stabilizing-binary-consensus.go:435: est[1][0]={0} aux[1][0]={}
INFO: 20:00:31.056477 self-stabilizing-binary-consensus.go:433: RECEIVE j=1 flag=0 r=1 est={0} aux={}
INFO: 20:00:31.056484 self-stabilizing-binary-consensus.go:435: est[1][1]={0} aux[1][1]={}
INFO: 20:00:31.057714 self-stabilizing-binary-consensus.go:433: RECEIVE j=1 flag=0 r=1 est={0} aux={}
INFO: 20:00:31.057755 self-stabilizing-binary-consensus.go:435: est[1][1]={0} aux[1][1]={}
INFO: 20:00:31.845920 self-stabilizing-binary-consensus.go:433: RECEIVE j=0 flag=1 r=1 est={0} aux={0}
INFO: 20:00:31.845937 self-stabilizing-binary-consensus.go:435: est[1][0]={0} aux[1][0]={0}
INFO: 20:00:31.848891 self-stabilizing-binary-consensus.go:443: SEND flag=0 r=1 est={0} aux={}
INFO: 20:00:31.849207 self-stabilizing-binary-consensus.go:433: RECEIVE j=1 flag=0 r=1 est={0} aux={}
INFO: 20:00:31.849318 self-stabilizing-binary-consensus.go:435: est[1][1]={0} aux[1][1]={}
INFO: 20:00:31.850627 self-stabilizing-binary-consensus.go:433: RECEIVE j=2 flag=0 r=1 est={0} aux={}
INFO: 20:00:31.850948 self-stabilizing-binary-consensus.go:435: est[1][2]={0} aux[1][2]={}
INFO: 20:00:31.855456 self-stabilizing-binary-consensus.go:433: RECEIVE j=2 flag=1 r=1 est={0} aux={0}
INFO: 20:00:31.856105 self-stabilizing-binary-consensus.go:435: est[1][2]={0} aux[1][2]={0}
INFO: 20:00:31.857951 self-stabilizing-binary-consensus.go:443: SEND flag=0 r=1 est={0} aux={}
INFO: 20:00:31.858061 self-stabilizing-binary-consensus.go:200: binValues(1,3)={0}
INFO: 20:00:31.858088 self-stabilizing-binary-consensus.go:227: infoResults()={}
INFO: 20:00:31.858096 self-stabilizing-binary-consensus.go:93: round=1 repeat=2
INFO: 20:00:31.858101 self-stabilizing-binary-consensus.go:200: binValues(1,3)={0}
INFO: 20:00:31.858105 self-stabilizing-binary-consensus.go:132: aux[1][3]=0
INFO: 20:00:31.858110 self-stabilizing-binary-consensus.go:200: binValues(1,2)={0}
INFO: 20:00:31.860367 self-stabilizing-binary-consensus.go:433: RECEIVE j=0 flag=0 r=1 est={0} aux={0}
INFO: 20:00:31.860392 self-stabilizing-binary-consensus.go:435: est[1][0]={0} aux[1][0]={0}
INFO: 20:00:31.860553 self-stabilizing-binary-consensus.go:141: SEND flag=1 r=1 est={0} aux={0}
INFO: 20:00:31.863629 self-stabilizing-binary-consensus.go:433: RECEIVE j=1 flag=0 r=1 est={0} aux={}
INFO: 20:00:31.863955 self-stabilizing-binary-consensus.go:435: est[1][1]={0} aux[1][1]={}
INFO: 20:00:31.864461 self-stabilizing-binary-consensus.go:433: RECEIVE j=0 flag=0 r=1 est={0} aux={0}
INFO: 20:00:31.864496 self-stabilizing-binary-consensus.go:435: est[1][0]={0} aux[1][0]={0}
INFO: 20:00:31.865209 self-stabilizing-binary-consensus.go:433: RECEIVE j=1 flag=0 r=1 est={0} aux={}
INFO: 20:00:31.865234 self-stabilizing-binary-consensus.go:435: est[1][1]={0} aux[1][1]={}
INFO: 20:00:31.865244 self-stabilizing-binary-consensus.go:433: RECEIVE j=2 flag=0 r=1 est={0} aux={0}
INFO: 20:00:31.865248 self-stabilizing-binary-consensus.go:435: est[1][2]={0} aux[1][2]={0}
INFO: 20:00:32.849357 self-stabilizing-binary-consensus.go:433: RECEIVE j=0 flag=1 r=1 est={0} aux={0}
INFO: 20:00:32.849398 self-stabilizing-binary-consensus.go:435: est[1][0]={0} aux[1][0]={0}
INFO: 20:00:32.851714 self-stabilizing-binary-consensus.go:443: SEND flag=0 r=1 est={0} aux={0}
INFO: 20:00:32.853202 self-stabilizing-binary-consensus.go:433: RECEIVE j=1 flag=0 r=1 est={0} aux={0}
INFO: 20:00:32.853240 self-stabilizing-binary-consensus.go:435: est[1][1]={0} aux[1][1]={0}
INFO: 20:00:32.854267 self-stabilizing-binary-consensus.go:433: RECEIVE j=2 flag=0 r=1 est={0} aux={0}
INFO: 20:00:32.854295 self-stabilizing-binary-consensus.go:435: est[1][2]={0} aux[1][2]={0}
INFO: 20:00:32.857290 self-stabilizing-binary-consensus.go:433: RECEIVE j=2 flag=1 r=1 est={0} aux={0}
INFO: 20:00:32.857325 self-stabilizing-binary-consensus.go:435: est[1][2]={0} aux[1][2]={0}
INFO: 20:00:32.859898 self-stabilizing-binary-consensus.go:443: SEND flag=0 r=1 est={0} aux={0}
INFO: 20:00:32.859926 self-stabilizing-binary-consensus.go:433: RECEIVE j=0 flag=0 r=1 est={0} aux={0}
INFO: 20:00:32.859934 self-stabilizing-binary-consensus.go:435: est[1][0]={0} aux[1][0]={0}
INFO: 20:00:32.860619 self-stabilizing-binary-consensus.go:200: binValues(1,3)={0}
INFO: 20:00:32.860645 self-stabilizing-binary-consensus.go:227: infoResults()={0}
INFO: 20:00:32.860657 self-stabilizing-binary-consensus.go:200: binValues(1,3)={0}
INFO: 20:00:32.860661 self-stabilizing-binary-consensus.go:227: infoResults()={0}
INFO: 20:00:32.860665 self-stabilizing-binary-consensus.go:258: randomBit(1)=0
INFO: 20:00:32.860670 self-stabilizing-binary-consensus.go:251: decision=0
INFO: 20:00:32.860807 self-stabilizing-binary-consensus.go:200: binValues(11,2)={}
INFO: 20:00:32.860831 self-stabilizing-binary-consensus.go:93: round=11 repeat=1
INFO: 20:00:32.860847 self-stabilizing-binary-consensus.go:200: binValues(11,3)={}
INFO: 20:00:32.860851 self-stabilizing-binary-consensus.go:200: binValues(11,2)={}
INFO: 20:00:32.862641 self-stabilizing-binary-consensus.go:433: RECEIVE j=1 flag=1 r=11 est={0} aux={0}
INFO: 20:00:32.862678 self-stabilizing-binary-consensus.go:435: est[11][1]={0} aux[11][1]={0}
INFO: 20:00:32.865139 self-stabilizing-binary-consensus.go:141: SEND flag=1 r=11 est={0} aux={0}
INFO: 20:00:32.865332 self-stabilizing-binary-consensus.go:433: RECEIVE j=1 flag=0 r=1 est={0} aux={0}
INFO: 20:00:32.865361 self-stabilizing-binary-consensus.go:435: est[1][1]={0} aux[1][1]={0}
INFO: 20:00:32.865580 self-stabilizing-binary-consensus.go:443: SEND flag=0 r=11 est={0} aux={0}
INFO: 20:00:32.867014 self-stabilizing-binary-consensus.go:433: RECEIVE j=1 flag=0 r=11 est={0} aux={0}
INFO: 20:00:32.867067 self-stabilizing-binary-consensus.go:435: est[11][1]={0} aux[11][1]={0}
INFO: 20:00:32.877177 self-stabilizing-binary-consensus.go:433: RECEIVE j=1 flag=1 r=11 est={0} aux={0}
INFO: 20:00:32.877243 self-stabilizing-binary-consensus.go:435: est[11][1]={0} aux[11][1]={0}
INFO: 20:00:32.879268 self-stabilizing-binary-consensus.go:443: SEND flag=0 r=11 est={0} aux={0}
INFO: 20:00:33.848142 self-stabilizing-multivalued-consensus.go:18: Successful decide
