INFO: 01:45:18.489466 main.go:29: ID:3 | N:4 | F:1 | Clients:1 | Scenario:NORMAL | Remote:false

INFO: 01:45:18.490026 messenger.go:90: Receive from Server 0 on tcp://*:4300
INFO: 01:45:18.490382 messenger.go:107: Send to Server 0 on tcp://localhost:4003
INFO: 01:45:18.490578 messenger.go:90: Receive from Server 1 on tcp://*:4301
INFO: 01:45:18.490644 messenger.go:107: Send to Server 1 on tcp://localhost:4103
INFO: 01:45:18.490703 messenger.go:90: Receive from Server 2 on tcp://*:4302
INFO: 01:45:18.490882 messenger.go:107: Send to Server 2 on tcp://localhost:4203
INFO: 01:45:18.490973 messenger.go:113: -----------------------------------------
INFO: 01:45:18.491078 messenger.go:135: Requests from Client 0 on tcp://*:7300
INFO: 01:45:18.491194 messenger.go:152: Response to Client 0 on tcp://*:10300
INFO: 01:45:18.491269 messenger.go:155: -----------------------------------------

INFO: 01:45:18.506247 main.go:83: Initial estimate value:  1
INFO: 01:45:18.506332 self-stabilizing-binary-consensus.go:78: Round:1
INFO: 01:45:18.506352 self-stabilizing-binary-consensus.go:118: binValues(1,3)={} w=-1
INFO: 01:45:18.506363 self-stabilizing-binary-consensus.go:129: binValues(1,2)={} w=-1
INFO: 01:45:18.510003 self-stabilizing-binary-consensus.go:133: SEND flag=1 r=1 est={1} aux={}
INFO: 01:45:18.543517 self-stabilizing-binary-consensus.go:419: RECEIVE j=2 flag=1 r=1 est={1} aux={}
INFO: 01:45:18.543608 self-stabilizing-binary-consensus.go:436: est[1][2]={1} aux[1][2]={}
INFO: 01:45:18.656261 self-stabilizing-binary-consensus.go:443: SEND flag=0 r=1 est={1} aux={}
INFO: 01:45:18.656302 self-stabilizing-binary-consensus.go:419: RECEIVE j=1 flag=1 r=1 est={0} aux={}
INFO: 01:45:18.656758 self-stabilizing-binary-consensus.go:436: est[1][1]={0} aux[1][1]={}
INFO: 01:45:18.662326 self-stabilizing-binary-consensus.go:443: SEND flag=0 r=1 est={1} aux={}
INFO: 01:45:18.662392 self-stabilizing-binary-consensus.go:419: RECEIVE j=0 flag=1 r=1 est={0} aux={}
INFO: 01:45:18.662406 self-stabilizing-binary-consensus.go:436: est[1][0]={0} aux[1][0]={}
INFO: 01:45:18.667008 self-stabilizing-binary-consensus.go:443: SEND flag=0 r=1 est={1} aux={}
INFO: 01:45:18.667042 self-stabilizing-binary-consensus.go:419: RECEIVE j=0 flag=0 r=1 est={0} aux={}
INFO: 01:45:18.667051 self-stabilizing-binary-consensus.go:436: est[1][0]={0} aux[1][0]={}
INFO: 01:45:18.667057 self-stabilizing-binary-consensus.go:419: RECEIVE j=0 flag=0 r=1 est={0} aux={}
INFO: 01:45:18.667096 self-stabilizing-binary-consensus.go:436: est[1][0]={0} aux[1][0]={}
INFO: 01:45:18.667119 self-stabilizing-binary-consensus.go:419: RECEIVE j=1 flag=0 r=1 est={0} aux={}
INFO: 01:45:18.667126 self-stabilizing-binary-consensus.go:436: est[1][1]={0} aux[1][1]={}
INFO: 01:45:18.667131 self-stabilizing-binary-consensus.go:419: RECEIVE j=0 flag=0 r=1 est={0} aux={}
INFO: 01:45:18.667136 self-stabilizing-binary-consensus.go:436: est[1][0]={0} aux[1][0]={}
INFO: 01:45:18.667192 self-stabilizing-binary-consensus.go:419: RECEIVE j=1 flag=0 r=1 est={0} aux={}
INFO: 01:45:18.667201 self-stabilizing-binary-consensus.go:436: est[1][1]={0} aux[1][1]={}
INFO: 01:45:18.667285 self-stabilizing-binary-consensus.go:419: RECEIVE j=2 flag=0 r=1 est={1} aux={}
INFO: 01:45:18.667297 self-stabilizing-binary-consensus.go:436: est[1][2]={1} aux[1][2]={}
INFO: 01:45:18.667786 self-stabilizing-binary-consensus.go:419: RECEIVE j=1 flag=0 r=1 est={0} aux={}
INFO: 01:45:18.667829 self-stabilizing-binary-consensus.go:436: est[1][1]={0} aux[1][1]={}
INFO: 01:45:18.671183 self-stabilizing-binary-consensus.go:419: RECEIVE j=2 flag=0 r=1 est={1} aux={}
INFO: 01:45:18.671261 self-stabilizing-binary-consensus.go:436: est[1][2]={1} aux[1][2]={}
INFO: 01:45:18.674210 self-stabilizing-binary-consensus.go:419: RECEIVE j=2 flag=0 r=1 est={1} aux={}
INFO: 01:45:18.674304 self-stabilizing-binary-consensus.go:436: est[1][2]={1} aux[1][2]={}
INFO: 01:45:26.512377 self-stabilizing-binary-consensus.go:118: binValues(1,3)={} w=-1
INFO: 01:45:26.512641 self-stabilizing-binary-consensus.go:129: binValues(1,2)={0} w=-1
INFO: 01:45:26.521330 self-stabilizing-binary-consensus.go:133: SEND flag=1 r=1 est={0 1} aux={}
INFO: 01:45:26.526987 self-stabilizing-binary-consensus.go:419: RECEIVE j=2 flag=1 r=1 est={0 1} aux={}
INFO: 01:45:26.527093 self-stabilizing-binary-consensus.go:436: est[1][2]={0 1} aux[1][2]={}
INFO: 01:45:26.534284 self-stabilizing-binary-consensus.go:443: SEND flag=0 r=1 est={1} aux={}
INFO: 01:45:26.541945 self-stabilizing-binary-consensus.go:419: RECEIVE j=2 flag=0 r=1 est={1} aux={}
INFO: 01:45:26.542054 self-stabilizing-binary-consensus.go:436: est[1][2]={0 1} aux[1][2]={}
INFO: 01:45:26.542678 self-stabilizing-binary-consensus.go:419: RECEIVE j=1 flag=0 r=1 est={0} aux={}
INFO: 01:45:26.542724 self-stabilizing-binary-consensus.go:436: est[1][1]={0} aux[1][1]={}
INFO: 01:45:26.542956 self-stabilizing-binary-consensus.go:419: RECEIVE j=0 flag=0 r=1 est={0} aux={}
INFO: 01:45:26.542999 self-stabilizing-binary-consensus.go:436: est[1][0]={0} aux[1][0]={}
INFO: 01:45:26.543200 self-stabilizing-binary-consensus.go:419: RECEIVE j=1 flag=0 r=1 est={0} aux={}
INFO: 01:45:26.543246 self-stabilizing-binary-consensus.go:436: est[1][1]={0} aux[1][1]={}
INFO: 01:45:26.545715 self-stabilizing-binary-consensus.go:419: RECEIVE j=0 flag=0 r=1 est={0} aux={}
INFO: 01:45:26.545778 self-stabilizing-binary-consensus.go:436: est[1][0]={0} aux[1][0]={}
INFO: 01:45:26.547538 self-stabilizing-binary-consensus.go:419: RECEIVE j=1 flag=1 r=1 est={0 1} aux={0}
INFO: 01:45:26.547701 self-stabilizing-binary-consensus.go:436: est[1][1]={0 1} aux[1][1]={0}
INFO: 01:45:26.550665 self-stabilizing-binary-consensus.go:443: SEND flag=0 r=1 est={1} aux={}
INFO: 01:45:26.554014 self-stabilizing-binary-consensus.go:419: RECEIVE j=0 flag=0 r=1 est={0} aux={}
INFO: 01:45:26.554041 self-stabilizing-binary-consensus.go:436: est[1][0]={0} aux[1][0]={}
INFO: 01:45:26.554638 self-stabilizing-binary-consensus.go:419: RECEIVE j=2 flag=0 r=1 est={1} aux={}
INFO: 01:45:26.554684 self-stabilizing-binary-consensus.go:436: est[1][2]={0 1} aux[1][2]={}
INFO: 01:45:26.656194 self-stabilizing-binary-consensus.go:419: RECEIVE j=0 flag=1 r=1 est={0 1} aux={0}
INFO: 01:45:26.656621 self-stabilizing-binary-consensus.go:436: est[1][0]={0 1} aux[1][0]={0}
INFO: 01:45:26.666808 self-stabilizing-binary-consensus.go:443: SEND flag=0 r=1 est={1} aux={}
INFO: 01:45:26.671557 self-stabilizing-binary-consensus.go:419: RECEIVE j=1 flag=0 r=1 est={0} aux={0}
INFO: 01:45:26.671662 self-stabilizing-binary-consensus.go:436: est[1][1]={0 1} aux[1][1]={0}
INFO: 01:45:26.677045 self-stabilizing-binary-consensus.go:419: RECEIVE j=2 flag=0 r=1 est={1} aux={}
INFO: 01:45:26.678171 self-stabilizing-binary-consensus.go:436: est[1][2]={0 1} aux[1][2]={}
