INFO: 01:33:34.789979 main.go:29: ID:3 | N:4 | F:1 | Clients:1 | Scenario:NORMAL | Remote:false

INFO: 01:33:34.790489 messenger.go:90: Receive from Server 0 on tcp://*:4300
INFO: 01:33:34.790749 messenger.go:107: Send to Server 0 on tcp://localhost:4003
INFO: 01:33:34.790822 messenger.go:90: Receive from Server 1 on tcp://*:4301
INFO: 01:33:34.790870 messenger.go:107: Send to Server 1 on tcp://localhost:4103
INFO: 01:33:34.790900 messenger.go:90: Receive from Server 2 on tcp://*:4302
INFO: 01:33:34.790943 messenger.go:107: Send to Server 2 on tcp://localhost:4203
INFO: 01:33:34.790968 messenger.go:113: -----------------------------------------
INFO: 01:33:34.791001 messenger.go:135: Requests from Client 0 on tcp://*:7300
INFO: 01:33:34.791060 messenger.go:152: Response to Client 0 on tcp://*:10300
INFO: 01:33:34.791084 messenger.go:155: -----------------------------------------

INFO: 01:33:34.794809 main.go:83: Initial estimate value:  1
INFO: 01:33:34.795411 self-stabilizing-binary-consensus.go:93: round=1 repeat=1
INFO: 01:33:34.795465 self-stabilizing-binary-consensus.go:200: binValues(1,3)={}
INFO: 01:33:34.795663 self-stabilizing-binary-consensus.go:200: binValues(1,2)={}
INFO: 01:33:34.800064 self-stabilizing-binary-consensus.go:141: SEND flag=1 r=1 est={1} aux={}
INFO: 01:33:34.801692 self-stabilizing-binary-consensus.go:433: RECEIVE j=1 flag=1 r=1 est={0} aux={}
INFO: 01:33:34.801751 self-stabilizing-binary-consensus.go:435: est[1][1]={0} aux[1][1]={}
INFO: 01:33:34.957812 self-stabilizing-binary-consensus.go:443: SEND flag=0 r=1 est={1} aux={}
INFO: 01:33:34.957927 self-stabilizing-binary-consensus.go:433: RECEIVE j=2 flag=1 r=1 est={1} aux={}
INFO: 01:33:34.957951 self-stabilizing-binary-consensus.go:435: est[1][2]={1} aux[1][2]={}
INFO: 01:33:34.963990 self-stabilizing-binary-consensus.go:443: SEND flag=0 r=1 est={1} aux={}
INFO: 01:33:34.964047 self-stabilizing-binary-consensus.go:433: RECEIVE j=1 flag=0 r=1 est={0} aux={}
INFO: 01:33:34.964069 self-stabilizing-binary-consensus.go:435: est[1][1]={0} aux[1][1]={}
INFO: 01:33:34.964093 self-stabilizing-binary-consensus.go:433: RECEIVE j=2 flag=0 r=1 est={1} aux={}
INFO: 01:33:34.964111 self-stabilizing-binary-consensus.go:435: est[1][2]={1} aux[1][2]={}
INFO: 01:33:34.964129 self-stabilizing-binary-consensus.go:433: RECEIVE j=2 flag=0 r=1 est={1} aux={}
INFO: 01:33:34.964152 self-stabilizing-binary-consensus.go:435: est[1][2]={1} aux[1][2]={}
INFO: 01:33:34.964477 self-stabilizing-binary-consensus.go:433: RECEIVE j=2 flag=0 r=1 est={1} aux={}
INFO: 01:33:34.964569 self-stabilizing-binary-consensus.go:435: est[1][2]={1} aux[1][2]={}
INFO: 01:33:34.964600 self-stabilizing-binary-consensus.go:433: RECEIVE j=1 flag=0 r=1 est={0} aux={}
INFO: 01:33:34.964747 self-stabilizing-binary-consensus.go:435: est[1][1]={0} aux[1][1]={}
INFO: 01:33:34.964930 self-stabilizing-binary-consensus.go:433: RECEIVE j=0 flag=0 r=1 est={0} aux={}
INFO: 01:33:34.964960 self-stabilizing-binary-consensus.go:435: est[1][0]={0} aux[1][0]={}
INFO: 01:33:34.965263 self-stabilizing-binary-consensus.go:433: RECEIVE j=0 flag=1 r=1 est={0} aux={}
INFO: 01:33:34.965308 self-stabilizing-binary-consensus.go:435: est[1][0]={0} aux[1][0]={}
INFO: 01:33:34.969839 self-stabilizing-binary-consensus.go:443: SEND flag=0 r=1 est={1} aux={}
INFO: 01:33:34.969877 self-stabilizing-binary-consensus.go:433: RECEIVE j=0 flag=0 r=1 est={0} aux={}
INFO: 01:33:34.969897 self-stabilizing-binary-consensus.go:435: est[1][0]={0} aux[1][0]={}
INFO: 01:33:34.969923 self-stabilizing-binary-consensus.go:433: RECEIVE j=1 flag=0 r=1 est={0} aux={}
INFO: 01:33:34.969947 self-stabilizing-binary-consensus.go:435: est[1][1]={0} aux[1][1]={}
INFO: 01:33:34.969966 self-stabilizing-binary-consensus.go:433: RECEIVE j=0 flag=0 r=1 est={0} aux={}
INFO: 01:33:34.969984 self-stabilizing-binary-consensus.go:435: est[1][0]={0} aux[1][0]={}
INFO: 01:33:36.801237 self-stabilizing-binary-consensus.go:200: binValues(1,3)={}
INFO: 01:33:36.801373 self-stabilizing-binary-consensus.go:227: infoResults()={}
INFO: 01:33:36.801413 self-stabilizing-binary-consensus.go:93: round=1 repeat=2
INFO: 01:33:36.801535 self-stabilizing-binary-consensus.go:200: binValues(1,3)={}
INFO: 01:33:36.801569 self-stabilizing-binary-consensus.go:200: binValues(1,2)={0}
INFO: 01:33:36.806200 self-stabilizing-binary-consensus.go:433: RECEIVE j=0 flag=1 r=1 est={0 1} aux={}
INFO: 01:33:36.806309 self-stabilizing-binary-consensus.go:435: est[1][0]={0 1} aux[1][0]={}
INFO: 01:33:36.821061 self-stabilizing-binary-consensus.go:141: SEND flag=1 r=1 est={0 1} aux={}
INFO: 01:33:36.825597 self-stabilizing-binary-consensus.go:443: SEND flag=0 r=1 est={1} aux={}
INFO: 01:33:36.825664 self-stabilizing-binary-consensus.go:433: RECEIVE j=2 flag=1 r=1 est={0 1} aux={}
INFO: 01:33:36.825695 self-stabilizing-binary-consensus.go:435: est[1][2]={0 1} aux[1][2]={}
INFO: 01:33:36.836812 self-stabilizing-binary-consensus.go:443: SEND flag=0 r=1 est={1} aux={}
INFO: 01:33:36.837461 self-stabilizing-binary-consensus.go:433: RECEIVE j=1 flag=1 r=1 est={0 1} aux={1}
INFO: 01:33:36.839077 self-stabilizing-binary-consensus.go:435: est[1][1]={0 1} aux[1][1]={1}
INFO: 01:33:36.844858 self-stabilizing-binary-consensus.go:443: SEND flag=0 r=1 est={1} aux={}
INFO: 01:33:36.844894 self-stabilizing-binary-consensus.go:433: RECEIVE j=0 flag=0 r=1 est={0} aux={}
INFO: 01:33:36.844913 self-stabilizing-binary-consensus.go:435: est[1][0]={0 1} aux[1][0]={}
INFO: 01:33:36.844932 self-stabilizing-binary-consensus.go:433: RECEIVE j=2 flag=0 r=1 est={1} aux={}
INFO: 01:33:36.844983 self-stabilizing-binary-consensus.go:435: est[1][2]={0 1} aux[1][2]={}
INFO: 01:33:36.845027 self-stabilizing-binary-consensus.go:433: RECEIVE j=1 flag=0 r=1 est={0} aux={1}
INFO: 01:33:36.846145 self-stabilizing-binary-consensus.go:435: est[1][1]={0 1} aux[1][1]={1}
INFO: 01:33:36.846598 self-stabilizing-binary-consensus.go:433: RECEIVE j=0 flag=0 r=1 est={0} aux={}
INFO: 01:33:36.846655 self-stabilizing-binary-consensus.go:435: est[1][0]={0 1} aux[1][0]={}
INFO: 01:33:36.846682 self-stabilizing-binary-consensus.go:433: RECEIVE j=1 flag=0 r=1 est={0} aux={1}
INFO: 01:33:36.846701 self-stabilizing-binary-consensus.go:435: est[1][1]={0 1} aux[1][1]={1}
INFO: 01:33:36.846719 self-stabilizing-binary-consensus.go:433: RECEIVE j=2 flag=0 r=1 est={1} aux={}
INFO: 01:33:36.846740 self-stabilizing-binary-consensus.go:435: est[1][2]={0 1} aux[1][2]={}
INFO: 01:33:36.846762 self-stabilizing-binary-consensus.go:433: RECEIVE j=0 flag=0 r=1 est={0} aux={}
INFO: 01:33:36.846782 self-stabilizing-binary-consensus.go:435: est[1][0]={0 1} aux[1][0]={}
INFO: 01:33:36.846804 self-stabilizing-binary-consensus.go:433: RECEIVE j=2 flag=0 r=1 est={1} aux={}
INFO: 01:33:36.846824 self-stabilizing-binary-consensus.go:435: est[1][2]={0 1} aux[1][2]={}
INFO: 01:33:36.846845 self-stabilizing-binary-consensus.go:433: RECEIVE j=1 flag=0 r=1 est={0} aux={1}
INFO: 01:33:36.846865 self-stabilizing-binary-consensus.go:435: est[1][1]={0 1} aux[1][1]={1}
INFO: 01:33:38.803906 self-stabilizing-binary-consensus.go:433: RECEIVE j=0 flag=1 r=1 est={0 1} aux={0}
INFO: 01:33:38.804459 self-stabilizing-binary-consensus.go:435: est[1][0]={0 1} aux[1][0]={0}
INFO: 01:33:38.808689 self-stabilizing-binary-consensus.go:443: SEND flag=0 r=1 est={1} aux={}
INFO: 01:33:38.809461 self-stabilizing-binary-consensus.go:433: RECEIVE j=2 flag=0 r=1 est={1} aux={}
INFO: 01:33:38.809510 self-stabilizing-binary-consensus.go:435: est[1][2]={0 1} aux[1][2]={}
INFO: 01:33:38.809635 self-stabilizing-binary-consensus.go:433: RECEIVE j=1 flag=0 r=1 est={0} aux={1}
INFO: 01:33:38.809661 self-stabilizing-binary-consensus.go:435: est[1][1]={0 1} aux[1][1]={1}
INFO: 01:33:38.818387 self-stabilizing-binary-consensus.go:433: RECEIVE j=2 flag=1 r=1 est={0 1} aux={0}
INFO: 01:33:38.818439 self-stabilizing-binary-consensus.go:435: est[1][2]={0 1} aux[1][2]={0}
INFO: 01:33:38.823082 self-stabilizing-binary-consensus.go:200: binValues(1,3)={0 1}
INFO: 01:33:38.823137 self-stabilizing-binary-consensus.go:227: infoResults()={}
INFO: 01:33:38.823158 self-stabilizing-binary-consensus.go:93: round=1 repeat=3
INFO: 01:33:38.823176 self-stabilizing-binary-consensus.go:200: binValues(1,3)={0 1}
INFO: 01:33:38.823201 self-stabilizing-binary-consensus.go:132: aux[1][3]=0
INFO: 01:33:38.823220 self-stabilizing-binary-consensus.go:200: binValues(1,2)={0 1}
INFO: 01:33:38.824903 self-stabilizing-binary-consensus.go:141: SEND flag=1 r=1 est={0 1} aux={0}
INFO: 01:33:38.831831 self-stabilizing-binary-consensus.go:443: SEND flag=0 r=1 est={1} aux={0}
INFO: 01:33:38.832032 self-stabilizing-binary-consensus.go:433: RECEIVE j=1 flag=0 r=1 est={0} aux={1}
INFO: 01:33:38.832062 self-stabilizing-binary-consensus.go:435: est[1][1]={0 1} aux[1][1]={1}
INFO: 01:33:38.832149 self-stabilizing-binary-consensus.go:433: RECEIVE j=2 flag=0 r=1 est={1} aux={0}
INFO: 01:33:38.832179 self-stabilizing-binary-consensus.go:435: est[1][2]={0 1} aux[1][2]={0}
INFO: 01:33:38.836189 self-stabilizing-binary-consensus.go:433: RECEIVE j=0 flag=0 r=1 est={0} aux={0}
INFO: 01:33:38.836319 self-stabilizing-binary-consensus.go:435: est[1][0]={0 1} aux[1][0]={0}
INFO: 01:33:38.836396 self-stabilizing-binary-consensus.go:433: RECEIVE j=1 flag=1 r=1 est={0 1} aux={1}
INFO: 01:33:38.836666 self-stabilizing-binary-consensus.go:435: est[1][1]={0 1} aux[1][1]={1}
INFO: 01:33:38.841577 self-stabilizing-binary-consensus.go:443: SEND flag=0 r=1 est={1} aux={0}
INFO: 01:33:38.842382 self-stabilizing-binary-consensus.go:433: RECEIVE j=2 flag=0 r=1 est={1} aux={0}
INFO: 01:33:38.842412 self-stabilizing-binary-consensus.go:435: est[1][2]={0 1} aux[1][2]={0}
INFO: 01:33:38.842918 self-stabilizing-binary-consensus.go:433: RECEIVE j=0 flag=0 r=1 est={0} aux={0}
INFO: 01:33:38.842953 self-stabilizing-binary-consensus.go:435: est[1][0]={0 1} aux[1][0]={0}
INFO: 01:33:38.842974 self-stabilizing-binary-consensus.go:433: RECEIVE j=1 flag=0 r=1 est={0} aux={1}
INFO: 01:33:38.842992 self-stabilizing-binary-consensus.go:435: est[1][1]={0 1} aux[1][1]={1}
INFO: 01:33:38.843010 self-stabilizing-binary-consensus.go:433: RECEIVE j=0 flag=0 r=1 est={0} aux={0}
INFO: 01:33:38.843027 self-stabilizing-binary-consensus.go:435: est[1][0]={0 1} aux[1][0]={0}
INFO: 01:33:40.812948 self-stabilizing-binary-consensus.go:433: RECEIVE j=0 flag=1 r=1 est={0 1} aux={0}
INFO: 01:33:40.813832 self-stabilizing-binary-consensus.go:435: est[1][0]={0 1} aux[1][0]={0}
INFO: 01:33:40.815769 self-stabilizing-binary-consensus.go:443: SEND flag=0 r=1 est={1} aux={0}
INFO: 01:33:40.815809 self-stabilizing-binary-consensus.go:433: RECEIVE j=1 flag=0 r=1 est={0} aux={1}
INFO: 01:33:40.815818 self-stabilizing-binary-consensus.go:435: est[1][1]={0 1} aux[1][1]={1}
INFO: 01:33:40.815824 self-stabilizing-binary-consensus.go:433: RECEIVE j=2 flag=0 r=1 est={1} aux={0}
INFO: 01:33:40.815829 self-stabilizing-binary-consensus.go:435: est[1][2]={0 1} aux[1][2]={0}
INFO: 01:33:40.819199 self-stabilizing-binary-consensus.go:433: RECEIVE j=2 flag=1 r=1 est={0 1} aux={0}
INFO: 01:33:40.822479 self-stabilizing-binary-consensus.go:435: est[1][2]={0 1} aux[1][2]={0}
INFO: 01:33:40.824409 self-stabilizing-binary-consensus.go:443: SEND flag=0 r=1 est={1} aux={0}
INFO: 01:33:40.824455 self-stabilizing-binary-consensus.go:433: RECEIVE j=0 flag=0 r=1 est={0} aux={0}
INFO: 01:33:40.824476 self-stabilizing-binary-consensus.go:435: est[1][0]={0 1} aux[1][0]={0}
INFO: 01:33:40.824496 self-stabilizing-binary-consensus.go:433: RECEIVE j=1 flag=0 r=1 est={0} aux={1}
INFO: 01:33:40.824513 self-stabilizing-binary-consensus.go:435: est[1][1]={0 1} aux[1][1]={1}
INFO: 01:33:40.824996 self-stabilizing-binary-consensus.go:200: binValues(1,3)={0 1}
INFO: 01:33:40.825146 self-stabilizing-binary-consensus.go:227: infoResults()={}
INFO: 01:33:40.825180 self-stabilizing-binary-consensus.go:93: round=1 repeat=4
INFO: 01:33:40.825199 self-stabilizing-binary-consensus.go:200: binValues(1,3)={0 1}
INFO: 01:33:40.825217 self-stabilizing-binary-consensus.go:200: binValues(1,2)={0 1}
INFO: 01:33:40.827104 self-stabilizing-binary-consensus.go:141: SEND flag=1 r=1 est={0 1} aux={0}
INFO: 01:33:40.830519 self-stabilizing-binary-consensus.go:433: RECEIVE j=2 flag=0 r=1 est={1} aux={0}
INFO: 01:33:40.831209 self-stabilizing-binary-consensus.go:435: est[1][2]={0 1} aux[1][2]={0}
INFO: 01:33:40.831265 self-stabilizing-binary-consensus.go:433: RECEIVE j=0 flag=0 r=1 est={0} aux={0}
INFO: 01:33:40.831317 self-stabilizing-binary-consensus.go:435: est[1][0]={0 1} aux[1][0]={0}
INFO: 01:33:40.834199 self-stabilizing-binary-consensus.go:433: RECEIVE j=1 flag=0 r=1 est={0} aux={1}
INFO: 01:33:40.834249 self-stabilizing-binary-consensus.go:435: est[1][1]={0 1} aux[1][1]={1}
INFO: 01:33:42.813149 self-stabilizing-binary-consensus.go:433: RECEIVE j=0 flag=1 r=1 est={0 1} aux={0}
INFO: 01:33:42.813373 self-stabilizing-binary-consensus.go:435: est[1][0]={0 1} aux[1][0]={0}
INFO: 01:33:42.815148 self-stabilizing-binary-consensus.go:443: SEND flag=0 r=1 est={1} aux={0}
INFO: 01:33:42.816633 self-stabilizing-binary-consensus.go:433: RECEIVE j=2 flag=0 r=1 est={1} aux={0}
INFO: 01:33:42.816663 self-stabilizing-binary-consensus.go:435: est[1][2]={0 1} aux[1][2]={0}
INFO: 01:33:42.824652 self-stabilizing-binary-consensus.go:433: RECEIVE j=1 flag=0 r=1 est={0} aux={1}
INFO: 01:33:42.824746 self-stabilizing-binary-consensus.go:435: est[1][1]={0 1} aux[1][1]={1}
INFO: 01:33:42.825946 self-stabilizing-binary-consensus.go:433: RECEIVE j=2 flag=1 r=1 est={0 1} aux={0}
INFO: 01:33:42.826007 self-stabilizing-binary-consensus.go:435: est[1][2]={0 1} aux[1][2]={0}
INFO: 01:33:42.827996 self-stabilizing-binary-consensus.go:443: SEND flag=0 r=1 est={1} aux={0}
INFO: 01:33:42.828355 self-stabilizing-binary-consensus.go:433: RECEIVE j=0 flag=0 r=1 est={0} aux={0}
INFO: 01:33:42.828371 self-stabilizing-binary-consensus.go:435: est[1][0]={0 1} aux[1][0]={0}
INFO: 01:33:42.828379 self-stabilizing-binary-consensus.go:200: binValues(1,3)={0 1}
INFO: 01:33:42.828385 self-stabilizing-binary-consensus.go:227: infoResults()={}
INFO: 01:33:42.828389 self-stabilizing-binary-consensus.go:93: round=1 repeat=5
INFO: 01:33:42.828423 self-stabilizing-binary-consensus.go:200: binValues(1,3)={0 1}
INFO: 01:33:42.828443 self-stabilizing-binary-consensus.go:200: binValues(1,2)={0 1}
INFO: 01:33:42.835587 self-stabilizing-binary-consensus.go:433: RECEIVE j=0 flag=0 r=1 est={0} aux={0}
INFO: 01:33:42.835647 self-stabilizing-binary-consensus.go:435: est[1][0]={0 1} aux[1][0]={0}
INFO: 01:33:42.837864 self-stabilizing-binary-consensus.go:433: RECEIVE j=1 flag=0 r=1 est={0} aux={1}
INFO: 01:33:42.837931 self-stabilizing-binary-consensus.go:435: est[1][1]={0 1} aux[1][1]={1}
INFO: 01:33:42.838128 self-stabilizing-binary-consensus.go:141: SEND flag=1 r=1 est={0 1} aux={0}
INFO: 01:33:42.840948 self-stabilizing-binary-consensus.go:433: RECEIVE j=2 flag=0 r=1 est={1} aux={0}
INFO: 01:33:42.841052 self-stabilizing-binary-consensus.go:435: est[1][2]={0 1} aux[1][2]={0}
INFO: 01:33:42.845503 self-stabilizing-binary-consensus.go:433: RECEIVE j=1 flag=0 r=1 est={0} aux={1}
INFO: 01:33:42.845811 self-stabilizing-binary-consensus.go:435: est[1][1]={0 1} aux[1][1]={1}
INFO: 01:33:44.815600 self-stabilizing-binary-consensus.go:433: RECEIVE j=0 flag=1 r=1 est={0 1} aux={0}
INFO: 01:33:44.815889 self-stabilizing-binary-consensus.go:435: est[1][0]={0 1} aux[1][0]={0}
INFO: 01:33:44.819066 self-stabilizing-binary-consensus.go:443: SEND flag=0 r=1 est={1} aux={0}
INFO: 01:33:44.819653 self-stabilizing-binary-consensus.go:433: RECEIVE j=2 flag=0 r=1 est={1} aux={0}
INFO: 01:33:44.819713 self-stabilizing-binary-consensus.go:435: est[1][2]={0 1} aux[1][2]={0}
INFO: 01:33:44.831325 self-stabilizing-binary-consensus.go:433: RECEIVE j=2 flag=1 r=1 est={0 1} aux={0}
INFO: 01:33:44.831390 self-stabilizing-binary-consensus.go:435: est[1][2]={0 1} aux[1][2]={0}
INFO: 01:33:44.834284 self-stabilizing-binary-consensus.go:443: SEND flag=0 r=1 est={1} aux={0}
INFO: 01:33:44.834379 self-stabilizing-binary-consensus.go:433: RECEIVE j=1 flag=0 r=1 est={0} aux={1}
INFO: 01:33:44.834390 self-stabilizing-binary-consensus.go:435: est[1][1]={0 1} aux[1][1]={1}
INFO: 01:33:44.834396 self-stabilizing-binary-consensus.go:433: RECEIVE j=0 flag=0 r=1 est={0} aux={0}
INFO: 01:33:44.834401 self-stabilizing-binary-consensus.go:435: est[1][0]={0 1} aux[1][0]={0}
INFO: 01:33:44.837172 self-stabilizing-binary-consensus.go:433: RECEIVE j=1 flag=0 r=1 est={0} aux={1}
INFO: 01:33:44.837260 self-stabilizing-binary-consensus.go:435: est[1][1]={0 1} aux[1][1]={1}
INFO: 01:33:44.838336 self-stabilizing-binary-consensus.go:200: binValues(1,3)={0 1}
INFO: 01:33:44.838399 self-stabilizing-binary-consensus.go:227: infoResults()={}
INFO: 01:33:44.838422 self-stabilizing-binary-consensus.go:93: round=1 repeat=6
INFO: 01:33:44.838440 self-stabilizing-binary-consensus.go:200: binValues(1,3)={0 1}
INFO: 01:33:44.838458 self-stabilizing-binary-consensus.go:200: binValues(1,2)={0 1}
INFO: 01:33:44.840200 self-stabilizing-binary-consensus.go:141: SEND flag=1 r=1 est={0 1} aux={0}
INFO: 01:33:44.843481 self-stabilizing-binary-consensus.go:433: RECEIVE j=0 flag=0 r=1 est={0} aux={0}
INFO: 01:33:44.843607 self-stabilizing-binary-consensus.go:435: est[1][0]={0 1} aux[1][0]={0}
INFO: 01:33:44.843878 self-stabilizing-binary-consensus.go:433: RECEIVE j=2 flag=0 r=1 est={1} aux={0}
INFO: 01:33:44.843948 self-stabilizing-binary-consensus.go:435: est[1][2]={0 1} aux[1][2]={0}
INFO: 01:33:44.853159 self-stabilizing-binary-consensus.go:433: RECEIVE j=1 flag=0 r=1 est={0} aux={1}
INFO: 01:33:44.853213 self-stabilizing-binary-consensus.go:435: est[1][1]={0 1} aux[1][1]={1}
INFO: 01:33:46.818514 self-stabilizing-binary-consensus.go:433: RECEIVE j=0 flag=1 r=1 est={0 1} aux={0}
INFO: 01:33:46.818642 self-stabilizing-binary-consensus.go:435: est[1][0]={0 1} aux[1][0]={0}
INFO: 01:33:46.820472 self-stabilizing-binary-consensus.go:443: SEND flag=0 r=1 est={1} aux={0}
INFO: 01:33:46.822211 self-stabilizing-binary-consensus.go:433: RECEIVE j=2 flag=0 r=1 est={1} aux={0}
INFO: 01:33:46.822283 self-stabilizing-binary-consensus.go:435: est[1][2]={0 1} aux[1][2]={0}
INFO: 01:33:46.833566 self-stabilizing-binary-consensus.go:433: RECEIVE j=2 flag=1 r=1 est={0 1} aux={0}
INFO: 01:33:46.833664 self-stabilizing-binary-consensus.go:435: est[1][2]={0 1} aux[1][2]={0}
INFO: 01:33:46.835495 self-stabilizing-binary-consensus.go:443: SEND flag=0 r=1 est={1} aux={0}
INFO: 01:33:46.836984 self-stabilizing-binary-consensus.go:433: RECEIVE j=0 flag=0 r=1 est={0} aux={0}
INFO: 01:33:46.837287 self-stabilizing-binary-consensus.go:435: est[1][0]={0 1} aux[1][0]={0}
INFO: 01:33:46.840765 self-stabilizing-binary-consensus.go:200: binValues(1,3)={0 1}
INFO: 01:33:46.840835 self-stabilizing-binary-consensus.go:227: infoResults()={}
INFO: 01:33:46.840858 self-stabilizing-binary-consensus.go:93: round=1 repeat=7
INFO: 01:33:46.840877 self-stabilizing-binary-consensus.go:200: binValues(1,3)={0 1}
INFO: 01:33:46.840895 self-stabilizing-binary-consensus.go:200: binValues(1,2)={0 1}
INFO: 01:33:46.842608 self-stabilizing-binary-consensus.go:141: SEND flag=1 r=1 est={0 1} aux={0}
INFO: 01:33:46.848729 self-stabilizing-binary-consensus.go:433: RECEIVE j=0 flag=0 r=1 est={0} aux={0}
INFO: 01:33:46.848790 self-stabilizing-binary-consensus.go:435: est[1][0]={0 1} aux[1][0]={0}
INFO: 01:33:46.851321 self-stabilizing-binary-consensus.go:433: RECEIVE j=2 flag=0 r=1 est={1} aux={0}
INFO: 01:33:46.851447 self-stabilizing-binary-consensus.go:435: est[1][2]={0 1} aux[1][2]={0}
INFO: 01:33:46.857729 self-stabilizing-binary-consensus.go:433: RECEIVE j=1 flag=0 r=1 est={0} aux={1}
INFO: 01:33:46.861050 self-stabilizing-binary-consensus.go:435: est[1][1]={0 1} aux[1][1]={1}
INFO: 01:33:46.861545 self-stabilizing-binary-consensus.go:433: RECEIVE j=1 flag=0 r=1 est={0} aux={1}
INFO: 01:33:46.862492 self-stabilizing-binary-consensus.go:435: est[1][1]={0 1} aux[1][1]={1}
INFO: 01:33:46.865031 self-stabilizing-binary-consensus.go:433: RECEIVE j=1 flag=0 r=1 est={0} aux={1}
INFO: 01:33:46.865108 self-stabilizing-binary-consensus.go:435: est[1][1]={0 1} aux[1][1]={1}
INFO: 01:33:48.820881 self-stabilizing-binary-consensus.go:433: RECEIVE j=0 flag=1 r=1 est={0 1} aux={0}
INFO: 01:33:48.820907 self-stabilizing-binary-consensus.go:435: est[1][0]={0 1} aux[1][0]={0}
INFO: 01:33:48.822621 self-stabilizing-binary-consensus.go:443: SEND flag=0 r=1 est={1} aux={0}
INFO: 01:33:48.825788 self-stabilizing-binary-consensus.go:433: RECEIVE j=2 flag=0 r=1 est={1} aux={0}
INFO: 01:33:48.825874 self-stabilizing-binary-consensus.go:435: est[1][2]={0 1} aux[1][2]={0}
INFO: 01:33:48.835567 self-stabilizing-binary-consensus.go:433: RECEIVE j=2 flag=1 r=1 est={0 1} aux={0}
INFO: 01:33:48.838117 self-stabilizing-binary-consensus.go:435: est[1][2]={0 1} aux[1][2]={0}
INFO: 01:33:48.839866 self-stabilizing-binary-consensus.go:443: SEND flag=0 r=1 est={1} aux={0}
INFO: 01:33:48.841013 self-stabilizing-binary-consensus.go:433: RECEIVE j=0 flag=0 r=1 est={0} aux={0}
INFO: 01:33:48.841080 self-stabilizing-binary-consensus.go:435: est[1][0]={0 1} aux[1][0]={0}
INFO: 01:33:48.843343 self-stabilizing-binary-consensus.go:200: binValues(1,3)={0 1}
INFO: 01:33:48.843373 self-stabilizing-binary-consensus.go:227: infoResults()={}
INFO: 01:33:48.843381 self-stabilizing-binary-consensus.go:93: round=1 repeat=8
INFO: 01:33:48.843387 self-stabilizing-binary-consensus.go:200: binValues(1,3)={0 1}
INFO: 01:33:48.843391 self-stabilizing-binary-consensus.go:200: binValues(1,2)={0 1}
INFO: 01:33:48.844728 self-stabilizing-binary-consensus.go:433: RECEIVE j=1 flag=0 r=1 est={0} aux={1}
INFO: 01:33:48.844772 self-stabilizing-binary-consensus.go:435: est[1][1]={0 1} aux[1][1]={1}
INFO: 01:33:48.845072 self-stabilizing-binary-consensus.go:141: SEND flag=1 r=1 est={0 1} aux={0}
INFO: 01:33:48.847979 self-stabilizing-binary-consensus.go:433: RECEIVE j=0 flag=0 r=1 est={0} aux={0}
INFO: 01:33:48.848009 self-stabilizing-binary-consensus.go:435: est[1][0]={0 1} aux[1][0]={0}
INFO: 01:33:48.851645 self-stabilizing-binary-consensus.go:433: RECEIVE j=2 flag=0 r=1 est={1} aux={0}
INFO: 01:33:48.851727 self-stabilizing-binary-consensus.go:435: est[1][2]={0 1} aux[1][2]={0}
INFO: 01:33:48.854497 self-stabilizing-binary-consensus.go:433: RECEIVE j=1 flag=0 r=1 est={0} aux={1}
INFO: 01:33:48.854543 self-stabilizing-binary-consensus.go:435: est[1][1]={0 1} aux[1][1]={1}
INFO: 01:33:48.858806 self-stabilizing-binary-consensus.go:433: RECEIVE j=1 flag=0 r=1 est={0} aux={1}
INFO: 01:33:48.858854 self-stabilizing-binary-consensus.go:435: est[1][1]={0 1} aux[1][1]={1}
INFO: 01:33:50.826397 self-stabilizing-binary-consensus.go:433: RECEIVE j=0 flag=1 r=1 est={0 1} aux={0}
INFO: 01:33:50.826515 self-stabilizing-binary-consensus.go:435: est[1][0]={0 1} aux[1][0]={0}
INFO: 01:33:50.828407 self-stabilizing-binary-consensus.go:443: SEND flag=0 r=1 est={1} aux={0}
INFO: 01:33:50.831575 self-stabilizing-binary-consensus.go:433: RECEIVE j=2 flag=0 r=1 est={1} aux={0}
INFO: 01:33:50.831620 self-stabilizing-binary-consensus.go:435: est[1][2]={0 1} aux[1][2]={0}
INFO: 01:33:50.838787 self-stabilizing-binary-consensus.go:433: RECEIVE j=2 flag=1 r=1 est={0 1} aux={0}
INFO: 01:33:50.838848 self-stabilizing-binary-consensus.go:435: est[1][2]={0 1} aux[1][2]={0}
INFO: 01:33:50.840932 self-stabilizing-binary-consensus.go:443: SEND flag=0 r=1 est={1} aux={0}
INFO: 01:33:50.844277 self-stabilizing-binary-consensus.go:433: RECEIVE j=0 flag=0 r=1 est={0} aux={0}
INFO: 01:33:50.844309 self-stabilizing-binary-consensus.go:435: est[1][0]={0 1} aux[1][0]={0}
INFO: 01:33:50.845995 self-stabilizing-binary-consensus.go:200: binValues(1,3)={0 1}
INFO: 01:33:50.846026 self-stabilizing-binary-consensus.go:227: infoResults()={}
INFO: 01:33:50.846034 self-stabilizing-binary-consensus.go:93: round=1 repeat=9
INFO: 01:33:50.846038 self-stabilizing-binary-consensus.go:200: binValues(1,3)={0 1}
INFO: 01:33:50.846043 self-stabilizing-binary-consensus.go:200: binValues(1,2)={0 1}
INFO: 01:33:50.849026 self-stabilizing-binary-consensus.go:141: SEND flag=1 r=1 est={0 1} aux={0}
INFO: 01:33:50.850521 self-stabilizing-binary-consensus.go:433: RECEIVE j=1 flag=0 r=1 est={0} aux={1}
INFO: 01:33:50.850580 self-stabilizing-binary-consensus.go:435: est[1][1]={0 1} aux[1][1]={1}
INFO: 01:33:50.855333 self-stabilizing-binary-consensus.go:433: RECEIVE j=2 flag=0 r=1 est={1} aux={0}
INFO: 01:33:50.855418 self-stabilizing-binary-consensus.go:435: est[1][2]={0 1} aux[1][2]={0}
INFO: 01:33:50.858232 self-stabilizing-binary-consensus.go:433: RECEIVE j=0 flag=0 r=1 est={0} aux={0}
INFO: 01:33:50.862417 self-stabilizing-binary-consensus.go:435: est[1][0]={0 1} aux[1][0]={0}
INFO: 01:33:50.875852 self-stabilizing-binary-consensus.go:433: RECEIVE j=1 flag=0 r=1 est={0} aux={1}
INFO: 01:33:50.876014 self-stabilizing-binary-consensus.go:435: est[1][1]={0 1} aux[1][1]={1}
INFO: 01:33:50.877908 self-stabilizing-binary-consensus.go:433: RECEIVE j=1 flag=0 r=1 est={0} aux={1}
INFO: 01:33:50.877957 self-stabilizing-binary-consensus.go:435: est[1][1]={0 1} aux[1][1]={1}
INFO: 01:33:52.834088 self-stabilizing-binary-consensus.go:433: RECEIVE j=0 flag=1 r=1 est={0 1} aux={0}
INFO: 01:33:52.834157 self-stabilizing-binary-consensus.go:435: est[1][0]={0 1} aux[1][0]={0}
INFO: 01:33:52.835885 self-stabilizing-binary-consensus.go:443: SEND flag=0 r=1 est={1} aux={0}
INFO: 01:33:52.849919 self-stabilizing-binary-consensus.go:433: RECEIVE j=0 flag=0 r=1 est={0} aux={0}
INFO: 01:33:52.849969 self-stabilizing-binary-consensus.go:435: est[1][0]={0 1} aux[1][0]={0}
INFO: 01:33:52.850125 self-stabilizing-binary-consensus.go:433: RECEIVE j=2 flag=0 r=1 est={1} aux={0}
INFO: 01:33:52.850148 self-stabilizing-binary-consensus.go:435: est[1][2]={0 1} aux[1][2]={0}
INFO: 01:33:52.850159 self-stabilizing-binary-consensus.go:200: binValues(1,3)={0 1}
INFO: 01:33:52.850164 self-stabilizing-binary-consensus.go:227: infoResults()={}
INFO: 01:33:52.850168 self-stabilizing-binary-consensus.go:93: round=1 repeat=10
INFO: 01:33:52.850173 self-stabilizing-binary-consensus.go:200: binValues(1,3)={0 1}
INFO: 01:33:52.850177 self-stabilizing-binary-consensus.go:200: binValues(1,2)={0 1}
INFO: 01:33:52.851168 self-stabilizing-binary-consensus.go:433: RECEIVE j=2 flag=1 r=1 est={0 1} aux={0}
INFO: 01:33:52.851328 self-stabilizing-binary-consensus.go:435: est[1][2]={0 1} aux[1][2]={0}
INFO: 01:33:52.851892 self-stabilizing-binary-consensus.go:141: SEND flag=1 r=1 est={0 1} aux={0}
INFO: 01:33:52.869954 self-stabilizing-binary-consensus.go:443: SEND flag=0 r=1 est={1} aux={0}
INFO: 01:33:52.870065 self-stabilizing-binary-consensus.go:433: RECEIVE j=0 flag=0 r=1 est={0} aux={0}
INFO: 01:33:52.870077 self-stabilizing-binary-consensus.go:435: est[1][0]={0 1} aux[1][0]={0}
INFO: 01:33:52.870083 self-stabilizing-binary-consensus.go:433: RECEIVE j=2 flag=0 r=1 est={1} aux={0}
INFO: 01:33:52.870088 self-stabilizing-binary-consensus.go:435: est[1][2]={0 1} aux[1][2]={0}
INFO: 01:33:52.870093 self-stabilizing-binary-consensus.go:433: RECEIVE j=1 flag=0 r=1 est={0} aux={1}
INFO: 01:33:52.870097 self-stabilizing-binary-consensus.go:435: est[1][1]={0 1} aux[1][1]={1}
INFO: 01:33:52.871802 self-stabilizing-binary-consensus.go:433: RECEIVE j=1 flag=0 r=1 est={0} aux={1}
INFO: 01:33:52.871829 self-stabilizing-binary-consensus.go:435: est[1][1]={0 1} aux[1][1]={1}
INFO: 01:33:52.871972 self-stabilizing-binary-consensus.go:433: RECEIVE j=1 flag=0 r=1 est={0} aux={1}
INFO: 01:33:52.871995 self-stabilizing-binary-consensus.go:435: est[1][1]={0 1} aux[1][1]={1}
INFO: 01:33:54.836702 self-stabilizing-binary-consensus.go:433: RECEIVE j=0 flag=1 r=1 est={0 1} aux={0}
INFO: 01:33:54.836745 self-stabilizing-binary-consensus.go:435: est[1][0]={0 1} aux[1][0]={0}
INFO: 01:33:54.838463 self-stabilizing-binary-consensus.go:443: SEND flag=0 r=1 est={1} aux={0}
INFO: 01:33:54.846855 self-stabilizing-binary-consensus.go:433: RECEIVE j=2 flag=0 r=1 est={1} aux={0}
INFO: 01:33:54.846876 self-stabilizing-binary-consensus.go:435: est[1][2]={0 1} aux[1][2]={0}
INFO: 01:33:54.856413 self-stabilizing-binary-consensus.go:200: binValues(1,3)={0 1}
INFO: 01:33:54.856468 self-stabilizing-binary-consensus.go:227: infoResults()={}
INFO: 01:33:54.856481 self-stabilizing-binary-consensus.go:93: round=1 repeat=11
INFO: 01:33:54.856491 self-stabilizing-binary-consensus.go:200: binValues(1,3)={0 1}
INFO: 01:33:54.856500 self-stabilizing-binary-consensus.go:200: binValues(1,2)={0 1}
INFO: 01:33:54.858798 self-stabilizing-binary-consensus.go:141: SEND flag=1 r=1 est={0 1} aux={0}
INFO: 01:33:54.870859 self-stabilizing-binary-consensus.go:433: RECEIVE j=2 flag=0 r=1 est={1} aux={0}
INFO: 01:33:54.870958 self-stabilizing-binary-consensus.go:435: est[1][2]={0 1} aux[1][2]={0}
INFO: 01:33:54.873440 self-stabilizing-binary-consensus.go:433: RECEIVE j=2 flag=1 r=1 est={0 1} aux={0}
INFO: 01:33:54.873533 self-stabilizing-binary-consensus.go:435: est[1][2]={0 1} aux[1][2]={0}
INFO: 01:33:54.878668 self-stabilizing-binary-consensus.go:443: SEND flag=0 r=1 est={1} aux={0}
INFO: 01:33:54.879169 self-stabilizing-binary-consensus.go:433: RECEIVE j=0 flag=0 r=1 est={0} aux={0}
INFO: 01:33:54.879481 self-stabilizing-binary-consensus.go:435: est[1][0]={0 1} aux[1][0]={0}
INFO: 01:33:54.879530 self-stabilizing-binary-consensus.go:433: RECEIVE j=0 flag=0 r=1 est={0} aux={0}
INFO: 01:33:54.879559 self-stabilizing-binary-consensus.go:435: est[1][0]={0 1} aux[1][0]={0}
INFO: 01:33:54.914610 self-stabilizing-binary-consensus.go:433: RECEIVE j=1 flag=0 r=1 est={0} aux={1}
INFO: 01:33:54.917235 self-stabilizing-binary-consensus.go:435: est[1][1]={0 1} aux[1][1]={1}
INFO: 01:33:54.921104 self-stabilizing-binary-consensus.go:433: RECEIVE j=1 flag=0 r=1 est={0} aux={1}
INFO: 01:33:54.921221 self-stabilizing-binary-consensus.go:435: est[1][1]={0 1} aux[1][1]={1}
INFO: 01:33:54.928126 self-stabilizing-binary-consensus.go:433: RECEIVE j=1 flag=0 r=1 est={0} aux={1}
INFO: 01:33:54.928286 self-stabilizing-binary-consensus.go:435: est[1][1]={0 1} aux[1][1]={1}
INFO: 01:33:56.838460 self-stabilizing-binary-consensus.go:433: RECEIVE j=0 flag=1 r=1 est={0 1} aux={0}
INFO: 01:33:56.838530 self-stabilizing-binary-consensus.go:435: est[1][0]={0 1} aux[1][0]={0}
INFO: 01:33:56.840276 self-stabilizing-binary-consensus.go:443: SEND flag=0 r=1 est={1} aux={0}
INFO: 01:33:56.843558 self-stabilizing-binary-consensus.go:433: RECEIVE j=2 flag=0 r=1 est={1} aux={0}
INFO: 01:33:56.843652 self-stabilizing-binary-consensus.go:435: est[1][2]={0 1} aux[1][2]={0}
INFO: 01:33:56.856429 self-stabilizing-binary-consensus.go:433: RECEIVE j=1 flag=0 r=1 est={0} aux={1}
INFO: 01:33:56.856514 self-stabilizing-binary-consensus.go:435: est[1][1]={0 1} aux[1][1]={1}
INFO: 01:33:56.859047 self-stabilizing-binary-consensus.go:200: binValues(1,3)={0 1}
INFO: 01:33:56.859123 self-stabilizing-binary-consensus.go:227: infoResults()={}
INFO: 01:33:56.859162 self-stabilizing-binary-consensus.go:93: round=1 repeat=12
INFO: 01:33:56.859199 self-stabilizing-binary-consensus.go:200: binValues(1,3)={0 1}
INFO: 01:33:56.859234 self-stabilizing-binary-consensus.go:200: binValues(1,2)={0 1}
INFO: 01:33:56.860901 self-stabilizing-binary-consensus.go:141: SEND flag=1 r=1 est={0 1} aux={0}
INFO: 01:33:56.867094 self-stabilizing-binary-consensus.go:433: RECEIVE j=0 flag=0 r=1 est={0} aux={0}
INFO: 01:33:56.867123 self-stabilizing-binary-consensus.go:435: est[1][0]={0 1} aux[1][0]={0}
INFO: 01:33:56.867297 self-stabilizing-binary-consensus.go:433: RECEIVE j=2 flag=0 r=1 est={1} aux={0}
INFO: 01:33:56.867319 self-stabilizing-binary-consensus.go:435: est[1][2]={0 1} aux[1][2]={0}
INFO: 01:33:56.869761 self-stabilizing-binary-consensus.go:433: RECEIVE j=1 flag=0 r=1 est={0} aux={1}
INFO: 01:33:56.869836 self-stabilizing-binary-consensus.go:435: est[1][1]={0 1} aux[1][1]={1}
INFO: 01:33:56.882097 self-stabilizing-binary-consensus.go:433: RECEIVE j=2 flag=1 r=1 est={0 1} aux={0}
INFO: 01:33:56.882211 self-stabilizing-binary-consensus.go:435: est[1][2]={0 1} aux[1][2]={0}
INFO: 01:33:56.886294 self-stabilizing-binary-consensus.go:443: SEND flag=0 r=1 est={1} aux={0}
INFO: 01:33:56.886358 self-stabilizing-binary-consensus.go:433: RECEIVE j=0 flag=0 r=1 est={0} aux={0}
INFO: 01:33:56.886519 self-stabilizing-binary-consensus.go:435: est[1][0]={0 1} aux[1][0]={0}
INFO: 01:33:56.893057 self-stabilizing-binary-consensus.go:433: RECEIVE j=1 flag=0 r=1 est={0} aux={1}
INFO: 01:33:56.893070 self-stabilizing-binary-consensus.go:435: est[1][1]={0 1} aux[1][1]={1}
INFO: 01:33:58.841380 self-stabilizing-binary-consensus.go:433: RECEIVE j=0 flag=1 r=1 est={0 1} aux={0}
INFO: 01:33:58.841488 self-stabilizing-binary-consensus.go:435: est[1][0]={0 1} aux[1][0]={0}
INFO: 01:33:58.843502 self-stabilizing-binary-consensus.go:443: SEND flag=0 r=1 est={1} aux={0}
INFO: 01:33:58.845829 self-stabilizing-binary-consensus.go:433: RECEIVE j=2 flag=0 r=1 est={1} aux={0}
INFO: 01:33:58.845854 self-stabilizing-binary-consensus.go:435: est[1][2]={0 1} aux[1][2]={0}
INFO: 01:33:58.859838 self-stabilizing-binary-consensus.go:433: RECEIVE j=1 flag=0 r=1 est={0} aux={1}
INFO: 01:33:58.859977 self-stabilizing-binary-consensus.go:435: est[1][1]={0 1} aux[1][1]={1}
INFO: 01:33:58.866705 self-stabilizing-binary-consensus.go:200: binValues(1,3)={0 1}
INFO: 01:33:58.866781 self-stabilizing-binary-consensus.go:227: infoResults()={}
INFO: 01:33:58.866804 self-stabilizing-binary-consensus.go:93: round=1 repeat=13
INFO: 01:33:58.866823 self-stabilizing-binary-consensus.go:200: binValues(1,3)={0 1}
INFO: 01:33:58.866841 self-stabilizing-binary-consensus.go:200: binValues(1,2)={0 1}
INFO: 01:33:58.872826 self-stabilizing-binary-consensus.go:141: SEND flag=1 r=1 est={0 1} aux={0}
INFO: 01:33:58.882819 self-stabilizing-binary-consensus.go:433: RECEIVE j=0 flag=0 r=1 est={0} aux={0}
INFO: 01:33:58.888761 self-stabilizing-binary-consensus.go:435: est[1][0]={0 1} aux[1][0]={0}
INFO: 01:33:58.893046 self-stabilizing-binary-consensus.go:433: RECEIVE j=2 flag=1 r=1 est={0 1} aux={0}
INFO: 01:33:58.893614 self-stabilizing-binary-consensus.go:435: est[1][2]={0 1} aux[1][2]={0}
INFO: 01:33:58.900881 self-stabilizing-binary-consensus.go:443: SEND flag=0 r=1 est={1} aux={0}
INFO: 01:33:58.901292 self-stabilizing-binary-consensus.go:433: RECEIVE j=2 flag=0 r=1 est={1} aux={0}
INFO: 01:33:58.901309 self-stabilizing-binary-consensus.go:435: est[1][2]={0 1} aux[1][2]={0}
INFO: 01:33:58.904229 self-stabilizing-binary-consensus.go:433: RECEIVE j=0 flag=0 r=1 est={0} aux={0}
INFO: 01:33:58.905804 self-stabilizing-binary-consensus.go:435: est[1][0]={0 1} aux[1][0]={0}
INFO: 01:33:58.917945 self-stabilizing-binary-consensus.go:433: RECEIVE j=1 flag=0 r=1 est={0} aux={1}
INFO: 01:33:58.919650 self-stabilizing-binary-consensus.go:435: est[1][1]={0 1} aux[1][1]={1}
INFO: 01:33:58.921089 self-stabilizing-binary-consensus.go:433: RECEIVE j=1 flag=0 r=1 est={0} aux={1}
INFO: 01:33:58.921279 self-stabilizing-binary-consensus.go:435: est[1][1]={0 1} aux[1][1]={1}
INFO: 01:34:00.844780 self-stabilizing-binary-consensus.go:433: RECEIVE j=0 flag=1 r=1 est={0 1} aux={0}
INFO: 01:34:00.845456 self-stabilizing-binary-consensus.go:435: est[1][0]={0 1} aux[1][0]={0}
INFO: 01:34:00.849879 self-stabilizing-binary-consensus.go:443: SEND flag=0 r=1 est={1} aux={0}
INFO: 01:34:00.850754 self-stabilizing-binary-consensus.go:433: RECEIVE j=2 flag=0 r=1 est={1} aux={0}
INFO: 01:34:00.850821 self-stabilizing-binary-consensus.go:435: est[1][2]={0 1} aux[1][2]={0}
INFO: 01:34:00.864395 self-stabilizing-binary-consensus.go:433: RECEIVE j=1 flag=0 r=1 est={0} aux={1}
INFO: 01:34:00.864460 self-stabilizing-binary-consensus.go:435: est[1][1]={0 1} aux[1][1]={1}
INFO: 01:34:00.874354 self-stabilizing-binary-consensus.go:200: binValues(1,3)={0 1}
INFO: 01:34:00.874411 self-stabilizing-binary-consensus.go:227: infoResults()={}
INFO: 01:34:00.874432 self-stabilizing-binary-consensus.go:93: round=1 repeat=14
INFO: 01:34:00.874451 self-stabilizing-binary-consensus.go:200: binValues(1,3)={0 1}
INFO: 01:34:00.874468 self-stabilizing-binary-consensus.go:200: binValues(1,2)={0 1}
INFO: 01:34:00.876221 self-stabilizing-binary-consensus.go:141: SEND flag=1 r=1 est={0 1} aux={0}
INFO: 01:34:00.884690 self-stabilizing-binary-consensus.go:433: RECEIVE j=2 flag=0 r=1 est={1} aux={0}
INFO: 01:34:00.884758 self-stabilizing-binary-consensus.go:435: est[1][2]={0 1} aux[1][2]={0}
INFO: 01:34:00.885987 self-stabilizing-binary-consensus.go:433: RECEIVE j=0 flag=0 r=1 est={0} aux={0}
INFO: 01:34:00.886046 self-stabilizing-binary-consensus.go:435: est[1][0]={0 1} aux[1][0]={0}
INFO: 01:34:00.895625 self-stabilizing-binary-consensus.go:433: RECEIVE j=1 flag=0 r=1 est={0} aux={1}
INFO: 01:34:00.898964 self-stabilizing-binary-consensus.go:435: est[1][1]={0 1} aux[1][1]={1}
INFO: 01:34:00.900066 self-stabilizing-binary-consensus.go:433: RECEIVE j=2 flag=1 r=1 est={0 1} aux={0}
INFO: 01:34:00.900110 self-stabilizing-binary-consensus.go:435: est[1][2]={0 1} aux[1][2]={0}
INFO: 01:34:00.918457 self-stabilizing-binary-consensus.go:443: SEND flag=0 r=1 est={1} aux={0}
INFO: 01:34:00.918526 self-stabilizing-binary-consensus.go:433: RECEIVE j=0 flag=0 r=1 est={0} aux={0}
INFO: 01:34:00.918544 self-stabilizing-binary-consensus.go:435: est[1][0]={0 1} aux[1][0]={0}
INFO: 01:34:00.939868 self-stabilizing-binary-consensus.go:433: RECEIVE j=1 flag=0 r=1 est={0} aux={1}
INFO: 01:34:00.940399 self-stabilizing-binary-consensus.go:435: est[1][1]={0 1} aux[1][1]={1}
INFO: 01:34:02.848451 self-stabilizing-binary-consensus.go:433: RECEIVE j=0 flag=1 r=1 est={0 1} aux={0}
INFO: 01:34:02.848538 self-stabilizing-binary-consensus.go:435: est[1][0]={0 1} aux[1][0]={0}
INFO: 01:34:02.850310 self-stabilizing-binary-consensus.go:443: SEND flag=0 r=1 est={1} aux={0}
INFO: 01:34:02.851110 self-stabilizing-binary-consensus.go:433: RECEIVE j=2 flag=0 r=1 est={1} aux={0}
INFO: 01:34:02.851326 self-stabilizing-binary-consensus.go:435: est[1][2]={0 1} aux[1][2]={0}
INFO: 01:34:02.854057 self-stabilizing-binary-consensus.go:433: RECEIVE j=1 flag=0 r=1 est={0} aux={1}
INFO: 01:34:02.854083 self-stabilizing-binary-consensus.go:435: est[1][1]={0 1} aux[1][1]={1}
INFO: 01:34:02.881304 self-stabilizing-binary-consensus.go:200: binValues(1,3)={0 1}
INFO: 01:34:02.881359 self-stabilizing-binary-consensus.go:227: infoResults()={}
INFO: 01:34:02.881366 self-stabilizing-binary-consensus.go:93: round=1 repeat=15
INFO: 01:34:02.881372 self-stabilizing-binary-consensus.go:200: binValues(1,3)={0 1}
INFO: 01:34:02.881376 self-stabilizing-binary-consensus.go:200: binValues(1,2)={0 1}
INFO: 01:34:02.883140 self-stabilizing-binary-consensus.go:141: SEND flag=1 r=1 est={0 1} aux={0}
INFO: 01:34:02.902042 self-stabilizing-binary-consensus.go:433: RECEIVE j=2 flag=0 r=1 est={1} aux={0}
INFO: 01:34:02.902119 self-stabilizing-binary-consensus.go:435: est[1][2]={0 1} aux[1][2]={0}
INFO: 01:34:02.906464 self-stabilizing-binary-consensus.go:433: RECEIVE j=0 flag=0 r=1 est={0} aux={0}
INFO: 01:34:02.906573 self-stabilizing-binary-consensus.go:435: est[1][0]={0 1} aux[1][0]={0}
INFO: 01:34:02.913307 self-stabilizing-binary-consensus.go:433: RECEIVE j=1 flag=0 r=1 est={0} aux={1}
INFO: 01:34:02.913372 self-stabilizing-binary-consensus.go:435: est[1][1]={0 1} aux[1][1]={1}
INFO: 01:34:02.914208 self-stabilizing-binary-consensus.go:433: RECEIVE j=2 flag=1 r=1 est={0 1} aux={0}
INFO: 01:34:02.914273 self-stabilizing-binary-consensus.go:435: est[1][2]={0 1} aux[1][2]={0}
INFO: 01:34:02.916081 self-stabilizing-binary-consensus.go:443: SEND flag=0 r=1 est={1} aux={0}
INFO: 01:34:02.920134 self-stabilizing-binary-consensus.go:433: RECEIVE j=1 flag=0 r=1 est={0} aux={1}
INFO: 01:34:02.920175 self-stabilizing-binary-consensus.go:435: est[1][1]={0 1} aux[1][1]={1}
INFO: 01:34:02.920682 self-stabilizing-binary-consensus.go:433: RECEIVE j=0 flag=0 r=1 est={0} aux={0}
INFO: 01:34:02.920799 self-stabilizing-binary-consensus.go:435: est[1][0]={0 1} aux[1][0]={0}
INFO: 01:34:04.851197 self-stabilizing-binary-consensus.go:433: RECEIVE j=0 flag=1 r=1 est={0 1} aux={0}
INFO: 01:34:04.851229 self-stabilizing-binary-consensus.go:435: est[1][0]={0 1} aux[1][0]={0}
INFO: 01:34:04.852967 self-stabilizing-binary-consensus.go:443: SEND flag=0 r=1 est={1} aux={0}
INFO: 01:34:04.854765 self-stabilizing-binary-consensus.go:433: RECEIVE j=2 flag=0 r=1 est={1} aux={0}
INFO: 01:34:04.854787 self-stabilizing-binary-consensus.go:435: est[1][2]={0 1} aux[1][2]={0}
INFO: 01:34:04.862674 self-stabilizing-binary-consensus.go:433: RECEIVE j=1 flag=0 r=1 est={0} aux={1}
INFO: 01:34:04.862725 self-stabilizing-binary-consensus.go:435: est[1][1]={0 1} aux[1][1]={1}
INFO: 01:34:04.883770 self-stabilizing-binary-consensus.go:200: binValues(1,3)={0 1}
INFO: 01:34:04.883838 self-stabilizing-binary-consensus.go:227: infoResults()={}
INFO: 01:34:04.883847 self-stabilizing-binary-consensus.go:93: round=1 repeat=16
INFO: 01:34:04.883863 self-stabilizing-binary-consensus.go:200: binValues(1,3)={0 1}
INFO: 01:34:04.883868 self-stabilizing-binary-consensus.go:200: binValues(1,2)={0 1}
INFO: 01:34:04.885540 self-stabilizing-binary-consensus.go:141: SEND flag=1 r=1 est={0 1} aux={0}
INFO: 01:34:04.889829 self-stabilizing-binary-consensus.go:433: RECEIVE j=2 flag=0 r=1 est={1} aux={0}
INFO: 01:34:04.889856 self-stabilizing-binary-consensus.go:435: est[1][2]={0 1} aux[1][2]={0}
INFO: 01:34:04.893016 self-stabilizing-binary-consensus.go:433: RECEIVE j=0 flag=0 r=1 est={0} aux={0}
INFO: 01:34:04.893077 self-stabilizing-binary-consensus.go:435: est[1][0]={0 1} aux[1][0]={0}
INFO: 01:34:04.897186 self-stabilizing-binary-consensus.go:433: RECEIVE j=1 flag=0 r=1 est={0} aux={1}
INFO: 01:34:04.897222 self-stabilizing-binary-consensus.go:435: est[1][1]={0 1} aux[1][1]={1}
INFO: 01:34:04.917081 self-stabilizing-binary-consensus.go:433: RECEIVE j=2 flag=1 r=1 est={0 1} aux={0}
INFO: 01:34:04.917115 self-stabilizing-binary-consensus.go:435: est[1][2]={0 1} aux[1][2]={0}
INFO: 01:34:04.918941 self-stabilizing-binary-consensus.go:443: SEND flag=0 r=1 est={1} aux={0}
INFO: 01:34:04.920532 self-stabilizing-binary-consensus.go:433: RECEIVE j=1 flag=0 r=1 est={0} aux={1}
INFO: 01:34:04.920568 self-stabilizing-binary-consensus.go:435: est[1][1]={0 1} aux[1][1]={1}
INFO: 01:34:04.925032 self-stabilizing-binary-consensus.go:433: RECEIVE j=0 flag=0 r=1 est={0} aux={0}
INFO: 01:34:04.925116 self-stabilizing-binary-consensus.go:435: est[1][0]={0 1} aux[1][0]={0}
INFO: 01:34:06.853866 self-stabilizing-binary-consensus.go:433: RECEIVE j=0 flag=1 r=1 est={0 1} aux={0}
INFO: 01:34:06.853981 self-stabilizing-binary-consensus.go:435: est[1][0]={0 1} aux[1][0]={0}
INFO: 01:34:06.855796 self-stabilizing-binary-consensus.go:443: SEND flag=0 r=1 est={1} aux={0}
INFO: 01:34:06.859313 self-stabilizing-binary-consensus.go:433: RECEIVE j=2 flag=0 r=1 est={1} aux={0}
INFO: 01:34:06.859346 self-stabilizing-binary-consensus.go:435: est[1][2]={0 1} aux[1][2]={0}
INFO: 01:34:06.874773 self-stabilizing-binary-consensus.go:433: RECEIVE j=1 flag=0 r=1 est={0} aux={1}
INFO: 01:34:06.874804 self-stabilizing-binary-consensus.go:435: est[1][1]={0 1} aux[1][1]={1}
INFO: 01:34:06.886460 self-stabilizing-binary-consensus.go:200: binValues(1,3)={0 1}
INFO: 01:34:06.886545 self-stabilizing-binary-consensus.go:227: infoResults()={}
INFO: 01:34:06.886583 self-stabilizing-binary-consensus.go:93: round=1 repeat=17
INFO: 01:34:06.886610 self-stabilizing-binary-consensus.go:200: binValues(1,3)={0 1}
INFO: 01:34:06.886634 self-stabilizing-binary-consensus.go:200: binValues(1,2)={0 1}
INFO: 01:34:06.889337 self-stabilizing-binary-consensus.go:141: SEND flag=1 r=1 est={0 1} aux={0}
INFO: 01:34:06.892074 self-stabilizing-binary-consensus.go:433: RECEIVE j=0 flag=0 r=1 est={0} aux={0}
INFO: 01:34:06.892172 self-stabilizing-binary-consensus.go:435: est[1][0]={0 1} aux[1][0]={0}
INFO: 01:34:06.894677 self-stabilizing-binary-consensus.go:433: RECEIVE j=2 flag=0 r=1 est={1} aux={0}
INFO: 01:34:06.894729 self-stabilizing-binary-consensus.go:435: est[1][2]={0 1} aux[1][2]={0}
INFO: 01:34:06.899173 self-stabilizing-binary-consensus.go:433: RECEIVE j=1 flag=0 r=1 est={0} aux={1}
INFO: 01:34:06.899225 self-stabilizing-binary-consensus.go:435: est[1][1]={0 1} aux[1][1]={1}
INFO: 01:34:06.920572 self-stabilizing-binary-consensus.go:433: RECEIVE j=2 flag=1 r=1 est={0 1} aux={0}
INFO: 01:34:06.921035 self-stabilizing-binary-consensus.go:435: est[1][2]={0 1} aux[1][2]={0}
INFO: 01:34:06.924886 self-stabilizing-binary-consensus.go:443: SEND flag=0 r=1 est={1} aux={0}
INFO: 01:34:06.925376 self-stabilizing-binary-consensus.go:433: RECEIVE j=0 flag=0 r=1 est={0} aux={0}
INFO: 01:34:06.925408 self-stabilizing-binary-consensus.go:435: est[1][0]={0 1} aux[1][0]={0}
INFO: 01:34:06.930905 self-stabilizing-binary-consensus.go:433: RECEIVE j=1 flag=0 r=1 est={0} aux={1}
INFO: 01:34:06.930960 self-stabilizing-binary-consensus.go:435: est[1][1]={0 1} aux[1][1]={1}
INFO: 01:34:08.856505 self-stabilizing-binary-consensus.go:433: RECEIVE j=0 flag=1 r=1 est={0 1} aux={0}
INFO: 01:34:08.857011 self-stabilizing-binary-consensus.go:435: est[1][0]={0 1} aux[1][0]={0}
INFO: 01:34:08.864966 self-stabilizing-binary-consensus.go:443: SEND flag=0 r=1 est={1} aux={0}
INFO: 01:34:08.865484 self-stabilizing-binary-consensus.go:433: RECEIVE j=2 flag=0 r=1 est={1} aux={0}
INFO: 01:34:08.865524 self-stabilizing-binary-consensus.go:435: est[1][2]={0 1} aux[1][2]={0}
INFO: 01:34:08.868169 self-stabilizing-binary-consensus.go:433: RECEIVE j=1 flag=0 r=1 est={0} aux={1}
INFO: 01:34:08.868212 self-stabilizing-binary-consensus.go:435: est[1][1]={0 1} aux[1][1]={1}
INFO: 01:34:08.890112 self-stabilizing-binary-consensus.go:200: binValues(1,3)={0 1}
INFO: 01:34:08.890162 self-stabilizing-binary-consensus.go:227: infoResults()={}
INFO: 01:34:08.890197 self-stabilizing-binary-consensus.go:93: round=1 repeat=18
INFO: 01:34:08.890203 self-stabilizing-binary-consensus.go:200: binValues(1,3)={0 1}
INFO: 01:34:08.890208 self-stabilizing-binary-consensus.go:200: binValues(1,2)={0 1}
INFO: 01:34:08.892023 self-stabilizing-binary-consensus.go:141: SEND flag=1 r=1 est={0 1} aux={0}
INFO: 01:34:08.894976 self-stabilizing-binary-consensus.go:433: RECEIVE j=0 flag=0 r=1 est={0} aux={0}
INFO: 01:34:08.894993 self-stabilizing-binary-consensus.go:435: est[1][0]={0 1} aux[1][0]={0}
INFO: 01:34:08.898847 self-stabilizing-binary-consensus.go:433: RECEIVE j=2 flag=0 r=1 est={1} aux={0}
INFO: 01:34:08.898896 self-stabilizing-binary-consensus.go:435: est[1][2]={0 1} aux[1][2]={0}
INFO: 01:34:08.903763 self-stabilizing-binary-consensus.go:433: RECEIVE j=1 flag=0 r=1 est={0} aux={1}
INFO: 01:34:08.903849 self-stabilizing-binary-consensus.go:435: est[1][1]={0 1} aux[1][1]={1}
INFO: 01:34:08.927456 self-stabilizing-binary-consensus.go:433: RECEIVE j=2 flag=1 r=1 est={0 1} aux={0}
INFO: 01:34:08.927486 self-stabilizing-binary-consensus.go:435: est[1][2]={0 1} aux[1][2]={0}
INFO: 01:34:08.929327 self-stabilizing-binary-consensus.go:443: SEND flag=0 r=1 est={1} aux={0}
INFO: 01:34:08.931413 self-stabilizing-binary-consensus.go:433: RECEIVE j=0 flag=0 r=1 est={0} aux={0}
INFO: 01:34:08.931532 self-stabilizing-binary-consensus.go:435: est[1][0]={0 1} aux[1][0]={0}
INFO: 01:34:08.934449 self-stabilizing-binary-consensus.go:433: RECEIVE j=1 flag=0 r=1 est={0} aux={1}
INFO: 01:34:08.934491 self-stabilizing-binary-consensus.go:435: est[1][1]={0 1} aux[1][1]={1}
INFO: 01:34:10.863835 self-stabilizing-binary-consensus.go:433: RECEIVE j=0 flag=1 r=1 est={0 1} aux={0}
INFO: 01:34:10.863976 self-stabilizing-binary-consensus.go:435: est[1][0]={0 1} aux[1][0]={0}
INFO: 01:34:10.868270 self-stabilizing-binary-consensus.go:443: SEND flag=0 r=1 est={1} aux={0}
INFO: 01:34:10.869905 self-stabilizing-binary-consensus.go:433: RECEIVE j=2 flag=0 r=1 est={1} aux={0}
INFO: 01:34:10.869983 self-stabilizing-binary-consensus.go:435: est[1][2]={0 1} aux[1][2]={0}
INFO: 01:34:10.885345 self-stabilizing-binary-consensus.go:433: RECEIVE j=1 flag=0 r=1 est={0} aux={1}
INFO: 01:34:10.885382 self-stabilizing-binary-consensus.go:435: est[1][1]={0 1} aux[1][1]={1}
INFO: 01:34:10.892145 self-stabilizing-binary-consensus.go:200: binValues(1,3)={0 1}
INFO: 01:34:10.892214 self-stabilizing-binary-consensus.go:227: infoResults()={}
INFO: 01:34:10.892236 self-stabilizing-binary-consensus.go:93: round=1 repeat=19
INFO: 01:34:10.892255 self-stabilizing-binary-consensus.go:200: binValues(1,3)={0 1}
INFO: 01:34:10.892272 self-stabilizing-binary-consensus.go:200: binValues(1,2)={0 1}
INFO: 01:34:10.893943 self-stabilizing-binary-consensus.go:141: SEND flag=1 r=1 est={0 1} aux={0}
INFO: 01:34:10.903894 self-stabilizing-binary-consensus.go:433: RECEIVE j=0 flag=0 r=1 est={0} aux={0}
INFO: 01:34:10.904196 self-stabilizing-binary-consensus.go:435: est[1][0]={0 1} aux[1][0]={0}
INFO: 01:34:10.905038 self-stabilizing-binary-consensus.go:433: RECEIVE j=2 flag=0 r=1 est={1} aux={0}
INFO: 01:34:10.905378 self-stabilizing-binary-consensus.go:435: est[1][2]={0 1} aux[1][2]={0}
INFO: 01:34:10.906974 self-stabilizing-binary-consensus.go:433: RECEIVE j=1 flag=0 r=1 est={0} aux={1}
INFO: 01:34:10.907432 self-stabilizing-binary-consensus.go:435: est[1][1]={0 1} aux[1][1]={1}
INFO: 01:34:10.933618 self-stabilizing-binary-consensus.go:433: RECEIVE j=2 flag=1 r=1 est={0 1} aux={0}
INFO: 01:34:10.933664 self-stabilizing-binary-consensus.go:435: est[1][2]={0 1} aux[1][2]={0}
INFO: 01:34:10.940944 self-stabilizing-binary-consensus.go:443: SEND flag=0 r=1 est={1} aux={0}
INFO: 01:34:10.941442 self-stabilizing-binary-consensus.go:433: RECEIVE j=0 flag=0 r=1 est={0} aux={0}
INFO: 01:34:10.941462 self-stabilizing-binary-consensus.go:435: est[1][0]={0 1} aux[1][0]={0}
INFO: 01:34:10.943238 self-stabilizing-binary-consensus.go:433: RECEIVE j=1 flag=0 r=1 est={0} aux={1}
INFO: 01:34:10.943280 self-stabilizing-binary-consensus.go:435: est[1][1]={0 1} aux[1][1]={1}
INFO: 01:34:12.872882 self-stabilizing-binary-consensus.go:433: RECEIVE j=0 flag=1 r=1 est={0 1} aux={0}
INFO: 01:34:12.872954 self-stabilizing-binary-consensus.go:435: est[1][0]={0 1} aux[1][0]={0}
INFO: 01:34:12.878142 self-stabilizing-binary-consensus.go:443: SEND flag=0 r=1 est={1} aux={0}
INFO: 01:34:12.892814 self-stabilizing-binary-consensus.go:433: RECEIVE j=2 flag=0 r=1 est={1} aux={0}
INFO: 01:34:12.892978 self-stabilizing-binary-consensus.go:435: est[1][2]={0 1} aux[1][2]={0}
INFO: 01:34:12.894043 self-stabilizing-binary-consensus.go:433: RECEIVE j=1 flag=0 r=1 est={0} aux={1}
INFO: 01:34:12.894139 self-stabilizing-binary-consensus.go:435: est[1][1]={0 1} aux[1][1]={1}
INFO: 01:34:12.904516 self-stabilizing-binary-consensus.go:200: binValues(1,3)={0 1}
INFO: 01:34:12.904570 self-stabilizing-binary-consensus.go:227: infoResults()={}
INFO: 01:34:12.904592 self-stabilizing-binary-consensus.go:93: round=1 repeat=20
INFO: 01:34:12.904610 self-stabilizing-binary-consensus.go:200: binValues(1,3)={0 1}
INFO: 01:34:12.904640 self-stabilizing-binary-consensus.go:200: binValues(1,2)={0 1}
INFO: 01:34:12.906336 self-stabilizing-binary-consensus.go:141: SEND flag=1 r=1 est={0 1} aux={0}
INFO: 01:34:12.911995 self-stabilizing-binary-consensus.go:433: RECEIVE j=0 flag=0 r=1 est={0} aux={0}
INFO: 01:34:12.912060 self-stabilizing-binary-consensus.go:435: est[1][0]={0 1} aux[1][0]={0}
INFO: 01:34:12.915353 self-stabilizing-binary-consensus.go:433: RECEIVE j=1 flag=0 r=1 est={0} aux={1}
INFO: 01:34:12.915461 self-stabilizing-binary-consensus.go:435: est[1][1]={0 1} aux[1][1]={1}
INFO: 01:34:12.917351 self-stabilizing-binary-consensus.go:433: RECEIVE j=2 flag=0 r=1 est={1} aux={0}
INFO: 01:34:12.917674 self-stabilizing-binary-consensus.go:435: est[1][2]={0 1} aux[1][2]={0}
INFO: 01:34:12.940429 self-stabilizing-binary-consensus.go:433: RECEIVE j=0 flag=0 r=1 est={0} aux={0}
INFO: 01:34:12.940532 self-stabilizing-binary-consensus.go:435: est[1][0]={0 1} aux[1][0]={0}
INFO: 01:34:12.940930 self-stabilizing-binary-consensus.go:433: RECEIVE j=2 flag=1 r=1 est={0 1} aux={0}
INFO: 01:34:12.940966 self-stabilizing-binary-consensus.go:435: est[1][2]={0 1} aux[1][2]={0}
INFO: 01:34:12.942882 self-stabilizing-binary-consensus.go:443: SEND flag=0 r=1 est={1} aux={0}
INFO: 01:34:12.944041 self-stabilizing-binary-consensus.go:433: RECEIVE j=1 flag=0 r=1 est={0} aux={1}
INFO: 01:34:12.944081 self-stabilizing-binary-consensus.go:435: est[1][1]={0 1} aux[1][1]={1}
