INFO: 01:20:58.870846 main.go:29: ID:3 | N:4 | F:1 | Clients:1 | Scenario:NORMAL | Remote:false

INFO: 01:20:58.871253 messenger.go:90: Receive from Server 0 on tcp://*:4300
INFO: 01:20:58.871429 messenger.go:107: Send to Server 0 on tcp://localhost:4003
INFO: 01:20:58.871496 messenger.go:90: Receive from Server 1 on tcp://*:4301
INFO: 01:20:58.871570 messenger.go:107: Send to Server 1 on tcp://localhost:4103
INFO: 01:20:58.871620 messenger.go:90: Receive from Server 2 on tcp://*:4302
INFO: 01:20:58.871688 messenger.go:107: Send to Server 2 on tcp://localhost:4203
INFO: 01:20:58.871708 messenger.go:113: -----------------------------------------
INFO: 01:20:58.871740 messenger.go:135: Requests from Client 0 on tcp://*:7300
INFO: 01:20:58.871801 messenger.go:152: Response to Client 0 on tcp://*:10300
INFO: 01:20:58.871821 messenger.go:155: -----------------------------------------

INFO: 01:20:58.877489 main.go:83: Initial estimate value:  1
INFO: 01:20:58.877583 self-stabilizing-binary-consensus.go:93: round=1 repeat=1
INFO: 01:20:58.877617 self-stabilizing-binary-consensus.go:200: binValues(1,3)={}
INFO: 01:20:58.877635 self-stabilizing-binary-consensus.go:200: binValues(1,2)={}
INFO: 01:20:58.879723 self-stabilizing-binary-consensus.go:141: SEND flag=1 r=1 est={1} aux={}
INFO: 01:20:58.881622 self-stabilizing-binary-consensus.go:431: RECEIVE j=2 flag=1 r=1 est={0} aux={}
INFO: 01:20:58.881657 self-stabilizing-binary-consensus.go:433: est[1][2]={0} aux[1][2]={}
INFO: 01:20:58.930185 self-stabilizing-binary-consensus.go:200: binValues(1,3)={}
INFO: 01:20:58.930268 self-stabilizing-binary-consensus.go:225: infoResults()={}
INFO: 01:20:58.930291 self-stabilizing-binary-consensus.go:93: round=1 repeat=2
INFO: 01:20:58.930304 self-stabilizing-binary-consensus.go:200: binValues(1,3)={}
INFO: 01:20:58.930315 self-stabilizing-binary-consensus.go:200: binValues(1,2)={}
INFO: 01:20:59.038864 self-stabilizing-binary-consensus.go:441: SEND flag=0 r=1 est={1} aux={}
INFO: 01:20:59.038951 self-stabilizing-binary-consensus.go:431: RECEIVE j=1 flag=1 r=1 est={1} aux={}
INFO: 01:20:59.039071 self-stabilizing-binary-consensus.go:433: est[1][1]={1} aux[1][1]={}
INFO: 01:20:59.044618 self-stabilizing-binary-consensus.go:441: SEND flag=0 r=1 est={1} aux={}
INFO: 01:20:59.045149 self-stabilizing-binary-consensus.go:431: RECEIVE j=1 flag=0 r=1 est={1} aux={}
INFO: 01:20:59.045205 self-stabilizing-binary-consensus.go:433: est[1][1]={1} aux[1][1]={}
INFO: 01:20:59.045254 self-stabilizing-binary-consensus.go:431: RECEIVE j=2 flag=0 r=1 est={0} aux={}
INFO: 01:20:59.045397 self-stabilizing-binary-consensus.go:433: est[1][2]={0} aux[1][2]={}
INFO: 01:20:59.045505 self-stabilizing-binary-consensus.go:431: RECEIVE j=2 flag=0 r=1 est={0} aux={}
INFO: 01:20:59.048646 self-stabilizing-binary-consensus.go:433: est[1][2]={0} aux[1][2]={}
INFO: 01:20:59.048709 self-stabilizing-binary-consensus.go:431: RECEIVE j=1 flag=1 r=1 est={1} aux={}
INFO: 01:20:59.048882 self-stabilizing-binary-consensus.go:433: est[1][1]={1} aux[1][1]={}
INFO: 01:20:59.045253 self-stabilizing-binary-consensus.go:141: SEND flag=1 r=1 est={1} aux={}
INFO: 01:20:59.055988 self-stabilizing-binary-consensus.go:441: SEND flag=0 r=1 est={1} aux={}
INFO: 01:20:59.056620 self-stabilizing-binary-consensus.go:431: RECEIVE j=2 flag=1 r=1 est={0 1} aux={}
INFO: 01:20:59.056688 self-stabilizing-binary-consensus.go:433: est[1][2]={0 1} aux[1][2]={}
INFO: 01:20:59.060165 self-stabilizing-binary-consensus.go:441: SEND flag=0 r=1 est={1} aux={}
INFO: 01:20:59.060214 self-stabilizing-binary-consensus.go:431: RECEIVE j=2 flag=0 r=1 est={0} aux={}
INFO: 01:20:59.060466 self-stabilizing-binary-consensus.go:433: est[1][2]={0 1} aux[1][2]={}
INFO: 01:20:59.060956 self-stabilizing-binary-consensus.go:431: RECEIVE j=1 flag=0 r=1 est={1} aux={}
INFO: 01:20:59.060994 self-stabilizing-binary-consensus.go:433: est[1][1]={1} aux[1][1]={}
INFO: 01:20:59.061051 self-stabilizing-binary-consensus.go:431: RECEIVE j=1 flag=1 r=1 est={1} aux={}
INFO: 01:20:59.061088 self-stabilizing-binary-consensus.go:433: est[1][1]={1} aux[1][1]={}
INFO: 01:20:59.072770 self-stabilizing-binary-consensus.go:441: SEND flag=0 r=1 est={1} aux={}
INFO: 01:20:59.072845 self-stabilizing-binary-consensus.go:431: RECEIVE j=2 flag=1 r=1 est={0 1} aux={}
INFO: 01:20:59.072870 self-stabilizing-binary-consensus.go:433: est[1][2]={0 1} aux[1][2]={}
INFO: 01:20:59.076033 self-stabilizing-binary-consensus.go:441: SEND flag=0 r=1 est={1} aux={}
INFO: 01:20:59.076108 self-stabilizing-binary-consensus.go:431: RECEIVE j=2 flag=0 r=1 est={0} aux={}
INFO: 01:20:59.076157 self-stabilizing-binary-consensus.go:433: est[1][2]={0 1} aux[1][2]={}
INFO: 01:20:59.076209 self-stabilizing-binary-consensus.go:431: RECEIVE j=1 flag=0 r=1 est={1} aux={}
INFO: 01:20:59.076276 self-stabilizing-binary-consensus.go:433: est[1][1]={1} aux[1][1]={}
INFO: 01:20:59.076317 self-stabilizing-binary-consensus.go:431: RECEIVE j=2 flag=0 r=1 est={0} aux={}
INFO: 01:20:59.076365 self-stabilizing-binary-consensus.go:433: est[1][2]={0 1} aux[1][2]={}
INFO: 01:20:59.076403 self-stabilizing-binary-consensus.go:431: RECEIVE j=1 flag=0 r=1 est={1} aux={}
INFO: 01:20:59.076438 self-stabilizing-binary-consensus.go:433: est[1][1]={1} aux[1][1]={}
INFO: 01:20:59.076483 self-stabilizing-binary-consensus.go:431: RECEIVE j=2 flag=0 r=1 est={0} aux={}
INFO: 01:20:59.076520 self-stabilizing-binary-consensus.go:433: est[1][2]={0 1} aux[1][2]={}
INFO: 01:20:59.076556 self-stabilizing-binary-consensus.go:431: RECEIVE j=0 flag=1 r=1 est={0} aux={}
INFO: 01:20:59.076600 self-stabilizing-binary-consensus.go:433: est[1][0]={0} aux[1][0]={}
INFO: 01:20:59.082162 self-stabilizing-binary-consensus.go:441: SEND flag=0 r=1 est={1} aux={}
INFO: 01:20:59.082188 self-stabilizing-binary-consensus.go:431: RECEIVE j=1 flag=0 r=1 est={1} aux={}
INFO: 01:20:59.082195 self-stabilizing-binary-consensus.go:433: est[1][1]={1} aux[1][1]={}
INFO: 01:20:59.082201 self-stabilizing-binary-consensus.go:431: RECEIVE j=0 flag=0 r=1 est={0} aux={}
INFO: 01:20:59.082205 self-stabilizing-binary-consensus.go:433: est[1][0]={0} aux[1][0]={}
INFO: 01:20:59.082210 self-stabilizing-binary-consensus.go:431: RECEIVE j=2 flag=0 r=1 est={0} aux={}
INFO: 01:20:59.082214 self-stabilizing-binary-consensus.go:433: est[1][2]={0 1} aux[1][2]={}
INFO: 01:20:59.082271 self-stabilizing-binary-consensus.go:431: RECEIVE j=0 flag=1 r=1 est={0} aux={}
INFO: 01:20:59.082278 self-stabilizing-binary-consensus.go:433: est[1][0]={0} aux[1][0]={}
INFO: 01:20:59.088435 self-stabilizing-binary-consensus.go:441: SEND flag=0 r=1 est={1} aux={}
INFO: 01:20:59.088472 self-stabilizing-binary-consensus.go:431: RECEIVE j=1 flag=1 r=1 est={0 1} aux={}
INFO: 01:20:59.088479 self-stabilizing-binary-consensus.go:433: est[1][1]={0 1} aux[1][1]={}
INFO: 01:20:59.091131 self-stabilizing-binary-consensus.go:441: SEND flag=0 r=1 est={1} aux={}
INFO: 01:20:59.091155 self-stabilizing-binary-consensus.go:431: RECEIVE j=2 flag=0 r=1 est={0} aux={}
INFO: 01:20:59.091163 self-stabilizing-binary-consensus.go:433: est[1][2]={0 1} aux[1][2]={}
INFO: 01:20:59.091168 self-stabilizing-binary-consensus.go:431: RECEIVE j=2 flag=1 r=1 est={0 1} aux={}
INFO: 01:20:59.091173 self-stabilizing-binary-consensus.go:433: est[1][2]={0 1} aux[1][2]={}
INFO: 01:20:59.093775 self-stabilizing-binary-consensus.go:441: SEND flag=0 r=1 est={1} aux={}
INFO: 01:20:59.093803 self-stabilizing-binary-consensus.go:431: RECEIVE j=0 flag=0 r=1 est={0} aux={}
INFO: 01:20:59.093812 self-stabilizing-binary-consensus.go:433: est[1][0]={0} aux[1][0]={}
INFO: 01:20:59.093818 self-stabilizing-binary-consensus.go:431: RECEIVE j=0 flag=0 r=1 est={0} aux={}
INFO: 01:20:59.093822 self-stabilizing-binary-consensus.go:433: est[1][0]={0} aux[1][0]={}
INFO: 01:20:59.093827 self-stabilizing-binary-consensus.go:431: RECEIVE j=1 flag=0 r=1 est={1} aux={}
INFO: 01:20:59.093861 self-stabilizing-binary-consensus.go:433: est[1][1]={0 1} aux[1][1]={}
INFO: 01:20:59.093894 self-stabilizing-binary-consensus.go:431: RECEIVE j=1 flag=0 r=1 est={1} aux={}
INFO: 01:20:59.093901 self-stabilizing-binary-consensus.go:433: est[1][1]={0 1} aux[1][1]={}
INFO: 01:20:59.093906 self-stabilizing-binary-consensus.go:431: RECEIVE j=1 flag=0 r=1 est={1} aux={}
INFO: 01:20:59.093989 self-stabilizing-binary-consensus.go:433: est[1][1]={0 1} aux[1][1]={}
INFO: 01:20:59.094004 self-stabilizing-binary-consensus.go:431: RECEIVE j=0 flag=0 r=1 est={0} aux={}
INFO: 01:20:59.094528 self-stabilizing-binary-consensus.go:433: est[1][0]={0} aux[1][0]={}
INFO: 01:20:59.094580 self-stabilizing-binary-consensus.go:431: RECEIVE j=0 flag=0 r=1 est={0} aux={}
INFO: 01:20:59.094626 self-stabilizing-binary-consensus.go:433: est[1][0]={0} aux[1][0]={}
INFO: 01:20:59.094931 self-stabilizing-binary-consensus.go:431: RECEIVE j=0 flag=0 r=1 est={0} aux={}
INFO: 01:20:59.094972 self-stabilizing-binary-consensus.go:433: est[1][0]={0} aux[1][0]={}
INFO: 01:20:59.095025 self-stabilizing-binary-consensus.go:431: RECEIVE j=0 flag=0 r=1 est={0} aux={}
INFO: 01:20:59.095081 self-stabilizing-binary-consensus.go:433: est[1][0]={0} aux[1][0]={}
INFO: 01:20:59.095168 self-stabilizing-binary-consensus.go:431: RECEIVE j=0 flag=0 r=1 est={0} aux={}
INFO: 01:20:59.095203 self-stabilizing-binary-consensus.go:433: est[1][0]={0} aux[1][0]={}
INFO: 01:20:59.095252 self-stabilizing-binary-consensus.go:431: RECEIVE j=0 flag=0 r=1 est={0} aux={}
INFO: 01:20:59.095290 self-stabilizing-binary-consensus.go:433: est[1][0]={0} aux[1][0]={}
INFO: 01:20:59.095326 self-stabilizing-binary-consensus.go:431: RECEIVE j=0 flag=0 r=1 est={0} aux={}
INFO: 01:20:59.095361 self-stabilizing-binary-consensus.go:433: est[1][0]={0} aux[1][0]={}
INFO: 01:20:59.100604 self-stabilizing-binary-consensus.go:200: binValues(1,3)={0}
INFO: 01:20:59.100828 self-stabilizing-binary-consensus.go:225: infoResults()={}
INFO: 01:20:59.100975 self-stabilizing-binary-consensus.go:93: round=1 repeat=3
INFO: 01:20:59.101461 self-stabilizing-binary-consensus.go:200: binValues(1,3)={0}
INFO: 01:20:59.101504 self-stabilizing-binary-consensus.go:132: aux[1][3]=0
INFO: 01:20:59.101573 self-stabilizing-binary-consensus.go:200: binValues(1,2)={0 1}
INFO: 01:20:59.103501 self-stabilizing-binary-consensus.go:141: SEND flag=1 r=1 est={0 1} aux={0}
INFO: 01:20:59.104308 self-stabilizing-binary-consensus.go:431: RECEIVE j=0 flag=1 r=1 est={0 1} aux={1}
INFO: 01:20:59.104372 self-stabilizing-binary-consensus.go:433: est[1][0]={0 1} aux[1][0]={1}
INFO: 01:20:59.112852 self-stabilizing-binary-consensus.go:441: SEND flag=0 r=1 est={1} aux={0}
INFO: 01:20:59.112881 self-stabilizing-binary-consensus.go:431: RECEIVE j=1 flag=1 r=1 est={0 1} aux={}
INFO: 01:20:59.112890 self-stabilizing-binary-consensus.go:433: est[1][1]={0 1} aux[1][1]={}
INFO: 01:20:59.118771 self-stabilizing-binary-consensus.go:441: SEND flag=0 r=1 est={1} aux={0}
INFO: 01:20:59.118800 self-stabilizing-binary-consensus.go:431: RECEIVE j=2 flag=0 r=1 est={0} aux={}
INFO: 01:20:59.118808 self-stabilizing-binary-consensus.go:433: est[1][2]={0 1} aux[1][2]={}
INFO: 01:20:59.118813 self-stabilizing-binary-consensus.go:431: RECEIVE j=2 flag=1 r=1 est={0 1} aux={0}
INFO: 01:20:59.118818 self-stabilizing-binary-consensus.go:433: est[1][2]={0 1} aux[1][2]={0}
INFO: 01:20:59.122309 self-stabilizing-binary-consensus.go:441: SEND flag=0 r=1 est={1} aux={0}
INFO: 01:20:59.122338 self-stabilizing-binary-consensus.go:431: RECEIVE j=0 flag=0 r=1 est={0} aux={1}
INFO: 01:20:59.122347 self-stabilizing-binary-consensus.go:433: est[1][0]={0 1} aux[1][0]={1}
INFO: 01:20:59.122353 self-stabilizing-binary-consensus.go:431: RECEIVE j=1 flag=0 r=1 est={1} aux={}
INFO: 01:20:59.122363 self-stabilizing-binary-consensus.go:433: est[1][1]={0 1} aux[1][1]={}
INFO: 01:20:59.122368 self-stabilizing-binary-consensus.go:431: RECEIVE j=2 flag=0 r=1 est={0} aux={0}
INFO: 01:20:59.122372 self-stabilizing-binary-consensus.go:433: est[1][2]={0 1} aux[1][2]={0}
INFO: 01:20:59.122633 self-stabilizing-binary-consensus.go:431: RECEIVE j=2 flag=0 r=1 est={0} aux={0}
INFO: 01:20:59.122680 self-stabilizing-binary-consensus.go:433: est[1][2]={0 1} aux[1][2]={0}
INFO: 01:20:59.123902 self-stabilizing-binary-consensus.go:431: RECEIVE j=0 flag=0 r=1 est={0} aux={1}
INFO: 01:20:59.123988 self-stabilizing-binary-consensus.go:433: est[1][0]={0 1} aux[1][0]={1}
INFO: 01:20:59.125041 self-stabilizing-binary-consensus.go:431: RECEIVE j=1 flag=0 r=1 est={1} aux={}
INFO: 01:20:59.125084 self-stabilizing-binary-consensus.go:433: est[1][1]={0 1} aux[1][1]={}
INFO: 01:20:59.125655 self-stabilizing-binary-consensus.go:431: RECEIVE j=0 flag=0 r=1 est={0} aux={1}
INFO: 01:20:59.125720 self-stabilizing-binary-consensus.go:433: est[1][0]={0 1} aux[1][0]={1}
INFO: 01:20:59.126706 self-stabilizing-binary-consensus.go:431: RECEIVE j=1 flag=0 r=1 est={1} aux={}
INFO: 01:20:59.126807 self-stabilizing-binary-consensus.go:433: est[1][1]={0 1} aux[1][1]={}
INFO: 01:20:59.154107 self-stabilizing-binary-consensus.go:200: binValues(1,3)={0 1}
INFO: 01:20:59.154251 self-stabilizing-binary-consensus.go:225: infoResults()={}
INFO: 01:20:59.154396 self-stabilizing-binary-consensus.go:93: round=1 repeat=4
INFO: 01:20:59.154508 self-stabilizing-binary-consensus.go:200: binValues(1,3)={0 1}
INFO: 01:20:59.154616 self-stabilizing-binary-consensus.go:200: binValues(1,2)={0 1}
INFO: 01:20:59.159200 self-stabilizing-binary-consensus.go:141: SEND flag=1 r=1 est={0 1} aux={0}
INFO: 01:20:59.169778 self-stabilizing-binary-consensus.go:431: RECEIVE j=0 flag=1 r=1 est={0 1} aux={1}
INFO: 01:20:59.169963 self-stabilizing-binary-consensus.go:433: est[1][0]={0 1} aux[1][0]={1}
INFO: 01:20:59.180607 self-stabilizing-binary-consensus.go:441: SEND flag=0 r=1 est={1} aux={0}
INFO: 01:20:59.183275 self-stabilizing-binary-consensus.go:431: RECEIVE j=1 flag=1 r=1 est={0 1} aux={0}
INFO: 01:20:59.183330 self-stabilizing-binary-consensus.go:433: est[1][1]={0 1} aux[1][1]={0}
INFO: 01:20:59.190564 self-stabilizing-binary-consensus.go:441: SEND flag=0 r=1 est={1} aux={0}
INFO: 01:20:59.190597 self-stabilizing-binary-consensus.go:431: RECEIVE j=1 flag=0 r=1 est={1} aux={0}
INFO: 01:20:59.190606 self-stabilizing-binary-consensus.go:433: est[1][1]={0 1} aux[1][1]={0}
INFO: 01:20:59.190612 self-stabilizing-binary-consensus.go:431: RECEIVE j=2 flag=0 r=1 est={0} aux={0}
INFO: 01:20:59.190617 self-stabilizing-binary-consensus.go:433: est[1][2]={0 1} aux[1][2]={0}
INFO: 01:20:59.190623 self-stabilizing-binary-consensus.go:431: RECEIVE j=0 flag=0 r=1 est={0} aux={1}
INFO: 01:20:59.190627 self-stabilizing-binary-consensus.go:433: est[1][0]={0 1} aux[1][0]={1}
INFO: 01:20:59.191102 self-stabilizing-binary-consensus.go:431: RECEIVE j=2 flag=0 r=1 est={0} aux={0}
INFO: 01:20:59.191113 self-stabilizing-binary-consensus.go:433: est[1][2]={0 1} aux[1][2]={0}
INFO: 01:20:59.191414 self-stabilizing-binary-consensus.go:431: RECEIVE j=1 flag=0 r=1 est={1} aux={0}
INFO: 01:20:59.191439 self-stabilizing-binary-consensus.go:433: est[1][1]={0 1} aux[1][1]={0}
INFO: 01:20:59.192265 self-stabilizing-binary-consensus.go:431: RECEIVE j=2 flag=0 r=1 est={0} aux={0}
INFO: 01:20:59.192324 self-stabilizing-binary-consensus.go:433: est[1][2]={0 1} aux[1][2]={0}
INFO: 01:20:59.194712 self-stabilizing-binary-consensus.go:431: RECEIVE j=0 flag=0 r=1 est={0} aux={1}
INFO: 01:20:59.194789 self-stabilizing-binary-consensus.go:433: est[1][0]={0 1} aux[1][0]={1}
INFO: 01:20:59.209764 self-stabilizing-binary-consensus.go:200: binValues(1,3)={0 1}
INFO: 01:20:59.209888 self-stabilizing-binary-consensus.go:225: infoResults()={0}
INFO: 01:20:59.209931 self-stabilizing-binary-consensus.go:200: binValues(1,3)={0 1}
INFO: 01:20:59.209957 self-stabilizing-binary-consensus.go:225: infoResults()={0}
INFO: 01:20:59.209976 self-stabilizing-binary-consensus.go:256: randomBit(1)=0
INFO: 01:20:59.209994 self-stabilizing-binary-consensus.go:249: decision=0
INFO: 01:20:59.210095 self-stabilizing-binary-consensus.go:200: binValues(11,2)={}
INFO: 01:20:59.210165 self-stabilizing-binary-consensus.go:93: round=11 repeat=1
INFO: 01:20:59.210226 self-stabilizing-binary-consensus.go:200: binValues(11,3)={}
INFO: 01:20:59.210296 self-stabilizing-binary-consensus.go:200: binValues(11,2)={0}
INFO: 01:20:59.210188 self-stabilizing-binary-consensus.go:431: RECEIVE j=2 flag=1 r=11 est={0} aux={0}
INFO: 01:20:59.211338 self-stabilizing-binary-consensus.go:433: est[11][2]={0} aux[11][2]={0}
INFO: 01:20:59.215135 self-stabilizing-binary-consensus.go:141: SEND flag=1 r=11 est={0} aux={0}
INFO: 01:20:59.222710 self-stabilizing-binary-consensus.go:441: SEND flag=0 r=11 est={0} aux={0}
INFO: 01:20:59.223056 self-stabilizing-binary-consensus.go:431: RECEIVE j=1 flag=1 r=11 est={0} aux={0}
INFO: 01:20:59.223119 self-stabilizing-binary-consensus.go:433: est[11][1]={0} aux[11][1]={0}
INFO: 01:20:59.228969 self-stabilizing-binary-consensus.go:441: SEND flag=0 r=11 est={0} aux={0}
INFO: 01:20:59.229072 self-stabilizing-binary-consensus.go:431: RECEIVE j=0 flag=1 r=11 est={0} aux={0}
INFO: 01:20:59.229188 self-stabilizing-binary-consensus.go:433: est[11][0]={0} aux[11][0]={0}
INFO: 01:20:59.234541 self-stabilizing-binary-consensus.go:441: SEND flag=0 r=11 est={0} aux={0}
INFO: 01:20:59.234646 self-stabilizing-binary-consensus.go:431: RECEIVE j=2 flag=0 r=11 est={0} aux={0}
INFO: 01:20:59.234688 self-stabilizing-binary-consensus.go:433: est[11][2]={0} aux[11][2]={0}
INFO: 01:20:59.234709 self-stabilizing-binary-consensus.go:431: RECEIVE j=1 flag=0 r=11 est={0} aux={0}
INFO: 01:20:59.234723 self-stabilizing-binary-consensus.go:433: est[11][1]={0} aux[11][1]={0}
INFO: 01:20:59.234738 self-stabilizing-binary-consensus.go:431: RECEIVE j=0 flag=0 r=11 est={0} aux={0}
INFO: 01:20:59.234752 self-stabilizing-binary-consensus.go:433: est[11][0]={0} aux[11][0]={0}
INFO: 01:20:59.234766 self-stabilizing-binary-consensus.go:431: RECEIVE j=2 flag=0 r=11 est={0} aux={0}
INFO: 01:20:59.234780 self-stabilizing-binary-consensus.go:433: est[11][2]={0} aux[11][2]={0}
INFO: 01:20:59.234878 self-stabilizing-binary-consensus.go:431: RECEIVE j=2 flag=1 r=11 est={0} aux={0}
INFO: 01:20:59.234919 self-stabilizing-binary-consensus.go:433: est[11][2]={0} aux[11][2]={0}
INFO: 01:20:59.241598 self-stabilizing-binary-consensus.go:441: SEND flag=0 r=11 est={0} aux={0}
INFO: 01:20:59.242707 self-stabilizing-binary-consensus.go:431: RECEIVE j=2 flag=0 r=11 est={0} aux={0}
INFO: 01:20:59.243276 self-stabilizing-binary-consensus.go:433: est[11][2]={0} aux[11][2]={0}
INFO: 01:20:59.243488 self-stabilizing-binary-consensus.go:431: RECEIVE j=1 flag=0 r=11 est={0} aux={0}
INFO: 01:20:59.243813 self-stabilizing-binary-consensus.go:433: est[11][1]={0} aux[11][1]={0}
INFO: 01:20:59.246957 self-stabilizing-binary-consensus.go:431: RECEIVE j=1 flag=0 r=11 est={0} aux={0}
INFO: 01:20:59.246984 self-stabilizing-binary-consensus.go:433: est[11][1]={0} aux[11][1]={0}
INFO: 01:20:59.247191 self-stabilizing-binary-consensus.go:431: RECEIVE j=0 flag=0 r=11 est={0} aux={0}
INFO: 01:20:59.247882 self-stabilizing-binary-consensus.go:433: est[11][0]={0} aux[11][0]={0}
INFO: 01:20:59.248157 self-stabilizing-binary-consensus.go:431: RECEIVE j=0 flag=0 r=11 est={0} aux={0}
INFO: 01:20:59.248235 self-stabilizing-binary-consensus.go:433: est[11][0]={0} aux[11][0]={0}
INFO: 01:20:59.250491 self-stabilizing-binary-consensus.go:431: RECEIVE j=0 flag=0 r=11 est={0} aux={0}
INFO: 01:20:59.250522 self-stabilizing-binary-consensus.go:433: est[11][0]={0} aux[11][0]={0}
INFO: 01:20:59.251946 self-stabilizing-binary-consensus.go:431: RECEIVE j=1 flag=0 r=11 est={0} aux={0}
INFO: 01:20:59.251987 self-stabilizing-binary-consensus.go:433: est[11][1]={0} aux[11][1]={0}
INFO: 01:20:59.269953 self-stabilizing-binary-consensus.go:200: binValues(11,3)={0}
INFO: 01:20:59.270084 self-stabilizing-binary-consensus.go:225: infoResults()={0}
INFO: 01:20:59.270138 self-stabilizing-binary-consensus.go:200: binValues(11,3)={0}
INFO: 01:20:59.270154 self-stabilizing-binary-consensus.go:225: infoResults()={0}
INFO: 01:20:59.270169 self-stabilizing-binary-consensus.go:256: randomBit(11)=0
INFO: 01:20:59.270182 self-stabilizing-binary-consensus.go:249: decision=0
INFO: 01:20:59.270274 self-stabilizing-binary-consensus.go:200: binValues(11,2)={0}
INFO: 01:20:59.270519 self-stabilizing-binary-consensus.go:249: decision=0
INFO: 01:20:59.270641 self-stabilizing-binary-consensus.go:93: round=11 repeat=1
INFO: 01:20:59.270680 self-stabilizing-binary-consensus.go:200: binValues(11,3)={0}
INFO: 01:20:59.271023 self-stabilizing-binary-consensus.go:200: binValues(11,2)={0}
INFO: 01:20:59.275827 self-stabilizing-binary-consensus.go:431: RECEIVE j=1 flag=1 r=11 est={0} aux={0}
INFO: 01:20:59.276144 self-stabilizing-binary-consensus.go:433: est[11][1]={0} aux[11][1]={0}
INFO: 01:20:59.289339 self-stabilizing-binary-consensus.go:431: RECEIVE j=0 flag=1 r=11 est={0} aux={0}
INFO: 01:20:59.289407 self-stabilizing-binary-consensus.go:433: est[11][0]={0} aux[11][0]={0}
INFO: 01:20:59.293691 self-stabilizing-binary-consensus.go:441: SEND flag=0 r=11 est={0} aux={0}
INFO: 01:20:59.297426 self-stabilizing-binary-consensus.go:141: SEND flag=1 r=11 est={0} aux={0}
INFO: 01:20:59.298633 self-stabilizing-binary-consensus.go:431: RECEIVE j=2 flag=0 r=11 est={0} aux={0}
INFO: 01:20:59.298781 self-stabilizing-binary-consensus.go:433: est[11][2]={0} aux[11][2]={0}
INFO: 01:20:59.307684 self-stabilizing-binary-consensus.go:441: SEND flag=0 r=11 est={0} aux={0}
INFO: 01:20:59.309545 self-stabilizing-binary-consensus.go:431: RECEIVE j=1 flag=0 r=11 est={0} aux={0}
INFO: 01:20:59.309581 self-stabilizing-binary-consensus.go:433: est[11][1]={0} aux[11][1]={0}
INFO: 01:20:59.312926 self-stabilizing-binary-consensus.go:431: RECEIVE j=0 flag=0 r=11 est={0} aux={0}
INFO: 01:20:59.312977 self-stabilizing-binary-consensus.go:433: est[11][0]={0} aux[11][0]={0}
INFO: 01:20:59.315733 self-stabilizing-binary-consensus.go:431: RECEIVE j=2 flag=1 r=11 est={0} aux={0}
INFO: 01:20:59.315861 self-stabilizing-binary-consensus.go:433: est[11][2]={0} aux[11][2]={0}
INFO: 01:20:59.317511 self-stabilizing-binary-consensus.go:431: RECEIVE j=1 flag=0 r=11 est={0} aux={0}
INFO: 01:20:59.317543 self-stabilizing-binary-consensus.go:433: est[11][1]={0} aux[11][1]={0}
INFO: 01:20:59.319098 self-stabilizing-binary-consensus.go:431: RECEIVE j=0 flag=0 r=11 est={0} aux={0}
INFO: 01:20:59.319125 self-stabilizing-binary-consensus.go:433: est[11][0]={0} aux[11][0]={0}
INFO: 01:20:59.320471 self-stabilizing-binary-consensus.go:431: RECEIVE j=2 flag=0 r=11 est={0} aux={0}
INFO: 01:20:59.320498 self-stabilizing-binary-consensus.go:433: est[11][2]={0} aux[11][2]={0}
INFO: 01:20:59.321779 self-stabilizing-binary-consensus.go:441: SEND flag=0 r=11 est={0} aux={0}
INFO: 01:20:59.326247 self-stabilizing-binary-consensus.go:431: RECEIVE j=2 flag=0 r=11 est={0} aux={0}
INFO: 01:20:59.326278 self-stabilizing-binary-consensus.go:433: est[11][2]={0} aux[11][2]={0}
INFO: 01:20:59.327877 self-stabilizing-binary-consensus.go:431: RECEIVE j=0 flag=0 r=11 est={0} aux={0}
INFO: 01:20:59.327919 self-stabilizing-binary-consensus.go:433: est[11][0]={0} aux[11][0]={0}
INFO: 01:20:59.328968 self-stabilizing-binary-consensus.go:431: RECEIVE j=1 flag=0 r=11 est={0} aux={0}
INFO: 01:20:59.328993 self-stabilizing-binary-consensus.go:433: est[11][1]={0} aux[11][1]={0}
INFO: 01:20:59.330536 self-stabilizing-binary-consensus.go:431: RECEIVE j=1 flag=1 r=11 est={0} aux={0}
INFO: 01:20:59.330573 self-stabilizing-binary-consensus.go:433: est[11][1]={0} aux[11][1]={0}
INFO: 01:20:59.337722 self-stabilizing-binary-consensus.go:431: RECEIVE j=0 flag=0 r=11 est={0} aux={0}
INFO: 01:20:59.337886 self-stabilizing-binary-consensus.go:433: est[11][0]={0} aux[11][0]={0}
INFO: 01:20:59.338421 self-stabilizing-binary-consensus.go:431: RECEIVE j=2 flag=0 r=11 est={0} aux={0}
INFO: 01:20:59.338446 self-stabilizing-binary-consensus.go:433: est[11][2]={0} aux[11][2]={0}
INFO: 01:20:59.338987 self-stabilizing-binary-consensus.go:441: SEND flag=0 r=11 est={0} aux={0}
INFO: 01:20:59.342193 self-stabilizing-binary-consensus.go:431: RECEIVE j=0 flag=1 r=11 est={0} aux={0}
INFO: 01:20:59.342241 self-stabilizing-binary-consensus.go:433: est[11][0]={0} aux[11][0]={0}
INFO: 01:20:59.345925 self-stabilizing-binary-consensus.go:431: RECEIVE j=2 flag=0 r=11 est={0} aux={0}
INFO: 01:20:59.345972 self-stabilizing-binary-consensus.go:433: est[11][2]={0} aux[11][2]={0}
INFO: 01:20:59.347494 self-stabilizing-binary-consensus.go:441: SEND flag=0 r=11 est={0} aux={0}
INFO: 01:20:59.348250 self-stabilizing-binary-consensus.go:200: binValues(11,3)={0}
INFO: 01:20:59.353372 self-stabilizing-binary-consensus.go:225: infoResults()={0}
INFO: 01:20:59.353394 self-stabilizing-binary-consensus.go:200: binValues(11,3)={0}
INFO: 01:20:59.353405 self-stabilizing-binary-consensus.go:225: infoResults()={0}
INFO: 01:20:59.353416 self-stabilizing-binary-consensus.go:256: randomBit(11)=0
INFO: 01:20:59.353426 self-stabilizing-binary-consensus.go:249: decision=0
INFO: 01:20:59.353459 self-stabilizing-binary-consensus.go:200: binValues(11,2)={0}
INFO: 01:20:59.353471 self-stabilizing-binary-consensus.go:249: decision=0
INFO: 01:20:59.357633 self-stabilizing-binary-consensus.go:93: round=11 repeat=1
INFO: 01:20:59.358425 self-stabilizing-binary-consensus.go:200: binValues(11,3)={0}
INFO: 01:20:59.358451 self-stabilizing-binary-consensus.go:200: binValues(11,2)={0}
INFO: 01:20:59.372769 self-stabilizing-binary-consensus.go:431: RECEIVE j=2 flag=1 r=11 est={0} aux={0}
INFO: 01:20:59.372990 self-stabilizing-binary-consensus.go:433: est[11][2]={0} aux[11][2]={0}
INFO: 01:20:59.379579 self-stabilizing-binary-consensus.go:441: SEND flag=0 r=11 est={0} aux={0}
INFO: 01:20:59.382672 self-stabilizing-binary-consensus.go:431: RECEIVE j=1 flag=0 r=11 est={0} aux={0}
INFO: 01:20:59.382712 self-stabilizing-binary-consensus.go:433: est[11][1]={0} aux[11][1]={0}
INFO: 01:20:59.388542 self-stabilizing-binary-consensus.go:431: RECEIVE j=1 flag=0 r=11 est={0} aux={0}
INFO: 01:20:59.388694 self-stabilizing-binary-consensus.go:433: est[11][1]={0} aux[11][1]={0}
INFO: 01:20:59.392642 self-stabilizing-binary-consensus.go:141: SEND flag=1 r=11 est={0} aux={0}
INFO: 01:20:59.393349 self-stabilizing-binary-consensus.go:431: RECEIVE j=0 flag=0 r=11 est={0} aux={0}
INFO: 01:20:59.393361 self-stabilizing-binary-consensus.go:433: est[11][0]={0} aux[11][0]={0}
INFO: 01:20:59.396717 self-stabilizing-binary-consensus.go:431: RECEIVE j=2 flag=0 r=11 est={0} aux={0}
INFO: 01:20:59.396818 self-stabilizing-binary-consensus.go:433: est[11][2]={0} aux[11][2]={0}
INFO: 01:20:59.403906 self-stabilizing-binary-consensus.go:431: RECEIVE j=0 flag=0 r=11 est={0} aux={0}
INFO: 01:20:59.405422 self-stabilizing-binary-consensus.go:433: est[11][0]={0} aux[11][0]={0}
INFO: 01:20:59.406640 self-stabilizing-binary-consensus.go:431: RECEIVE j=1 flag=0 r=11 est={0} aux={0}
INFO: 01:20:59.406705 self-stabilizing-binary-consensus.go:433: est[11][1]={0} aux[11][1]={0}
INFO: 01:20:59.410423 self-stabilizing-binary-consensus.go:431: RECEIVE j=1 flag=1 r=11 est={0} aux={0}
INFO: 01:20:59.410887 self-stabilizing-binary-consensus.go:433: est[11][1]={0} aux[11][1]={0}
INFO: 01:20:59.411071 self-stabilizing-binary-consensus.go:431: RECEIVE j=0 flag=0 r=11 est={0} aux={0}
INFO: 01:20:59.411095 self-stabilizing-binary-consensus.go:433: est[11][0]={0} aux[11][0]={0}
INFO: 01:20:59.410884 self-stabilizing-binary-consensus.go:431: RECEIVE j=2 flag=0 r=11 est={0} aux={0}
INFO: 01:20:59.411175 self-stabilizing-binary-consensus.go:433: est[11][2]={0} aux[11][2]={0}
INFO: 01:20:59.412834 self-stabilizing-binary-consensus.go:441: SEND flag=0 r=11 est={0} aux={0}
INFO: 01:20:59.415612 self-stabilizing-binary-consensus.go:431: RECEIVE j=0 flag=1 r=11 est={0} aux={0}
INFO: 01:20:59.415631 self-stabilizing-binary-consensus.go:433: est[11][0]={0} aux[11][0]={0}
INFO: 01:20:59.422578 self-stabilizing-binary-consensus.go:431: RECEIVE j=1 flag=0 r=11 est={0} aux={0}
INFO: 01:20:59.422616 self-stabilizing-binary-consensus.go:433: est[11][1]={0} aux[11][1]={0}
INFO: 01:20:59.424312 self-stabilizing-binary-consensus.go:441: SEND flag=0 r=11 est={0} aux={0}
INFO: 01:20:59.424544 self-stabilizing-binary-consensus.go:431: RECEIVE j=2 flag=1 r=11 est={0} aux={0}
INFO: 01:20:59.424621 self-stabilizing-binary-consensus.go:433: est[11][2]={0} aux[11][2]={0}
INFO: 01:20:59.427776 self-stabilizing-binary-consensus.go:431: RECEIVE j=1 flag=0 r=11 est={0} aux={0}
INFO: 01:20:59.427812 self-stabilizing-binary-consensus.go:433: est[11][1]={0} aux[11][1]={0}
INFO: 01:20:59.431730 self-stabilizing-binary-consensus.go:441: SEND flag=0 r=11 est={0} aux={0}
INFO: 01:20:59.433204 self-stabilizing-binary-consensus.go:431: RECEIVE j=2 flag=0 r=11 est={0} aux={0}
INFO: 01:20:59.433244 self-stabilizing-binary-consensus.go:433: est[11][2]={0} aux[11][2]={0}
INFO: 01:20:59.436692 self-stabilizing-binary-consensus.go:431: RECEIVE j=0 flag=0 r=11 est={0} aux={0}
INFO: 01:20:59.436747 self-stabilizing-binary-consensus.go:433: est[11][0]={0} aux[11][0]={0}
INFO: 01:20:59.443684 self-stabilizing-binary-consensus.go:200: binValues(11,3)={0}
INFO: 01:20:59.443810 self-stabilizing-binary-consensus.go:225: infoResults()={0}
INFO: 01:20:59.443851 self-stabilizing-binary-consensus.go:200: binValues(11,3)={0}
INFO: 01:20:59.443910 self-stabilizing-binary-consensus.go:225: infoResults()={0}
INFO: 01:20:59.443951 self-stabilizing-binary-consensus.go:256: randomBit(11)=0
INFO: 01:20:59.443974 self-stabilizing-binary-consensus.go:249: decision=0
INFO: 01:20:59.444157 self-stabilizing-binary-consensus.go:200: binValues(11,2)={0}
INFO: 01:20:59.444208 self-stabilizing-binary-consensus.go:249: decision=0
INFO: 01:20:59.444311 self-stabilizing-binary-consensus.go:93: round=11 repeat=1
INFO: 01:20:59.444356 self-stabilizing-binary-consensus.go:200: binValues(11,3)={0}
INFO: 01:20:59.444393 self-stabilizing-binary-consensus.go:200: binValues(11,2)={0}
INFO: 01:20:59.448441 self-stabilizing-binary-consensus.go:141: SEND flag=1 r=11 est={0} aux={0}
INFO: 01:20:59.453957 self-stabilizing-binary-consensus.go:431: RECEIVE j=0 flag=0 r=11 est={0} aux={0}
INFO: 01:20:59.455180 self-stabilizing-binary-consensus.go:433: est[11][0]={0} aux[11][0]={0}
INFO: 01:20:59.456856 self-stabilizing-binary-consensus.go:431: RECEIVE j=1 flag=0 r=11 est={0} aux={0}
INFO: 01:20:59.456960 self-stabilizing-binary-consensus.go:433: est[11][1]={0} aux[11][1]={0}
INFO: 01:20:59.458268 self-stabilizing-binary-consensus.go:431: RECEIVE j=2 flag=0 r=11 est={0} aux={0}
INFO: 01:20:59.458321 self-stabilizing-binary-consensus.go:433: est[11][2]={0} aux[11][2]={0}
INFO: 01:20:59.463082 self-stabilizing-binary-consensus.go:431: RECEIVE j=1 flag=1 r=11 est={0} aux={0}
INFO: 01:20:59.463156 self-stabilizing-binary-consensus.go:433: est[11][1]={0} aux[11][1]={0}
INFO: 01:20:59.463264 self-stabilizing-binary-consensus.go:431: RECEIVE j=2 flag=0 r=11 est={0} aux={0}
INFO: 01:20:59.463320 self-stabilizing-binary-consensus.go:433: est[11][2]={0} aux[11][2]={0}
INFO: 01:20:59.463973 self-stabilizing-binary-consensus.go:431: RECEIVE j=0 flag=0 r=11 est={0} aux={0}
INFO: 01:20:59.463986 self-stabilizing-binary-consensus.go:433: est[11][0]={0} aux[11][0]={0}
INFO: 01:20:59.469083 self-stabilizing-binary-consensus.go:441: SEND flag=0 r=11 est={0} aux={0}
INFO: 01:20:59.469703 self-stabilizing-binary-consensus.go:431: RECEIVE j=0 flag=1 r=11 est={0} aux={0}
INFO: 01:20:59.470075 self-stabilizing-binary-consensus.go:433: est[11][0]={0} aux[11][0]={0}
INFO: 01:20:59.476400 self-stabilizing-binary-consensus.go:431: RECEIVE j=2 flag=0 r=11 est={0} aux={0}
INFO: 01:20:59.476520 self-stabilizing-binary-consensus.go:433: est[11][2]={0} aux[11][2]={0}
INFO: 01:20:59.482655 self-stabilizing-binary-consensus.go:431: RECEIVE j=2 flag=1 r=11 est={0} aux={0}
INFO: 01:20:59.482676 self-stabilizing-binary-consensus.go:433: est[11][2]={0} aux[11][2]={0}
INFO: 01:20:59.489080 self-stabilizing-binary-consensus.go:441: SEND flag=0 r=11 est={0} aux={0}
INFO: 01:20:59.489418 self-stabilizing-binary-consensus.go:431: RECEIVE j=1 flag=0 r=11 est={0} aux={0}
INFO: 01:20:59.489496 self-stabilizing-binary-consensus.go:433: est[11][1]={0} aux[11][1]={0}
INFO: 01:20:59.491225 self-stabilizing-binary-consensus.go:441: SEND flag=0 r=11 est={0} aux={0}
INFO: 01:20:59.491292 self-stabilizing-binary-consensus.go:431: RECEIVE j=1 flag=0 r=11 est={0} aux={0}
INFO: 01:20:59.491612 self-stabilizing-binary-consensus.go:433: est[11][1]={0} aux[11][1]={0}
INFO: 01:20:59.494261 self-stabilizing-binary-consensus.go:431: RECEIVE j=0 flag=0 r=11 est={0} aux={0}
INFO: 01:20:59.494325 self-stabilizing-binary-consensus.go:433: est[11][0]={0} aux[11][0]={0}
INFO: 01:20:59.500292 self-stabilizing-binary-consensus.go:200: binValues(11,3)={0}
INFO: 01:20:59.500374 self-stabilizing-binary-consensus.go:225: infoResults()={0}
INFO: 01:20:59.500383 self-stabilizing-binary-consensus.go:200: binValues(11,3)={0}
INFO: 01:20:59.500388 self-stabilizing-binary-consensus.go:225: infoResults()={0}
INFO: 01:20:59.500391 self-stabilizing-binary-consensus.go:256: randomBit(11)=0
INFO: 01:20:59.500396 self-stabilizing-binary-consensus.go:249: decision=0
INFO: 01:20:59.500408 self-stabilizing-binary-consensus.go:200: binValues(11,2)={0}
INFO: 01:20:59.500412 self-stabilizing-binary-consensus.go:249: decision=0
INFO: 01:20:59.500422 self-stabilizing-binary-consensus.go:93: round=11 repeat=1
INFO: 01:20:59.500433 self-stabilizing-binary-consensus.go:200: binValues(11,3)={0}
INFO: 01:20:59.500437 self-stabilizing-binary-consensus.go:200: binValues(11,2)={0}
INFO: 01:20:59.502474 self-stabilizing-binary-consensus.go:141: SEND flag=1 r=11 est={0} aux={0}
INFO: 01:20:59.505465 self-stabilizing-binary-consensus.go:431: RECEIVE j=2 flag=0 r=11 est={0} aux={0}
INFO: 01:20:59.505478 self-stabilizing-binary-consensus.go:433: est[11][2]={0} aux[11][2]={0}
INFO: 01:20:59.511646 self-stabilizing-binary-consensus.go:431: RECEIVE j=1 flag=0 r=11 est={0} aux={0}
INFO: 01:20:59.511731 self-stabilizing-binary-consensus.go:433: est[11][1]={0} aux[11][1]={0}
INFO: 01:20:59.514230 self-stabilizing-binary-consensus.go:431: RECEIVE j=1 flag=1 r=11 est={0} aux={0}
INFO: 01:20:59.514246 self-stabilizing-binary-consensus.go:433: est[11][1]={0} aux[11][1]={0}
INFO: 01:20:59.521448 self-stabilizing-binary-consensus.go:441: SEND flag=0 r=11 est={0} aux={0}
INFO: 01:20:59.522498 self-stabilizing-binary-consensus.go:431: RECEIVE j=2 flag=0 r=11 est={0} aux={0}
INFO: 01:20:59.522871 self-stabilizing-binary-consensus.go:433: est[11][2]={0} aux[11][2]={0}
INFO: 01:20:59.525463 self-stabilizing-binary-consensus.go:431: RECEIVE j=0 flag=0 r=11 est={0} aux={0}
INFO: 01:20:59.526871 self-stabilizing-binary-consensus.go:433: est[11][0]={0} aux[11][0]={0}
INFO: 01:20:59.526250 self-stabilizing-binary-consensus.go:431: RECEIVE j=0 flag=0 r=11 est={0} aux={0}
INFO: 01:20:59.527777 self-stabilizing-binary-consensus.go:433: est[11][0]={0} aux[11][0]={0}
INFO: 01:20:59.530515 self-stabilizing-binary-consensus.go:431: RECEIVE j=0 flag=1 r=11 est={0} aux={0}
INFO: 01:20:59.530552 self-stabilizing-binary-consensus.go:433: est[11][0]={0} aux[11][0]={0}
INFO: 01:20:59.533391 self-stabilizing-binary-consensus.go:431: RECEIVE j=1 flag=0 r=11 est={0} aux={0}
INFO: 01:20:59.533468 self-stabilizing-binary-consensus.go:433: est[11][1]={0} aux[11][1]={0}
INFO: 01:20:59.538588 self-stabilizing-binary-consensus.go:441: SEND flag=0 r=11 est={0} aux={0}
INFO: 01:20:59.540001 self-stabilizing-binary-consensus.go:431: RECEIVE j=2 flag=0 r=11 est={0} aux={0}
INFO: 01:20:59.540361 self-stabilizing-binary-consensus.go:433: est[11][2]={0} aux[11][2]={0}
INFO: 01:20:59.543991 self-stabilizing-binary-consensus.go:431: RECEIVE j=2 flag=1 r=11 est={0} aux={0}
INFO: 01:20:59.544046 self-stabilizing-binary-consensus.go:433: est[11][2]={0} aux[11][2]={0}
INFO: 01:20:59.544830 self-stabilizing-binary-consensus.go:431: RECEIVE j=0 flag=0 r=11 est={0} aux={0}
INFO: 01:20:59.548725 self-stabilizing-binary-consensus.go:433: est[11][0]={0} aux[11][0]={0}
INFO: 01:20:59.547369 self-stabilizing-binary-consensus.go:431: RECEIVE j=1 flag=0 r=11 est={0} aux={0}
INFO: 01:20:59.548786 self-stabilizing-binary-consensus.go:433: est[11][1]={0} aux[11][1]={0}
INFO: 01:20:59.551370 self-stabilizing-binary-consensus.go:441: SEND flag=0 r=11 est={0} aux={0}
INFO: 01:20:59.553032 self-stabilizing-binary-consensus.go:200: binValues(11,3)={0}
INFO: 01:20:59.553133 self-stabilizing-binary-consensus.go:225: infoResults()={0}
INFO: 01:20:59.553149 self-stabilizing-binary-consensus.go:200: binValues(11,3)={0}
INFO: 01:20:59.553157 self-stabilizing-binary-consensus.go:225: infoResults()={0}
INFO: 01:20:59.553205 self-stabilizing-binary-consensus.go:256: randomBit(11)=0
INFO: 01:20:59.553262 self-stabilizing-binary-consensus.go:249: decision=0
INFO: 01:20:59.553436 self-stabilizing-binary-consensus.go:200: binValues(11,2)={0}
INFO: 01:20:59.553456 self-stabilizing-binary-consensus.go:249: decision=0
INFO: 01:20:59.553649 self-stabilizing-binary-consensus.go:93: round=11 repeat=1
INFO: 01:20:59.553762 self-stabilizing-binary-consensus.go:200: binValues(11,3)={0}
INFO: 01:20:59.553949 self-stabilizing-binary-consensus.go:200: binValues(11,2)={0}
INFO: 01:20:59.555860 self-stabilizing-binary-consensus.go:141: SEND flag=1 r=11 est={0} aux={0}
INFO: 01:20:59.559731 self-stabilizing-binary-consensus.go:431: RECEIVE j=0 flag=0 r=11 est={0} aux={0}
INFO: 01:20:59.559757 self-stabilizing-binary-consensus.go:433: est[11][0]={0} aux[11][0]={0}
INFO: 01:20:59.562559 self-stabilizing-binary-consensus.go:431: RECEIVE j=1 flag=0 r=11 est={0} aux={0}
INFO: 01:20:59.562622 self-stabilizing-binary-consensus.go:433: est[11][1]={0} aux[11][1]={0}
INFO: 01:20:59.566598 self-stabilizing-binary-consensus.go:431: RECEIVE j=2 flag=0 r=11 est={0} aux={0}
INFO: 01:20:59.577424 self-stabilizing-binary-consensus.go:433: est[11][2]={0} aux[11][2]={0}
INFO: 01:20:59.573832 self-stabilizing-binary-consensus.go:431: RECEIVE j=0 flag=0 r=11 est={0} aux={0}
INFO: 01:20:59.577440 self-stabilizing-binary-consensus.go:433: est[11][0]={0} aux[11][0]={0}
INFO: 01:20:59.575060 self-stabilizing-binary-consensus.go:431: RECEIVE j=1 flag=1 r=11 est={0} aux={0}
INFO: 01:20:59.577625 self-stabilizing-binary-consensus.go:433: est[11][1]={0} aux[11][1]={0}
INFO: 01:20:59.582429 self-stabilizing-binary-consensus.go:441: SEND flag=0 r=11 est={0} aux={0}
INFO: 01:20:59.584579 self-stabilizing-binary-consensus.go:431: RECEIVE j=2 flag=0 r=11 est={0} aux={0}
INFO: 01:20:59.584631 self-stabilizing-binary-consensus.go:433: est[11][2]={0} aux[11][2]={0}
INFO: 01:20:59.587845 self-stabilizing-binary-consensus.go:431: RECEIVE j=0 flag=1 r=11 est={0} aux={0}
INFO: 01:20:59.587896 self-stabilizing-binary-consensus.go:433: est[11][0]={0} aux[11][0]={0}
INFO: 01:20:59.590727 self-stabilizing-binary-consensus.go:431: RECEIVE j=1 flag=0 r=11 est={0} aux={0}
INFO: 01:20:59.590772 self-stabilizing-binary-consensus.go:433: est[11][1]={0} aux[11][1]={0}
INFO: 01:20:59.592221 self-stabilizing-binary-consensus.go:431: RECEIVE j=2 flag=0 r=11 est={0} aux={0}
INFO: 01:20:59.592277 self-stabilizing-binary-consensus.go:433: est[11][2]={0} aux[11][2]={0}
INFO: 01:20:59.593502 self-stabilizing-binary-consensus.go:441: SEND flag=0 r=11 est={0} aux={0}
INFO: 01:20:59.595911 self-stabilizing-binary-consensus.go:431: RECEIVE j=2 flag=1 r=11 est={0} aux={0}
INFO: 01:20:59.595963 self-stabilizing-binary-consensus.go:433: est[11][2]={0} aux[11][2]={0}
INFO: 01:20:59.598033 self-stabilizing-binary-consensus.go:431: RECEIVE j=0 flag=0 r=11 est={0} aux={0}
INFO: 01:20:59.598088 self-stabilizing-binary-consensus.go:433: est[11][0]={0} aux[11][0]={0}
INFO: 01:20:59.602314 self-stabilizing-binary-consensus.go:441: SEND flag=0 r=11 est={0} aux={0}
INFO: 01:20:59.606515 self-stabilizing-binary-consensus.go:431: RECEIVE j=1 flag=0 r=11 est={0} aux={0}
INFO: 01:20:59.606559 self-stabilizing-binary-consensus.go:433: est[11][1]={0} aux[11][1]={0}
INFO: 01:20:59.610109 self-stabilizing-binary-consensus.go:200: binValues(11,3)={0}
INFO: 01:20:59.610178 self-stabilizing-binary-consensus.go:225: infoResults()={0}
INFO: 01:20:59.610193 self-stabilizing-binary-consensus.go:200: binValues(11,3)={0}
INFO: 01:20:59.610203 self-stabilizing-binary-consensus.go:225: infoResults()={0}
INFO: 01:20:59.610213 self-stabilizing-binary-consensus.go:256: randomBit(11)=0
INFO: 01:20:59.610222 self-stabilizing-binary-consensus.go:249: decision=0
INFO: 01:20:59.610381 self-stabilizing-binary-consensus.go:200: binValues(11,2)={0}
INFO: 01:20:59.610465 self-stabilizing-binary-consensus.go:249: decision=0
INFO: 01:20:59.610528 self-stabilizing-binary-consensus.go:93: round=11 repeat=1
INFO: 01:20:59.610549 self-stabilizing-binary-consensus.go:200: binValues(11,3)={0}
INFO: 01:20:59.610559 self-stabilizing-binary-consensus.go:200: binValues(11,2)={0}
INFO: 01:20:59.616194 self-stabilizing-binary-consensus.go:141: SEND flag=1 r=11 est={0} aux={0}
INFO: 01:20:59.625420 self-stabilizing-binary-consensus.go:431: RECEIVE j=1 flag=1 r=11 est={0} aux={0}
INFO: 01:20:59.625503 self-stabilizing-binary-consensus.go:433: est[11][1]={0} aux[11][1]={0}
INFO: 01:20:59.637393 self-stabilizing-binary-consensus.go:431: RECEIVE j=2 flag=0 r=11 est={0} aux={0}
INFO: 01:20:59.640093 self-stabilizing-binary-consensus.go:433: est[11][2]={0} aux[11][2]={0}
INFO: 01:20:59.640440 self-stabilizing-binary-consensus.go:431: RECEIVE j=0 flag=0 r=11 est={0} aux={0}
INFO: 01:20:59.640972 self-stabilizing-binary-consensus.go:433: est[11][0]={0} aux[11][0]={0}
INFO: 01:20:59.641124 self-stabilizing-binary-consensus.go:441: SEND flag=0 r=11 est={0} aux={0}
INFO: 01:20:59.641780 self-stabilizing-binary-consensus.go:431: RECEIVE j=1 flag=0 r=11 est={0} aux={0}
INFO: 01:20:59.641851 self-stabilizing-binary-consensus.go:433: est[11][1]={0} aux[11][1]={0}
INFO: 01:20:59.644236 self-stabilizing-binary-consensus.go:431: RECEIVE j=0 flag=0 r=11 est={0} aux={0}
INFO: 01:20:59.644636 self-stabilizing-binary-consensus.go:433: est[11][0]={0} aux[11][0]={0}
INFO: 01:20:59.649858 self-stabilizing-binary-consensus.go:431: RECEIVE j=2 flag=0 r=11 est={0} aux={0}
INFO: 01:20:59.650048 self-stabilizing-binary-consensus.go:433: est[11][2]={0} aux[11][2]={0}
INFO: 01:20:59.650299 self-stabilizing-binary-consensus.go:431: RECEIVE j=0 flag=1 r=11 est={0} aux={0}
INFO: 01:20:59.650461 self-stabilizing-binary-consensus.go:433: est[11][0]={0} aux[11][0]={0}
INFO: 01:20:59.653764 self-stabilizing-binary-consensus.go:431: RECEIVE j=2 flag=1 r=11 est={0} aux={0}
INFO: 01:20:59.653797 self-stabilizing-binary-consensus.go:433: est[11][2]={0} aux[11][2]={0}
INFO: 01:20:59.657475 self-stabilizing-binary-consensus.go:441: SEND flag=0 r=11 est={0} aux={0}
INFO: 01:20:59.659089 self-stabilizing-binary-consensus.go:431: RECEIVE j=1 flag=0 r=11 est={0} aux={0}
INFO: 01:20:59.659219 self-stabilizing-binary-consensus.go:433: est[11][1]={0} aux[11][1]={0}
INFO: 01:20:59.660605 self-stabilizing-binary-consensus.go:431: RECEIVE j=2 flag=0 r=11 est={0} aux={0}
INFO: 01:20:59.662490 self-stabilizing-binary-consensus.go:433: est[11][2]={0} aux[11][2]={0}
INFO: 01:20:59.665227 self-stabilizing-binary-consensus.go:441: SEND flag=0 r=11 est={0} aux={0}
INFO: 01:20:59.666300 self-stabilizing-binary-consensus.go:431: RECEIVE j=1 flag=0 r=11 est={0} aux={0}
INFO: 01:20:59.666341 self-stabilizing-binary-consensus.go:433: est[11][1]={0} aux[11][1]={0}
INFO: 01:20:59.666412 self-stabilizing-binary-consensus.go:200: binValues(11,3)={0}
INFO: 01:20:59.666443 self-stabilizing-binary-consensus.go:225: infoResults()={0}
INFO: 01:20:59.666451 self-stabilizing-binary-consensus.go:200: binValues(11,3)={0}
INFO: 01:20:59.666490 self-stabilizing-binary-consensus.go:225: infoResults()={0}
INFO: 01:20:59.666499 self-stabilizing-binary-consensus.go:256: randomBit(11)=0
INFO: 01:20:59.666504 self-stabilizing-binary-consensus.go:249: decision=0
INFO: 01:20:59.666474 self-stabilizing-binary-consensus.go:431: RECEIVE j=0 flag=0 r=11 est={0} aux={0}
INFO: 01:20:59.667057 self-stabilizing-binary-consensus.go:433: est[11][0]={0} aux[11][0]={0}
INFO: 01:20:59.667605 self-stabilizing-binary-consensus.go:200: binValues(11,2)={0}
INFO: 01:20:59.667642 self-stabilizing-binary-consensus.go:249: decision=0
INFO: 01:20:59.667684 self-stabilizing-binary-consensus.go:93: round=11 repeat=1
INFO: 01:20:59.667694 self-stabilizing-binary-consensus.go:200: binValues(11,3)={0}
INFO: 01:20:59.667700 self-stabilizing-binary-consensus.go:200: binValues(11,2)={0}
INFO: 01:20:59.670278 self-stabilizing-binary-consensus.go:141: SEND flag=1 r=11 est={0} aux={0}
INFO: 01:20:59.675938 self-stabilizing-binary-consensus.go:431: RECEIVE j=2 flag=0 r=11 est={0} aux={0}
INFO: 01:20:59.676058 self-stabilizing-binary-consensus.go:433: est[11][2]={0} aux[11][2]={0}
INFO: 01:20:59.680158 self-stabilizing-binary-consensus.go:431: RECEIVE j=1 flag=1 r=11 est={0} aux={0}
INFO: 01:20:59.680246 self-stabilizing-binary-consensus.go:433: est[11][1]={0} aux[11][1]={0}
INFO: 01:20:59.682917 self-stabilizing-binary-consensus.go:441: SEND flag=0 r=11 est={0} aux={0}
INFO: 01:20:59.683742 self-stabilizing-binary-consensus.go:431: RECEIVE j=0 flag=0 r=11 est={0} aux={0}
INFO: 01:20:59.683857 self-stabilizing-binary-consensus.go:433: est[11][0]={0} aux[11][0]={0}
INFO: 01:20:59.684011 self-stabilizing-binary-consensus.go:431: RECEIVE j=1 flag=0 r=11 est={0} aux={0}
INFO: 01:20:59.684712 self-stabilizing-binary-consensus.go:433: est[11][1]={0} aux[11][1]={0}
INFO: 01:20:59.689285 self-stabilizing-binary-consensus.go:431: RECEIVE j=0 flag=0 r=11 est={0} aux={0}
INFO: 01:20:59.689370 self-stabilizing-binary-consensus.go:433: est[11][0]={0} aux[11][0]={0}
INFO: 01:20:59.694668 self-stabilizing-binary-consensus.go:431: RECEIVE j=2 flag=0 r=11 est={0} aux={0}
INFO: 01:20:59.695284 self-stabilizing-binary-consensus.go:433: est[11][2]={0} aux[11][2]={0}
INFO: 01:20:59.708105 self-stabilizing-binary-consensus.go:431: RECEIVE j=0 flag=1 r=11 est={0} aux={0}
INFO: 01:20:59.708162 self-stabilizing-binary-consensus.go:433: est[11][0]={0} aux[11][0]={0}
INFO: 01:20:59.708381 self-stabilizing-binary-consensus.go:431: RECEIVE j=2 flag=1 r=11 est={0} aux={0}
INFO: 01:20:59.708405 self-stabilizing-binary-consensus.go:433: est[11][2]={0} aux[11][2]={0}
INFO: 01:20:59.710171 self-stabilizing-binary-consensus.go:441: SEND flag=0 r=11 est={0} aux={0}
INFO: 01:20:59.711881 self-stabilizing-binary-consensus.go:431: RECEIVE j=1 flag=0 r=11 est={0} aux={0}
INFO: 01:20:59.711965 self-stabilizing-binary-consensus.go:433: est[11][1]={0} aux[11][1]={0}
INFO: 01:20:59.712935 self-stabilizing-binary-consensus.go:441: SEND flag=0 r=11 est={0} aux={0}
INFO: 01:20:59.716532 self-stabilizing-binary-consensus.go:431: RECEIVE j=1 flag=0 r=11 est={0} aux={0}
INFO: 01:20:59.716545 self-stabilizing-binary-consensus.go:433: est[11][1]={0} aux[11][1]={0}
INFO: 01:20:59.717051 self-stabilizing-binary-consensus.go:431: RECEIVE j=2 flag=0 r=11 est={0} aux={0}
INFO: 01:20:59.717083 self-stabilizing-binary-consensus.go:433: est[11][2]={0} aux[11][2]={0}
INFO: 01:20:59.718299 self-stabilizing-binary-consensus.go:431: RECEIVE j=0 flag=0 r=11 est={0} aux={0}
INFO: 01:20:59.718393 self-stabilizing-binary-consensus.go:433: est[11][0]={0} aux[11][0]={0}
INFO: 01:20:59.721548 self-stabilizing-binary-consensus.go:200: binValues(11,3)={0}
INFO: 01:20:59.721583 self-stabilizing-binary-consensus.go:225: infoResults()={0}
INFO: 01:20:59.721595 self-stabilizing-binary-consensus.go:200: binValues(11,3)={0}
INFO: 01:20:59.721607 self-stabilizing-binary-consensus.go:225: infoResults()={0}
INFO: 01:20:59.721615 self-stabilizing-binary-consensus.go:256: randomBit(11)=0
INFO: 01:20:59.721628 self-stabilizing-binary-consensus.go:249: decision=0
INFO: 01:20:59.721700 self-stabilizing-binary-consensus.go:200: binValues(11,2)={0}
INFO: 01:20:59.721708 self-stabilizing-binary-consensus.go:249: decision=0
INFO: 01:20:59.721729 self-stabilizing-binary-consensus.go:93: round=11 repeat=1
INFO: 01:20:59.721740 self-stabilizing-binary-consensus.go:200: binValues(11,3)={0}
INFO: 01:20:59.721746 self-stabilizing-binary-consensus.go:200: binValues(11,2)={0}
INFO: 01:20:59.725840 self-stabilizing-binary-consensus.go:141: SEND flag=1 r=11 est={0} aux={0}
INFO: 01:20:59.729534 self-stabilizing-binary-consensus.go:431: RECEIVE j=0 flag=0 r=11 est={0} aux={0}
INFO: 01:20:59.729631 self-stabilizing-binary-consensus.go:433: est[11][0]={0} aux[11][0]={0}
INFO: 01:20:59.732508 self-stabilizing-binary-consensus.go:431: RECEIVE j=1 flag=0 r=11 est={0} aux={0}
INFO: 01:20:59.732573 self-stabilizing-binary-consensus.go:433: est[11][1]={0} aux[11][1]={0}
INFO: 01:20:59.734038 self-stabilizing-binary-consensus.go:431: RECEIVE j=2 flag=0 r=11 est={0} aux={0}
INFO: 01:20:59.734098 self-stabilizing-binary-consensus.go:433: est[11][2]={0} aux[11][2]={0}
INFO: 01:20:59.741194 self-stabilizing-binary-consensus.go:431: RECEIVE j=1 flag=1 r=11 est={0} aux={0}
INFO: 01:20:59.741381 self-stabilizing-binary-consensus.go:433: est[11][1]={0} aux[11][1]={0}
INFO: 01:20:59.743272 self-stabilizing-binary-consensus.go:441: SEND flag=0 r=11 est={0} aux={0}
INFO: 01:20:59.745666 self-stabilizing-binary-consensus.go:431: RECEIVE j=2 flag=0 r=11 est={0} aux={0}
INFO: 01:20:59.745680 self-stabilizing-binary-consensus.go:433: est[11][2]={0} aux[11][2]={0}
INFO: 01:20:59.746642 self-stabilizing-binary-consensus.go:431: RECEIVE j=0 flag=0 r=11 est={0} aux={0}
INFO: 01:20:59.746666 self-stabilizing-binary-consensus.go:433: est[11][0]={0} aux[11][0]={0}
INFO: 01:20:59.759364 self-stabilizing-binary-consensus.go:431: RECEIVE j=0 flag=1 r=11 est={0} aux={0}
INFO: 01:20:59.759877 self-stabilizing-binary-consensus.go:433: est[11][0]={0} aux[11][0]={0}
INFO: 01:20:59.763966 self-stabilizing-binary-consensus.go:431: RECEIVE j=2 flag=1 r=11 est={0} aux={0}
INFO: 01:20:59.764058 self-stabilizing-binary-consensus.go:433: est[11][2]={0} aux[11][2]={0}
INFO: 01:20:59.769912 self-stabilizing-binary-consensus.go:431: RECEIVE j=1 flag=0 r=11 est={0} aux={0}
INFO: 01:20:59.770095 self-stabilizing-binary-consensus.go:433: est[11][1]={0} aux[11][1]={0}
INFO: 01:20:59.771476 self-stabilizing-binary-consensus.go:431: RECEIVE j=0 flag=0 r=11 est={0} aux={0}
INFO: 01:20:59.771575 self-stabilizing-binary-consensus.go:433: est[11][0]={0} aux[11][0]={0}
INFO: 01:20:59.771740 self-stabilizing-binary-consensus.go:441: SEND flag=0 r=11 est={0} aux={0}
INFO: 01:20:59.776064 self-stabilizing-binary-consensus.go:441: SEND flag=0 r=11 est={0} aux={0}
INFO: 01:20:59.778017 self-stabilizing-binary-consensus.go:431: RECEIVE j=1 flag=0 r=11 est={0} aux={0}
INFO: 01:20:59.778065 self-stabilizing-binary-consensus.go:433: est[11][1]={0} aux[11][1]={0}
INFO: 01:20:59.779047 self-stabilizing-binary-consensus.go:431: RECEIVE j=2 flag=0 r=11 est={0} aux={0}
INFO: 01:20:59.779085 self-stabilizing-binary-consensus.go:433: est[11][2]={0} aux[11][2]={0}
INFO: 01:20:59.780740 self-stabilizing-binary-consensus.go:200: binValues(11,3)={0}
INFO: 01:20:59.780773 self-stabilizing-binary-consensus.go:225: infoResults()={0}
INFO: 01:20:59.780785 self-stabilizing-binary-consensus.go:200: binValues(11,3)={0}
INFO: 01:20:59.780793 self-stabilizing-binary-consensus.go:225: infoResults()={0}
INFO: 01:20:59.781387 self-stabilizing-binary-consensus.go:256: randomBit(11)=0
INFO: 01:20:59.781410 self-stabilizing-binary-consensus.go:249: decision=0
INFO: 01:20:59.781440 self-stabilizing-binary-consensus.go:200: binValues(11,2)={0}
INFO: 01:20:59.781448 self-stabilizing-binary-consensus.go:249: decision=0
INFO: 01:20:59.781487 self-stabilizing-binary-consensus.go:93: round=11 repeat=1
INFO: 01:20:59.781498 self-stabilizing-binary-consensus.go:200: binValues(11,3)={0}
INFO: 01:20:59.782550 self-stabilizing-binary-consensus.go:200: binValues(11,2)={0}
INFO: 01:20:59.784588 self-stabilizing-binary-consensus.go:141: SEND flag=1 r=11 est={0} aux={0}
INFO: 01:20:59.793254 self-stabilizing-binary-consensus.go:431: RECEIVE j=2 flag=0 r=11 est={0} aux={0}
INFO: 01:20:59.793279 self-stabilizing-binary-consensus.go:433: est[11][2]={0} aux[11][2]={0}
INFO: 01:20:59.794224 self-stabilizing-binary-consensus.go:431: RECEIVE j=1 flag=0 r=11 est={0} aux={0}
INFO: 01:20:59.794249 self-stabilizing-binary-consensus.go:433: est[11][1]={0} aux[11][1]={0}
INFO: 01:20:59.796941 self-stabilizing-binary-consensus.go:431: RECEIVE j=1 flag=1 r=11 est={0} aux={0}
INFO: 01:20:59.796966 self-stabilizing-binary-consensus.go:433: est[11][1]={0} aux[11][1]={0}
INFO: 01:20:59.799322 self-stabilizing-binary-consensus.go:441: SEND flag=0 r=11 est={0} aux={0}
INFO: 01:20:59.801576 self-stabilizing-binary-consensus.go:431: RECEIVE j=0 flag=0 r=11 est={0} aux={0}
INFO: 01:20:59.801600 self-stabilizing-binary-consensus.go:433: est[11][0]={0} aux[11][0]={0}
INFO: 01:20:59.802095 self-stabilizing-binary-consensus.go:431: RECEIVE j=0 flag=0 r=11 est={0} aux={0}
INFO: 01:20:59.802119 self-stabilizing-binary-consensus.go:433: est[11][0]={0} aux[11][0]={0}
INFO: 01:20:59.804142 self-stabilizing-binary-consensus.go:431: RECEIVE j=2 flag=0 r=11 est={0} aux={0}
INFO: 01:20:59.804166 self-stabilizing-binary-consensus.go:433: est[11][2]={0} aux[11][2]={0}
INFO: 01:20:59.812155 self-stabilizing-binary-consensus.go:431: RECEIVE j=0 flag=1 r=11 est={0} aux={0}
INFO: 01:20:59.812186 self-stabilizing-binary-consensus.go:433: est[11][0]={0} aux[11][0]={0}
INFO: 01:20:59.814403 self-stabilizing-binary-consensus.go:441: SEND flag=0 r=11 est={0} aux={0}
INFO: 01:20:59.825033 self-stabilizing-binary-consensus.go:431: RECEIVE j=2 flag=0 r=11 est={0} aux={0}
INFO: 01:20:59.825142 self-stabilizing-binary-consensus.go:433: est[11][2]={0} aux[11][2]={0}
INFO: 01:20:59.825629 self-stabilizing-binary-consensus.go:431: RECEIVE j=1 flag=0 r=11 est={0} aux={0}
INFO: 01:20:59.825682 self-stabilizing-binary-consensus.go:433: est[11][1]={0} aux[11][1]={0}
INFO: 01:20:59.828043 self-stabilizing-binary-consensus.go:431: RECEIVE j=2 flag=1 r=11 est={0} aux={0}
INFO: 01:20:59.828076 self-stabilizing-binary-consensus.go:433: est[11][2]={0} aux[11][2]={0}
INFO: 01:20:59.830048 self-stabilizing-binary-consensus.go:441: SEND flag=0 r=11 est={0} aux={0}
INFO: 01:20:59.831812 self-stabilizing-binary-consensus.go:431: RECEIVE j=1 flag=0 r=11 est={0} aux={0}
INFO: 01:20:59.831896 self-stabilizing-binary-consensus.go:433: est[11][1]={0} aux[11][1]={0}
INFO: 01:20:59.834956 self-stabilizing-binary-consensus.go:200: binValues(11,3)={0}
INFO: 01:20:59.834981 self-stabilizing-binary-consensus.go:225: infoResults()={0}
INFO: 01:20:59.834988 self-stabilizing-binary-consensus.go:200: binValues(11,3)={0}
INFO: 01:20:59.834993 self-stabilizing-binary-consensus.go:225: infoResults()={0}
INFO: 01:20:59.834997 self-stabilizing-binary-consensus.go:256: randomBit(11)=0
INFO: 01:20:59.835001 self-stabilizing-binary-consensus.go:249: decision=0
INFO: 01:20:59.835049 self-stabilizing-binary-consensus.go:200: binValues(11,2)={0}
INFO: 01:20:59.835068 self-stabilizing-binary-consensus.go:249: decision=0
INFO: 01:20:59.835078 self-stabilizing-binary-consensus.go:93: round=11 repeat=1
INFO: 01:20:59.835084 self-stabilizing-binary-consensus.go:200: binValues(11,3)={0}
INFO: 01:20:59.835088 self-stabilizing-binary-consensus.go:200: binValues(11,2)={0}
INFO: 01:20:59.837124 self-stabilizing-binary-consensus.go:141: SEND flag=1 r=11 est={0} aux={0}
INFO: 01:20:59.839039 self-stabilizing-binary-consensus.go:431: RECEIVE j=0 flag=0 r=11 est={0} aux={0}
INFO: 01:20:59.839267 self-stabilizing-binary-consensus.go:433: est[11][0]={0} aux[11][0]={0}
INFO: 01:20:59.842271 self-stabilizing-binary-consensus.go:431: RECEIVE j=1 flag=0 r=11 est={0} aux={0}
INFO: 01:20:59.842349 self-stabilizing-binary-consensus.go:433: est[11][1]={0} aux[11][1]={0}
INFO: 01:20:59.849245 self-stabilizing-binary-consensus.go:431: RECEIVE j=2 flag=0 r=11 est={0} aux={0}
INFO: 01:20:59.849359 self-stabilizing-binary-consensus.go:433: est[11][2]={0} aux[11][2]={0}
INFO: 01:20:59.849780 self-stabilizing-binary-consensus.go:431: RECEIVE j=0 flag=0 r=11 est={0} aux={0}
INFO: 01:20:59.849887 self-stabilizing-binary-consensus.go:433: est[11][0]={0} aux[11][0]={0}
INFO: 01:20:59.854677 self-stabilizing-binary-consensus.go:431: RECEIVE j=1 flag=1 r=11 est={0} aux={0}
INFO: 01:20:59.854871 self-stabilizing-binary-consensus.go:433: est[11][1]={0} aux[11][1]={0}
INFO: 01:20:59.857301 self-stabilizing-binary-consensus.go:441: SEND flag=0 r=11 est={0} aux={0}
INFO: 01:20:59.858402 self-stabilizing-binary-consensus.go:431: RECEIVE j=2 flag=0 r=11 est={0} aux={0}
INFO: 01:20:59.858477 self-stabilizing-binary-consensus.go:433: est[11][2]={0} aux[11][2]={0}
INFO: 01:20:59.861446 self-stabilizing-binary-consensus.go:431: RECEIVE j=0 flag=0 r=11 est={0} aux={0}
INFO: 01:20:59.861510 self-stabilizing-binary-consensus.go:433: est[11][0]={0} aux[11][0]={0}
INFO: 01:20:59.866897 self-stabilizing-binary-consensus.go:431: RECEIVE j=1 flag=0 r=11 est={0} aux={0}
INFO: 01:20:59.866927 self-stabilizing-binary-consensus.go:433: est[11][1]={0} aux[11][1]={0}
INFO: 01:20:59.867191 self-stabilizing-binary-consensus.go:431: RECEIVE j=0 flag=1 r=11 est={0} aux={0}
INFO: 01:20:59.867221 self-stabilizing-binary-consensus.go:433: est[11][0]={0} aux[11][0]={0}
INFO: 01:20:59.872181 self-stabilizing-binary-consensus.go:441: SEND flag=0 r=11 est={0} aux={0}
INFO: 01:20:59.878722 self-stabilizing-multivalued-consensus.go:18: Successful decide
