INFO: 01:14:49.240786 main.go:29: ID:3 | N:4 | F:1 | Clients:1 | Scenario:NORMAL | Remote:false

INFO: 01:14:49.241132 messenger.go:91: Receive from Server 0 on tcp://*:4300
INFO: 01:14:49.241292 messenger.go:108: Send to Server 0 on tcp://localhost:4003
INFO: 01:14:49.241345 messenger.go:91: Receive from Server 1 on tcp://*:4301
INFO: 01:14:49.241389 messenger.go:108: Send to Server 1 on tcp://localhost:4103
INFO: 01:14:49.241438 messenger.go:91: Receive from Server 2 on tcp://*:4302
INFO: 01:14:49.241482 messenger.go:108: Send to Server 2 on tcp://localhost:4203
INFO: 01:14:49.241502 messenger.go:114: -----------------------------------------
INFO: 01:14:49.241535 messenger.go:136: Requests from Client 0 on tcp://*:7300
INFO: 01:14:49.241581 messenger.go:153: Response to Client 0 on tcp://*:10300
INFO: 01:14:49.241601 messenger.go:156: -----------------------------------------

INFO: 01:14:49.246443 main.go:83: Initial estimate value:  1
INFO: 01:14:49.246502 self-stabilizing-binary-consensus.go:96: round=1 repeat=1
INFO: 01:14:49.246535 self-stabilizing-binary-consensus.go:210: binValues(1,3)={}
INFO: 01:14:49.246554 self-stabilizing-binary-consensus.go:210: binValues(1,2)={}
INFO: 01:14:49.250764 messenger.go:302: SEND j=2 flag=true r=1 est={1} aux={}
INFO: 01:14:49.252698 self-stabilizing-binary-consensus.go:445: RECEIVED j=1 flag=true r=1 est={1} aux={}
INFO: 01:14:49.252752 self-stabilizing-binary-consensus.go:447: est[1][1]={1} aux[1][1]={}
INFO: 01:14:49.255421 messenger.go:302: SEND j=0 flag=true r=1 est={1} aux={}
INFO: 01:14:49.259240 messenger.go:302: SEND j=0 flag=false r=1 est={1} aux={}
INFO: 01:14:49.406433 messenger.go:302: SEND j=1 flag=true r=1 est={1} aux={}
INFO: 01:14:49.406801 self-stabilizing-binary-consensus.go:445: RECEIVED j=2 flag=true r=1 est={1} aux={}
INFO: 01:14:49.406939 self-stabilizing-binary-consensus.go:447: est[1][2]={1} aux[1][2]={}
INFO: 01:14:49.412898 messenger.go:302: SEND j=2 flag=false r=1 est={1} aux={}
INFO: 01:14:49.418052 messenger.go:302: SEND j=1 flag=false r=1 est={1} aux={}
INFO: 01:14:49.419332 self-stabilizing-binary-consensus.go:445: RECEIVED j=1 flag=false r=1 est={1} aux={}
INFO: 01:14:49.419393 self-stabilizing-binary-consensus.go:447: est[1][1]={1} aux[1][1]={}
INFO: 01:14:49.419434 self-stabilizing-binary-consensus.go:445: RECEIVED j=2 flag=false r=1 est={1} aux={}
INFO: 01:14:49.419461 self-stabilizing-binary-consensus.go:447: est[1][2]={1} aux[1][2]={}
INFO: 01:14:49.419493 self-stabilizing-binary-consensus.go:445: RECEIVED j=0 flag=true r=1 est={1} aux={}
INFO: 01:14:49.419522 self-stabilizing-binary-consensus.go:447: est[1][0]={1} aux[1][0]={}
INFO: 01:14:49.420263 messenger.go:302: SEND j=0 flag=false r=1 est={1} aux={}
INFO: 01:14:49.420804 messenger.go:302: SEND j=2 flag=false r=1 est={1} aux={}
INFO: 01:14:49.421626 messenger.go:302: SEND j=1 flag=false r=1 est={1} aux={}
INFO: 01:14:49.424773 self-stabilizing-binary-consensus.go:445: RECEIVED j=0 flag=false r=1 est={1} aux={}
INFO: 01:14:49.424827 self-stabilizing-binary-consensus.go:447: est[1][0]={1} aux[1][0]={}
INFO: 01:14:49.424861 self-stabilizing-binary-consensus.go:445: RECEIVED j=2 flag=false r=1 est={1} aux={}
INFO: 01:14:49.424881 self-stabilizing-binary-consensus.go:447: est[1][2]={1} aux[1][2]={}
INFO: 01:14:49.424901 self-stabilizing-binary-consensus.go:445: RECEIVED j=2 flag=false r=1 est={1} aux={}
INFO: 01:14:49.424937 self-stabilizing-binary-consensus.go:447: est[1][2]={1} aux[1][2]={}
INFO: 01:14:49.426867 self-stabilizing-binary-consensus.go:445: RECEIVED j=0 flag=false r=1 est={1} aux={}
INFO: 01:14:49.427270 self-stabilizing-binary-consensus.go:447: est[1][0]={1} aux[1][0]={}
INFO: 01:14:49.427564 messenger.go:302: SEND j=0 flag=false r=1 est={1} aux={}
INFO: 01:14:49.427924 messenger.go:302: SEND j=2 flag=false r=1 est={1} aux={}
INFO: 01:14:49.428085 self-stabilizing-binary-consensus.go:445: RECEIVED j=1 flag=false r=1 est={1} aux={}
INFO: 01:14:49.428109 self-stabilizing-binary-consensus.go:447: est[1][1]={1} aux[1][1]={}
INFO: 01:14:49.428242 self-stabilizing-binary-consensus.go:445: RECEIVED j=1 flag=false r=1 est={1} aux={}
INFO: 01:14:49.428299 self-stabilizing-binary-consensus.go:447: est[1][1]={1} aux[1][1]={}
INFO: 01:14:49.429305 messenger.go:302: SEND j=1 flag=false r=1 est={1} aux={}
INFO: 01:14:49.429695 self-stabilizing-binary-consensus.go:445: RECEIVED j=0 flag=false r=1 est={1} aux={}
INFO: 01:14:49.429735 self-stabilizing-binary-consensus.go:447: est[1][0]={1} aux[1][0]={}
INFO: 01:14:50.240886 self-stabilizing-binary-consensus.go:445: RECEIVED j=0 flag=true r=1 est={1} aux={1}
INFO: 01:14:50.241104 self-stabilizing-binary-consensus.go:447: est[1][0]={1} aux[1][0]={1}
INFO: 01:14:50.244036 messenger.go:302: SEND j=2 flag=false r=1 est={1} aux={}
INFO: 01:14:50.245542 messenger.go:302: SEND j=1 flag=false r=1 est={1} aux={}
INFO: 01:14:50.245809 messenger.go:302: SEND j=0 flag=false r=1 est={1} aux={}
INFO: 01:14:50.246021 self-stabilizing-binary-consensus.go:445: RECEIVED j=2 flag=false r=1 est={1} aux={}
INFO: 01:14:50.246083 self-stabilizing-binary-consensus.go:447: est[1][2]={1} aux[1][2]={}
INFO: 01:14:50.247969 self-stabilizing-binary-consensus.go:445: RECEIVED j=1 flag=false r=1 est={1} aux={}
INFO: 01:14:50.248011 self-stabilizing-binary-consensus.go:447: est[1][1]={1} aux[1][1]={}
INFO: 01:14:50.249559 self-stabilizing-binary-consensus.go:210: binValues(1,3)={1}
INFO: 01:14:50.249605 self-stabilizing-binary-consensus.go:235: infoResults()={}
INFO: 01:14:50.249631 self-stabilizing-binary-consensus.go:96: round=1 repeat=2
INFO: 01:14:50.249651 self-stabilizing-binary-consensus.go:210: binValues(1,3)={1}
INFO: 01:14:50.249670 self-stabilizing-binary-consensus.go:135: aux[1][3]=1
INFO: 01:14:50.249705 self-stabilizing-binary-consensus.go:210: binValues(1,2)={1}
INFO: 01:14:50.257017 self-stabilizing-binary-consensus.go:445: RECEIVED j=2 flag=true r=1 est={1} aux={1}
INFO: 01:14:50.257083 self-stabilizing-binary-consensus.go:447: est[1][2]={1} aux[1][2]={1}
INFO: 01:14:50.257751 messenger.go:302: SEND j=2 flag=true r=1 est={1} aux={1}
INFO: 01:14:50.258969 messenger.go:302: SEND j=1 flag=true r=1 est={1} aux={1}
INFO: 01:14:50.259399 messenger.go:302: SEND j=0 flag=true r=1 est={1} aux={1}
INFO: 01:14:50.261263 self-stabilizing-binary-consensus.go:445: RECEIVED j=0 flag=false r=1 est={1} aux={1}
INFO: 01:14:50.261306 self-stabilizing-binary-consensus.go:447: est[1][0]={1} aux[1][0]={1}
INFO: 01:14:50.261512 self-stabilizing-binary-consensus.go:445: RECEIVED j=1 flag=true r=1 est={1} aux={1}
INFO: 01:14:50.261546 self-stabilizing-binary-consensus.go:447: est[1][1]={1} aux[1][1]={1}
INFO: 01:14:50.263123 messenger.go:302: SEND j=2 flag=false r=1 est={1} aux={1}
INFO: 01:14:50.264957 messenger.go:302: SEND j=0 flag=false r=1 est={1} aux={1}
INFO: 01:14:50.267087 messenger.go:302: SEND j=0 flag=false r=1 est={1} aux={1}
INFO: 01:14:50.268082 messenger.go:302: SEND j=1 flag=false r=1 est={1} aux={1}
INFO: 01:14:50.268208 self-stabilizing-binary-consensus.go:445: RECEIVED j=2 flag=false r=1 est={1} aux={1}
INFO: 01:14:50.268237 self-stabilizing-binary-consensus.go:447: est[1][2]={1} aux[1][2]={1}
INFO: 01:14:50.268245 self-stabilizing-binary-consensus.go:445: RECEIVED j=0 flag=false r=1 est={1} aux={1}
INFO: 01:14:50.268250 self-stabilizing-binary-consensus.go:447: est[1][0]={1} aux[1][0]={1}
INFO: 01:14:50.268255 self-stabilizing-binary-consensus.go:445: RECEIVED j=2 flag=false r=1 est={1} aux={1}
INFO: 01:14:50.268260 self-stabilizing-binary-consensus.go:447: est[1][2]={1} aux[1][2]={1}
INFO: 01:14:50.268517 messenger.go:302: SEND j=2 flag=false r=1 est={1} aux={1}
INFO: 01:14:50.269439 messenger.go:302: SEND j=1 flag=false r=1 est={1} aux={1}
INFO: 01:14:50.270204 self-stabilizing-binary-consensus.go:445: RECEIVED j=1 flag=false r=1 est={1} aux={1}
INFO: 01:14:50.270278 self-stabilizing-binary-consensus.go:447: est[1][1]={1} aux[1][1]={1}
INFO: 01:14:50.273202 self-stabilizing-binary-consensus.go:445: RECEIVED j=0 flag=false r=1 est={1} aux={1}
INFO: 01:14:50.273244 self-stabilizing-binary-consensus.go:447: est[1][0]={1} aux[1][0]={1}
INFO: 01:14:50.273444 self-stabilizing-binary-consensus.go:445: RECEIVED j=1 flag=false r=1 est={1} aux={1}
INFO: 01:14:50.273501 self-stabilizing-binary-consensus.go:447: est[1][1]={1} aux[1][1]={1}
INFO: 01:14:51.252560 self-stabilizing-binary-consensus.go:210: binValues(1,3)={1}
INFO: 01:14:51.252676 self-stabilizing-binary-consensus.go:235: infoResults()={1}
INFO: 01:14:51.252705 self-stabilizing-binary-consensus.go:210: binValues(1,3)={1}
INFO: 01:14:51.252721 self-stabilizing-binary-consensus.go:235: infoResults()={1}
INFO: 01:14:51.252768 self-stabilizing-binary-consensus.go:268: randomBit(1)=1
INFO: 01:14:51.252785 self-stabilizing-binary-consensus.go:261: decision=1
INFO: 01:14:51.252861 self-stabilizing-binary-consensus.go:210: binValues(11,2)={}
INFO: 01:14:52.249069 self-stabilizing-multivalued-consensus.go:18: Successful decide
