INFO: 20:41:22.266081 main.go:29: ID:3 | N:4 | F:1 | Clients:1 | Scenario:NORMAL | Remote:false

INFO: 20:41:22.266461 messenger.go:90: Receive from Server 0 on tcp://*:4300
INFO: 20:41:22.266636 messenger.go:107: Send to Server 0 on tcp://localhost:4003
INFO: 20:41:22.266698 messenger.go:90: Receive from Server 1 on tcp://*:4301
INFO: 20:41:22.266742 messenger.go:107: Send to Server 1 on tcp://localhost:4103
INFO: 20:41:22.266786 messenger.go:90: Receive from Server 2 on tcp://*:4302
INFO: 20:41:22.266828 messenger.go:107: Send to Server 2 on tcp://localhost:4203
INFO: 20:41:22.266853 messenger.go:113: -----------------------------------------
INFO: 20:41:22.266893 messenger.go:135: Requests from Client 0 on tcp://*:7300
INFO: 20:41:22.266938 messenger.go:152: Response to Client 0 on tcp://*:10300
INFO: 20:41:22.268439 messenger.go:155: -----------------------------------------

INFO: 20:41:22.272556 main.go:83: Initial estimate value:  1
INFO: 20:41:22.272609 binary_consensus.go:24: 4.BC: bcid-1 round-1
INFO: 20:41:22.296738 binary_consensus.go:124: SEND EST 1
INFO: 20:41:22.303684 binary_consensus.go:141: RECEIVE EST j=2val=1
INFO: 20:41:22.326015 binary_consensus.go:141: RECEIVE EST j=1val=0
INFO: 20:41:22.425294 binary_consensus.go:141: RECEIVE EST j=2val=0
INFO: 20:41:22.431809 binary_consensus.go:145: SEND EST 0
INFO: 20:41:22.437364 binary_consensus.go:141: RECEIVE EST j=0val=0
INFO: 20:41:22.438071 binary_consensus.go:154: 4.BC: bin_values-[0]
INFO: 20:41:22.438122 binary_consensus.go:141: RECEIVE EST j=0val=1
INFO: 20:41:22.438145 binary_consensus.go:154: 4.BC: bin_values-[0 1]
INFO: 20:41:22.446313 binary_consensus.go:141: RECEIVE EST j=1val=1
INFO: 20:41:22.448375 binary_consensus.go:39: SEND AUX 0
INFO: 20:41:22.449876 binary_consensus.go:65: RECEIVE AUX j=2val=1
INFO: 20:41:22.450022 binary_consensus.go:65: RECEIVE AUX j=1val=0
INFO: 20:41:22.450298 binary_consensus.go:65: RECEIVE AUX j=0val=0
INFO: 20:41:22.450336 binary_consensus.go:80: 4.BC: vals-[0] coin-0
INFO: 20:41:22.450362 binary_consensus.go:85: 4.BC: decide-0
INFO: 20:41:22.450386 binary_consensus.go:181: My final decision 0
