INFO: 01:10:33.988914 main.go:29: ID:3 | N:4 | F:1 | Clients:1 | Scenario:NORMAL | Remote:false

INFO: 01:10:33.989927 messenger.go:90: Receive from Server 0 on tcp://*:4300
INFO: 01:10:33.990112 messenger.go:107: Send to Server 0 on tcp://localhost:4003
INFO: 01:10:33.990158 messenger.go:90: Receive from Server 1 on tcp://*:4301
INFO: 01:10:33.990185 messenger.go:107: Send to Server 1 on tcp://localhost:4103
INFO: 01:10:33.990209 messenger.go:90: Receive from Server 2 on tcp://*:4302
INFO: 01:10:33.990242 messenger.go:107: Send to Server 2 on tcp://localhost:4203
INFO: 01:10:33.990280 messenger.go:113: -----------------------------------------
INFO: 01:10:33.990314 messenger.go:135: Requests from Client 0 on tcp://*:7300
INFO: 01:10:33.990339 messenger.go:152: Response to Client 0 on tcp://*:10300
INFO: 01:10:33.990366 messenger.go:155: -----------------------------------------

INFO: 01:10:33.995546 main.go:83: Initial estimate value:  0
INFO: 01:10:33.995603 self-stabilizing-binary-consensus.go:93: round=1 repeat=1
INFO: 01:10:33.995624 self-stabilizing-binary-consensus.go:200: binValues(1,3)={}
INFO: 01:10:33.995632 self-stabilizing-binary-consensus.go:200: binValues(1,2)={}
INFO: 01:10:33.997423 self-stabilizing-binary-consensus.go:141: SEND flag=1 r=1 est={0} aux={}
INFO: 01:10:34.008309 self-stabilizing-binary-consensus.go:431: RECEIVE j=0 flag=1 r=1 est={0} aux={}
INFO: 01:10:34.009105 self-stabilizing-binary-consensus.go:433: est[1][0]={0} aux[1][0]={}
INFO: 01:10:34.163168 self-stabilizing-binary-consensus.go:441: SEND flag=0 r=1 est={0} aux={}
INFO: 01:10:34.163195 self-stabilizing-binary-consensus.go:431: RECEIVE j=2 flag=1 r=1 est={0} aux={}
INFO: 01:10:34.163237 self-stabilizing-binary-consensus.go:433: est[1][2]={0} aux[1][2]={}
INFO: 01:10:34.168444 self-stabilizing-binary-consensus.go:441: SEND flag=0 r=1 est={0} aux={}
INFO: 01:10:34.168519 self-stabilizing-binary-consensus.go:431: RECEIVE j=1 flag=1 r=1 est={0} aux={}
INFO: 01:10:34.168684 self-stabilizing-binary-consensus.go:433: est[1][1]={0} aux[1][1]={}
INFO: 01:10:34.172496 self-stabilizing-binary-consensus.go:441: SEND flag=0 r=1 est={0} aux={}
INFO: 01:10:34.172511 self-stabilizing-binary-consensus.go:431: RECEIVE j=1 flag=0 r=1 est={0} aux={}
INFO: 01:10:34.172516 self-stabilizing-binary-consensus.go:433: est[1][1]={0} aux[1][1]={}
INFO: 01:10:34.172522 self-stabilizing-binary-consensus.go:431: RECEIVE j=2 flag=0 r=1 est={0} aux={}
INFO: 01:10:34.172526 self-stabilizing-binary-consensus.go:433: est[1][2]={0} aux[1][2]={}
INFO: 01:10:34.172573 self-stabilizing-binary-consensus.go:431: RECEIVE j=2 flag=0 r=1 est={0} aux={}
INFO: 01:10:34.172578 self-stabilizing-binary-consensus.go:433: est[1][2]={0} aux[1][2]={}
INFO: 01:10:34.172583 self-stabilizing-binary-consensus.go:431: RECEIVE j=2 flag=0 r=1 est={0} aux={}
INFO: 01:10:34.172587 self-stabilizing-binary-consensus.go:433: est[1][2]={0} aux[1][2]={}
INFO: 01:10:34.172614 self-stabilizing-binary-consensus.go:431: RECEIVE j=0 flag=0 r=1 est={0} aux={}
INFO: 01:10:34.172640 self-stabilizing-binary-consensus.go:433: est[1][0]={0} aux[1][0]={}
INFO: 01:10:34.172649 self-stabilizing-binary-consensus.go:431: RECEIVE j=1 flag=0 r=1 est={0} aux={}
INFO: 01:10:34.172653 self-stabilizing-binary-consensus.go:433: est[1][1]={0} aux[1][1]={}
INFO: 01:10:34.172676 self-stabilizing-binary-consensus.go:431: RECEIVE j=0 flag=0 r=1 est={0} aux={}
INFO: 01:10:34.172680 self-stabilizing-binary-consensus.go:433: est[1][0]={0} aux[1][0]={}
INFO: 01:10:34.172822 self-stabilizing-binary-consensus.go:431: RECEIVE j=0 flag=0 r=1 est={0} aux={}
INFO: 01:10:34.172854 self-stabilizing-binary-consensus.go:433: est[1][0]={0} aux[1][0]={}
INFO: 01:10:34.174877 self-stabilizing-binary-consensus.go:431: RECEIVE j=1 flag=0 r=1 est={0} aux={}
INFO: 01:10:34.174961 self-stabilizing-binary-consensus.go:433: est[1][1]={0} aux[1][1]={}
INFO: 01:10:34.998136 self-stabilizing-binary-consensus.go:200: binValues(1,3)={0}
INFO: 01:10:34.998261 self-stabilizing-binary-consensus.go:225: infoResults()={}
INFO: 01:10:34.998271 self-stabilizing-binary-consensus.go:93: round=1 repeat=2
INFO: 01:10:34.998287 self-stabilizing-binary-consensus.go:200: binValues(1,3)={0}
INFO: 01:10:34.998292 self-stabilizing-binary-consensus.go:132: aux[1][3]=0
INFO: 01:10:34.998324 self-stabilizing-binary-consensus.go:200: binValues(1,2)={0}
INFO: 01:10:35.000136 self-stabilizing-binary-consensus.go:141: SEND flag=1 r=1 est={0} aux={0}
INFO: 01:10:35.002958 self-stabilizing-binary-consensus.go:431: RECEIVE j=2 flag=1 r=1 est={0} aux={0}
INFO: 01:10:35.002973 self-stabilizing-binary-consensus.go:433: est[1][2]={0} aux[1][2]={0}
INFO: 01:10:35.008021 self-stabilizing-binary-consensus.go:441: SEND flag=0 r=1 est={0} aux={0}
INFO: 01:10:35.008064 self-stabilizing-binary-consensus.go:431: RECEIVE j=0 flag=1 r=1 est={0} aux={0}
INFO: 01:10:35.008180 self-stabilizing-binary-consensus.go:433: est[1][0]={0} aux[1][0]={0}
INFO: 01:10:35.018181 self-stabilizing-binary-consensus.go:441: SEND flag=0 r=1 est={0} aux={0}
INFO: 01:10:35.020282 self-stabilizing-binary-consensus.go:431: RECEIVE j=1 flag=1 r=1 est={0} aux={0}
INFO: 01:10:35.020352 self-stabilizing-binary-consensus.go:433: est[1][1]={0} aux[1][1]={0}
INFO: 01:10:35.028658 self-stabilizing-binary-consensus.go:441: SEND flag=0 r=1 est={0} aux={0}
INFO: 01:10:35.028710 self-stabilizing-binary-consensus.go:431: RECEIVE j=0 flag=0 r=1 est={0} aux={0}
INFO: 01:10:35.028732 self-stabilizing-binary-consensus.go:433: est[1][0]={0} aux[1][0]={0}
INFO: 01:10:35.028748 self-stabilizing-binary-consensus.go:431: RECEIVE j=2 flag=0 r=1 est={0} aux={0}
INFO: 01:10:35.028762 self-stabilizing-binary-consensus.go:433: est[1][2]={0} aux[1][2]={0}
INFO: 01:10:35.028869 self-stabilizing-binary-consensus.go:431: RECEIVE j=2 flag=0 r=1 est={0} aux={0}
INFO: 01:10:35.028895 self-stabilizing-binary-consensus.go:433: est[1][2]={0} aux[1][2]={0}
INFO: 01:10:35.028911 self-stabilizing-binary-consensus.go:431: RECEIVE j=2 flag=0 r=1 est={0} aux={0}
INFO: 01:10:35.029229 self-stabilizing-binary-consensus.go:433: est[1][2]={0} aux[1][2]={0}
INFO: 01:10:35.029401 self-stabilizing-binary-consensus.go:431: RECEIVE j=1 flag=0 r=1 est={0} aux={0}
INFO: 01:10:35.030357 self-stabilizing-binary-consensus.go:433: est[1][1]={0} aux[1][1]={0}
INFO: 01:10:35.030430 self-stabilizing-binary-consensus.go:431: RECEIVE j=0 flag=0 r=1 est={0} aux={0}
INFO: 01:10:35.030454 self-stabilizing-binary-consensus.go:433: est[1][0]={0} aux[1][0]={0}
INFO: 01:10:35.030470 self-stabilizing-binary-consensus.go:431: RECEIVE j=0 flag=0 r=1 est={0} aux={0}
INFO: 01:10:35.030546 self-stabilizing-binary-consensus.go:433: est[1][0]={0} aux[1][0]={0}
INFO: 01:10:35.030648 self-stabilizing-binary-consensus.go:431: RECEIVE j=1 flag=0 r=1 est={0} aux={0}
INFO: 01:10:35.030686 self-stabilizing-binary-consensus.go:433: est[1][1]={0} aux[1][1]={0}
INFO: 01:10:35.033241 self-stabilizing-binary-consensus.go:431: RECEIVE j=1 flag=0 r=1 est={0} aux={0}
INFO: 01:10:35.033376 self-stabilizing-binary-consensus.go:433: est[1][1]={0} aux[1][1]={0}
INFO: 01:10:36.000490 self-stabilizing-binary-consensus.go:200: binValues(1,3)={0}
INFO: 01:10:36.000569 self-stabilizing-binary-consensus.go:225: infoResults()={0}
INFO: 01:10:36.000580 self-stabilizing-binary-consensus.go:200: binValues(1,3)={0}
INFO: 01:10:36.000585 self-stabilizing-binary-consensus.go:225: infoResults()={0}
INFO: 01:10:36.000589 self-stabilizing-binary-consensus.go:256: randomBit(1)=0
INFO: 01:10:36.000594 self-stabilizing-binary-consensus.go:249: decision=0
INFO: 01:10:36.000627 self-stabilizing-binary-consensus.go:200: binValues(11,2)={}
INFO: 01:10:36.000651 self-stabilizing-binary-consensus.go:93: round=11 repeat=1
INFO: 01:10:36.000660 self-stabilizing-binary-consensus.go:200: binValues(11,3)={}
INFO: 01:10:36.000689 self-stabilizing-binary-consensus.go:200: binValues(11,2)={}
INFO: 01:10:36.002550 self-stabilizing-binary-consensus.go:141: SEND flag=1 r=11 est={0} aux={0}
INFO: 01:10:36.005205 self-stabilizing-binary-consensus.go:431: RECEIVE j=2 flag=1 r=11 est={0} aux={0}
INFO: 01:10:36.005267 self-stabilizing-binary-consensus.go:433: est[11][2]={0} aux[11][2]={0}
INFO: 01:10:36.007748 self-stabilizing-binary-consensus.go:441: SEND flag=0 r=11 est={0} aux={0}
INFO: 01:10:36.011995 self-stabilizing-binary-consensus.go:431: RECEIVE j=0 flag=1 r=11 est={0} aux={0}
INFO: 01:10:36.012221 self-stabilizing-binary-consensus.go:433: est[11][0]={0} aux[11][0]={0}
INFO: 01:10:36.017453 self-stabilizing-binary-consensus.go:441: SEND flag=0 r=11 est={0} aux={0}
INFO: 01:10:36.018305 self-stabilizing-binary-consensus.go:431: RECEIVE j=2 flag=0 r=11 est={0} aux={0}
INFO: 01:10:36.018343 self-stabilizing-binary-consensus.go:433: est[11][2]={0} aux[11][2]={0}
INFO: 01:10:36.018365 self-stabilizing-binary-consensus.go:431: RECEIVE j=0 flag=0 r=11 est={0} aux={0}
INFO: 01:10:36.018383 self-stabilizing-binary-consensus.go:433: est[11][0]={0} aux[11][0]={0}
INFO: 01:10:36.019022 self-stabilizing-binary-consensus.go:431: RECEIVE j=1 flag=0 r=11 est={0} aux={0}
INFO: 01:10:36.019056 self-stabilizing-binary-consensus.go:433: est[11][1]={0} aux[11][1]={0}
INFO: 01:10:36.019553 self-stabilizing-binary-consensus.go:431: RECEIVE j=1 flag=0 r=11 est={0} aux={0}
INFO: 01:10:36.019579 self-stabilizing-binary-consensus.go:433: est[11][1]={0} aux[11][1]={0}
INFO: 01:10:36.021978 self-stabilizing-binary-consensus.go:431: RECEIVE j=2 flag=0 r=11 est={0} aux={0}
INFO: 01:10:36.022004 self-stabilizing-binary-consensus.go:433: est[11][2]={0} aux[11][2]={0}
INFO: 01:10:36.022514 self-stabilizing-binary-consensus.go:431: RECEIVE j=1 flag=0 r=11 est={0} aux={0}
INFO: 01:10:36.022551 self-stabilizing-binary-consensus.go:433: est[11][1]={0} aux[11][1]={0}
INFO: 01:10:36.023762 self-stabilizing-binary-consensus.go:431: RECEIVE j=0 flag=0 r=11 est={0} aux={0}
INFO: 01:10:36.023814 self-stabilizing-binary-consensus.go:433: est[11][0]={0} aux[11][0]={0}
INFO: 01:10:36.025252 self-stabilizing-binary-consensus.go:431: RECEIVE j=1 flag=1 r=11 est={0} aux={0}
INFO: 01:10:36.025269 self-stabilizing-binary-consensus.go:433: est[11][1]={0} aux[11][1]={0}
INFO: 01:10:36.028026 self-stabilizing-binary-consensus.go:441: SEND flag=0 r=11 est={0} aux={0}
INFO: 01:10:36.030834 self-stabilizing-binary-consensus.go:431: RECEIVE j=2 flag=0 r=11 est={0} aux={0}
INFO: 01:10:36.030866 self-stabilizing-binary-consensus.go:433: est[11][2]={0} aux[11][2]={0}
INFO: 01:10:36.032220 self-stabilizing-binary-consensus.go:431: RECEIVE j=0 flag=0 r=11 est={0} aux={0}
INFO: 01:10:36.032341 self-stabilizing-binary-consensus.go:433: est[11][0]={0} aux[11][0]={0}
INFO: 01:10:36.999982 self-stabilizing-multivalued-consensus.go:18: Successful decide
