INFO: 20:42:30.290086 main.go:29: ID:3 | N:4 | F:1 | Clients:1 | Scenario:NORMAL | Remote:false

INFO: 20:42:30.290544 messenger.go:90: Receive from Server 0 on tcp://*:4300
INFO: 20:42:30.290763 messenger.go:107: Send to Server 0 on tcp://localhost:4003
INFO: 20:42:30.290828 messenger.go:90: Receive from Server 1 on tcp://*:4301
INFO: 20:42:30.290871 messenger.go:107: Send to Server 1 on tcp://localhost:4103
INFO: 20:42:30.290914 messenger.go:90: Receive from Server 2 on tcp://*:4302
INFO: 20:42:30.290956 messenger.go:107: Send to Server 2 on tcp://localhost:4203
INFO: 20:42:30.290978 messenger.go:113: -----------------------------------------
INFO: 20:42:30.291057 messenger.go:135: Requests from Client 0 on tcp://*:7300
INFO: 20:42:30.291113 messenger.go:152: Response to Client 0 on tcp://*:10300
INFO: 20:42:30.291135 messenger.go:155: -----------------------------------------

INFO: 20:42:30.297318 main.go:83: Initial estimate value:  1
INFO: 20:42:30.297360 binary_consensus.go:24: 4.BC: bcid-1 round-1
INFO: 20:42:30.327093 binary_consensus.go:124: SEND EST 1
INFO: 20:42:30.331966 binary_consensus.go:141: RECEIVE EST j=2 val=1
INFO: 20:42:30.373268 binary_consensus.go:141: RECEIVE EST j=1 val=0
INFO: 20:42:30.373386 binary_consensus.go:141: RECEIVE EST j=1 val=1
INFO: 20:42:30.375532 binary_consensus.go:154: 4.BC: bin_values-[1]
INFO: 20:42:30.385036 binary_consensus.go:39: SEND AUX 1
INFO: 20:42:30.385065 binary_consensus.go:65: RECEIVE AUX j=2 val=1
INFO: 20:42:30.434805 binary_consensus.go:141: RECEIVE EST j=2 val=0
INFO: 20:42:30.437488 binary_consensus.go:145: SEND EST 0
INFO: 20:42:30.444012 binary_consensus.go:65: RECEIVE AUX j=1 val=0
INFO: 20:42:30.462987 binary_consensus.go:141: RECEIVE EST j=0 val=0
INFO: 20:42:30.463077 binary_consensus.go:154: 4.BC: bin_values-[1 0]
INFO: 20:42:30.463785 binary_consensus.go:141: RECEIVE EST j=0 val=1
INFO: 20:42:30.472632 binary_consensus.go:65: RECEIVE AUX j=0 val=1
INFO: 20:42:30.472719 binary_consensus.go:80: 4.BC: vals-[1] coin-0
INFO: 20:42:30.472818 binary_consensus.go:24: 7.BC: bcid-1 round-2
INFO: 20:42:30.475214 binary_consensus.go:124: SEND EST 1
INFO: 20:42:30.475241 binary_consensus.go:141: RECEIVE EST j=2 val=1
INFO: 20:42:30.483777 binary_consensus.go:141: RECEIVE EST j=0 val=1
INFO: 20:42:30.486663 binary_consensus.go:154: 7.BC: bin_values-[1]
INFO: 20:42:30.488256 binary_consensus.go:141: RECEIVE EST j=1 val=1
INFO: 20:42:30.490724 binary_consensus.go:39: SEND AUX 1
INFO: 20:42:30.497088 binary_consensus.go:65: RECEIVE AUX j=1 val=1
INFO: 20:42:30.498500 binary_consensus.go:65: RECEIVE AUX j=0 val=1
INFO: 20:42:30.498520 binary_consensus.go:80: 7.BC: vals-[1] coin-1
INFO: 20:42:30.498528 binary_consensus.go:85: 7.BC: decide-1
INFO: 20:42:30.498534 binary_consensus.go:181: My final decision 1
