INFO: 01:41:03.114650 main.go:29: ID:4 | N:10 | F:3 | Clients:1 | Scenario:NORMAL | Remote:false

INFO: 01:41:03.117569 messenger.go:90: Receive from Server 0 on tcp://*:4400
INFO: 01:41:03.119168 messenger.go:107: Send to Server 0 on tcp://localhost:4004
INFO: 01:41:03.119558 messenger.go:90: Receive from Server 1 on tcp://*:4401
INFO: 01:41:03.119955 messenger.go:107: Send to Server 1 on tcp://localhost:4104
INFO: 01:41:03.120407 messenger.go:90: Receive from Server 2 on tcp://*:4402
INFO: 01:41:03.120679 messenger.go:107: Send to Server 2 on tcp://localhost:4204
INFO: 01:41:03.121002 messenger.go:90: Receive from Server 3 on tcp://*:4403
INFO: 01:41:03.121428 messenger.go:107: Send to Server 3 on tcp://localhost:4304
INFO: 01:41:03.121984 messenger.go:90: Receive from Server 5 on tcp://*:4405
INFO: 01:41:03.122657 messenger.go:107: Send to Server 5 on tcp://localhost:4504
INFO: 01:41:03.123123 messenger.go:90: Receive from Server 6 on tcp://*:4406
INFO: 01:41:03.123838 messenger.go:107: Send to Server 6 on tcp://localhost:4604
INFO: 01:41:03.127145 messenger.go:90: Receive from Server 7 on tcp://*:4407
INFO: 01:41:03.127967 messenger.go:107: Send to Server 7 on tcp://localhost:4704
INFO: 01:41:03.128226 messenger.go:90: Receive from Server 8 on tcp://*:4408
INFO: 01:41:03.128411 messenger.go:107: Send to Server 8 on tcp://localhost:4804
INFO: 01:41:03.128672 messenger.go:90: Receive from Server 9 on tcp://*:4409
INFO: 01:41:03.128925 messenger.go:107: Send to Server 9 on tcp://localhost:4904
INFO: 01:41:03.129076 messenger.go:113: -----------------------------------------
INFO: 01:41:03.129540 messenger.go:135: Requests from Client 0 on tcp://*:7400
INFO: 01:41:03.129941 messenger.go:152: Response to Client 0 on tcp://*:10400
INFO: 01:41:03.130633 messenger.go:155: -----------------------------------------

INFO: 01:41:03.145226 main.go:83: Initial estimate value:  0
