INFO: 21:42:37.025389 main.go:29: ID:4 | N:10 | F:3 | Clients:1 | Scenario:NORMAL | Remote:false

INFO: 21:42:37.028358 messenger.go:90: Receive from Server 0 on tcp://*:4400
INFO: 21:42:37.030496 messenger.go:107: Send to Server 0 on tcp://localhost:4004
INFO: 21:42:37.031068 messenger.go:90: Receive from Server 1 on tcp://*:4401
INFO: 21:42:37.031321 messenger.go:107: Send to Server 1 on tcp://localhost:4104
INFO: 21:42:37.031648 messenger.go:90: Receive from Server 2 on tcp://*:4402
INFO: 21:42:37.032026 messenger.go:107: Send to Server 2 on tcp://localhost:4204
INFO: 21:42:37.032323 messenger.go:90: Receive from Server 3 on tcp://*:4403
INFO: 21:42:37.032848 messenger.go:107: Send to Server 3 on tcp://localhost:4304
INFO: 21:42:37.034493 messenger.go:90: Receive from Server 5 on tcp://*:4405
INFO: 21:42:37.035344 messenger.go:107: Send to Server 5 on tcp://localhost:4504
INFO: 21:42:37.039548 messenger.go:90: Receive from Server 6 on tcp://*:4406
INFO: 21:42:37.039789 messenger.go:107: Send to Server 6 on tcp://localhost:4604
INFO: 21:42:37.040170 messenger.go:90: Receive from Server 7 on tcp://*:4407
INFO: 21:42:37.040405 messenger.go:107: Send to Server 7 on tcp://localhost:4704
INFO: 21:42:37.040473 messenger.go:90: Receive from Server 8 on tcp://*:4408
INFO: 21:42:37.041222 messenger.go:107: Send to Server 8 on tcp://localhost:4804
INFO: 21:42:37.041652 messenger.go:90: Receive from Server 9 on tcp://*:4409
INFO: 21:42:37.044676 messenger.go:107: Send to Server 9 on tcp://localhost:4904
INFO: 21:42:37.045747 messenger.go:113: -----------------------------------------
INFO: 21:42:37.047198 messenger.go:135: Requests from Client 0 on tcp://*:7400
INFO: 21:42:37.048556 messenger.go:152: Response to Client 0 on tcp://*:10400
INFO: 21:42:37.048873 messenger.go:155: -----------------------------------------

INFO: 21:42:37.065120 main.go:83: Initial estimate value:  0
INFO: 21:42:37.089258 messenger.go:270: SENT EST to 7
INFO: 21:42:37.091900 messenger.go:346: RECEIVED EST from 9
INFO: 21:42:37.092210 messenger.go:270: SENT EST to 1
INFO: 21:42:37.092265 messenger.go:270: SENT EST to 2
INFO: 21:42:37.092399 messenger.go:346: RECEIVED EST from 1
INFO: 21:42:37.092600 messenger.go:270: SENT EST to 6
INFO: 21:42:37.092656 messenger.go:270: SENT EST to 8
INFO: 21:42:37.092670 messenger.go:270: SENT EST to 0
INFO: 21:42:37.093685 messenger.go:346: RECEIVED EST from 3
INFO: 21:42:37.107019 messenger.go:270: SENT EST to 5
INFO: 21:42:37.105417 messenger.go:346: RECEIVED EST from 2
INFO: 21:42:37.107130 messenger.go:270: SENT EST to 9
INFO: 21:42:37.107157 messenger.go:270: SENT EST to 3
INFO: 21:42:37.107299 messenger.go:346: RECEIVED EST from 5
INFO: 21:42:37.148792 messenger.go:346: RECEIVED EST from 0
INFO: 21:42:37.159756 messenger.go:346: RECEIVED EST from 7
INFO: 21:42:37.197030 messenger.go:346: RECEIVED EST from 8
INFO: 21:42:37.218098 messenger.go:346: RECEIVED EST from 6
