INFO: 00:38:55.836646 main.go:29: ID:4 | N:10 | F:3 | Clients:1 | Scenario:NORMAL | Remote:false

INFO: 00:38:55.837046 messenger.go:90: Receive from Server 0 on tcp://*:4400
INFO: 00:38:55.837167 messenger.go:107: Send to Server 0 on tcp://localhost:4004
INFO: 00:38:55.837201 messenger.go:90: Receive from Server 1 on tcp://*:4401
INFO: 00:38:55.837224 messenger.go:107: Send to Server 1 on tcp://localhost:4104
INFO: 00:38:55.837271 messenger.go:90: Receive from Server 2 on tcp://*:4402
INFO: 00:38:55.837299 messenger.go:107: Send to Server 2 on tcp://localhost:4204
INFO: 00:38:55.837323 messenger.go:90: Receive from Server 3 on tcp://*:4403
INFO: 00:38:55.837343 messenger.go:107: Send to Server 3 on tcp://localhost:4304
INFO: 00:38:55.837368 messenger.go:90: Receive from Server 5 on tcp://*:4405
INFO: 00:38:55.837398 messenger.go:107: Send to Server 5 on tcp://localhost:4504
INFO: 00:38:55.837420 messenger.go:90: Receive from Server 6 on tcp://*:4406
INFO: 00:38:55.837443 messenger.go:107: Send to Server 6 on tcp://localhost:4604
INFO: 00:38:55.837467 messenger.go:90: Receive from Server 7 on tcp://*:4407
INFO: 00:38:55.837486 messenger.go:107: Send to Server 7 on tcp://localhost:4704
INFO: 00:38:55.837507 messenger.go:90: Receive from Server 8 on tcp://*:4408
INFO: 00:38:55.837531 messenger.go:107: Send to Server 8 on tcp://localhost:4804
INFO: 00:38:55.837554 messenger.go:90: Receive from Server 9 on tcp://*:4409
INFO: 00:38:55.837577 messenger.go:107: Send to Server 9 on tcp://localhost:4904
INFO: 00:38:55.837582 messenger.go:113: -----------------------------------------
INFO: 00:38:55.837605 messenger.go:135: Requests from Client 0 on tcp://*:7400
INFO: 00:38:55.837632 messenger.go:152: Response to Client 0 on tcp://*:10400
INFO: 00:38:55.837638 messenger.go:155: -----------------------------------------

INFO: 00:38:55.906700 main.go:83: Initial estimate value:  0
INFO: 00:38:56.165973 messenger.go:270: SENT EST to 9
INFO: 00:38:56.257401 messenger.go:270: SENT EST to 0
INFO: 00:38:56.366849 messenger.go:270: SENT EST to 5
INFO: 00:38:56.368542 messenger.go:270: SENT EST to 7
INFO: 00:38:56.368805 messenger.go:270: SENT EST to 8
INFO: 00:38:56.387110 messenger.go:270: SENT EST to 2
INFO: 00:38:56.387476 messenger.go:346: RECEIVED EST from 2
INFO: 00:38:56.391294 messenger.go:346: RECEIVED EST from 3
INFO: 00:38:56.457738 messenger.go:270: SENT EST to 1
INFO: 00:38:56.457736 messenger.go:270: SENT EST to 3
INFO: 00:38:56.457964 messenger.go:346: RECEIVED EST from 8
INFO: 00:38:56.458137 messenger.go:346: RECEIVED EST from 0
INFO: 00:38:56.475442 messenger.go:346: RECEIVED EST from 1
INFO: 00:38:56.476333 messenger.go:346: RECEIVED EST from 5
INFO: 00:38:56.578757 messenger.go:346: RECEIVED EST from 6
INFO: 00:38:56.786758 messenger.go:346: RECEIVED EST from 9
INFO: 00:38:56.792869 messenger.go:270: SENT EST to 6
INFO: 00:38:56.821413 messenger.go:346: RECEIVED EST from 7
