INFO: 01:44:09.573640 main.go:29: ID:4 | N:10 | F:3 | Clients:1 | Scenario:NORMAL | Remote:false

INFO: 01:44:09.574857 messenger.go:90: Receive from Server 0 on tcp://*:4400
INFO: 01:44:09.575011 messenger.go:107: Send to Server 0 on tcp://localhost:4004
INFO: 01:44:09.575047 messenger.go:90: Receive from Server 1 on tcp://*:4401
INFO: 01:44:09.575071 messenger.go:107: Send to Server 1 on tcp://localhost:4104
INFO: 01:44:09.575094 messenger.go:90: Receive from Server 2 on tcp://*:4402
INFO: 01:44:09.575117 messenger.go:107: Send to Server 2 on tcp://localhost:4204
INFO: 01:44:09.575141 messenger.go:90: Receive from Server 3 on tcp://*:4403
INFO: 01:44:09.575162 messenger.go:107: Send to Server 3 on tcp://localhost:4304
INFO: 01:44:09.575192 messenger.go:90: Receive from Server 5 on tcp://*:4405
INFO: 01:44:09.575218 messenger.go:107: Send to Server 5 on tcp://localhost:4504
INFO: 01:44:09.576288 messenger.go:90: Receive from Server 6 on tcp://*:4406
INFO: 01:44:09.576349 messenger.go:107: Send to Server 6 on tcp://localhost:4604
INFO: 01:44:09.576390 messenger.go:90: Receive from Server 7 on tcp://*:4407
INFO: 01:44:09.576423 messenger.go:107: Send to Server 7 on tcp://localhost:4704
INFO: 01:44:09.576461 messenger.go:90: Receive from Server 8 on tcp://*:4408
INFO: 01:44:09.576503 messenger.go:107: Send to Server 8 on tcp://localhost:4804
INFO: 01:44:09.576543 messenger.go:90: Receive from Server 9 on tcp://*:4409
INFO: 01:44:09.576586 messenger.go:107: Send to Server 9 on tcp://localhost:4904
INFO: 01:44:09.576595 messenger.go:113: -----------------------------------------
INFO: 01:44:09.576631 messenger.go:135: Requests from Client 0 on tcp://*:7400
INFO: 01:44:09.576680 messenger.go:152: Response to Client 0 on tcp://*:10400
INFO: 01:44:09.576687 messenger.go:155: -----------------------------------------

INFO: 01:44:09.720627 main.go:83: Initial estimate value:  0
INFO: 01:44:09.737051 messenger.go:346: RECEIVED EST from 0
INFO: 01:44:09.737767 messenger.go:346: RECEIVED EST from 3
INFO: 01:44:09.744226 messenger.go:346: RECEIVED EST from 7
INFO: 01:44:09.796194 messenger.go:346: RECEIVED EST from 9
INFO: 01:44:09.799548 messenger.go:346: RECEIVED EST from 1
INFO: 01:44:09.831772 messenger.go:346: RECEIVED EST from 5
INFO: 01:44:09.851975 messenger.go:270: SENT EST to 2
INFO: 01:44:09.852017 messenger.go:270: SENT EST to 9
INFO: 01:44:09.852146 messenger.go:346: RECEIVED EST from 8
INFO: 01:44:09.857911 messenger.go:270: SENT EST to 0
INFO: 01:44:09.865962 messenger.go:346: RECEIVED EST from 7
INFO: 01:44:09.866012 messenger.go:270: SENT EST to 8
INFO: 01:44:09.866030 messenger.go:270: SENT EST to 7
INFO: 01:44:09.867530 messenger.go:346: RECEIVED EST from 6
INFO: 01:44:09.868717 messenger.go:346: RECEIVED EST from 2
INFO: 01:44:09.868779 messenger.go:270: SENT EST to 5
INFO: 01:44:09.868835 messenger.go:270: SENT EST to 1
INFO: 01:44:09.874274 messenger.go:346: RECEIVED EST from 5
INFO: 01:44:09.874408 messenger.go:270: SENT EST to 3
INFO: 01:44:09.882841 messenger.go:270: SENT EST to 1
INFO: 01:44:09.883930 messenger.go:346: RECEIVED EST from 6
INFO: 01:44:09.889651 messenger.go:346: RECEIVED EST from 9
INFO: 01:44:09.893937 messenger.go:270: SENT EST to 3
INFO: 01:44:09.899183 messenger.go:270: SENT EST to 0
INFO: 01:44:09.902519 messenger.go:346: RECEIVED EST from 8
INFO: 01:44:09.903816 messenger.go:346: RECEIVED EST from 7
INFO: 01:44:09.903892 messenger.go:270: SENT EST to 2
INFO: 01:44:09.910462 messenger.go:346: RECEIVED EST from 0
INFO: 01:44:09.915507 messenger.go:270: SENT EST to 2
INFO: 01:44:09.915552 messenger.go:270: SENT EST to 0
INFO: 01:44:09.915711 messenger.go:346: RECEIVED EST from 2
INFO: 01:44:09.919493 messenger.go:270: SENT EST to 6
INFO: 01:44:09.919568 messenger.go:270: SENT EST to 1
INFO: 01:44:09.919703 messenger.go:346: RECEIVED EST from 0
INFO: 01:44:09.929476 messenger.go:270: SENT EST to 6
INFO: 01:44:09.929684 messenger.go:346: RECEIVED EST from 8
INFO: 01:44:09.937861 messenger.go:346: RECEIVED EST from 3
INFO: 01:44:09.946626 messenger.go:346: RECEIVED EST from 9
INFO: 01:44:09.947112 messenger.go:270: SENT EST to 5
INFO: 01:44:09.950514 messenger.go:270: SENT EST to 2
INFO: 01:44:09.950522 messenger.go:270: SENT EST to 3
INFO: 01:44:09.955901 messenger.go:270: SENT EST to 7
INFO: 01:44:09.955921 messenger.go:270: SENT EST to 8
INFO: 01:44:09.950882 messenger.go:346: RECEIVED EST from 1
INFO: 01:44:09.956319 messenger.go:346: RECEIVED EST from 7
INFO: 01:44:09.956574 messenger.go:346: RECEIVED EST from 6
INFO: 01:44:09.967846 messenger.go:346: RECEIVED EST from 9
INFO: 01:44:09.967908 messenger.go:270: SENT EST to 9
INFO: 01:44:09.971613 messenger.go:270: SENT EST to 0
INFO: 01:44:09.973163 messenger.go:346: RECEIVED EST from 8
INFO: 01:44:09.973406 messenger.go:346: RECEIVED EST from 1
INFO: 01:44:09.971834 messenger.go:270: SENT EST to 1
INFO: 01:44:10.006963 messenger.go:270: SENT EST to 1
INFO: 01:44:10.007382 messenger.go:346: RECEIVED EST from 1
INFO: 01:44:10.007582 messenger.go:270: SENT EST to 0
INFO: 01:44:10.007798 messenger.go:346: RECEIVED EST from 5
INFO: 01:44:10.009872 messenger.go:270: SENT EST to 8
INFO: 01:44:10.012908 messenger.go:270: SENT EST to 7
INFO: 01:44:10.019165 messenger.go:270: SENT EST to 9
INFO: 01:44:10.019408 messenger.go:346: RECEIVED EST from 1
INFO: 01:44:10.019487 messenger.go:270: SENT EST to 3
INFO: 01:44:10.024374 messenger.go:270: SENT EST to 5
INFO: 01:44:10.024627 messenger.go:346: RECEIVED EST from 3
INFO: 01:44:10.025344 messenger.go:346: RECEIVED EST from 2
INFO: 01:44:10.025555 messenger.go:346: RECEIVED EST from 7
INFO: 01:44:10.026896 messenger.go:346: RECEIVED EST from 5
INFO: 01:44:10.026325 messenger.go:346: RECEIVED EST from 8
INFO: 01:44:10.026716 messenger.go:346: RECEIVED EST from 9
INFO: 01:44:10.027943 messenger.go:346: RECEIVED EST from 0
INFO: 01:44:10.027954 messenger.go:270: SENT EST to 2
INFO: 01:44:10.025896 messenger.go:346: RECEIVED EST from 3
INFO: 01:44:10.028334 messenger.go:346: RECEIVED EST from 5
INFO: 01:44:10.028530 messenger.go:346: RECEIVED EST from 2
INFO: 01:44:10.028694 messenger.go:346: RECEIVED EST from 6
INFO: 01:44:10.028796 messenger.go:346: RECEIVED EST from 9
INFO: 01:44:10.032791 messenger.go:270: SENT EST to 5
INFO: 01:44:10.032807 messenger.go:270: SENT EST to 6
INFO: 01:44:10.033122 messenger.go:270: SENT EST to 5
INFO: 01:44:10.044048 messenger.go:346: RECEIVED EST from 3
INFO: 01:44:10.050688 messenger.go:346: RECEIVED EST from 0
INFO: 01:44:10.051424 messenger.go:346: RECEIVED EST from 7
INFO: 01:44:10.051579 messenger.go:346: RECEIVED EST from 2
INFO: 01:44:10.052567 messenger.go:346: RECEIVED EST from 7
INFO: 01:44:10.067678 messenger.go:270: SENT EST to 9
INFO: 01:44:10.068065 messenger.go:270: SENT EST to 0
INFO: 01:44:10.057129 messenger.go:346: RECEIVED EST from 6
INFO: 01:44:10.057133 messenger.go:270: SENT EST to 7
INFO: 01:44:10.061944 messenger.go:346: RECEIVED EST from 5
INFO: 01:44:10.067431 messenger.go:270: SENT EST to 8
INFO: 01:44:10.052570 messenger.go:270: SENT EST to 6
INFO: 01:44:10.057019 messenger.go:346: RECEIVED EST from 0
INFO: 01:44:10.069357 messenger.go:270: SENT EST to 6
INFO: 01:44:10.071700 messenger.go:270: SENT EST to 7
INFO: 01:44:10.098159 messenger.go:270: SENT EST to 8
INFO: 01:44:10.098239 messenger.go:270: SENT EST to 9
INFO: 01:44:10.098411 messenger.go:346: RECEIVED EST from 3
INFO: 01:44:10.098606 messenger.go:346: RECEIVED EST from 8
INFO: 01:44:10.098657 messenger.go:270: SENT EST to 2
INFO: 01:44:10.098660 messenger.go:270: SENT EST to 3
INFO: 01:44:10.121760 messenger.go:346: RECEIVED EST from 7
INFO: 01:44:10.122352 messenger.go:346: RECEIVED EST from 9
INFO: 01:44:10.123910 messenger.go:346: RECEIVED EST from 0
INFO: 01:44:10.124028 messenger.go:270: SENT EST to 1
INFO: 01:44:10.124657 messenger.go:346: RECEIVED EST from 6
INFO: 01:44:10.126458 messenger.go:270: SENT EST to 8
INFO: 01:44:10.129149 messenger.go:346: RECEIVED EST from 8
INFO: 01:44:10.129723 messenger.go:270: SENT EST to 7
INFO: 01:44:10.130037 messenger.go:346: RECEIVED EST from 1
INFO: 01:44:10.134578 messenger.go:270: SENT EST to 5
INFO: 01:44:10.138518 messenger.go:270: SENT EST to 3
INFO: 01:44:10.143558 messenger.go:270: SENT EST to 1
INFO: 01:44:10.143937 messenger.go:346: RECEIVED EST from 5
INFO: 01:44:10.145055 messenger.go:270: SENT EST to 9
INFO: 01:44:10.145182 messenger.go:270: SENT EST to 3
INFO: 01:44:10.145339 messenger.go:346: RECEIVED EST from 8
INFO: 01:44:10.147260 messenger.go:346: RECEIVED EST from 9
INFO: 01:44:10.161255 messenger.go:346: RECEIVED EST from 2
INFO: 01:44:10.162576 messenger.go:270: SENT EST to 0
INFO: 01:44:10.162769 messenger.go:346: RECEIVED EST from 8
INFO: 01:44:10.162830 messenger.go:270: SENT EST to 5
INFO: 01:44:10.163807 messenger.go:270: SENT EST to 2
INFO: 01:44:10.164862 messenger.go:346: RECEIVED EST from 2
INFO: 01:44:10.185241 messenger.go:270: SENT EST to 1
INFO: 01:44:10.185295 messenger.go:270: SENT EST to 6
INFO: 01:44:10.187566 messenger.go:346: RECEIVED EST from 6
INFO: 01:44:10.224716 messenger.go:346: RECEIVED EST from 9
INFO: 01:44:10.224729 messenger.go:270: SENT EST to 3
INFO: 01:44:10.225159 messenger.go:346: RECEIVED EST from 3
INFO: 01:44:10.225243 messenger.go:270: SENT EST to 6
INFO: 01:44:10.225731 messenger.go:270: SENT EST to 2
INFO: 01:44:10.225879 messenger.go:346: RECEIVED EST from 0
INFO: 01:44:10.226052 messenger.go:346: RECEIVED EST from 1
INFO: 01:44:10.226517 messenger.go:346: RECEIVED EST from 7
INFO: 01:44:10.226567 messenger.go:270: SENT EST to 6
INFO: 01:44:10.228561 messenger.go:346: RECEIVED EST from 3
INFO: 01:44:10.228715 messenger.go:346: RECEIVED EST from 8
INFO: 01:44:10.229269 messenger.go:346: RECEIVED EST from 5
INFO: 01:44:10.229324 messenger.go:270: SENT EST to 0
INFO: 01:44:10.229761 messenger.go:346: RECEIVED EST from 3
INFO: 01:44:10.230790 messenger.go:346: RECEIVED EST from 6
INFO: 01:44:10.230917 messenger.go:270: SENT EST to 3
INFO: 01:44:10.231886 messenger.go:270: SENT EST to 2
INFO: 01:44:10.232089 messenger.go:346: RECEIVED EST from 6
INFO: 01:44:10.232657 messenger.go:270: SENT EST to 9
INFO: 01:44:10.234797 messenger.go:270: SENT EST to 1
INFO: 01:44:10.234854 messenger.go:346: RECEIVED EST from 1
INFO: 01:44:10.243732 messenger.go:346: RECEIVED EST from 9
INFO: 01:44:10.243813 messenger.go:270: SENT EST to 8
INFO: 01:44:10.244595 messenger.go:346: RECEIVED EST from 2
INFO: 01:44:10.256852 messenger.go:270: SENT EST to 5
INFO: 01:44:10.261336 messenger.go:346: RECEIVED EST from 8
INFO: 01:44:10.261854 messenger.go:346: RECEIVED EST from 1
INFO: 01:44:10.263602 messenger.go:270: SENT EST to 0
INFO: 01:44:10.264630 messenger.go:346: RECEIVED EST from 5
INFO: 01:44:10.265080 messenger.go:346: RECEIVED EST from 0
INFO: 01:44:10.265531 messenger.go:346: RECEIVED EST from 7
INFO: 01:44:10.265668 messenger.go:270: SENT EST to 7
INFO: 01:44:10.295618 messenger.go:270: SENT EST to 5
INFO: 01:44:10.295895 messenger.go:270: SENT EST to 6
INFO: 01:44:10.295992 messenger.go:270: SENT EST to 0
INFO: 01:44:10.296129 messenger.go:346: RECEIVED EST from 8
INFO: 01:44:10.296258 messenger.go:270: SENT EST to 9
INFO: 01:44:10.296322 messenger.go:270: SENT EST to 1
INFO: 01:44:10.296392 messenger.go:346: RECEIVED EST from 5
INFO: 01:44:10.296512 messenger.go:346: RECEIVED EST from 2
INFO: 01:44:10.296748 messenger.go:346: RECEIVED EST from 9
INFO: 01:44:10.297137 messenger.go:346: RECEIVED EST from 8
INFO: 01:44:10.297308 messenger.go:346: RECEIVED EST from 3
INFO: 01:44:10.297490 messenger.go:346: RECEIVED EST from 6
INFO: 01:44:10.305251 messenger.go:270: SENT EST to 8
INFO: 01:44:10.305476 messenger.go:346: RECEIVED EST from 0
INFO: 01:44:10.308081 messenger.go:270: SENT EST to 2
INFO: 01:44:10.308665 messenger.go:346: RECEIVED EST from 2
INFO: 01:44:10.310922 messenger.go:346: RECEIVED EST from 7
INFO: 01:44:10.311842 messenger.go:270: SENT EST to 7
INFO: 01:44:10.315886 messenger.go:346: RECEIVED EST from 1
INFO: 01:44:10.318074 messenger.go:270: SENT EST to 5
INFO: 01:44:10.318608 messenger.go:270: SENT EST to 2
INFO: 01:44:10.319385 messenger.go:346: RECEIVED EST from 0
INFO: 01:44:10.319474 messenger.go:270: SENT EST to 7
INFO: 01:44:10.320033 messenger.go:270: SENT EST to 9
INFO: 01:44:10.320202 messenger.go:346: RECEIVED EST from 1
INFO: 01:44:10.320398 messenger.go:270: SENT EST to 0
INFO: 01:44:10.320802 messenger.go:270: SENT EST to 1
INFO: 01:44:10.321271 messenger.go:270: SENT EST to 7
INFO: 01:44:10.343021 messenger.go:270: SENT EST to 3
INFO: 01:44:10.344682 messenger.go:346: RECEIVED EST from 3
INFO: 01:44:10.344753 messenger.go:270: SENT EST to 8
INFO: 01:44:10.345932 messenger.go:346: RECEIVED EST from 8
INFO: 01:44:10.346188 messenger.go:346: RECEIVED EST from 9
INFO: 01:44:10.347221 messenger.go:346: RECEIVED EST from 5
INFO: 01:44:10.372981 messenger.go:346: RECEIVED EST from 7
INFO: 01:44:10.373484 messenger.go:270: SENT EST to 5
INFO: 01:44:10.373633 messenger.go:346: RECEIVED EST from 5
INFO: 01:44:10.374038 messenger.go:346: RECEIVED EST from 0
INFO: 01:44:10.374204 messenger.go:346: RECEIVED EST from 2
INFO: 01:44:10.378183 messenger.go:346: RECEIVED EST from 3
INFO: 01:44:10.402688 messenger.go:270: SENT EST to 3
INFO: 01:44:10.433328 messenger.go:270: SENT EST to 9
INFO: 01:44:10.433415 messenger.go:270: SENT EST to 1
INFO: 01:44:10.433652 messenger.go:346: RECEIVED EST from 9
INFO: 01:44:10.434273 messenger.go:346: RECEIVED EST from 1
INFO: 01:44:10.434281 messenger.go:346: RECEIVED EST from 5
INFO: 01:44:10.434284 messenger.go:270: SENT EST to 2
INFO: 01:44:10.434286 messenger.go:270: SENT EST to 8
INFO: 01:44:10.434658 messenger.go:270: SENT EST to 6
INFO: 01:44:10.434772 messenger.go:270: SENT EST to 5
INFO: 01:44:10.434681 messenger.go:270: SENT EST to 0
INFO: 01:44:10.437094 messenger.go:346: RECEIVED EST from 6
INFO: 01:44:10.438599 messenger.go:346: RECEIVED EST from 8
INFO: 01:44:10.439144 messenger.go:346: RECEIVED EST from 5
INFO: 01:44:10.441162 messenger.go:346: RECEIVED EST from 7
INFO: 01:44:10.442869 messenger.go:346: RECEIVED EST from 0
INFO: 01:44:10.453349 messenger.go:270: SENT EST to 0
INFO: 01:44:10.453534 messenger.go:270: SENT EST to 2
INFO: 01:44:10.453567 messenger.go:346: RECEIVED EST from 2
INFO: 01:44:10.454118 messenger.go:346: RECEIVED EST from 3
INFO: 01:44:10.455354 messenger.go:346: RECEIVED EST from 9
INFO: 01:44:10.455749 messenger.go:270: SENT EST to 1
INFO: 01:44:10.455872 messenger.go:346: RECEIVED EST from 1
INFO: 01:44:10.456088 messenger.go:346: RECEIVED EST from 7
INFO: 01:44:10.456613 messenger.go:270: SENT EST to 7
INFO: 01:44:10.456812 messenger.go:346: RECEIVED EST from 7
INFO: 01:44:10.458320 messenger.go:346: RECEIVED EST from 9
INFO: 01:44:10.458680 messenger.go:270: SENT EST to 9
INFO: 01:44:10.460816 messenger.go:270: SENT EST to 3
INFO: 01:44:10.461670 messenger.go:346: RECEIVED EST from 0
INFO: 01:44:10.461828 messenger.go:346: RECEIVED EST from 9
INFO: 01:44:10.465379 messenger.go:270: SENT EST to 5
INFO: 01:44:10.481223 messenger.go:346: RECEIVED EST from 3
INFO: 01:44:10.481651 messenger.go:346: RECEIVED EST from 1
INFO: 01:44:10.481810 messenger.go:346: RECEIVED EST from 6
INFO: 01:44:10.482086 messenger.go:270: SENT EST to 6
INFO: 01:44:10.482279 messenger.go:270: SENT EST to 3
INFO: 01:44:10.498533 messenger.go:346: RECEIVED EST from 6
INFO: 01:44:10.498862 messenger.go:346: RECEIVED EST from 1
INFO: 01:44:10.504916 messenger.go:346: RECEIVED EST from 5
INFO: 01:44:10.511043 messenger.go:346: RECEIVED EST from 5
INFO: 01:44:10.511193 messenger.go:270: SENT EST to 7
INFO: 01:44:10.511241 messenger.go:270: SENT EST to 6
INFO: 01:44:10.512376 messenger.go:346: RECEIVED EST from 6
INFO: 01:44:10.520318 messenger.go:346: RECEIVED EST from 5
INFO: 01:44:10.520900 messenger.go:346: RECEIVED EST from 8
INFO: 01:44:10.525071 messenger.go:270: SENT EST to 8
INFO: 01:44:10.526149 messenger.go:346: RECEIVED EST from 2
INFO: 01:44:10.529634 messenger.go:270: SENT EST to 8
INFO: 01:44:10.536151 messenger.go:270: SENT EST to 8
INFO: 01:44:10.536748 messenger.go:270: SENT EST to 2
INFO: 01:44:10.536917 messenger.go:346: RECEIVED EST from 3
INFO: 01:44:10.572913 messenger.go:270: SENT EST to 0
INFO: 01:44:10.572986 messenger.go:270: SENT EST to 9
INFO: 01:44:10.575155 messenger.go:346: RECEIVED EST from 1
INFO: 01:44:10.578383 messenger.go:346: RECEIVED EST from 5
INFO: 01:44:10.578744 messenger.go:270: SENT EST to 6
INFO: 01:44:10.583656 messenger.go:346: RECEIVED EST from 1
INFO: 01:44:10.584160 messenger.go:346: RECEIVED EST from 7
INFO: 01:44:10.572998 messenger.go:270: SENT EST to 1
INFO: 01:44:10.573218 messenger.go:346: RECEIVED EST from 9
INFO: 01:44:10.573332 messenger.go:270: SENT EST to 5
INFO: 01:44:10.578746 messenger.go:270: SENT EST to 9
INFO: 01:44:10.579680 messenger.go:346: RECEIVED EST from 9
INFO: 01:44:10.579813 messenger.go:346: RECEIVED EST from 0
INFO: 01:44:10.586482 messenger.go:346: RECEIVED EST from 0
INFO: 01:44:10.573068 messenger.go:270: SENT EST to 7
INFO: 01:44:10.589164 messenger.go:346: RECEIVED EST from 6
INFO: 01:44:10.589596 messenger.go:346: RECEIVED EST from 2
INFO: 01:44:10.589926 messenger.go:346: RECEIVED EST from 8
INFO: 01:44:10.594888 messenger.go:270: SENT EST to 3
INFO: 01:44:10.595332 messenger.go:270: SENT EST to 9
INFO: 01:44:10.595482 messenger.go:346: RECEIVED EST from 3
INFO: 01:44:10.596867 messenger.go:270: SENT EST to 1
INFO: 01:44:10.603624 messenger.go:270: SENT EST to 8
INFO: 01:44:10.604001 messenger.go:346: RECEIVED EST from 3
INFO: 01:44:10.604215 messenger.go:270: SENT EST to 3
INFO: 01:44:10.605208 messenger.go:270: SENT EST to 2
INFO: 01:44:10.605672 messenger.go:346: RECEIVED EST from 2
INFO: 01:44:10.607020 messenger.go:346: RECEIVED EST from 2
INFO: 01:44:10.607210 messenger.go:346: RECEIVED EST from 9
INFO: 01:44:10.612329 messenger.go:270: SENT EST to 0
INFO: 01:44:10.612549 messenger.go:346: RECEIVED EST from 9
INFO: 01:44:10.613584 messenger.go:346: RECEIVED EST from 5
INFO: 01:44:10.615545 messenger.go:346: RECEIVED EST from 1
INFO: 01:44:10.616302 messenger.go:270: SENT EST to 1
INFO: 01:44:10.616477 messenger.go:270: SENT EST to 3
INFO: 01:44:10.619080 messenger.go:270: SENT EST to 2
INFO: 01:44:10.620146 messenger.go:346: RECEIVED EST from 0
INFO: 01:44:10.620357 messenger.go:270: SENT EST to 0
INFO: 01:44:10.620972 messenger.go:270: SENT EST to 5
INFO: 01:44:10.621304 messenger.go:346: RECEIVED EST from 7
INFO: 01:44:10.621818 messenger.go:270: SENT EST to 7
INFO: 01:44:10.625738 messenger.go:346: RECEIVED EST from 1
INFO: 01:44:10.631192 messenger.go:270: SENT EST to 5
INFO: 01:44:10.631840 messenger.go:346: RECEIVED EST from 5
INFO: 01:44:10.634058 messenger.go:346: RECEIVED EST from 0
INFO: 01:44:10.639110 messenger.go:346: RECEIVED EST from 7
INFO: 01:44:10.642840 messenger.go:346: RECEIVED EST from 7
INFO: 01:44:10.654140 messenger.go:346: RECEIVED EST from 8
INFO: 01:44:10.654715 messenger.go:270: SENT EST to 6
INFO: 01:44:10.667551 messenger.go:346: RECEIVED EST from 9
INFO: 01:44:10.667785 messenger.go:346: RECEIVED EST from 2
INFO: 01:44:10.668240 messenger.go:346: RECEIVED EST from 3
INFO: 01:44:10.668647 messenger.go:346: RECEIVED EST from 8
INFO: 01:44:10.668837 messenger.go:346: RECEIVED EST from 7
INFO: 01:44:10.669142 messenger.go:346: RECEIVED EST from 6
INFO: 01:44:10.670065 messenger.go:346: RECEIVED EST from 1
INFO: 01:44:10.670524 messenger.go:346: RECEIVED EST from 0
INFO: 01:44:10.670993 messenger.go:270: SENT EST to 8
INFO: 01:44:10.671153 messenger.go:270: SENT EST to 1
INFO: 01:44:10.671463 messenger.go:270: SENT EST to 0
INFO: 01:44:10.673206 messenger.go:270: SENT EST to 3
INFO: 01:44:10.673787 messenger.go:270: SENT EST to 2
INFO: 01:44:10.673953 messenger.go:270: SENT EST to 9
INFO: 01:44:10.685421 messenger.go:346: RECEIVED EST from 5
INFO: 01:44:10.689199 messenger.go:270: SENT EST to 6
INFO: 01:44:10.689697 messenger.go:270: SENT EST to 7
INFO: 01:44:10.689898 messenger.go:346: RECEIVED EST from 6
INFO: 01:44:10.690313 messenger.go:346: RECEIVED EST from 8
INFO: 01:44:10.692718 messenger.go:346: RECEIVED EST from 1
INFO: 01:44:10.692883 messenger.go:346: RECEIVED EST from 2
INFO: 01:44:10.693023 messenger.go:346: RECEIVED EST from 9
INFO: 01:44:10.693140 messenger.go:346: RECEIVED EST from 7
INFO: 01:44:10.693917 messenger.go:346: RECEIVED EST from 3
INFO: 01:44:10.703102 messenger.go:270: SENT EST to 3
INFO: 01:44:10.703378 messenger.go:270: SENT EST to 1
INFO: 01:44:10.703528 messenger.go:346: RECEIVED EST from 0
INFO: 01:44:10.703920 messenger.go:270: SENT EST to 0
INFO: 01:44:10.704862 messenger.go:270: SENT EST to 8
INFO: 01:44:10.706774 messenger.go:270: SENT EST to 2
INFO: 01:44:10.706964 messenger.go:346: RECEIVED EST from 2
INFO: 01:44:10.707113 messenger.go:346: RECEIVED EST from 9
INFO: 01:44:10.708876 messenger.go:270: SENT EST to 9
INFO: 01:44:10.715379 messenger.go:270: SENT EST to 6
INFO: 01:44:10.718487 messenger.go:346: RECEIVED EST from 1
INFO: 01:44:10.718669 messenger.go:346: RECEIVED EST from 6
INFO: 01:44:10.719210 messenger.go:270: SENT EST to 5
INFO: 01:44:10.722031 messenger.go:346: RECEIVED EST from 8
INFO: 01:44:10.723249 messenger.go:346: RECEIVED EST from 3
INFO: 01:44:10.723455 messenger.go:346: RECEIVED EST from 9
INFO: 01:44:10.723723 messenger.go:346: RECEIVED EST from 0
INFO: 01:44:10.724312 messenger.go:270: SENT EST to 7
INFO: 01:44:10.728815 messenger.go:270: SENT EST to 6
INFO: 01:44:10.729560 messenger.go:270: SENT EST to 7
INFO: 01:44:10.730603 messenger.go:270: SENT EST to 6
INFO: 01:44:10.730630 messenger.go:270: SENT EST to 7
INFO: 01:44:10.725470 messenger.go:346: RECEIVED EST from 5
INFO: 01:44:10.743631 messenger.go:346: RECEIVED EST from 6
INFO: 01:44:10.746675 messenger.go:270: SENT EST to 5
INFO: 01:44:10.747770 messenger.go:346: RECEIVED EST from 1
INFO: 01:44:10.748957 messenger.go:346: RECEIVED EST from 7
INFO: 01:44:10.750701 messenger.go:270: SENT EST to 8
INFO: 01:44:10.751237 messenger.go:270: SENT EST to 6
INFO: 01:44:10.751787 messenger.go:270: SENT EST to 8
INFO: 01:44:10.754438 messenger.go:270: SENT EST to 8
INFO: 01:44:10.770261 messenger.go:270: SENT EST to 2
INFO: 01:44:10.770486 messenger.go:346: RECEIVED EST from 1
INFO: 01:44:10.770705 messenger.go:270: SENT EST to 3
INFO: 01:44:10.771307 messenger.go:346: RECEIVED EST from 2
INFO: 01:44:10.771436 messenger.go:270: SENT EST to 9
INFO: 01:44:10.774943 messenger.go:346: RECEIVED EST from 3
INFO: 01:44:10.775003 messenger.go:270: SENT EST to 1
INFO: 01:44:10.780241 messenger.go:270: SENT EST to 0
INFO: 01:44:10.781517 messenger.go:346: RECEIVED EST from 8
INFO: 01:44:10.782551 messenger.go:270: SENT EST to 0
INFO: 01:44:10.782722 messenger.go:346: RECEIVED EST from 0
INFO: 01:44:10.782785 messenger.go:270: SENT EST to 1
INFO: 01:44:10.783444 messenger.go:270: SENT EST to 3
INFO: 01:44:10.785008 messenger.go:346: RECEIVED EST from 6
INFO: 01:44:10.785679 messenger.go:270: SENT EST to 7
INFO: 01:44:10.785934 messenger.go:270: SENT EST to 5
INFO: 01:44:10.789407 messenger.go:270: SENT EST to 6
INFO: 01:44:10.789433 messenger.go:270: SENT EST to 8
INFO: 01:44:10.799963 messenger.go:270: SENT EST to 2
INFO: 01:44:10.800698 messenger.go:346: RECEIVED EST from 1
INFO: 01:44:10.801272 messenger.go:346: RECEIVED EST from 3
INFO: 01:44:10.803173 messenger.go:270: SENT EST to 7
INFO: 01:44:10.807627 messenger.go:270: SENT EST to 9
INFO: 01:44:10.809185 messenger.go:346: RECEIVED EST from 2
INFO: 01:44:10.809360 messenger.go:346: RECEIVED EST from 9
INFO: 01:44:10.811984 messenger.go:270: SENT EST to 5
INFO: 01:44:10.815208 messenger.go:346: RECEIVED EST from 5
INFO: 01:44:10.817383 messenger.go:346: RECEIVED EST from 8
INFO: 01:44:10.817443 messenger.go:270: SENT EST to 8
INFO: 01:44:10.818453 messenger.go:270: SENT EST to 7
INFO: 01:44:10.819567 messenger.go:346: RECEIVED EST from 7
INFO: 01:44:10.819696 messenger.go:270: SENT EST to 6
INFO: 01:44:10.821999 messenger.go:346: RECEIVED EST from 6
INFO: 01:44:10.822531 messenger.go:270: SENT EST to 5
INFO: 01:44:10.824145 messenger.go:270: SENT EST to 1
INFO: 01:44:10.824361 messenger.go:346: RECEIVED EST from 1
INFO: 01:44:10.825547 messenger.go:346: RECEIVED EST from 0
INFO: 01:44:10.831870 messenger.go:270: SENT EST to 0
INFO: 01:44:10.844671 messenger.go:270: SENT EST to 3
INFO: 01:44:10.844718 messenger.go:270: SENT EST to 9
INFO: 01:44:10.845008 messenger.go:346: RECEIVED EST from 9
INFO: 01:44:10.845071 messenger.go:270: SENT EST to 2
INFO: 01:44:10.845491 messenger.go:346: RECEIVED EST from 3
INFO: 01:44:10.846254 messenger.go:346: RECEIVED EST from 0
INFO: 01:44:10.895971 messenger.go:270: SENT EST to 9
INFO: 01:44:10.897682 messenger.go:270: SENT EST to 3
INFO: 01:44:10.897825 messenger.go:346: RECEIVED EST from 0
INFO: 01:44:10.898307 messenger.go:270: SENT EST to 1
INFO: 01:44:10.904520 messenger.go:270: SENT EST to 2
INFO: 01:44:10.904702 messenger.go:346: RECEIVED EST from 5
INFO: 01:44:10.905499 messenger.go:346: RECEIVED EST from 3
INFO: 01:44:10.907383 messenger.go:346: RECEIVED EST from 2
INFO: 01:44:10.907575 messenger.go:346: RECEIVED EST from 9
INFO: 01:44:10.908126 messenger.go:346: RECEIVED EST from 6
INFO: 01:44:10.908397 messenger.go:346: RECEIVED EST from 3
INFO: 01:44:10.914959 messenger.go:346: RECEIVED EST from 1
INFO: 01:44:10.927507 messenger.go:346: RECEIVED EST from 8
INFO: 01:44:10.927643 messenger.go:270: SENT EST to 0
INFO: 01:44:10.929780 messenger.go:346: RECEIVED EST from 0
INFO: 01:44:10.930592 messenger.go:270: SENT EST to 3
INFO: 01:44:10.930959 messenger.go:270: SENT EST to 6
INFO: 01:44:10.931488 messenger.go:346: RECEIVED EST from 1
INFO: 01:44:10.934231 messenger.go:346: RECEIVED EST from 6
INFO: 01:44:10.938663 messenger.go:270: SENT EST to 8
INFO: 01:44:10.938726 messenger.go:270: SENT EST to 1
INFO: 01:44:10.938748 messenger.go:270: SENT EST to 2
INFO: 01:44:10.938765 messenger.go:270: SENT EST to 0
INFO: 01:44:10.963984 messenger.go:346: RECEIVED EST from 6
INFO: 01:44:10.964611 messenger.go:346: RECEIVED EST from 1
INFO: 01:44:10.973687 messenger.go:346: RECEIVED EST from 6
INFO: 01:44:10.976429 messenger.go:346: RECEIVED EST from 7
INFO: 01:44:10.979631 messenger.go:346: RECEIVED EST from 1
INFO: 01:44:10.998151 messenger.go:270: SENT EST to 9
INFO: 01:44:11.002963 messenger.go:346: RECEIVED EST from 0
INFO: 01:44:11.003125 messenger.go:346: RECEIVED EST from 8
INFO: 01:44:11.006106 messenger.go:270: SENT EST to 1
INFO: 01:44:11.006139 messenger.go:270: SENT EST to 0
INFO: 01:44:11.008347 messenger.go:346: RECEIVED EST from 5
INFO: 01:44:11.008451 messenger.go:270: SENT EST to 5
INFO: 01:44:11.008706 messenger.go:270: SENT EST to 7
INFO: 01:44:11.015479 messenger.go:270: SENT EST to 9
INFO: 01:44:11.024032 messenger.go:270: SENT EST to 8
INFO: 01:44:11.025024 messenger.go:270: SENT EST to 9
INFO: 01:44:11.025354 messenger.go:270: SENT EST to 1
INFO: 01:44:11.026381 messenger.go:270: SENT EST to 5
INFO: 01:44:11.027178 messenger.go:270: SENT EST to 5
INFO: 01:44:11.027487 messenger.go:270: SENT EST to 0
INFO: 01:44:11.031835 messenger.go:346: RECEIVED EST from 1
INFO: 01:44:11.043015 messenger.go:346: RECEIVED EST from 9
INFO: 01:44:11.047994 messenger.go:270: SENT EST to 7
INFO: 01:44:11.056620 messenger.go:346: RECEIVED EST from 0
INFO: 01:44:11.062099 messenger.go:270: SENT EST to 3
INFO: 01:44:11.062896 messenger.go:346: RECEIVED EST from 3
INFO: 01:44:11.066618 messenger.go:346: RECEIVED EST from 2
INFO: 01:44:11.069677 messenger.go:270: SENT EST to 2
INFO: 01:44:11.071277 messenger.go:270: SENT EST to 2
INFO: 01:44:11.072921 messenger.go:346: RECEIVED EST from 0
INFO: 01:44:11.074213 messenger.go:270: SENT EST to 3
INFO: 01:44:11.075975 messenger.go:346: RECEIVED EST from 9
INFO: 01:44:11.083759 messenger.go:346: RECEIVED EST from 7
INFO: 01:44:11.086161 messenger.go:346: RECEIVED EST from 5
INFO: 01:44:11.087665 messenger.go:270: SENT EST to 5
INFO: 01:44:11.088432 messenger.go:346: RECEIVED EST from 5
INFO: 01:44:11.089747 messenger.go:346: RECEIVED EST from 2
INFO: 01:44:11.091335 messenger.go:346: RECEIVED EST from 2
INFO: 01:44:11.094214 messenger.go:346: RECEIVED EST from 7
INFO: 01:44:11.097777 messenger.go:346: RECEIVED EST from 1
INFO: 01:44:11.098913 messenger.go:346: RECEIVED EST from 7
INFO: 01:44:11.103621 messenger.go:346: RECEIVED EST from 6
INFO: 01:44:11.104103 messenger.go:270: SENT EST to 6
INFO: 01:44:11.110584 messenger.go:346: RECEIVED EST from 2
INFO: 01:44:11.114404 messenger.go:270: SENT EST to 6
INFO: 01:44:11.116452 messenger.go:270: SENT EST to 5
INFO: 01:44:11.119292 messenger.go:270: SENT EST to 6
INFO: 01:44:11.119397 messenger.go:270: SENT EST to 9
INFO: 01:44:11.119801 messenger.go:270: SENT EST to 2
INFO: 01:44:11.120232 messenger.go:270: SENT EST to 6
INFO: 01:44:11.120285 messenger.go:270: SENT EST to 7
INFO: 01:44:11.121000 messenger.go:270: SENT EST to 7
INFO: 01:44:11.121215 messenger.go:270: SENT EST to 1
INFO: 01:44:11.146833 messenger.go:346: RECEIVED EST from 5
INFO: 01:44:11.153658 messenger.go:346: RECEIVED EST from 1
INFO: 01:44:11.154110 messenger.go:346: RECEIVED EST from 3
INFO: 01:44:11.154422 messenger.go:346: RECEIVED EST from 0
INFO: 01:44:11.154526 messenger.go:270: SENT EST to 8
INFO: 01:44:11.154803 messenger.go:346: RECEIVED EST from 7
INFO: 01:44:11.157292 messenger.go:270: SENT EST to 3
INFO: 01:44:11.160150 messenger.go:346: RECEIVED EST from 5
INFO: 01:44:11.160243 messenger.go:346: RECEIVED EST from 8
INFO: 01:44:11.160333 messenger.go:346: RECEIVED EST from 9
INFO: 01:44:11.161290 messenger.go:270: SENT EST to 7
INFO: 01:44:11.161448 messenger.go:270: SENT EST to 0
INFO: 01:44:11.161833 messenger.go:346: RECEIVED EST from 6
INFO: 01:44:11.164982 messenger.go:270: SENT EST to 5
INFO: 01:44:11.166744 messenger.go:270: SENT EST to 1
INFO: 01:44:11.168713 messenger.go:346: RECEIVED EST from 8
INFO: 01:44:11.170310 messenger.go:270: SENT EST to 2
INFO: 01:44:11.172752 messenger.go:346: RECEIVED EST from 2
INFO: 01:44:11.173610 messenger.go:270: SENT EST to 0
INFO: 01:44:11.175890 messenger.go:346: RECEIVED EST from 0
INFO: 01:44:11.176248 messenger.go:346: RECEIVED EST from 5
INFO: 01:44:11.177190 messenger.go:270: SENT EST to 8
INFO: 01:44:11.178033 messenger.go:346: RECEIVED EST from 3
INFO: 01:44:11.178651 messenger.go:346: RECEIVED EST from 1
INFO: 01:44:11.180169 messenger.go:270: SENT EST to 3
INFO: 01:44:11.183066 messenger.go:270: SENT EST to 8
INFO: 01:44:11.184609 messenger.go:346: RECEIVED EST from 8
INFO: 01:44:11.186363 messenger.go:346: RECEIVED EST from 1
INFO: 01:44:11.189286 messenger.go:270: SENT EST to 8
INFO: 01:44:11.190343 messenger.go:270: SENT EST to 9
INFO: 01:44:11.194679 messenger.go:270: SENT EST to 2
INFO: 01:44:11.195658 messenger.go:346: RECEIVED EST from 5
INFO: 01:44:11.195808 messenger.go:270: SENT EST to 3
INFO: 01:44:11.196555 messenger.go:270: SENT EST to 6
INFO: 01:44:11.199180 messenger.go:270: SENT EST to 7
INFO: 01:44:11.201530 messenger.go:270: SENT EST to 6
INFO: 01:44:11.202023 messenger.go:346: RECEIVED EST from 0
INFO: 01:44:11.202081 messenger.go:270: SENT EST to 1
INFO: 01:44:11.203042 messenger.go:270: SENT EST to 5
INFO: 01:44:11.204629 messenger.go:346: RECEIVED EST from 2
INFO: 01:44:11.205161 messenger.go:346: RECEIVED EST from 1
INFO: 01:44:11.206055 messenger.go:270: SENT EST to 7
INFO: 01:44:11.211522 messenger.go:346: RECEIVED EST from 7
INFO: 01:44:11.213019 messenger.go:346: RECEIVED EST from 3
INFO: 01:44:11.214405 messenger.go:270: SENT EST to 0
INFO: 01:44:11.214644 messenger.go:346: RECEIVED EST from 9
INFO: 01:44:11.216729 messenger.go:270: SENT EST to 9
INFO: 01:44:11.218903 messenger.go:270: SENT EST to 9
INFO: 01:44:11.222108 messenger.go:346: RECEIVED EST from 9
INFO: 01:44:11.222223 messenger.go:346: RECEIVED EST from 6
INFO: 01:44:11.223018 messenger.go:270: SENT EST to 2
INFO: 01:44:11.223585 messenger.go:270: SENT EST to 1
INFO: 01:44:11.224053 messenger.go:270: SENT EST to 3
INFO: 01:44:11.224137 messenger.go:270: SENT EST to 5
INFO: 01:44:11.226324 messenger.go:270: SENT EST to 9
INFO: 01:44:11.227583 messenger.go:270: SENT EST to 8
INFO: 01:44:11.232869 messenger.go:270: SENT EST to 7
INFO: 01:44:11.234803 messenger.go:346: RECEIVED EST from 1
INFO: 01:44:11.235252 messenger.go:346: RECEIVED EST from 7
INFO: 01:44:11.235727 messenger.go:346: RECEIVED EST from 2
INFO: 01:44:11.237675 messenger.go:346: RECEIVED EST from 5
INFO: 01:44:11.240905 messenger.go:346: RECEIVED EST from 9
INFO: 01:44:11.242193 messenger.go:270: SENT EST to 6
INFO: 01:44:11.242431 messenger.go:346: RECEIVED EST from 6
INFO: 01:44:11.243512 messenger.go:270: SENT EST to 0
INFO: 01:44:11.245929 messenger.go:270: SENT EST to 9
INFO: 01:44:11.248965 messenger.go:346: RECEIVED EST from 6
INFO: 01:44:11.249025 messenger.go:270: SENT EST to 8
INFO: 01:44:11.249258 messenger.go:270: SENT EST to 7
INFO: 01:44:11.250137 messenger.go:270: SENT EST to 2
INFO: 01:44:11.250166 messenger.go:270: SENT EST to 1
INFO: 01:44:11.253787 messenger.go:346: RECEIVED EST from 3
INFO: 01:44:11.254131 messenger.go:346: RECEIVED EST from 8
INFO: 01:44:11.256741 messenger.go:270: SENT EST to 6
INFO: 01:44:11.256830 messenger.go:270: SENT EST to 9
INFO: 01:44:11.257943 messenger.go:270: SENT EST to 5
INFO: 01:44:11.259697 messenger.go:270: SENT EST to 8
INFO: 01:44:11.268269 messenger.go:270: SENT EST to 0
INFO: 01:44:11.268987 messenger.go:346: RECEIVED EST from 0
INFO: 01:44:11.271204 messenger.go:346: RECEIVED EST from 1
INFO: 01:44:11.273400 messenger.go:270: SENT EST to 1
INFO: 01:44:11.273419 messenger.go:270: SENT EST to 0
INFO: 01:44:11.274124 messenger.go:346: RECEIVED EST from 2
INFO: 01:44:11.277921 messenger.go:270: SENT EST to 3
INFO: 01:44:11.278093 messenger.go:270: SENT EST to 2
INFO: 01:44:11.283632 messenger.go:270: SENT EST to 0
INFO: 01:44:11.283767 messenger.go:346: RECEIVED EST from 5
INFO: 01:44:11.283803 messenger.go:270: SENT EST to 1
INFO: 01:44:11.283829 messenger.go:270: SENT EST to 2
INFO: 01:44:11.284253 messenger.go:346: RECEIVED EST from 0
INFO: 01:44:11.288559 messenger.go:346: RECEIVED EST from 8
INFO: 01:44:11.294115 messenger.go:346: RECEIVED EST from 7
INFO: 01:44:11.298020 messenger.go:270: SENT EST to 7
INFO: 01:44:11.298218 messenger.go:270: SENT EST to 3
INFO: 01:44:11.299390 messenger.go:270: SENT EST to 6
INFO: 01:44:11.302243 messenger.go:346: RECEIVED EST from 9
INFO: 01:44:11.311062 messenger.go:270: SENT EST to 3
INFO: 01:44:11.311525 messenger.go:346: RECEIVED EST from 3
INFO: 01:44:11.311964 messenger.go:346: RECEIVED EST from 6
INFO: 01:44:11.312046 messenger.go:270: SENT EST to 2
INFO: 01:44:11.312745 messenger.go:270: SENT EST to 5
INFO: 01:44:11.314778 messenger.go:346: RECEIVED EST from 2
INFO: 01:44:11.314896 messenger.go:270: SENT EST to 9
INFO: 01:44:11.315902 messenger.go:346: RECEIVED EST from 0
INFO: 01:44:11.315985 messenger.go:270: SENT EST to 1
INFO: 01:44:11.330545 messenger.go:346: RECEIVED EST from 1
INFO: 01:44:11.332310 messenger.go:270: SENT EST to 3
INFO: 01:44:11.332460 messenger.go:346: RECEIVED EST from 5
INFO: 01:44:11.332684 messenger.go:270: SENT EST to 8
INFO: 01:44:11.332854 messenger.go:346: RECEIVED EST from 9
INFO: 01:44:11.332999 messenger.go:346: RECEIVED EST from 3
INFO: 01:44:11.375119 messenger.go:346: RECEIVED EST from 6
INFO: 01:44:11.376134 messenger.go:346: RECEIVED EST from 7
INFO: 01:44:11.387172 messenger.go:346: RECEIVED EST from 8
INFO: 01:44:11.387326 messenger.go:270: SENT EST to 0
INFO: 01:44:11.402764 messenger.go:346: RECEIVED EST from 2
INFO: 01:44:11.402952 messenger.go:270: SENT EST to 6
INFO: 01:44:11.403001 messenger.go:270: SENT EST to 7
INFO: 01:44:11.403324 messenger.go:346: RECEIVED EST from 6
INFO: 01:44:11.411089 messenger.go:346: RECEIVED EST from 3
INFO: 01:44:11.428771 messenger.go:270: SENT EST to 8
INFO: 01:44:11.428939 messenger.go:346: RECEIVED EST from 0
INFO: 01:44:11.429422 messenger.go:270: SENT EST to 3
INFO: 01:44:11.430454 messenger.go:270: SENT EST to 2
INFO: 01:44:11.430865 messenger.go:270: SENT EST to 9
INFO: 01:44:11.431102 messenger.go:346: RECEIVED EST from 1
INFO: 01:44:11.431867 messenger.go:270: SENT EST to 5
INFO: 01:44:11.431932 messenger.go:346: RECEIVED EST from 8
INFO: 01:44:11.432367 messenger.go:346: RECEIVED EST from 7
INFO: 01:44:11.434658 messenger.go:346: RECEIVED EST from 5
INFO: 01:44:11.435004 messenger.go:270: SENT EST to 7
INFO: 01:44:11.435462 messenger.go:270: SENT EST to 0
INFO: 01:44:11.446167 messenger.go:270: SENT EST to 6
INFO: 01:44:11.446852 messenger.go:346: RECEIVED EST from 9
INFO: 01:44:11.446933 messenger.go:270: SENT EST to 9
INFO: 01:44:11.454295 messenger.go:270: SENT EST to 0
INFO: 01:44:11.454624 messenger.go:346: RECEIVED EST from 7
INFO: 01:44:11.457265 messenger.go:270: SENT EST to 1
INFO: 01:44:11.460642 messenger.go:346: RECEIVED EST from 0
INFO: 01:44:11.462740 messenger.go:346: RECEIVED EST from 2
INFO: 01:44:11.464130 messenger.go:346: RECEIVED EST from 6
INFO: 01:44:11.464293 messenger.go:346: RECEIVED EST from 8
INFO: 01:44:11.469267 messenger.go:270: SENT EST to 5
INFO: 01:44:11.471457 messenger.go:270: SENT EST to 1
INFO: 01:44:11.472225 messenger.go:270: SENT EST to 8
INFO: 01:44:11.472319 messenger.go:270: SENT EST to 7
INFO: 01:44:11.472466 messenger.go:346: RECEIVED EST from 1
INFO: 01:44:11.476483 messenger.go:270: SENT EST to 0
INFO: 01:44:11.476491 messenger.go:346: RECEIVED EST from 7
INFO: 01:44:11.480388 messenger.go:270: SENT EST to 6
INFO: 01:44:11.480546 messenger.go:346: RECEIVED EST from 5
INFO: 01:44:11.481647 messenger.go:270: SENT EST to 3
INFO: 01:44:11.482627 messenger.go:346: RECEIVED EST from 3
INFO: 01:44:11.489004 messenger.go:270: SENT EST to 8
INFO: 01:44:11.489708 messenger.go:270: SENT EST to 1
INFO: 01:44:11.493208 messenger.go:270: SENT EST to 9
INFO: 01:44:11.497017 messenger.go:346: RECEIVED EST from 1
INFO: 01:44:11.499969 messenger.go:270: SENT EST to 2
INFO: 01:44:11.500774 messenger.go:346: RECEIVED EST from 0
INFO: 01:44:11.501170 messenger.go:346: RECEIVED EST from 8
INFO: 01:44:11.516530 messenger.go:270: SENT EST to 3
INFO: 01:44:11.522713 messenger.go:346: RECEIVED EST from 6
INFO: 01:44:11.536255 messenger.go:270: SENT EST to 5
INFO: 01:44:11.544267 messenger.go:270: SENT EST to 5
INFO: 01:44:11.550465 messenger.go:270: SENT EST to 5
INFO: 01:44:11.556359 messenger.go:346: RECEIVED EST from 9
INFO: 01:44:11.560609 messenger.go:346: RECEIVED EST from 5
INFO: 01:44:11.561675 messenger.go:270: SENT EST to 1
INFO: 01:44:11.561996 messenger.go:346: RECEIVED EST from 2
INFO: 01:44:11.569577 messenger.go:346: RECEIVED EST from 3
INFO: 01:44:11.569872 messenger.go:270: SENT EST to 2
INFO: 01:44:11.574433 messenger.go:346: RECEIVED EST from 7
INFO: 01:44:11.574189 messenger.go:270: SENT EST to 0
INFO: 01:44:11.574689 messenger.go:270: SENT EST to 8
INFO: 01:44:11.575213 messenger.go:270: SENT EST to 7
INFO: 01:44:11.575460 messenger.go:346: RECEIVED EST from 8
INFO: 01:44:11.579558 messenger.go:270: SENT EST to 3
INFO: 01:44:11.588530 messenger.go:346: RECEIVED EST from 0
INFO: 01:44:11.600057 messenger.go:346: RECEIVED EST from 1
INFO: 01:44:11.605621 messenger.go:346: RECEIVED EST from 0
INFO: 01:44:11.619512 messenger.go:346: RECEIVED EST from 3
INFO: 01:44:11.623579 messenger.go:270: SENT EST to 6
INFO: 01:44:11.644352 messenger.go:346: RECEIVED EST from 6
INFO: 01:44:11.685701 messenger.go:270: SENT EST to 5
INFO: 01:44:11.685795 messenger.go:270: SENT EST to 2
INFO: 01:44:11.687026 messenger.go:346: RECEIVED EST from 0
INFO: 01:44:11.687647 messenger.go:346: RECEIVED EST from 7
INFO: 01:44:11.687728 messenger.go:270: SENT EST to 6
INFO: 01:44:11.687766 messenger.go:346: RECEIVED EST from 2
INFO: 01:44:11.693105 messenger.go:346: RECEIVED EST from 9
INFO: 01:44:11.693337 messenger.go:270: SENT EST to 9
INFO: 01:44:11.694045 messenger.go:346: RECEIVED EST from 8
INFO: 01:44:11.693601 messenger.go:346: RECEIVED EST from 6
INFO: 01:44:11.697014 messenger.go:270: SENT EST to 1
INFO: 01:44:11.697093 messenger.go:270: SENT EST to 8
INFO: 01:44:11.697611 messenger.go:270: SENT EST to 0
INFO: 01:44:11.700961 messenger.go:270: SENT EST to 3
INFO: 01:44:11.709313 messenger.go:346: RECEIVED EST from 1
INFO: 01:44:11.713199 messenger.go:346: RECEIVED EST from 3
INFO: 01:44:11.714831 messenger.go:346: RECEIVED EST from 9
INFO: 01:44:11.720598 messenger.go:346: RECEIVED EST from 0
INFO: 01:44:11.720659 messenger.go:270: SENT EST to 9
INFO: 01:44:11.720728 messenger.go:270: SENT EST to 2
INFO: 01:44:11.722228 messenger.go:270: SENT EST to 6
INFO: 01:44:11.723144 messenger.go:346: RECEIVED EST from 2
INFO: 01:44:11.725824 messenger.go:346: RECEIVED EST from 8
INFO: 01:44:11.729964 messenger.go:346: RECEIVED EST from 8
INFO: 01:44:11.730133 messenger.go:346: RECEIVED EST from 2
INFO: 01:44:11.730248 messenger.go:346: RECEIVED EST from 3
INFO: 01:44:11.731782 messenger.go:270: SENT EST to 5
INFO: 01:44:11.733528 messenger.go:346: RECEIVED EST from 6
INFO: 01:44:11.733719 messenger.go:346: RECEIVED EST from 1
INFO: 01:44:11.733771 messenger.go:346: RECEIVED EST from 9
INFO: 01:44:11.736253 messenger.go:346: RECEIVED EST from 5
INFO: 01:44:11.738824 messenger.go:270: SENT EST to 6
INFO: 01:44:11.745788 messenger.go:346: RECEIVED EST from 5
INFO: 01:44:11.746534 messenger.go:346: RECEIVED EST from 5
INFO: 01:44:11.751040 messenger.go:346: RECEIVED EST from 1
INFO: 01:44:11.754627 messenger.go:346: RECEIVED EST from 6
INFO: 01:44:11.766703 messenger.go:346: RECEIVED EST from 9
INFO: 01:44:11.768481 messenger.go:346: RECEIVED EST from 2
INFO: 01:44:11.778008 messenger.go:346: RECEIVED EST from 3
INFO: 01:44:11.815156 messenger.go:270: SENT EST to 7
INFO: 01:44:11.820427 messenger.go:346: RECEIVED EST from 9
INFO: 01:44:11.820634 messenger.go:346: RECEIVED EST from 3
INFO: 01:44:11.820795 messenger.go:346: RECEIVED EST from 6
INFO: 01:44:11.821176 messenger.go:346: RECEIVED EST from 1
INFO: 01:44:11.821705 messenger.go:346: RECEIVED EST from 1
INFO: 01:44:11.821760 messenger.go:270: SENT EST to 9
INFO: 01:44:11.822058 messenger.go:346: RECEIVED EST from 5
INFO: 01:44:11.822204 messenger.go:346: RECEIVED EST from 7
INFO: 01:44:11.822630 messenger.go:346: RECEIVED EST from 8
INFO: 01:44:11.824615 messenger.go:346: RECEIVED EST from 0
INFO: 01:44:11.824952 messenger.go:270: SENT EST to 5
INFO: 01:44:11.825419 messenger.go:346: RECEIVED EST from 3
INFO: 01:44:11.825480 messenger.go:270: SENT EST to 3
INFO: 01:44:11.826933 messenger.go:270: SENT EST to 1
INFO: 01:44:11.827768 messenger.go:346: RECEIVED EST from 2
INFO: 01:44:11.841282 messenger.go:270: SENT EST to 7
INFO: 01:44:11.841582 messenger.go:346: RECEIVED EST from 7
INFO: 01:44:11.841671 messenger.go:270: SENT EST to 0
INFO: 01:44:11.841673 messenger.go:270: SENT EST to 2
INFO: 01:44:11.841835 messenger.go:346: RECEIVED EST from 6
INFO: 01:44:11.841914 messenger.go:346: RECEIVED EST from 9
INFO: 01:44:11.841932 messenger.go:346: RECEIVED EST from 5
INFO: 01:44:11.843849 messenger.go:270: SENT EST to 8
INFO: 01:44:11.844849 messenger.go:270: SENT EST to 9
INFO: 01:44:11.846286 messenger.go:270: SENT EST to 5
INFO: 01:44:11.846423 messenger.go:346: RECEIVED EST from 0
INFO: 01:44:11.846810 messenger.go:270: SENT EST to 6
INFO: 01:44:11.854588 messenger.go:270: SENT EST to 7
INFO: 01:44:11.854717 messenger.go:270: SENT EST to 2
INFO: 01:44:11.855092 messenger.go:346: RECEIVED EST from 5
INFO: 01:44:11.855168 messenger.go:270: SENT EST to 1
INFO: 01:44:11.855200 messenger.go:270: SENT EST to 0
INFO: 01:44:11.855301 messenger.go:346: RECEIVED EST from 7
INFO: 01:44:11.867073 messenger.go:270: SENT EST to 8
INFO: 01:44:11.867384 messenger.go:346: RECEIVED EST from 8
INFO: 01:44:11.867536 messenger.go:270: SENT EST to 7
INFO: 01:44:11.877496 messenger.go:346: RECEIVED EST from 2
INFO: 01:44:11.879640 messenger.go:270: SENT EST to 6
INFO: 01:44:11.884548 messenger.go:346: RECEIVED EST from 1
INFO: 01:44:11.894779 messenger.go:270: SENT EST to 8
INFO: 01:44:11.894959 messenger.go:270: SENT EST to 3
INFO: 01:44:11.896530 messenger.go:346: RECEIVED EST from 2
INFO: 01:44:11.896703 messenger.go:346: RECEIVED EST from 8
INFO: 01:44:11.896851 messenger.go:346: RECEIVED EST from 5
INFO: 01:44:11.895149 messenger.go:346: RECEIVED EST from 0
INFO: 01:44:11.895240 messenger.go:346: RECEIVED EST from 7
INFO: 01:44:11.895326 messenger.go:346: RECEIVED EST from 3
INFO: 01:44:11.897149 messenger.go:346: RECEIVED EST from 9
INFO: 01:44:11.913775 messenger.go:270: SENT EST to 0
INFO: 01:44:11.914082 messenger.go:346: RECEIVED EST from 3
INFO: 01:44:11.914170 messenger.go:270: SENT EST to 8
INFO: 01:44:11.914300 messenger.go:346: RECEIVED EST from 7
INFO: 01:44:11.914438 messenger.go:346: RECEIVED EST from 0
INFO: 01:44:11.914678 messenger.go:270: SENT EST to 7
INFO: 01:44:11.925826 messenger.go:346: RECEIVED EST from 8
INFO: 01:44:11.926069 messenger.go:346: RECEIVED EST from 6
INFO: 01:44:11.926120 messenger.go:270: SENT EST to 1
INFO: 01:44:11.926178 messenger.go:270: SENT EST to 2
INFO: 01:44:11.926388 messenger.go:346: RECEIVED EST from 5
INFO: 01:44:11.926633 messenger.go:346: RECEIVED EST from 2
INFO: 01:44:11.926761 messenger.go:270: SENT EST to 3
INFO: 01:44:11.926764 messenger.go:270: SENT EST to 6
INFO: 01:44:11.926766 messenger.go:270: SENT EST to 9
INFO: 01:44:11.930279 messenger.go:270: SENT EST to 5
INFO: 01:44:11.930417 messenger.go:346: RECEIVED EST from 9
INFO: 01:44:11.931014 messenger.go:270: SENT EST to 9
INFO: 01:44:11.933271 messenger.go:346: RECEIVED EST from 9
INFO: 01:44:11.939140 messenger.go:346: RECEIVED EST from 1
INFO: 01:44:11.948766 messenger.go:346: RECEIVED EST from 0
INFO: 01:44:11.948841 messenger.go:270: SENT EST to 8
INFO: 01:44:11.958362 messenger.go:346: RECEIVED EST from 8
INFO: 01:44:11.958577 messenger.go:346: RECEIVED EST from 3
INFO: 01:44:11.958923 messenger.go:346: RECEIVED EST from 6
INFO: 01:44:11.959128 messenger.go:346: RECEIVED EST from 2
INFO: 01:44:11.959532 messenger.go:270: SENT EST to 2
INFO: 01:44:11.959588 messenger.go:270: SENT EST to 7
INFO: 01:44:11.959832 messenger.go:270: SENT EST to 9
INFO: 01:44:11.960037 messenger.go:346: RECEIVED EST from 9
INFO: 01:44:11.961291 messenger.go:270: SENT EST to 0
INFO: 01:44:11.962474 messenger.go:346: RECEIVED EST from 7
INFO: 01:44:11.962935 messenger.go:270: SENT EST to 3
INFO: 01:44:11.963084 messenger.go:270: SENT EST to 6
INFO: 01:44:11.964086 messenger.go:270: SENT EST to 1
INFO: 01:44:11.964576 messenger.go:270: SENT EST to 5
INFO: 01:44:11.964773 messenger.go:346: RECEIVED EST from 1
INFO: 01:44:11.965968 messenger.go:346: RECEIVED EST from 5
INFO: 01:44:11.966093 messenger.go:346: RECEIVED EST from 1
INFO: 01:44:11.966241 messenger.go:270: SENT EST to 9
INFO: 01:44:11.972128 messenger.go:270: SENT EST to 5
INFO: 01:44:11.972446 messenger.go:270: SENT EST to 7
INFO: 01:44:11.972519 messenger.go:346: RECEIVED EST from 6
INFO: 01:44:11.973062 messenger.go:270: SENT EST to 1
INFO: 01:44:11.975954 messenger.go:346: RECEIVED EST from 1
INFO: 01:44:11.977890 messenger.go:346: RECEIVED EST from 7
INFO: 01:44:11.977978 messenger.go:270: SENT EST to 7
INFO: 01:44:11.978838 messenger.go:346: RECEIVED EST from 7
INFO: 01:44:11.980651 messenger.go:270: SENT EST to 6
INFO: 01:44:11.981276 messenger.go:270: SENT EST to 2
INFO: 01:44:12.019051 messenger.go:270: SENT EST to 0
INFO: 01:44:12.019605 messenger.go:270: SENT EST to 8
INFO: 01:44:12.020085 messenger.go:270: SENT EST to 3
INFO: 01:44:12.021326 messenger.go:346: RECEIVED EST from 9
INFO: 01:44:12.022428 messenger.go:346: RECEIVED EST from 0
INFO: 01:44:12.026645 messenger.go:346: RECEIVED EST from 5
INFO: 01:44:12.027364 messenger.go:346: RECEIVED EST from 3
INFO: 01:44:12.027559 messenger.go:346: RECEIVED EST from 6
INFO: 01:44:12.027696 messenger.go:346: RECEIVED EST from 8
INFO: 01:44:12.027877 messenger.go:346: RECEIVED EST from 7
INFO: 01:44:12.028544 messenger.go:346: RECEIVED EST from 2
INFO: 01:44:12.033836 messenger.go:270: SENT EST to 0
INFO: 01:44:12.052501 messenger.go:346: RECEIVED EST from 6
INFO: 01:44:12.057435 messenger.go:270: SENT EST to 2
INFO: 01:44:12.061537 messenger.go:346: RECEIVED EST from 0
INFO: 01:44:12.061784 messenger.go:346: RECEIVED EST from 7
INFO: 01:44:12.061897 messenger.go:270: SENT EST to 8
INFO: 01:44:12.063988 messenger.go:346: RECEIVED EST from 2
INFO: 01:44:12.064829 messenger.go:346: RECEIVED EST from 2
INFO: 01:44:12.065208 messenger.go:270: SENT EST to 6
INFO: 01:44:12.065210 messenger.go:270: SENT EST to 1
INFO: 01:44:12.069295 messenger.go:346: RECEIVED EST from 8
INFO: 01:44:12.065211 messenger.go:270: SENT EST to 5
INFO: 01:44:12.065327 messenger.go:346: RECEIVED EST from 9
INFO: 01:44:12.065422 messenger.go:346: RECEIVED EST from 3
INFO: 01:44:12.065425 messenger.go:270: SENT EST to 9
INFO: 01:44:12.074823 messenger.go:346: RECEIVED EST from 1
INFO: 01:44:12.065426 messenger.go:270: SENT EST to 7
INFO: 01:44:12.066198 messenger.go:346: RECEIVED EST from 5
INFO: 01:44:12.066028 messenger.go:346: RECEIVED EST from 8
INFO: 01:44:12.066041 messenger.go:270: SENT EST to 3
INFO: 01:44:12.066055 messenger.go:270: SENT EST to 0
INFO: 01:44:12.091473 messenger.go:346: RECEIVED EST from 6
INFO: 01:44:12.092915 messenger.go:346: RECEIVED EST from 7
INFO: 01:44:12.093131 messenger.go:346: RECEIVED EST from 0
INFO: 01:44:12.110692 messenger.go:270: SENT EST to 8
INFO: 01:44:12.111144 messenger.go:270: SENT EST to 1
INFO: 01:44:12.111312 messenger.go:270: SENT EST to 2
INFO: 01:44:12.111504 messenger.go:346: RECEIVED EST from 1
INFO: 01:44:12.111611 messenger.go:270: SENT EST to 9
INFO: 01:44:12.111813 messenger.go:270: SENT EST to 7
INFO: 01:44:12.111954 messenger.go:346: RECEIVED EST from 8
INFO: 01:44:12.112603 messenger.go:346: RECEIVED EST from 9
INFO: 01:44:12.113103 messenger.go:346: RECEIVED EST from 3
INFO: 01:44:12.113206 messenger.go:270: SENT EST to 5
INFO: 01:44:12.113240 messenger.go:270: SENT EST to 0
INFO: 01:44:12.113622 messenger.go:270: SENT EST to 6
INFO: 01:44:12.114529 messenger.go:270: SENT EST to 3
INFO: 01:44:12.122774 messenger.go:270: SENT EST to 3
INFO: 01:44:12.123025 messenger.go:346: RECEIVED EST from 6
INFO: 01:44:12.123326 messenger.go:270: SENT EST to 1
INFO: 01:44:12.125680 messenger.go:346: RECEIVED EST from 1
INFO: 01:44:12.126064 messenger.go:346: RECEIVED EST from 7
INFO: 01:44:12.126195 messenger.go:346: RECEIVED EST from 2
INFO: 01:44:12.126963 messenger.go:346: RECEIVED EST from 5
INFO: 01:44:12.154753 messenger.go:346: RECEIVED EST from 6
INFO: 01:44:12.155662 messenger.go:346: RECEIVED EST from 0
INFO: 01:44:12.156250 messenger.go:270: SENT EST to 8
INFO: 01:44:12.156530 messenger.go:270: SENT EST to 9
INFO: 01:44:12.160044 messenger.go:346: RECEIVED EST from 8
INFO: 01:44:12.160565 messenger.go:270: SENT EST to 7
INFO: 01:44:12.160627 messenger.go:346: RECEIVED EST from 1
INFO: 01:44:12.160918 messenger.go:270: SENT EST to 6
INFO: 01:44:12.161301 messenger.go:346: RECEIVED EST from 9
INFO: 01:44:12.161640 messenger.go:270: SENT EST to 2
INFO: 01:44:12.161945 messenger.go:346: RECEIVED EST from 3
INFO: 01:44:12.162720 messenger.go:270: SENT EST to 1
INFO: 01:44:12.166050 messenger.go:346: RECEIVED EST from 7
INFO: 01:44:12.174202 messenger.go:346: RECEIVED EST from 7
INFO: 01:44:12.174307 messenger.go:270: SENT EST to 0
INFO: 01:44:12.184855 messenger.go:346: RECEIVED EST from 3
INFO: 01:44:12.185027 messenger.go:346: RECEIVED EST from 0
INFO: 01:44:12.189734 messenger.go:270: SENT EST to 2
INFO: 01:44:12.190327 messenger.go:270: SENT EST to 8
INFO: 01:44:12.190862 messenger.go:346: RECEIVED EST from 1
INFO: 01:44:12.191170 messenger.go:270: SENT EST to 5
INFO: 01:44:12.191487 messenger.go:270: SENT EST to 9
INFO: 01:44:12.191614 messenger.go:346: RECEIVED EST from 6
INFO: 01:44:12.191808 messenger.go:346: RECEIVED EST from 8
INFO: 01:44:12.191182 messenger.go:346: RECEIVED EST from 2
INFO: 01:44:12.194435 messenger.go:346: RECEIVED EST from 1
INFO: 01:44:12.194587 messenger.go:346: RECEIVED EST from 5
INFO: 01:44:12.194720 messenger.go:346: RECEIVED EST from 9
INFO: 01:44:12.195804 messenger.go:270: SENT EST to 0
INFO: 01:44:12.196732 messenger.go:270: SENT EST to 1
INFO: 01:44:12.198285 messenger.go:346: RECEIVED EST from 7
INFO: 01:44:12.198629 messenger.go:346: RECEIVED EST from 3
INFO: 01:44:12.203533 messenger.go:270: SENT EST to 3
INFO: 01:44:12.205273 messenger.go:346: RECEIVED EST from 0
INFO: 01:44:12.233747 messenger.go:270: SENT EST to 2
INFO: 01:44:12.235824 messenger.go:270: SENT EST to 3
INFO: 01:44:12.236015 messenger.go:346: RECEIVED EST from 6
INFO: 01:44:12.238167 messenger.go:346: RECEIVED EST from 8
INFO: 01:44:12.238643 messenger.go:346: RECEIVED EST from 2
INFO: 01:44:12.253522 messenger.go:270: SENT EST to 6
INFO: 01:44:12.253600 messenger.go:270: SENT EST to 7
INFO: 01:44:12.253732 messenger.go:346: RECEIVED EST from 1
INFO: 01:44:12.253891 messenger.go:346: RECEIVED EST from 3
INFO: 01:44:12.254018 messenger.go:270: SENT EST to 8
INFO: 01:44:12.254073 messenger.go:270: SENT EST to 0
INFO: 01:44:12.254234 messenger.go:270: SENT EST to 9
INFO: 01:44:12.254816 messenger.go:270: SENT EST to 1
INFO: 01:44:12.255046 messenger.go:346: RECEIVED EST from 7
INFO: 01:44:12.255827 messenger.go:346: RECEIVED EST from 5
INFO: 01:44:12.256071 messenger.go:270: SENT EST to 5
INFO: 01:44:12.256373 messenger.go:346: RECEIVED EST from 9
INFO: 01:44:12.259106 messenger.go:270: SENT EST to 3
INFO: 01:44:12.276524 messenger.go:346: RECEIVED EST from 0
INFO: 01:44:12.277674 messenger.go:270: SENT EST to 2
INFO: 01:44:12.278827 messenger.go:270: SENT EST to 5
INFO: 01:44:12.278903 messenger.go:270: SENT EST to 7
INFO: 01:44:12.279040 messenger.go:346: RECEIVED EST from 8
INFO: 01:44:12.279125 messenger.go:270: SENT EST to 6
INFO: 01:44:12.279334 messenger.go:270: SENT EST to 8
INFO: 01:44:12.279862 messenger.go:346: RECEIVED EST from 1
INFO: 01:44:12.280010 messenger.go:346: RECEIVED EST from 2
INFO: 01:44:12.280146 messenger.go:346: RECEIVED EST from 6
INFO: 01:44:12.280306 messenger.go:346: RECEIVED EST from 5
INFO: 01:44:12.280440 messenger.go:346: RECEIVED EST from 7
INFO: 01:44:12.280576 messenger.go:346: RECEIVED EST from 9
INFO: 01:44:12.280811 messenger.go:346: RECEIVED EST from 3
INFO: 01:44:12.281334 messenger.go:270: SENT EST to 0
INFO: 01:44:12.281429 messenger.go:270: SENT EST to 9
INFO: 01:44:12.287964 messenger.go:346: RECEIVED EST from 0
INFO: 01:44:12.288822 messenger.go:270: SENT EST to 3
INFO: 01:44:12.288973 messenger.go:346: RECEIVED EST from 6
INFO: 01:44:12.290457 messenger.go:270: SENT EST to 7
INFO: 01:44:12.290603 messenger.go:346: RECEIVED EST from 7
INFO: 01:44:12.290780 messenger.go:346: RECEIVED EST from 3
INFO: 01:44:12.291152 messenger.go:270: SENT EST to 6
INFO: 01:44:12.296820 messenger.go:270: SENT EST to 0
INFO: 01:44:12.297631 messenger.go:346: RECEIVED EST from 6
INFO: 01:44:12.297893 messenger.go:346: RECEIVED EST from 8
INFO: 01:44:12.297957 messenger.go:270: SENT EST to 2
INFO: 01:44:12.297964 messenger.go:270: SENT EST to 8
INFO: 01:44:12.298187 messenger.go:346: RECEIVED EST from 7
INFO: 01:44:12.298205 messenger.go:346: RECEIVED EST from 2
INFO: 01:44:12.298476 messenger.go:346: RECEIVED EST from 0
INFO: 01:44:12.301250 messenger.go:346: RECEIVED EST from 5
INFO: 01:44:12.301730 messenger.go:270: SENT EST to 5
INFO: 01:44:12.302288 messenger.go:346: RECEIVED EST from 3
INFO: 01:44:12.302693 messenger.go:346: RECEIVED EST from 7
INFO: 01:44:12.302842 messenger.go:346: RECEIVED EST from 6
INFO: 01:44:12.304027 messenger.go:270: SENT EST to 6
INFO: 01:44:12.304188 messenger.go:346: RECEIVED EST from 3
INFO: 01:44:12.304414 messenger.go:270: SENT EST to 7
INFO: 01:44:12.304943 messenger.go:270: SENT EST to 8
INFO: 01:44:12.305184 messenger.go:346: RECEIVED EST from 2
INFO: 01:44:12.313284 messenger.go:270: SENT EST to 5
INFO: 01:44:12.313484 messenger.go:346: RECEIVED EST from 9
INFO: 01:44:12.313663 messenger.go:346: RECEIVED EST from 5
INFO: 01:44:12.314059 messenger.go:270: SENT EST to 9
INFO: 01:44:12.316351 messenger.go:346: RECEIVED EST from 2
INFO: 01:44:12.316510 messenger.go:346: RECEIVED EST from 0
INFO: 01:44:12.316649 messenger.go:346: RECEIVED EST from 8
INFO: 01:44:12.321721 messenger.go:270: SENT EST to 9
INFO: 01:44:12.379562 messenger.go:270: SENT EST to 0
INFO: 01:44:12.379755 messenger.go:346: RECEIVED EST from 9
INFO: 01:44:12.379909 messenger.go:270: SENT EST to 1
INFO: 01:44:12.396302 messenger.go:346: RECEIVED EST from 3
INFO: 01:44:12.396316 messenger.go:346: RECEIVED EST from 5
INFO: 01:44:12.396622 messenger.go:346: RECEIVED EST from 8
INFO: 01:44:12.396880 messenger.go:346: RECEIVED EST from 7
INFO: 01:44:12.397157 messenger.go:346: RECEIVED EST from 6
INFO: 01:44:12.398442 messenger.go:346: RECEIVED EST from 1
INFO: 01:44:12.398661 messenger.go:346: RECEIVED EST from 2
INFO: 01:44:12.398892 messenger.go:346: RECEIVED EST from 0
INFO: 01:44:12.418179 messenger.go:346: RECEIVED EST from 5
INFO: 01:44:12.418613 messenger.go:346: RECEIVED EST from 2
INFO: 01:44:12.419200 messenger.go:346: RECEIVED EST from 8
INFO: 01:44:12.420288 messenger.go:346: RECEIVED EST from 6
INFO: 01:44:12.423552 messenger.go:346: RECEIVED EST from 9
INFO: 01:44:12.424303 messenger.go:346: RECEIVED EST from 0
INFO: 01:44:12.426106 messenger.go:346: RECEIVED EST from 3
INFO: 01:44:12.429301 messenger.go:346: RECEIVED EST from 1
INFO: 01:44:12.429527 messenger.go:346: RECEIVED EST from 2
INFO: 01:44:12.430571 messenger.go:270: SENT EST to 1
INFO: 01:44:12.449802 messenger.go:346: RECEIVED EST from 8
INFO: 01:44:12.450293 messenger.go:346: RECEIVED EST from 7
INFO: 01:44:12.452943 messenger.go:270: SENT EST to 2
INFO: 01:44:12.461389 messenger.go:270: SENT EST to 3
INFO: 01:44:12.462095 messenger.go:270: SENT EST to 8
INFO: 01:44:12.462444 messenger.go:346: RECEIVED EST from 6
INFO: 01:44:12.462755 messenger.go:346: RECEIVED EST from 2
INFO: 01:44:12.463608 messenger.go:346: RECEIVED EST from 5
INFO: 01:44:12.463737 messenger.go:270: SENT EST to 5
INFO: 01:44:12.464081 messenger.go:346: RECEIVED EST from 9
INFO: 01:44:12.464283 messenger.go:346: RECEIVED EST from 8
INFO: 01:44:12.464338 messenger.go:270: SENT EST to 0
INFO: 01:44:12.464350 messenger.go:346: RECEIVED EST from 0
INFO: 01:44:12.464403 messenger.go:270: SENT EST to 9
INFO: 01:44:12.464565 messenger.go:270: SENT EST to 7
INFO: 01:44:12.467582 messenger.go:270: SENT EST to 1
INFO: 01:44:12.468011 messenger.go:270: SENT EST to 6
INFO: 01:44:12.471231 messenger.go:346: RECEIVED EST from 5
INFO: 01:44:12.471853 messenger.go:346: RECEIVED EST from 2
INFO: 01:44:12.472469 messenger.go:270: SENT EST to 2
INFO: 01:44:12.474172 messenger.go:346: RECEIVED EST from 3
INFO: 01:44:12.473027 messenger.go:346: RECEIVED EST from 1
INFO: 01:44:12.475276 messenger.go:270: SENT EST to 5
INFO: 01:44:12.475447 messenger.go:346: RECEIVED EST from 5
INFO: 01:44:12.475767 messenger.go:346: RECEIVED EST from 9
INFO: 01:44:12.475853 messenger.go:270: SENT EST to 7
INFO: 01:44:12.480084 messenger.go:346: RECEIVED EST from 1
INFO: 01:44:12.476080 messenger.go:270: SENT EST to 2
INFO: 01:44:12.480257 messenger.go:270: SENT EST to 9
INFO: 01:44:12.475951 messenger.go:346: RECEIVED EST from 0
INFO: 01:44:12.476044 messenger.go:346: RECEIVED EST from 2
INFO: 01:44:12.476270 messenger.go:270: SENT EST to 1
INFO: 01:44:12.483869 messenger.go:270: SENT EST to 0
INFO: 01:44:12.476268 messenger.go:346: RECEIVED EST from 7
INFO: 01:44:12.476594 messenger.go:346: RECEIVED EST from 1
INFO: 01:44:12.478428 messenger.go:346: RECEIVED EST from 5
INFO: 01:44:12.480214 messenger.go:346: RECEIVED EST from 9
INFO: 01:44:12.480680 messenger.go:346: RECEIVED EST from 9
INFO: 01:44:12.514478 messenger.go:346: RECEIVED EST from 6
INFO: 01:44:12.514595 messenger.go:270: SENT EST to 6
INFO: 01:44:12.514766 messenger.go:346: RECEIVED EST from 3
INFO: 01:44:12.514896 messenger.go:270: SENT EST to 3
INFO: 01:44:12.515683 messenger.go:346: RECEIVED EST from 8
INFO: 01:44:12.516511 messenger.go:270: SENT EST to 8
INFO: 01:44:12.519500 messenger.go:270: SENT EST to 3
INFO: 01:44:12.519612 messenger.go:270: SENT EST to 7
INFO: 01:44:12.519839 messenger.go:346: RECEIVED EST from 3
INFO: 01:44:12.521890 messenger.go:270: SENT EST to 5
INFO: 01:44:12.522652 messenger.go:346: RECEIVED EST from 0
INFO: 01:44:12.523267 messenger.go:346: RECEIVED EST from 5
INFO: 01:44:12.523367 messenger.go:346: RECEIVED EST from 7
INFO: 01:44:12.523369 messenger.go:346: RECEIVED EST from 2
INFO: 01:44:12.523468 messenger.go:346: RECEIVED EST from 7
INFO: 01:44:12.523483 messenger.go:346: RECEIVED EST from 1
INFO: 01:44:12.531867 messenger.go:346: RECEIVED EST from 6
INFO: 01:44:12.531971 messenger.go:270: SENT EST to 3
INFO: 01:44:12.532104 messenger.go:346: RECEIVED EST from 9
INFO: 01:44:12.532584 messenger.go:270: SENT EST to 5
INFO: 01:44:12.532761 messenger.go:346: RECEIVED EST from 3
INFO: 01:44:12.532923 messenger.go:346: RECEIVED EST from 3
INFO: 01:44:12.533064 messenger.go:346: RECEIVED EST from 5
INFO: 01:44:12.538348 messenger.go:270: SENT EST to 2
INFO: 01:44:12.538479 messenger.go:270: SENT EST to 6
INFO: 01:44:12.539409 messenger.go:270: SENT EST to 7
INFO: 01:44:12.556363 messenger.go:270: SENT EST to 9
INFO: 01:44:12.556559 messenger.go:346: RECEIVED EST from 6
INFO: 01:44:12.556728 messenger.go:346: RECEIVED EST from 8
INFO: 01:44:12.556777 messenger.go:270: SENT EST to 1
INFO: 01:44:12.556877 messenger.go:270: SENT EST to 6
INFO: 01:44:12.557698 messenger.go:270: SENT EST to 7
INFO: 01:44:12.557824 messenger.go:270: SENT EST to 0
INFO: 01:44:12.562631 messenger.go:346: RECEIVED EST from 7
INFO: 01:44:12.562878 messenger.go:270: SENT EST to 3
INFO: 01:44:12.563053 messenger.go:346: RECEIVED EST from 2
INFO: 01:44:12.563223 messenger.go:346: RECEIVED EST from 5
INFO: 01:44:12.563371 messenger.go:346: RECEIVED EST from 0
INFO: 01:44:12.563608 messenger.go:270: SENT EST to 8
INFO: 01:44:12.565670 messenger.go:270: SENT EST to 5
INFO: 01:44:12.568559 messenger.go:346: RECEIVED EST from 3
INFO: 01:44:12.612629 messenger.go:270: SENT EST to 1
INFO: 01:44:12.613010 messenger.go:346: RECEIVED EST from 9
INFO: 01:44:12.612763 messenger.go:270: SENT EST to 2
INFO: 01:44:12.612874 messenger.go:346: RECEIVED EST from 8
INFO: 01:44:12.612876 messenger.go:270: SENT EST to 8
INFO: 01:44:12.613556 messenger.go:270: SENT EST to 0
INFO: 01:44:12.614406 messenger.go:270: SENT EST to 9
INFO: 01:44:12.616087 messenger.go:346: RECEIVED EST from 2
INFO: 01:44:12.617840 messenger.go:346: RECEIVED EST from 1
INFO: 01:44:12.621901 messenger.go:346: RECEIVED EST from 7
INFO: 01:44:12.622047 messenger.go:270: SENT EST to 6
INFO: 01:44:12.622662 messenger.go:346: RECEIVED EST from 5
INFO: 01:44:12.622841 messenger.go:346: RECEIVED EST from 6
INFO: 01:44:12.623488 messenger.go:346: RECEIVED EST from 0
INFO: 01:44:12.624769 messenger.go:270: SENT EST to 2
INFO: 01:44:12.624923 messenger.go:270: SENT EST to 5
INFO: 01:44:12.625102 messenger.go:270: SENT EST to 9
INFO: 01:44:12.625158 messenger.go:346: RECEIVED EST from 9
INFO: 01:44:12.628889 messenger.go:346: RECEIVED EST from 6
INFO: 01:44:12.629616 messenger.go:346: RECEIVED EST from 3
INFO: 01:44:12.630012 messenger.go:346: RECEIVED EST from 5
INFO: 01:44:12.630015 messenger.go:270: SENT EST to 3
INFO: 01:44:12.633661 messenger.go:270: SENT EST to 0
INFO: 01:44:12.635422 messenger.go:270: SENT EST to 7
INFO: 01:44:12.635615 messenger.go:346: RECEIVED EST from 0
INFO: 01:44:12.642467 messenger.go:270: SENT EST to 6
INFO: 01:44:12.643057 messenger.go:270: SENT EST to 1
INFO: 01:44:12.643455 messenger.go:270: SENT EST to 8
INFO: 01:44:12.644396 messenger.go:346: RECEIVED EST from 2
INFO: 01:44:12.644541 messenger.go:346: RECEIVED EST from 6
INFO: 01:44:12.644689 messenger.go:346: RECEIVED EST from 8
INFO: 01:44:12.650028 messenger.go:270: SENT EST to 7
INFO: 01:44:12.650205 messenger.go:346: RECEIVED EST from 8
INFO: 01:44:12.650838 messenger.go:270: SENT EST to 0
INFO: 01:44:12.650982 messenger.go:346: RECEIVED EST from 0
INFO: 01:44:12.651175 messenger.go:270: SENT EST to 3
INFO: 01:44:12.652811 messenger.go:346: RECEIVED EST from 0
INFO: 01:44:12.653210 messenger.go:346: RECEIVED EST from 1
INFO: 01:44:12.655456 messenger.go:346: RECEIVED EST from 7
INFO: 01:44:12.656805 messenger.go:346: RECEIVED EST from 3
INFO: 01:44:12.657714 messenger.go:270: SENT EST to 8
INFO: 01:44:12.662374 messenger.go:270: SENT EST to 9
INFO: 01:44:12.666835 messenger.go:346: RECEIVED EST from 2
INFO: 01:44:12.666904 messenger.go:270: SENT EST to 5
INFO: 01:44:12.667076 messenger.go:270: SENT EST to 2
INFO: 01:44:12.667283 messenger.go:346: RECEIVED EST from 9
INFO: 01:44:12.669698 messenger.go:270: SENT EST to 0
INFO: 01:44:12.669830 messenger.go:270: SENT EST to 8
INFO: 01:44:12.673931 messenger.go:346: RECEIVED EST from 5
INFO: 01:44:12.675436 messenger.go:346: RECEIVED EST from 6
INFO: 01:44:12.675904 messenger.go:270: SENT EST to 6
INFO: 01:44:12.677165 messenger.go:270: SENT EST to 9
INFO: 01:44:12.693373 messenger.go:270: SENT EST to 1
INFO: 01:44:12.696640 messenger.go:346: RECEIVED EST from 1
INFO: 01:44:12.704117 messenger.go:346: RECEIVED EST from 8
INFO: 01:44:12.704345 messenger.go:346: RECEIVED EST from 2
INFO: 01:44:12.705252 messenger.go:346: RECEIVED EST from 6
INFO: 01:44:12.705411 messenger.go:346: RECEIVED EST from 9
INFO: 01:44:12.706486 messenger.go:270: SENT EST to 0
INFO: 01:44:12.706699 messenger.go:346: RECEIVED EST from 7
INFO: 01:44:12.707096 messenger.go:270: SENT EST to 7
INFO: 01:44:12.709704 messenger.go:270: SENT EST to 3
INFO: 01:44:12.711280 messenger.go:346: RECEIVED EST from 0
INFO: 01:44:12.711290 messenger.go:346: RECEIVED EST from 3
INFO: 01:44:12.718127 messenger.go:270: SENT EST to 9
INFO: 01:44:12.718882 messenger.go:346: RECEIVED EST from 5
INFO: 01:44:12.719819 messenger.go:270: SENT EST to 2
INFO: 01:44:12.720062 messenger.go:270: SENT EST to 8
INFO: 01:44:12.725247 messenger.go:270: SENT EST to 5
INFO: 01:44:12.728207 messenger.go:346: RECEIVED EST from 2
INFO: 01:44:12.728929 messenger.go:346: RECEIVED EST from 9
INFO: 01:44:12.731961 messenger.go:270: SENT EST to 1
INFO: 01:44:12.731989 messenger.go:270: SENT EST to 6
INFO: 01:44:12.736494 messenger.go:346: RECEIVED EST from 3
INFO: 01:44:12.737213 messenger.go:346: RECEIVED EST from 1
INFO: 01:44:12.738098 messenger.go:346: RECEIVED EST from 7
INFO: 01:44:12.739974 messenger.go:346: RECEIVED EST from 0
INFO: 01:44:12.741678 messenger.go:270: SENT EST to 0
INFO: 01:44:12.741846 messenger.go:346: RECEIVED EST from 8
INFO: 01:44:12.742339 messenger.go:270: SENT EST to 7
INFO: 01:44:12.742621 messenger.go:270: SENT EST to 3
INFO: 01:44:12.749776 messenger.go:270: SENT EST to 8
INFO: 01:44:12.750028 messenger.go:346: RECEIVED EST from 6
INFO: 01:44:12.756692 messenger.go:346: RECEIVED EST from 5
INFO: 01:44:12.757406 messenger.go:270: SENT EST to 9
INFO: 01:44:12.758033 messenger.go:270: SENT EST to 2
INFO: 01:44:12.759079 messenger.go:270: SENT EST to 5
INFO: 01:44:12.760192 messenger.go:270: SENT EST to 6
INFO: 01:44:12.768767 messenger.go:346: RECEIVED EST from 3
INFO: 01:44:12.770290 messenger.go:270: SENT EST to 1
INFO: 01:44:12.775998 messenger.go:346: RECEIVED EST from 1
INFO: 01:44:12.776000 messenger.go:346: RECEIVED EST from 2
INFO: 01:44:12.776117 messenger.go:346: RECEIVED EST from 9
INFO: 01:44:12.776664 messenger.go:346: RECEIVED EST from 0
INFO: 01:44:12.776951 messenger.go:270: SENT EST to 0
INFO: 01:44:12.778372 messenger.go:270: SENT EST to 3
INFO: 01:44:12.779162 messenger.go:270: SENT EST to 7
INFO: 01:44:12.782016 messenger.go:346: RECEIVED EST from 8
INFO: 01:44:12.782602 messenger.go:346: RECEIVED EST from 5
INFO: 01:44:12.782781 messenger.go:346: RECEIVED EST from 7
INFO: 01:44:12.785064 messenger.go:270: SENT EST to 2
INFO: 01:44:12.786301 messenger.go:346: RECEIVED EST from 6
INFO: 01:44:12.790292 messenger.go:270: SENT EST to 5
INFO: 01:44:12.791192 messenger.go:270: SENT EST to 9
INFO: 01:44:12.796523 messenger.go:346: RECEIVED EST from 3
INFO: 01:44:12.797833 messenger.go:270: SENT EST to 6
INFO: 01:44:12.797889 messenger.go:270: SENT EST to 8
INFO: 01:44:12.800758 messenger.go:270: SENT EST to 1
INFO: 01:44:12.814081 messenger.go:346: RECEIVED EST from 9
INFO: 01:44:12.814237 messenger.go:346: RECEIVED EST from 1
INFO: 01:44:12.819449 messenger.go:270: SENT EST to 1
INFO: 01:44:12.820182 messenger.go:270: SENT EST to 9
INFO: 01:44:12.820373 messenger.go:346: RECEIVED EST from 8
INFO: 01:44:12.820559 messenger.go:270: SENT EST to 8
INFO: 01:44:12.820843 messenger.go:270: SENT EST to 6
INFO: 01:44:12.822392 messenger.go:270: SENT EST to 7
INFO: 01:44:12.824449 messenger.go:346: RECEIVED EST from 2
INFO: 01:44:12.824618 messenger.go:346: RECEIVED EST from 0
INFO: 01:44:12.824781 messenger.go:346: RECEIVED EST from 6
INFO: 01:44:12.825016 messenger.go:346: RECEIVED EST from 7
INFO: 01:44:12.830313 messenger.go:270: SENT EST to 1
INFO: 01:44:12.833447 messenger.go:270: SENT EST to 3
INFO: 01:44:12.833888 messenger.go:270: SENT EST to 2
INFO: 01:44:12.833982 messenger.go:346: RECEIVED EST from 8
INFO: 01:44:12.835389 messenger.go:270: SENT EST to 0
INFO: 01:44:12.836694 messenger.go:346: RECEIVED EST from 9
INFO: 01:44:12.838505 messenger.go:346: RECEIVED EST from 1
INFO: 01:44:12.845745 messenger.go:270: SENT EST to 1
INFO: 01:44:12.845777 messenger.go:346: RECEIVED EST from 3
INFO: 01:44:12.845839 messenger.go:270: SENT EST to 5
INFO: 01:44:12.845870 messenger.go:346: RECEIVED EST from 6
INFO: 01:44:12.846154 messenger.go:346: RECEIVED EST from 0
INFO: 01:44:12.846210 messenger.go:270: SENT EST to 3
INFO: 01:44:12.848170 messenger.go:346: RECEIVED EST from 5
INFO: 01:44:12.851571 messenger.go:346: RECEIVED EST from 7
INFO: 01:44:12.852553 messenger.go:270: SENT EST to 8
INFO: 01:44:12.852858 messenger.go:270: SENT EST to 1
INFO: 01:44:12.853433 messenger.go:270: SENT EST to 0
INFO: 01:44:12.853662 messenger.go:270: SENT EST to 7
INFO: 01:44:12.859116 messenger.go:270: SENT EST to 9
INFO: 01:44:12.859290 messenger.go:270: SENT EST to 6
INFO: 01:44:12.866434 messenger.go:346: RECEIVED EST from 2
INFO: 01:44:12.869467 messenger.go:346: RECEIVED EST from 9
INFO: 01:44:12.878979 messenger.go:270: SENT EST to 5
INFO: 01:44:12.879121 messenger.go:346: RECEIVED EST from 8
INFO: 01:44:12.880335 messenger.go:270: SENT EST to 2
INFO: 01:44:12.882857 messenger.go:346: RECEIVED EST from 6
INFO: 01:44:12.883031 messenger.go:346: RECEIVED EST from 9
INFO: 01:44:12.885544 messenger.go:346: RECEIVED EST from 0
INFO: 01:44:12.886692 messenger.go:346: RECEIVED EST from 3
INFO: 01:44:12.887482 messenger.go:270: SENT EST to 3
INFO: 01:44:12.887631 messenger.go:346: RECEIVED EST from 2
INFO: 01:44:12.887758 messenger.go:346: RECEIVED EST from 1
INFO: 01:44:12.888612 messenger.go:346: RECEIVED EST from 7
INFO: 01:44:12.890236 messenger.go:270: SENT EST to 6
INFO: 01:44:12.890526 messenger.go:346: RECEIVED EST from 6
INFO: 01:44:12.891742 messenger.go:346: RECEIVED EST from 8
INFO: 01:44:12.892743 messenger.go:346: RECEIVED EST from 5
INFO: 01:44:12.894031 messenger.go:270: SENT EST to 0
INFO: 01:44:12.895308 messenger.go:270: SENT EST to 8
INFO: 01:44:12.901473 messenger.go:270: SENT EST to 7
INFO: 01:44:12.901843 messenger.go:346: RECEIVED EST from 9
INFO: 01:44:12.903422 messenger.go:270: SENT EST to 2
INFO: 01:44:12.903991 messenger.go:270: SENT EST to 9
INFO: 01:44:12.904310 messenger.go:346: RECEIVED EST from 1
INFO: 01:44:12.904639 messenger.go:270: SENT EST to 1
INFO: 01:44:12.916874 messenger.go:270: SENT EST to 5
INFO: 01:44:12.919642 messenger.go:346: RECEIVED EST from 6
INFO: 01:44:12.920683 messenger.go:270: SENT EST to 3
INFO: 01:44:12.922078 messenger.go:270: SENT EST to 8
INFO: 01:44:12.922201 messenger.go:346: RECEIVED EST from 8
INFO: 01:44:12.924410 messenger.go:270: SENT EST to 0
INFO: 01:44:12.925272 messenger.go:346: RECEIVED EST from 7
INFO: 01:44:12.925363 messenger.go:270: SENT EST to 2
INFO: 01:44:12.926241 messenger.go:346: RECEIVED EST from 0
INFO: 01:44:12.926557 messenger.go:346: RECEIVED EST from 3
INFO: 01:44:12.927062 messenger.go:346: RECEIVED EST from 2
INFO: 01:44:12.927265 messenger.go:346: RECEIVED EST from 5
INFO: 01:44:12.937353 messenger.go:346: RECEIVED EST from 1
INFO: 01:44:12.939175 messenger.go:346: RECEIVED EST from 9
INFO: 01:44:12.939673 messenger.go:270: SENT EST to 9
INFO: 01:44:12.941626 messenger.go:270: SENT EST to 1
INFO: 01:44:12.942701 messenger.go:346: RECEIVED EST from 0
INFO: 01:44:12.942880 messenger.go:270: SENT EST to 5
INFO: 01:44:12.943166 messenger.go:346: RECEIVED EST from 6
INFO: 01:44:12.943365 messenger.go:270: SENT EST to 6
INFO: 01:44:12.949334 messenger.go:346: RECEIVED EST from 7
INFO: 01:44:12.949487 messenger.go:270: SENT EST to 7
INFO: 01:44:12.955047 messenger.go:270: SENT EST to 2
INFO: 01:44:12.955222 messenger.go:270: SENT EST to 3
INFO: 01:44:12.955847 messenger.go:346: RECEIVED EST from 2
INFO: 01:44:12.955993 messenger.go:346: RECEIVED EST from 3
INFO: 01:44:12.957431 messenger.go:270: SENT EST to 6
INFO: 01:44:12.957587 messenger.go:346: RECEIVED EST from 8
INFO: 01:44:12.958733 messenger.go:270: SENT EST to 0
INFO: 01:44:12.959026 messenger.go:346: RECEIVED EST from 6
INFO: 01:44:12.963100 messenger.go:346: RECEIVED EST from 0
INFO: 01:44:12.969427 messenger.go:270: SENT EST to 8
INFO: 01:44:12.970761 messenger.go:346: RECEIVED EST from 1
INFO: 01:44:12.972892 messenger.go:270: SENT EST to 9
INFO: 01:44:12.974074 messenger.go:270: SENT EST to 3
INFO: 01:44:12.974557 messenger.go:346: RECEIVED EST from 8
INFO: 01:44:12.975189 messenger.go:346: RECEIVED EST from 3
INFO: 01:44:12.977312 messenger.go:270: SENT EST to 5
INFO: 01:44:12.977701 messenger.go:346: RECEIVED EST from 5
INFO: 01:44:12.978129 messenger.go:270: SENT EST to 6
INFO: 01:44:12.979707 messenger.go:346: RECEIVED EST from 3
INFO: 01:44:12.987315 messenger.go:270: SENT EST to 5
INFO: 01:44:12.997469 messenger.go:270: SENT EST to 1
INFO: 01:44:12.998275 messenger.go:270: SENT EST to 7
INFO: 01:44:12.998621 messenger.go:346: RECEIVED EST from 7
INFO: 01:44:13.006068 messenger.go:270: SENT EST to 2
INFO: 01:44:13.010685 messenger.go:346: RECEIVED EST from 6
INFO: 01:44:13.012467 messenger.go:270: SENT EST to 6
INFO: 01:44:13.012654 messenger.go:270: SENT EST to 0
INFO: 01:44:13.015512 messenger.go:346: RECEIVED EST from 9
INFO: 01:44:13.015583 messenger.go:270: SENT EST to 3
INFO: 01:44:13.015641 messenger.go:346: RECEIVED EST from 0
INFO: 01:44:13.015683 messenger.go:270: SENT EST to 8
INFO: 01:44:13.016235 messenger.go:346: RECEIVED EST from 5
INFO: 01:44:13.017330 messenger.go:346: RECEIVED EST from 2
INFO: 01:44:13.020558 messenger.go:270: SENT EST to 5
INFO: 01:44:13.020836 messenger.go:346: RECEIVED EST from 0
INFO: 01:44:13.022066 messenger.go:346: RECEIVED EST from 8
INFO: 01:44:13.024936 messenger.go:270: SENT EST to 7
INFO: 01:44:13.025276 messenger.go:270: SENT EST to 2
INFO: 01:44:13.027539 messenger.go:270: SENT EST to 8
INFO: 01:44:13.031026 messenger.go:270: SENT EST to 6
INFO: 01:44:13.034629 messenger.go:270: SENT EST to 1
INFO: 01:44:13.034946 messenger.go:270: SENT EST to 3
INFO: 01:44:13.035483 messenger.go:346: RECEIVED EST from 0
INFO: 01:44:13.035626 messenger.go:346: RECEIVED EST from 1
INFO: 01:44:13.035916 messenger.go:346: RECEIVED EST from 6
INFO: 01:44:13.036074 messenger.go:346: RECEIVED EST from 7
INFO: 01:44:13.036268 messenger.go:346: RECEIVED EST from 3
INFO: 01:44:13.037901 messenger.go:270: SENT EST to 5
INFO: 01:44:13.038642 messenger.go:270: SENT EST to 7
INFO: 01:44:13.041147 messenger.go:270: SENT EST to 7
INFO: 01:44:13.042012 messenger.go:270: SENT EST to 8
INFO: 01:44:13.044162 messenger.go:270: SENT EST to 2
INFO: 01:44:13.044163 messenger.go:270: SENT EST to 9
INFO: 01:44:13.053269 messenger.go:346: RECEIVED EST from 2
INFO: 01:44:13.054685 messenger.go:270: SENT EST to 6
INFO: 01:44:13.055207 messenger.go:270: SENT EST to 8
INFO: 01:44:13.055362 messenger.go:346: RECEIVED EST from 5
INFO: 01:44:13.055516 messenger.go:346: RECEIVED EST from 7
INFO: 01:44:13.055798 messenger.go:270: SENT EST to 0
INFO: 01:44:13.057145 messenger.go:346: RECEIVED EST from 8
INFO: 01:44:13.057784 messenger.go:270: SENT EST to 3
INFO: 01:44:13.062762 messenger.go:270: SENT EST to 1
INFO: 01:44:13.062846 messenger.go:270: SENT EST to 5
INFO: 01:44:13.062961 messenger.go:270: SENT EST to 7
INFO: 01:44:13.063596 messenger.go:270: SENT EST to 2
INFO: 01:44:13.067768 messenger.go:346: RECEIVED EST from 9
INFO: 01:44:13.074870 messenger.go:346: RECEIVED EST from 1
INFO: 01:44:13.075036 messenger.go:346: RECEIVED EST from 0
INFO: 01:44:13.076487 messenger.go:346: RECEIVED EST from 6
INFO: 01:44:13.076592 messenger.go:346: RECEIVED EST from 3
INFO: 01:44:13.078102 messenger.go:346: RECEIVED EST from 5
INFO: 01:44:13.078902 messenger.go:270: SENT EST to 9
INFO: 01:44:13.082345 messenger.go:346: RECEIVED EST from 2
INFO: 01:44:13.086011 messenger.go:270: SENT EST to 6
INFO: 01:44:13.086283 messenger.go:270: SENT EST to 0
INFO: 01:44:13.086408 messenger.go:270: SENT EST to 3
INFO: 01:44:13.088714 messenger.go:270: SENT EST to 8
INFO: 01:44:13.090251 messenger.go:346: RECEIVED EST from 6
INFO: 01:44:13.090854 messenger.go:346: RECEIVED EST from 8
INFO: 01:44:13.098122 messenger.go:270: SENT EST to 1
INFO: 01:44:13.098916 messenger.go:346: RECEIVED EST from 5
INFO: 01:44:13.098988 messenger.go:346: RECEIVED EST from 7
INFO: 01:44:13.098997 messenger.go:270: SENT EST to 7
INFO: 01:44:13.098998 messenger.go:270: SENT EST to 5
INFO: 01:44:13.099928 messenger.go:346: RECEIVED EST from 1
INFO: 01:44:13.103575 messenger.go:270: SENT EST to 2
INFO: 01:44:13.104932 messenger.go:346: RECEIVED EST from 9
INFO: 01:44:13.106056 messenger.go:346: RECEIVED EST from 0
INFO: 01:44:13.109751 messenger.go:346: RECEIVED EST from 3
INFO: 01:44:13.123661 messenger.go:346: RECEIVED EST from 2
INFO: 01:44:13.126629 messenger.go:270: SENT EST to 9
INFO: 01:44:13.130315 messenger.go:270: SENT EST to 6
INFO: 01:44:13.130366 messenger.go:270: SENT EST to 3
INFO: 01:44:13.130727 messenger.go:270: SENT EST to 0
INFO: 01:44:13.131516 messenger.go:346: RECEIVED EST from 8
INFO: 01:44:13.134871 messenger.go:346: RECEIVED EST from 5
INFO: 01:44:13.136952 messenger.go:270: SENT EST to 5
INFO: 01:44:13.137123 messenger.go:346: RECEIVED EST from 6
INFO: 01:44:13.144124 messenger.go:270: SENT EST to 7
INFO: 01:44:13.144359 messenger.go:270: SENT EST to 1
INFO: 01:44:13.145032 messenger.go:346: RECEIVED EST from 0
INFO: 01:44:13.145282 messenger.go:346: RECEIVED EST from 7
INFO: 01:44:13.146208 messenger.go:270: SENT EST to 8
INFO: 01:44:13.151056 messenger.go:270: SENT EST to 2
INFO: 01:44:13.177085 messenger.go:346: RECEIVED EST from 3
INFO: 01:44:13.177208 messenger.go:346: RECEIVED EST from 1
INFO: 01:44:13.179623 messenger.go:346: RECEIVED EST from 9
INFO: 01:44:13.180091 messenger.go:346: RECEIVED EST from 8
INFO: 01:44:13.184357 messenger.go:346: RECEIVED EST from 2
INFO: 01:44:13.184929 messenger.go:346: RECEIVED EST from 5
INFO: 01:44:13.187226 messenger.go:270: SENT EST to 9
INFO: 01:44:13.193225 messenger.go:270: SENT EST to 5
INFO: 01:44:13.196168 messenger.go:270: SENT EST to 7
INFO: 01:44:13.197264 messenger.go:270: SENT EST to 1
INFO: 01:44:13.197523 messenger.go:346: RECEIVED EST from 7
INFO: 01:44:13.200813 messenger.go:270: SENT EST to 3
INFO: 01:44:13.204437 messenger.go:270: SENT EST to 0
INFO: 01:44:13.206049 messenger.go:346: RECEIVED EST from 9
INFO: 01:44:13.206619 messenger.go:270: SENT EST to 2
INFO: 01:44:13.207154 messenger.go:270: SENT EST to 8
INFO: 01:44:13.208383 messenger.go:346: RECEIVED EST from 3
INFO: 01:44:13.210571 messenger.go:270: SENT EST to 9
INFO: 01:44:13.214353 messenger.go:270: SENT EST to 1
INFO: 01:44:13.214511 messenger.go:346: RECEIVED EST from 2
INFO: 01:44:13.217214 messenger.go:346: RECEIVED EST from 1
INFO: 01:44:13.219034 messenger.go:270: SENT EST to 6
INFO: 01:44:13.219627 messenger.go:270: SENT EST to 5
INFO: 01:44:13.219910 messenger.go:346: RECEIVED EST from 6
INFO: 01:44:13.221032 messenger.go:270: SENT EST to 7
INFO: 01:44:13.221197 messenger.go:346: RECEIVED EST from 5
INFO: 01:44:13.222081 messenger.go:346: RECEIVED EST from 8
INFO: 01:44:13.225859 messenger.go:270: SENT EST to 8
INFO: 01:44:13.227924 messenger.go:270: SENT EST to 0
INFO: 01:44:13.228342 messenger.go:346: RECEIVED EST from 0
INFO: 01:44:13.232005 messenger.go:346: RECEIVED EST from 9
INFO: 01:44:13.232501 messenger.go:346: RECEIVED EST from 1
INFO: 01:44:13.234345 messenger.go:346: RECEIVED EST from 7
INFO: 01:44:13.251242 messenger.go:270: SENT EST to 3
INFO: 01:44:13.251437 messenger.go:346: RECEIVED EST from 5
INFO: 01:44:13.251985 messenger.go:270: SENT EST to 2
INFO: 01:44:13.252082 messenger.go:270: SENT EST to 6
INFO: 01:44:13.252215 messenger.go:346: RECEIVED EST from 3
INFO: 01:44:13.255016 messenger.go:346: RECEIVED EST from 2
INFO: 01:44:13.257545 messenger.go:270: SENT EST to 9
INFO: 01:44:13.267389 messenger.go:346: RECEIVED EST from 0
INFO: 01:44:13.271107 messenger.go:346: RECEIVED EST from 3
INFO: 01:44:13.271282 messenger.go:346: RECEIVED EST from 8
INFO: 01:44:13.271420 messenger.go:346: RECEIVED EST from 6
INFO: 01:44:13.271918 messenger.go:346: RECEIVED EST from 1
INFO: 01:44:13.273661 messenger.go:346: RECEIVED EST from 2
INFO: 01:44:13.273701 messenger.go:270: SENT EST to 6
INFO: 01:44:13.274940 messenger.go:270: SENT EST to 3
INFO: 01:44:13.275353 messenger.go:270: SENT EST to 2
INFO: 01:44:13.277289 messenger.go:270: SENT EST to 1
INFO: 01:44:13.277453 messenger.go:346: RECEIVED EST from 7
INFO: 01:44:13.278950 messenger.go:270: SENT EST to 7
INFO: 01:44:13.279086 messenger.go:346: RECEIVED EST from 5
INFO: 01:44:13.282777 messenger.go:270: SENT EST to 5
INFO: 01:44:13.283686 messenger.go:346: RECEIVED EST from 1
INFO: 01:44:13.285275 messenger.go:346: RECEIVED EST from 7
INFO: 01:44:13.293586 messenger.go:270: SENT EST to 9
INFO: 01:44:13.293928 messenger.go:270: SENT EST to 8
INFO: 01:44:13.294059 messenger.go:346: RECEIVED EST from 9
INFO: 01:44:13.295834 messenger.go:346: RECEIVED EST from 3
INFO: 01:44:13.302458 messenger.go:270: SENT EST to 0
INFO: 01:44:13.306480 messenger.go:346: RECEIVED EST from 8
INFO: 01:44:13.308919 messenger.go:346: RECEIVED EST from 6
INFO: 01:44:13.314500 messenger.go:270: SENT EST to 1
INFO: 01:44:13.314734 messenger.go:346: RECEIVED EST from 7
INFO: 01:44:13.314887 messenger.go:346: RECEIVED EST from 5
INFO: 01:44:13.314965 messenger.go:346: RECEIVED EST from 1
INFO: 01:44:13.315095 messenger.go:270: SENT EST to 6
INFO: 01:44:13.315303 messenger.go:346: RECEIVED EST from 2
INFO: 01:44:13.315361 messenger.go:270: SENT EST to 2
INFO: 01:44:13.315414 messenger.go:270: SENT EST to 3
INFO: 01:44:13.315450 messenger.go:270: SENT EST to 5
INFO: 01:44:13.318093 messenger.go:346: RECEIVED EST from 0
INFO: 01:44:13.318215 messenger.go:270: SENT EST to 7
INFO: 01:44:13.318356 messenger.go:346: RECEIVED EST from 3
INFO: 01:44:13.344497 messenger.go:270: SENT EST to 9
INFO: 01:44:13.345155 messenger.go:270: SENT EST to 8
INFO: 01:44:13.345339 messenger.go:346: RECEIVED EST from 9
INFO: 01:44:13.345528 messenger.go:346: RECEIVED EST from 7
INFO: 01:44:13.345629 messenger.go:270: SENT EST to 0
INFO: 01:44:13.346328 messenger.go:346: RECEIVED EST from 1
INFO: 01:44:13.346885 messenger.go:346: RECEIVED EST from 5
INFO: 01:44:13.350471 messenger.go:346: RECEIVED EST from 7
INFO: 01:44:13.352540 messenger.go:346: RECEIVED EST from 2
INFO: 01:44:13.355647 messenger.go:270: SENT EST to 9
INFO: 01:44:13.355770 messenger.go:270: SENT EST to 3
INFO: 01:44:13.356026 messenger.go:270: SENT EST to 7
INFO: 01:44:13.357609 messenger.go:346: RECEIVED EST from 9
INFO: 01:44:13.357669 messenger.go:270: SENT EST to 6
INFO: 01:44:13.363651 messenger.go:270: SENT EST to 2
INFO: 01:44:13.364479 messenger.go:270: SENT EST to 5
INFO: 01:44:13.364993 messenger.go:346: RECEIVED EST from 3
INFO: 01:44:13.365500 messenger.go:346: RECEIVED EST from 6
INFO: 01:44:13.366115 messenger.go:270: SENT EST to 9
INFO: 01:44:13.391582 messenger.go:270: SENT EST to 1
INFO: 01:44:13.391895 messenger.go:346: RECEIVED EST from 8
INFO: 01:44:13.397269 messenger.go:270: SENT EST to 0
INFO: 01:44:13.397607 messenger.go:346: RECEIVED EST from 1
INFO: 01:44:13.397807 messenger.go:346: RECEIVED EST from 7
INFO: 01:44:13.398341 messenger.go:346: RECEIVED EST from 0
INFO: 01:44:13.398791 messenger.go:346: RECEIVED EST from 5
INFO: 01:44:13.398344 messenger.go:270: SENT EST to 8
INFO: 01:44:13.470876 messenger.go:270: SENT EST to 0
INFO: 01:44:13.471774 messenger.go:346: RECEIVED EST from 2
INFO: 01:44:13.472926 messenger.go:346: RECEIVED EST from 8
INFO: 01:44:13.473123 messenger.go:346: RECEIVED EST from 9
INFO: 01:44:13.473984 messenger.go:346: RECEIVED EST from 5
INFO: 01:44:13.475473 messenger.go:346: RECEIVED EST from 3
INFO: 01:44:13.478011 messenger.go:346: RECEIVED EST from 1
INFO: 01:44:13.479411 messenger.go:346: RECEIVED EST from 6
INFO: 01:44:13.496103 messenger.go:270: SENT EST to 5
INFO: 01:44:13.496212 messenger.go:270: SENT EST to 1
INFO: 01:44:13.496366 messenger.go:270: SENT EST to 8
INFO: 01:44:13.496655 messenger.go:270: SENT EST to 7
INFO: 01:44:13.497005 messenger.go:346: RECEIVED EST from 0
INFO: 01:44:13.497566 messenger.go:270: SENT EST to 9
INFO: 01:44:13.497664 messenger.go:270: SENT EST to 6
INFO: 01:44:13.497834 messenger.go:346: RECEIVED EST from 3
INFO: 01:44:13.497866 messenger.go:346: RECEIVED EST from 7
INFO: 01:44:13.500507 messenger.go:270: SENT EST to 0
INFO: 01:44:13.501310 messenger.go:346: RECEIVED EST from 8
INFO: 01:44:13.510431 messenger.go:346: RECEIVED EST from 8
INFO: 01:44:13.512967 messenger.go:346: RECEIVED EST from 5
INFO: 01:44:13.513052 messenger.go:270: SENT EST to 0
INFO: 01:44:13.513079 messenger.go:270: SENT EST to 1
INFO: 01:44:13.513560 messenger.go:270: SENT EST to 3
INFO: 01:44:13.513778 messenger.go:346: RECEIVED EST from 1
INFO: 01:44:13.514074 messenger.go:346: RECEIVED EST from 0
INFO: 01:44:13.514143 messenger.go:270: SENT EST to 1
INFO: 01:44:13.523879 messenger.go:346: RECEIVED EST from 0
INFO: 01:44:13.524887 messenger.go:346: RECEIVED EST from 9
INFO: 01:44:13.526364 messenger.go:270: SENT EST to 9
INFO: 01:44:13.532513 messenger.go:346: RECEIVED EST from 7
INFO: 01:44:13.533194 messenger.go:270: SENT EST to 2
INFO: 01:44:13.534434 messenger.go:270: SENT EST to 3
INFO: 01:44:13.534884 messenger.go:270: SENT EST to 5
INFO: 01:44:13.535730 messenger.go:270: SENT EST to 8
INFO: 01:44:13.535986 messenger.go:270: SENT EST to 9
INFO: 01:44:13.539418 messenger.go:270: SENT EST to 0
INFO: 01:44:13.539567 messenger.go:346: RECEIVED EST from 2
INFO: 01:44:13.542719 messenger.go:346: RECEIVED EST from 8
INFO: 01:44:13.543155 messenger.go:346: RECEIVED EST from 5
INFO: 01:44:13.543986 messenger.go:346: RECEIVED EST from 9
INFO: 01:44:13.545003 messenger.go:270: SENT EST to 1
INFO: 01:44:13.547558 messenger.go:346: RECEIVED EST from 1
INFO: 01:44:13.553515 messenger.go:346: RECEIVED EST from 3
INFO: 01:44:13.558665 messenger.go:346: RECEIVED EST from 0
INFO: 01:44:13.562293 messenger.go:346: RECEIVED EST from 6
INFO: 01:44:13.566845 messenger.go:270: SENT EST to 6
INFO: 01:44:13.567097 messenger.go:346: RECEIVED EST from 0
INFO: 01:44:13.572698 messenger.go:270: SENT EST to 7
