INFO: 21:37:05.892796 main.go:29: ID:5 | N:10 | F:3 | Clients:1 | Scenario:NORMAL | Remote:false

INFO: 21:37:05.893680 messenger.go:90: Receive from Server 0 on tcp://*:4500
INFO: 21:37:05.893944 messenger.go:107: Send to Server 0 on tcp://localhost:4005
INFO: 21:37:05.894061 messenger.go:90: Receive from Server 1 on tcp://*:4501
INFO: 21:37:05.894154 messenger.go:107: Send to Server 1 on tcp://localhost:4105
INFO: 21:37:05.894252 messenger.go:90: Receive from Server 2 on tcp://*:4502
INFO: 21:37:05.894447 messenger.go:107: Send to Server 2 on tcp://localhost:4205
INFO: 21:37:05.894501 messenger.go:90: Receive from Server 3 on tcp://*:4503
INFO: 21:37:05.894541 messenger.go:107: Send to Server 3 on tcp://localhost:4305
INFO: 21:37:05.894574 messenger.go:90: Receive from Server 4 on tcp://*:4504
INFO: 21:37:05.911069 messenger.go:107: Send to Server 4 on tcp://localhost:4405
INFO: 21:37:05.911243 messenger.go:90: Receive from Server 6 on tcp://*:4506
INFO: 21:37:05.911303 messenger.go:107: Send to Server 6 on tcp://localhost:4605
INFO: 21:37:05.911375 messenger.go:90: Receive from Server 7 on tcp://*:4507
INFO: 21:37:05.911418 messenger.go:107: Send to Server 7 on tcp://localhost:4705
INFO: 21:37:05.911485 messenger.go:90: Receive from Server 8 on tcp://*:4508
INFO: 21:37:05.911532 messenger.go:107: Send to Server 8 on tcp://localhost:4805
INFO: 21:37:05.911608 messenger.go:90: Receive from Server 9 on tcp://*:4509
INFO: 21:37:05.911652 messenger.go:107: Send to Server 9 on tcp://localhost:4905
INFO: 21:37:05.911692 messenger.go:113: -----------------------------------------
INFO: 21:37:05.911744 messenger.go:135: Requests from Client 0 on tcp://*:7500
INFO: 21:37:05.911815 messenger.go:152: Response to Client 0 on tcp://*:10500
INFO: 21:37:05.911835 messenger.go:155: -----------------------------------------

INFO: 21:37:05.930518 main.go:83: Initial estimate value:  1
INFO: 21:37:05.960217 messenger.go:346: RECEIVED EST from 7
INFO: 21:37:05.961804 messenger.go:270: SENT EST to 0
INFO: 21:37:05.962746 messenger.go:270: SENT EST to 7
INFO: 21:37:05.966946 messenger.go:346: RECEIVED EST from 6
INFO: 21:37:05.970223 messenger.go:346: RECEIVED EST from 4
INFO: 21:37:05.970397 messenger.go:270: SENT EST to 8
INFO: 21:37:05.970614 messenger.go:346: RECEIVED EST from 8
INFO: 21:37:05.970988 messenger.go:346: RECEIVED EST from 9
INFO: 21:37:05.973515 messenger.go:346: RECEIVED EST from 2
INFO: 21:37:05.979791 messenger.go:346: RECEIVED EST from 3
INFO: 21:37:05.984266 messenger.go:346: RECEIVED EST from 1
INFO: 21:37:06.016351 messenger.go:270: SENT EST to 2
INFO: 21:37:06.023073 messenger.go:270: SENT EST to 3
INFO: 21:37:06.030134 messenger.go:270: SENT EST to 9
INFO: 21:37:06.047858 messenger.go:270: SENT EST to 4
INFO: 21:37:06.077667 messenger.go:270: SENT EST to 1
INFO: 21:37:06.091042 messenger.go:346: RECEIVED EST from 0
INFO: 21:37:06.112798 messenger.go:270: SENT EST to 6
