INFO: 21:43:42.651657 main.go:29: ID:5 | N:10 | F:3 | Clients:1 | Scenario:NORMAL | Remote:false

INFO: 21:43:42.667291 messenger.go:90: Receive from Server 0 on tcp://*:4500
INFO: 21:43:42.669328 messenger.go:107: Send to Server 0 on tcp://localhost:4005
INFO: 21:43:42.673666 messenger.go:90: Receive from Server 1 on tcp://*:4501
INFO: 21:43:42.675041 messenger.go:107: Send to Server 1 on tcp://localhost:4105
INFO: 21:43:42.675411 messenger.go:90: Receive from Server 2 on tcp://*:4502
INFO: 21:43:42.675497 messenger.go:107: Send to Server 2 on tcp://localhost:4205
INFO: 21:43:42.677047 messenger.go:90: Receive from Server 3 on tcp://*:4503
INFO: 21:43:42.677171 messenger.go:107: Send to Server 3 on tcp://localhost:4305
INFO: 21:43:42.677317 messenger.go:90: Receive from Server 4 on tcp://*:4504
INFO: 21:43:42.677576 messenger.go:107: Send to Server 4 on tcp://localhost:4405
INFO: 21:43:42.685261 messenger.go:90: Receive from Server 6 on tcp://*:4506
INFO: 21:43:42.685888 messenger.go:107: Send to Server 6 on tcp://localhost:4605
INFO: 21:43:42.690111 messenger.go:90: Receive from Server 7 on tcp://*:4507
INFO: 21:43:42.690210 messenger.go:107: Send to Server 7 on tcp://localhost:4705
INFO: 21:43:42.690319 messenger.go:90: Receive from Server 8 on tcp://*:4508
INFO: 21:43:42.690696 messenger.go:107: Send to Server 8 on tcp://localhost:4805
INFO: 21:43:42.692548 messenger.go:90: Receive from Server 9 on tcp://*:4509
INFO: 21:43:42.692868 messenger.go:107: Send to Server 9 on tcp://localhost:4905
INFO: 21:43:42.693223 messenger.go:113: -----------------------------------------
INFO: 21:43:42.694996 messenger.go:135: Requests from Client 0 on tcp://*:7500
INFO: 21:43:42.695162 messenger.go:152: Response to Client 0 on tcp://*:10500
INFO: 21:43:42.695212 messenger.go:155: -----------------------------------------

INFO: 21:43:42.755722 main.go:83: Initial estimate value:  1
INFO: 21:43:42.959185 messenger.go:346: RECEIVED EST from 7
INFO: 21:43:42.971636 messenger.go:346: RECEIVED EST from 4
INFO: 21:43:42.975793 messenger.go:270: SENT EST to 9
INFO: 21:43:42.973553 messenger.go:346: RECEIVED EST from 3
INFO: 21:43:42.977764 messenger.go:270: SENT EST to 6
INFO: 21:43:42.975804 messenger.go:270: SENT EST to 2
INFO: 21:43:42.976626 messenger.go:346: RECEIVED EST from 6
INFO: 21:43:42.977484 messenger.go:346: RECEIVED EST from 8
INFO: 21:43:42.977491 messenger.go:270: SENT EST to 7
INFO: 21:43:42.977760 messenger.go:346: RECEIVED EST from 0
INFO: 21:43:42.982836 messenger.go:270: SENT EST to 4
INFO: 21:43:42.978036 messenger.go:346: RECEIVED EST from 2
INFO: 21:43:42.978123 messenger.go:346: RECEIVED EST from 9
INFO: 21:43:42.982839 messenger.go:270: SENT EST to 8
INFO: 21:43:42.982832 messenger.go:270: SENT EST to 0
INFO: 21:43:42.982857 messenger.go:270: SENT EST to 3
INFO: 21:43:42.988426 messenger.go:270: SENT EST to 1
INFO: 21:43:42.993617 messenger.go:346: RECEIVED EST from 1
