INFO: 01:44:09.542761 main.go:29: ID:5 | N:10 | F:3 | Clients:1 | Scenario:NORMAL | Remote:false

INFO: 01:44:09.544671 messenger.go:90: Receive from Server 0 on tcp://*:4500
INFO: 01:44:09.545701 messenger.go:107: Send to Server 0 on tcp://localhost:4005
INFO: 01:44:09.574661 messenger.go:90: Receive from Server 1 on tcp://*:4501
INFO: 01:44:09.574719 messenger.go:107: Send to Server 1 on tcp://localhost:4105
INFO: 01:44:09.574775 messenger.go:90: Receive from Server 2 on tcp://*:4502
INFO: 01:44:09.574821 messenger.go:107: Send to Server 2 on tcp://localhost:4205
INFO: 01:44:09.574849 messenger.go:90: Receive from Server 3 on tcp://*:4503
INFO: 01:44:09.574883 messenger.go:107: Send to Server 3 on tcp://localhost:4305
INFO: 01:44:09.574930 messenger.go:90: Receive from Server 4 on tcp://*:4504
INFO: 01:44:09.574955 messenger.go:107: Send to Server 4 on tcp://localhost:4405
INFO: 01:44:09.574978 messenger.go:90: Receive from Server 6 on tcp://*:4506
INFO: 01:44:09.575000 messenger.go:107: Send to Server 6 on tcp://localhost:4605
INFO: 01:44:09.575026 messenger.go:90: Receive from Server 7 on tcp://*:4507
INFO: 01:44:09.575046 messenger.go:107: Send to Server 7 on tcp://localhost:4705
INFO: 01:44:09.575068 messenger.go:90: Receive from Server 8 on tcp://*:4508
INFO: 01:44:09.575091 messenger.go:107: Send to Server 8 on tcp://localhost:4805
INFO: 01:44:09.575116 messenger.go:90: Receive from Server 9 on tcp://*:4509
INFO: 01:44:09.575138 messenger.go:107: Send to Server 9 on tcp://localhost:4905
INFO: 01:44:09.575149 messenger.go:113: -----------------------------------------
INFO: 01:44:09.575172 messenger.go:135: Requests from Client 0 on tcp://*:7500
INFO: 01:44:09.575199 messenger.go:152: Response to Client 0 on tcp://*:10500
INFO: 01:44:09.575205 messenger.go:155: -----------------------------------------

INFO: 01:44:09.614263 main.go:83: Initial estimate value:  0
INFO: 01:44:09.784956 messenger.go:346: RECEIVED EST from 7
INFO: 01:44:09.789162 messenger.go:346: RECEIVED EST from 9
INFO: 01:44:09.806912 messenger.go:270: SENT EST to 7
INFO: 01:44:09.819079 messenger.go:346: RECEIVED EST from 1
INFO: 01:44:09.830307 messenger.go:270: SENT EST to 4
INFO: 01:44:09.836167 messenger.go:346: RECEIVED EST from 0
INFO: 01:44:09.842048 messenger.go:346: RECEIVED EST from 8
INFO: 01:44:09.842126 messenger.go:270: SENT EST to 0
INFO: 01:44:09.842771 messenger.go:270: SENT EST to 9
INFO: 01:44:09.842815 messenger.go:270: SENT EST to 1
INFO: 01:44:09.858534 messenger.go:346: RECEIVED EST from 3
INFO: 01:44:09.858596 messenger.go:270: SENT EST to 6
INFO: 01:44:09.858802 messenger.go:270: SENT EST to 0
INFO: 01:44:09.862754 messenger.go:270: SENT EST to 2
INFO: 01:44:09.863478 messenger.go:270: SENT EST to 3
INFO: 01:44:09.865664 messenger.go:346: RECEIVED EST from 4
INFO: 01:44:09.865748 messenger.go:270: SENT EST to 8
INFO: 01:44:09.868002 messenger.go:346: RECEIVED EST from 6
INFO: 01:44:09.876806 messenger.go:346: RECEIVED EST from 2
INFO: 01:44:09.879163 messenger.go:270: SENT EST to 4
INFO: 01:44:09.879266 messenger.go:270: SENT EST to 3
INFO: 01:44:09.881108 messenger.go:346: RECEIVED EST from 0
INFO: 01:44:09.881817 messenger.go:270: SENT EST to 0
INFO: 01:44:09.910786 messenger.go:270: SENT EST to 1
INFO: 01:44:09.911491 messenger.go:270: SENT EST to 7
INFO: 01:44:09.913269 messenger.go:346: RECEIVED EST from 4
INFO: 01:44:09.916590 messenger.go:346: RECEIVED EST from 1
INFO: 01:44:09.916985 messenger.go:346: RECEIVED EST from 6
INFO: 01:44:09.917132 messenger.go:346: RECEIVED EST from 7
INFO: 01:44:09.920754 messenger.go:346: RECEIVED EST from 0
INFO: 01:44:09.920828 messenger.go:270: SENT EST to 0
INFO: 01:44:09.921081 messenger.go:270: SENT EST to 6
INFO: 01:44:09.921133 messenger.go:270: SENT EST to 8
INFO: 01:44:09.923060 messenger.go:346: RECEIVED EST from 3
INFO: 01:44:09.923252 messenger.go:346: RECEIVED EST from 8
INFO: 01:44:09.924242 messenger.go:346: RECEIVED EST from 7
INFO: 01:44:09.924688 messenger.go:346: RECEIVED EST from 2
INFO: 01:44:09.925901 messenger.go:346: RECEIVED EST from 9
INFO: 01:44:09.925964 messenger.go:270: SENT EST to 1
INFO: 01:44:09.926681 messenger.go:270: SENT EST to 9
INFO: 01:44:09.927386 messenger.go:346: RECEIVED EST from 9
INFO: 01:44:09.929436 messenger.go:270: SENT EST to 2
INFO: 01:44:09.967993 messenger.go:270: SENT EST to 0
INFO: 01:44:09.978163 messenger.go:346: RECEIVED EST from 6
INFO: 01:44:09.978575 messenger.go:346: RECEIVED EST from 4
INFO: 01:44:09.980531 messenger.go:346: RECEIVED EST from 3
INFO: 01:44:09.980881 messenger.go:270: SENT EST to 1
INFO: 01:44:09.983349 messenger.go:346: RECEIVED EST from 7
INFO: 01:44:09.983960 messenger.go:346: RECEIVED EST from 8
INFO: 01:44:09.984227 messenger.go:346: RECEIVED EST from 9
INFO: 01:44:09.987717 messenger.go:270: SENT EST to 2
INFO: 01:44:09.988457 messenger.go:270: SENT EST to 7
INFO: 01:44:09.988656 messenger.go:346: RECEIVED EST from 1
INFO: 01:44:09.989574 messenger.go:346: RECEIVED EST from 2
INFO: 01:44:09.989656 messenger.go:270: SENT EST to 3
INFO: 01:44:09.990247 messenger.go:270: SENT EST to 8
INFO: 01:44:09.990620 messenger.go:270: SENT EST to 2
INFO: 01:44:09.996906 messenger.go:346: RECEIVED EST from 7
INFO: 01:44:09.997433 messenger.go:270: SENT EST to 2
INFO: 01:44:09.997652 messenger.go:346: RECEIVED EST from 0
INFO: 01:44:09.997735 messenger.go:270: SENT EST to 3
INFO: 01:44:09.999354 messenger.go:270: SENT EST to 1
INFO: 01:44:10.005877 messenger.go:270: SENT EST to 3
INFO: 01:44:10.008295 messenger.go:270: SENT EST to 4
INFO: 01:44:10.009939 messenger.go:270: SENT EST to 9
INFO: 01:44:10.010448 messenger.go:346: RECEIVED EST from 1
INFO: 01:44:10.010595 messenger.go:270: SENT EST to 4
INFO: 01:44:10.011722 messenger.go:346: RECEIVED EST from 8
INFO: 01:44:10.014342 messenger.go:346: RECEIVED EST from 3
INFO: 01:44:10.014908 messenger.go:270: SENT EST to 4
INFO: 01:44:10.021661 messenger.go:346: RECEIVED EST from 1
INFO: 01:44:10.030936 messenger.go:270: SENT EST to 6
INFO: 01:44:10.037732 messenger.go:270: SENT EST to 6
INFO: 01:44:10.041945 messenger.go:346: RECEIVED EST from 7
INFO: 01:44:10.042114 messenger.go:346: RECEIVED EST from 8
INFO: 01:44:10.042269 messenger.go:346: RECEIVED EST from 2
INFO: 01:44:10.042417 messenger.go:346: RECEIVED EST from 9
INFO: 01:44:10.042645 messenger.go:346: RECEIVED EST from 4
INFO: 01:44:10.043377 messenger.go:346: RECEIVED EST from 4
INFO: 01:44:10.054771 messenger.go:346: RECEIVED EST from 9
INFO: 01:44:10.054966 messenger.go:346: RECEIVED EST from 7
INFO: 01:44:10.055339 messenger.go:346: RECEIVED EST from 6
INFO: 01:44:10.055496 messenger.go:346: RECEIVED EST from 0
INFO: 01:44:10.068242 messenger.go:270: SENT EST to 0
INFO: 01:44:10.068398 messenger.go:346: RECEIVED EST from 6
INFO: 01:44:10.068455 messenger.go:270: SENT EST to 7
INFO: 01:44:10.069199 messenger.go:270: SENT EST to 7
INFO: 01:44:10.069228 messenger.go:270: SENT EST to 6
INFO: 01:44:10.069503 messenger.go:270: SENT EST to 9
INFO: 01:44:10.070002 messenger.go:270: SENT EST to 2
INFO: 01:44:10.070909 messenger.go:346: RECEIVED EST from 0
INFO: 01:44:10.070967 messenger.go:270: SENT EST to 8
INFO: 01:44:10.071779 messenger.go:270: SENT EST to 6
INFO: 01:44:10.080258 messenger.go:270: SENT EST to 4
INFO: 01:44:10.089127 messenger.go:346: RECEIVED EST from 8
INFO: 01:44:10.120647 messenger.go:270: SENT EST to 8
INFO: 01:44:10.122509 messenger.go:346: RECEIVED EST from 3
INFO: 01:44:10.123329 messenger.go:346: RECEIVED EST from 3
INFO: 01:44:10.126902 messenger.go:346: RECEIVED EST from 0
INFO: 01:44:10.121452 messenger.go:270: SENT EST to 7
INFO: 01:44:10.121984 messenger.go:346: RECEIVED EST from 9
INFO: 01:44:10.124300 messenger.go:346: RECEIVED EST from 8
INFO: 01:44:10.127195 messenger.go:270: SENT EST to 3
INFO: 01:44:10.127455 messenger.go:346: RECEIVED EST from 7
INFO: 01:44:10.127510 messenger.go:270: SENT EST to 1
INFO: 01:44:10.127665 messenger.go:346: RECEIVED EST from 6
INFO: 01:44:10.128242 messenger.go:346: RECEIVED EST from 4
INFO: 01:44:10.141340 messenger.go:270: SENT EST to 7
INFO: 01:44:10.142329 messenger.go:270: SENT EST to 9
INFO: 01:44:10.144749 messenger.go:346: RECEIVED EST from 4
INFO: 01:44:10.144808 messenger.go:270: SENT EST to 1
INFO: 01:44:10.146538 messenger.go:346: RECEIVED EST from 1
INFO: 01:44:10.147973 messenger.go:346: RECEIVED EST from 8
INFO: 01:44:10.148255 messenger.go:270: SENT EST to 4
INFO: 01:44:10.148473 messenger.go:346: RECEIVED EST from 9
INFO: 01:44:10.154770 messenger.go:270: SENT EST to 0
INFO: 01:44:10.159338 messenger.go:346: RECEIVED EST from 8
INFO: 01:44:10.159434 messenger.go:270: SENT EST to 9
INFO: 01:44:10.160592 messenger.go:270: SENT EST to 2
INFO: 01:44:10.161417 messenger.go:270: SENT EST to 2
INFO: 01:44:10.161619 messenger.go:346: RECEIVED EST from 2
INFO: 01:44:10.163890 messenger.go:270: SENT EST to 1
INFO: 01:44:10.167462 messenger.go:346: RECEIVED EST from 2
INFO: 01:44:10.173524 messenger.go:270: SENT EST to 8
INFO: 01:44:10.194424 messenger.go:270: SENT EST to 6
INFO: 01:44:10.194548 messenger.go:270: SENT EST to 3
INFO: 01:44:10.195562 messenger.go:346: RECEIVED EST from 9
INFO: 01:44:10.196580 messenger.go:346: RECEIVED EST from 6
INFO: 01:44:10.196995 messenger.go:346: RECEIVED EST from 3
INFO: 01:44:10.198305 messenger.go:346: RECEIVED EST from 4
INFO: 01:44:10.207504 messenger.go:346: RECEIVED EST from 8
INFO: 01:44:10.207552 messenger.go:270: SENT EST to 9
INFO: 01:44:10.207566 messenger.go:270: SENT EST to 8
INFO: 01:44:10.210002 messenger.go:270: SENT EST to 0
INFO: 01:44:10.210253 messenger.go:270: SENT EST to 8
INFO: 01:44:10.211041 messenger.go:346: RECEIVED EST from 0
INFO: 01:44:10.211276 messenger.go:346: RECEIVED EST from 1
INFO: 01:44:10.212085 messenger.go:270: SENT EST to 3
INFO: 01:44:10.212236 messenger.go:270: SENT EST to 1
INFO: 01:44:10.212991 messenger.go:270: SENT EST to 0
INFO: 01:44:10.215221 messenger.go:346: RECEIVED EST from 7
INFO: 01:44:10.215331 messenger.go:270: SENT EST to 9
INFO: 01:44:10.215365 messenger.go:270: SENT EST to 3
INFO: 01:44:10.229460 messenger.go:346: RECEIVED EST from 2
INFO: 01:44:10.244519 messenger.go:270: SENT EST to 6
INFO: 01:44:10.244666 messenger.go:346: RECEIVED EST from 6
INFO: 01:44:10.244861 messenger.go:270: SENT EST to 2
INFO: 01:44:10.245481 messenger.go:346: RECEIVED EST from 9
INFO: 01:44:10.245553 messenger.go:270: SENT EST to 4
INFO: 01:44:10.248358 messenger.go:270: SENT EST to 0
INFO: 01:44:10.248761 messenger.go:346: RECEIVED EST from 3
INFO: 01:44:10.248973 messenger.go:270: SENT EST to 7
INFO: 01:44:10.257140 messenger.go:270: SENT EST to 7
INFO: 01:44:10.257308 messenger.go:346: RECEIVED EST from 7
INFO: 01:44:10.249488 messenger.go:346: RECEIVED EST from 3
INFO: 01:44:10.249691 messenger.go:346: RECEIVED EST from 8
INFO: 01:44:10.267077 messenger.go:346: RECEIVED EST from 1
INFO: 01:44:10.267161 messenger.go:270: SENT EST to 4
INFO: 01:44:10.267346 messenger.go:346: RECEIVED EST from 0
INFO: 01:44:10.267559 messenger.go:346: RECEIVED EST from 4
INFO: 01:44:10.283996 messenger.go:270: SENT EST to 6
INFO: 01:44:10.284449 messenger.go:346: RECEIVED EST from 3
INFO: 01:44:10.284648 messenger.go:346: RECEIVED EST from 6
INFO: 01:44:10.284811 messenger.go:346: RECEIVED EST from 8
INFO: 01:44:10.285459 messenger.go:270: SENT EST to 1
INFO: 01:44:10.285600 messenger.go:270: SENT EST to 9
INFO: 01:44:10.285830 messenger.go:346: RECEIVED EST from 9
INFO: 01:44:10.286073 messenger.go:346: RECEIVED EST from 2
INFO: 01:44:10.291582 messenger.go:270: SENT EST to 1
INFO: 01:44:10.292044 messenger.go:346: RECEIVED EST from 1
INFO: 01:44:10.292352 messenger.go:270: SENT EST to 2
INFO: 01:44:10.293180 messenger.go:270: SENT EST to 8
INFO: 01:44:10.293318 messenger.go:270: SENT EST to 6
INFO: 01:44:10.312162 messenger.go:346: RECEIVED EST from 2
INFO: 01:44:10.312251 messenger.go:270: SENT EST to 0
INFO: 01:44:10.314651 messenger.go:270: SENT EST to 9
INFO: 01:44:10.315077 messenger.go:270: SENT EST to 7
INFO: 01:44:10.315197 messenger.go:270: SENT EST to 3
INFO: 01:44:10.315778 messenger.go:270: SENT EST to 1
INFO: 01:44:10.315957 messenger.go:346: RECEIVED EST from 4
INFO: 01:44:10.315959 messenger.go:270: SENT EST to 4
INFO: 01:44:10.316369 messenger.go:270: SENT EST to 0
INFO: 01:44:10.316489 messenger.go:346: RECEIVED EST from 8
INFO: 01:44:10.316591 messenger.go:346: RECEIVED EST from 2
INFO: 01:44:10.316594 messenger.go:270: SENT EST to 8
INFO: 01:44:10.319031 messenger.go:346: RECEIVED EST from 0
INFO: 01:44:10.319039 messenger.go:270: SENT EST to 2
INFO: 01:44:10.319334 messenger.go:346: RECEIVED EST from 0
INFO: 01:44:10.319849 messenger.go:346: RECEIVED EST from 7
INFO: 01:44:10.328913 messenger.go:270: SENT EST to 9
INFO: 01:44:10.328985 messenger.go:270: SENT EST to 1
INFO: 01:44:10.329007 messenger.go:270: SENT EST to 8
INFO: 01:44:10.330807 messenger.go:346: RECEIVED EST from 1
INFO: 01:44:10.331530 messenger.go:270: SENT EST to 0
INFO: 01:44:10.331650 messenger.go:346: RECEIVED EST from 1
INFO: 01:44:10.331792 messenger.go:270: SENT EST to 3
INFO: 01:44:10.334213 messenger.go:346: RECEIVED EST from 8
INFO: 01:44:10.334377 messenger.go:346: RECEIVED EST from 3
INFO: 01:44:10.337613 messenger.go:270: SENT EST to 7
INFO: 01:44:10.337940 messenger.go:346: RECEIVED EST from 9
INFO: 01:44:10.338048 messenger.go:270: SENT EST to 2
INFO: 01:44:10.344739 messenger.go:346: RECEIVED EST from 6
INFO: 01:44:10.348445 messenger.go:346: RECEIVED EST from 2
INFO: 01:44:10.348535 messenger.go:270: SENT EST to 3
INFO: 01:44:10.353554 messenger.go:346: RECEIVED EST from 7
INFO: 01:44:10.370301 messenger.go:270: SENT EST to 2
INFO: 01:44:10.370966 messenger.go:270: SENT EST to 3
INFO: 01:44:10.371963 messenger.go:346: RECEIVED EST from 4
INFO: 01:44:10.372049 messenger.go:270: SENT EST to 4
INFO: 01:44:10.374294 messenger.go:346: RECEIVED EST from 0
INFO: 01:44:10.375458 messenger.go:346: RECEIVED EST from 3
INFO: 01:44:10.399650 messenger.go:270: SENT EST to 6
INFO: 01:44:10.416146 messenger.go:346: RECEIVED EST from 7
INFO: 01:44:10.416895 messenger.go:346: RECEIVED EST from 1
INFO: 01:44:10.416948 messenger.go:270: SENT EST to 4
INFO: 01:44:10.417886 messenger.go:346: RECEIVED EST from 0
INFO: 01:44:10.420303 messenger.go:346: RECEIVED EST from 8
INFO: 01:44:10.400264 messenger.go:346: RECEIVED EST from 9
INFO: 01:44:10.425476 messenger.go:346: RECEIVED EST from 6
INFO: 01:44:10.426472 messenger.go:270: SENT EST to 1
INFO: 01:44:10.430668 messenger.go:270: SENT EST to 0
INFO: 01:44:10.434091 messenger.go:346: RECEIVED EST from 4
INFO: 01:44:10.434405 messenger.go:270: SENT EST to 4
INFO: 01:44:10.448988 messenger.go:346: RECEIVED EST from 2
INFO: 01:44:10.449183 messenger.go:270: SENT EST to 2
INFO: 01:44:10.450566 messenger.go:346: RECEIVED EST from 3
INFO: 01:44:10.450978 messenger.go:270: SENT EST to 9
INFO: 01:44:10.451128 messenger.go:346: RECEIVED EST from 1
INFO: 01:44:10.452196 messenger.go:270: SENT EST to 7
INFO: 01:44:10.452837 messenger.go:346: RECEIVED EST from 9
INFO: 01:44:10.453176 messenger.go:270: SENT EST to 4
INFO: 01:44:10.458419 messenger.go:346: RECEIVED EST from 9
INFO: 01:44:10.460664 messenger.go:346: RECEIVED EST from 9
INFO: 01:44:10.463038 messenger.go:346: RECEIVED EST from 0
INFO: 01:44:10.464552 messenger.go:346: RECEIVED EST from 4
INFO: 01:44:10.465724 messenger.go:270: SENT EST to 3
INFO: 01:44:10.466323 messenger.go:346: RECEIVED EST from 7
INFO: 01:44:10.467000 messenger.go:346: RECEIVED EST from 7
INFO: 01:44:10.478066 messenger.go:346: RECEIVED EST from 1
INFO: 01:44:10.479101 messenger.go:346: RECEIVED EST from 3
INFO: 01:44:10.480044 messenger.go:346: RECEIVED EST from 6
INFO: 01:44:10.484360 messenger.go:270: SENT EST to 6
INFO: 01:44:10.486084 messenger.go:270: SENT EST to 7
INFO: 01:44:10.489349 messenger.go:270: SENT EST to 6
INFO: 01:44:10.490599 messenger.go:270: SENT EST to 7
INFO: 01:44:10.491016 messenger.go:270: SENT EST to 6
INFO: 01:44:10.491344 messenger.go:346: RECEIVED EST from 6
INFO: 01:44:10.492571 messenger.go:346: RECEIVED EST from 1
INFO: 01:44:10.498333 messenger.go:270: SENT EST to 8
INFO: 01:44:10.499217 messenger.go:270: SENT EST to 9
INFO: 01:44:10.502435 messenger.go:270: SENT EST to 8
INFO: 01:44:10.504713 messenger.go:270: SENT EST to 2
INFO: 01:44:10.505013 messenger.go:270: SENT EST to 3
INFO: 01:44:10.505677 messenger.go:270: SENT EST to 9
INFO: 01:44:10.505717 messenger.go:270: SENT EST to 4
INFO: 01:44:10.505757 messenger.go:270: SENT EST to 0
INFO: 01:44:10.505822 messenger.go:270: SENT EST to 1
INFO: 01:44:10.506372 messenger.go:270: SENT EST to 0
INFO: 01:44:10.506430 messenger.go:270: SENT EST to 1
INFO: 01:44:10.507145 messenger.go:270: SENT EST to 6
INFO: 01:44:10.507269 messenger.go:270: SENT EST to 6
INFO: 01:44:10.509054 messenger.go:346: RECEIVED EST from 6
INFO: 01:44:10.510147 messenger.go:270: SENT EST to 8
INFO: 01:44:10.510648 messenger.go:270: SENT EST to 7
INFO: 01:44:10.513758 messenger.go:270: SENT EST to 3
INFO: 01:44:10.513782 messenger.go:270: SENT EST to 2
INFO: 01:44:10.513973 messenger.go:270: SENT EST to 4
INFO: 01:44:10.514609 messenger.go:270: SENT EST to 1
INFO: 01:44:10.514671 messenger.go:270: SENT EST to 9
INFO: 01:44:10.514712 messenger.go:270: SENT EST to 0
INFO: 01:44:10.514883 messenger.go:270: SENT EST to 8
INFO: 01:44:10.539985 messenger.go:270: SENT EST to 3
INFO: 01:44:10.540541 messenger.go:346: RECEIVED EST from 2
INFO: 01:44:10.540601 messenger.go:270: SENT EST to 2
INFO: 01:44:10.540939 messenger.go:270: SENT EST to 4
INFO: 01:44:10.541276 messenger.go:346: RECEIVED EST from 9
INFO: 01:44:10.541567 messenger.go:346: RECEIVED EST from 1
INFO: 01:44:10.541866 messenger.go:346: RECEIVED EST from 4
INFO: 01:44:10.542723 messenger.go:270: SENT EST to 9
INFO: 01:44:10.545490 messenger.go:270: SENT EST to 0
INFO: 01:44:10.545600 messenger.go:270: SENT EST to 1
INFO: 01:44:10.546273 messenger.go:346: RECEIVED EST from 0
INFO: 01:44:10.550579 messenger.go:270: SENT EST to 6
INFO: 01:44:10.550900 messenger.go:346: RECEIVED EST from 6
INFO: 01:44:10.551078 messenger.go:270: SENT EST to 6
INFO: 01:44:10.558599 messenger.go:346: RECEIVED EST from 8
INFO: 01:44:10.561872 messenger.go:270: SENT EST to 8
INFO: 01:44:10.562083 messenger.go:346: RECEIVED EST from 3
INFO: 01:44:10.564681 messenger.go:346: RECEIVED EST from 7
INFO: 01:44:10.569317 messenger.go:270: SENT EST to 7
INFO: 01:44:10.597941 messenger.go:270: SENT EST to 3
INFO: 01:44:10.600013 messenger.go:270: SENT EST to 2
INFO: 01:44:10.600509 messenger.go:270: SENT EST to 4
INFO: 01:44:10.600773 messenger.go:346: RECEIVED EST from 1
INFO: 01:44:10.601113 messenger.go:346: RECEIVED EST from 8
INFO: 01:44:10.601361 messenger.go:346: RECEIVED EST from 2
INFO: 01:44:10.601615 messenger.go:346: RECEIVED EST from 9
INFO: 01:44:10.612178 messenger.go:270: SENT EST to 1
INFO: 01:44:10.612346 messenger.go:270: SENT EST to 9
INFO: 01:44:10.616698 messenger.go:346: RECEIVED EST from 3
INFO: 01:44:10.618966 messenger.go:346: RECEIVED EST from 4
INFO: 01:44:10.619253 messenger.go:270: SENT EST to 8
INFO: 01:44:10.619443 messenger.go:270: SENT EST to 2
INFO: 01:44:10.619608 messenger.go:270: SENT EST to 3
INFO: 01:44:10.619631 messenger.go:270: SENT EST to 4
INFO: 01:44:10.619640 messenger.go:270: SENT EST to 0
INFO: 01:44:10.619714 messenger.go:346: RECEIVED EST from 9
INFO: 01:44:10.619808 messenger.go:346: RECEIVED EST from 0
INFO: 01:44:10.619963 messenger.go:346: RECEIVED EST from 2
INFO: 01:44:10.623031 messenger.go:346: RECEIVED EST from 3
INFO: 01:44:10.623268 messenger.go:346: RECEIVED EST from 4
INFO: 01:44:10.623275 messenger.go:346: RECEIVED EST from 9
INFO: 01:44:10.624265 messenger.go:270: SENT EST to 7
INFO: 01:44:10.624356 messenger.go:346: RECEIVED EST from 1
INFO: 01:44:10.629082 messenger.go:346: RECEIVED EST from 7
INFO: 01:44:10.630956 messenger.go:346: RECEIVED EST from 2
INFO: 01:44:10.634883 messenger.go:346: RECEIVED EST from 1
INFO: 01:44:10.635129 messenger.go:270: SENT EST to 4
INFO: 01:44:10.635176 messenger.go:270: SENT EST to 1
INFO: 01:44:10.635372 messenger.go:346: RECEIVED EST from 0
INFO: 01:44:10.635441 messenger.go:270: SENT EST to 0
INFO: 01:44:10.635443 messenger.go:270: SENT EST to 7
INFO: 01:44:10.636103 messenger.go:346: RECEIVED EST from 0
INFO: 01:44:10.638849 messenger.go:270: SENT EST to 3
INFO: 01:44:10.639299 messenger.go:270: SENT EST to 2
INFO: 01:44:10.639506 messenger.go:270: SENT EST to 9
INFO: 01:44:10.643282 messenger.go:270: SENT EST to 8
INFO: 01:44:10.657560 messenger.go:270: SENT EST to 7
INFO: 01:44:10.657816 messenger.go:346: RECEIVED EST from 8
INFO: 01:44:10.663900 messenger.go:346: RECEIVED EST from 7
INFO: 01:44:10.680144 messenger.go:346: RECEIVED EST from 3
INFO: 01:44:10.682534 messenger.go:270: SENT EST to 6
INFO: 01:44:10.683365 messenger.go:346: RECEIVED EST from 4
INFO: 01:44:10.683520 messenger.go:346: RECEIVED EST from 0
INFO: 01:44:10.683670 messenger.go:346: RECEIVED EST from 1
INFO: 01:44:10.683835 messenger.go:346: RECEIVED EST from 2
INFO: 01:44:10.683969 messenger.go:346: RECEIVED EST from 8
INFO: 01:44:10.684124 messenger.go:346: RECEIVED EST from 6
INFO: 01:44:10.684811 messenger.go:346: RECEIVED EST from 9
INFO: 01:44:10.698279 messenger.go:270: SENT EST to 8
INFO: 01:44:10.699984 messenger.go:270: SENT EST to 2
INFO: 01:44:10.700000 messenger.go:270: SENT EST to 9
INFO: 01:44:10.709212 messenger.go:270: SENT EST to 3
INFO: 01:44:10.709961 messenger.go:346: RECEIVED EST from 7
INFO: 01:44:10.720648 messenger.go:270: SENT EST to 0
INFO: 01:44:10.721100 messenger.go:270: SENT EST to 4
INFO: 01:44:10.721170 messenger.go:270: SENT EST to 1
INFO: 01:44:10.723975 messenger.go:346: RECEIVED EST from 3
INFO: 01:44:10.724467 messenger.go:346: RECEIVED EST from 0
INFO: 01:44:10.724898 messenger.go:346: RECEIVED EST from 2
INFO: 01:44:10.725813 messenger.go:346: RECEIVED EST from 1
INFO: 01:44:10.726007 messenger.go:346: RECEIVED EST from 8
INFO: 01:44:10.726260 messenger.go:346: RECEIVED EST from 4
INFO: 01:44:10.726331 messenger.go:270: SENT EST to 7
INFO: 01:44:10.726450 messenger.go:270: SENT EST to 8
INFO: 01:44:10.726632 messenger.go:346: RECEIVED EST from 9
INFO: 01:44:10.729439 messenger.go:346: RECEIVED EST from 7
INFO: 01:44:10.730709 messenger.go:270: SENT EST to 0
INFO: 01:44:10.730791 messenger.go:270: SENT EST to 1
INFO: 01:44:10.730844 messenger.go:270: SENT EST to 4
INFO: 01:44:10.731146 messenger.go:346: RECEIVED EST from 1
INFO: 01:44:10.731642 messenger.go:346: RECEIVED EST from 0
INFO: 01:44:10.732235 messenger.go:270: SENT EST to 6
INFO: 01:44:10.733077 messenger.go:346: RECEIVED EST from 7
INFO: 01:44:10.733312 messenger.go:346: RECEIVED EST from 6
INFO: 01:44:10.733898 messenger.go:270: SENT EST to 7
INFO: 01:44:10.734051 messenger.go:270: SENT EST to 6
INFO: 01:44:10.734433 messenger.go:270: SENT EST to 6
INFO: 01:44:10.734500 messenger.go:270: SENT EST to 7
INFO: 01:44:10.735216 messenger.go:346: RECEIVED EST from 6
INFO: 01:44:10.778831 messenger.go:270: SENT EST to 3
INFO: 01:44:10.784260 messenger.go:270: SENT EST to 2
INFO: 01:44:10.784429 messenger.go:346: RECEIVED EST from 7
INFO: 01:44:10.784576 messenger.go:346: RECEIVED EST from 1
INFO: 01:44:10.785236 messenger.go:346: RECEIVED EST from 4
INFO: 01:44:10.785515 messenger.go:346: RECEIVED EST from 8
INFO: 01:44:10.785715 messenger.go:346: RECEIVED EST from 6
INFO: 01:44:10.785847 messenger.go:270: SENT EST to 9
INFO: 01:44:10.786359 messenger.go:346: RECEIVED EST from 0
INFO: 01:44:10.788631 messenger.go:346: RECEIVED EST from 6
INFO: 01:44:10.788821 messenger.go:346: RECEIVED EST from 8
INFO: 01:44:10.788978 messenger.go:346: RECEIVED EST from 3
INFO: 01:44:10.789146 messenger.go:346: RECEIVED EST from 2
INFO: 01:44:10.789292 messenger.go:346: RECEIVED EST from 9
INFO: 01:44:10.789674 messenger.go:270: SENT EST to 8
INFO: 01:44:10.791116 messenger.go:346: RECEIVED EST from 4
INFO: 01:44:10.813228 messenger.go:346: RECEIVED EST from 1
INFO: 01:44:10.815404 messenger.go:346: RECEIVED EST from 2
INFO: 01:44:10.815458 messenger.go:270: SENT EST to 9
INFO: 01:44:10.818316 messenger.go:270: SENT EST to 4
INFO: 01:44:10.818461 messenger.go:346: RECEIVED EST from 4
INFO: 01:44:10.818670 messenger.go:346: RECEIVED EST from 9
INFO: 01:44:10.818759 messenger.go:346: RECEIVED EST from 3
INFO: 01:44:10.819065 messenger.go:270: SENT EST to 6
INFO: 01:44:10.819193 messenger.go:346: RECEIVED EST from 8
INFO: 01:44:10.821904 messenger.go:346: RECEIVED EST from 7
INFO: 01:44:10.822327 messenger.go:270: SENT EST to 7
INFO: 01:44:10.822706 messenger.go:270: SENT EST to 8
INFO: 01:44:10.823678 messenger.go:346: RECEIVED EST from 6
INFO: 01:44:10.824615 messenger.go:270: SENT EST to 1
INFO: 01:44:10.827960 messenger.go:346: RECEIVED EST from 0
INFO: 01:44:10.828061 messenger.go:270: SENT EST to 8
INFO: 01:44:10.828086 messenger.go:346: RECEIVED EST from 1
INFO: 01:44:10.830120 messenger.go:270: SENT EST to 0
INFO: 01:44:10.830743 messenger.go:346: RECEIVED EST from 1
INFO: 01:44:10.831284 messenger.go:270: SENT EST to 1
INFO: 01:44:10.864520 messenger.go:346: RECEIVED EST from 2
INFO: 01:44:10.864770 messenger.go:270: SENT EST to 3
INFO: 01:44:10.865108 messenger.go:346: RECEIVED EST from 3
INFO: 01:44:10.865144 messenger.go:270: SENT EST to 0
INFO: 01:44:10.866096 messenger.go:346: RECEIVED EST from 1
INFO: 01:44:10.866272 messenger.go:346: RECEIVED EST from 9
INFO: 01:44:10.866428 messenger.go:346: RECEIVED EST from 0
INFO: 01:44:10.866479 messenger.go:270: SENT EST to 9
INFO: 01:44:10.866788 messenger.go:270: SENT EST to 2
INFO: 01:44:10.872252 messenger.go:270: SENT EST to 1
INFO: 01:44:10.872598 messenger.go:346: RECEIVED EST from 9
INFO: 01:44:10.867430 messenger.go:346: RECEIVED EST from 0
INFO: 01:44:10.867972 messenger.go:346: RECEIVED EST from 6
INFO: 01:44:10.871600 messenger.go:346: RECEIVED EST from 2
INFO: 01:44:10.879168 messenger.go:346: RECEIVED EST from 3
INFO: 01:44:10.879268 messenger.go:270: SENT EST to 2
INFO: 01:44:10.879333 messenger.go:270: SENT EST to 0
INFO: 01:44:10.879589 messenger.go:270: SENT EST to 9
INFO: 01:44:10.880788 messenger.go:270: SENT EST to 2
INFO: 01:44:10.880847 messenger.go:270: SENT EST to 7
INFO: 01:44:10.879721 messenger.go:270: SENT EST to 3
INFO: 01:44:10.886134 messenger.go:346: RECEIVED EST from 3
INFO: 01:44:10.958064 messenger.go:346: RECEIVED EST from 4
INFO: 01:44:10.958177 messenger.go:270: SENT EST to 4
INFO: 01:44:10.958267 messenger.go:270: SENT EST to 8
INFO: 01:44:10.958415 messenger.go:346: RECEIVED EST from 1
INFO: 01:44:10.958513 messenger.go:270: SENT EST to 6
INFO: 01:44:10.958600 messenger.go:270: SENT EST to 9
INFO: 01:44:10.958759 messenger.go:346: RECEIVED EST from 8
INFO: 01:44:10.961623 messenger.go:346: RECEIVED EST from 9
INFO: 01:44:10.963243 messenger.go:346: RECEIVED EST from 6
INFO: 01:44:11.003848 messenger.go:270: SENT EST to 0
INFO: 01:44:11.004008 messenger.go:270: SENT EST to 1
INFO: 01:44:11.004783 messenger.go:346: RECEIVED EST from 7
INFO: 01:44:11.004984 messenger.go:346: RECEIVED EST from 0
INFO: 01:44:11.019808 messenger.go:346: RECEIVED EST from 8
INFO: 01:44:11.020068 messenger.go:346: RECEIVED EST from 1
INFO: 01:44:11.020165 messenger.go:270: SENT EST to 1
INFO: 01:44:11.020194 messenger.go:270: SENT EST to 6
INFO: 01:44:11.020331 messenger.go:346: RECEIVED EST from 6
INFO: 01:44:11.020376 messenger.go:270: SENT EST to 0
INFO: 01:44:11.020756 messenger.go:346: RECEIVED EST from 0
INFO: 01:44:11.020926 messenger.go:270: SENT EST to 4
INFO: 01:44:11.021026 messenger.go:270: SENT EST to 8
INFO: 01:44:11.021216 messenger.go:346: RECEIVED EST from 4
INFO: 01:44:11.024882 messenger.go:346: RECEIVED EST from 1
INFO: 01:44:11.025529 messenger.go:346: RECEIVED EST from 9
INFO: 01:44:11.025860 messenger.go:270: SENT EST to 9
INFO: 01:44:11.027119 messenger.go:346: RECEIVED EST from 4
INFO: 01:44:11.030579 messenger.go:346: RECEIVED EST from 1
INFO: 01:44:11.042691 messenger.go:270: SENT EST to 2
INFO: 01:44:11.049774 messenger.go:270: SENT EST to 7
INFO: 01:44:11.056560 messenger.go:346: RECEIVED EST from 0
INFO: 01:44:11.062359 messenger.go:270: SENT EST to 3
INFO: 01:44:11.071746 messenger.go:346: RECEIVED EST from 3
INFO: 01:44:11.086330 messenger.go:346: RECEIVED EST from 2
INFO: 01:44:11.086622 messenger.go:270: SENT EST to 2
INFO: 01:44:11.086937 messenger.go:346: RECEIVED EST from 0
INFO: 01:44:11.087085 messenger.go:346: RECEIVED EST from 9
INFO: 01:44:11.087478 messenger.go:346: RECEIVED EST from 4
INFO: 01:44:11.087541 messenger.go:270: SENT EST to 3
INFO: 01:44:11.087898 messenger.go:270: SENT EST to 2
INFO: 01:44:11.088030 messenger.go:346: RECEIVED EST from 7
INFO: 01:44:11.088080 messenger.go:270: SENT EST to 4
INFO: 01:44:11.088230 messenger.go:270: SENT EST to 9
INFO: 01:44:11.088278 messenger.go:270: SENT EST to 0
INFO: 01:44:11.102010 messenger.go:270: SENT EST to 3
INFO: 01:44:11.108767 messenger.go:346: RECEIVED EST from 3
INFO: 01:44:11.112945 messenger.go:346: RECEIVED EST from 1
INFO: 01:44:11.114350 messenger.go:346: RECEIVED EST from 6
INFO: 01:44:11.114353 messenger.go:270: SENT EST to 7
INFO: 01:44:11.114354 messenger.go:270: SENT EST to 6
INFO: 01:44:11.114995 messenger.go:346: RECEIVED EST from 2
INFO: 01:44:11.115463 messenger.go:346: RECEIVED EST from 7
INFO: 01:44:11.117486 messenger.go:346: RECEIVED EST from 4
INFO: 01:44:11.117489 messenger.go:270: SENT EST to 1
INFO: 01:44:11.117500 messenger.go:270: SENT EST to 4
INFO: 01:44:11.119270 messenger.go:346: RECEIVED EST from 7
INFO: 01:44:11.120209 messenger.go:346: RECEIVED EST from 9
INFO: 01:44:11.121442 messenger.go:346: RECEIVED EST from 6
INFO: 01:44:11.130171 messenger.go:270: SENT EST to 3
INFO: 01:44:11.130381 messenger.go:346: RECEIVED EST from 2
INFO: 01:44:11.130438 messenger.go:270: SENT EST to 8
INFO: 01:44:11.130941 messenger.go:346: RECEIVED EST from 8
INFO: 01:44:11.132882 messenger.go:346: RECEIVED EST from 3
INFO: 01:44:11.137171 messenger.go:270: SENT EST to 4
INFO: 01:44:11.137661 messenger.go:270: SENT EST to 0
INFO: 01:44:11.137797 messenger.go:346: RECEIVED EST from 0
INFO: 01:44:11.138016 messenger.go:270: SENT EST to 7
INFO: 01:44:11.140539 messenger.go:270: SENT EST to 9
INFO: 01:44:11.140668 messenger.go:270: SENT EST to 2
INFO: 01:44:11.142158 messenger.go:346: RECEIVED EST from 7
INFO: 01:44:11.144509 messenger.go:346: RECEIVED EST from 6
INFO: 01:44:11.147657 messenger.go:270: SENT EST to 6
INFO: 01:44:11.152771 messenger.go:270: SENT EST to 1
INFO: 01:44:11.153083 messenger.go:346: RECEIVED EST from 2
INFO: 01:44:11.155205 messenger.go:346: RECEIVED EST from 1
INFO: 01:44:11.158290 messenger.go:270: SENT EST to 8
INFO: 01:44:11.161619 messenger.go:270: SENT EST to 4
INFO: 01:44:11.162094 messenger.go:346: RECEIVED EST from 8
INFO: 01:44:11.164338 messenger.go:270: SENT EST to 0
INFO: 01:44:11.164597 messenger.go:346: RECEIVED EST from 4
INFO: 01:44:11.164681 messenger.go:270: SENT EST to 1
INFO: 01:44:11.171608 messenger.go:270: SENT EST to 2
INFO: 01:44:11.172954 messenger.go:346: RECEIVED EST from 2
INFO: 01:44:11.175198 messenger.go:270: SENT EST to 3
INFO: 01:44:11.176484 messenger.go:346: RECEIVED EST from 0
INFO: 01:44:11.176722 messenger.go:270: SENT EST to 4
INFO: 01:44:11.177851 messenger.go:270: SENT EST to 8
INFO: 01:44:11.179288 messenger.go:346: RECEIVED EST from 3
INFO: 01:44:11.179538 messenger.go:346: RECEIVED EST from 1
INFO: 01:44:11.183770 messenger.go:270: SENT EST to 3
INFO: 01:44:11.184214 messenger.go:346: RECEIVED EST from 8
INFO: 01:44:11.185823 messenger.go:270: SENT EST to 7
INFO: 01:44:11.186098 messenger.go:346: RECEIVED EST from 1
INFO: 01:44:11.187968 messenger.go:270: SENT EST to 6
INFO: 01:44:11.192769 messenger.go:270: SENT EST to 9
INFO: 01:44:11.202627 messenger.go:270: SENT EST to 4
INFO: 01:44:11.203079 messenger.go:346: RECEIVED EST from 4
INFO: 01:44:11.205362 messenger.go:346: RECEIVED EST from 9
INFO: 01:44:11.205957 messenger.go:346: RECEIVED EST from 2
INFO: 01:44:11.206323 messenger.go:346: RECEIVED EST from 7
INFO: 01:44:11.206747 messenger.go:346: RECEIVED EST from 0
INFO: 01:44:11.206794 messenger.go:270: SENT EST to 7
INFO: 01:44:11.209731 messenger.go:270: SENT EST to 0
INFO: 01:44:11.209860 messenger.go:346: RECEIVED EST from 3
INFO: 01:44:11.212111 messenger.go:346: RECEIVED EST from 1
INFO: 01:44:11.212763 messenger.go:270: SENT EST to 1
INFO: 01:44:11.213257 messenger.go:270: SENT EST to 6
INFO: 01:44:11.215530 messenger.go:270: SENT EST to 2
INFO: 01:44:11.215902 messenger.go:270: SENT EST to 3
INFO: 01:44:11.218864 messenger.go:270: SENT EST to 9
INFO: 01:44:11.220576 messenger.go:346: RECEIVED EST from 6
INFO: 01:44:11.220685 messenger.go:270: SENT EST to 7
INFO: 01:44:11.223851 messenger.go:346: RECEIVED EST from 4
INFO: 01:44:11.224703 messenger.go:270: SENT EST to 8
INFO: 01:44:11.227402 messenger.go:346: RECEIVED EST from 9
INFO: 01:44:11.235863 messenger.go:270: SENT EST to 6
INFO: 01:44:11.239212 messenger.go:346: RECEIVED EST from 7
INFO: 01:44:11.239388 messenger.go:346: RECEIVED EST from 2
INFO: 01:44:11.239624 messenger.go:346: RECEIVED EST from 1
INFO: 01:44:11.243159 messenger.go:346: RECEIVED EST from 3
INFO: 01:44:11.246329 messenger.go:270: SENT EST to 3
INFO: 01:44:11.246624 messenger.go:346: RECEIVED EST from 8
INFO: 01:44:11.247041 messenger.go:270: SENT EST to 1
INFO: 01:44:11.247741 messenger.go:270: SENT EST to 9
INFO: 01:44:11.247815 messenger.go:270: SENT EST to 7
INFO: 01:44:11.247889 messenger.go:270: SENT EST to 0
INFO: 01:44:11.247943 messenger.go:270: SENT EST to 8
INFO: 01:44:11.250067 messenger.go:270: SENT EST to 2
INFO: 01:44:11.252266 messenger.go:346: RECEIVED EST from 6
INFO: 01:44:11.253216 messenger.go:346: RECEIVED EST from 9
INFO: 01:44:11.256769 messenger.go:270: SENT EST to 9
INFO: 01:44:11.257514 messenger.go:346: RECEIVED EST from 4
INFO: 01:44:11.258842 messenger.go:346: RECEIVED EST from 6
INFO: 01:44:11.258932 messenger.go:270: SENT EST to 2
INFO: 01:44:11.259845 messenger.go:270: SENT EST to 1
INFO: 01:44:11.261508 messenger.go:270: SENT EST to 4
INFO: 01:44:11.261829 messenger.go:270: SENT EST to 6
INFO: 01:44:11.276903 messenger.go:270: SENT EST to 8
INFO: 01:44:11.282321 messenger.go:346: RECEIVED EST from 7
INFO: 01:44:11.282583 messenger.go:346: RECEIVED EST from 8
INFO: 01:44:11.282642 messenger.go:270: SENT EST to 0
INFO: 01:44:11.286665 messenger.go:346: RECEIVED EST from 0
INFO: 01:44:11.286817 messenger.go:346: RECEIVED EST from 2
INFO: 01:44:11.294282 messenger.go:270: SENT EST to 3
INFO: 01:44:11.295032 messenger.go:346: RECEIVED EST from 1
INFO: 01:44:11.295556 messenger.go:270: SENT EST to 0
INFO: 01:44:11.296459 messenger.go:346: RECEIVED EST from 0
INFO: 01:44:11.296932 messenger.go:346: RECEIVED EST from 9
INFO: 01:44:11.298878 messenger.go:270: SENT EST to 9
INFO: 01:44:11.299628 messenger.go:346: RECEIVED EST from 4
INFO: 01:44:11.306218 messenger.go:270: SENT EST to 7
INFO: 01:44:11.306369 messenger.go:270: SENT EST to 1
INFO: 01:44:11.306631 messenger.go:270: SENT EST to 8
INFO: 01:44:11.307460 messenger.go:346: RECEIVED EST from 2
INFO: 01:44:11.307539 messenger.go:270: SENT EST to 2
INFO: 01:44:11.315582 messenger.go:270: SENT EST to 4
INFO: 01:44:11.316096 messenger.go:270: SENT EST to 6
INFO: 01:44:11.321729 messenger.go:346: RECEIVED EST from 6
INFO: 01:44:11.327626 messenger.go:346: RECEIVED EST from 0
INFO: 01:44:11.327717 messenger.go:270: SENT EST to 9
INFO: 01:44:11.327835 messenger.go:346: RECEIVED EST from 3
INFO: 01:44:11.327936 messenger.go:270: SENT EST to 7
INFO: 01:44:11.328284 messenger.go:270: SENT EST to 2
INFO: 01:44:11.328847 messenger.go:346: RECEIVED EST from 1
INFO: 01:44:11.329016 messenger.go:346: RECEIVED EST from 8
INFO: 01:44:11.329208 messenger.go:270: SENT EST to 3
INFO: 01:44:11.373879 messenger.go:270: SENT EST to 0
INFO: 01:44:11.375618 messenger.go:346: RECEIVED EST from 4
INFO: 01:44:11.375772 messenger.go:270: SENT EST to 1
INFO: 01:44:11.376254 messenger.go:270: SENT EST to 6
INFO: 01:44:11.409224 messenger.go:346: RECEIVED EST from 7
INFO: 01:44:11.409855 messenger.go:346: RECEIVED EST from 9
INFO: 01:44:11.410309 messenger.go:270: SENT EST to 8
INFO: 01:44:11.413679 messenger.go:270: SENT EST to 4
INFO: 01:44:11.428183 messenger.go:270: SENT EST to 3
INFO: 01:44:11.428453 messenger.go:346: RECEIVED EST from 2
INFO: 01:44:11.428671 messenger.go:346: RECEIVED EST from 6
INFO: 01:44:11.443989 messenger.go:346: RECEIVED EST from 3
INFO: 01:44:11.444204 messenger.go:346: RECEIVED EST from 0
INFO: 01:44:11.450234 messenger.go:346: RECEIVED EST from 8
INFO: 01:44:11.450897 messenger.go:346: RECEIVED EST from 4
INFO: 01:44:11.453114 messenger.go:270: SENT EST to 7
INFO: 01:44:11.453458 messenger.go:270: SENT EST to 6
INFO: 01:44:11.455179 messenger.go:346: RECEIVED EST from 7
INFO: 01:44:11.460931 messenger.go:346: RECEIVED EST from 9
INFO: 01:44:11.461449 messenger.go:270: SENT EST to 8
INFO: 01:44:11.462138 messenger.go:270: SENT EST to 9
INFO: 01:44:11.464685 messenger.go:270: SENT EST to 0
INFO: 01:44:11.465463 messenger.go:270: SENT EST to 4
INFO: 01:44:11.465938 messenger.go:346: RECEIVED EST from 1
INFO: 01:44:11.481281 messenger.go:270: SENT EST to 2
INFO: 01:44:11.481985 messenger.go:270: SENT EST to 3
INFO: 01:44:11.482981 messenger.go:346: RECEIVED EST from 6
INFO: 01:44:11.484025 messenger.go:346: RECEIVED EST from 0
INFO: 01:44:11.494017 messenger.go:346: RECEIVED EST from 2
INFO: 01:44:11.494367 messenger.go:346: RECEIVED EST from 3
INFO: 01:44:11.494803 messenger.go:346: RECEIVED EST from 8
INFO: 01:44:11.498035 messenger.go:346: RECEIVED EST from 4
INFO: 01:44:11.498621 messenger.go:270: SENT EST to 6
INFO: 01:44:11.498948 messenger.go:270: SENT EST to 7
INFO: 01:44:11.499348 messenger.go:346: RECEIVED EST from 7
INFO: 01:44:11.501011 messenger.go:270: SENT EST to 8
INFO: 01:44:11.501245 messenger.go:270: SENT EST to 1
INFO: 01:44:11.514255 messenger.go:270: SENT EST to 0
INFO: 01:44:11.527038 messenger.go:270: SENT EST to 4
INFO: 01:44:11.536517 messenger.go:270: SENT EST to 9
INFO: 01:44:11.536678 messenger.go:270: SENT EST to 8
INFO: 01:44:11.536891 messenger.go:346: RECEIVED EST from 9
INFO: 01:44:11.540241 messenger.go:270: SENT EST to 4
INFO: 01:44:11.540463 messenger.go:346: RECEIVED EST from 3
INFO: 01:44:11.540680 messenger.go:346: RECEIVED EST from 1
INFO: 01:44:11.540959 messenger.go:346: RECEIVED EST from 6
INFO: 01:44:11.541207 messenger.go:346: RECEIVED EST from 0
INFO: 01:44:11.541331 messenger.go:270: SENT EST to 3
INFO: 01:44:11.544945 messenger.go:346: RECEIVED EST from 3
INFO: 01:44:11.548815 messenger.go:346: RECEIVED EST from 1
INFO: 01:44:11.549799 messenger.go:346: RECEIVED EST from 8
INFO: 01:44:11.550122 messenger.go:346: RECEIVED EST from 4
INFO: 01:44:11.550376 messenger.go:346: RECEIVED EST from 7
INFO: 01:44:11.552936 messenger.go:346: RECEIVED EST from 4
INFO: 01:44:11.554586 messenger.go:270: SENT EST to 6
INFO: 01:44:11.555436 messenger.go:270: SENT EST to 9
INFO: 01:44:11.605142 messenger.go:270: SENT EST to 7
INFO: 01:44:11.624840 messenger.go:270: SENT EST to 0
INFO: 01:44:11.625016 messenger.go:346: RECEIVED EST from 2
INFO: 01:44:11.632017 messenger.go:346: RECEIVED EST from 7
INFO: 01:44:11.640116 messenger.go:270: SENT EST to 9
INFO: 01:44:11.640779 messenger.go:346: RECEIVED EST from 8
INFO: 01:44:11.653049 messenger.go:346: RECEIVED EST from 6
INFO: 01:44:11.658256 messenger.go:346: RECEIVED EST from 4
INFO: 01:44:11.697783 messenger.go:270: SENT EST to 6
INFO: 01:44:11.699436 messenger.go:346: RECEIVED EST from 3
INFO: 01:44:11.702179 messenger.go:346: RECEIVED EST from 0
INFO: 01:44:11.702233 messenger.go:270: SENT EST to 2
INFO: 01:44:11.702258 messenger.go:270: SENT EST to 1
INFO: 01:44:11.702287 messenger.go:270: SENT EST to 7
INFO: 01:44:11.704389 messenger.go:346: RECEIVED EST from 1
INFO: 01:44:11.704443 messenger.go:270: SENT EST to 8
INFO: 01:44:11.704611 messenger.go:346: RECEIVED EST from 0
INFO: 01:44:11.709717 messenger.go:270: SENT EST to 1
INFO: 01:44:11.715723 messenger.go:346: RECEIVED EST from 9
INFO: 01:44:11.722563 messenger.go:270: SENT EST to 8
INFO: 01:44:11.725323 messenger.go:346: RECEIVED EST from 3
INFO: 01:44:11.725868 messenger.go:270: SENT EST to 0
INFO: 01:44:11.728372 messenger.go:270: SENT EST to 0
INFO: 01:44:11.728511 messenger.go:346: RECEIVED EST from 2
INFO: 01:44:11.728691 messenger.go:346: RECEIVED EST from 4
INFO: 01:44:11.728860 messenger.go:346: RECEIVED EST from 8
INFO: 01:44:11.731131 messenger.go:270: SENT EST to 9
INFO: 01:44:11.731287 messenger.go:346: RECEIVED EST from 1
INFO: 01:44:11.733792 messenger.go:346: RECEIVED EST from 1
INFO: 01:44:11.735687 messenger.go:346: RECEIVED EST from 2
INFO: 01:44:11.736263 messenger.go:270: SENT EST to 4
INFO: 01:44:11.736684 messenger.go:346: RECEIVED EST from 8
INFO: 01:44:11.737095 messenger.go:346: RECEIVED EST from 8
INFO: 01:44:11.737127 messenger.go:270: SENT EST to 1
INFO: 01:44:11.737370 messenger.go:270: SENT EST to 6
INFO: 01:44:11.737400 messenger.go:270: SENT EST to 2
INFO: 01:44:11.742191 messenger.go:346: RECEIVED EST from 3
INFO: 01:44:11.742249 messenger.go:270: SENT EST to 2
INFO: 01:44:11.742728 messenger.go:270: SENT EST to 2
INFO: 01:44:11.742881 messenger.go:346: RECEIVED EST from 9
INFO: 01:44:11.742979 messenger.go:270: SENT EST to 1
INFO: 01:44:11.743658 messenger.go:346: RECEIVED EST from 2
INFO: 01:44:11.744074 messenger.go:346: RECEIVED EST from 0
INFO: 01:44:11.744292 messenger.go:270: SENT EST to 3
INFO: 01:44:11.744993 messenger.go:270: SENT EST to 3
INFO: 01:44:11.745600 messenger.go:346: RECEIVED EST from 0
INFO: 01:44:11.745775 messenger.go:346: RECEIVED EST from 9
INFO: 01:44:11.745928 messenger.go:270: SENT EST to 3
INFO: 01:44:11.746230 messenger.go:270: SENT EST to 4
INFO: 01:44:11.746818 messenger.go:270: SENT EST to 4
INFO: 01:44:11.748367 messenger.go:346: RECEIVED EST from 1
INFO: 01:44:11.749882 messenger.go:270: SENT EST to 6
INFO: 01:44:11.751516 messenger.go:346: RECEIVED EST from 7
INFO: 01:44:11.751682 messenger.go:346: RECEIVED EST from 6
INFO: 01:44:11.752670 messenger.go:346: RECEIVED EST from 6
INFO: 01:44:11.760913 messenger.go:270: SENT EST to 6
INFO: 01:44:11.761087 messenger.go:346: RECEIVED EST from 9
INFO: 01:44:11.767804 messenger.go:270: SENT EST to 7
INFO: 01:44:11.771915 messenger.go:270: SENT EST to 7
INFO: 01:44:11.773494 messenger.go:270: SENT EST to 7
INFO: 01:44:11.775805 messenger.go:346: RECEIVED EST from 6
INFO: 01:44:11.777148 messenger.go:270: SENT EST to 2
INFO: 01:44:11.777397 messenger.go:270: SENT EST to 9
INFO: 01:44:11.777638 messenger.go:270: SENT EST to 8
INFO: 01:44:11.785094 messenger.go:346: RECEIVED EST from 3
INFO: 01:44:11.785238 messenger.go:346: RECEIVED EST from 2
INFO: 01:44:11.788461 messenger.go:270: SENT EST to 6
INFO: 01:44:11.789693 messenger.go:270: SENT EST to 9
INFO: 01:44:11.789846 messenger.go:346: RECEIVED EST from 1
INFO: 01:44:11.789896 messenger.go:270: SENT EST to 0
INFO: 01:44:11.790697 messenger.go:270: SENT EST to 1
INFO: 01:44:11.791512 messenger.go:270: SENT EST to 1
INFO: 01:44:11.792556 messenger.go:346: RECEIVED EST from 6
INFO: 01:44:11.793919 messenger.go:346: RECEIVED EST from 9
INFO: 01:44:11.795098 messenger.go:346: RECEIVED EST from 3
INFO: 01:44:11.795167 messenger.go:270: SENT EST to 7
INFO: 01:44:11.796917 messenger.go:346: RECEIVED EST from 7
INFO: 01:44:11.812232 messenger.go:270: SENT EST to 2
INFO: 01:44:11.812369 messenger.go:346: RECEIVED EST from 2
INFO: 01:44:11.812425 messenger.go:270: SENT EST to 8
INFO: 01:44:11.812569 messenger.go:270: SENT EST to 0
INFO: 01:44:11.815497 messenger.go:270: SENT EST to 8
INFO: 01:44:11.819499 messenger.go:270: SENT EST to 3
INFO: 01:44:11.821843 messenger.go:270: SENT EST to 4
INFO: 01:44:11.825027 messenger.go:270: SENT EST to 3
INFO: 01:44:11.832676 messenger.go:346: RECEIVED EST from 1
INFO: 01:44:11.833038 messenger.go:346: RECEIVED EST from 6
INFO: 01:44:11.834638 messenger.go:346: RECEIVED EST from 1
INFO: 01:44:11.834889 messenger.go:346: RECEIVED EST from 3
INFO: 01:44:11.835174 messenger.go:346: RECEIVED EST from 8
INFO: 01:44:11.835907 messenger.go:346: RECEIVED EST from 0
INFO: 01:44:11.836042 messenger.go:346: RECEIVED EST from 4
INFO: 01:44:11.840241 messenger.go:270: SENT EST to 0
INFO: 01:44:11.840340 messenger.go:270: SENT EST to 8
INFO: 01:44:11.840573 messenger.go:346: RECEIVED EST from 7
INFO: 01:44:11.847095 messenger.go:346: RECEIVED EST from 4
INFO: 01:44:11.847184 messenger.go:346: RECEIVED EST from 0
INFO: 01:44:11.847381 messenger.go:270: SENT EST to 2
INFO: 01:44:11.847913 messenger.go:346: RECEIVED EST from 6
INFO: 01:44:11.847974 messenger.go:270: SENT EST to 9
INFO: 01:44:11.853836 messenger.go:346: RECEIVED EST from 9
INFO: 01:44:11.853960 messenger.go:270: SENT EST to 3
INFO: 01:44:11.854016 messenger.go:270: SENT EST to 4
INFO: 01:44:11.855460 messenger.go:270: SENT EST to 6
INFO: 01:44:11.857581 messenger.go:346: RECEIVED EST from 7
INFO: 01:44:11.857634 messenger.go:270: SENT EST to 1
INFO: 01:44:11.857643 messenger.go:270: SENT EST to 9
INFO: 01:44:11.874931 messenger.go:346: RECEIVED EST from 2
INFO: 01:44:11.875004 messenger.go:270: SENT EST to 7
INFO: 01:44:11.878925 messenger.go:270: SENT EST to 0
INFO: 01:44:11.880624 messenger.go:346: RECEIVED EST from 8
INFO: 01:44:11.880693 messenger.go:270: SENT EST to 4
INFO: 01:44:11.880788 messenger.go:270: SENT EST to 6
INFO: 01:44:11.890432 messenger.go:270: SENT EST to 0
INFO: 01:44:11.890829 messenger.go:270: SENT EST to 3
INFO: 01:44:11.890984 messenger.go:346: RECEIVED EST from 8
INFO: 01:44:11.891101 messenger.go:346: RECEIVED EST from 7
INFO: 01:44:11.891130 messenger.go:346: RECEIVED EST from 3
INFO: 01:44:11.891223 messenger.go:270: SENT EST to 2
INFO: 01:44:11.891482 messenger.go:346: RECEIVED EST from 0
INFO: 01:44:11.901230 messenger.go:270: SENT EST to 1
INFO: 01:44:11.901494 messenger.go:270: SENT EST to 8
INFO: 01:44:11.901792 messenger.go:270: SENT EST to 6
INFO: 01:44:11.901937 messenger.go:346: RECEIVED EST from 9
INFO: 01:44:11.910400 messenger.go:270: SENT EST to 4
INFO: 01:44:11.910929 messenger.go:346: RECEIVED EST from 7
INFO: 01:44:11.911066 messenger.go:346: RECEIVED EST from 8
INFO: 01:44:11.911225 messenger.go:346: RECEIVED EST from 3
INFO: 01:44:11.913501 messenger.go:346: RECEIVED EST from 0
INFO: 01:44:11.914765 messenger.go:270: SENT EST to 3
INFO: 01:44:11.926806 messenger.go:270: SENT EST to 2
INFO: 01:44:11.926950 messenger.go:346: RECEIVED EST from 6
INFO: 01:44:11.927056 messenger.go:270: SENT EST to 4
INFO: 01:44:11.927252 messenger.go:346: RECEIVED EST from 4
INFO: 01:44:11.927370 messenger.go:270: SENT EST to 9
INFO: 01:44:11.927501 messenger.go:270: SENT EST to 1
INFO: 01:44:11.927626 messenger.go:346: RECEIVED EST from 1
INFO: 01:44:11.927637 messenger.go:270: SENT EST to 6
INFO: 01:44:11.929716 messenger.go:346: RECEIVED EST from 9
INFO: 01:44:11.933873 messenger.go:346: RECEIVED EST from 9
INFO: 01:44:11.934021 messenger.go:346: RECEIVED EST from 2
INFO: 01:44:11.947557 messenger.go:270: SENT EST to 7
INFO: 01:44:11.951593 messenger.go:346: RECEIVED EST from 4
INFO: 01:44:11.951735 messenger.go:346: RECEIVED EST from 8
INFO: 01:44:11.951867 messenger.go:346: RECEIVED EST from 3
INFO: 01:44:11.952018 messenger.go:346: RECEIVED EST from 7
INFO: 01:44:11.952155 messenger.go:346: RECEIVED EST from 0
INFO: 01:44:11.952317 messenger.go:346: RECEIVED EST from 6
INFO: 01:44:11.961979 messenger.go:346: RECEIVED EST from 9
INFO: 01:44:11.962207 messenger.go:346: RECEIVED EST from 1
INFO: 01:44:11.962520 messenger.go:270: SENT EST to 9
INFO: 01:44:11.963378 messenger.go:270: SENT EST to 1
INFO: 01:44:11.963538 messenger.go:346: RECEIVED EST from 2
INFO: 01:44:11.965819 messenger.go:346: RECEIVED EST from 4
INFO: 01:44:11.966397 messenger.go:346: RECEIVED EST from 1
INFO: 01:44:11.971517 messenger.go:270: SENT EST to 2
INFO: 01:44:11.971652 messenger.go:270: SENT EST to 0
INFO: 01:44:11.972300 messenger.go:270: SENT EST to 4
INFO: 01:44:11.972940 messenger.go:346: RECEIVED EST from 1
INFO: 01:44:11.974398 messenger.go:270: SENT EST to 7
INFO: 01:44:11.975136 messenger.go:346: RECEIVED EST from 2
INFO: 01:44:11.978338 messenger.go:346: RECEIVED EST from 7
INFO: 01:44:11.978516 messenger.go:270: SENT EST to 7
INFO: 01:44:11.980035 messenger.go:346: RECEIVED EST from 7
INFO: 01:44:11.980259 messenger.go:346: RECEIVED EST from 6
INFO: 01:44:11.981196 messenger.go:270: SENT EST to 6
INFO: 01:44:11.989516 messenger.go:346: RECEIVED EST from 0
INFO: 01:44:11.996762 messenger.go:270: SENT EST to 8
INFO: 01:44:11.997254 messenger.go:270: SENT EST to 3
INFO: 01:44:12.000653 messenger.go:270: SENT EST to 7
INFO: 01:44:12.002601 messenger.go:346: RECEIVED EST from 8
INFO: 01:44:12.003207 messenger.go:346: RECEIVED EST from 7
INFO: 01:44:12.004465 messenger.go:346: RECEIVED EST from 3
INFO: 01:44:12.006721 messenger.go:346: RECEIVED EST from 6
INFO: 01:44:12.012912 messenger.go:270: SENT EST to 8
INFO: 01:44:12.013432 messenger.go:270: SENT EST to 6
INFO: 01:44:12.013679 messenger.go:346: RECEIVED EST from 2
INFO: 01:44:12.015587 messenger.go:270: SENT EST to 0
INFO: 01:44:12.016276 messenger.go:346: RECEIVED EST from 9
INFO: 01:44:12.016466 messenger.go:270: SENT EST to 7
INFO: 01:44:12.016619 messenger.go:270: SENT EST to 1
INFO: 01:44:12.017234 messenger.go:270: SENT EST to 2
INFO: 01:44:12.017275 messenger.go:270: SENT EST to 8
INFO: 01:44:12.018105 messenger.go:270: SENT EST to 9
INFO: 01:44:12.026772 messenger.go:270: SENT EST to 8
INFO: 01:44:12.026823 messenger.go:270: SENT EST to 9
INFO: 01:44:12.027438 messenger.go:270: SENT EST to 9
INFO: 01:44:12.028405 messenger.go:270: SENT EST to 0
INFO: 01:44:12.032146 messenger.go:270: SENT EST to 0
INFO: 01:44:12.036843 messenger.go:270: SENT EST to 2
INFO: 01:44:12.036994 messenger.go:270: SENT EST to 3
INFO: 01:44:12.037299 messenger.go:270: SENT EST to 4
INFO: 01:44:12.037483 messenger.go:270: SENT EST to 1
INFO: 01:44:12.046085 messenger.go:346: RECEIVED EST from 1
INFO: 01:44:12.046681 messenger.go:346: RECEIVED EST from 4
INFO: 01:44:12.046838 messenger.go:346: RECEIVED EST from 8
INFO: 01:44:12.050129 messenger.go:346: RECEIVED EST from 6
INFO: 01:44:12.050479 messenger.go:346: RECEIVED EST from 0
INFO: 01:44:12.051033 messenger.go:270: SENT EST to 8
INFO: 01:44:12.051193 messenger.go:346: RECEIVED EST from 9
INFO: 01:44:12.051302 messenger.go:270: SENT EST to 2
INFO: 01:44:12.051452 messenger.go:270: SENT EST to 9
INFO: 01:44:12.053197 messenger.go:346: RECEIVED EST from 7
INFO: 01:44:12.057163 messenger.go:270: SENT EST to 6
INFO: 01:44:12.058537 messenger.go:346: RECEIVED EST from 2
INFO: 01:44:12.060144 messenger.go:270: SENT EST to 7
INFO: 01:44:12.061299 messenger.go:270: SENT EST to 3
INFO: 01:44:12.064180 messenger.go:346: RECEIVED EST from 8
INFO: 01:44:12.067157 messenger.go:346: RECEIVED EST from 2
INFO: 01:44:12.082646 messenger.go:346: RECEIVED EST from 0
INFO: 01:44:12.082725 messenger.go:346: RECEIVED EST from 6
INFO: 01:44:12.083110 messenger.go:346: RECEIVED EST from 7
INFO: 01:44:12.083779 messenger.go:270: SENT EST to 1
INFO: 01:44:12.085086 messenger.go:270: SENT EST to 1
INFO: 01:44:12.085179 messenger.go:270: SENT EST to 2
INFO: 01:44:12.085368 messenger.go:270: SENT EST to 0
INFO: 01:44:12.086051 messenger.go:346: RECEIVED EST from 9
INFO: 01:44:12.087645 messenger.go:270: SENT EST to 3
INFO: 01:44:12.090350 messenger.go:346: RECEIVED EST from 3
INFO: 01:44:12.094293 messenger.go:270: SENT EST to 4
INFO: 01:44:12.097096 messenger.go:270: SENT EST to 2
INFO: 01:44:12.098347 messenger.go:346: RECEIVED EST from 8
INFO: 01:44:12.098520 messenger.go:346: RECEIVED EST from 4
INFO: 01:44:12.105494 messenger.go:346: RECEIVED EST from 2
INFO: 01:44:12.105771 messenger.go:346: RECEIVED EST from 1
INFO: 01:44:12.106257 messenger.go:346: RECEIVED EST from 3
INFO: 01:44:12.106350 messenger.go:270: SENT EST to 3
INFO: 01:44:12.106540 messenger.go:270: SENT EST to 7
INFO: 01:44:12.108030 messenger.go:270: SENT EST to 8
INFO: 01:44:12.108089 messenger.go:270: SENT EST to 0
INFO: 01:44:12.108171 messenger.go:270: SENT EST to 9
INFO: 01:44:12.110809 messenger.go:270: SENT EST to 6
INFO: 01:44:12.130689 messenger.go:270: SENT EST to 1
INFO: 01:44:12.130948 messenger.go:346: RECEIVED EST from 1
INFO: 01:44:12.144920 messenger.go:346: RECEIVED EST from 6
INFO: 01:44:12.145947 messenger.go:346: RECEIVED EST from 8
INFO: 01:44:12.147879 messenger.go:346: RECEIVED EST from 0
INFO: 01:44:12.153051 messenger.go:346: RECEIVED EST from 7
INFO: 01:44:12.153348 messenger.go:346: RECEIVED EST from 3
INFO: 01:44:12.166695 messenger.go:270: SENT EST to 3
INFO: 01:44:12.167007 messenger.go:346: RECEIVED EST from 9
INFO: 01:44:12.168590 messenger.go:270: SENT EST to 4
INFO: 01:44:12.173217 messenger.go:346: RECEIVED EST from 6
INFO: 01:44:12.179808 messenger.go:270: SENT EST to 0
INFO: 01:44:12.179953 messenger.go:346: RECEIVED EST from 1
INFO: 01:44:12.180134 messenger.go:346: RECEIVED EST from 4
INFO: 01:44:12.180277 messenger.go:346: RECEIVED EST from 2
INFO: 01:44:12.180413 messenger.go:346: RECEIVED EST from 8
INFO: 01:44:12.180587 messenger.go:346: RECEIVED EST from 0
INFO: 01:44:12.180738 messenger.go:346: RECEIVED EST from 3
INFO: 01:44:12.180859 messenger.go:270: SENT EST to 8
INFO: 01:44:12.180976 messenger.go:270: SENT EST to 2
INFO: 01:44:12.181168 messenger.go:270: SENT EST to 9
INFO: 01:44:12.181296 messenger.go:346: RECEIVED EST from 9
INFO: 01:44:12.185536 messenger.go:270: SENT EST to 1
INFO: 01:44:12.185700 messenger.go:346: RECEIVED EST from 1
INFO: 01:44:12.197680 messenger.go:270: SENT EST to 7
INFO: 01:44:12.197881 messenger.go:346: RECEIVED EST from 7
INFO: 01:44:12.200829 messenger.go:270: SENT EST to 3
INFO: 01:44:12.207800 messenger.go:270: SENT EST to 4
INFO: 01:44:12.207984 messenger.go:346: RECEIVED EST from 4
INFO: 01:44:12.208182 messenger.go:346: RECEIVED EST from 1
INFO: 01:44:12.208576 messenger.go:346: RECEIVED EST from 8
INFO: 01:44:12.210423 messenger.go:270: SENT EST to 6
INFO: 01:44:12.211411 messenger.go:346: RECEIVED EST from 3
INFO: 01:44:12.213428 messenger.go:346: RECEIVED EST from 7
INFO: 01:44:12.213587 messenger.go:346: RECEIVED EST from 0
INFO: 01:44:12.213760 messenger.go:346: RECEIVED EST from 2
INFO: 01:44:12.219038 messenger.go:346: RECEIVED EST from 9
INFO: 01:44:12.222213 messenger.go:270: SENT EST to 6
INFO: 01:44:12.222415 messenger.go:346: RECEIVED EST from 3
INFO: 01:44:12.222831 messenger.go:346: RECEIVED EST from 7
INFO: 01:44:12.222894 messenger.go:270: SENT EST to 3
INFO: 01:44:12.227111 messenger.go:270: SENT EST to 2
INFO: 01:44:12.227207 messenger.go:270: SENT EST to 8
INFO: 01:44:12.227240 messenger.go:270: SENT EST to 0
INFO: 01:44:12.227255 messenger.go:270: SENT EST to 9
INFO: 01:44:12.227267 messenger.go:270: SENT EST to 7
INFO: 01:44:12.227427 messenger.go:346: RECEIVED EST from 6
INFO: 01:44:12.230289 messenger.go:346: RECEIVED EST from 6
INFO: 01:44:12.231237 messenger.go:346: RECEIVED EST from 7
INFO: 01:44:12.237714 messenger.go:346: RECEIVED EST from 0
INFO: 01:44:12.237923 messenger.go:346: RECEIVED EST from 2
INFO: 01:44:12.252156 messenger.go:270: SENT EST to 1
INFO: 01:44:12.252328 messenger.go:346: RECEIVED EST from 1
INFO: 01:44:12.253789 messenger.go:346: RECEIVED EST from 8
INFO: 01:44:12.254497 messenger.go:346: RECEIVED EST from 6
INFO: 01:44:12.263275 messenger.go:270: SENT EST to 4
INFO: 01:44:12.266159 messenger.go:346: RECEIVED EST from 7
INFO: 01:44:12.268463 messenger.go:346: RECEIVED EST from 1
INFO: 01:44:12.269749 messenger.go:270: SENT EST to 6
INFO: 01:44:12.269844 messenger.go:270: SENT EST to 8
INFO: 01:44:12.270097 messenger.go:270: SENT EST to 7
INFO: 01:44:12.270234 messenger.go:270: SENT EST to 0
INFO: 01:44:12.270372 messenger.go:346: RECEIVED EST from 3
INFO: 01:44:12.270465 messenger.go:346: RECEIVED EST from 4
INFO: 01:44:12.270575 messenger.go:346: RECEIVED EST from 9
INFO: 01:44:12.270581 messenger.go:270: SENT EST to 2
INFO: 01:44:12.270765 messenger.go:270: SENT EST to 9
INFO: 01:44:12.293155 messenger.go:270: SENT EST to 4
INFO: 01:44:12.293900 messenger.go:270: SENT EST to 3
INFO: 01:44:12.305788 messenger.go:270: SENT EST to 0
INFO: 01:44:12.305934 messenger.go:346: RECEIVED EST from 2
INFO: 01:44:12.306888 messenger.go:270: SENT EST to 4
INFO: 01:44:12.308983 messenger.go:270: SENT EST to 8
INFO: 01:44:12.319094 messenger.go:270: SENT EST to 4
INFO: 01:44:12.319254 messenger.go:346: RECEIVED EST from 8
INFO: 01:44:12.319481 messenger.go:270: SENT EST to 6
INFO: 01:44:12.319663 messenger.go:346: RECEIVED EST from 2
INFO: 01:44:12.319818 messenger.go:346: RECEIVED EST from 4
INFO: 01:44:12.320036 messenger.go:346: RECEIVED EST from 3
INFO: 01:44:12.320183 messenger.go:346: RECEIVED EST from 7
INFO: 01:44:12.320313 messenger.go:346: RECEIVED EST from 3
INFO: 01:44:12.320449 messenger.go:346: RECEIVED EST from 4
INFO: 01:44:12.320619 messenger.go:346: RECEIVED EST from 9
INFO: 01:44:12.320752 messenger.go:346: RECEIVED EST from 3
INFO: 01:44:12.320965 messenger.go:346: RECEIVED EST from 6
INFO: 01:44:12.321097 messenger.go:346: RECEIVED EST from 0
INFO: 01:44:12.321210 messenger.go:346: RECEIVED EST from 8
INFO: 01:44:12.321433 messenger.go:346: RECEIVED EST from 0
INFO: 01:44:12.321572 messenger.go:346: RECEIVED EST from 0
INFO: 01:44:12.332182 messenger.go:346: RECEIVED EST from 6
INFO: 01:44:12.332187 messenger.go:346: RECEIVED EST from 9
INFO: 01:44:12.319515 messenger.go:270: SENT EST to 9
INFO: 01:44:12.332593 messenger.go:346: RECEIVED EST from 2
INFO: 01:44:12.332878 messenger.go:346: RECEIVED EST from 7
INFO: 01:44:12.333925 messenger.go:270: SENT EST to 7
INFO: 01:44:12.334124 messenger.go:346: RECEIVED EST from 8
INFO: 01:44:12.337704 messenger.go:270: SENT EST to 6
INFO: 01:44:12.338505 messenger.go:346: RECEIVED EST from 6
INFO: 01:44:12.338845 messenger.go:346: RECEIVED EST from 7
INFO: 01:44:12.351939 messenger.go:270: SENT EST to 1
INFO: 01:44:12.354197 messenger.go:270: SENT EST to 7
INFO: 01:44:12.354577 messenger.go:346: RECEIVED EST from 2
INFO: 01:44:12.354699 messenger.go:346: RECEIVED EST from 0
INFO: 01:44:12.354723 messenger.go:346: RECEIVED EST from 1
INFO: 01:44:12.354726 messenger.go:270: SENT EST to 8
INFO: 01:44:12.360168 messenger.go:270: SENT EST to 9
INFO: 01:44:12.365663 messenger.go:270: SENT EST to 2
INFO: 01:44:12.365851 messenger.go:346: RECEIVED EST from 6
INFO: 01:44:12.366994 messenger.go:270: SENT EST to 0
INFO: 01:44:12.367404 messenger.go:270: SENT EST to 6
INFO: 01:44:12.367437 messenger.go:270: SENT EST to 7
INFO: 01:44:12.367583 messenger.go:346: RECEIVED EST from 7
INFO: 01:44:12.368047 messenger.go:270: SENT EST to 3
INFO: 01:44:12.368425 messenger.go:270: SENT EST to 9
INFO: 01:44:12.370064 messenger.go:270: SENT EST to 8
INFO: 01:44:12.371299 messenger.go:270: SENT EST to 0
INFO: 01:44:12.376246 messenger.go:270: SENT EST to 1
INFO: 01:44:12.378470 messenger.go:346: RECEIVED EST from 3
INFO: 01:44:12.379331 messenger.go:270: SENT EST to 2
INFO: 01:44:12.380539 messenger.go:270: SENT EST to 4
INFO: 01:44:12.389087 messenger.go:346: RECEIVED EST from 8
INFO: 01:44:12.394565 messenger.go:346: RECEIVED EST from 6
INFO: 01:44:12.394927 messenger.go:270: SENT EST to 8
INFO: 01:44:12.395741 messenger.go:270: SENT EST to 6
INFO: 01:44:12.396039 messenger.go:346: RECEIVED EST from 9
INFO: 01:44:12.400921 messenger.go:346: RECEIVED EST from 2
INFO: 01:44:12.401197 messenger.go:346: RECEIVED EST from 0
INFO: 01:44:12.403863 messenger.go:270: SENT EST to 0
INFO: 01:44:12.406663 messenger.go:346: RECEIVED EST from 3
INFO: 01:44:12.406858 messenger.go:270: SENT EST to 9
INFO: 01:44:12.413157 messenger.go:270: SENT EST to 3
INFO: 01:44:12.413440 messenger.go:270: SENT EST to 1
INFO: 01:44:12.414351 messenger.go:346: RECEIVED EST from 1
INFO: 01:44:12.415762 messenger.go:270: SENT EST to 3
INFO: 01:44:12.415830 messenger.go:270: SENT EST to 2
INFO: 01:44:12.418978 messenger.go:270: SENT EST to 1
INFO: 01:44:12.419442 messenger.go:270: SENT EST to 3
INFO: 01:44:12.419842 messenger.go:270: SENT EST to 2
INFO: 01:44:12.420131 messenger.go:270: SENT EST to 7
INFO: 01:44:12.425808 messenger.go:346: RECEIVED EST from 4
INFO: 01:44:12.425949 messenger.go:270: SENT EST to 1
INFO: 01:44:12.426013 messenger.go:270: SENT EST to 4
INFO: 01:44:12.431760 messenger.go:346: RECEIVED EST from 2
INFO: 01:44:12.434255 messenger.go:346: RECEIVED EST from 8
INFO: 01:44:12.437820 messenger.go:270: SENT EST to 8
INFO: 01:44:12.437937 messenger.go:270: SENT EST to 6
INFO: 01:44:12.438750 messenger.go:270: SENT EST to 3
INFO: 01:44:12.438931 messenger.go:270: SENT EST to 2
INFO: 01:44:12.439749 messenger.go:270: SENT EST to 0
INFO: 01:44:12.439883 messenger.go:346: RECEIVED EST from 9
INFO: 01:44:12.440029 messenger.go:346: RECEIVED EST from 7
INFO: 01:44:12.440061 messenger.go:270: SENT EST to 9
INFO: 01:44:12.443038 messenger.go:346: RECEIVED EST from 6
INFO: 01:44:12.443555 messenger.go:346: RECEIVED EST from 0
INFO: 01:44:12.453546 messenger.go:270: SENT EST to 7
INFO: 01:44:12.453616 messenger.go:270: SENT EST to 1
INFO: 01:44:12.454595 messenger.go:346: RECEIVED EST from 2
INFO: 01:44:12.456791 messenger.go:346: RECEIVED EST from 8
INFO: 01:44:12.461122 messenger.go:346: RECEIVED EST from 3
INFO: 01:44:12.463746 messenger.go:270: SENT EST to 4
INFO: 01:44:12.465725 messenger.go:346: RECEIVED EST from 1
INFO: 01:44:12.469083 messenger.go:346: RECEIVED EST from 2
INFO: 01:44:12.471109 messenger.go:270: SENT EST to 0
INFO: 01:44:12.471340 messenger.go:270: SENT EST to 9
INFO: 01:44:12.471718 messenger.go:270: SENT EST to 4
INFO: 01:44:12.473323 messenger.go:270: SENT EST to 1
INFO: 01:44:12.473461 messenger.go:346: RECEIVED EST from 2
INFO: 01:44:12.473608 messenger.go:346: RECEIVED EST from 4
INFO: 01:44:12.474339 messenger.go:270: SENT EST to 2
INFO: 01:44:12.474470 messenger.go:346: RECEIVED EST from 9
INFO: 01:44:12.474610 messenger.go:346: RECEIVED EST from 7
INFO: 01:44:12.475587 messenger.go:270: SENT EST to 4
INFO: 01:44:12.476709 messenger.go:270: SENT EST to 4
INFO: 01:44:12.476852 messenger.go:346: RECEIVED EST from 1
INFO: 01:44:12.483368 messenger.go:346: RECEIVED EST from 0
INFO: 01:44:12.483580 messenger.go:346: RECEIVED EST from 1
INFO: 01:44:12.483632 messenger.go:270: SENT EST to 7
INFO: 01:44:12.483767 messenger.go:346: RECEIVED EST from 9
INFO: 01:44:12.485902 messenger.go:270: SENT EST to 6
INFO: 01:44:12.488276 messenger.go:270: SENT EST to 3
INFO: 01:44:12.493995 messenger.go:270: SENT EST to 8
INFO: 01:44:12.495346 messenger.go:346: RECEIVED EST from 8
INFO: 01:44:12.495850 messenger.go:346: RECEIVED EST from 3
INFO: 01:44:12.495909 messenger.go:270: SENT EST to 6
INFO: 01:44:12.496418 messenger.go:346: RECEIVED EST from 9
INFO: 01:44:12.497056 messenger.go:346: RECEIVED EST from 6
INFO: 01:44:12.497211 messenger.go:270: SENT EST to 6
INFO: 01:44:12.497730 messenger.go:346: RECEIVED EST from 0
INFO: 01:44:12.498211 messenger.go:270: SENT EST to 6
INFO: 01:44:12.498410 messenger.go:346: RECEIVED EST from 7
INFO: 01:44:12.498686 messenger.go:270: SENT EST to 7
INFO: 01:44:12.501650 messenger.go:270: SENT EST to 2
INFO: 01:44:12.502186 messenger.go:270: SENT EST to 3
INFO: 01:44:12.504906 messenger.go:346: RECEIVED EST from 2
INFO: 01:44:12.510641 messenger.go:270: SENT EST to 0
INFO: 01:44:12.511691 messenger.go:270: SENT EST to 9
INFO: 01:44:12.512020 messenger.go:346: RECEIVED EST from 1
INFO: 01:44:12.513368 messenger.go:270: SENT EST to 8
INFO: 01:44:12.513412 messenger.go:270: SENT EST to 1
INFO: 01:44:12.515263 messenger.go:270: SENT EST to 7
INFO: 01:44:12.515526 messenger.go:270: SENT EST to 7
INFO: 01:44:12.516477 messenger.go:270: SENT EST to 3
INFO: 01:44:12.521110 messenger.go:346: RECEIVED EST from 3
INFO: 01:44:12.521564 messenger.go:346: RECEIVED EST from 7
INFO: 01:44:12.522084 messenger.go:346: RECEIVED EST from 4
INFO: 01:44:12.522427 messenger.go:270: SENT EST to 4
INFO: 01:44:12.528618 messenger.go:346: RECEIVED EST from 9
INFO: 01:44:12.530025 messenger.go:346: RECEIVED EST from 3
INFO: 01:44:12.530730 messenger.go:270: SENT EST to 7
INFO: 01:44:12.533256 messenger.go:346: RECEIVED EST from 4
INFO: 01:44:12.533533 messenger.go:346: RECEIVED EST from 3
INFO: 01:44:12.537940 messenger.go:270: SENT EST to 4
INFO: 01:44:12.539543 messenger.go:346: RECEIVED EST from 6
INFO: 01:44:12.545136 messenger.go:270: SENT EST to 2
INFO: 01:44:12.546293 messenger.go:270: SENT EST to 8
INFO: 01:44:12.546485 messenger.go:270: SENT EST to 9
INFO: 01:44:12.554013 messenger.go:270: SENT EST to 6
INFO: 01:44:12.554122 messenger.go:270: SENT EST to 1
INFO: 01:44:12.554131 messenger.go:270: SENT EST to 0
INFO: 01:44:12.555061 messenger.go:346: RECEIVED EST from 2
INFO: 01:44:12.554280 messenger.go:346: RECEIVED EST from 8
INFO: 01:44:12.557298 messenger.go:346: RECEIVED EST from 6
INFO: 01:44:12.557375 messenger.go:270: SENT EST to 7
INFO: 01:44:12.559153 messenger.go:346: RECEIVED EST from 7
INFO: 01:44:12.559764 messenger.go:346: RECEIVED EST from 0
INFO: 01:44:12.560433 messenger.go:270: SENT EST to 3
INFO: 01:44:12.560778 messenger.go:270: SENT EST to 4
INFO: 01:44:12.565574 messenger.go:346: RECEIVED EST from 4
INFO: 01:44:12.567990 messenger.go:346: RECEIVED EST from 3
INFO: 01:44:12.572537 messenger.go:270: SENT EST to 8
INFO: 01:44:12.587385 messenger.go:270: SENT EST to 9
INFO: 01:44:12.587503 messenger.go:270: SENT EST to 0
INFO: 01:44:12.588760 messenger.go:270: SENT EST to 1
INFO: 01:44:12.589345 messenger.go:346: RECEIVED EST from 9
INFO: 01:44:12.592801 messenger.go:346: RECEIVED EST from 8
INFO: 01:44:12.592910 messenger.go:270: SENT EST to 8
INFO: 01:44:12.592982 messenger.go:270: SENT EST to 2
INFO: 01:44:12.593498 messenger.go:346: RECEIVED EST from 1
INFO: 01:44:12.603331 messenger.go:270: SENT EST to 0
INFO: 01:44:12.603414 messenger.go:270: SENT EST to 6
INFO: 01:44:12.603485 messenger.go:346: RECEIVED EST from 0
INFO: 01:44:12.603652 messenger.go:346: RECEIVED EST from 2
INFO: 01:44:12.603883 messenger.go:270: SENT EST to 9
INFO: 01:44:12.607100 messenger.go:346: RECEIVED EST from 6
INFO: 01:44:12.611761 messenger.go:270: SENT EST to 7
INFO: 01:44:12.611764 messenger.go:270: SENT EST to 3
INFO: 01:44:12.611898 messenger.go:270: SENT EST to 2
INFO: 01:44:12.612050 messenger.go:346: RECEIVED EST from 3
INFO: 01:44:12.612195 messenger.go:346: RECEIVED EST from 7
INFO: 01:44:12.613688 messenger.go:270: SENT EST to 9
INFO: 01:44:12.617683 messenger.go:270: SENT EST to 6
INFO: 01:44:12.619969 messenger.go:346: RECEIVED EST from 4
INFO: 01:44:12.620066 messenger.go:270: SENT EST to 4
INFO: 01:44:12.620143 messenger.go:270: SENT EST to 0
INFO: 01:44:12.620698 messenger.go:346: RECEIVED EST from 9
INFO: 01:44:12.621458 messenger.go:346: RECEIVED EST from 6
INFO: 01:44:12.625261 messenger.go:270: SENT EST to 1
INFO: 01:44:12.632165 messenger.go:270: SENT EST to 3
INFO: 01:44:12.632368 messenger.go:270: SENT EST to 4
INFO: 01:44:12.632530 messenger.go:270: SENT EST to 2
INFO: 01:44:12.636151 messenger.go:270: SENT EST to 7
INFO: 01:44:12.639543 messenger.go:346: RECEIVED EST from 0
INFO: 01:44:12.639593 messenger.go:270: SENT EST to 6
INFO: 01:44:12.641399 messenger.go:346: RECEIVED EST from 2
INFO: 01:44:12.659005 messenger.go:346: RECEIVED EST from 8
INFO: 01:44:12.659283 messenger.go:270: SENT EST to 1
INFO: 01:44:12.659508 messenger.go:270: SENT EST to 8
INFO: 01:44:12.667146 messenger.go:346: RECEIVED EST from 9
INFO: 01:44:12.667288 messenger.go:346: RECEIVED EST from 4
INFO: 01:44:12.667408 messenger.go:346: RECEIVED EST from 7
INFO: 01:44:12.669368 messenger.go:346: RECEIVED EST from 3
INFO: 01:44:12.669535 messenger.go:346: RECEIVED EST from 0
INFO: 01:44:12.672525 messenger.go:270: SENT EST to 8
INFO: 01:44:12.672929 messenger.go:346: RECEIVED EST from 2
INFO: 01:44:12.673070 messenger.go:346: RECEIVED EST from 8
INFO: 01:44:12.673230 messenger.go:346: RECEIVED EST from 6
INFO: 01:44:12.677946 messenger.go:346: RECEIVED EST from 0
INFO: 01:44:12.681053 messenger.go:270: SENT EST to 7
INFO: 01:44:12.681553 messenger.go:346: RECEIVED EST from 1
INFO: 01:44:12.681839 messenger.go:270: SENT EST to 2
INFO: 01:44:12.684565 messenger.go:270: SENT EST to 3
INFO: 01:44:12.684748 messenger.go:270: SENT EST to 4
INFO: 01:44:12.684866 messenger.go:270: SENT EST to 0
INFO: 01:44:12.685758 messenger.go:270: SENT EST to 8
INFO: 01:44:12.685890 messenger.go:270: SENT EST to 9
INFO: 01:44:12.688282 messenger.go:346: RECEIVED EST from 6
INFO: 01:44:12.689179 messenger.go:270: SENT EST to 6
INFO: 01:44:12.689895 messenger.go:346: RECEIVED EST from 2
INFO: 01:44:12.691055 messenger.go:270: SENT EST to 8
INFO: 01:44:12.696170 messenger.go:270: SENT EST to 9
INFO: 01:44:12.697340 messenger.go:346: RECEIVED EST from 8
INFO: 01:44:12.702387 messenger.go:346: RECEIVED EST from 9
INFO: 01:44:12.707911 messenger.go:270: SENT EST to 1
INFO: 01:44:12.716045 messenger.go:346: RECEIVED EST from 4
INFO: 01:44:12.720751 messenger.go:270: SENT EST to 0
INFO: 01:44:12.721085 messenger.go:346: RECEIVED EST from 7
INFO: 01:44:12.722623 messenger.go:346: RECEIVED EST from 0
INFO: 01:44:12.723298 messenger.go:346: RECEIVED EST from 3
INFO: 01:44:12.725119 messenger.go:346: RECEIVED EST from 6
INFO: 01:44:12.729939 messenger.go:270: SENT EST to 9
INFO: 01:44:12.737724 messenger.go:270: SENT EST to 3
INFO: 01:44:12.737883 messenger.go:346: RECEIVED EST from 1
INFO: 01:44:12.739983 messenger.go:270: SENT EST to 4
INFO: 01:44:12.740664 messenger.go:270: SENT EST to 7
INFO: 01:44:12.741411 messenger.go:270: SENT EST to 1
INFO: 01:44:12.743688 messenger.go:270: SENT EST to 8
INFO: 01:44:12.744328 messenger.go:270: SENT EST to 2
INFO: 01:44:12.746357 messenger.go:270: SENT EST to 6
INFO: 01:44:12.747649 messenger.go:346: RECEIVED EST from 4
INFO: 01:44:12.747697 messenger.go:270: SENT EST to 0
INFO: 01:44:12.747887 messenger.go:346: RECEIVED EST from 7
INFO: 01:44:12.749338 messenger.go:346: RECEIVED EST from 3
INFO: 01:44:12.749502 messenger.go:346: RECEIVED EST from 0
INFO: 01:44:12.753391 messenger.go:346: RECEIVED EST from 9
INFO: 01:44:12.753596 messenger.go:346: RECEIVED EST from 2
INFO: 01:44:12.753906 messenger.go:346: RECEIVED EST from 8
INFO: 01:44:12.759482 messenger.go:346: RECEIVED EST from 6
INFO: 01:44:12.761433 messenger.go:270: SENT EST to 4
INFO: 01:44:12.761467 messenger.go:270: SENT EST to 9
INFO: 01:44:12.766553 messenger.go:270: SENT EST to 3
INFO: 01:44:12.769476 messenger.go:270: SENT EST to 7
INFO: 01:44:12.770410 messenger.go:270: SENT EST to 2
INFO: 01:44:12.770844 messenger.go:270: SENT EST to 0
INFO: 01:44:12.772143 messenger.go:346: RECEIVED EST from 3
INFO: 01:44:12.772289 messenger.go:346: RECEIVED EST from 9
INFO: 01:44:12.772440 messenger.go:346: RECEIVED EST from 2
INFO: 01:44:12.773589 messenger.go:270: SENT EST to 6
INFO: 01:44:12.779434 messenger.go:270: SENT EST to 1
INFO: 01:44:12.780392 messenger.go:346: RECEIVED EST from 1
INFO: 01:44:12.781020 messenger.go:270: SENT EST to 0
INFO: 01:44:12.783642 messenger.go:346: RECEIVED EST from 4
INFO: 01:44:12.786431 messenger.go:270: SENT EST to 8
INFO: 01:44:12.786980 messenger.go:346: RECEIVED EST from 0
INFO: 01:44:12.789712 messenger.go:346: RECEIVED EST from 8
INFO: 01:44:12.793594 messenger.go:270: SENT EST to 9
INFO: 01:44:12.815715 messenger.go:270: SENT EST to 7
INFO: 01:44:12.818267 messenger.go:270: SENT EST to 3
INFO: 01:44:12.819224 messenger.go:346: RECEIVED EST from 7
INFO: 01:44:12.820442 messenger.go:270: SENT EST to 4
INFO: 01:44:12.820699 messenger.go:346: RECEIVED EST from 6
INFO: 01:44:12.822035 messenger.go:346: RECEIVED EST from 2
INFO: 01:44:12.829874 messenger.go:270: SENT EST to 1
INFO: 01:44:12.830526 messenger.go:346: RECEIVED EST from 1
INFO: 01:44:12.830592 messenger.go:270: SENT EST to 6
INFO: 01:44:12.830626 messenger.go:270: SENT EST to 2
INFO: 01:44:12.833775 messenger.go:346: RECEIVED EST from 4
INFO: 01:44:12.833836 messenger.go:270: SENT EST to 8
INFO: 01:44:12.836417 messenger.go:346: RECEIVED EST from 8
INFO: 01:44:12.836752 messenger.go:346: RECEIVED EST from 0
INFO: 01:44:12.836879 messenger.go:346: RECEIVED EST from 3
INFO: 01:44:12.837102 messenger.go:346: RECEIVED EST from 9
INFO: 01:44:12.841806 messenger.go:270: SENT EST to 9
INFO: 01:44:12.858403 messenger.go:346: RECEIVED EST from 7
INFO: 01:44:12.858628 messenger.go:346: RECEIVED EST from 6
INFO: 01:44:12.859139 messenger.go:270: SENT EST to 0
INFO: 01:44:12.865192 messenger.go:346: RECEIVED EST from 1
INFO: 01:44:12.865625 messenger.go:270: SENT EST to 1
INFO: 01:44:12.867084 messenger.go:270: SENT EST to 7
INFO: 01:44:12.867540 messenger.go:270: SENT EST to 4
INFO: 01:44:12.867612 messenger.go:270: SENT EST to 6
INFO: 01:44:12.867719 messenger.go:270: SENT EST to 8
INFO: 01:44:12.867774 messenger.go:270: SENT EST to 3
INFO: 01:44:12.868507 messenger.go:346: RECEIVED EST from 0
INFO: 01:44:12.868657 messenger.go:270: SENT EST to 9
INFO: 01:44:12.868760 messenger.go:346: RECEIVED EST from 8
INFO: 01:44:12.868871 messenger.go:346: RECEIVED EST from 4
INFO: 01:44:12.870053 messenger.go:346: RECEIVED EST from 9
INFO: 01:44:12.871162 messenger.go:346: RECEIVED EST from 6
INFO: 01:44:12.872605 messenger.go:346: RECEIVED EST from 9
INFO: 01:44:12.873240 messenger.go:346: RECEIVED EST from 6
INFO: 01:44:12.873576 messenger.go:346: RECEIVED EST from 3
INFO: 01:44:12.873784 messenger.go:270: SENT EST to 2
INFO: 01:44:12.873904 messenger.go:346: RECEIVED EST from 7
INFO: 01:44:12.874011 messenger.go:346: RECEIVED EST from 2
INFO: 01:44:12.887528 messenger.go:346: RECEIVED EST from 9
INFO: 01:44:12.890550 messenger.go:346: RECEIVED EST from 1
INFO: 01:44:12.893306 messenger.go:346: RECEIVED EST from 3
INFO: 01:44:12.895600 messenger.go:270: SENT EST to 0
INFO: 01:44:12.898599 messenger.go:346: RECEIVED EST from 0
INFO: 01:44:12.901240 messenger.go:346: RECEIVED EST from 6
INFO: 01:44:12.901977 messenger.go:270: SENT EST to 3
INFO: 01:44:12.902191 messenger.go:346: RECEIVED EST from 7
INFO: 01:44:12.902727 messenger.go:270: SENT EST to 8
INFO: 01:44:12.902829 messenger.go:270: SENT EST to 4
INFO: 01:44:12.903842 messenger.go:346: RECEIVED EST from 4
INFO: 01:44:12.904990 messenger.go:270: SENT EST to 1
INFO: 01:44:12.905630 messenger.go:346: RECEIVED EST from 8
INFO: 01:44:12.906307 messenger.go:270: SENT EST to 2
INFO: 01:44:12.908785 messenger.go:270: SENT EST to 9
INFO: 01:44:12.909023 messenger.go:270: SENT EST to 6
INFO: 01:44:12.909417 messenger.go:346: RECEIVED EST from 9
INFO: 01:44:12.909909 messenger.go:346: RECEIVED EST from 2
INFO: 01:44:12.913054 messenger.go:270: SENT EST to 0
INFO: 01:44:12.913473 messenger.go:346: RECEIVED EST from 1
INFO: 01:44:12.914172 messenger.go:270: SENT EST to 7
INFO: 01:44:12.928291 messenger.go:346: RECEIVED EST from 6
INFO: 01:44:12.929340 messenger.go:346: RECEIVED EST from 7
INFO: 01:44:12.933115 messenger.go:346: RECEIVED EST from 4
INFO: 01:44:12.933791 messenger.go:346: RECEIVED EST from 8
INFO: 01:44:12.933992 messenger.go:270: SENT EST to 3
INFO: 01:44:12.934594 messenger.go:346: RECEIVED EST from 0
INFO: 01:44:12.935671 messenger.go:346: RECEIVED EST from 3
INFO: 01:44:12.944748 messenger.go:270: SENT EST to 6
INFO: 01:44:12.945001 messenger.go:270: SENT EST to 2
INFO: 01:44:12.945284 messenger.go:346: RECEIVED EST from 9
INFO: 01:44:12.945403 messenger.go:346: RECEIVED EST from 2
INFO: 01:44:12.950980 messenger.go:270: SENT EST to 0
INFO: 01:44:12.951370 messenger.go:270: SENT EST to 1
INFO: 01:44:12.952278 messenger.go:346: RECEIVED EST from 1
INFO: 01:44:12.970511 messenger.go:270: SENT EST to 7
INFO: 01:44:12.973494 messenger.go:270: SENT EST to 4
INFO: 01:44:12.973720 messenger.go:270: SENT EST to 8
INFO: 01:44:12.973965 messenger.go:346: RECEIVED EST from 4
INFO: 01:44:12.974319 messenger.go:270: SENT EST to 9
INFO: 01:44:12.975468 messenger.go:346: RECEIVED EST from 8
INFO: 01:44:12.984970 messenger.go:346: RECEIVED EST from 0
INFO: 01:44:12.985635 messenger.go:346: RECEIVED EST from 6
INFO: 01:44:12.986380 messenger.go:346: RECEIVED EST from 7
INFO: 01:44:12.986989 messenger.go:346: RECEIVED EST from 6
INFO: 01:44:12.987486 messenger.go:270: SENT EST to 0
INFO: 01:44:12.987609 messenger.go:346: RECEIVED EST from 4
INFO: 01:44:12.987928 messenger.go:346: RECEIVED EST from 8
INFO: 01:44:12.988594 messenger.go:346: RECEIVED EST from 8
INFO: 01:44:12.988721 messenger.go:270: SENT EST to 3
INFO: 01:44:12.989018 messenger.go:270: SENT EST to 4
INFO: 01:44:12.989049 messenger.go:270: SENT EST to 8
INFO: 01:44:12.989071 messenger.go:270: SENT EST to 6
INFO: 01:44:12.989121 messenger.go:346: RECEIVED EST from 3
INFO: 01:44:12.989237 messenger.go:346: RECEIVED EST from 0
INFO: 01:44:12.989381 messenger.go:346: RECEIVED EST from 3
INFO: 01:44:13.003615 messenger.go:346: RECEIVED EST from 1
INFO: 01:44:13.005544 messenger.go:270: SENT EST to 1
INFO: 01:44:13.005642 messenger.go:270: SENT EST to 7
INFO: 01:44:13.005790 messenger.go:346: RECEIVED EST from 2
INFO: 01:44:13.006908 messenger.go:346: RECEIVED EST from 9
INFO: 01:44:13.007348 messenger.go:270: SENT EST to 2
INFO: 01:44:13.016771 messenger.go:346: RECEIVED EST from 7
INFO: 01:44:13.017637 messenger.go:346: RECEIVED EST from 3
INFO: 01:44:13.019218 messenger.go:270: SENT EST to 4
INFO: 01:44:13.019785 messenger.go:346: RECEIVED EST from 6
INFO: 01:44:13.020014 messenger.go:346: RECEIVED EST from 4
INFO: 01:44:13.020244 messenger.go:270: SENT EST to 3
INFO: 01:44:13.020409 messenger.go:346: RECEIVED EST from 2
INFO: 01:44:13.020691 messenger.go:270: SENT EST to 8
INFO: 01:44:13.021479 messenger.go:270: SENT EST to 6
INFO: 01:44:13.021800 messenger.go:346: RECEIVED EST from 0
INFO: 01:44:13.023165 messenger.go:346: RECEIVED EST from 8
INFO: 01:44:13.025984 messenger.go:346: RECEIVED EST from 0
INFO: 01:44:13.031250 messenger.go:346: RECEIVED EST from 4
INFO: 01:44:13.031478 messenger.go:270: SENT EST to 2
INFO: 01:44:13.042234 messenger.go:270: SENT EST to 7
INFO: 01:44:13.042252 messenger.go:270: SENT EST to 1
INFO: 01:44:13.042415 messenger.go:346: RECEIVED EST from 1
INFO: 01:44:13.044085 messenger.go:346: RECEIVED EST from 3
INFO: 01:44:13.045072 messenger.go:346: RECEIVED EST from 6
INFO: 01:44:13.045291 messenger.go:346: RECEIVED EST from 0
INFO: 01:44:13.050104 messenger.go:346: RECEIVED EST from 7
INFO: 01:44:13.050290 messenger.go:346: RECEIVED EST from 1
INFO: 01:44:13.050666 messenger.go:270: SENT EST to 8
INFO: 01:44:13.050727 messenger.go:270: SENT EST to 1
INFO: 01:44:13.050777 messenger.go:270: SENT EST to 9
INFO: 01:44:13.060628 messenger.go:270: SENT EST to 3
INFO: 01:44:13.060842 messenger.go:270: SENT EST to 7
INFO: 01:44:13.061127 messenger.go:270: SENT EST to 4
INFO: 01:44:13.061272 messenger.go:270: SENT EST to 6
INFO: 01:44:13.061446 messenger.go:346: RECEIVED EST from 7
INFO: 01:44:13.061566 messenger.go:270: SENT EST to 1
INFO: 01:44:13.061714 messenger.go:346: RECEIVED EST from 4
INFO: 01:44:13.061889 messenger.go:346: RECEIVED EST from 2
INFO: 01:44:13.062060 messenger.go:346: RECEIVED EST from 8
INFO: 01:44:13.072162 messenger.go:270: SENT EST to 0
INFO: 01:44:13.072279 messenger.go:270: SENT EST to 2
INFO: 01:44:13.072771 messenger.go:346: RECEIVED EST from 1
INFO: 01:44:13.072774 messenger.go:346: RECEIVED EST from 9
INFO: 01:44:13.074154 messenger.go:346: RECEIVED EST from 0
INFO: 01:44:13.077266 messenger.go:270: SENT EST to 3
INFO: 01:44:13.077483 messenger.go:270: SENT EST to 6
INFO: 01:44:13.077828 messenger.go:346: RECEIVED EST from 6
INFO: 01:44:13.083932 messenger.go:346: RECEIVED EST from 3
INFO: 01:44:13.091501 messenger.go:270: SENT EST to 7
INFO: 01:44:13.091820 messenger.go:270: SENT EST to 4
INFO: 01:44:13.092022 messenger.go:270: SENT EST to 8
INFO: 01:44:13.092171 messenger.go:346: RECEIVED EST from 4
INFO: 01:44:13.092397 messenger.go:270: SENT EST to 2
INFO: 01:44:13.092980 messenger.go:346: RECEIVED EST from 2
INFO: 01:44:13.093704 messenger.go:270: SENT EST to 9
INFO: 01:44:13.093842 messenger.go:346: RECEIVED EST from 7
INFO: 01:44:13.101585 messenger.go:270: SENT EST to 6
INFO: 01:44:13.101734 messenger.go:270: SENT EST to 3
INFO: 01:44:13.101918 messenger.go:346: RECEIVED EST from 1
INFO: 01:44:13.102477 messenger.go:346: RECEIVED EST from 6
INFO: 01:44:13.108210 messenger.go:270: SENT EST to 7
INFO: 01:44:13.108374 messenger.go:270: SENT EST to 4
INFO: 01:44:13.110214 messenger.go:270: SENT EST to 1
INFO: 01:44:13.110455 messenger.go:346: RECEIVED EST from 0
INFO: 01:44:13.110913 messenger.go:346: RECEIVED EST from 8
INFO: 01:44:13.111187 messenger.go:346: RECEIVED EST from 9
INFO: 01:44:13.111338 messenger.go:270: SENT EST to 0
INFO: 01:44:13.114876 messenger.go:270: SENT EST to 8
INFO: 01:44:13.115588 messenger.go:346: RECEIVED EST from 3
INFO: 01:44:13.122415 messenger.go:270: SENT EST to 2
INFO: 01:44:13.122990 messenger.go:346: RECEIVED EST from 2
INFO: 01:44:13.125876 messenger.go:346: RECEIVED EST from 8
INFO: 01:44:13.126441 messenger.go:270: SENT EST to 9
INFO: 01:44:13.135174 messenger.go:270: SENT EST to 0
INFO: 01:44:13.136763 messenger.go:346: RECEIVED EST from 4
INFO: 01:44:13.136843 messenger.go:270: SENT EST to 4
INFO: 01:44:13.138789 messenger.go:346: RECEIVED EST from 6
INFO: 01:44:13.139866 messenger.go:270: SENT EST to 3
INFO: 01:44:13.144129 messenger.go:270: SENT EST to 1
INFO: 01:44:13.144402 messenger.go:270: SENT EST to 7
INFO: 01:44:13.144640 messenger.go:346: RECEIVED EST from 7
INFO: 01:44:13.144831 messenger.go:346: RECEIVED EST from 1
INFO: 01:44:13.161920 messenger.go:270: SENT EST to 9
INFO: 01:44:13.166057 messenger.go:270: SENT EST to 8
INFO: 01:44:13.176356 messenger.go:270: SENT EST to 6
INFO: 01:44:13.176505 messenger.go:346: RECEIVED EST from 0
INFO: 01:44:13.176894 messenger.go:346: RECEIVED EST from 3
INFO: 01:44:13.180281 messenger.go:270: SENT EST to 9
INFO: 01:44:13.180783 messenger.go:270: SENT EST to 2
INFO: 01:44:13.180812 messenger.go:346: RECEIVED EST from 2
INFO: 01:44:13.184466 messenger.go:346: RECEIVED EST from 8
INFO: 01:44:13.185273 messenger.go:270: SENT EST to 4
INFO: 01:44:13.186856 messenger.go:270: SENT EST to 3
INFO: 01:44:13.187506 messenger.go:346: RECEIVED EST from 9
INFO: 01:44:13.191859 messenger.go:270: SENT EST to 1
INFO: 01:44:13.191934 messenger.go:270: SENT EST to 7
INFO: 01:44:13.192255 messenger.go:346: RECEIVED EST from 4
INFO: 01:44:13.196385 messenger.go:346: RECEIVED EST from 7
INFO: 01:44:13.200252 messenger.go:270: SENT EST to 2
INFO: 01:44:13.202592 messenger.go:270: SENT EST to 8
INFO: 01:44:13.204488 messenger.go:346: RECEIVED EST from 0
INFO: 01:44:13.204809 messenger.go:270: SENT EST to 9
INFO: 01:44:13.207190 messenger.go:346: RECEIVED EST from 3
INFO: 01:44:13.215254 messenger.go:346: RECEIVED EST from 2
INFO: 01:44:13.217741 messenger.go:270: SENT EST to 6
INFO: 01:44:13.217767 messenger.go:270: SENT EST to 0
INFO: 01:44:13.218103 messenger.go:346: RECEIVED EST from 4
INFO: 01:44:13.219335 messenger.go:346: RECEIVED EST from 6
INFO: 01:44:13.219513 messenger.go:346: RECEIVED EST from 1
INFO: 01:44:13.220618 messenger.go:270: SENT EST to 1
INFO: 01:44:13.221918 messenger.go:346: RECEIVED EST from 8
INFO: 01:44:13.222253 messenger.go:270: SENT EST to 7
INFO: 01:44:13.222516 messenger.go:270: SENT EST to 4
INFO: 01:44:13.225780 messenger.go:270: SENT EST to 8
INFO: 01:44:13.228432 messenger.go:346: RECEIVED EST from 1
INFO: 01:44:13.228758 messenger.go:270: SENT EST to 0
INFO: 01:44:13.229246 messenger.go:270: SENT EST to 9
INFO: 01:44:13.231172 messenger.go:346: RECEIVED EST from 9
INFO: 01:44:13.233335 messenger.go:270: SENT EST to 1
INFO: 01:44:13.235377 messenger.go:270: SENT EST to 3
INFO: 01:44:13.235496 messenger.go:270: SENT EST to 2
INFO: 01:44:13.236500 messenger.go:346: RECEIVED EST from 7
INFO: 01:44:13.247760 messenger.go:270: SENT EST to 2
INFO: 01:44:13.248091 messenger.go:270: SENT EST to 6
INFO: 01:44:13.248794 messenger.go:346: RECEIVED EST from 3
INFO: 01:44:13.248845 messenger.go:270: SENT EST to 3
INFO: 01:44:13.249213 messenger.go:346: RECEIVED EST from 2
INFO: 01:44:13.249296 messenger.go:270: SENT EST to 7
INFO: 01:44:13.250238 messenger.go:270: SENT EST to 6
INFO: 01:44:13.251822 messenger.go:270: SENT EST to 4
INFO: 01:44:13.254880 messenger.go:270: SENT EST to 8
INFO: 01:44:13.258991 messenger.go:270: SENT EST to 9
INFO: 01:44:13.260728 messenger.go:346: RECEIVED EST from 8
INFO: 01:44:13.263276 messenger.go:270: SENT EST to 0
INFO: 01:44:13.279916 messenger.go:346: RECEIVED EST from 2
INFO: 01:44:13.280166 messenger.go:346: RECEIVED EST from 6
INFO: 01:44:13.280227 messenger.go:270: SENT EST to 7
INFO: 01:44:13.280362 messenger.go:346: RECEIVED EST from 4
INFO: 01:44:13.280654 messenger.go:270: SENT EST to 4
INFO: 01:44:13.280777 messenger.go:346: RECEIVED EST from 7
INFO: 01:44:13.280946 messenger.go:346: RECEIVED EST from 1
INFO: 01:44:13.281000 messenger.go:270: SENT EST to 6
INFO: 01:44:13.281095 messenger.go:270: SENT EST to 1
INFO: 01:44:13.281294 messenger.go:346: RECEIVED EST from 3
INFO: 01:44:13.281764 messenger.go:270: SENT EST to 2
INFO: 01:44:13.281908 messenger.go:346: RECEIVED EST from 0
INFO: 01:44:13.282325 messenger.go:270: SENT EST to 3
INFO: 01:44:13.286487 messenger.go:346: RECEIVED EST from 7
INFO: 01:44:13.286634 messenger.go:346: RECEIVED EST from 1
INFO: 01:44:13.286930 messenger.go:270: SENT EST to 9
INFO: 01:44:13.287922 messenger.go:270: SENT EST to 8
INFO: 01:44:13.289112 messenger.go:346: RECEIVED EST from 9
INFO: 01:44:13.299669 messenger.go:346: RECEIVED EST from 8
INFO: 01:44:13.299799 messenger.go:270: SENT EST to 0
INFO: 01:44:13.310456 messenger.go:270: SENT EST to 1
INFO: 01:44:13.310670 messenger.go:346: RECEIVED EST from 7
INFO: 01:44:13.311461 messenger.go:346: RECEIVED EST from 3
INFO: 01:44:13.312099 messenger.go:346: RECEIVED EST from 4
INFO: 01:44:13.311903 messenger.go:346: RECEIVED EST from 6
INFO: 01:44:13.311608 messenger.go:346: RECEIVED EST from 1
INFO: 01:44:13.313848 messenger.go:270: SENT EST to 6
INFO: 01:44:13.313880 messenger.go:270: SENT EST to 2
INFO: 01:44:13.313945 messenger.go:270: SENT EST to 3
INFO: 01:44:13.315940 messenger.go:346: RECEIVED EST from 2
INFO: 01:44:13.316051 messenger.go:270: SENT EST to 7
INFO: 01:44:13.316080 messenger.go:270: SENT EST to 4
INFO: 01:44:13.318142 messenger.go:346: RECEIVED EST from 0
INFO: 01:44:13.319677 messenger.go:270: SENT EST to 9
INFO: 01:44:13.321720 messenger.go:346: RECEIVED EST from 3
INFO: 01:44:13.322459 messenger.go:346: RECEIVED EST from 9
INFO: 01:44:13.325955 messenger.go:270: SENT EST to 8
INFO: 01:44:13.326122 messenger.go:346: RECEIVED EST from 7
INFO: 01:44:13.329431 messenger.go:270: SENT EST to 9
INFO: 01:44:13.329620 messenger.go:270: SENT EST to 0
INFO: 01:44:13.332399 messenger.go:270: SENT EST to 1
INFO: 01:44:13.335369 messenger.go:346: RECEIVED EST from 9
INFO: 01:44:13.361349 messenger.go:270: SENT EST to 9
INFO: 01:44:13.361756 messenger.go:270: SENT EST to 4
INFO: 01:44:13.361954 messenger.go:346: RECEIVED EST from 7
INFO: 01:44:13.362348 messenger.go:346: RECEIVED EST from 2
INFO: 01:44:13.363338 messenger.go:346: RECEIVED EST from 4
INFO: 01:44:13.363402 messenger.go:346: RECEIVED EST from 3
INFO: 01:44:13.363530 messenger.go:270: SENT EST to 6
INFO: 01:44:13.364841 messenger.go:270: SENT EST to 7
INFO: 01:44:13.365015 messenger.go:346: RECEIVED EST from 6
INFO: 01:44:13.365390 messenger.go:346: RECEIVED EST from 1
INFO: 01:44:13.365469 messenger.go:270: SENT EST to 2
INFO: 01:44:13.366548 messenger.go:270: SENT EST to 3
INFO: 01:44:13.367115 messenger.go:346: RECEIVED EST from 8
INFO: 01:44:13.367838 messenger.go:270: SENT EST to 0
INFO: 01:44:13.372607 messenger.go:270: SENT EST to 8
INFO: 01:44:13.372776 messenger.go:270: SENT EST to 1
INFO: 01:44:13.374060 messenger.go:346: RECEIVED EST from 0
INFO: 01:44:13.381423 messenger.go:270: SENT EST to 8
INFO: 01:44:13.381763 messenger.go:346: RECEIVED EST from 1
INFO: 01:44:13.381934 messenger.go:270: SENT EST to 0
INFO: 01:44:13.384098 messenger.go:270: SENT EST to 0
INFO: 01:44:13.384295 messenger.go:270: SENT EST to 1
INFO: 01:44:13.384614 messenger.go:270: SENT EST to 0
INFO: 01:44:13.384843 messenger.go:270: SENT EST to 1
INFO: 01:44:13.388986 messenger.go:270: SENT EST to 7
INFO: 01:44:13.392148 messenger.go:346: RECEIVED EST from 7
INFO: 01:44:13.396991 messenger.go:270: SENT EST to 3
INFO: 01:44:13.398087 messenger.go:270: SENT EST to 4
INFO: 01:44:13.399260 messenger.go:270: SENT EST to 2
INFO: 01:44:13.401121 messenger.go:346: RECEIVED EST from 8
INFO: 01:44:13.399638 messenger.go:346: RECEIVED EST from 2
INFO: 01:44:13.401458 messenger.go:346: RECEIVED EST from 9
INFO: 01:44:13.428921 messenger.go:346: RECEIVED EST from 3
INFO: 01:44:13.429469 messenger.go:346: RECEIVED EST from 1
INFO: 01:44:13.430894 messenger.go:270: SENT EST to 3
INFO: 01:44:13.432683 messenger.go:270: SENT EST to 6
INFO: 01:44:13.438356 messenger.go:270: SENT EST to 8
INFO: 01:44:13.443746 messenger.go:346: RECEIVED EST from 6
INFO: 01:44:13.453289 messenger.go:346: RECEIVED EST from 0
INFO: 01:44:13.462638 messenger.go:346: RECEIVED EST from 7
INFO: 01:44:13.468850 messenger.go:346: RECEIVED EST from 4
INFO: 01:44:13.470999 messenger.go:270: SENT EST to 9
INFO: 01:44:13.474257 messenger.go:270: SENT EST to 2
INFO: 01:44:13.475994 messenger.go:270: SENT EST to 1
INFO: 01:44:13.476427 messenger.go:270: SENT EST to 0
INFO: 01:44:13.477378 messenger.go:270: SENT EST to 3
INFO: 01:44:13.482897 messenger.go:346: RECEIVED EST from 9
INFO: 01:44:13.488763 messenger.go:270: SENT EST to 7
INFO: 01:44:13.490092 messenger.go:270: SENT EST to 6
INFO: 01:44:13.504047 messenger.go:270: SENT EST to 4
INFO: 01:44:13.504718 messenger.go:346: RECEIVED EST from 0
INFO: 01:44:13.504996 messenger.go:346: RECEIVED EST from 3
INFO: 01:44:13.505352 messenger.go:346: RECEIVED EST from 8
INFO: 01:44:13.507513 messenger.go:346: RECEIVED EST from 1
INFO: 01:44:13.508601 messenger.go:346: RECEIVED EST from 8
INFO: 01:44:13.508953 messenger.go:270: SENT EST to 8
INFO: 01:44:13.512730 messenger.go:270: SENT EST to 4
INFO: 01:44:13.517574 messenger.go:270: SENT EST to 9
INFO: 01:44:13.520985 messenger.go:346: RECEIVED EST from 0
INFO: 01:44:13.524439 messenger.go:270: SENT EST to 0
INFO: 01:44:13.524622 messenger.go:270: SENT EST to 9
INFO: 01:44:13.524821 messenger.go:346: RECEIVED EST from 9
INFO: 01:44:13.525546 messenger.go:270: SENT EST to 1
INFO: 01:44:13.532679 messenger.go:346: RECEIVED EST from 7
INFO: 01:44:13.533386 messenger.go:270: SENT EST to 6
INFO: 01:44:13.534747 messenger.go:346: RECEIVED EST from 4
INFO: 01:44:13.537140 messenger.go:270: SENT EST to 7
INFO: 01:44:13.537239 messenger.go:270: SENT EST to 2
INFO: 01:44:13.542440 messenger.go:346: RECEIVED EST from 8
INFO: 01:44:13.543220 messenger.go:270: SENT EST to 4
INFO: 01:44:13.537346 messenger.go:346: RECEIVED EST from 9
INFO: 01:44:13.544449 messenger.go:270: SENT EST to 3
INFO: 01:44:13.544663 messenger.go:270: SENT EST to 1
INFO: 01:44:13.549783 messenger.go:346: RECEIVED EST from 1
INFO: 01:44:13.550049 messenger.go:270: SENT EST to 9
INFO: 01:44:13.550132 messenger.go:270: SENT EST to 0
INFO: 01:44:13.551255 messenger.go:270: SENT EST to 8
INFO: 01:44:13.556388 messenger.go:346: RECEIVED EST from 3
INFO: 01:44:13.557071 messenger.go:346: RECEIVED EST from 0
INFO: 01:44:13.563962 messenger.go:346: RECEIVED EST from 6
INFO: 01:44:13.564213 messenger.go:346: RECEIVED EST from 2
INFO: 01:44:13.566477 messenger.go:346: RECEIVED EST from 0
INFO: 01:44:13.567542 messenger.go:270: SENT EST to 6
INFO: 01:44:13.574276 messenger.go:270: SENT EST to 7
