INFO: 00:52:36.959363 main.go:29: ID:5 | N:10 | F:3 | Clients:1 | Scenario:NORMAL | Remote:false

INFO: 00:52:36.960030 messenger.go:90: Receive from Server 0 on tcp://*:4500
INFO: 00:52:36.960212 messenger.go:107: Send to Server 0 on tcp://localhost:4005
INFO: 00:52:36.960284 messenger.go:90: Receive from Server 1 on tcp://*:4501
INFO: 00:52:36.960358 messenger.go:107: Send to Server 1 on tcp://localhost:4105
INFO: 00:52:36.960486 messenger.go:90: Receive from Server 2 on tcp://*:4502
INFO: 00:52:36.960550 messenger.go:107: Send to Server 2 on tcp://localhost:4205
INFO: 00:52:36.960615 messenger.go:90: Receive from Server 3 on tcp://*:4503
INFO: 00:52:36.960675 messenger.go:107: Send to Server 3 on tcp://localhost:4305
INFO: 00:52:36.960744 messenger.go:90: Receive from Server 4 on tcp://*:4504
INFO: 00:52:36.960804 messenger.go:107: Send to Server 4 on tcp://localhost:4405
INFO: 00:52:36.960870 messenger.go:90: Receive from Server 6 on tcp://*:4506
INFO: 00:52:36.960929 messenger.go:107: Send to Server 6 on tcp://localhost:4605
INFO: 00:52:36.960996 messenger.go:90: Receive from Server 7 on tcp://*:4507
INFO: 00:52:36.961057 messenger.go:107: Send to Server 7 on tcp://localhost:4705
INFO: 00:52:36.961121 messenger.go:90: Receive from Server 8 on tcp://*:4508
INFO: 00:52:36.961187 messenger.go:107: Send to Server 8 on tcp://localhost:4805
INFO: 00:52:36.961256 messenger.go:90: Receive from Server 9 on tcp://*:4509
INFO: 00:52:36.961339 messenger.go:107: Send to Server 9 on tcp://localhost:4905
INFO: 00:52:36.961370 messenger.go:113: -----------------------------------------
INFO: 00:52:36.961420 messenger.go:135: Requests from Client 0 on tcp://*:7500
INFO: 00:52:36.961485 messenger.go:152: Response to Client 0 on tcp://*:10500
INFO: 00:52:36.961513 messenger.go:155: -----------------------------------------

INFO: 00:52:37.015124 main.go:83: Initial estimate value:  1
INFO: 00:52:37.028682 messenger.go:270: SENT EST to 0
INFO: 00:52:37.033954 messenger.go:346: RECEIVED EST from 9
INFO: 00:52:37.034646 messenger.go:346: RECEIVED EST from 8
INFO: 00:52:37.034839 messenger.go:270: SENT EST to 4
INFO: 00:52:37.035510 messenger.go:346: RECEIVED EST from 3
INFO: 00:52:37.035745 messenger.go:270: SENT EST to 9
INFO: 00:52:37.035832 messenger.go:270: SENT EST to 1
INFO: 00:52:37.035864 messenger.go:270: SENT EST to 8
INFO: 00:52:37.035887 messenger.go:270: SENT EST to 3
INFO: 00:52:37.035919 messenger.go:270: SENT EST to 2
INFO: 00:52:37.036301 messenger.go:346: RECEIVED EST from 7
INFO: 00:52:37.036402 messenger.go:270: SENT EST to 7
INFO: 00:52:37.038390 messenger.go:346: RECEIVED EST from 1
INFO: 00:52:37.051252 messenger.go:346: RECEIVED EST from 4
INFO: 00:52:37.075188 messenger.go:346: RECEIVED EST from 6
INFO: 00:52:37.079106 messenger.go:346: RECEIVED EST from 0
INFO: 00:52:37.102010 messenger.go:270: SENT EST to 6
INFO: 00:52:37.114466 messenger.go:346: RECEIVED EST from 2
