INFO: 01:41:03.104799 main.go:29: ID:6 | N:10 | F:3 | Clients:1 | Scenario:NORMAL | Remote:false

INFO: 01:41:03.105412 messenger.go:90: Receive from Server 0 on tcp://*:4600
INFO: 01:41:03.107304 messenger.go:107: Send to Server 0 on tcp://localhost:4006
INFO: 01:41:03.107411 messenger.go:90: Receive from Server 1 on tcp://*:4601
INFO: 01:41:03.107456 messenger.go:107: Send to Server 1 on tcp://localhost:4106
INFO: 01:41:03.107535 messenger.go:90: Receive from Server 2 on tcp://*:4602
INFO: 01:41:03.107598 messenger.go:107: Send to Server 2 on tcp://localhost:4206
INFO: 01:41:03.107654 messenger.go:90: Receive from Server 3 on tcp://*:4603
INFO: 01:41:03.107697 messenger.go:107: Send to Server 3 on tcp://localhost:4306
INFO: 01:41:03.107760 messenger.go:90: Receive from Server 4 on tcp://*:4604
INFO: 01:41:03.107802 messenger.go:107: Send to Server 4 on tcp://localhost:4406
INFO: 01:41:03.107857 messenger.go:90: Receive from Server 5 on tcp://*:4605
INFO: 01:41:03.107884 messenger.go:107: Send to Server 5 on tcp://localhost:4506
INFO: 01:41:03.107941 messenger.go:90: Receive from Server 7 on tcp://*:4607
INFO: 01:41:03.107999 messenger.go:107: Send to Server 7 on tcp://localhost:4706
INFO: 01:41:03.108063 messenger.go:90: Receive from Server 8 on tcp://*:4608
INFO: 01:41:03.108107 messenger.go:107: Send to Server 8 on tcp://localhost:4806
INFO: 01:41:03.108151 messenger.go:90: Receive from Server 9 on tcp://*:4609
INFO: 01:41:03.108192 messenger.go:107: Send to Server 9 on tcp://localhost:4906
INFO: 01:41:03.108199 messenger.go:113: -----------------------------------------
INFO: 01:41:03.108239 messenger.go:135: Requests from Client 0 on tcp://*:7600
INFO: 01:41:03.108286 messenger.go:152: Response to Client 0 on tcp://*:10600
INFO: 01:41:03.108315 messenger.go:155: -----------------------------------------

INFO: 01:41:03.116165 main.go:83: Initial estimate value:  0
