INFO: 00:52:36.973426 main.go:29: ID:6 | N:10 | F:3 | Clients:1 | Scenario:NORMAL | Remote:false

INFO: 00:52:36.987608 messenger.go:90: Receive from Server 0 on tcp://*:4600
INFO: 00:52:36.987936 messenger.go:107: Send to Server 0 on tcp://localhost:4006
INFO: 00:52:36.988034 messenger.go:90: Receive from Server 1 on tcp://*:4601
INFO: 00:52:36.988105 messenger.go:107: Send to Server 1 on tcp://localhost:4106
INFO: 00:52:36.988361 messenger.go:90: Receive from Server 2 on tcp://*:4602
INFO: 00:52:36.988440 messenger.go:107: Send to Server 2 on tcp://localhost:4206
INFO: 00:52:36.988731 messenger.go:90: Receive from Server 3 on tcp://*:4603
INFO: 00:52:36.988830 messenger.go:107: Send to Server 3 on tcp://localhost:4306
INFO: 00:52:36.988892 messenger.go:90: Receive from Server 4 on tcp://*:4604
INFO: 00:52:36.988947 messenger.go:107: Send to Server 4 on tcp://localhost:4406
INFO: 00:52:36.988995 messenger.go:90: Receive from Server 5 on tcp://*:4605
INFO: 00:52:36.989041 messenger.go:107: Send to Server 5 on tcp://localhost:4506
INFO: 00:52:36.989090 messenger.go:90: Receive from Server 7 on tcp://*:4607
INFO: 00:52:36.989135 messenger.go:107: Send to Server 7 on tcp://localhost:4706
INFO: 00:52:36.989194 messenger.go:90: Receive from Server 8 on tcp://*:4608
INFO: 00:52:36.989262 messenger.go:107: Send to Server 8 on tcp://localhost:4806
INFO: 00:52:36.993460 messenger.go:90: Receive from Server 9 on tcp://*:4609
INFO: 00:52:36.993645 messenger.go:107: Send to Server 9 on tcp://localhost:4906
INFO: 00:52:36.993706 messenger.go:113: -----------------------------------------
INFO: 00:52:36.994030 messenger.go:135: Requests from Client 0 on tcp://*:7600
INFO: 00:52:36.994125 messenger.go:152: Response to Client 0 on tcp://*:10600
INFO: 00:52:36.994157 messenger.go:155: -----------------------------------------

INFO: 00:52:37.035274 messenger.go:346: RECEIVED EST from 9
INFO: 00:52:37.052558 messenger.go:346: RECEIVED EST from 7
INFO: 00:52:37.055302 main.go:83: Initial estimate value:  0
INFO: 00:52:37.066284 messenger.go:270: SENT EST to 3
INFO: 00:52:37.070202 messenger.go:270: SENT EST to 1
INFO: 00:52:37.070794 messenger.go:270: SENT EST to 9
INFO: 00:52:37.070811 messenger.go:270: SENT EST to 2
INFO: 00:52:37.074476 messenger.go:270: SENT EST to 8
INFO: 00:52:37.079397 messenger.go:270: SENT EST to 0
INFO: 00:52:37.080477 messenger.go:270: SENT EST to 7
INFO: 00:52:37.080561 messenger.go:270: SENT EST to 4
INFO: 00:52:37.080598 messenger.go:270: SENT EST to 5
INFO: 00:52:37.081626 messenger.go:346: RECEIVED EST from 4
INFO: 00:52:37.099864 messenger.go:346: RECEIVED EST from 1
INFO: 00:52:37.102916 messenger.go:346: RECEIVED EST from 5
INFO: 00:52:37.103520 messenger.go:346: RECEIVED EST from 3
INFO: 00:52:37.104065 messenger.go:346: RECEIVED EST from 8
INFO: 00:52:37.141602 messenger.go:346: RECEIVED EST from 0
INFO: 00:52:37.180673 messenger.go:346: RECEIVED EST from 2
