INFO: 00:43:45.065660 main.go:29: ID:6 | N:10 | F:3 | Clients:1 | Scenario:NORMAL | Remote:false

INFO: 00:43:45.069856 messenger.go:90: Receive from Server 0 on tcp://*:4600
INFO: 00:43:45.070965 messenger.go:107: Send to Server 0 on tcp://localhost:4006
INFO: 00:43:45.071230 messenger.go:90: Receive from Server 1 on tcp://*:4601
INFO: 00:43:45.072363 messenger.go:107: Send to Server 1 on tcp://localhost:4106
INFO: 00:43:45.073025 messenger.go:90: Receive from Server 2 on tcp://*:4602
INFO: 00:43:45.074022 messenger.go:107: Send to Server 2 on tcp://localhost:4206
INFO: 00:43:45.074620 messenger.go:90: Receive from Server 3 on tcp://*:4603
INFO: 00:43:45.075651 messenger.go:107: Send to Server 3 on tcp://localhost:4306
INFO: 00:43:45.075852 messenger.go:90: Receive from Server 4 on tcp://*:4604
INFO: 00:43:45.076239 messenger.go:107: Send to Server 4 on tcp://localhost:4406
INFO: 00:43:45.076425 messenger.go:90: Receive from Server 5 on tcp://*:4605
INFO: 00:43:45.077258 messenger.go:107: Send to Server 5 on tcp://localhost:4506
INFO: 00:43:45.077450 messenger.go:90: Receive from Server 7 on tcp://*:4607
INFO: 00:43:45.079667 messenger.go:107: Send to Server 7 on tcp://localhost:4706
INFO: 00:43:45.082101 messenger.go:90: Receive from Server 8 on tcp://*:4608
INFO: 00:43:45.082933 messenger.go:107: Send to Server 8 on tcp://localhost:4806
INFO: 00:43:45.083200 messenger.go:90: Receive from Server 9 on tcp://*:4609
INFO: 00:43:45.083268 messenger.go:107: Send to Server 9 on tcp://localhost:4906
INFO: 00:43:45.083336 messenger.go:113: -----------------------------------------
INFO: 00:43:45.083396 messenger.go:135: Requests from Client 0 on tcp://*:7600
INFO: 00:43:45.083451 messenger.go:152: Response to Client 0 on tcp://*:10600
INFO: 00:43:45.083477 messenger.go:155: -----------------------------------------

INFO: 00:43:45.092986 main.go:83: Initial estimate value:  0
INFO: 00:43:45.114860 messenger.go:270: SENT EST to 0
INFO: 00:43:45.117677 messenger.go:346: RECEIVED EST from 1
INFO: 00:43:45.118965 messenger.go:270: SENT EST to 9
INFO: 00:43:45.119000 messenger.go:270: SENT EST to 1
INFO: 00:43:45.119016 messenger.go:270: SENT EST to 3
INFO: 00:43:45.119026 messenger.go:270: SENT EST to 4
INFO: 00:43:45.119031 messenger.go:270: SENT EST to 5
INFO: 00:43:45.121906 messenger.go:270: SENT EST to 2
INFO: 00:43:45.121970 messenger.go:270: SENT EST to 7
INFO: 00:43:45.124087 messenger.go:270: SENT EST to 8
INFO: 00:43:45.124776 messenger.go:346: RECEIVED EST from 5
INFO: 00:43:45.125418 messenger.go:346: RECEIVED EST from 7
INFO: 00:43:45.188961 messenger.go:346: RECEIVED EST from 2
INFO: 00:43:45.189392 messenger.go:346: RECEIVED EST from 8
INFO: 00:43:45.190089 messenger.go:346: RECEIVED EST from 3
INFO: 00:43:45.191019 messenger.go:346: RECEIVED EST from 9
INFO: 00:43:45.192247 messenger.go:346: RECEIVED EST from 0
INFO: 00:43:45.250576 messenger.go:346: RECEIVED EST from 4
