INFO: 21:42:37.010684 main.go:29: ID:6 | N:10 | F:3 | Clients:1 | Scenario:NORMAL | Remote:false

INFO: 21:42:37.020077 messenger.go:90: Receive from Server 0 on tcp://*:4600
INFO: 21:42:37.020918 messenger.go:107: Send to Server 0 on tcp://localhost:4006
INFO: 21:42:37.021291 messenger.go:90: Receive from Server 1 on tcp://*:4601
INFO: 21:42:37.022557 messenger.go:107: Send to Server 1 on tcp://localhost:4106
INFO: 21:42:37.024344 messenger.go:90: Receive from Server 2 on tcp://*:4602
INFO: 21:42:37.025173 messenger.go:107: Send to Server 2 on tcp://localhost:4206
INFO: 21:42:37.025240 messenger.go:90: Receive from Server 3 on tcp://*:4603
INFO: 21:42:37.026328 messenger.go:107: Send to Server 3 on tcp://localhost:4306
INFO: 21:42:37.026948 messenger.go:90: Receive from Server 4 on tcp://*:4604
INFO: 21:42:37.027534 messenger.go:107: Send to Server 4 on tcp://localhost:4406
INFO: 21:42:37.028518 messenger.go:90: Receive from Server 5 on tcp://*:4605
INFO: 21:42:37.028603 messenger.go:107: Send to Server 5 on tcp://localhost:4506
INFO: 21:42:37.029554 messenger.go:90: Receive from Server 7 on tcp://*:4607
INFO: 21:42:37.030015 messenger.go:107: Send to Server 7 on tcp://localhost:4706
INFO: 21:42:37.030657 messenger.go:90: Receive from Server 8 on tcp://*:4608
INFO: 21:42:37.030872 messenger.go:107: Send to Server 8 on tcp://localhost:4806
INFO: 21:42:37.031141 messenger.go:90: Receive from Server 9 on tcp://*:4609
INFO: 21:42:37.031580 messenger.go:107: Send to Server 9 on tcp://localhost:4906
INFO: 21:42:37.031749 messenger.go:113: -----------------------------------------
INFO: 21:42:37.031879 messenger.go:135: Requests from Client 0 on tcp://*:7600
INFO: 21:42:37.032258 messenger.go:152: Response to Client 0 on tcp://*:10600
INFO: 21:42:37.032998 messenger.go:155: -----------------------------------------

INFO: 21:42:37.052606 main.go:83: Initial estimate value:  0
INFO: 21:42:37.088379 messenger.go:346: RECEIVED EST from 5
INFO: 21:42:37.103904 messenger.go:270: SENT EST to 7
INFO: 21:42:37.103947 messenger.go:270: SENT EST to 8
INFO: 21:42:37.103972 messenger.go:270: SENT EST to 3
INFO: 21:42:37.104129 messenger.go:346: RECEIVED EST from 4
INFO: 21:42:37.089850 messenger.go:346: RECEIVED EST from 9
INFO: 21:42:37.090683 messenger.go:346: RECEIVED EST from 1
INFO: 21:42:37.090688 messenger.go:270: SENT EST to 0
INFO: 21:42:37.096197 messenger.go:346: RECEIVED EST from 2
INFO: 21:42:37.096201 messenger.go:270: SENT EST to 5
INFO: 21:42:37.103776 messenger.go:346: RECEIVED EST from 3
INFO: 21:42:37.103781 messenger.go:270: SENT EST to 2
INFO: 21:42:37.124378 messenger.go:346: RECEIVED EST from 0
INFO: 21:42:37.136848 messenger.go:346: RECEIVED EST from 7
INFO: 21:42:37.152478 messenger.go:270: SENT EST to 1
INFO: 21:42:37.204384 messenger.go:270: SENT EST to 9
INFO: 21:42:37.218021 messenger.go:270: SENT EST to 4
INFO: 21:42:37.230068 messenger.go:346: RECEIVED EST from 8
