INFO: 00:38:55.888739 main.go:29: ID:6 | N:10 | F:3 | Clients:1 | Scenario:NORMAL | Remote:false

INFO: 00:38:55.889226 messenger.go:90: Receive from Server 0 on tcp://*:4600
INFO: 00:38:55.889371 messenger.go:107: Send to Server 0 on tcp://localhost:4006
INFO: 00:38:55.889423 messenger.go:90: Receive from Server 1 on tcp://*:4601
INFO: 00:38:55.889466 messenger.go:107: Send to Server 1 on tcp://localhost:4106
INFO: 00:38:55.889510 messenger.go:90: Receive from Server 2 on tcp://*:4602
INFO: 00:38:55.889549 messenger.go:107: Send to Server 2 on tcp://localhost:4206
INFO: 00:38:55.889588 messenger.go:90: Receive from Server 3 on tcp://*:4603
INFO: 00:38:55.889624 messenger.go:107: Send to Server 3 on tcp://localhost:4306
INFO: 00:38:55.889665 messenger.go:90: Receive from Server 4 on tcp://*:4604
INFO: 00:38:55.889704 messenger.go:107: Send to Server 4 on tcp://localhost:4406
INFO: 00:38:55.889743 messenger.go:90: Receive from Server 5 on tcp://*:4605
INFO: 00:38:55.889780 messenger.go:107: Send to Server 5 on tcp://localhost:4506
INFO: 00:38:55.889819 messenger.go:90: Receive from Server 7 on tcp://*:4607
INFO: 00:38:55.889854 messenger.go:107: Send to Server 7 on tcp://localhost:4706
INFO: 00:38:55.889892 messenger.go:90: Receive from Server 8 on tcp://*:4608
INFO: 00:38:55.889931 messenger.go:107: Send to Server 8 on tcp://localhost:4806
INFO: 00:38:55.889976 messenger.go:90: Receive from Server 9 on tcp://*:4609
INFO: 00:38:55.890015 messenger.go:107: Send to Server 9 on tcp://localhost:4906
INFO: 00:38:55.890083 messenger.go:113: -----------------------------------------
INFO: 00:38:55.890129 messenger.go:135: Requests from Client 0 on tcp://*:7600
INFO: 00:38:55.890170 messenger.go:152: Response to Client 0 on tcp://*:10600
INFO: 00:38:55.890188 messenger.go:155: -----------------------------------------

INFO: 00:38:56.067179 main.go:83: Initial estimate value:  0
INFO: 00:38:56.140511 messenger.go:270: SENT EST to 9
INFO: 00:38:56.538884 messenger.go:270: SENT EST to 0
INFO: 00:38:56.561992 messenger.go:270: SENT EST to 2
INFO: 00:38:56.579017 messenger.go:270: SENT EST to 4
INFO: 00:38:56.729557 messenger.go:270: SENT EST to 1
INFO: 00:38:56.792471 messenger.go:346: RECEIVED EST from 3
INFO: 00:38:56.793646 messenger.go:346: RECEIVED EST from 4
INFO: 00:38:56.794732 messenger.go:346: RECEIVED EST from 5
INFO: 00:38:56.811904 messenger.go:346: RECEIVED EST from 1
INFO: 00:38:56.826096 messenger.go:270: SENT EST to 3
INFO: 00:38:56.826255 messenger.go:346: RECEIVED EST from 0
INFO: 00:38:56.826378 messenger.go:346: RECEIVED EST from 2
INFO: 00:38:56.826435 messenger.go:270: SENT EST to 7
INFO: 00:38:56.826445 messenger.go:270: SENT EST to 5
INFO: 00:38:56.826450 messenger.go:270: SENT EST to 8
INFO: 00:38:56.826835 messenger.go:346: RECEIVED EST from 7
INFO: 00:38:56.828478 messenger.go:346: RECEIVED EST from 8
INFO: 00:38:56.829636 messenger.go:346: RECEIVED EST from 9
