INFO: 00:43:45.060367 main.go:29: ID:7 | N:10 | F:3 | Clients:1 | Scenario:NORMAL | Remote:false

INFO: 00:43:45.063573 messenger.go:90: Receive from Server 0 on tcp://*:4700
INFO: 00:43:45.064944 messenger.go:107: Send to Server 0 on tcp://localhost:4007
INFO: 00:43:45.065058 messenger.go:90: Receive from Server 1 on tcp://*:4701
INFO: 00:43:45.065117 messenger.go:107: Send to Server 1 on tcp://localhost:4107
INFO: 00:43:45.065166 messenger.go:90: Receive from Server 2 on tcp://*:4702
INFO: 00:43:45.065208 messenger.go:107: Send to Server 2 on tcp://localhost:4207
INFO: 00:43:45.065256 messenger.go:90: Receive from Server 3 on tcp://*:4703
INFO: 00:43:45.065299 messenger.go:107: Send to Server 3 on tcp://localhost:4307
INFO: 00:43:45.065350 messenger.go:90: Receive from Server 4 on tcp://*:4704
INFO: 00:43:45.065391 messenger.go:107: Send to Server 4 on tcp://localhost:4407
INFO: 00:43:45.065437 messenger.go:90: Receive from Server 5 on tcp://*:4705
INFO: 00:43:45.067020 messenger.go:107: Send to Server 5 on tcp://localhost:4507
INFO: 00:43:45.067167 messenger.go:90: Receive from Server 6 on tcp://*:4706
INFO: 00:43:45.067387 messenger.go:107: Send to Server 6 on tcp://localhost:4607
INFO: 00:43:45.067577 messenger.go:90: Receive from Server 8 on tcp://*:4708
INFO: 00:43:45.067873 messenger.go:107: Send to Server 8 on tcp://localhost:4807
INFO: 00:43:45.068008 messenger.go:90: Receive from Server 9 on tcp://*:4709
INFO: 00:43:45.068161 messenger.go:107: Send to Server 9 on tcp://localhost:4907
INFO: 00:43:45.068249 messenger.go:113: -----------------------------------------
INFO: 00:43:45.068286 messenger.go:135: Requests from Client 0 on tcp://*:7700
INFO: 00:43:45.068583 messenger.go:152: Response to Client 0 on tcp://*:10700
INFO: 00:43:45.068784 messenger.go:155: -----------------------------------------

INFO: 00:43:45.075420 main.go:83: Initial estimate value:  1
INFO: 00:43:45.098603 messenger.go:270: SENT EST to 1
INFO: 00:43:45.099016 messenger.go:270: SENT EST to 5
INFO: 00:43:45.099718 messenger.go:270: SENT EST to 4
INFO: 00:43:45.103997 messenger.go:270: SENT EST to 3
INFO: 00:43:45.104389 messenger.go:270: SENT EST to 2
INFO: 00:43:45.104891 messenger.go:270: SENT EST to 8
INFO: 00:43:45.110822 messenger.go:346: RECEIVED EST from 1
INFO: 00:43:45.114847 messenger.go:346: RECEIVED EST from 4
INFO: 00:43:45.120350 messenger.go:346: RECEIVED EST from 6
INFO: 00:43:45.120586 messenger.go:270: SENT EST to 0
INFO: 00:43:45.115362 messenger.go:346: RECEIVED EST from 9
INFO: 00:43:45.119399 messenger.go:346: RECEIVED EST from 8
INFO: 00:43:45.121295 messenger.go:270: SENT EST to 9
INFO: 00:43:45.121296 messenger.go:270: SENT EST to 6
INFO: 00:43:45.121798 messenger.go:346: RECEIVED EST from 5
INFO: 00:43:45.252910 messenger.go:346: RECEIVED EST from 3
INFO: 00:43:45.255289 messenger.go:346: RECEIVED EST from 2
INFO: 00:43:45.258240 messenger.go:346: RECEIVED EST from 0
