INFO: 01:44:09.531845 main.go:29: ID:7 | N:10 | F:3 | Clients:1 | Scenario:NORMAL | Remote:false

INFO: 01:44:09.536292 messenger.go:90: Receive from Server 0 on tcp://*:4700
INFO: 01:44:09.551362 messenger.go:107: Send to Server 0 on tcp://localhost:4007
INFO: 01:44:09.558717 messenger.go:90: Receive from Server 1 on tcp://*:4701
INFO: 01:44:09.559191 messenger.go:107: Send to Server 1 on tcp://localhost:4107
INFO: 01:44:09.559777 messenger.go:90: Receive from Server 2 on tcp://*:4702
INFO: 01:44:09.560253 messenger.go:107: Send to Server 2 on tcp://localhost:4207
INFO: 01:44:09.560513 messenger.go:90: Receive from Server 3 on tcp://*:4703
INFO: 01:44:09.560716 messenger.go:107: Send to Server 3 on tcp://localhost:4307
INFO: 01:44:09.561280 messenger.go:90: Receive from Server 4 on tcp://*:4704
INFO: 01:44:09.583769 messenger.go:107: Send to Server 4 on tcp://localhost:4407
INFO: 01:44:09.583837 messenger.go:90: Receive from Server 5 on tcp://*:4705
INFO: 01:44:09.583928 messenger.go:107: Send to Server 5 on tcp://localhost:4507
INFO: 01:44:09.583962 messenger.go:90: Receive from Server 6 on tcp://*:4706
INFO: 01:44:09.583982 messenger.go:107: Send to Server 6 on tcp://localhost:4607
INFO: 01:44:09.584014 messenger.go:90: Receive from Server 8 on tcp://*:4708
INFO: 01:44:09.584042 messenger.go:107: Send to Server 8 on tcp://localhost:4807
INFO: 01:44:09.584069 messenger.go:90: Receive from Server 9 on tcp://*:4709
INFO: 01:44:09.584098 messenger.go:107: Send to Server 9 on tcp://localhost:4907
INFO: 01:44:09.584104 messenger.go:113: -----------------------------------------
INFO: 01:44:09.584127 messenger.go:135: Requests from Client 0 on tcp://*:7700
INFO: 01:44:09.584153 messenger.go:152: Response to Client 0 on tcp://*:10700
INFO: 01:44:09.584159 messenger.go:155: -----------------------------------------

INFO: 01:44:09.613755 main.go:83: Initial estimate value:  0
INFO: 01:44:09.747511 messenger.go:270: SENT EST to 1
INFO: 01:44:09.747611 messenger.go:270: SENT EST to 0
INFO: 01:44:09.785398 messenger.go:270: SENT EST to 4
INFO: 01:44:09.791432 messenger.go:270: SENT EST to 9
INFO: 01:44:09.826336 messenger.go:346: RECEIVED EST from 5
INFO: 01:44:09.792645 messenger.go:346: RECEIVED EST from 0
INFO: 01:44:09.792932 messenger.go:270: SENT EST to 3
INFO: 01:44:09.793498 messenger.go:346: RECEIVED EST from 3
INFO: 01:44:09.793504 messenger.go:270: SENT EST to 5
INFO: 01:44:09.793508 messenger.go:270: SENT EST to 2
INFO: 01:44:09.825755 messenger.go:270: SENT EST to 6
INFO: 01:44:09.817269 messenger.go:346: RECEIVED EST from 1
INFO: 01:44:09.825457 messenger.go:346: RECEIVED EST from 8
INFO: 01:44:09.825993 messenger.go:270: SENT EST to 0
INFO: 01:44:09.825994 messenger.go:270: SENT EST to 8
INFO: 01:44:09.849897 messenger.go:270: SENT EST to 6
INFO: 01:44:09.850401 messenger.go:346: RECEIVED EST from 6
INFO: 01:44:09.825988 messenger.go:346: RECEIVED EST from 9
INFO: 01:44:09.853996 messenger.go:270: SENT EST to 0
INFO: 01:44:09.855456 messenger.go:346: RECEIVED EST from 4
INFO: 01:44:09.855592 messenger.go:270: SENT EST to 1
INFO: 01:44:09.856751 messenger.go:270: SENT EST to 8
INFO: 01:44:09.861491 messenger.go:270: SENT EST to 9
INFO: 01:44:09.861637 messenger.go:270: SENT EST to 4
INFO: 01:44:09.870307 messenger.go:346: RECEIVED EST from 2
INFO: 01:44:09.870900 messenger.go:270: SENT EST to 1
INFO: 01:44:09.872284 messenger.go:270: SENT EST to 3
INFO: 01:44:09.882949 messenger.go:270: SENT EST to 1
INFO: 01:44:09.884588 messenger.go:346: RECEIVED EST from 6
INFO: 01:44:09.887943 messenger.go:346: RECEIVED EST from 5
INFO: 01:44:09.893116 messenger.go:346: RECEIVED EST from 9
INFO: 01:44:09.896298 messenger.go:270: SENT EST to 2
INFO: 01:44:09.900710 messenger.go:346: RECEIVED EST from 1
INFO: 01:44:09.902942 messenger.go:270: SENT EST to 5
INFO: 01:44:09.903231 messenger.go:270: SENT EST to 0
INFO: 01:44:09.906024 messenger.go:346: RECEIVED EST from 8
INFO: 01:44:09.906130 messenger.go:270: SENT EST to 4
INFO: 01:44:09.911866 messenger.go:346: RECEIVED EST from 0
INFO: 01:44:09.911947 messenger.go:270: SENT EST to 2
INFO: 01:44:09.928575 messenger.go:270: SENT EST to 8
INFO: 01:44:09.928601 messenger.go:270: SENT EST to 3
INFO: 01:44:09.933494 messenger.go:346: RECEIVED EST from 9
INFO: 01:44:09.933606 messenger.go:270: SENT EST to 6
INFO: 01:44:09.933645 messenger.go:270: SENT EST to 9
INFO: 01:44:09.934270 messenger.go:346: RECEIVED EST from 3
INFO: 01:44:09.934356 messenger.go:270: SENT EST to 5
INFO: 01:44:09.938212 messenger.go:346: RECEIVED EST from 8
INFO: 01:44:09.938313 messenger.go:270: SENT EST to 1
INFO: 01:44:09.949472 messenger.go:346: RECEIVED EST from 2
INFO: 01:44:09.949710 messenger.go:270: SENT EST to 0
INFO: 01:44:09.969271 messenger.go:346: RECEIVED EST from 9
INFO: 01:44:09.969390 messenger.go:346: RECEIVED EST from 4
INFO: 01:44:09.972160 messenger.go:346: RECEIVED EST from 0
INFO: 01:44:09.974992 messenger.go:346: RECEIVED EST from 6
INFO: 01:44:09.975282 messenger.go:270: SENT EST to 3
INFO: 01:44:09.976066 messenger.go:346: RECEIVED EST from 3
INFO: 01:44:09.977351 messenger.go:346: RECEIVED EST from 5
INFO: 01:44:09.977417 messenger.go:270: SENT EST to 4
INFO: 01:44:09.979389 messenger.go:346: RECEIVED EST from 4
INFO: 01:44:09.979495 messenger.go:270: SENT EST to 9
INFO: 01:44:09.979535 messenger.go:270: SENT EST to 2
INFO: 01:44:09.988095 messenger.go:270: SENT EST to 5
INFO: 01:44:09.988868 messenger.go:270: SENT EST to 0
INFO: 01:44:09.989306 messenger.go:270: SENT EST to 3
INFO: 01:44:09.990201 messenger.go:346: RECEIVED EST from 2
INFO: 01:44:09.990205 messenger.go:270: SENT EST to 1
INFO: 01:44:09.990207 messenger.go:270: SENT EST to 8
INFO: 01:44:09.990635 messenger.go:346: RECEIVED EST from 1
INFO: 01:44:09.999135 messenger.go:270: SENT EST to 5
INFO: 01:44:09.999600 messenger.go:270: SENT EST to 2
INFO: 01:44:09.999848 messenger.go:270: SENT EST to 2
INFO: 01:44:10.000623 messenger.go:270: SENT EST to 3
INFO: 01:44:10.011963 messenger.go:346: RECEIVED EST from 0
INFO: 01:44:10.025608 messenger.go:346: RECEIVED EST from 9
INFO: 01:44:10.028704 messenger.go:270: SENT EST to 4
INFO: 01:44:10.033505 messenger.go:270: SENT EST to 5
INFO: 01:44:10.033591 messenger.go:270: SENT EST to 4
INFO: 01:44:10.034507 messenger.go:270: SENT EST to 6
INFO: 01:44:10.040031 messenger.go:270: SENT EST to 6
INFO: 01:44:10.048574 messenger.go:346: RECEIVED EST from 2
INFO: 01:44:10.048788 messenger.go:346: RECEIVED EST from 6
INFO: 01:44:10.049034 messenger.go:346: RECEIVED EST from 8
INFO: 01:44:10.049935 messenger.go:270: SENT EST to 9
INFO: 01:44:10.049970 messenger.go:270: SENT EST to 0
INFO: 01:44:10.049978 messenger.go:270: SENT EST to 6
INFO: 01:44:10.050510 messenger.go:270: SENT EST to 6
INFO: 01:44:10.051211 messenger.go:346: RECEIVED EST from 4
INFO: 01:44:10.051348 messenger.go:270: SENT EST to 2
INFO: 01:44:10.052335 messenger.go:346: RECEIVED EST from 5
INFO: 01:44:10.053294 messenger.go:270: SENT EST to 4
INFO: 01:44:10.053629 messenger.go:346: RECEIVED EST from 6
INFO: 01:44:10.057423 messenger.go:346: RECEIVED EST from 8
INFO: 01:44:10.057508 messenger.go:270: SENT EST to 8
INFO: 01:44:10.066331 messenger.go:270: SENT EST to 9
INFO: 01:44:10.066503 messenger.go:346: RECEIVED EST from 0
INFO: 01:44:10.067599 messenger.go:346: RECEIVED EST from 2
INFO: 01:44:10.067856 messenger.go:270: SENT EST to 0
INFO: 01:44:10.069003 messenger.go:346: RECEIVED EST from 5
INFO: 01:44:10.073793 messenger.go:346: RECEIVED EST from 0
INFO: 01:44:10.074015 messenger.go:346: RECEIVED EST from 4
INFO: 01:44:10.074196 messenger.go:346: RECEIVED EST from 5
INFO: 01:44:10.077134 messenger.go:270: SENT EST to 5
INFO: 01:44:10.079298 messenger.go:270: SENT EST to 3
INFO: 01:44:10.079478 messenger.go:346: RECEIVED EST from 8
INFO: 01:44:10.079579 messenger.go:270: SENT EST to 8
INFO: 01:44:10.082547 messenger.go:270: SENT EST to 1
INFO: 01:44:10.084733 messenger.go:346: RECEIVED EST from 9
INFO: 01:44:10.086178 messenger.go:346: RECEIVED EST from 3
INFO: 01:44:10.091488 messenger.go:270: SENT EST to 8
INFO: 01:44:10.092289 messenger.go:346: RECEIVED EST from 0
INFO: 01:44:10.095439 messenger.go:346: RECEIVED EST from 6
INFO: 01:44:10.095641 messenger.go:270: SENT EST to 0
INFO: 01:44:10.096327 messenger.go:346: RECEIVED EST from 9
INFO: 01:44:10.097150 messenger.go:270: SENT EST to 6
INFO: 01:44:10.097266 messenger.go:270: SENT EST to 1
INFO: 01:44:10.097270 messenger.go:270: SENT EST to 9
INFO: 01:44:10.097722 messenger.go:270: SENT EST to 2
INFO: 01:44:10.118983 messenger.go:346: RECEIVED EST from 3
INFO: 01:44:10.119280 messenger.go:270: SENT EST to 1
INFO: 01:44:10.119479 messenger.go:270: SENT EST to 1
INFO: 01:44:10.120054 messenger.go:270: SENT EST to 4
INFO: 01:44:10.122264 messenger.go:346: RECEIVED EST from 1
INFO: 01:44:10.123102 messenger.go:346: RECEIVED EST from 4
INFO: 01:44:10.127436 messenger.go:346: RECEIVED EST from 1
INFO: 01:44:10.127735 messenger.go:270: SENT EST to 2
INFO: 01:44:10.127821 messenger.go:270: SENT EST to 8
INFO: 01:44:10.127940 messenger.go:346: RECEIVED EST from 8
INFO: 01:44:10.135429 messenger.go:270: SENT EST to 0
INFO: 01:44:10.137358 messenger.go:346: RECEIVED EST from 1
INFO: 01:44:10.137570 messenger.go:270: SENT EST to 5
INFO: 01:44:10.142947 messenger.go:346: RECEIVED EST from 5
INFO: 01:44:10.143154 messenger.go:346: RECEIVED EST from 3
INFO: 01:44:10.154521 messenger.go:270: SENT EST to 9
INFO: 01:44:10.169751 messenger.go:346: RECEIVED EST from 9
INFO: 01:44:10.169917 messenger.go:270: SENT EST to 3
INFO: 01:44:10.172502 messenger.go:270: SENT EST to 2
INFO: 01:44:10.213548 messenger.go:346: RECEIVED EST from 9
INFO: 01:44:10.216421 messenger.go:346: RECEIVED EST from 2
INFO: 01:44:10.216588 messenger.go:346: RECEIVED EST from 3
INFO: 01:44:10.217293 messenger.go:346: RECEIVED EST from 8
INFO: 01:44:10.217485 messenger.go:346: RECEIVED EST from 0
INFO: 01:44:10.217655 messenger.go:346: RECEIVED EST from 1
INFO: 01:44:10.217809 messenger.go:346: RECEIVED EST from 6
INFO: 01:44:10.217953 messenger.go:346: RECEIVED EST from 5
INFO: 01:44:10.248765 messenger.go:270: SENT EST to 6
INFO: 01:44:10.248870 messenger.go:270: SENT EST to 8
INFO: 01:44:10.248947 messenger.go:270: SENT EST to 1
INFO: 01:44:10.248959 messenger.go:270: SENT EST to 4
INFO: 01:44:10.249769 messenger.go:270: SENT EST to 0
INFO: 01:44:10.250055 messenger.go:346: RECEIVED EST from 9
INFO: 01:44:10.250600 messenger.go:346: RECEIVED EST from 6
INFO: 01:44:10.250842 messenger.go:346: RECEIVED EST from 1
INFO: 01:44:10.250888 messenger.go:270: SENT EST to 9
INFO: 01:44:10.251077 messenger.go:346: RECEIVED EST from 0
INFO: 01:44:10.251245 messenger.go:346: RECEIVED EST from 8
INFO: 01:44:10.251397 messenger.go:346: RECEIVED EST from 4
INFO: 01:44:10.251562 messenger.go:346: RECEIVED EST from 3
INFO: 01:44:10.252165 messenger.go:270: SENT EST to 2
INFO: 01:44:10.252572 messenger.go:270: SENT EST to 3
INFO: 01:44:10.252687 messenger.go:270: SENT EST to 5
INFO: 01:44:10.256463 messenger.go:270: SENT EST to 8
INFO: 01:44:10.256643 messenger.go:346: RECEIVED EST from 8
INFO: 01:44:10.256681 messenger.go:270: SENT EST to 9
INFO: 01:44:10.257821 messenger.go:346: RECEIVED EST from 5
INFO: 01:44:10.265613 messenger.go:270: SENT EST to 5
INFO: 01:44:10.292606 messenger.go:346: RECEIVED EST from 8
INFO: 01:44:10.292742 messenger.go:270: SENT EST to 6
INFO: 01:44:10.294118 messenger.go:270: SENT EST to 1
INFO: 01:44:10.297230 messenger.go:270: SENT EST to 3
INFO: 01:44:10.297232 messenger.go:270: SENT EST to 4
INFO: 01:44:10.294562 messenger.go:346: RECEIVED EST from 9
INFO: 01:44:10.302094 messenger.go:346: RECEIVED EST from 0
INFO: 01:44:10.303121 messenger.go:346: RECEIVED EST from 2
INFO: 01:44:10.292979 messenger.go:346: RECEIVED EST from 3
INFO: 01:44:10.297059 messenger.go:346: RECEIVED EST from 4
INFO: 01:44:10.294244 messenger.go:346: RECEIVED EST from 6
INFO: 01:44:10.294673 messenger.go:346: RECEIVED EST from 5
INFO: 01:44:10.294365 messenger.go:346: RECEIVED EST from 2
INFO: 01:44:10.294455 messenger.go:346: RECEIVED EST from 1
INFO: 01:44:10.303218 messenger.go:346: RECEIVED EST from 2
INFO: 01:44:10.307687 messenger.go:270: SENT EST to 8
INFO: 01:44:10.311231 messenger.go:270: SENT EST to 9
INFO: 01:44:10.311287 messenger.go:270: SENT EST to 4
INFO: 01:44:10.314112 messenger.go:270: SENT EST to 2
INFO: 01:44:10.317318 messenger.go:346: RECEIVED EST from 8
INFO: 01:44:10.319091 messenger.go:346: RECEIVED EST from 4
INFO: 01:44:10.319154 messenger.go:270: SENT EST to 0
INFO: 01:44:10.320097 messenger.go:270: SENT EST to 2
INFO: 01:44:10.320740 messenger.go:270: SENT EST to 0
INFO: 01:44:10.320765 messenger.go:270: SENT EST to 5
INFO: 01:44:10.321082 messenger.go:270: SENT EST to 1
INFO: 01:44:10.321793 messenger.go:346: RECEIVED EST from 4
INFO: 01:44:10.333016 messenger.go:346: RECEIVED EST from 5
INFO: 01:44:10.333418 messenger.go:346: RECEIVED EST from 3
INFO: 01:44:10.333609 messenger.go:270: SENT EST to 3
INFO: 01:44:10.346492 messenger.go:346: RECEIVED EST from 9
INFO: 01:44:10.350618 messenger.go:346: RECEIVED EST from 3
INFO: 01:44:10.351192 messenger.go:270: SENT EST to 3
INFO: 01:44:10.362799 messenger.go:346: RECEIVED EST from 8
INFO: 01:44:10.377425 messenger.go:346: RECEIVED EST from 1
INFO: 01:44:10.377558 messenger.go:270: SENT EST to 5
INFO: 01:44:10.377682 messenger.go:270: SENT EST to 3
INFO: 01:44:10.377851 messenger.go:346: RECEIVED EST from 6
INFO: 01:44:10.382841 messenger.go:270: SENT EST to 6
INFO: 01:44:10.394034 messenger.go:270: SENT EST to 9
INFO: 01:44:10.394247 messenger.go:346: RECEIVED EST from 0
INFO: 01:44:10.394947 messenger.go:270: SENT EST to 4
INFO: 01:44:10.395758 messenger.go:346: RECEIVED EST from 9
INFO: 01:44:10.396092 messenger.go:270: SENT EST to 1
INFO: 01:44:10.396294 messenger.go:270: SENT EST to 0
INFO: 01:44:10.401098 messenger.go:270: SENT EST to 8
INFO: 01:44:10.426201 messenger.go:270: SENT EST to 3
INFO: 01:44:10.427769 messenger.go:346: RECEIVED EST from 1
INFO: 01:44:10.427860 messenger.go:270: SENT EST to 6
INFO: 01:44:10.428343 messenger.go:346: RECEIVED EST from 6
INFO: 01:44:10.429033 messenger.go:270: SENT EST to 2
INFO: 01:44:10.444150 messenger.go:270: SENT EST to 5
INFO: 01:44:10.448043 messenger.go:346: RECEIVED EST from 0
INFO: 01:44:10.449263 messenger.go:346: RECEIVED EST from 5
INFO: 01:44:10.452847 messenger.go:346: RECEIVED EST from 2
INFO: 01:44:10.453035 messenger.go:346: RECEIVED EST from 8
INFO: 01:44:10.453091 messenger.go:270: SENT EST to 0
INFO: 01:44:10.454807 messenger.go:270: SENT EST to 6
INFO: 01:44:10.454856 messenger.go:270: SENT EST to 1
INFO: 01:44:10.454893 messenger.go:270: SENT EST to 4
INFO: 01:44:10.455339 messenger.go:346: RECEIVED EST from 1
INFO: 01:44:10.456383 messenger.go:346: RECEIVED EST from 3
INFO: 01:44:10.456534 messenger.go:270: SENT EST to 4
INFO: 01:44:10.456853 messenger.go:270: SENT EST to 4
INFO: 01:44:10.457462 messenger.go:346: RECEIVED EST from 4
INFO: 01:44:10.459009 messenger.go:346: RECEIVED EST from 9
INFO: 01:44:10.459215 messenger.go:270: SENT EST to 3
INFO: 01:44:10.459453 messenger.go:346: RECEIVED EST from 0
INFO: 01:44:10.460524 messenger.go:270: SENT EST to 9
INFO: 01:44:10.465316 messenger.go:270: SENT EST to 2
INFO: 01:44:10.465555 messenger.go:346: RECEIVED EST from 2
INFO: 01:44:10.466574 messenger.go:270: SENT EST to 5
INFO: 01:44:10.466881 messenger.go:270: SENT EST to 5
INFO: 01:44:10.479997 messenger.go:346: RECEIVED EST from 3
INFO: 01:44:10.480916 messenger.go:270: SENT EST to 6
INFO: 01:44:10.481415 messenger.go:346: RECEIVED EST from 9
INFO: 01:44:10.481582 messenger.go:346: RECEIVED EST from 0
INFO: 01:44:10.485777 messenger.go:346: RECEIVED EST from 2
INFO: 01:44:10.486791 messenger.go:346: RECEIVED EST from 5
INFO: 01:44:10.487993 messenger.go:270: SENT EST to 6
INFO: 01:44:10.490567 messenger.go:346: RECEIVED EST from 6
INFO: 01:44:10.488324 messenger.go:346: RECEIVED EST from 6
INFO: 01:44:10.488157 messenger.go:346: RECEIVED EST from 9
INFO: 01:44:10.489668 messenger.go:346: RECEIVED EST from 1
INFO: 01:44:10.490133 messenger.go:346: RECEIVED EST from 5
INFO: 01:44:10.493559 messenger.go:346: RECEIVED EST from 1
INFO: 01:44:10.494258 messenger.go:346: RECEIVED EST from 1
INFO: 01:44:10.497557 messenger.go:346: RECEIVED EST from 3
INFO: 01:44:10.499800 messenger.go:346: RECEIVED EST from 4
INFO: 01:44:10.506845 messenger.go:346: RECEIVED EST from 5
INFO: 01:44:10.509433 messenger.go:346: RECEIVED EST from 6
INFO: 01:44:10.515138 messenger.go:346: RECEIVED EST from 5
INFO: 01:44:10.515301 messenger.go:346: RECEIVED EST from 4
INFO: 01:44:10.542708 messenger.go:270: SENT EST to 8
INFO: 01:44:10.548360 messenger.go:270: SENT EST to 6
INFO: 01:44:10.548673 messenger.go:346: RECEIVED EST from 6
INFO: 01:44:10.549429 messenger.go:270: SENT EST to 9
INFO: 01:44:10.549768 messenger.go:270: SENT EST to 0
INFO: 01:44:10.550343 messenger.go:270: SENT EST to 1
INFO: 01:44:10.560754 messenger.go:346: RECEIVED EST from 0
INFO: 01:44:10.560967 messenger.go:346: RECEIVED EST from 3
INFO: 01:44:10.561063 messenger.go:346: RECEIVED EST from 1
INFO: 01:44:10.561440 messenger.go:346: RECEIVED EST from 2
INFO: 01:44:10.562405 messenger.go:270: SENT EST to 8
INFO: 01:44:10.562700 messenger.go:346: RECEIVED EST from 9
INFO: 01:44:10.562892 messenger.go:346: RECEIVED EST from 8
INFO: 01:44:10.610418 messenger.go:270: SENT EST to 3
INFO: 01:44:10.613575 messenger.go:346: RECEIVED EST from 2
INFO: 01:44:10.613690 messenger.go:270: SENT EST to 2
INFO: 01:44:10.616297 messenger.go:270: SENT EST to 4
INFO: 01:44:10.616932 messenger.go:346: RECEIVED EST from 9
INFO: 01:44:10.617495 messenger.go:346: RECEIVED EST from 0
INFO: 01:44:10.617623 messenger.go:346: RECEIVED EST from 1
INFO: 01:44:10.619352 messenger.go:270: SENT EST to 5
INFO: 01:44:10.620609 messenger.go:346: RECEIVED EST from 5
INFO: 01:44:10.620793 messenger.go:346: RECEIVED EST from 4
INFO: 01:44:10.621584 messenger.go:270: SENT EST to 8
INFO: 01:44:10.621640 messenger.go:270: SENT EST to 1
INFO: 01:44:10.621711 messenger.go:270: SENT EST to 0
INFO: 01:44:10.622116 messenger.go:270: SENT EST to 4
INFO: 01:44:10.622321 messenger.go:270: SENT EST to 9
INFO: 01:44:10.623744 messenger.go:270: SENT EST to 3
INFO: 01:44:10.630838 messenger.go:346: RECEIVED EST from 5
INFO: 01:44:10.631026 messenger.go:270: SENT EST to 5
INFO: 01:44:10.631102 messenger.go:270: SENT EST to 8
INFO: 01:44:10.631276 messenger.go:270: SENT EST to 9
INFO: 01:44:10.631136 messenger.go:270: SENT EST to 2
INFO: 01:44:10.638180 messenger.go:270: SENT EST to 1
INFO: 01:44:10.638424 messenger.go:346: RECEIVED EST from 5
INFO: 01:44:10.639103 messenger.go:270: SENT EST to 8
INFO: 01:44:10.639144 messenger.go:270: SENT EST to 0
INFO: 01:44:10.639300 messenger.go:270: SENT EST to 3
INFO: 01:44:10.639337 messenger.go:270: SENT EST to 9
INFO: 01:44:10.639366 messenger.go:270: SENT EST to 2
INFO: 01:44:10.639403 messenger.go:270: SENT EST to 4
INFO: 01:44:10.640661 messenger.go:270: SENT EST to 3
INFO: 01:44:10.642547 messenger.go:270: SENT EST to 2
INFO: 01:44:10.646417 messenger.go:270: SENT EST to 0
INFO: 01:44:10.647173 messenger.go:346: RECEIVED EST from 3
INFO: 01:44:10.647532 messenger.go:346: RECEIVED EST from 8
INFO: 01:44:10.648021 messenger.go:270: SENT EST to 1
INFO: 01:44:10.648129 messenger.go:270: SENT EST to 4
INFO: 01:44:10.649838 messenger.go:270: SENT EST to 6
INFO: 01:44:10.651722 messenger.go:270: SENT EST to 8
INFO: 01:44:10.652170 messenger.go:346: RECEIVED EST from 9
INFO: 01:44:10.652486 messenger.go:270: SENT EST to 9
INFO: 01:44:10.652620 messenger.go:346: RECEIVED EST from 2
INFO: 01:44:10.660700 messenger.go:270: SENT EST to 3
INFO: 01:44:10.661220 messenger.go:346: RECEIVED EST from 6
INFO: 01:44:10.661685 messenger.go:270: SENT EST to 2
INFO: 01:44:10.673722 messenger.go:270: SENT EST to 1
INFO: 01:44:10.673895 messenger.go:346: RECEIVED EST from 0
INFO: 01:44:10.674193 messenger.go:346: RECEIVED EST from 1
INFO: 01:44:10.674289 messenger.go:270: SENT EST to 0
INFO: 01:44:10.674417 messenger.go:346: RECEIVED EST from 8
INFO: 01:44:10.675019 messenger.go:270: SENT EST to 4
INFO: 01:44:10.677639 messenger.go:346: RECEIVED EST from 4
INFO: 01:44:10.678302 messenger.go:346: RECEIVED EST from 2
INFO: 01:44:10.679424 messenger.go:270: SENT EST to 5
INFO: 01:44:10.679837 messenger.go:270: SENT EST to 6
INFO: 01:44:10.688170 messenger.go:346: RECEIVED EST from 9
INFO: 01:44:10.696481 messenger.go:270: SENT EST to 4
INFO: 01:44:10.698220 messenger.go:270: SENT EST to 8
INFO: 01:44:10.698795 messenger.go:346: RECEIVED EST from 1
INFO: 01:44:10.698905 messenger.go:270: SENT EST to 9
INFO: 01:44:10.699047 messenger.go:346: RECEIVED EST from 3
INFO: 01:44:10.699478 messenger.go:346: RECEIVED EST from 0
INFO: 01:44:10.699604 messenger.go:270: SENT EST to 0
INFO: 01:44:10.699778 messenger.go:270: SENT EST to 2
INFO: 01:44:10.701218 messenger.go:346: RECEIVED EST from 8
INFO: 01:44:10.709330 messenger.go:270: SENT EST to 6
INFO: 01:44:10.709456 messenger.go:270: SENT EST to 3
INFO: 01:44:10.709634 messenger.go:346: RECEIVED EST from 9
INFO: 01:44:10.713837 messenger.go:346: RECEIVED EST from 4
INFO: 01:44:10.719990 messenger.go:270: SENT EST to 1
INFO: 01:44:10.720267 messenger.go:346: RECEIVED EST from 3
INFO: 01:44:10.720457 messenger.go:346: RECEIVED EST from 5
INFO: 01:44:10.721524 messenger.go:346: RECEIVED EST from 2
INFO: 01:44:10.724223 messenger.go:346: RECEIVED EST from 8
INFO: 01:44:10.724319 messenger.go:270: SENT EST to 5
INFO: 01:44:10.724440 messenger.go:346: RECEIVED EST from 1
INFO: 01:44:10.724708 messenger.go:346: RECEIVED EST from 0
INFO: 01:44:10.724805 messenger.go:346: RECEIVED EST from 9
INFO: 01:44:10.731587 messenger.go:270: SENT EST to 5
INFO: 01:44:10.733410 messenger.go:346: RECEIVED EST from 5
INFO: 01:44:10.733766 messenger.go:346: RECEIVED EST from 4
INFO: 01:44:10.734254 messenger.go:346: RECEIVED EST from 6
INFO: 01:44:10.735092 messenger.go:346: RECEIVED EST from 5
INFO: 01:44:10.735346 messenger.go:346: RECEIVED EST from 6
INFO: 01:44:10.735619 messenger.go:346: RECEIVED EST from 4
INFO: 01:44:10.737100 messenger.go:346: RECEIVED EST from 1
INFO: 01:44:10.741967 messenger.go:346: RECEIVED EST from 1
INFO: 01:44:10.742690 messenger.go:346: RECEIVED EST from 0
INFO: 01:44:10.743081 messenger.go:270: SENT EST to 5
INFO: 01:44:10.745667 messenger.go:346: RECEIVED EST from 3
INFO: 01:44:10.746796 messenger.go:346: RECEIVED EST from 1
INFO: 01:44:10.778183 messenger.go:346: RECEIVED EST from 0
INFO: 01:44:10.778917 messenger.go:270: SENT EST to 1
INFO: 01:44:10.783950 messenger.go:270: SENT EST to 0
INFO: 01:44:10.784768 messenger.go:346: RECEIVED EST from 3
INFO: 01:44:10.784819 messenger.go:270: SENT EST to 8
INFO: 01:44:10.785072 messenger.go:270: SENT EST to 2
INFO: 01:44:10.786020 messenger.go:346: RECEIVED EST from 4
INFO: 01:44:10.786067 messenger.go:270: SENT EST to 3
INFO: 01:44:10.786076 messenger.go:270: SENT EST to 4
INFO: 01:44:10.788405 messenger.go:346: RECEIVED EST from 6
INFO: 01:44:10.788461 messenger.go:270: SENT EST to 6
INFO: 01:44:10.789614 messenger.go:270: SENT EST to 5
INFO: 01:44:10.789910 messenger.go:346: RECEIVED EST from 2
INFO: 01:44:10.790049 messenger.go:346: RECEIVED EST from 9
INFO: 01:44:10.790789 messenger.go:346: RECEIVED EST from 8
INFO: 01:44:10.790842 messenger.go:346: RECEIVED EST from 6
INFO: 01:44:10.791674 messenger.go:346: RECEIVED EST from 4
INFO: 01:44:10.802962 messenger.go:270: SENT EST to 8
INFO: 01:44:10.803115 messenger.go:270: SENT EST to 6
INFO: 01:44:10.812803 messenger.go:346: RECEIVED EST from 0
INFO: 01:44:10.813088 messenger.go:346: RECEIVED EST from 1
INFO: 01:44:10.813459 messenger.go:346: RECEIVED EST from 3
INFO: 01:44:10.814136 messenger.go:346: RECEIVED EST from 9
INFO: 01:44:10.814507 messenger.go:270: SENT EST to 9
INFO: 01:44:10.814973 messenger.go:346: RECEIVED EST from 8
INFO: 01:44:10.816831 messenger.go:270: SENT EST to 8
INFO: 01:44:10.816982 messenger.go:346: RECEIVED EST from 2
INFO: 01:44:10.818957 messenger.go:346: RECEIVED EST from 4
INFO: 01:44:10.821120 messenger.go:270: SENT EST to 4
INFO: 01:44:10.821145 messenger.go:270: SENT EST to 5
INFO: 01:44:10.821298 messenger.go:346: RECEIVED EST from 5
INFO: 01:44:10.821637 messenger.go:346: RECEIVED EST from 8
INFO: 01:44:10.821988 messenger.go:270: SENT EST to 6
INFO: 01:44:10.823245 messenger.go:346: RECEIVED EST from 8
INFO: 01:44:10.823450 messenger.go:270: SENT EST to 8
INFO: 01:44:10.826940 messenger.go:346: RECEIVED EST from 6
INFO: 01:44:10.827007 messenger.go:270: SENT EST to 1
INFO: 01:44:10.827351 messenger.go:346: RECEIVED EST from 1
INFO: 01:44:10.827685 messenger.go:270: SENT EST to 6
INFO: 01:44:10.830339 messenger.go:346: RECEIVED EST from 0
INFO: 01:44:10.830524 messenger.go:346: RECEIVED EST from 1
INFO: 01:44:10.864263 messenger.go:346: RECEIVED EST from 2
INFO: 01:44:10.864730 messenger.go:270: SENT EST to 3
INFO: 01:44:10.866876 messenger.go:270: SENT EST to 9
INFO: 01:44:10.869357 messenger.go:270: SENT EST to 2
INFO: 01:44:10.872603 messenger.go:346: RECEIVED EST from 0
INFO: 01:44:10.873599 messenger.go:346: RECEIVED EST from 2
INFO: 01:44:10.875306 messenger.go:270: SENT EST to 0
INFO: 01:44:10.879030 messenger.go:270: SENT EST to 9
INFO: 01:44:10.880654 messenger.go:270: SENT EST to 9
INFO: 01:44:10.881419 messenger.go:270: SENT EST to 9
INFO: 01:44:10.883780 messenger.go:346: RECEIVED EST from 1
INFO: 01:44:10.886536 messenger.go:346: RECEIVED EST from 9
INFO: 01:44:10.887546 messenger.go:346: RECEIVED EST from 3
INFO: 01:44:10.873722 messenger.go:346: RECEIVED EST from 6
INFO: 01:44:10.875443 messenger.go:346: RECEIVED EST from 9
INFO: 01:44:10.875588 messenger.go:346: RECEIVED EST from 3
INFO: 01:44:10.875698 messenger.go:346: RECEIVED EST from 0
INFO: 01:44:10.892530 messenger.go:346: RECEIVED EST from 2
INFO: 01:44:10.892774 messenger.go:346: RECEIVED EST from 5
INFO: 01:44:10.972387 messenger.go:346: RECEIVED EST from 8
INFO: 01:44:10.972757 messenger.go:346: RECEIVED EST from 1
INFO: 01:44:10.972813 messenger.go:270: SENT EST to 0
INFO: 01:44:10.977053 messenger.go:346: RECEIVED EST from 2
INFO: 01:44:10.977103 messenger.go:270: SENT EST to 8
INFO: 01:44:10.977251 messenger.go:346: RECEIVED EST from 6
INFO: 01:44:10.977724 messenger.go:346: RECEIVED EST from 4
INFO: 01:44:11.006764 messenger.go:270: SENT EST to 1
INFO: 01:44:11.010029 messenger.go:346: RECEIVED EST from 8
INFO: 01:44:11.031423 messenger.go:270: SENT EST to 6
INFO: 01:44:11.031425 messenger.go:270: SENT EST to 0
INFO: 01:44:11.038065 messenger.go:270: SENT EST to 4
INFO: 01:44:11.040301 messenger.go:346: RECEIVED EST from 5
INFO: 01:44:11.040408 messenger.go:270: SENT EST to 5
INFO: 01:44:11.040597 messenger.go:346: RECEIVED EST from 9
INFO: 01:44:11.041449 messenger.go:346: RECEIVED EST from 4
INFO: 01:44:11.041943 messenger.go:270: SENT EST to 1
INFO: 01:44:11.042425 messenger.go:346: RECEIVED EST from 9
INFO: 01:44:11.048338 messenger.go:346: RECEIVED EST from 6
INFO: 01:44:11.043435 messenger.go:346: RECEIVED EST from 0
INFO: 01:44:11.043676 messenger.go:346: RECEIVED EST from 1
INFO: 01:44:11.047860 messenger.go:270: SENT EST to 2
INFO: 01:44:11.077444 messenger.go:270: SENT EST to 0
INFO: 01:44:11.077704 messenger.go:346: RECEIVED EST from 0
INFO: 01:44:11.078042 messenger.go:270: SENT EST to 3
INFO: 01:44:11.082400 messenger.go:346: RECEIVED EST from 3
INFO: 01:44:11.083649 messenger.go:270: SENT EST to 2
INFO: 01:44:11.083954 messenger.go:270: SENT EST to 0
INFO: 01:44:11.089889 messenger.go:270: SENT EST to 9
INFO: 01:44:11.089971 messenger.go:270: SENT EST to 4
INFO: 01:44:11.090020 messenger.go:270: SENT EST to 3
INFO: 01:44:11.090148 messenger.go:270: SENT EST to 5
INFO: 01:44:11.090330 messenger.go:270: SENT EST to 6
INFO: 01:44:11.090709 messenger.go:346: RECEIVED EST from 3
INFO: 01:44:11.093439 messenger.go:270: SENT EST to 2
INFO: 01:44:11.093655 messenger.go:346: RECEIVED EST from 5
INFO: 01:44:11.093813 messenger.go:270: SENT EST to 1
INFO: 01:44:11.093944 messenger.go:270: SENT EST to 3
INFO: 01:44:11.097788 messenger.go:346: RECEIVED EST from 3
INFO: 01:44:11.097985 messenger.go:270: SENT EST to 4
INFO: 01:44:11.098661 messenger.go:270: SENT EST to 2
INFO: 01:44:11.098827 messenger.go:346: RECEIVED EST from 1
INFO: 01:44:11.102870 messenger.go:270: SENT EST to 1
INFO: 01:44:11.104307 messenger.go:270: SENT EST to 6
INFO: 01:44:11.104371 messenger.go:270: SENT EST to 4
INFO: 01:44:11.107516 messenger.go:270: SENT EST to 3
INFO: 01:44:11.111481 messenger.go:346: RECEIVED EST from 6
INFO: 01:44:11.111729 messenger.go:346: RECEIVED EST from 1
INFO: 01:44:11.112204 messenger.go:346: RECEIVED EST from 2
INFO: 01:44:11.113923 messenger.go:346: RECEIVED EST from 0
INFO: 01:44:11.114084 messenger.go:346: RECEIVED EST from 1
INFO: 01:44:11.115794 messenger.go:346: RECEIVED EST from 6
INFO: 01:44:11.117021 messenger.go:346: RECEIVED EST from 4
INFO: 01:44:11.117951 messenger.go:270: SENT EST to 5
INFO: 01:44:11.118662 messenger.go:346: RECEIVED EST from 0
INFO: 01:44:11.119183 messenger.go:270: SENT EST to 6
INFO: 01:44:11.120727 messenger.go:346: RECEIVED EST from 4
INFO: 01:44:11.121495 messenger.go:270: SENT EST to 5
INFO: 01:44:11.131541 messenger.go:270: SENT EST to 8
INFO: 01:44:11.131958 messenger.go:346: RECEIVED EST from 3
INFO: 01:44:11.136517 messenger.go:346: RECEIVED EST from 5
INFO: 01:44:11.140597 messenger.go:270: SENT EST to 9
INFO: 01:44:11.141828 messenger.go:346: RECEIVED EST from 8
INFO: 01:44:11.142254 messenger.go:346: RECEIVED EST from 2
INFO: 01:44:11.142858 messenger.go:346: RECEIVED EST from 0
INFO: 01:44:11.143890 messenger.go:346: RECEIVED EST from 4
INFO: 01:44:11.143946 messenger.go:270: SENT EST to 0
INFO: 01:44:11.143989 messenger.go:270: SENT EST to 2
INFO: 01:44:11.144101 messenger.go:346: RECEIVED EST from 9
INFO: 01:44:11.144141 messenger.go:270: SENT EST to 6
INFO: 01:44:11.144607 messenger.go:346: RECEIVED EST from 6
INFO: 01:44:11.144780 messenger.go:270: SENT EST to 5
INFO: 01:44:11.146356 messenger.go:346: RECEIVED EST from 1
INFO: 01:44:11.152082 messenger.go:270: SENT EST to 1
INFO: 01:44:11.153324 messenger.go:346: RECEIVED EST from 9
INFO: 01:44:11.154457 messenger.go:346: RECEIVED EST from 2
INFO: 01:44:11.154526 messenger.go:270: SENT EST to 4
INFO: 01:44:11.155392 messenger.go:346: RECEIVED EST from 5
INFO: 01:44:11.184683 messenger.go:270: SENT EST to 8
INFO: 01:44:11.189554 messenger.go:270: SENT EST to 3
INFO: 01:44:11.196630 messenger.go:270: SENT EST to 3
INFO: 01:44:11.196993 messenger.go:346: RECEIVED EST from 2
INFO: 01:44:11.198348 messenger.go:346: RECEIVED EST from 8
INFO: 01:44:11.198514 messenger.go:346: RECEIVED EST from 4
INFO: 01:44:11.202861 messenger.go:346: RECEIVED EST from 5
INFO: 01:44:11.202910 messenger.go:270: SENT EST to 0
INFO: 01:44:11.203348 messenger.go:346: RECEIVED EST from 4
INFO: 01:44:11.203572 messenger.go:346: RECEIVED EST from 0
INFO: 01:44:11.204170 messenger.go:346: RECEIVED EST from 3
INFO: 01:44:11.204355 messenger.go:346: RECEIVED EST from 1
INFO: 01:44:11.205916 messenger.go:270: SENT EST to 6
INFO: 01:44:11.208672 messenger.go:270: SENT EST to 5
INFO: 01:44:11.210446 messenger.go:346: RECEIVED EST from 6
INFO: 01:44:11.212187 messenger.go:270: SENT EST to 4
INFO: 01:44:11.213253 messenger.go:346: RECEIVED EST from 0
INFO: 01:44:11.213434 messenger.go:346: RECEIVED EST from 2
INFO: 01:44:11.214006 messenger.go:270: SENT EST to 1
INFO: 01:44:11.214046 messenger.go:270: SENT EST to 2
INFO: 01:44:11.215099 messenger.go:346: RECEIVED EST from 1
INFO: 01:44:11.217351 messenger.go:346: RECEIVED EST from 5
INFO: 01:44:11.217907 messenger.go:346: RECEIVED EST from 9
INFO: 01:44:11.219630 messenger.go:270: SENT EST to 9
INFO: 01:44:11.225318 messenger.go:346: RECEIVED EST from 3
INFO: 01:44:11.225583 messenger.go:346: RECEIVED EST from 4
INFO: 01:44:11.227536 messenger.go:270: SENT EST to 8
INFO: 01:44:11.234508 messenger.go:270: SENT EST to 3
INFO: 01:44:11.234805 messenger.go:346: RECEIVED EST from 1
INFO: 01:44:11.236137 messenger.go:346: RECEIVED EST from 2
INFO: 01:44:11.241056 messenger.go:270: SENT EST to 4
INFO: 01:44:11.241393 messenger.go:346: RECEIVED EST from 0
INFO: 01:44:11.241580 messenger.go:346: RECEIVED EST from 5
INFO: 01:44:11.241722 messenger.go:270: SENT EST to 2
INFO: 01:44:11.246743 messenger.go:346: RECEIVED EST from 8
INFO: 01:44:11.247672 messenger.go:270: SENT EST to 5
INFO: 01:44:11.248164 messenger.go:346: RECEIVED EST from 6
INFO: 01:44:11.248406 messenger.go:346: RECEIVED EST from 4
INFO: 01:44:11.250209 messenger.go:270: SENT EST to 1
INFO: 01:44:11.252562 messenger.go:270: SENT EST to 9
INFO: 01:44:11.252816 messenger.go:346: RECEIVED EST from 9
INFO: 01:44:11.255437 messenger.go:346: RECEIVED EST from 3
INFO: 01:44:11.257056 messenger.go:270: SENT EST to 6
INFO: 01:44:11.258174 messenger.go:346: RECEIVED EST from 6
INFO: 01:44:11.259995 messenger.go:270: SENT EST to 8
INFO: 01:44:11.269575 messenger.go:270: SENT EST to 0
INFO: 01:44:11.270702 messenger.go:346: RECEIVED EST from 1
INFO: 01:44:11.275554 messenger.go:270: SENT EST to 0
INFO: 01:44:11.279334 messenger.go:270: SENT EST to 6
INFO: 01:44:11.279646 messenger.go:346: RECEIVED EST from 8
INFO: 01:44:11.279928 messenger.go:346: RECEIVED EST from 9
INFO: 01:44:11.280684 messenger.go:270: SENT EST to 8
INFO: 01:44:11.281551 messenger.go:270: SENT EST to 8
INFO: 01:44:11.281774 messenger.go:270: SENT EST to 3
INFO: 01:44:11.282248 messenger.go:270: SENT EST to 5
INFO: 01:44:11.282325 messenger.go:270: SENT EST to 9
INFO: 01:44:11.286420 messenger.go:346: RECEIVED EST from 5
INFO: 01:44:11.292488 messenger.go:346: RECEIVED EST from 9
INFO: 01:44:11.295201 messenger.go:346: RECEIVED EST from 4
INFO: 01:44:11.297339 messenger.go:346: RECEIVED EST from 0
INFO: 01:44:11.298083 messenger.go:346: RECEIVED EST from 1
INFO: 01:44:11.300126 messenger.go:270: SENT EST to 1
INFO: 01:44:11.309704 messenger.go:270: SENT EST to 0
INFO: 01:44:11.309858 messenger.go:270: SENT EST to 8
INFO: 01:44:11.309914 messenger.go:270: SENT EST to 4
INFO: 01:44:11.311836 messenger.go:346: RECEIVED EST from 8
INFO: 01:44:11.314043 messenger.go:346: RECEIVED EST from 6
INFO: 01:44:11.315263 messenger.go:346: RECEIVED EST from 2
INFO: 01:44:11.316067 messenger.go:270: SENT EST to 9
INFO: 01:44:11.321955 messenger.go:346: RECEIVED EST from 5
INFO: 01:44:11.325199 messenger.go:270: SENT EST to 2
INFO: 01:44:11.325257 messenger.go:270: SENT EST to 9
INFO: 01:44:11.327063 messenger.go:346: RECEIVED EST from 1
INFO: 01:44:11.327240 messenger.go:346: RECEIVED EST from 3
INFO: 01:44:11.327422 messenger.go:270: SENT EST to 1
INFO: 01:44:11.337245 messenger.go:346: RECEIVED EST from 9
INFO: 01:44:11.337490 messenger.go:346: RECEIVED EST from 0
INFO: 01:44:11.338021 messenger.go:270: SENT EST to 0
INFO: 01:44:11.390344 messenger.go:346: RECEIVED EST from 4
INFO: 01:44:11.390484 messenger.go:346: RECEIVED EST from 2
INFO: 01:44:11.392221 messenger.go:346: RECEIVED EST from 8
INFO: 01:44:11.390550 messenger.go:270: SENT EST to 2
INFO: 01:44:11.390776 messenger.go:270: SENT EST to 9
INFO: 01:44:11.391028 messenger.go:270: SENT EST to 6
INFO: 01:44:11.391457 messenger.go:346: RECEIVED EST from 6
INFO: 01:44:11.395329 messenger.go:270: SENT EST to 3
INFO: 01:44:11.396845 messenger.go:270: SENT EST to 3
INFO: 01:44:11.399257 messenger.go:346: RECEIVED EST from 0
INFO: 01:44:11.400373 messenger.go:270: SENT EST to 8
INFO: 01:44:11.409388 messenger.go:270: SENT EST to 4
INFO: 01:44:11.411926 messenger.go:346: RECEIVED EST from 3
INFO: 01:44:11.409680 messenger.go:270: SENT EST to 1
INFO: 01:44:11.429200 messenger.go:346: RECEIVED EST from 2
INFO: 01:44:11.429455 messenger.go:346: RECEIVED EST from 1
INFO: 01:44:11.429490 messenger.go:270: SENT EST to 5
INFO: 01:44:11.429679 messenger.go:346: RECEIVED EST from 5
INFO: 01:44:11.431259 messenger.go:270: SENT EST to 0
INFO: 01:44:11.432365 messenger.go:270: SENT EST to 4
INFO: 01:44:11.433959 messenger.go:270: SENT EST to 8
INFO: 01:44:11.434307 messenger.go:346: RECEIVED EST from 8
INFO: 01:44:11.435639 messenger.go:270: SENT EST to 0
INFO: 01:44:11.435901 messenger.go:346: RECEIVED EST from 4
INFO: 01:44:11.445223 messenger.go:270: SENT EST to 6
INFO: 01:44:11.445265 messenger.go:270: SENT EST to 2
INFO: 01:44:11.445294 messenger.go:270: SENT EST to 9
INFO: 01:44:11.445443 messenger.go:346: RECEIVED EST from 9
INFO: 01:44:11.454472 messenger.go:270: SENT EST to 4
INFO: 01:44:11.454809 messenger.go:346: RECEIVED EST from 6
INFO: 01:44:11.460270 messenger.go:346: RECEIVED EST from 0
INFO: 01:44:11.469082 messenger.go:270: SENT EST to 3
INFO: 01:44:11.469452 messenger.go:270: SENT EST to 2
INFO: 01:44:11.469707 messenger.go:270: SENT EST to 5
INFO: 01:44:11.471007 messenger.go:270: SENT EST to 1
INFO: 01:44:11.475759 messenger.go:346: RECEIVED EST from 5
INFO: 01:44:11.476126 messenger.go:346: RECEIVED EST from 4
INFO: 01:44:11.477224 messenger.go:346: RECEIVED EST from 8
INFO: 01:44:11.477574 messenger.go:270: SENT EST to 0
INFO: 01:44:11.478065 messenger.go:270: SENT EST to 8
INFO: 01:44:11.478112 messenger.go:270: SENT EST to 4
INFO: 01:44:11.481459 messenger.go:270: SENT EST to 6
INFO: 01:44:11.482875 messenger.go:346: RECEIVED EST from 2
INFO: 01:44:11.486971 messenger.go:346: RECEIVED EST from 3
INFO: 01:44:11.489453 messenger.go:270: SENT EST to 1
INFO: 01:44:11.490239 messenger.go:270: SENT EST to 1
INFO: 01:44:11.494671 messenger.go:270: SENT EST to 9
INFO: 01:44:11.496272 messenger.go:346: RECEIVED EST from 6
INFO: 01:44:11.499698 messenger.go:270: SENT EST to 3
INFO: 01:44:11.510283 messenger.go:346: RECEIVED EST from 1
INFO: 01:44:11.515312 messenger.go:346: RECEIVED EST from 9
INFO: 01:44:11.524154 messenger.go:346: RECEIVED EST from 0
INFO: 01:44:11.536392 messenger.go:270: SENT EST to 5
INFO: 01:44:11.541410 messenger.go:270: SENT EST to 5
INFO: 01:44:11.554213 messenger.go:346: RECEIVED EST from 8
INFO: 01:44:11.554437 messenger.go:346: RECEIVED EST from 3
INFO: 01:44:11.556516 messenger.go:270: SENT EST to 8
INFO: 01:44:11.557584 messenger.go:346: RECEIVED EST from 5
INFO: 01:44:11.560350 messenger.go:270: SENT EST to 2
INFO: 01:44:11.561747 messenger.go:270: SENT EST to 1
INFO: 01:44:11.572339 messenger.go:270: SENT EST to 0
INFO: 01:44:11.572686 messenger.go:346: RECEIVED EST from 8
INFO: 01:44:11.572891 messenger.go:346: RECEIVED EST from 4
INFO: 01:44:11.573058 messenger.go:346: RECEIVED EST from 2
INFO: 01:44:11.575830 messenger.go:346: RECEIVED EST from 3
INFO: 01:44:11.578894 messenger.go:270: SENT EST to 4
INFO: 01:44:11.579379 messenger.go:270: SENT EST to 3
INFO: 01:44:11.597366 messenger.go:346: RECEIVED EST from 1
INFO: 01:44:11.597857 messenger.go:346: RECEIVED EST from 0
INFO: 01:44:11.600359 messenger.go:270: SENT EST to 6
INFO: 01:44:11.601690 messenger.go:346: RECEIVED EST from 6
INFO: 01:44:11.602718 messenger.go:270: SENT EST to 8
INFO: 01:44:11.631220 messenger.go:270: SENT EST to 5
INFO: 01:44:11.631348 messenger.go:270: SENT EST to 6
INFO: 01:44:11.631546 messenger.go:346: RECEIVED EST from 1
INFO: 01:44:11.631631 messenger.go:346: RECEIVED EST from 5
INFO: 01:44:11.650952 messenger.go:270: SENT EST to 9
INFO: 01:44:11.651811 messenger.go:270: SENT EST to 2
INFO: 01:44:11.674694 messenger.go:346: RECEIVED EST from 6
INFO: 01:44:11.751794 messenger.go:270: SENT EST to 5
INFO: 01:44:11.753400 messenger.go:270: SENT EST to 1
INFO: 01:44:11.755389 messenger.go:346: RECEIVED EST from 9
INFO: 01:44:11.755444 messenger.go:270: SENT EST to 2
INFO: 01:44:11.755870 messenger.go:270: SENT EST to 2
INFO: 01:44:11.755898 messenger.go:270: SENT EST to 9
INFO: 01:44:11.756406 messenger.go:270: SENT EST to 9
INFO: 01:44:11.765313 messenger.go:270: SENT EST to 6
INFO: 01:44:11.767603 messenger.go:346: RECEIVED EST from 2
INFO: 01:44:11.773878 messenger.go:346: RECEIVED EST from 3
INFO: 01:44:11.774108 messenger.go:346: RECEIVED EST from 3
INFO: 01:44:11.774276 messenger.go:346: RECEIVED EST from 3
INFO: 01:44:11.774893 messenger.go:346: RECEIVED EST from 5
INFO: 01:44:11.774986 messenger.go:346: RECEIVED EST from 2
INFO: 01:44:11.776279 messenger.go:346: RECEIVED EST from 4
INFO: 01:44:11.775208 messenger.go:346: RECEIVED EST from 2
INFO: 01:44:11.775576 messenger.go:346: RECEIVED EST from 3
INFO: 01:44:11.775711 messenger.go:346: RECEIVED EST from 1
INFO: 01:44:11.775796 messenger.go:346: RECEIVED EST from 5
INFO: 01:44:11.775918 messenger.go:346: RECEIVED EST from 5
INFO: 01:44:11.776130 messenger.go:346: RECEIVED EST from 9
INFO: 01:44:11.777410 messenger.go:346: RECEIVED EST from 0
INFO: 01:44:11.775088 messenger.go:346: RECEIVED EST from 2
INFO: 01:44:11.776890 messenger.go:270: SENT EST to 4
INFO: 01:44:11.776892 messenger.go:270: SENT EST to 3
INFO: 01:44:11.779938 messenger.go:346: RECEIVED EST from 5
INFO: 01:44:11.776960 messenger.go:346: RECEIVED EST from 8
INFO: 01:44:11.780152 messenger.go:346: RECEIVED EST from 6
INFO: 01:44:11.776281 messenger.go:270: SENT EST to 8
INFO: 01:44:11.782071 messenger.go:346: RECEIVED EST from 9
INFO: 01:44:11.782258 messenger.go:346: RECEIVED EST from 1
INFO: 01:44:11.786986 messenger.go:270: SENT EST to 6
INFO: 01:44:11.787125 messenger.go:346: RECEIVED EST from 6
INFO: 01:44:11.787487 messenger.go:346: RECEIVED EST from 6
INFO: 01:44:11.787550 messenger.go:270: SENT EST to 0
INFO: 01:44:11.787816 messenger.go:346: RECEIVED EST from 0
INFO: 01:44:11.788081 messenger.go:346: RECEIVED EST from 0
INFO: 01:44:11.788759 messenger.go:346: RECEIVED EST from 0
INFO: 01:44:11.789101 messenger.go:346: RECEIVED EST from 1
INFO: 01:44:11.793082 messenger.go:270: SENT EST to 0
INFO: 01:44:11.793153 messenger.go:270: SENT EST to 1
INFO: 01:44:11.793300 messenger.go:346: RECEIVED EST from 1
INFO: 01:44:11.793472 messenger.go:270: SENT EST to 3
INFO: 01:44:11.793707 messenger.go:346: RECEIVED EST from 9
INFO: 01:44:11.794085 messenger.go:270: SENT EST to 9
INFO: 01:44:11.795697 messenger.go:270: SENT EST to 1
INFO: 01:44:11.795974 messenger.go:270: SENT EST to 2
INFO: 01:44:11.796459 messenger.go:270: SENT EST to 2
INFO: 01:44:11.796771 messenger.go:346: RECEIVED EST from 6
INFO: 01:44:11.796781 messenger.go:270: SENT EST to 0
INFO: 01:44:11.800074 messenger.go:346: RECEIVED EST from 3
INFO: 01:44:11.800606 messenger.go:346: RECEIVED EST from 8
INFO: 01:44:11.801248 messenger.go:270: SENT EST to 8
INFO: 01:44:11.804668 messenger.go:346: RECEIVED EST from 2
INFO: 01:44:11.804825 messenger.go:346: RECEIVED EST from 8
INFO: 01:44:11.807803 messenger.go:346: RECEIVED EST from 8
INFO: 01:44:11.809995 messenger.go:346: RECEIVED EST from 9
INFO: 01:44:11.811819 messenger.go:270: SENT EST to 5
INFO: 01:44:11.827507 messenger.go:270: SENT EST to 3
INFO: 01:44:11.828235 messenger.go:346: RECEIVED EST from 4
INFO: 01:44:11.828300 messenger.go:270: SENT EST to 4
INFO: 01:44:11.828477 messenger.go:346: RECEIVED EST from 3
INFO: 01:44:11.828672 messenger.go:346: RECEIVED EST from 1
INFO: 01:44:11.835329 messenger.go:346: RECEIVED EST from 0
INFO: 01:44:11.836199 messenger.go:270: SENT EST to 6
INFO: 01:44:11.837449 messenger.go:270: SENT EST to 8
INFO: 01:44:11.839152 messenger.go:270: SENT EST to 2
INFO: 01:44:11.839363 messenger.go:346: RECEIVED EST from 6
INFO: 01:44:11.840144 messenger.go:346: RECEIVED EST from 9
INFO: 01:44:11.848096 messenger.go:270: SENT EST to 9
INFO: 01:44:11.849404 messenger.go:270: SENT EST to 4
INFO: 01:44:11.849456 messenger.go:270: SENT EST to 5
INFO: 01:44:11.851678 messenger.go:270: SENT EST to 0
INFO: 01:44:11.853455 messenger.go:270: SENT EST to 1
INFO: 01:44:11.853611 messenger.go:346: RECEIVED EST from 4
INFO: 01:44:11.855352 messenger.go:346: RECEIVED EST from 5
INFO: 01:44:11.857582 messenger.go:270: SENT EST to 6
INFO: 01:44:11.857789 messenger.go:346: RECEIVED EST from 4
INFO: 01:44:11.857954 messenger.go:346: RECEIVED EST from 1
INFO: 01:44:11.860542 messenger.go:270: SENT EST to 0
INFO: 01:44:11.861010 messenger.go:270: SENT EST to 9
INFO: 01:44:11.863341 messenger.go:270: SENT EST to 2
INFO: 01:44:11.863517 messenger.go:270: SENT EST to 8
INFO: 01:44:11.863588 messenger.go:346: RECEIVED EST from 8
INFO: 01:44:11.866196 messenger.go:346: RECEIVED EST from 2
INFO: 01:44:11.867897 messenger.go:270: SENT EST to 5
INFO: 01:44:11.869250 messenger.go:270: SENT EST to 4
INFO: 01:44:11.872779 messenger.go:270: SENT EST to 1
INFO: 01:44:11.874603 messenger.go:270: SENT EST to 3
INFO: 01:44:11.882315 messenger.go:270: SENT EST to 6
INFO: 01:44:11.882457 messenger.go:346: RECEIVED EST from 9
INFO: 01:44:11.883277 messenger.go:270: SENT EST to 0
INFO: 01:44:11.889750 messenger.go:346: RECEIVED EST from 3
INFO: 01:44:11.889863 messenger.go:270: SENT EST to 2
INFO: 01:44:11.889984 messenger.go:346: RECEIVED EST from 0
INFO: 01:44:11.891757 messenger.go:346: RECEIVED EST from 8
INFO: 01:44:11.891817 messenger.go:270: SENT EST to 5
INFO: 01:44:11.892672 messenger.go:270: SENT EST to 8
INFO: 01:44:11.892772 messenger.go:270: SENT EST to 1
INFO: 01:44:11.893194 messenger.go:270: SENT EST to 3
INFO: 01:44:11.895967 messenger.go:270: SENT EST to 4
INFO: 01:44:11.896185 messenger.go:346: RECEIVED EST from 4
INFO: 01:44:11.897450 messenger.go:270: SENT EST to 8
INFO: 01:44:11.898680 messenger.go:270: SENT EST to 6
INFO: 01:44:11.899112 messenger.go:346: RECEIVED EST from 8
INFO: 01:44:11.899274 messenger.go:270: SENT EST to 3
INFO: 01:44:11.900813 messenger.go:270: SENT EST to 3
INFO: 01:44:11.900905 messenger.go:346: RECEIVED EST from 3
INFO: 01:44:11.903991 messenger.go:346: RECEIVED EST from 0
INFO: 01:44:11.905610 messenger.go:346: RECEIVED EST from 2
INFO: 01:44:11.909031 messenger.go:346: RECEIVED EST from 6
INFO: 01:44:11.913199 messenger.go:270: SENT EST to 9
INFO: 01:44:11.916123 messenger.go:270: SENT EST to 5
INFO: 01:44:11.917030 messenger.go:346: RECEIVED EST from 1
INFO: 01:44:11.918392 messenger.go:270: SENT EST to 2
INFO: 01:44:11.919674 messenger.go:270: SENT EST to 0
INFO: 01:44:11.922274 messenger.go:270: SENT EST to 3
INFO: 01:44:11.930105 messenger.go:346: RECEIVED EST from 5
INFO: 01:44:11.931946 messenger.go:270: SENT EST to 9
INFO: 01:44:11.938020 messenger.go:346: RECEIVED EST from 9
INFO: 01:44:11.938178 messenger.go:346: RECEIVED EST from 0
INFO: 01:44:11.938309 messenger.go:346: RECEIVED EST from 8
INFO: 01:44:11.938961 messenger.go:270: SENT EST to 1
INFO: 01:44:11.938993 messenger.go:270: SENT EST to 4
INFO: 01:44:11.943056 messenger.go:270: SENT EST to 3
INFO: 01:44:11.945727 messenger.go:270: SENT EST to 8
INFO: 01:44:11.945843 messenger.go:270: SENT EST to 6
INFO: 01:44:11.946375 messenger.go:270: SENT EST to 0
INFO: 01:44:11.946893 messenger.go:346: RECEIVED EST from 3
INFO: 01:44:11.947164 messenger.go:346: RECEIVED EST from 4
INFO: 01:44:11.947408 messenger.go:346: RECEIVED EST from 6
INFO: 01:44:11.949302 messenger.go:270: SENT EST to 5
INFO: 01:44:11.949458 messenger.go:270: SENT EST to 9
INFO: 01:44:11.951525 messenger.go:346: RECEIVED EST from 9
INFO: 01:44:11.955766 messenger.go:270: SENT EST to 2
INFO: 01:44:11.965564 messenger.go:346: RECEIVED EST from 1
INFO: 01:44:11.965762 messenger.go:270: SENT EST to 1
INFO: 01:44:11.966407 messenger.go:346: RECEIVED EST from 9
INFO: 01:44:11.966627 messenger.go:346: RECEIVED EST from 5
INFO: 01:44:11.968019 messenger.go:346: RECEIVED EST from 4
INFO: 01:44:11.969054 messenger.go:346: RECEIVED EST from 2
INFO: 01:44:11.969253 messenger.go:270: SENT EST to 4
INFO: 01:44:11.977054 messenger.go:346: RECEIVED EST from 4
INFO: 01:44:11.977300 messenger.go:346: RECEIVED EST from 5
INFO: 01:44:11.977682 messenger.go:270: SENT EST to 5
INFO: 01:44:11.978100 messenger.go:270: SENT EST to 9
INFO: 01:44:11.978139 messenger.go:270: SENT EST to 4
INFO: 01:44:11.978507 messenger.go:270: SENT EST to 1
INFO: 01:44:11.983122 messenger.go:270: SENT EST to 5
INFO: 01:44:11.983453 messenger.go:270: SENT EST to 2
INFO: 01:44:11.983714 messenger.go:270: SENT EST to 8
INFO: 01:44:11.983918 messenger.go:346: RECEIVED EST from 1
INFO: 01:44:11.984202 messenger.go:346: RECEIVED EST from 6
INFO: 01:44:11.984274 messenger.go:270: SENT EST to 0
INFO: 01:44:11.984493 messenger.go:346: RECEIVED EST from 0
INFO: 01:44:11.984561 messenger.go:270: SENT EST to 6
INFO: 01:44:11.986430 messenger.go:270: SENT EST to 4
INFO: 01:44:11.987815 messenger.go:346: RECEIVED EST from 5
INFO: 01:44:11.990983 messenger.go:346: RECEIVED EST from 8
INFO: 01:44:11.992514 messenger.go:270: SENT EST to 6
INFO: 01:44:11.993277 messenger.go:346: RECEIVED EST from 6
INFO: 01:44:11.993449 messenger.go:346: RECEIVED EST from 2
INFO: 01:44:12.003695 messenger.go:270: SENT EST to 6
INFO: 01:44:12.003893 messenger.go:270: SENT EST to 9
INFO: 01:44:12.003986 messenger.go:270: SENT EST to 3
INFO: 01:44:12.004753 messenger.go:270: SENT EST to 0
INFO: 01:44:12.004797 messenger.go:270: SENT EST to 8
INFO: 01:44:12.007197 messenger.go:346: RECEIVED EST from 3
INFO: 01:44:12.009705 messenger.go:270: SENT EST to 2
INFO: 01:44:12.010150 messenger.go:346: RECEIVED EST from 2
INFO: 01:44:12.014141 messenger.go:270: SENT EST to 1
INFO: 01:44:12.014207 messenger.go:270: SENT EST to 8
INFO: 01:44:12.014324 messenger.go:270: SENT EST to 5
INFO: 01:44:12.014360 messenger.go:346: RECEIVED EST from 1
INFO: 01:44:12.014468 messenger.go:270: SENT EST to 0
INFO: 01:44:12.014693 messenger.go:346: RECEIVED EST from 5
INFO: 01:44:12.015475 messenger.go:346: RECEIVED EST from 9
INFO: 01:44:12.016957 messenger.go:270: SENT EST to 9
INFO: 01:44:12.017642 messenger.go:270: SENT EST to 1
INFO: 01:44:12.017654 messenger.go:270: SENT EST to 2
INFO: 01:44:12.033445 messenger.go:270: SENT EST to 3
INFO: 01:44:12.035290 messenger.go:346: RECEIVED EST from 4
INFO: 01:44:12.035363 messenger.go:270: SENT EST to 4
INFO: 01:44:12.054340 messenger.go:346: RECEIVED EST from 8
INFO: 01:44:12.054818 messenger.go:270: SENT EST to 2
INFO: 01:44:12.055092 messenger.go:346: RECEIVED EST from 6
INFO: 01:44:12.055293 messenger.go:346: RECEIVED EST from 0
INFO: 01:44:12.055445 messenger.go:346: RECEIVED EST from 9
INFO: 01:44:12.055490 messenger.go:270: SENT EST to 8
INFO: 01:44:12.055653 messenger.go:346: RECEIVED EST from 1
INFO: 01:44:12.055950 messenger.go:270: SENT EST to 6
INFO: 01:44:12.056596 messenger.go:346: RECEIVED EST from 5
INFO: 01:44:12.057956 messenger.go:270: SENT EST to 5
INFO: 01:44:12.057960 messenger.go:270: SENT EST to 0
INFO: 01:44:12.058339 messenger.go:346: RECEIVED EST from 2
INFO: 01:44:12.058623 messenger.go:270: SENT EST to 9
INFO: 01:44:12.069813 messenger.go:270: SENT EST to 1
INFO: 01:44:12.069975 messenger.go:270: SENT EST to 3
INFO: 01:44:12.070469 messenger.go:346: RECEIVED EST from 8
INFO: 01:44:12.072265 messenger.go:270: SENT EST to 4
INFO: 01:44:12.077530 messenger.go:270: SENT EST to 6
INFO: 01:44:12.077779 messenger.go:346: RECEIVED EST from 2
INFO: 01:44:12.078659 messenger.go:346: RECEIVED EST from 6
INFO: 01:44:12.080527 messenger.go:270: SENT EST to 8
INFO: 01:44:12.080725 messenger.go:270: SENT EST to 1
INFO: 01:44:12.080977 messenger.go:346: RECEIVED EST from 0
INFO: 01:44:12.081369 messenger.go:270: SENT EST to 0
INFO: 01:44:12.081512 messenger.go:270: SENT EST to 2
INFO: 01:44:12.083982 messenger.go:346: RECEIVED EST from 9
INFO: 01:44:12.084057 messenger.go:270: SENT EST to 9
INFO: 01:44:12.084291 messenger.go:270: SENT EST to 5
INFO: 01:44:12.091020 messenger.go:346: RECEIVED EST from 3
INFO: 01:44:12.091897 messenger.go:270: SENT EST to 3
INFO: 01:44:12.092647 messenger.go:346: RECEIVED EST from 4
INFO: 01:44:12.100929 messenger.go:346: RECEIVED EST from 8
INFO: 01:44:12.101286 messenger.go:346: RECEIVED EST from 2
INFO: 01:44:12.104109 messenger.go:346: RECEIVED EST from 3
INFO: 01:44:12.105335 messenger.go:346: RECEIVED EST from 5
INFO: 01:44:12.110401 messenger.go:346: RECEIVED EST from 1
INFO: 01:44:12.114111 messenger.go:270: SENT EST to 4
INFO: 01:44:12.141708 messenger.go:346: RECEIVED EST from 4
INFO: 01:44:12.146140 messenger.go:270: SENT EST to 6
INFO: 01:44:12.147377 messenger.go:346: RECEIVED EST from 6
INFO: 01:44:12.149299 messenger.go:346: RECEIVED EST from 8
INFO: 01:44:12.150904 messenger.go:270: SENT EST to 8
INFO: 01:44:12.151060 messenger.go:346: RECEIVED EST from 0
INFO: 01:44:12.151119 messenger.go:270: SENT EST to 3
INFO: 01:44:12.151675 messenger.go:346: RECEIVED EST from 1
INFO: 01:44:12.151974 messenger.go:346: RECEIVED EST from 3
INFO: 01:44:12.153699 messenger.go:270: SENT EST to 1
INFO: 01:44:12.155442 messenger.go:270: SENT EST to 4
INFO: 01:44:12.155571 messenger.go:270: SENT EST to 2
INFO: 01:44:12.155923 messenger.go:270: SENT EST to 9
INFO: 01:44:12.156689 messenger.go:270: SENT EST to 3
INFO: 01:44:12.162346 messenger.go:270: SENT EST to 4
INFO: 01:44:12.164786 messenger.go:270: SENT EST to 0
INFO: 01:44:12.173206 messenger.go:346: RECEIVED EST from 9
INFO: 01:44:12.173458 messenger.go:346: RECEIVED EST from 8
INFO: 01:44:12.173703 messenger.go:346: RECEIVED EST from 1
INFO: 01:44:12.173802 messenger.go:346: RECEIVED EST from 2
INFO: 01:44:12.175560 messenger.go:346: RECEIVED EST from 0
INFO: 01:44:12.176989 messenger.go:346: RECEIVED EST from 3
INFO: 01:44:12.181555 messenger.go:270: SENT EST to 5
INFO: 01:44:12.186590 messenger.go:346: RECEIVED EST from 5
INFO: 01:44:12.187051 messenger.go:346: RECEIVED EST from 9
INFO: 01:44:12.187156 messenger.go:270: SENT EST to 4
INFO: 01:44:12.189007 messenger.go:270: SENT EST to 0
INFO: 01:44:12.189443 messenger.go:270: SENT EST to 8
INFO: 01:44:12.189516 messenger.go:270: SENT EST to 1
INFO: 01:44:12.195729 messenger.go:270: SENT EST to 3
INFO: 01:44:12.198998 messenger.go:270: SENT EST to 2
INFO: 01:44:12.199205 messenger.go:346: RECEIVED EST from 6
INFO: 01:44:12.200755 messenger.go:270: SENT EST to 6
INFO: 01:44:12.204614 messenger.go:346: RECEIVED EST from 1
INFO: 01:44:12.204723 messenger.go:346: RECEIVED EST from 6
INFO: 01:44:12.207479 messenger.go:346: RECEIVED EST from 2
INFO: 01:44:12.207792 messenger.go:346: RECEIVED EST from 4
INFO: 01:44:12.207953 messenger.go:346: RECEIVED EST from 8
INFO: 01:44:12.208070 messenger.go:270: SENT EST to 4
INFO: 01:44:12.210185 messenger.go:270: SENT EST to 5
INFO: 01:44:12.210782 messenger.go:346: RECEIVED EST from 1
INFO: 01:44:12.211663 messenger.go:346: RECEIVED EST from 0
INFO: 01:44:12.214490 messenger.go:270: SENT EST to 9
INFO: 01:44:12.214555 messenger.go:270: SENT EST to 6
INFO: 01:44:12.219468 messenger.go:346: RECEIVED EST from 3
INFO: 01:44:12.220714 messenger.go:270: SENT EST to 5
INFO: 01:44:12.222781 messenger.go:270: SENT EST to 8
INFO: 01:44:12.222950 messenger.go:270: SENT EST to 0
INFO: 01:44:12.223018 messenger.go:270: SENT EST to 2
INFO: 01:44:12.224431 messenger.go:270: SENT EST to 9
INFO: 01:44:12.224628 messenger.go:346: RECEIVED EST from 5
INFO: 01:44:12.224690 messenger.go:270: SENT EST to 6
INFO: 01:44:12.226751 messenger.go:270: SENT EST to 5
INFO: 01:44:12.228405 messenger.go:270: SENT EST to 8
INFO: 01:44:12.228606 messenger.go:270: SENT EST to 9
INFO: 01:44:12.228732 messenger.go:270: SENT EST to 6
INFO: 01:44:12.229259 messenger.go:346: RECEIVED EST from 9
INFO: 01:44:12.231712 messenger.go:270: SENT EST to 8
INFO: 01:44:12.231904 messenger.go:270: SENT EST to 5
INFO: 01:44:12.232026 messenger.go:270: SENT EST to 0
INFO: 01:44:12.233059 messenger.go:346: RECEIVED EST from 6
INFO: 01:44:12.233293 messenger.go:270: SENT EST to 9
INFO: 01:44:12.240496 messenger.go:270: SENT EST to 1
INFO: 01:44:12.241657 messenger.go:270: SENT EST to 3
INFO: 01:44:12.241802 messenger.go:346: RECEIVED EST from 1
INFO: 01:44:12.241954 messenger.go:346: RECEIVED EST from 0
INFO: 01:44:12.242119 messenger.go:346: RECEIVED EST from 2
INFO: 01:44:12.243216 messenger.go:270: SENT EST to 3
INFO: 01:44:12.243356 messenger.go:346: RECEIVED EST from 3
INFO: 01:44:12.243955 messenger.go:270: SENT EST to 1
INFO: 01:44:12.244374 messenger.go:270: SENT EST to 1
INFO: 01:44:12.249142 messenger.go:346: RECEIVED EST from 8
INFO: 01:44:12.251284 messenger.go:346: RECEIVED EST from 6
INFO: 01:44:12.251535 messenger.go:270: SENT EST to 2
INFO: 01:44:12.253077 messenger.go:270: SENT EST to 0
INFO: 01:44:12.258199 messenger.go:270: SENT EST to 4
INFO: 01:44:12.259323 messenger.go:270: SENT EST to 3
INFO: 01:44:12.261239 messenger.go:270: SENT EST to 1
INFO: 01:44:12.261650 messenger.go:270: SENT EST to 6
INFO: 01:44:12.262913 messenger.go:270: SENT EST to 8
INFO: 01:44:12.267031 messenger.go:270: SENT EST to 0
INFO: 01:44:12.267187 messenger.go:270: SENT EST to 5
INFO: 01:44:12.267358 messenger.go:346: RECEIVED EST from 5
INFO: 01:44:12.267649 messenger.go:270: SENT EST to 2
INFO: 01:44:12.270937 messenger.go:346: RECEIVED EST from 3
INFO: 01:44:12.273717 messenger.go:346: RECEIVED EST from 1
INFO: 01:44:12.274966 messenger.go:346: RECEIVED EST from 4
INFO: 01:44:12.275234 messenger.go:270: SENT EST to 2
INFO: 01:44:12.275300 messenger.go:270: SENT EST to 9
INFO: 01:44:12.275444 messenger.go:346: RECEIVED EST from 9
INFO: 01:44:12.279516 messenger.go:270: SENT EST to 4
INFO: 01:44:12.287823 messenger.go:346: RECEIVED EST from 6
INFO: 01:44:12.288278 messenger.go:346: RECEIVED EST from 4
INFO: 01:44:12.291878 messenger.go:346: RECEIVED EST from 0
INFO: 01:44:12.292407 messenger.go:270: SENT EST to 6
INFO: 01:44:12.292443 messenger.go:270: SENT EST to 4
INFO: 01:44:12.292706 messenger.go:270: SENT EST to 3
INFO: 01:44:12.294130 messenger.go:270: SENT EST to 0
INFO: 01:44:12.294310 messenger.go:270: SENT EST to 8
INFO: 01:44:12.294446 messenger.go:346: RECEIVED EST from 8
INFO: 01:44:12.294721 messenger.go:270: SENT EST to 2
INFO: 01:44:12.295041 messenger.go:346: RECEIVED EST from 3
INFO: 01:44:12.295602 messenger.go:346: RECEIVED EST from 2
INFO: 01:44:12.298025 messenger.go:270: SENT EST to 3
INFO: 01:44:12.300674 messenger.go:270: SENT EST to 4
INFO: 01:44:12.301576 messenger.go:346: RECEIVED EST from 3
INFO: 01:44:12.302772 messenger.go:346: RECEIVED EST from 0
INFO: 01:44:12.302846 messenger.go:270: SENT EST to 4
INFO: 01:44:12.304789 messenger.go:346: RECEIVED EST from 4
INFO: 01:44:12.309537 messenger.go:270: SENT EST to 9
INFO: 01:44:12.309705 messenger.go:346: RECEIVED EST from 9
INFO: 01:44:12.309797 messenger.go:270: SENT EST to 5
INFO: 01:44:12.312047 messenger.go:346: RECEIVED EST from 6
INFO: 01:44:12.314336 messenger.go:346: RECEIVED EST from 8
INFO: 01:44:12.317030 messenger.go:346: RECEIVED EST from 3
INFO: 01:44:12.317080 messenger.go:270: SENT EST to 6
INFO: 01:44:12.318259 messenger.go:346: RECEIVED EST from 2
INFO: 01:44:12.322171 messenger.go:346: RECEIVED EST from 0
INFO: 01:44:12.325915 messenger.go:270: SENT EST to 9
INFO: 01:44:12.327022 messenger.go:346: RECEIVED EST from 8
INFO: 01:44:12.327172 messenger.go:346: RECEIVED EST from 5
INFO: 01:44:12.327305 messenger.go:346: RECEIVED EST from 2
INFO: 01:44:12.327606 messenger.go:270: SENT EST to 8
INFO: 01:44:12.327667 messenger.go:270: SENT EST to 5
INFO: 01:44:12.332622 messenger.go:346: RECEIVED EST from 6
INFO: 01:44:12.335215 messenger.go:270: SENT EST to 1
INFO: 01:44:12.335392 messenger.go:270: SENT EST to 1
INFO: 01:44:12.336273 messenger.go:270: SENT EST to 6
INFO: 01:44:12.340320 messenger.go:270: SENT EST to 0
INFO: 01:44:12.341357 messenger.go:270: SENT EST to 3
INFO: 01:44:12.343290 messenger.go:270: SENT EST to 1
INFO: 01:44:12.345843 messenger.go:270: SENT EST to 9
INFO: 01:44:12.346199 messenger.go:346: RECEIVED EST from 1
INFO: 01:44:12.349236 messenger.go:346: RECEIVED EST from 2
INFO: 01:44:12.350507 messenger.go:346: RECEIVED EST from 5
INFO: 01:44:12.351197 messenger.go:270: SENT EST to 2
INFO: 01:44:12.354339 messenger.go:270: SENT EST to 8
INFO: 01:44:12.357299 messenger.go:270: SENT EST to 5
INFO: 01:44:12.360023 messenger.go:346: RECEIVED EST from 9
INFO: 01:44:12.360446 messenger.go:270: SENT EST to 3
INFO: 01:44:12.360610 messenger.go:346: RECEIVED EST from 0
INFO: 01:44:12.361610 messenger.go:270: SENT EST to 6
INFO: 01:44:12.361666 messenger.go:270: SENT EST to 0
INFO: 01:44:12.361999 messenger.go:270: SENT EST to 8
INFO: 01:44:12.362903 messenger.go:270: SENT EST to 2
INFO: 01:44:12.368170 messenger.go:346: RECEIVED EST from 6
INFO: 01:44:12.368266 messenger.go:346: RECEIVED EST from 5
INFO: 01:44:12.373853 messenger.go:270: SENT EST to 0
INFO: 01:44:12.373924 messenger.go:270: SENT EST to 1
INFO: 01:44:12.375488 messenger.go:270: SENT EST to 3
INFO: 01:44:12.375553 messenger.go:270: SENT EST to 9
INFO: 01:44:12.375622 messenger.go:270: SENT EST to 2
INFO: 01:44:12.375791 messenger.go:270: SENT EST to 5
INFO: 01:44:12.417987 messenger.go:346: RECEIVED EST from 3
INFO: 01:44:12.418039 messenger.go:270: SENT EST to 4
INFO: 01:44:12.434498 messenger.go:346: RECEIVED EST from 9
INFO: 01:44:12.434649 messenger.go:346: RECEIVED EST from 4
INFO: 01:44:12.434739 messenger.go:346: RECEIVED EST from 8
INFO: 01:44:12.434825 messenger.go:346: RECEIVED EST from 2
INFO: 01:44:12.434912 messenger.go:346: RECEIVED EST from 1
INFO: 01:44:12.435026 messenger.go:346: RECEIVED EST from 3
INFO: 01:44:12.435496 messenger.go:346: RECEIVED EST from 5
INFO: 01:44:12.436037 messenger.go:346: RECEIVED EST from 6
INFO: 01:44:12.436207 messenger.go:346: RECEIVED EST from 0
INFO: 01:44:12.438081 messenger.go:346: RECEIVED EST from 5
INFO: 01:44:12.452699 messenger.go:346: RECEIVED EST from 8
INFO: 01:44:12.453124 messenger.go:346: RECEIVED EST from 2
INFO: 01:44:12.453277 messenger.go:346: RECEIVED EST from 6
INFO: 01:44:12.453470 messenger.go:270: SENT EST to 3
INFO: 01:44:12.461555 messenger.go:270: SENT EST to 5
INFO: 01:44:12.461883 messenger.go:346: RECEIVED EST from 9
INFO: 01:44:12.461973 messenger.go:270: SENT EST to 6
INFO: 01:44:12.462158 messenger.go:270: SENT EST to 0
INFO: 01:44:12.463187 messenger.go:346: RECEIVED EST from 0
INFO: 01:44:12.463362 messenger.go:270: SENT EST to 1
INFO: 01:44:12.464200 messenger.go:270: SENT EST to 2
INFO: 01:44:12.464663 messenger.go:346: RECEIVED EST from 8
INFO: 01:44:12.466018 messenger.go:270: SENT EST to 9
INFO: 01:44:12.468424 messenger.go:346: RECEIVED EST from 2
INFO: 01:44:12.468587 messenger.go:346: RECEIVED EST from 3
INFO: 01:44:12.468761 messenger.go:346: RECEIVED EST from 1
INFO: 01:44:12.469728 messenger.go:270: SENT EST to 4
INFO: 01:44:12.469818 messenger.go:270: SENT EST to 8
INFO: 01:44:12.469955 messenger.go:346: RECEIVED EST from 5
INFO: 01:44:12.472398 messenger.go:270: SENT EST to 5
INFO: 01:44:12.472574 messenger.go:346: RECEIVED EST from 9
INFO: 01:44:12.472751 messenger.go:346: RECEIVED EST from 2
INFO: 01:44:12.473858 messenger.go:270: SENT EST to 9
INFO: 01:44:12.475957 messenger.go:346: RECEIVED EST from 4
INFO: 01:44:12.481586 messenger.go:346: RECEIVED EST from 0
INFO: 01:44:12.481809 messenger.go:270: SENT EST to 4
INFO: 01:44:12.497230 messenger.go:270: SENT EST to 8
INFO: 01:44:12.497308 messenger.go:270: SENT EST to 6
INFO: 01:44:12.499682 messenger.go:346: RECEIVED EST from 3
INFO: 01:44:12.498461 messenger.go:270: SENT EST to 5
INFO: 01:44:12.498579 messenger.go:346: RECEIVED EST from 6
INFO: 01:44:12.498953 messenger.go:346: RECEIVED EST from 5
INFO: 01:44:12.499528 messenger.go:346: RECEIVED EST from 8
INFO: 01:44:12.497595 messenger.go:346: RECEIVED EST from 9
INFO: 01:44:12.513660 messenger.go:270: SENT EST to 2
INFO: 01:44:12.513709 messenger.go:270: SENT EST to 3
INFO: 01:44:12.514115 messenger.go:346: RECEIVED EST from 1
INFO: 01:44:12.514967 messenger.go:270: SENT EST to 1
INFO: 01:44:12.515114 messenger.go:346: RECEIVED EST from 2
INFO: 01:44:12.515703 messenger.go:346: RECEIVED EST from 0
INFO: 01:44:12.515907 messenger.go:346: RECEIVED EST from 5
INFO: 01:44:12.516082 messenger.go:346: RECEIVED EST from 5
INFO: 01:44:12.516881 messenger.go:270: SENT EST to 4
INFO: 01:44:12.520449 messenger.go:270: SENT EST to 4
INFO: 01:44:12.520610 messenger.go:346: RECEIVED EST from 4
INFO: 01:44:12.521720 messenger.go:270: SENT EST to 5
INFO: 01:44:12.521912 messenger.go:346: RECEIVED EST from 3
INFO: 01:44:12.526592 messenger.go:270: SENT EST to 6
INFO: 01:44:12.528927 messenger.go:346: RECEIVED EST from 5
INFO: 01:44:12.529096 messenger.go:346: RECEIVED EST from 3
INFO: 01:44:12.529288 messenger.go:346: RECEIVED EST from 9
INFO: 01:44:12.539337 messenger.go:346: RECEIVED EST from 4
INFO: 01:44:12.541780 messenger.go:346: RECEIVED EST from 2
INFO: 01:44:12.542044 messenger.go:346: RECEIVED EST from 6
INFO: 01:44:12.545316 messenger.go:270: SENT EST to 0
INFO: 01:44:12.554753 messenger.go:270: SENT EST to 8
INFO: 01:44:12.555423 messenger.go:270: SENT EST to 6
INFO: 01:44:12.557757 messenger.go:270: SENT EST to 3
INFO: 01:44:12.557892 messenger.go:346: RECEIVED EST from 4
INFO: 01:44:12.558063 messenger.go:346: RECEIVED EST from 1
INFO: 01:44:12.558205 messenger.go:346: RECEIVED EST from 0
INFO: 01:44:12.558337 messenger.go:346: RECEIVED EST from 2
INFO: 01:44:12.558491 messenger.go:346: RECEIVED EST from 6
INFO: 01:44:12.558619 messenger.go:346: RECEIVED EST from 3
INFO: 01:44:12.558753 messenger.go:346: RECEIVED EST from 8
INFO: 01:44:12.558911 messenger.go:346: RECEIVED EST from 5
INFO: 01:44:12.559926 messenger.go:270: SENT EST to 5
INFO: 01:44:12.560214 messenger.go:346: RECEIVED EST from 9
INFO: 01:44:12.560337 messenger.go:270: SENT EST to 9
INFO: 01:44:12.562130 messenger.go:270: SENT EST to 4
INFO: 01:44:12.592988 messenger.go:270: SENT EST to 2
INFO: 01:44:12.593144 messenger.go:270: SENT EST to 8
INFO: 01:44:12.593224 messenger.go:270: SENT EST to 1
INFO: 01:44:12.605095 messenger.go:270: SENT EST to 6
INFO: 01:44:12.605963 messenger.go:270: SENT EST to 0
INFO: 01:44:12.606739 messenger.go:346: RECEIVED EST from 3
INFO: 01:44:12.607637 messenger.go:346: RECEIVED EST from 2
INFO: 01:44:12.607659 messenger.go:346: RECEIVED EST from 5
INFO: 01:44:12.607747 messenger.go:346: RECEIVED EST from 8
INFO: 01:44:12.607881 messenger.go:270: SENT EST to 9
INFO: 01:44:12.608040 messenger.go:346: RECEIVED EST from 0
INFO: 01:44:12.609842 messenger.go:346: RECEIVED EST from 9
INFO: 01:44:12.607894 messenger.go:346: RECEIVED EST from 6
INFO: 01:44:12.628642 messenger.go:270: SENT EST to 5
INFO: 01:44:12.629031 messenger.go:270: SENT EST to 3
INFO: 01:44:12.629179 messenger.go:270: SENT EST to 6
INFO: 01:44:12.629188 messenger.go:270: SENT EST to 9
INFO: 01:44:12.629434 messenger.go:270: SENT EST to 0
INFO: 01:44:12.629754 messenger.go:270: SENT EST to 8
INFO: 01:44:12.629961 messenger.go:270: SENT EST to 4
INFO: 01:44:12.630355 messenger.go:346: RECEIVED EST from 5
INFO: 01:44:12.630493 messenger.go:346: RECEIVED EST from 9
INFO: 01:44:12.630634 messenger.go:346: RECEIVED EST from 6
INFO: 01:44:12.634986 messenger.go:270: SENT EST to 2
INFO: 01:44:12.635141 messenger.go:346: RECEIVED EST from 1
INFO: 01:44:12.635303 messenger.go:346: RECEIVED EST from 3
INFO: 01:44:12.635448 messenger.go:346: RECEIVED EST from 4
INFO: 01:44:12.635854 messenger.go:270: SENT EST to 8
INFO: 01:44:12.648663 messenger.go:270: SENT EST to 1
INFO: 01:44:12.648841 messenger.go:270: SENT EST to 9
INFO: 01:44:12.649015 messenger.go:346: RECEIVED EST from 0
INFO: 01:44:12.649181 messenger.go:346: RECEIVED EST from 2
INFO: 01:44:12.650727 messenger.go:270: SENT EST to 0
INFO: 01:44:12.651980 messenger.go:270: SENT EST to 0
INFO: 01:44:12.652124 messenger.go:346: RECEIVED EST from 4
INFO: 01:44:12.652912 messenger.go:270: SENT EST to 0
INFO: 01:44:12.655404 messenger.go:270: SENT EST to 4
INFO: 01:44:12.655619 messenger.go:346: RECEIVED EST from 8
INFO: 01:44:12.655906 messenger.go:270: SENT EST to 3
INFO: 01:44:12.662061 messenger.go:270: SENT EST to 8
INFO: 01:44:12.663695 messenger.go:346: RECEIVED EST from 6
INFO: 01:44:12.663713 messenger.go:270: SENT EST to 5
INFO: 01:44:12.664205 messenger.go:346: RECEIVED EST from 9
INFO: 01:44:12.666450 messenger.go:346: RECEIVED EST from 3
INFO: 01:44:12.666761 messenger.go:270: SENT EST to 9
INFO: 01:44:12.671539 messenger.go:346: RECEIVED EST from 5
INFO: 01:44:12.671742 messenger.go:346: RECEIVED EST from 1
INFO: 01:44:12.673290 messenger.go:270: SENT EST to 2
INFO: 01:44:12.673453 messenger.go:346: RECEIVED EST from 0
INFO: 01:44:12.673801 messenger.go:346: RECEIVED EST from 2
INFO: 01:44:12.677151 messenger.go:270: SENT EST to 6
INFO: 01:44:12.697046 messenger.go:270: SENT EST to 1
INFO: 01:44:12.703678 messenger.go:346: RECEIVED EST from 8
INFO: 01:44:12.705455 messenger.go:346: RECEIVED EST from 6
INFO: 01:44:12.705868 messenger.go:346: RECEIVED EST from 2
INFO: 01:44:12.706057 messenger.go:346: RECEIVED EST from 4
INFO: 01:44:12.707249 messenger.go:346: RECEIVED EST from 9
INFO: 01:44:12.710453 messenger.go:270: SENT EST to 0
INFO: 01:44:12.710884 messenger.go:346: RECEIVED EST from 0
INFO: 01:44:12.711120 messenger.go:270: SENT EST to 4
INFO: 01:44:12.711656 messenger.go:346: RECEIVED EST from 3
INFO: 01:44:12.711727 messenger.go:270: SENT EST to 3
INFO: 01:44:12.718351 messenger.go:270: SENT EST to 2
INFO: 01:44:12.718499 messenger.go:346: RECEIVED EST from 5
INFO: 01:44:12.719554 messenger.go:346: RECEIVED EST from 1
INFO: 01:44:12.719688 messenger.go:270: SENT EST to 9
INFO: 01:44:12.720131 messenger.go:270: SENT EST to 8
INFO: 01:44:12.720612 messenger.go:346: RECEIVED EST from 8
INFO: 01:44:12.723602 messenger.go:346: RECEIVED EST from 6
INFO: 01:44:12.725469 messenger.go:270: SENT EST to 5
INFO: 01:44:12.727461 messenger.go:346: RECEIVED EST from 0
INFO: 01:44:12.728856 messenger.go:270: SENT EST to 1
INFO: 01:44:12.732200 messenger.go:270: SENT EST to 6
INFO: 01:44:12.737022 messenger.go:346: RECEIVED EST from 0
INFO: 01:44:12.737915 messenger.go:270: SENT EST to 4
INFO: 01:44:12.738911 messenger.go:270: SENT EST to 3
INFO: 01:44:12.739257 messenger.go:346: RECEIVED EST from 3
INFO: 01:44:12.741307 messenger.go:346: RECEIVED EST from 4
INFO: 01:44:12.743143 messenger.go:270: SENT EST to 0
INFO: 01:44:12.744054 messenger.go:346: RECEIVED EST from 8
INFO: 01:44:12.749691 messenger.go:270: SENT EST to 8
INFO: 01:44:12.749828 messenger.go:270: SENT EST to 2
INFO: 01:44:12.750554 messenger.go:270: SENT EST to 9
INFO: 01:44:12.750709 messenger.go:346: RECEIVED EST from 6
INFO: 01:44:12.751172 messenger.go:346: RECEIVED EST from 9
INFO: 01:44:12.751473 messenger.go:346: RECEIVED EST from 2
INFO: 01:44:12.760441 messenger.go:270: SENT EST to 5
INFO: 01:44:12.760658 messenger.go:346: RECEIVED EST from 1
INFO: 01:44:12.760728 messenger.go:270: SENT EST to 6
INFO: 01:44:12.760863 messenger.go:346: RECEIVED EST from 5
INFO: 01:44:12.771958 messenger.go:346: RECEIVED EST from 3
INFO: 01:44:12.775391 messenger.go:270: SENT EST to 1
INFO: 01:44:12.779086 messenger.go:346: RECEIVED EST from 4
INFO: 01:44:12.782155 messenger.go:270: SENT EST to 4
INFO: 01:44:12.782167 messenger.go:270: SENT EST to 0
INFO: 01:44:12.782268 messenger.go:346: RECEIVED EST from 2
INFO: 01:44:12.782593 messenger.go:346: RECEIVED EST from 9
INFO: 01:44:12.782711 messenger.go:346: RECEIVED EST from 5
INFO: 01:44:12.782806 messenger.go:346: RECEIVED EST from 8
INFO: 01:44:12.786430 messenger.go:346: RECEIVED EST from 6
INFO: 01:44:12.787748 messenger.go:346: RECEIVED EST from 0
INFO: 01:44:12.790038 messenger.go:270: SENT EST to 3
INFO: 01:44:12.790906 messenger.go:346: RECEIVED EST from 1
INFO: 01:44:12.795054 messenger.go:270: SENT EST to 2
INFO: 01:44:12.795618 messenger.go:346: RECEIVED EST from 3
INFO: 01:44:12.814405 messenger.go:270: SENT EST to 8
INFO: 01:44:12.814623 messenger.go:270: SENT EST to 9
INFO: 01:44:12.814695 messenger.go:270: SENT EST to 1
INFO: 01:44:12.816577 messenger.go:346: RECEIVED EST from 9
INFO: 01:44:12.816012 messenger.go:346: RECEIVED EST from 1
INFO: 01:44:12.814710 messenger.go:270: SENT EST to 6
INFO: 01:44:12.815002 messenger.go:346: RECEIVED EST from 8
INFO: 01:44:12.816873 messenger.go:346: RECEIVED EST from 4
INFO: 01:44:12.821313 messenger.go:346: RECEIVED EST from 0
INFO: 01:44:12.825232 messenger.go:270: SENT EST to 5
INFO: 01:44:12.833491 messenger.go:346: RECEIVED EST from 6
INFO: 01:44:12.834943 messenger.go:270: SENT EST to 8
INFO: 01:44:12.835001 messenger.go:270: SENT EST to 1
INFO: 01:44:12.835987 messenger.go:270: SENT EST to 3
INFO: 01:44:12.836488 messenger.go:270: SENT EST to 4
INFO: 01:44:12.836522 messenger.go:270: SENT EST to 6
INFO: 01:44:12.836692 messenger.go:346: RECEIVED EST from 2
INFO: 01:44:12.841142 messenger.go:270: SENT EST to 9
INFO: 01:44:12.842949 messenger.go:270: SENT EST to 2
INFO: 01:44:12.843656 messenger.go:270: SENT EST to 0
INFO: 01:44:12.845385 messenger.go:346: RECEIVED EST from 5
INFO: 01:44:12.845559 messenger.go:346: RECEIVED EST from 1
INFO: 01:44:12.849548 messenger.go:270: SENT EST to 3
INFO: 01:44:12.849685 messenger.go:346: RECEIVED EST from 0
INFO: 01:44:12.849824 messenger.go:346: RECEIVED EST from 3
INFO: 01:44:12.849885 messenger.go:270: SENT EST to 4
INFO: 01:44:12.850810 messenger.go:270: SENT EST to 1
INFO: 01:44:12.851988 messenger.go:270: SENT EST to 1
INFO: 01:44:12.853362 messenger.go:346: RECEIVED EST from 8
INFO: 01:44:12.853551 messenger.go:346: RECEIVED EST from 4
INFO: 01:44:12.858973 messenger.go:346: RECEIVED EST from 9
INFO: 01:44:12.859375 messenger.go:270: SENT EST to 5
INFO: 01:44:12.863805 messenger.go:270: SENT EST to 8
INFO: 01:44:12.864141 messenger.go:270: SENT EST to 1
INFO: 01:44:12.866609 messenger.go:270: SENT EST to 6
INFO: 01:44:12.866920 messenger.go:346: RECEIVED EST from 6
INFO: 01:44:12.869727 messenger.go:270: SENT EST to 9
INFO: 01:44:12.872662 messenger.go:270: SENT EST to 2
INFO: 01:44:12.877494 messenger.go:346: RECEIVED EST from 6
INFO: 01:44:12.878438 messenger.go:270: SENT EST to 5
INFO: 01:44:12.888130 messenger.go:346: RECEIVED EST from 1
INFO: 01:44:12.888645 messenger.go:346: RECEIVED EST from 2
INFO: 01:44:12.889003 messenger.go:270: SENT EST to 3
INFO: 01:44:12.892471 messenger.go:346: RECEIVED EST from 0
INFO: 01:44:12.892994 messenger.go:270: SENT EST to 0
INFO: 01:44:12.899216 messenger.go:346: RECEIVED EST from 9
INFO: 01:44:12.899454 messenger.go:346: RECEIVED EST from 4
INFO: 01:44:12.902452 messenger.go:270: SENT EST to 6
INFO: 01:44:12.902786 messenger.go:270: SENT EST to 8
INFO: 01:44:12.903160 messenger.go:346: RECEIVED EST from 2
INFO: 01:44:12.903336 messenger.go:346: RECEIVED EST from 6
INFO: 01:44:12.903612 messenger.go:270: SENT EST to 4
INFO: 01:44:12.906250 messenger.go:346: RECEIVED EST from 8
INFO: 01:44:12.906444 messenger.go:346: RECEIVED EST from 5
INFO: 01:44:12.907913 messenger.go:346: RECEIVED EST from 3
INFO: 01:44:12.908222 messenger.go:270: SENT EST to 2
INFO: 01:44:12.912251 messenger.go:270: SENT EST to 5
INFO: 01:44:12.913950 messenger.go:270: SENT EST to 9
INFO: 01:44:12.927560 messenger.go:270: SENT EST to 1
INFO: 01:44:12.927730 messenger.go:346: RECEIVED EST from 9
INFO: 01:44:12.928940 messenger.go:346: RECEIVED EST from 1
INFO: 01:44:12.933674 messenger.go:346: RECEIVED EST from 2
INFO: 01:44:12.935556 messenger.go:346: RECEIVED EST from 5
INFO: 01:44:12.935750 messenger.go:346: RECEIVED EST from 8
INFO: 01:44:12.935973 messenger.go:346: RECEIVED EST from 3
INFO: 01:44:12.936082 messenger.go:346: RECEIVED EST from 6
INFO: 01:44:12.937388 messenger.go:270: SENT EST to 4
INFO: 01:44:12.937400 messenger.go:270: SENT EST to 2
INFO: 01:44:12.943824 messenger.go:270: SENT EST to 3
INFO: 01:44:12.944102 messenger.go:270: SENT EST to 0
INFO: 01:44:12.945376 messenger.go:346: RECEIVED EST from 0
INFO: 01:44:12.945567 messenger.go:346: RECEIVED EST from 4
INFO: 01:44:12.952185 messenger.go:270: SENT EST to 5
INFO: 01:44:12.952311 messenger.go:270: SENT EST to 6
INFO: 01:44:12.952446 messenger.go:270: SENT EST to 9
INFO: 01:44:12.952627 messenger.go:346: RECEIVED EST from 9
INFO: 01:44:12.965156 messenger.go:346: RECEIVED EST from 1
INFO: 01:44:12.966456 messenger.go:346: RECEIVED EST from 3
INFO: 01:44:12.967914 messenger.go:270: SENT EST to 2
INFO: 01:44:12.968847 messenger.go:346: RECEIVED EST from 8
INFO: 01:44:12.968848 messenger.go:346: RECEIVED EST from 6
INFO: 01:44:12.988589 messenger.go:270: SENT EST to 3
INFO: 01:44:12.989770 messenger.go:270: SENT EST to 0
INFO: 01:44:12.989815 messenger.go:270: SENT EST to 8
INFO: 01:44:12.992004 messenger.go:270: SENT EST to 4
INFO: 01:44:12.997658 messenger.go:346: RECEIVED EST from 4
INFO: 01:44:12.997664 messenger.go:346: RECEIVED EST from 9
INFO: 01:44:12.997756 messenger.go:270: SENT EST to 1
INFO: 01:44:12.997984 messenger.go:270: SENT EST to 5
INFO: 01:44:12.998431 messenger.go:270: SENT EST to 6
INFO: 01:44:12.998647 messenger.go:270: SENT EST to 0
INFO: 01:44:12.998819 messenger.go:346: RECEIVED EST from 5
INFO: 01:44:12.999065 messenger.go:346: RECEIVED EST from 0
INFO: 01:44:12.999108 messenger.go:270: SENT EST to 1
INFO: 01:44:12.999230 messenger.go:346: RECEIVED EST from 1
INFO: 01:44:12.999708 messenger.go:346: RECEIVED EST from 0
INFO: 01:44:13.017415 messenger.go:270: SENT EST to 4
INFO: 01:44:13.017637 messenger.go:346: RECEIVED EST from 6
INFO: 01:44:13.017958 messenger.go:346: RECEIVED EST from 4
INFO: 01:44:13.017964 messenger.go:270: SENT EST to 6
INFO: 01:44:13.018076 messenger.go:270: SENT EST to 3
INFO: 01:44:13.018201 messenger.go:346: RECEIVED EST from 8
INFO: 01:44:13.018307 messenger.go:346: RECEIVED EST from 3
INFO: 01:44:13.022704 messenger.go:270: SENT EST to 2
INFO: 01:44:13.023594 messenger.go:346: RECEIVED EST from 0
INFO: 01:44:13.023740 messenger.go:270: SENT EST to 8
INFO: 01:44:13.024071 messenger.go:346: RECEIVED EST from 2
INFO: 01:44:13.032379 messenger.go:346: RECEIVED EST from 5
INFO: 01:44:13.032558 messenger.go:270: SENT EST to 5
INFO: 01:44:13.033057 messenger.go:346: RECEIVED EST from 6
INFO: 01:44:13.033475 messenger.go:346: RECEIVED EST from 9
INFO: 01:44:13.033832 messenger.go:346: RECEIVED EST from 4
INFO: 01:44:13.034368 messenger.go:346: RECEIVED EST from 1
INFO: 01:44:13.038907 messenger.go:346: RECEIVED EST from 3
INFO: 01:44:13.039263 messenger.go:270: SENT EST to 4
INFO: 01:44:13.039409 messenger.go:346: RECEIVED EST from 8
INFO: 01:44:13.039567 messenger.go:270: SENT EST to 3
INFO: 01:44:13.039627 messenger.go:270: SENT EST to 8
INFO: 01:44:13.039733 messenger.go:270: SENT EST to 6
INFO: 01:44:13.039882 messenger.go:346: RECEIVED EST from 6
INFO: 01:44:13.040022 messenger.go:346: RECEIVED EST from 4
INFO: 01:44:13.040112 messenger.go:346: RECEIVED EST from 0
INFO: 01:44:13.040769 messenger.go:346: RECEIVED EST from 0
INFO: 01:44:13.041515 messenger.go:270: SENT EST to 8
INFO: 01:44:13.041657 messenger.go:346: RECEIVED EST from 8
INFO: 01:44:13.046791 messenger.go:346: RECEIVED EST from 3
INFO: 01:44:13.046898 messenger.go:270: SENT EST to 2
INFO: 01:44:13.046975 messenger.go:346: RECEIVED EST from 2
INFO: 01:44:13.047045 messenger.go:270: SENT EST to 9
INFO: 01:44:13.047409 messenger.go:346: RECEIVED EST from 1
INFO: 01:44:13.049864 messenger.go:270: SENT EST to 1
INFO: 01:44:13.050337 messenger.go:346: RECEIVED EST from 5
INFO: 01:44:13.050893 messenger.go:270: SENT EST to 5
INFO: 01:44:13.059451 messenger.go:270: SENT EST to 0
INFO: 01:44:13.059862 messenger.go:346: RECEIVED EST from 4
INFO: 01:44:13.060038 messenger.go:270: SENT EST to 3
INFO: 01:44:13.060391 messenger.go:270: SENT EST to 4
INFO: 01:44:13.060932 messenger.go:346: RECEIVED EST from 8
INFO: 01:44:13.060999 messenger.go:346: RECEIVED EST from 2
INFO: 01:44:13.061781 messenger.go:270: SENT EST to 5
INFO: 01:44:13.063847 messenger.go:270: SENT EST to 6
INFO: 01:44:13.063980 messenger.go:270: SENT EST to 2
INFO: 01:44:13.070506 messenger.go:270: SENT EST to 8
INFO: 01:44:13.071276 messenger.go:346: RECEIVED EST from 9
INFO: 01:44:13.071735 messenger.go:346: RECEIVED EST from 1
INFO: 01:44:13.077187 messenger.go:346: RECEIVED EST from 0
INFO: 01:44:13.077324 messenger.go:346: RECEIVED EST from 3
INFO: 01:44:13.077630 messenger.go:346: RECEIVED EST from 6
INFO: 01:44:13.083634 messenger.go:270: SENT EST to 9
INFO: 01:44:13.084096 messenger.go:346: RECEIVED EST from 5
INFO: 01:44:13.091474 messenger.go:346: RECEIVED EST from 8
INFO: 01:44:13.091902 messenger.go:346: RECEIVED EST from 2
INFO: 01:44:13.092780 messenger.go:346: RECEIVED EST from 4
INFO: 01:44:13.093888 messenger.go:270: SENT EST to 5
INFO: 01:44:13.094072 messenger.go:270: SENT EST to 1
INFO: 01:44:13.096703 messenger.go:270: SENT EST to 3
INFO: 01:44:13.097540 messenger.go:270: SENT EST to 0
INFO: 01:44:13.098168 messenger.go:346: RECEIVED EST from 1
INFO: 01:44:13.099170 messenger.go:270: SENT EST to 6
INFO: 01:44:13.101669 messenger.go:270: SENT EST to 4
INFO: 01:44:13.102061 messenger.go:346: RECEIVED EST from 5
INFO: 01:44:13.102106 messenger.go:346: RECEIVED EST from 6
INFO: 01:44:13.106175 messenger.go:270: SENT EST to 8
INFO: 01:44:13.111639 messenger.go:346: RECEIVED EST from 0
INFO: 01:44:13.112746 messenger.go:270: SENT EST to 9
INFO: 01:44:13.118789 messenger.go:346: RECEIVED EST from 3
INFO: 01:44:13.119541 messenger.go:270: SENT EST to 1
INFO: 01:44:13.119561 messenger.go:346: RECEIVED EST from 9
INFO: 01:44:13.121865 messenger.go:270: SENT EST to 2
INFO: 01:44:13.125026 messenger.go:346: RECEIVED EST from 2
INFO: 01:44:13.140226 messenger.go:270: SENT EST to 0
INFO: 01:44:13.140887 messenger.go:346: RECEIVED EST from 5
INFO: 01:44:13.141361 messenger.go:346: RECEIVED EST from 4
INFO: 01:44:13.141677 messenger.go:346: RECEIVED EST from 8
INFO: 01:44:13.165550 messenger.go:346: RECEIVED EST from 1
INFO: 01:44:13.165930 messenger.go:270: SENT EST to 5
INFO: 01:44:13.166629 messenger.go:270: SENT EST to 3
INFO: 01:44:13.166783 messenger.go:270: SENT EST to 4
INFO: 01:44:13.166901 messenger.go:270: SENT EST to 9
INFO: 01:44:13.168230 messenger.go:346: RECEIVED EST from 6
INFO: 01:44:13.168915 messenger.go:346: RECEIVED EST from 0
INFO: 01:44:13.181279 messenger.go:270: SENT EST to 2
INFO: 01:44:13.185845 messenger.go:270: SENT EST to 8
INFO: 01:44:13.186000 messenger.go:346: RECEIVED EST from 2
INFO: 01:44:13.188359 messenger.go:346: RECEIVED EST from 3
INFO: 01:44:13.189212 messenger.go:346: RECEIVED EST from 5
INFO: 01:44:13.189871 messenger.go:346: RECEIVED EST from 9
INFO: 01:44:13.190046 messenger.go:270: SENT EST to 9
INFO: 01:44:13.196752 messenger.go:346: RECEIVED EST from 4
INFO: 01:44:13.197035 messenger.go:270: SENT EST to 1
INFO: 01:44:13.197304 messenger.go:270: SENT EST to 5
INFO: 01:44:13.197695 messenger.go:270: SENT EST to 4
INFO: 01:44:13.197827 messenger.go:346: RECEIVED EST from 8
INFO: 01:44:13.200964 messenger.go:270: SENT EST to 6
INFO: 01:44:13.202225 messenger.go:270: SENT EST to 3
INFO: 01:44:13.204207 messenger.go:270: SENT EST to 0
INFO: 01:44:13.207098 messenger.go:270: SENT EST to 8
INFO: 01:44:13.209021 messenger.go:270: SENT EST to 2
INFO: 01:44:13.218320 messenger.go:270: SENT EST to 6
INFO: 01:44:13.219331 messenger.go:346: RECEIVED EST from 1
INFO: 01:44:13.219509 messenger.go:346: RECEIVED EST from 6
INFO: 01:44:13.221621 messenger.go:346: RECEIVED EST from 4
INFO: 01:44:13.223285 messenger.go:346: RECEIVED EST from 5
INFO: 01:44:13.224534 messenger.go:346: RECEIVED EST from 3
INFO: 01:44:13.226870 messenger.go:346: RECEIVED EST from 8
INFO: 01:44:13.229070 messenger.go:270: SENT EST to 9
INFO: 01:44:13.233111 messenger.go:270: SENT EST to 1
INFO: 01:44:13.236597 messenger.go:270: SENT EST to 5
INFO: 01:44:13.247548 messenger.go:270: SENT EST to 3
INFO: 01:44:13.247561 messenger.go:270: SENT EST to 2
INFO: 01:44:13.247762 messenger.go:346: RECEIVED EST from 2
INFO: 01:44:13.247866 messenger.go:270: SENT EST to 6
INFO: 01:44:13.248000 messenger.go:346: RECEIVED EST from 1
INFO: 01:44:13.248508 messenger.go:346: RECEIVED EST from 3
INFO: 01:44:13.249387 messenger.go:270: SENT EST to 4
INFO: 01:44:13.249604 messenger.go:346: RECEIVED EST from 5
INFO: 01:44:13.249747 messenger.go:346: RECEIVED EST from 2
INFO: 01:44:13.250738 messenger.go:346: RECEIVED EST from 0
INFO: 01:44:13.251106 messenger.go:270: SENT EST to 8
INFO: 01:44:13.255098 messenger.go:346: RECEIVED EST from 9
INFO: 01:44:13.256503 messenger.go:270: SENT EST to 0
INFO: 01:44:13.259268 messenger.go:270: SENT EST to 8
INFO: 01:44:13.259904 messenger.go:270: SENT EST to 9
INFO: 01:44:13.260087 messenger.go:270: SENT EST to 1
INFO: 01:44:13.260726 messenger.go:346: RECEIVED EST from 0
INFO: 01:44:13.262600 messenger.go:346: RECEIVED EST from 1
INFO: 01:44:13.264455 messenger.go:346: RECEIVED EST from 8
INFO: 01:44:13.276848 messenger.go:346: RECEIVED EST from 2
INFO: 01:44:13.276849 messenger.go:346: RECEIVED EST from 6
INFO: 01:44:13.277199 messenger.go:346: RECEIVED EST from 3
INFO: 01:44:13.277919 messenger.go:346: RECEIVED EST from 4
INFO: 01:44:13.278460 messenger.go:270: SENT EST to 2
INFO: 01:44:13.278592 messenger.go:270: SENT EST to 4
INFO: 01:44:13.279583 messenger.go:270: SENT EST to 3
INFO: 01:44:13.280432 messenger.go:270: SENT EST to 6
INFO: 01:44:13.280559 messenger.go:346: RECEIVED EST from 5
INFO: 01:44:13.280895 messenger.go:270: SENT EST to 5
INFO: 01:44:13.281620 messenger.go:270: SENT EST to 0
INFO: 01:44:13.284259 messenger.go:270: SENT EST to 6
INFO: 01:44:13.284666 messenger.go:346: RECEIVED EST from 1
INFO: 01:44:13.285715 messenger.go:270: SENT EST to 4
INFO: 01:44:13.285784 messenger.go:270: SENT EST to 2
INFO: 01:44:13.285888 messenger.go:270: SENT EST to 3
INFO: 01:44:13.285900 messenger.go:270: SENT EST to 1
INFO: 01:44:13.286295 messenger.go:270: SENT EST to 5
INFO: 01:44:13.289170 messenger.go:270: SENT EST to 9
INFO: 01:44:13.289645 messenger.go:346: RECEIVED EST from 9
INFO: 01:44:13.297517 messenger.go:270: SENT EST to 0
INFO: 01:44:13.298425 messenger.go:270: SENT EST to 8
INFO: 01:44:13.298693 messenger.go:270: SENT EST to 9
INFO: 01:44:13.300319 messenger.go:346: RECEIVED EST from 8
INFO: 01:44:13.310333 messenger.go:270: SENT EST to 6
INFO: 01:44:13.312633 messenger.go:346: RECEIVED EST from 3
INFO: 01:44:13.313464 messenger.go:346: RECEIVED EST from 5
INFO: 01:44:13.313539 messenger.go:346: RECEIVED EST from 6
INFO: 01:44:13.313787 messenger.go:346: RECEIVED EST from 1
INFO: 01:44:13.316005 messenger.go:270: SENT EST to 1
INFO: 01:44:13.316186 messenger.go:270: SENT EST to 3
INFO: 01:44:13.316201 messenger.go:270: SENT EST to 5
INFO: 01:44:13.316351 messenger.go:270: SENT EST to 4
INFO: 01:44:13.316437 messenger.go:346: RECEIVED EST from 4
INFO: 01:44:13.316655 messenger.go:346: RECEIVED EST from 2
INFO: 01:44:13.316770 messenger.go:270: SENT EST to 2
INFO: 01:44:13.320138 messenger.go:346: RECEIVED EST from 3
INFO: 01:44:13.322912 messenger.go:346: RECEIVED EST from 0
INFO: 01:44:13.322968 messenger.go:270: SENT EST to 8
INFO: 01:44:13.323027 messenger.go:270: SENT EST to 0
INFO: 01:44:13.323671 messenger.go:270: SENT EST to 9
INFO: 01:44:13.324140 messenger.go:346: RECEIVED EST from 9
INFO: 01:44:13.326276 messenger.go:270: SENT EST to 5
INFO: 01:44:13.326909 messenger.go:270: SENT EST to 8
INFO: 01:44:13.329311 messenger.go:270: SENT EST to 9
INFO: 01:44:13.333594 messenger.go:270: SENT EST to 0
INFO: 01:44:13.330022 messenger.go:270: SENT EST to 1
INFO: 01:44:13.339577 messenger.go:346: RECEIVED EST from 8
INFO: 01:44:13.342700 messenger.go:346: RECEIVED EST from 9
INFO: 01:44:13.344436 messenger.go:270: SENT EST to 6
INFO: 01:44:13.344933 messenger.go:270: SENT EST to 2
INFO: 01:44:13.345918 messenger.go:270: SENT EST to 4
INFO: 01:44:13.346065 messenger.go:270: SENT EST to 9
INFO: 01:44:13.346165 messenger.go:270: SENT EST to 3
INFO: 01:44:13.348688 messenger.go:270: SENT EST to 2
INFO: 01:44:13.349011 messenger.go:270: SENT EST to 6
INFO: 01:44:13.349540 messenger.go:346: RECEIVED EST from 2
INFO: 01:44:13.350201 messenger.go:270: SENT EST to 3
INFO: 01:44:13.352215 messenger.go:270: SENT EST to 4
INFO: 01:44:13.352309 messenger.go:346: RECEIVED EST from 4
INFO: 01:44:13.355159 messenger.go:270: SENT EST to 9
INFO: 01:44:13.357957 messenger.go:346: RECEIVED EST from 3
INFO: 01:44:13.361537 messenger.go:346: RECEIVED EST from 5
INFO: 01:44:13.362602 messenger.go:346: RECEIVED EST from 1
INFO: 01:44:13.363133 messenger.go:346: RECEIVED EST from 6
INFO: 01:44:13.363225 messenger.go:270: SENT EST to 5
INFO: 01:44:13.365578 messenger.go:270: SENT EST to 1
INFO: 01:44:13.376264 messenger.go:270: SENT EST to 8
INFO: 01:44:13.377489 messenger.go:346: RECEIVED EST from 5
INFO: 01:44:13.385376 messenger.go:270: SENT EST to 0
INFO: 01:44:13.386064 messenger.go:346: RECEIVED EST from 1
INFO: 01:44:13.388049 messenger.go:346: RECEIVED EST from 0
INFO: 01:44:13.393542 messenger.go:270: SENT EST to 8
INFO: 01:44:13.396179 messenger.go:270: SENT EST to 1
INFO: 01:44:13.396238 messenger.go:270: SENT EST to 5
INFO: 01:44:13.396511 messenger.go:270: SENT EST to 0
INFO: 01:44:13.398913 messenger.go:270: SENT EST to 4
INFO: 01:44:13.432524 messenger.go:270: SENT EST to 2
INFO: 01:44:13.432582 messenger.go:270: SENT EST to 0
INFO: 01:44:13.432642 messenger.go:270: SENT EST to 3
INFO: 01:44:13.434271 messenger.go:346: RECEIVED EST from 9
INFO: 01:44:13.434475 messenger.go:270: SENT EST to 1
INFO: 01:44:13.434774 messenger.go:346: RECEIVED EST from 3
INFO: 01:44:13.469607 messenger.go:346: RECEIVED EST from 5
INFO: 01:44:13.476933 messenger.go:346: RECEIVED EST from 8
INFO: 01:44:13.477423 messenger.go:346: RECEIVED EST from 6
INFO: 01:44:13.478412 messenger.go:270: SENT EST to 6
INFO: 01:44:13.479404 messenger.go:346: RECEIVED EST from 4
INFO: 01:44:13.481380 messenger.go:346: RECEIVED EST from 0
INFO: 01:44:13.481874 messenger.go:346: RECEIVED EST from 1
INFO: 01:44:13.482214 messenger.go:346: RECEIVED EST from 2
INFO: 01:44:13.489346 messenger.go:270: SENT EST to 0
INFO: 01:44:13.490306 messenger.go:270: SENT EST to 3
INFO: 01:44:13.490393 messenger.go:270: SENT EST to 5
INFO: 01:44:13.490681 messenger.go:270: SENT EST to 9
INFO: 01:44:13.493567 messenger.go:270: SENT EST to 1
INFO: 01:44:13.528040 messenger.go:270: SENT EST to 2
INFO: 01:44:13.528301 messenger.go:270: SENT EST to 4
INFO: 01:44:13.529269 messenger.go:346: RECEIVED EST from 3
INFO: 01:44:13.529420 messenger.go:346: RECEIVED EST from 9
INFO: 01:44:13.530313 messenger.go:346: RECEIVED EST from 5
INFO: 01:44:13.530938 messenger.go:346: RECEIVED EST from 8
INFO: 01:44:13.531051 messenger.go:270: SENT EST to 6
INFO: 01:44:13.531368 messenger.go:270: SENT EST to 8
INFO: 01:44:13.531713 messenger.go:346: RECEIVED EST from 1
INFO: 01:44:13.532689 messenger.go:346: RECEIVED EST from 0
INFO: 01:44:13.552185 messenger.go:270: SENT EST to 9
INFO: 01:44:13.560803 messenger.go:270: SENT EST to 1
INFO: 01:44:13.562574 messenger.go:270: SENT EST to 0
INFO: 01:44:13.562703 messenger.go:270: SENT EST to 3
INFO: 01:44:13.563234 messenger.go:270: SENT EST to 4
INFO: 01:44:13.564010 messenger.go:346: RECEIVED EST from 9
INFO: 01:44:13.564860 messenger.go:346: RECEIVED EST from 3
INFO: 01:44:13.564994 messenger.go:270: SENT EST to 5
INFO: 01:44:13.565252 messenger.go:346: RECEIVED EST from 4
INFO: 01:44:13.566174 messenger.go:346: RECEIVED EST from 5
INFO: 01:44:13.566806 messenger.go:346: RECEIVED EST from 8
INFO: 01:44:13.567329 messenger.go:270: SENT EST to 8
INFO: 01:44:13.567870 messenger.go:346: RECEIVED EST from 1
INFO: 01:44:13.567936 messenger.go:346: RECEIVED EST from 0
INFO: 01:44:13.568255 messenger.go:346: RECEIVED EST from 2
INFO: 01:44:13.568585 messenger.go:346: RECEIVED EST from 6
INFO: 01:44:13.573632 messenger.go:270: SENT EST to 6
