INFO: 21:43:42.681055 main.go:29: ID:7 | N:10 | F:3 | Clients:1 | Scenario:NORMAL | Remote:false

INFO: 21:43:42.684265 messenger.go:90: Receive from Server 0 on tcp://*:4700
INFO: 21:43:42.684493 messenger.go:107: Send to Server 0 on tcp://localhost:4007
INFO: 21:43:42.684591 messenger.go:90: Receive from Server 1 on tcp://*:4701
INFO: 21:43:42.684638 messenger.go:107: Send to Server 1 on tcp://localhost:4107
INFO: 21:43:42.685419 messenger.go:90: Receive from Server 2 on tcp://*:4702
INFO: 21:43:42.685570 messenger.go:107: Send to Server 2 on tcp://localhost:4207
INFO: 21:43:42.685757 messenger.go:90: Receive from Server 3 on tcp://*:4703
INFO: 21:43:42.685902 messenger.go:107: Send to Server 3 on tcp://localhost:4307
INFO: 21:43:42.686014 messenger.go:90: Receive from Server 4 on tcp://*:4704
INFO: 21:43:42.686140 messenger.go:107: Send to Server 4 on tcp://localhost:4407
INFO: 21:43:42.686264 messenger.go:90: Receive from Server 5 on tcp://*:4705
INFO: 21:43:42.686384 messenger.go:107: Send to Server 5 on tcp://localhost:4507
INFO: 21:43:42.686568 messenger.go:90: Receive from Server 6 on tcp://*:4706
INFO: 21:43:42.686628 messenger.go:107: Send to Server 6 on tcp://localhost:4607
INFO: 21:43:42.686791 messenger.go:90: Receive from Server 8 on tcp://*:4708
INFO: 21:43:42.686892 messenger.go:107: Send to Server 8 on tcp://localhost:4807
INFO: 21:43:42.686953 messenger.go:90: Receive from Server 9 on tcp://*:4709
INFO: 21:43:42.686985 messenger.go:107: Send to Server 9 on tcp://localhost:4907
INFO: 21:43:42.686992 messenger.go:113: -----------------------------------------
INFO: 21:43:42.687020 messenger.go:135: Requests from Client 0 on tcp://*:7700
INFO: 21:43:42.687053 messenger.go:152: Response to Client 0 on tcp://*:10700
INFO: 21:43:42.687059 messenger.go:155: -----------------------------------------

INFO: 21:43:42.710580 main.go:83: Initial estimate value:  1
INFO: 21:43:42.828825 messenger.go:270: SENT EST to 2
INFO: 21:43:42.897959 messenger.go:270: SENT EST to 3
INFO: 21:43:42.908786 messenger.go:346: RECEIVED EST from 4
INFO: 21:43:42.946581 messenger.go:346: RECEIVED EST from 3
INFO: 21:43:42.952337 messenger.go:270: SENT EST to 9
INFO: 21:43:42.951926 messenger.go:270: SENT EST to 1
INFO: 21:43:42.958868 messenger.go:346: RECEIVED EST from 0
INFO: 21:43:42.959059 messenger.go:270: SENT EST to 5
INFO: 21:43:42.947130 messenger.go:346: RECEIVED EST from 2
INFO: 21:43:42.959378 messenger.go:346: RECEIVED EST from 9
INFO: 21:43:42.924367 messenger.go:270: SENT EST to 0
INFO: 21:43:42.924356 messenger.go:346: RECEIVED EST from 5
INFO: 21:43:42.959750 messenger.go:346: RECEIVED EST from 8
INFO: 21:43:42.971280 messenger.go:270: SENT EST to 8
INFO: 21:43:42.986175 messenger.go:270: SENT EST to 4
INFO: 21:43:42.990173 messenger.go:346: RECEIVED EST from 6
INFO: 21:43:42.990604 messenger.go:270: SENT EST to 6
INFO: 21:43:42.993990 messenger.go:346: RECEIVED EST from 1
