INFO: 00:38:55.870560 main.go:29: ID:7 | N:10 | F:3 | Clients:1 | Scenario:NORMAL | Remote:false

INFO: 00:38:55.871571 messenger.go:90: Receive from Server 0 on tcp://*:4700
INFO: 00:38:55.872211 messenger.go:107: Send to Server 0 on tcp://localhost:4007
INFO: 00:38:55.872751 messenger.go:90: Receive from Server 1 on tcp://*:4701
INFO: 00:38:55.872883 messenger.go:107: Send to Server 1 on tcp://localhost:4107
INFO: 00:38:55.872934 messenger.go:90: Receive from Server 2 on tcp://*:4702
INFO: 00:38:55.873098 messenger.go:107: Send to Server 2 on tcp://localhost:4207
INFO: 00:38:55.893823 messenger.go:90: Receive from Server 3 on tcp://*:4703
INFO: 00:38:55.898219 messenger.go:107: Send to Server 3 on tcp://localhost:4307
INFO: 00:38:55.898632 messenger.go:90: Receive from Server 4 on tcp://*:4704
INFO: 00:38:55.898681 messenger.go:107: Send to Server 4 on tcp://localhost:4407
INFO: 00:38:55.898710 messenger.go:90: Receive from Server 5 on tcp://*:4705
INFO: 00:38:55.898737 messenger.go:107: Send to Server 5 on tcp://localhost:4507
INFO: 00:38:55.898763 messenger.go:90: Receive from Server 6 on tcp://*:4706
INFO: 00:38:55.898784 messenger.go:107: Send to Server 6 on tcp://localhost:4607
INFO: 00:38:55.898807 messenger.go:90: Receive from Server 8 on tcp://*:4708
INFO: 00:38:55.898831 messenger.go:107: Send to Server 8 on tcp://localhost:4807
INFO: 00:38:55.898858 messenger.go:90: Receive from Server 9 on tcp://*:4709
INFO: 00:38:55.898879 messenger.go:107: Send to Server 9 on tcp://localhost:4907
INFO: 00:38:55.898885 messenger.go:113: -----------------------------------------
INFO: 00:38:55.898913 messenger.go:135: Requests from Client 0 on tcp://*:7700
INFO: 00:38:55.898939 messenger.go:152: Response to Client 0 on tcp://*:10700
INFO: 00:38:55.898945 messenger.go:155: -----------------------------------------

INFO: 00:38:56.163811 main.go:83: Initial estimate value:  1
INFO: 00:38:56.445177 messenger.go:346: RECEIVED EST from 4
INFO: 00:38:56.754220 messenger.go:346: RECEIVED EST from 2
INFO: 00:38:56.773971 messenger.go:346: RECEIVED EST from 3
INFO: 00:38:56.790431 messenger.go:346: RECEIVED EST from 1
INFO: 00:38:56.791585 messenger.go:346: RECEIVED EST from 6
INFO: 00:38:56.793176 messenger.go:346: RECEIVED EST from 8
INFO: 00:38:56.813679 messenger.go:346: RECEIVED EST from 9
INFO: 00:38:56.814161 messenger.go:270: SENT EST to 0
INFO: 00:38:56.814174 messenger.go:270: SENT EST to 2
INFO: 00:38:56.814311 messenger.go:346: RECEIVED EST from 5
INFO: 00:38:56.815182 messenger.go:346: RECEIVED EST from 0
INFO: 00:38:56.815284 messenger.go:270: SENT EST to 1
INFO: 00:38:56.815298 messenger.go:270: SENT EST to 9
INFO: 00:38:56.817429 messenger.go:270: SENT EST to 8
INFO: 00:38:56.818007 messenger.go:270: SENT EST to 5
INFO: 00:38:56.822893 messenger.go:270: SENT EST to 4
INFO: 00:38:56.822922 messenger.go:270: SENT EST to 3
INFO: 00:38:56.827918 messenger.go:270: SENT EST to 6
