INFO: 21:37:05.897677 main.go:29: ID:7 | N:10 | F:3 | Clients:1 | Scenario:NORMAL | Remote:false

INFO: 21:37:05.898109 messenger.go:90: Receive from Server 0 on tcp://*:4700
INFO: 21:37:05.898328 messenger.go:107: Send to Server 0 on tcp://localhost:4007
INFO: 21:37:05.898400 messenger.go:90: Receive from Server 1 on tcp://*:4701
INFO: 21:37:05.898446 messenger.go:107: Send to Server 1 on tcp://localhost:4107
INFO: 21:37:05.898509 messenger.go:90: Receive from Server 2 on tcp://*:4702
INFO: 21:37:05.898536 messenger.go:107: Send to Server 2 on tcp://localhost:4207
INFO: 21:37:05.898602 messenger.go:90: Receive from Server 3 on tcp://*:4703
INFO: 21:37:05.898675 messenger.go:107: Send to Server 3 on tcp://localhost:4307
INFO: 21:37:05.898727 messenger.go:90: Receive from Server 4 on tcp://*:4704
INFO: 21:37:05.898795 messenger.go:107: Send to Server 4 on tcp://localhost:4407
INFO: 21:37:05.898824 messenger.go:90: Receive from Server 5 on tcp://*:4705
INFO: 21:37:05.898886 messenger.go:107: Send to Server 5 on tcp://localhost:4507
INFO: 21:37:05.898934 messenger.go:90: Receive from Server 6 on tcp://*:4706
INFO: 21:37:05.898996 messenger.go:107: Send to Server 6 on tcp://localhost:4607
INFO: 21:37:05.899042 messenger.go:90: Receive from Server 8 on tcp://*:4708
INFO: 21:37:05.899120 messenger.go:107: Send to Server 8 on tcp://localhost:4807
INFO: 21:37:05.899169 messenger.go:90: Receive from Server 9 on tcp://*:4709
INFO: 21:37:05.899194 messenger.go:107: Send to Server 9 on tcp://localhost:4907
INFO: 21:37:05.899237 messenger.go:113: -----------------------------------------
INFO: 21:37:05.899660 messenger.go:135: Requests from Client 0 on tcp://*:7700
INFO: 21:37:05.899706 messenger.go:152: Response to Client 0 on tcp://*:10700
INFO: 21:37:05.899750 messenger.go:155: -----------------------------------------

INFO: 21:37:05.924145 main.go:83: Initial estimate value:  1
INFO: 21:37:05.951309 messenger.go:270: SENT EST to 0
INFO: 21:37:05.957534 messenger.go:270: SENT EST to 5
INFO: 21:37:05.965225 messenger.go:346: RECEIVED EST from 6
INFO: 21:37:05.965356 messenger.go:270: SENT EST to 8
INFO: 21:37:05.966048 messenger.go:346: RECEIVED EST from 5
INFO: 21:37:05.968341 messenger.go:346: RECEIVED EST from 4
INFO: 21:37:05.969293 messenger.go:346: RECEIVED EST from 9
INFO: 21:37:05.974909 messenger.go:346: RECEIVED EST from 2
INFO: 21:37:05.979104 messenger.go:346: RECEIVED EST from 8
INFO: 21:37:05.980851 messenger.go:346: RECEIVED EST from 3
INFO: 21:37:05.985463 messenger.go:346: RECEIVED EST from 1
INFO: 21:37:06.006057 messenger.go:346: RECEIVED EST from 0
INFO: 21:37:06.029222 messenger.go:270: SENT EST to 1
INFO: 21:37:06.035080 messenger.go:270: SENT EST to 9
INFO: 21:37:06.049952 messenger.go:270: SENT EST to 4
INFO: 21:37:06.086999 messenger.go:270: SENT EST to 3
INFO: 21:37:06.096310 messenger.go:270: SENT EST to 2
INFO: 21:37:06.116387 messenger.go:270: SENT EST to 6
