INFO: 00:43:45.062434 main.go:29: ID:8 | N:10 | F:3 | Clients:1 | Scenario:NORMAL | Remote:false

INFO: 00:43:45.064121 messenger.go:90: Receive from Server 0 on tcp://*:4800
INFO: 00:43:45.064839 messenger.go:107: Send to Server 0 on tcp://localhost:4008
INFO: 00:43:45.065566 messenger.go:90: Receive from Server 1 on tcp://*:4801
INFO: 00:43:45.065678 messenger.go:107: Send to Server 1 on tcp://localhost:4108
INFO: 00:43:45.065807 messenger.go:90: Receive from Server 2 on tcp://*:4802
INFO: 00:43:45.065929 messenger.go:107: Send to Server 2 on tcp://localhost:4208
INFO: 00:43:45.066252 messenger.go:90: Receive from Server 3 on tcp://*:4803
INFO: 00:43:45.066368 messenger.go:107: Send to Server 3 on tcp://localhost:4308
INFO: 00:43:45.066445 messenger.go:90: Receive from Server 4 on tcp://*:4804
INFO: 00:43:45.066489 messenger.go:107: Send to Server 4 on tcp://localhost:4408
INFO: 00:43:45.066536 messenger.go:90: Receive from Server 5 on tcp://*:4805
INFO: 00:43:45.066578 messenger.go:107: Send to Server 5 on tcp://localhost:4508
INFO: 00:43:45.066625 messenger.go:90: Receive from Server 6 on tcp://*:4806
INFO: 00:43:45.066666 messenger.go:107: Send to Server 6 on tcp://localhost:4608
INFO: 00:43:45.066716 messenger.go:90: Receive from Server 7 on tcp://*:4807
INFO: 00:43:45.066763 messenger.go:107: Send to Server 7 on tcp://localhost:4708
INFO: 00:43:45.066810 messenger.go:90: Receive from Server 9 on tcp://*:4809
INFO: 00:43:45.066855 messenger.go:107: Send to Server 9 on tcp://localhost:4908
INFO: 00:43:45.068653 messenger.go:113: -----------------------------------------
INFO: 00:43:45.069003 messenger.go:135: Requests from Client 0 on tcp://*:7800
INFO: 00:43:45.069500 messenger.go:152: Response to Client 0 on tcp://*:10800
INFO: 00:43:45.069744 messenger.go:155: -----------------------------------------

INFO: 00:43:45.084242 main.go:83: Initial estimate value:  0
INFO: 00:43:45.106788 messenger.go:346: RECEIVED EST from 7
INFO: 00:43:45.114241 messenger.go:270: SENT EST to 2
INFO: 00:43:45.114344 messenger.go:270: SENT EST to 3
INFO: 00:43:45.115166 messenger.go:346: RECEIVED EST from 4
INFO: 00:43:45.117395 messenger.go:270: SENT EST to 7
INFO: 00:43:45.114198 messenger.go:270: SENT EST to 1
INFO: 00:43:45.114205 messenger.go:270: SENT EST to 5
INFO: 00:43:45.115611 messenger.go:346: RECEIVED EST from 1
INFO: 00:43:45.113405 messenger.go:346: RECEIVED EST from 9
INFO: 00:43:45.116170 messenger.go:270: SENT EST to 4
INFO: 00:43:45.120491 messenger.go:346: RECEIVED EST from 6
INFO: 00:43:45.121085 messenger.go:346: RECEIVED EST from 5
INFO: 00:43:45.122339 messenger.go:270: SENT EST to 0
INFO: 00:43:45.168419 messenger.go:346: RECEIVED EST from 3
INFO: 00:43:45.171039 messenger.go:346: RECEIVED EST from 2
INFO: 00:43:45.173073 messenger.go:346: RECEIVED EST from 0
INFO: 00:43:45.188953 messenger.go:270: SENT EST to 6
INFO: 00:43:45.264299 messenger.go:270: SENT EST to 9
