INFO: 21:42:37.011561 main.go:29: ID:8 | N:10 | F:3 | Clients:1 | Scenario:NORMAL | Remote:false

INFO: 21:42:37.012174 messenger.go:90: Receive from Server 0 on tcp://*:4800
INFO: 21:42:37.013385 messenger.go:107: Send to Server 0 on tcp://localhost:4008
INFO: 21:42:37.013504 messenger.go:90: Receive from Server 1 on tcp://*:4801
INFO: 21:42:37.013580 messenger.go:107: Send to Server 1 on tcp://localhost:4108
INFO: 21:42:37.022402 messenger.go:90: Receive from Server 2 on tcp://*:4802
INFO: 21:42:37.022554 messenger.go:107: Send to Server 2 on tcp://localhost:4208
INFO: 21:42:37.022653 messenger.go:90: Receive from Server 3 on tcp://*:4803
INFO: 21:42:37.022818 messenger.go:107: Send to Server 3 on tcp://localhost:4308
INFO: 21:42:37.022920 messenger.go:90: Receive from Server 4 on tcp://*:4804
INFO: 21:42:37.023022 messenger.go:107: Send to Server 4 on tcp://localhost:4408
INFO: 21:42:37.023074 messenger.go:90: Receive from Server 5 on tcp://*:4805
INFO: 21:42:37.023114 messenger.go:107: Send to Server 5 on tcp://localhost:4508
INFO: 21:42:37.023209 messenger.go:90: Receive from Server 6 on tcp://*:4806
INFO: 21:42:37.023300 messenger.go:107: Send to Server 6 on tcp://localhost:4608
INFO: 21:42:37.023367 messenger.go:90: Receive from Server 7 on tcp://*:4807
INFO: 21:42:37.023464 messenger.go:107: Send to Server 7 on tcp://localhost:4708
INFO: 21:42:37.023564 messenger.go:90: Receive from Server 9 on tcp://*:4809
INFO: 21:42:37.023678 messenger.go:107: Send to Server 9 on tcp://localhost:4908
INFO: 21:42:37.023748 messenger.go:113: -----------------------------------------
INFO: 21:42:37.023910 messenger.go:135: Requests from Client 0 on tcp://*:7800
INFO: 21:42:37.024020 messenger.go:152: Response to Client 0 on tcp://*:10800
INFO: 21:42:37.024033 messenger.go:155: -----------------------------------------

INFO: 21:42:37.040582 main.go:83: Initial estimate value:  0
INFO: 21:42:37.078484 messenger.go:270: SENT EST to 0
INFO: 21:42:37.078533 messenger.go:270: SENT EST to 2
INFO: 21:42:37.082601 messenger.go:346: RECEIVED EST from 2
INFO: 21:42:37.088555 messenger.go:270: SENT EST to 7
INFO: 21:42:37.089874 messenger.go:346: RECEIVED EST from 4
INFO: 21:42:37.090076 messenger.go:346: RECEIVED EST from 1
INFO: 21:42:37.090271 messenger.go:346: RECEIVED EST from 6
INFO: 21:42:37.090445 messenger.go:346: RECEIVED EST from 5
INFO: 21:42:37.094115 messenger.go:346: RECEIVED EST from 3
INFO: 21:42:37.103497 messenger.go:346: RECEIVED EST from 9
INFO: 21:42:37.127301 messenger.go:346: RECEIVED EST from 0
INFO: 21:42:37.150163 messenger.go:270: SENT EST to 1
INFO: 21:42:37.154206 messenger.go:270: SENT EST to 9
INFO: 21:42:37.154626 messenger.go:346: RECEIVED EST from 7
INFO: 21:42:37.161638 messenger.go:270: SENT EST to 5
INFO: 21:42:37.197384 messenger.go:270: SENT EST to 4
INFO: 21:42:37.205331 messenger.go:270: SENT EST to 3
INFO: 21:42:37.230443 messenger.go:270: SENT EST to 6
