INFO: 00:38:55.868585 main.go:29: ID:8 | N:10 | F:3 | Clients:1 | Scenario:NORMAL | Remote:false

INFO: 00:38:55.899304 messenger.go:90: Receive from Server 0 on tcp://*:4800
INFO: 00:38:55.900025 messenger.go:107: Send to Server 0 on tcp://localhost:4008
INFO: 00:38:55.900215 messenger.go:90: Receive from Server 1 on tcp://*:4801
INFO: 00:38:55.900246 messenger.go:107: Send to Server 1 on tcp://localhost:4108
INFO: 00:38:55.900274 messenger.go:90: Receive from Server 2 on tcp://*:4802
INFO: 00:38:55.900297 messenger.go:107: Send to Server 2 on tcp://localhost:4208
INFO: 00:38:55.900370 messenger.go:90: Receive from Server 3 on tcp://*:4803
INFO: 00:38:55.900398 messenger.go:107: Send to Server 3 on tcp://localhost:4308
INFO: 00:38:55.900427 messenger.go:90: Receive from Server 4 on tcp://*:4804
INFO: 00:38:55.901080 messenger.go:107: Send to Server 4 on tcp://localhost:4408
INFO: 00:38:55.901113 messenger.go:90: Receive from Server 5 on tcp://*:4805
INFO: 00:38:55.901136 messenger.go:107: Send to Server 5 on tcp://localhost:4508
INFO: 00:38:55.901161 messenger.go:90: Receive from Server 6 on tcp://*:4806
INFO: 00:38:55.901187 messenger.go:107: Send to Server 6 on tcp://localhost:4608
INFO: 00:38:55.901210 messenger.go:90: Receive from Server 7 on tcp://*:4807
INFO: 00:38:55.901235 messenger.go:107: Send to Server 7 on tcp://localhost:4708
INFO: 00:38:55.901265 messenger.go:90: Receive from Server 9 on tcp://*:4809
INFO: 00:38:55.901287 messenger.go:107: Send to Server 9 on tcp://localhost:4908
INFO: 00:38:55.901293 messenger.go:113: -----------------------------------------
INFO: 00:38:55.901389 messenger.go:135: Requests from Client 0 on tcp://*:7800
INFO: 00:38:55.901420 messenger.go:152: Response to Client 0 on tcp://*:10800
INFO: 00:38:55.901426 messenger.go:155: -----------------------------------------

INFO: 00:38:56.053267 main.go:83: Initial estimate value:  0
INFO: 00:38:56.496926 messenger.go:346: RECEIVED EST from 4
INFO: 00:38:56.525284 messenger.go:346: RECEIVED EST from 5
INFO: 00:38:56.525571 messenger.go:346: RECEIVED EST from 9
INFO: 00:38:56.536729 messenger.go:270: SENT EST to 1
INFO: 00:38:56.536898 messenger.go:270: SENT EST to 9
INFO: 00:38:56.579714 messenger.go:270: SENT EST to 0
INFO: 00:38:56.764008 messenger.go:270: SENT EST to 5
INFO: 00:38:56.764612 messenger.go:270: SENT EST to 7
INFO: 00:38:56.764751 messenger.go:270: SENT EST to 4
INFO: 00:38:56.764827 messenger.go:270: SENT EST to 3
INFO: 00:38:56.764985 messenger.go:270: SENT EST to 2
INFO: 00:38:56.765674 messenger.go:346: RECEIVED EST from 2
INFO: 00:38:56.783108 messenger.go:346: RECEIVED EST from 3
INFO: 00:38:56.788984 messenger.go:346: RECEIVED EST from 1
INFO: 00:38:56.789660 messenger.go:346: RECEIVED EST from 6
INFO: 00:38:56.813895 messenger.go:346: RECEIVED EST from 0
INFO: 00:38:56.814064 messenger.go:270: SENT EST to 6
INFO: 00:38:56.817273 messenger.go:346: RECEIVED EST from 7
