INFO: 21:37:05.895864 main.go:29: ID:8 | N:10 | F:3 | Clients:1 | Scenario:NORMAL | Remote:false

INFO: 21:37:05.897796 messenger.go:90: Receive from Server 0 on tcp://*:4800
INFO: 21:37:05.898085 messenger.go:107: Send to Server 0 on tcp://localhost:4008
INFO: 21:37:05.898339 messenger.go:90: Receive from Server 1 on tcp://*:4801
INFO: 21:37:05.898791 messenger.go:107: Send to Server 1 on tcp://localhost:4108
INFO: 21:37:05.899048 messenger.go:90: Receive from Server 2 on tcp://*:4802
INFO: 21:37:05.899319 messenger.go:107: Send to Server 2 on tcp://localhost:4208
INFO: 21:37:05.899812 messenger.go:90: Receive from Server 3 on tcp://*:4803
INFO: 21:37:05.900531 messenger.go:107: Send to Server 3 on tcp://localhost:4308
INFO: 21:37:05.900601 messenger.go:90: Receive from Server 4 on tcp://*:4804
INFO: 21:37:05.900686 messenger.go:107: Send to Server 4 on tcp://localhost:4408
INFO: 21:37:05.900742 messenger.go:90: Receive from Server 5 on tcp://*:4805
INFO: 21:37:05.900965 messenger.go:107: Send to Server 5 on tcp://localhost:4508
INFO: 21:37:05.901063 messenger.go:90: Receive from Server 6 on tcp://*:4806
INFO: 21:37:05.901267 messenger.go:107: Send to Server 6 on tcp://localhost:4608
INFO: 21:37:05.901386 messenger.go:90: Receive from Server 7 on tcp://*:4807
INFO: 21:37:05.901493 messenger.go:107: Send to Server 7 on tcp://localhost:4708
INFO: 21:37:05.901666 messenger.go:90: Receive from Server 9 on tcp://*:4809
INFO: 21:37:05.904204 messenger.go:107: Send to Server 9 on tcp://localhost:4908
INFO: 21:37:05.905497 messenger.go:113: -----------------------------------------
INFO: 21:37:05.905838 messenger.go:135: Requests from Client 0 on tcp://*:7800
INFO: 21:37:05.909458 messenger.go:152: Response to Client 0 on tcp://*:10800
INFO: 21:37:05.911200 messenger.go:155: -----------------------------------------

INFO: 21:37:05.952160 main.go:83: Initial estimate value:  0
INFO: 21:37:05.964662 messenger.go:346: RECEIVED EST from 7
INFO: 21:37:05.967847 messenger.go:346: RECEIVED EST from 9
INFO: 21:37:05.968011 messenger.go:270: SENT EST to 0
INFO: 21:37:05.973940 messenger.go:346: RECEIVED EST from 5
INFO: 21:37:05.978257 messenger.go:346: RECEIVED EST from 6
INFO: 21:37:05.978506 messenger.go:270: SENT EST to 5
INFO: 21:37:05.979069 messenger.go:346: RECEIVED EST from 4
INFO: 21:37:05.979928 messenger.go:346: RECEIVED EST from 2
INFO: 21:37:05.981705 messenger.go:346: RECEIVED EST from 3
INFO: 21:37:05.981824 messenger.go:270: SENT EST to 7
INFO: 21:37:05.988272 messenger.go:346: RECEIVED EST from 1
INFO: 21:37:06.044591 messenger.go:270: SENT EST to 1
INFO: 21:37:06.044831 messenger.go:270: SENT EST to 9
INFO: 21:37:06.061571 messenger.go:270: SENT EST to 4
INFO: 21:37:06.082607 messenger.go:346: RECEIVED EST from 0
INFO: 21:37:06.097376 messenger.go:270: SENT EST to 3
INFO: 21:37:06.104962 messenger.go:270: SENT EST to 2
INFO: 21:37:06.128026 messenger.go:270: SENT EST to 6
