INFO: 00:52:36.959625 main.go:29: ID:8 | N:10 | F:3 | Clients:1 | Scenario:NORMAL | Remote:false

INFO: 00:52:36.960752 messenger.go:90: Receive from Server 0 on tcp://*:4800
INFO: 00:52:36.961710 messenger.go:107: Send to Server 0 on tcp://localhost:4008
INFO: 00:52:36.961800 messenger.go:90: Receive from Server 1 on tcp://*:4801
INFO: 00:52:36.961855 messenger.go:107: Send to Server 1 on tcp://localhost:4108
INFO: 00:52:36.961902 messenger.go:90: Receive from Server 2 on tcp://*:4802
INFO: 00:52:36.961947 messenger.go:107: Send to Server 2 on tcp://localhost:4208
INFO: 00:52:36.961993 messenger.go:90: Receive from Server 3 on tcp://*:4803
INFO: 00:52:36.962041 messenger.go:107: Send to Server 3 on tcp://localhost:4308
INFO: 00:52:36.962090 messenger.go:90: Receive from Server 4 on tcp://*:4804
INFO: 00:52:36.962137 messenger.go:107: Send to Server 4 on tcp://localhost:4408
INFO: 00:52:36.962183 messenger.go:90: Receive from Server 5 on tcp://*:4805
INFO: 00:52:36.962227 messenger.go:107: Send to Server 5 on tcp://localhost:4508
INFO: 00:52:36.962275 messenger.go:90: Receive from Server 6 on tcp://*:4806
INFO: 00:52:36.962345 messenger.go:107: Send to Server 6 on tcp://localhost:4608
INFO: 00:52:36.962470 messenger.go:90: Receive from Server 7 on tcp://*:4807
INFO: 00:52:36.962601 messenger.go:107: Send to Server 7 on tcp://localhost:4708
INFO: 00:52:36.962728 messenger.go:90: Receive from Server 9 on tcp://*:4809
INFO: 00:52:36.963249 messenger.go:107: Send to Server 9 on tcp://localhost:4908
INFO: 00:52:36.963404 messenger.go:113: -----------------------------------------
INFO: 00:52:36.963474 messenger.go:135: Requests from Client 0 on tcp://*:7800
INFO: 00:52:36.963592 messenger.go:152: Response to Client 0 on tcp://*:10800
INFO: 00:52:36.963688 messenger.go:155: -----------------------------------------

INFO: 00:52:36.999628 main.go:83: Initial estimate value:  0
INFO: 00:52:37.024989 messenger.go:346: RECEIVED EST from 9
INFO: 00:52:37.025341 messenger.go:270: SENT EST to 3
INFO: 00:52:37.025559 messenger.go:270: SENT EST to 0
INFO: 00:52:37.025568 messenger.go:270: SENT EST to 9
INFO: 00:52:37.025574 messenger.go:270: SENT EST to 1
INFO: 00:52:37.025579 messenger.go:270: SENT EST to 2
INFO: 00:52:37.030032 messenger.go:346: RECEIVED EST from 5
INFO: 00:52:37.030274 messenger.go:270: SENT EST to 4
INFO: 00:52:37.032375 messenger.go:270: SENT EST to 7
INFO: 00:52:37.034640 messenger.go:346: RECEIVED EST from 3
INFO: 00:52:37.034988 messenger.go:270: SENT EST to 5
INFO: 00:52:37.038400 messenger.go:346: RECEIVED EST from 7
INFO: 00:52:37.052305 messenger.go:346: RECEIVED EST from 1
INFO: 00:52:37.064708 messenger.go:346: RECEIVED EST from 0
INFO: 00:52:37.066123 messenger.go:346: RECEIVED EST from 4
INFO: 00:52:37.074776 messenger.go:346: RECEIVED EST from 6
INFO: 00:52:37.096628 messenger.go:346: RECEIVED EST from 2
INFO: 00:52:37.103586 messenger.go:270: SENT EST to 6
