INFO: 01:44:09.540657 main.go:29: ID:8 | N:10 | F:3 | Clients:1 | Scenario:NORMAL | Remote:false

INFO: 01:44:09.550189 messenger.go:90: Receive from Server 0 on tcp://*:4800
INFO: 01:44:09.550530 messenger.go:107: Send to Server 0 on tcp://localhost:4008
INFO: 01:44:09.551533 messenger.go:90: Receive from Server 1 on tcp://*:4801
INFO: 01:44:09.551623 messenger.go:107: Send to Server 1 on tcp://localhost:4108
INFO: 01:44:09.551677 messenger.go:90: Receive from Server 2 on tcp://*:4802
INFO: 01:44:09.553461 messenger.go:107: Send to Server 2 on tcp://localhost:4208
INFO: 01:44:09.559034 messenger.go:90: Receive from Server 3 on tcp://*:4803
INFO: 01:44:09.559305 messenger.go:107: Send to Server 3 on tcp://localhost:4308
INFO: 01:44:09.560169 messenger.go:90: Receive from Server 4 on tcp://*:4804
INFO: 01:44:09.560586 messenger.go:107: Send to Server 4 on tcp://localhost:4408
INFO: 01:44:09.560783 messenger.go:90: Receive from Server 5 on tcp://*:4805
INFO: 01:44:09.561760 messenger.go:107: Send to Server 5 on tcp://localhost:4508
INFO: 01:44:09.565094 messenger.go:90: Receive from Server 6 on tcp://*:4806
INFO: 01:44:09.573378 messenger.go:107: Send to Server 6 on tcp://localhost:4608
INFO: 01:44:09.573556 messenger.go:90: Receive from Server 7 on tcp://*:4807
INFO: 01:44:09.578944 messenger.go:107: Send to Server 7 on tcp://localhost:4708
INFO: 01:44:09.579029 messenger.go:90: Receive from Server 9 on tcp://*:4809
INFO: 01:44:09.579505 messenger.go:107: Send to Server 9 on tcp://localhost:4908
INFO: 01:44:09.579523 messenger.go:113: -----------------------------------------
INFO: 01:44:09.579576 messenger.go:135: Requests from Client 0 on tcp://*:7800
INFO: 01:44:09.579611 messenger.go:152: Response to Client 0 on tcp://*:10800
INFO: 01:44:09.579617 messenger.go:155: -----------------------------------------

INFO: 01:44:09.605130 main.go:83: Initial estimate value:  0
INFO: 01:44:09.812578 messenger.go:270: SENT EST to 9
INFO: 01:44:09.814744 messenger.go:270: SENT EST to 2
INFO: 01:44:09.814792 messenger.go:270: SENT EST to 1
INFO: 01:44:09.814804 messenger.go:270: SENT EST to 3
INFO: 01:44:09.814814 messenger.go:270: SENT EST to 0
INFO: 01:44:09.817716 messenger.go:270: SENT EST to 7
INFO: 01:44:09.824521 messenger.go:270: SENT EST to 6
INFO: 01:44:09.826809 messenger.go:346: RECEIVED EST from 7
INFO: 01:44:09.835920 messenger.go:346: RECEIVED EST from 9
INFO: 01:44:09.844140 messenger.go:346: RECEIVED EST from 3
INFO: 01:44:09.844199 messenger.go:270: SENT EST to 3
INFO: 01:44:09.849028 messenger.go:346: RECEIVED EST from 0
INFO: 01:44:09.850280 messenger.go:346: RECEIVED EST from 1
INFO: 01:44:09.850437 messenger.go:346: RECEIVED EST from 5
INFO: 01:44:09.851095 messenger.go:270: SENT EST to 5
INFO: 01:44:09.851257 messenger.go:346: RECEIVED EST from 7
INFO: 01:44:09.851305 messenger.go:270: SENT EST to 0
INFO: 01:44:09.852496 messenger.go:346: RECEIVED EST from 6
INFO: 01:44:09.854366 messenger.go:346: RECEIVED EST from 4
INFO: 01:44:09.854954 messenger.go:270: SENT EST to 1
INFO: 01:44:09.868798 messenger.go:270: SENT EST to 4
INFO: 01:44:09.903449 messenger.go:270: SENT EST to 4
INFO: 01:44:09.903492 messenger.go:270: SENT EST to 2
INFO: 01:44:09.872740 messenger.go:346: RECEIVED EST from 0
INFO: 01:44:09.878410 messenger.go:346: RECEIVED EST from 5
INFO: 01:44:09.878606 messenger.go:346: RECEIVED EST from 2
INFO: 01:44:09.912407 messenger.go:346: RECEIVED EST from 6
INFO: 01:44:09.912468 messenger.go:270: SENT EST to 7
INFO: 01:44:09.912496 messenger.go:270: SENT EST to 0
INFO: 01:44:09.915118 messenger.go:270: SENT EST to 2
INFO: 01:44:09.916032 messenger.go:346: RECEIVED EST from 1
INFO: 01:44:09.925473 messenger.go:270: SENT EST to 6
INFO: 01:44:09.925638 messenger.go:346: RECEIVED EST from 7
INFO: 01:44:09.925674 messenger.go:270: SENT EST to 0
INFO: 01:44:09.925695 messenger.go:270: SENT EST to 1
INFO: 01:44:09.928332 messenger.go:270: SENT EST to 4
INFO: 01:44:09.929810 messenger.go:270: SENT EST to 5
INFO: 01:44:09.949284 messenger.go:270: SENT EST to 7
INFO: 01:44:09.950973 messenger.go:346: RECEIVED EST from 4
INFO: 01:44:09.951077 messenger.go:270: SENT EST to 3
INFO: 01:44:09.951735 messenger.go:270: SENT EST to 9
INFO: 01:44:09.969474 messenger.go:346: RECEIVED EST from 3
INFO: 01:44:09.970333 messenger.go:346: RECEIVED EST from 2
INFO: 01:44:09.970391 messenger.go:270: SENT EST to 1
INFO: 01:44:09.976076 messenger.go:346: RECEIVED EST from 9
INFO: 01:44:09.977351 messenger.go:346: RECEIVED EST from 6
INFO: 01:44:09.977708 messenger.go:346: RECEIVED EST from 9
INFO: 01:44:09.978394 messenger.go:346: RECEIVED EST from 5
INFO: 01:44:09.979853 messenger.go:346: RECEIVED EST from 4
INFO: 01:44:09.982492 messenger.go:346: RECEIVED EST from 7
INFO: 01:44:09.982764 messenger.go:270: SENT EST to 2
INFO: 01:44:09.983054 messenger.go:270: SENT EST to 3
INFO: 01:44:09.985953 messenger.go:346: RECEIVED EST from 0
INFO: 01:44:09.988034 messenger.go:270: SENT EST to 0
INFO: 01:44:09.996703 messenger.go:270: SENT EST to 4
INFO: 01:44:09.989270 messenger.go:346: RECEIVED EST from 3
INFO: 01:44:09.988212 messenger.go:346: RECEIVED EST from 2
INFO: 01:44:09.989755 messenger.go:346: RECEIVED EST from 1
INFO: 01:44:09.989512 messenger.go:270: SENT EST to 5
INFO: 01:44:09.991287 messenger.go:270: SENT EST to 1
INFO: 01:44:10.000696 messenger.go:270: SENT EST to 3
INFO: 01:44:10.001112 messenger.go:270: SENT EST to 9
INFO: 01:44:10.002564 messenger.go:270: SENT EST to 2
INFO: 01:44:10.009346 messenger.go:270: SENT EST to 4
INFO: 01:44:10.009705 messenger.go:346: RECEIVED EST from 0
INFO: 01:44:10.013418 messenger.go:270: SENT EST to 5
INFO: 01:44:10.022008 messenger.go:270: SENT EST to 6
INFO: 01:44:10.032441 messenger.go:346: RECEIVED EST from 9
INFO: 01:44:10.049455 messenger.go:270: SENT EST to 5
INFO: 01:44:10.052735 messenger.go:346: RECEIVED EST from 7
INFO: 01:44:10.052837 messenger.go:270: SENT EST to 6
INFO: 01:44:10.055758 messenger.go:346: RECEIVED EST from 4
INFO: 01:44:10.055983 messenger.go:270: SENT EST to 7
INFO: 01:44:10.058104 messenger.go:346: RECEIVED EST from 2
INFO: 01:44:10.056021 messenger.go:270: SENT EST to 9
INFO: 01:44:10.056157 messenger.go:346: RECEIVED EST from 5
INFO: 01:44:10.056649 messenger.go:346: RECEIVED EST from 6
INFO: 01:44:10.070563 messenger.go:270: SENT EST to 7
INFO: 01:44:10.070699 messenger.go:270: SENT EST to 6
INFO: 01:44:10.072409 messenger.go:270: SENT EST to 0
INFO: 01:44:10.072889 messenger.go:346: RECEIVED EST from 4
INFO: 01:44:10.072933 messenger.go:270: SENT EST to 9
INFO: 01:44:10.073056 messenger.go:346: RECEIVED EST from 0
INFO: 01:44:10.073175 messenger.go:346: RECEIVED EST from 2
INFO: 01:44:10.073319 messenger.go:346: RECEIVED EST from 6
INFO: 01:44:10.076443 messenger.go:346: RECEIVED EST from 7
INFO: 01:44:10.076626 messenger.go:346: RECEIVED EST from 5
INFO: 01:44:10.076762 messenger.go:346: RECEIVED EST from 3
INFO: 01:44:10.082174 messenger.go:346: RECEIVED EST from 9
INFO: 01:44:10.082236 messenger.go:270: SENT EST to 6
INFO: 01:44:10.082260 messenger.go:270: SENT EST to 9
INFO: 01:44:10.082902 messenger.go:346: RECEIVED EST from 9
INFO: 01:44:10.082961 messenger.go:270: SENT EST to 3
INFO: 01:44:10.083559 messenger.go:346: RECEIVED EST from 7
INFO: 01:44:10.083898 messenger.go:270: SENT EST to 2
INFO: 01:44:10.084258 messenger.go:270: SENT EST to 7
INFO: 01:44:10.090545 messenger.go:346: RECEIVED EST from 0
INFO: 01:44:10.093444 messenger.go:346: RECEIVED EST from 6
INFO: 01:44:10.095229 messenger.go:346: RECEIVED EST from 7
INFO: 01:44:10.095826 messenger.go:346: RECEIVED EST from 9
INFO: 01:44:10.096448 messenger.go:270: SENT EST to 0
INFO: 01:44:10.098899 messenger.go:270: SENT EST to 1
INFO: 01:44:10.099930 messenger.go:270: SENT EST to 4
INFO: 01:44:10.100581 messenger.go:270: SENT EST to 1
INFO: 01:44:10.109859 messenger.go:270: SENT EST to 1
INFO: 01:44:10.111046 messenger.go:270: SENT EST to 2
INFO: 01:44:10.114860 messenger.go:346: RECEIVED EST from 3
INFO: 01:44:10.116159 messenger.go:346: RECEIVED EST from 1
INFO: 01:44:10.118563 messenger.go:346: RECEIVED EST from 0
INFO: 01:44:10.119940 messenger.go:346: RECEIVED EST from 4
INFO: 01:44:10.120238 messenger.go:270: SENT EST to 5
INFO: 01:44:10.127949 messenger.go:270: SENT EST to 7
INFO: 01:44:10.128536 messenger.go:270: SENT EST to 2
INFO: 01:44:10.129625 messenger.go:270: SENT EST to 4
INFO: 01:44:10.132623 messenger.go:270: SENT EST to 5
INFO: 01:44:10.142609 messenger.go:270: SENT EST to 9
INFO: 01:44:10.143704 messenger.go:270: SENT EST to 3
INFO: 01:44:10.144588 messenger.go:270: SENT EST to 3
INFO: 01:44:10.144724 messenger.go:270: SENT EST to 0
INFO: 01:44:10.149089 messenger.go:270: SENT EST to 3
INFO: 01:44:10.149511 messenger.go:270: SENT EST to 1
INFO: 01:44:10.151951 messenger.go:346: RECEIVED EST from 1
INFO: 01:44:10.154911 messenger.go:346: RECEIVED EST from 1
INFO: 01:44:10.155052 messenger.go:270: SENT EST to 5
INFO: 01:44:10.155414 messenger.go:346: RECEIVED EST from 5
INFO: 01:44:10.155489 messenger.go:270: SENT EST to 4
INFO: 01:44:10.161911 messenger.go:346: RECEIVED EST from 9
INFO: 01:44:10.163560 messenger.go:270: SENT EST to 4
INFO: 01:44:10.163655 messenger.go:270: SENT EST to 2
INFO: 01:44:10.169964 messenger.go:270: SENT EST to 5
INFO: 01:44:10.185877 messenger.go:346: RECEIVED EST from 3
INFO: 01:44:10.187226 messenger.go:270: SENT EST to 6
INFO: 01:44:10.200198 messenger.go:346: RECEIVED EST from 9
INFO: 01:44:10.200651 messenger.go:346: RECEIVED EST from 0
INFO: 01:44:10.201830 messenger.go:346: RECEIVED EST from 6
INFO: 01:44:10.201987 messenger.go:270: SENT EST to 6
INFO: 01:44:10.205924 messenger.go:346: RECEIVED EST from 5
INFO: 01:44:10.206096 messenger.go:346: RECEIVED EST from 2
INFO: 01:44:10.206339 messenger.go:270: SENT EST to 9
INFO: 01:44:10.206622 messenger.go:346: RECEIVED EST from 3
INFO: 01:44:10.206678 messenger.go:270: SENT EST to 0
INFO: 01:44:10.209309 messenger.go:270: SENT EST to 5
INFO: 01:44:10.209719 messenger.go:270: SENT EST to 1
INFO: 01:44:10.209998 messenger.go:346: RECEIVED EST from 5
INFO: 01:44:10.211392 messenger.go:270: SENT EST to 0
INFO: 01:44:10.211577 messenger.go:346: RECEIVED EST from 1
INFO: 01:44:10.212892 messenger.go:270: SENT EST to 3
INFO: 01:44:10.214020 messenger.go:346: RECEIVED EST from 7
INFO: 01:44:10.216981 messenger.go:270: SENT EST to 7
INFO: 01:44:10.220078 messenger.go:270: SENT EST to 2
INFO: 01:44:10.220912 messenger.go:270: SENT EST to 9
INFO: 01:44:10.238436 messenger.go:270: SENT EST to 6
INFO: 01:44:10.239334 messenger.go:346: RECEIVED EST from 3
INFO: 01:44:10.238480 messenger.go:270: SENT EST to 3
INFO: 01:44:10.238892 messenger.go:346: RECEIVED EST from 4
INFO: 01:44:10.238896 messenger.go:270: SENT EST to 1
INFO: 01:44:10.238931 messenger.go:270: SENT EST to 2
INFO: 01:44:10.239273 messenger.go:346: RECEIVED EST from 6
INFO: 01:44:10.239290 messenger.go:270: SENT EST to 4
INFO: 01:44:10.240652 messenger.go:346: RECEIVED EST from 9
INFO: 01:44:10.243692 messenger.go:270: SENT EST to 6
INFO: 01:44:10.244084 messenger.go:346: RECEIVED EST from 1
INFO: 01:44:10.244956 messenger.go:270: SENT EST to 5
INFO: 01:44:10.249093 messenger.go:270: SENT EST to 0
INFO: 01:44:10.249573 messenger.go:346: RECEIVED EST from 0
INFO: 01:44:10.250431 messenger.go:270: SENT EST to 7
INFO: 01:44:10.253704 messenger.go:270: SENT EST to 9
INFO: 01:44:10.254286 messenger.go:270: SENT EST to 1
INFO: 01:44:10.254522 messenger.go:270: SENT EST to 0
INFO: 01:44:10.257611 messenger.go:346: RECEIVED EST from 7
INFO: 01:44:10.260601 messenger.go:270: SENT EST to 7
INFO: 01:44:10.263113 messenger.go:270: SENT EST to 4
INFO: 01:44:10.276269 messenger.go:346: RECEIVED EST from 2
INFO: 01:44:10.280383 messenger.go:270: SENT EST to 9
INFO: 01:44:10.280561 messenger.go:346: RECEIVED EST from 3
INFO: 01:44:10.276273 messenger.go:270: SENT EST to 3
INFO: 01:44:10.280714 messenger.go:270: SENT EST to 2
INFO: 01:44:10.282693 messenger.go:346: RECEIVED EST from 6
INFO: 01:44:10.283576 messenger.go:270: SENT EST to 6
INFO: 01:44:10.283619 messenger.go:346: RECEIVED EST from 9
INFO: 01:44:10.287581 messenger.go:270: SENT EST to 1
INFO: 01:44:10.287738 messenger.go:346: RECEIVED EST from 5
INFO: 01:44:10.289061 messenger.go:270: SENT EST to 5
INFO: 01:44:10.290910 messenger.go:270: SENT EST to 2
INFO: 01:44:10.291416 messenger.go:346: RECEIVED EST from 1
INFO: 01:44:10.296553 messenger.go:270: SENT EST to 4
INFO: 01:44:10.300579 messenger.go:346: RECEIVED EST from 4
INFO: 01:44:10.300841 messenger.go:346: RECEIVED EST from 5
INFO: 01:44:10.301293 messenger.go:270: SENT EST to 0
INFO: 01:44:10.305092 messenger.go:346: RECEIVED EST from 2
INFO: 01:44:10.305099 messenger.go:270: SENT EST to 4
INFO: 01:44:10.305650 messenger.go:346: RECEIVED EST from 0
INFO: 01:44:10.306370 messenger.go:346: RECEIVED EST from 2
INFO: 01:44:10.306767 messenger.go:270: SENT EST to 3
INFO: 01:44:10.308670 messenger.go:346: RECEIVED EST from 7
INFO: 01:44:10.306769 messenger.go:270: SENT EST to 7
INFO: 01:44:10.327237 messenger.go:270: SENT EST to 1
INFO: 01:44:10.327417 messenger.go:346: RECEIVED EST from 3
INFO: 01:44:10.330214 messenger.go:346: RECEIVED EST from 5
INFO: 01:44:10.330313 messenger.go:270: SENT EST to 5
INFO: 01:44:10.331161 messenger.go:270: SENT EST to 7
INFO: 01:44:10.331902 messenger.go:346: RECEIVED EST from 4
INFO: 01:44:10.332037 messenger.go:270: SENT EST to 9
INFO: 01:44:10.332391 messenger.go:270: SENT EST to 3
INFO: 01:44:10.333454 messenger.go:270: SENT EST to 2
INFO: 01:44:10.333752 messenger.go:270: SENT EST to 5
INFO: 01:44:10.334019 messenger.go:270: SENT EST to 0
INFO: 01:44:10.338595 messenger.go:346: RECEIVED EST from 9
INFO: 01:44:10.343255 messenger.go:270: SENT EST to 6
INFO: 01:44:10.360064 messenger.go:270: SENT EST to 3
INFO: 01:44:10.360989 messenger.go:270: SENT EST to 1
INFO: 01:44:10.361478 messenger.go:270: SENT EST to 9
INFO: 01:44:10.361914 messenger.go:346: RECEIVED EST from 3
INFO: 01:44:10.362552 messenger.go:270: SENT EST to 0
INFO: 01:44:10.362995 messenger.go:270: SENT EST to 7
INFO: 01:44:10.376755 messenger.go:346: RECEIVED EST from 4
INFO: 01:44:10.378879 messenger.go:346: RECEIVED EST from 1
INFO: 01:44:10.383990 messenger.go:346: RECEIVED EST from 6
INFO: 01:44:10.390537 messenger.go:270: SENT EST to 4
INFO: 01:44:10.397148 messenger.go:346: RECEIVED EST from 9
INFO: 01:44:10.398082 messenger.go:346: RECEIVED EST from 7
INFO: 01:44:10.399209 messenger.go:346: RECEIVED EST from 0
INFO: 01:44:10.403382 messenger.go:270: SENT EST to 2
INFO: 01:44:10.415934 messenger.go:270: SENT EST to 6
INFO: 01:44:10.476953 messenger.go:346: RECEIVED EST from 1
INFO: 01:44:10.517150 messenger.go:346: RECEIVED EST from 5
INFO: 01:44:10.517210 messenger.go:270: SENT EST to 4
INFO: 01:44:10.517289 messenger.go:346: RECEIVED EST from 6
INFO: 01:44:10.519763 messenger.go:346: RECEIVED EST from 5
INFO: 01:44:10.519932 messenger.go:346: RECEIVED EST from 5
INFO: 01:44:10.520103 messenger.go:346: RECEIVED EST from 5
INFO: 01:44:10.521153 messenger.go:270: SENT EST to 4
INFO: 01:44:10.521313 messenger.go:346: RECEIVED EST from 2
INFO: 01:44:10.521927 messenger.go:346: RECEIVED EST from 6
INFO: 01:44:10.522162 messenger.go:346: RECEIVED EST from 1
INFO: 01:44:10.522315 messenger.go:270: SENT EST to 9
INFO: 01:44:10.522499 messenger.go:346: RECEIVED EST from 6
INFO: 01:44:10.522566 messenger.go:270: SENT EST to 3
INFO: 01:44:10.535033 messenger.go:346: RECEIVED EST from 3
INFO: 01:44:10.522721 messenger.go:346: RECEIVED EST from 0
INFO: 01:44:10.525878 messenger.go:270: SENT EST to 6
INFO: 01:44:10.522817 messenger.go:346: RECEIVED EST from 2
INFO: 01:44:10.524847 messenger.go:346: RECEIVED EST from 7
INFO: 01:44:10.524849 messenger.go:270: SENT EST to 5
INFO: 01:44:10.525459 messenger.go:346: RECEIVED EST from 2
INFO: 01:44:10.525491 messenger.go:346: RECEIVED EST from 4
INFO: 01:44:10.525576 messenger.go:346: RECEIVED EST from 2
INFO: 01:44:10.525874 messenger.go:346: RECEIVED EST from 1
INFO: 01:44:10.529288 messenger.go:346: RECEIVED EST from 9
INFO: 01:44:10.529044 messenger.go:346: RECEIVED EST from 3
INFO: 01:44:10.529047 messenger.go:270: SENT EST to 7
INFO: 01:44:10.529141 messenger.go:346: RECEIVED EST from 3
INFO: 01:44:10.530907 messenger.go:346: RECEIVED EST from 4
INFO: 01:44:10.529387 messenger.go:346: RECEIVED EST from 4
INFO: 01:44:10.531259 messenger.go:346: RECEIVED EST from 3
INFO: 01:44:10.531608 messenger.go:270: SENT EST to 2
INFO: 01:44:10.554220 messenger.go:270: SENT EST to 1
INFO: 01:44:10.554447 messenger.go:270: SENT EST to 0
INFO: 01:44:10.554619 messenger.go:346: RECEIVED EST from 9
INFO: 01:44:10.554993 messenger.go:346: RECEIVED EST from 7
INFO: 01:44:10.555144 messenger.go:346: RECEIVED EST from 0
INFO: 01:44:10.555573 messenger.go:270: SENT EST to 9
INFO: 01:44:10.555715 messenger.go:346: RECEIVED EST from 5
INFO: 01:44:10.555861 messenger.go:346: RECEIVED EST from 1
INFO: 01:44:10.560422 messenger.go:346: RECEIVED EST from 6
INFO: 01:44:10.561769 messenger.go:346: RECEIVED EST from 9
INFO: 01:44:10.565855 messenger.go:270: SENT EST to 5
INFO: 01:44:10.566237 messenger.go:346: RECEIVED EST from 0
INFO: 01:44:10.566364 messenger.go:346: RECEIVED EST from 1
INFO: 01:44:10.566378 messenger.go:270: SENT EST to 7
INFO: 01:44:10.568966 messenger.go:270: SENT EST to 3
INFO: 01:44:10.569086 messenger.go:346: RECEIVED EST from 2
INFO: 01:44:10.583843 messenger.go:270: SENT EST to 0
INFO: 01:44:10.584064 messenger.go:270: SENT EST to 1
INFO: 01:44:10.584127 messenger.go:270: SENT EST to 2
INFO: 01:44:10.586764 messenger.go:346: RECEIVED EST from 9
INFO: 01:44:10.591957 messenger.go:346: RECEIVED EST from 1
INFO: 01:44:10.592023 messenger.go:270: SENT EST to 4
INFO: 01:44:10.594224 messenger.go:346: RECEIVED EST from 0
INFO: 01:44:10.595689 messenger.go:346: RECEIVED EST from 4
INFO: 01:44:10.602170 messenger.go:346: RECEIVED EST from 9
INFO: 01:44:10.602706 messenger.go:346: RECEIVED EST from 5
INFO: 01:44:10.610774 messenger.go:270: SENT EST to 5
INFO: 01:44:10.611339 messenger.go:346: RECEIVED EST from 7
INFO: 01:44:10.612818 messenger.go:346: RECEIVED EST from 0
INFO: 01:44:10.615926 messenger.go:346: RECEIVED EST from 1
INFO: 01:44:10.630656 messenger.go:346: RECEIVED EST from 7
INFO: 01:44:10.638448 messenger.go:346: RECEIVED EST from 5
INFO: 01:44:10.638658 messenger.go:346: RECEIVED EST from 7
INFO: 01:44:10.639936 messenger.go:270: SENT EST to 6
INFO: 01:44:10.642412 messenger.go:346: RECEIVED EST from 6
INFO: 01:44:10.644401 messenger.go:270: SENT EST to 1
INFO: 01:44:10.644721 messenger.go:346: RECEIVED EST from 3
INFO: 01:44:10.645184 messenger.go:270: SENT EST to 2
INFO: 01:44:10.646045 messenger.go:270: SENT EST to 3
INFO: 01:44:10.646234 messenger.go:270: SENT EST to 9
INFO: 01:44:10.647379 messenger.go:270: SENT EST to 7
INFO: 01:44:10.653183 messenger.go:346: RECEIVED EST from 7
INFO: 01:44:10.653328 messenger.go:346: RECEIVED EST from 2
INFO: 01:44:10.653491 messenger.go:346: RECEIVED EST from 9
INFO: 01:44:10.659029 messenger.go:270: SENT EST to 4
INFO: 01:44:10.661441 messenger.go:270: SENT EST to 0
INFO: 01:44:10.661956 messenger.go:270: SENT EST to 6
INFO: 01:44:10.667184 messenger.go:346: RECEIVED EST from 6
INFO: 01:44:10.669390 messenger.go:270: SENT EST to 1
INFO: 01:44:10.669532 messenger.go:346: RECEIVED EST from 0
INFO: 01:44:10.669727 messenger.go:346: RECEIVED EST from 1
INFO: 01:44:10.669805 messenger.go:270: SENT EST to 4
INFO: 01:44:10.670739 messenger.go:346: RECEIVED EST from 4
INFO: 01:44:10.671408 messenger.go:270: SENT EST to 0
INFO: 01:44:10.672038 messenger.go:270: SENT EST to 3
INFO: 01:44:10.673024 messenger.go:270: SENT EST to 2
INFO: 01:44:10.673128 messenger.go:270: SENT EST to 9
INFO: 01:44:10.674864 messenger.go:346: RECEIVED EST from 5
INFO: 01:44:10.676295 messenger.go:270: SENT EST to 7
INFO: 01:44:10.678151 messenger.go:270: SENT EST to 5
INFO: 01:44:10.683159 messenger.go:270: SENT EST to 6
INFO: 01:44:10.683488 messenger.go:346: RECEIVED EST from 9
INFO: 01:44:10.683845 messenger.go:346: RECEIVED EST from 2
INFO: 01:44:10.684100 messenger.go:346: RECEIVED EST from 7
INFO: 01:44:10.688778 messenger.go:346: RECEIVED EST from 3
INFO: 01:44:10.693122 messenger.go:270: SENT EST to 4
INFO: 01:44:10.693380 messenger.go:346: RECEIVED EST from 1
INFO: 01:44:10.694451 messenger.go:270: SENT EST to 3
INFO: 01:44:10.695413 messenger.go:270: SENT EST to 9
INFO: 01:44:10.696247 messenger.go:270: SENT EST to 2
INFO: 01:44:10.700929 messenger.go:346: RECEIVED EST from 9
INFO: 01:44:10.702927 messenger.go:346: RECEIVED EST from 2
INFO: 01:44:10.704050 messenger.go:346: RECEIVED EST from 0
INFO: 01:44:10.704595 messenger.go:346: RECEIVED EST from 4
INFO: 01:44:10.704626 messenger.go:270: SENT EST to 1
INFO: 01:44:10.705161 messenger.go:270: SENT EST to 0
INFO: 01:44:10.712973 messenger.go:270: SENT EST to 5
INFO: 01:44:10.713606 messenger.go:270: SENT EST to 7
INFO: 01:44:10.714760 messenger.go:270: SENT EST to 6
INFO: 01:44:10.714950 messenger.go:346: RECEIVED EST from 5
INFO: 01:44:10.721569 messenger.go:346: RECEIVED EST from 3
INFO: 01:44:10.722655 messenger.go:346: RECEIVED EST from 1
INFO: 01:44:10.748229 messenger.go:270: SENT EST to 4
INFO: 01:44:10.749167 messenger.go:270: SENT EST to 1
INFO: 01:44:10.749220 messenger.go:270: SENT EST to 7
INFO: 01:44:10.749257 messenger.go:270: SENT EST to 5
INFO: 01:44:10.751036 messenger.go:270: SENT EST to 6
INFO: 01:44:10.751881 messenger.go:270: SENT EST to 6
INFO: 01:44:10.752103 messenger.go:346: RECEIVED EST from 1
INFO: 01:44:10.752356 messenger.go:346: RECEIVED EST from 6
INFO: 01:44:10.752687 messenger.go:346: RECEIVED EST from 3
INFO: 01:44:10.752732 messenger.go:346: RECEIVED EST from 4
INFO: 01:44:10.752914 messenger.go:346: RECEIVED EST from 7
INFO: 01:44:10.753006 messenger.go:346: RECEIVED EST from 5
INFO: 01:44:10.753092 messenger.go:346: RECEIVED EST from 6
INFO: 01:44:10.753096 messenger.go:270: SENT EST to 9
INFO: 01:44:10.753184 messenger.go:346: RECEIVED EST from 9
INFO: 01:44:10.753275 messenger.go:346: RECEIVED EST from 0
INFO: 01:44:10.753361 messenger.go:346: RECEIVED EST from 4
INFO: 01:44:10.753542 messenger.go:346: RECEIVED EST from 4
INFO: 01:44:10.754710 messenger.go:270: SENT EST to 6
INFO: 01:44:10.764603 messenger.go:346: RECEIVED EST from 6
INFO: 01:44:10.771835 messenger.go:270: SENT EST to 0
INFO: 01:44:10.772315 messenger.go:270: SENT EST to 3
INFO: 01:44:10.772737 messenger.go:346: RECEIVED EST from 2
INFO: 01:44:10.773133 messenger.go:346: RECEIVED EST from 1
INFO: 01:44:10.777825 messenger.go:346: RECEIVED EST from 3
INFO: 01:44:10.778444 messenger.go:346: RECEIVED EST from 0
INFO: 01:44:10.778542 messenger.go:270: SENT EST to 2
INFO: 01:44:10.782731 messenger.go:270: SENT EST to 1
INFO: 01:44:10.782816 messenger.go:270: SENT EST to 4
INFO: 01:44:10.783082 messenger.go:346: RECEIVED EST from 1
INFO: 01:44:10.783293 messenger.go:270: SENT EST to 0
INFO: 01:44:10.783597 messenger.go:346: RECEIVED EST from 0
INFO: 01:44:10.786026 messenger.go:270: SENT EST to 5
INFO: 01:44:10.788329 messenger.go:346: RECEIVED EST from 4
INFO: 01:44:10.788883 messenger.go:270: SENT EST to 6
INFO: 01:44:10.790486 messenger.go:346: RECEIVED EST from 6
INFO: 01:44:10.792804 messenger.go:346: RECEIVED EST from 7
INFO: 01:44:10.801641 messenger.go:346: RECEIVED EST from 1
INFO: 01:44:10.801728 messenger.go:270: SENT EST to 2
INFO: 01:44:10.801770 messenger.go:270: SENT EST to 3
INFO: 01:44:10.801919 messenger.go:346: RECEIVED EST from 0
INFO: 01:44:10.802094 messenger.go:346: RECEIVED EST from 9
INFO: 01:44:10.802404 messenger.go:346: RECEIVED EST from 2
INFO: 01:44:10.802585 messenger.go:346: RECEIVED EST from 3
INFO: 01:44:10.803121 messenger.go:270: SENT EST to 7
INFO: 01:44:10.803322 messenger.go:270: SENT EST to 9
INFO: 01:44:10.811108 messenger.go:270: SENT EST to 1
INFO: 01:44:10.811171 messenger.go:270: SENT EST to 0
INFO: 01:44:10.811213 messenger.go:270: SENT EST to 2
INFO: 01:44:10.811300 messenger.go:270: SENT EST to 3
INFO: 01:44:10.811498 messenger.go:346: RECEIVED EST from 9
INFO: 01:44:10.812110 messenger.go:270: SENT EST to 5
INFO: 01:44:10.813463 messenger.go:346: RECEIVED EST from 7
INFO: 01:44:10.813699 messenger.go:346: RECEIVED EST from 5
INFO: 01:44:10.813917 messenger.go:346: RECEIVED EST from 4
INFO: 01:44:10.816690 messenger.go:270: SENT EST to 4
INFO: 01:44:10.817076 messenger.go:270: SENT EST to 7
INFO: 01:44:10.818897 messenger.go:270: SENT EST to 5
INFO: 01:44:10.820083 messenger.go:270: SENT EST to 6
INFO: 01:44:10.821623 messenger.go:346: RECEIVED EST from 6
INFO: 01:44:10.822290 messenger.go:270: SENT EST to 7
INFO: 01:44:10.822772 messenger.go:346: RECEIVED EST from 7
INFO: 01:44:10.823314 messenger.go:270: SENT EST to 7
INFO: 01:44:10.823847 messenger.go:346: RECEIVED EST from 5
INFO: 01:44:10.825177 messenger.go:346: RECEIVED EST from 1
INFO: 01:44:10.829240 messenger.go:346: RECEIVED EST from 1
INFO: 01:44:10.829706 messenger.go:346: RECEIVED EST from 0
INFO: 01:44:10.846219 messenger.go:346: RECEIVED EST from 3
INFO: 01:44:10.898568 messenger.go:270: SENT EST to 9
INFO: 01:44:10.908504 messenger.go:346: RECEIVED EST from 0
INFO: 01:44:10.909958 messenger.go:346: RECEIVED EST from 6
INFO: 01:44:10.911482 messenger.go:346: RECEIVED EST from 7
INFO: 01:44:10.913128 messenger.go:346: RECEIVED EST from 5
INFO: 01:44:10.917813 messenger.go:346: RECEIVED EST from 4
INFO: 01:44:10.918313 messenger.go:346: RECEIVED EST from 2
INFO: 01:44:10.922447 messenger.go:346: RECEIVED EST from 1
INFO: 01:44:10.926540 messenger.go:346: RECEIVED EST from 9
INFO: 01:44:10.928850 messenger.go:270: SENT EST to 4
INFO: 01:44:10.929288 messenger.go:346: RECEIVED EST from 3
INFO: 01:44:10.929840 messenger.go:270: SENT EST to 1
INFO: 01:44:10.929852 messenger.go:270: SENT EST to 2
INFO: 01:44:10.938491 messenger.go:270: SENT EST to 3
INFO: 01:44:10.946242 messenger.go:346: RECEIVED EST from 2
INFO: 01:44:10.950922 messenger.go:346: RECEIVED EST from 1
INFO: 01:44:10.953049 messenger.go:270: SENT EST to 0
INFO: 01:44:10.955003 messenger.go:346: RECEIVED EST from 0
INFO: 01:44:10.964316 messenger.go:346: RECEIVED EST from 6
INFO: 01:44:10.972468 messenger.go:270: SENT EST to 6
INFO: 01:44:10.974398 messenger.go:270: SENT EST to 7
INFO: 01:44:10.977303 messenger.go:270: SENT EST to 9
INFO: 01:44:11.002537 messenger.go:346: RECEIVED EST from 0
INFO: 01:44:11.002587 messenger.go:270: SENT EST to 0
INFO: 01:44:11.004365 messenger.go:270: SENT EST to 5
INFO: 01:44:11.008336 messenger.go:346: RECEIVED EST from 1
INFO: 01:44:11.008514 messenger.go:270: SENT EST to 1
INFO: 01:44:11.008647 messenger.go:346: RECEIVED EST from 5
INFO: 01:44:11.023194 messenger.go:346: RECEIVED EST from 9
INFO: 01:44:11.028709 messenger.go:270: SENT EST to 4
INFO: 01:44:11.023818 messenger.go:346: RECEIVED EST from 4
INFO: 01:44:11.023821 messenger.go:270: SENT EST to 5
INFO: 01:44:11.024328 messenger.go:270: SENT EST to 7
INFO: 01:44:11.051725 messenger.go:346: RECEIVED EST from 2
INFO: 01:44:11.024991 messenger.go:270: SENT EST to 9
INFO: 01:44:11.052145 messenger.go:346: RECEIVED EST from 6
INFO: 01:44:11.052271 messenger.go:346: RECEIVED EST from 2
INFO: 01:44:11.106868 messenger.go:346: RECEIVED EST from 9
INFO: 01:44:11.107312 messenger.go:346: RECEIVED EST from 0
INFO: 01:44:11.107433 messenger.go:270: SENT EST to 3
INFO: 01:44:11.107901 messenger.go:346: RECEIVED EST from 3
INFO: 01:44:11.108069 messenger.go:346: RECEIVED EST from 9
INFO: 01:44:11.108214 messenger.go:346: RECEIVED EST from 1
INFO: 01:44:11.108269 messenger.go:270: SENT EST to 2
INFO: 01:44:11.108292 messenger.go:270: SENT EST to 9
INFO: 01:44:11.112058 messenger.go:346: RECEIVED EST from 7
INFO: 01:44:11.114116 messenger.go:346: RECEIVED EST from 5
INFO: 01:44:11.123023 messenger.go:270: SENT EST to 6
INFO: 01:44:11.123838 messenger.go:346: RECEIVED EST from 6
INFO: 01:44:11.124611 messenger.go:346: RECEIVED EST from 1
INFO: 01:44:11.124943 messenger.go:346: RECEIVED EST from 4
INFO: 01:44:11.125278 messenger.go:346: RECEIVED EST from 9
INFO: 01:44:11.125357 messenger.go:270: SENT EST to 3
INFO: 01:44:11.127682 messenger.go:346: RECEIVED EST from 3
INFO: 01:44:11.129071 messenger.go:346: RECEIVED EST from 3
INFO: 01:44:11.129826 messenger.go:346: RECEIVED EST from 3
INFO: 01:44:11.139202 messenger.go:346: RECEIVED EST from 2
INFO: 01:44:11.147955 messenger.go:270: SENT EST to 1
INFO: 01:44:11.148005 messenger.go:270: SENT EST to 5
INFO: 01:44:11.148562 messenger.go:346: RECEIVED EST from 5
INFO: 01:44:11.148762 messenger.go:270: SENT EST to 2
INFO: 01:44:11.150060 messenger.go:346: RECEIVED EST from 6
INFO: 01:44:11.150350 messenger.go:270: SENT EST to 9
INFO: 01:44:11.151794 messenger.go:270: SENT EST to 0
INFO: 01:44:11.152436 messenger.go:346: RECEIVED EST from 0
INFO: 01:44:11.152594 messenger.go:346: RECEIVED EST from 7
INFO: 01:44:11.155891 messenger.go:270: SENT EST to 6
INFO: 01:44:11.155947 messenger.go:270: SENT EST to 7
INFO: 01:44:11.156103 messenger.go:346: RECEIVED EST from 1
INFO: 01:44:11.156472 messenger.go:346: RECEIVED EST from 9
INFO: 01:44:11.156647 messenger.go:270: SENT EST to 4
INFO: 01:44:11.173819 messenger.go:346: RECEIVED EST from 4
INFO: 01:44:11.173938 messenger.go:270: SENT EST to 1
INFO: 01:44:11.174161 messenger.go:346: RECEIVED EST from 5
INFO: 01:44:11.174395 messenger.go:270: SENT EST to 0
INFO: 01:44:11.175041 messenger.go:270: SENT EST to 5
INFO: 01:44:11.175471 messenger.go:346: RECEIVED EST from 1
INFO: 01:44:11.175528 messenger.go:346: RECEIVED EST from 0
INFO: 01:44:11.176823 messenger.go:346: RECEIVED EST from 2
INFO: 01:44:11.176930 messenger.go:270: SENT EST to 2
INFO: 01:44:11.177023 messenger.go:270: SENT EST to 4
INFO: 01:44:11.179779 messenger.go:346: RECEIVED EST from 4
INFO: 01:44:11.181223 messenger.go:270: SENT EST to 0
INFO: 01:44:11.181249 messenger.go:270: SENT EST to 1
INFO: 01:44:11.181607 messenger.go:346: RECEIVED EST from 3
INFO: 01:44:11.181814 messenger.go:270: SENT EST to 3
INFO: 01:44:11.182285 messenger.go:270: SENT EST to 2
INFO: 01:44:11.182598 messenger.go:346: RECEIVED EST from 0
INFO: 01:44:11.182777 messenger.go:346: RECEIVED EST from 1
INFO: 01:44:11.183167 messenger.go:346: RECEIVED EST from 2
INFO: 01:44:11.184921 messenger.go:346: RECEIVED EST from 4
INFO: 01:44:11.189460 messenger.go:270: SENT EST to 4
INFO: 01:44:11.189785 messenger.go:346: RECEIVED EST from 0
INFO: 01:44:11.214112 messenger.go:270: SENT EST to 5
INFO: 01:44:11.215010 messenger.go:270: SENT EST to 9
INFO: 01:44:11.215119 messenger.go:270: SENT EST to 3
INFO: 01:44:11.219832 messenger.go:346: RECEIVED EST from 5
INFO: 01:44:11.222415 messenger.go:346: RECEIVED EST from 2
INFO: 01:44:11.224301 messenger.go:270: SENT EST to 7
INFO: 01:44:11.224473 messenger.go:346: RECEIVED EST from 4
INFO: 01:44:11.225125 messenger.go:346: RECEIVED EST from 7
INFO: 01:44:11.227125 messenger.go:270: SENT EST to 6
INFO: 01:44:11.228042 messenger.go:346: RECEIVED EST from 5
INFO: 01:44:11.230644 messenger.go:346: RECEIVED EST from 3
INFO: 01:44:11.230805 messenger.go:346: RECEIVED EST from 9
INFO: 01:44:11.233163 messenger.go:346: RECEIVED EST from 1
INFO: 01:44:11.233810 messenger.go:346: RECEIVED EST from 6
INFO: 01:44:11.241634 messenger.go:346: RECEIVED EST from 2
INFO: 01:44:11.247109 messenger.go:270: SENT EST to 9
INFO: 01:44:11.253405 messenger.go:346: RECEIVED EST from 4
INFO: 01:44:11.254303 messenger.go:346: RECEIVED EST from 0
INFO: 01:44:11.254351 messenger.go:270: SENT EST to 6
INFO: 01:44:11.257286 messenger.go:346: RECEIVED EST from 6
INFO: 01:44:11.257340 messenger.go:270: SENT EST to 2
INFO: 01:44:11.258450 messenger.go:346: RECEIVED EST from 4
INFO: 01:44:11.259607 messenger.go:270: SENT EST to 9
INFO: 01:44:11.259748 messenger.go:346: RECEIVED EST from 7
INFO: 01:44:11.259795 messenger.go:270: SENT EST to 0
INFO: 01:44:11.263494 messenger.go:346: RECEIVED EST from 5
INFO: 01:44:11.263647 messenger.go:346: RECEIVED EST from 1
INFO: 01:44:11.263819 messenger.go:270: SENT EST to 1
INFO: 01:44:11.264431 messenger.go:270: SENT EST to 5
INFO: 01:44:11.264795 messenger.go:270: SENT EST to 7
INFO: 01:44:11.265352 messenger.go:346: RECEIVED EST from 2
INFO: 01:44:11.276617 messenger.go:346: RECEIVED EST from 3
INFO: 01:44:11.277476 messenger.go:270: SENT EST to 4
INFO: 01:44:11.280442 messenger.go:270: SENT EST to 3
INFO: 01:44:11.280867 messenger.go:270: SENT EST to 1
INFO: 01:44:11.281001 messenger.go:270: SENT EST to 7
INFO: 01:44:11.281171 messenger.go:346: RECEIVED EST from 7
INFO: 01:44:11.281910 messenger.go:270: SENT EST to 0
INFO: 01:44:11.282874 messenger.go:270: SENT EST to 6
INFO: 01:44:11.287200 messenger.go:346: RECEIVED EST from 9
INFO: 01:44:11.288009 messenger.go:346: RECEIVED EST from 6
INFO: 01:44:11.288276 messenger.go:346: RECEIVED EST from 7
INFO: 01:44:11.288428 messenger.go:346: RECEIVED EST from 1
INFO: 01:44:11.288575 messenger.go:346: RECEIVED EST from 5
INFO: 01:44:11.308410 messenger.go:270: SENT EST to 5
INFO: 01:44:11.308564 messenger.go:270: SENT EST to 4
INFO: 01:44:11.308750 messenger.go:270: SENT EST to 9
INFO: 01:44:11.309545 messenger.go:270: SENT EST to 1
INFO: 01:44:11.312512 messenger.go:346: RECEIVED EST from 7
INFO: 01:44:11.312573 messenger.go:270: SENT EST to 3
INFO: 01:44:11.312688 messenger.go:346: RECEIVED EST from 4
INFO: 01:44:11.312993 messenger.go:270: SENT EST to 0
INFO: 01:44:11.313150 messenger.go:270: SENT EST to 6
INFO: 01:44:11.314405 messenger.go:346: RECEIVED EST from 6
INFO: 01:44:11.315423 messenger.go:346: RECEIVED EST from 0
INFO: 01:44:11.316474 messenger.go:270: SENT EST to 2
INFO: 01:44:11.320398 messenger.go:346: RECEIVED EST from 2
INFO: 01:44:11.324998 messenger.go:346: RECEIVED EST from 1
INFO: 01:44:11.335757 messenger.go:346: RECEIVED EST from 5
INFO: 01:44:11.336438 messenger.go:270: SENT EST to 7
INFO: 01:44:11.371951 messenger.go:346: RECEIVED EST from 3
INFO: 01:44:11.386618 messenger.go:270: SENT EST to 9
INFO: 01:44:11.388012 messenger.go:346: RECEIVED EST from 7
INFO: 01:44:11.386791 messenger.go:346: RECEIVED EST from 9
INFO: 01:44:11.399398 messenger.go:270: SENT EST to 3
INFO: 01:44:11.399443 messenger.go:270: SENT EST to 1
INFO: 01:44:11.400997 messenger.go:346: RECEIVED EST from 3
INFO: 01:44:11.401295 messenger.go:346: RECEIVED EST from 4
INFO: 01:44:11.401500 messenger.go:346: RECEIVED EST from 2
INFO: 01:44:11.401741 messenger.go:346: RECEIVED EST from 9
INFO: 01:44:11.401795 messenger.go:270: SENT EST to 2
INFO: 01:44:11.404503 messenger.go:346: RECEIVED EST from 6
INFO: 01:44:11.404614 messenger.go:270: SENT EST to 0
INFO: 01:44:11.406552 messenger.go:346: RECEIVED EST from 0
INFO: 01:44:11.409057 messenger.go:270: SENT EST to 5
INFO: 01:44:11.409177 messenger.go:270: SENT EST to 6
INFO: 01:44:11.409217 messenger.go:270: SENT EST to 7
INFO: 01:44:11.429893 messenger.go:270: SENT EST to 4
INFO: 01:44:11.432619 messenger.go:270: SENT EST to 0
INFO: 01:44:11.432856 messenger.go:346: RECEIVED EST from 1
INFO: 01:44:11.433115 messenger.go:270: SENT EST to 7
INFO: 01:44:11.433871 messenger.go:270: SENT EST to 4
INFO: 01:44:11.434002 messenger.go:346: RECEIVED EST from 5
INFO: 01:44:11.440680 messenger.go:346: RECEIVED EST from 0
INFO: 01:44:11.440868 messenger.go:346: RECEIVED EST from 7
INFO: 01:44:11.440999 messenger.go:346: RECEIVED EST from 0
INFO: 01:44:11.447580 messenger.go:270: SENT EST to 6
INFO: 01:44:11.447648 messenger.go:270: SENT EST to 9
INFO: 01:44:11.448042 messenger.go:346: RECEIVED EST from 2
INFO: 01:44:11.448300 messenger.go:346: RECEIVED EST from 6
INFO: 01:44:11.448541 messenger.go:346: RECEIVED EST from 9
INFO: 01:44:11.458577 messenger.go:346: RECEIVED EST from 6
INFO: 01:44:11.458664 messenger.go:270: SENT EST to 3
INFO: 01:44:11.459260 messenger.go:346: RECEIVED EST from 9
INFO: 01:44:11.459790 messenger.go:346: RECEIVED EST from 0
INFO: 01:44:11.460387 messenger.go:270: SENT EST to 2
INFO: 01:44:11.463815 messenger.go:270: SENT EST to 4
INFO: 01:44:11.466357 messenger.go:270: SENT EST to 5
INFO: 01:44:11.466582 messenger.go:270: SENT EST to 9
INFO: 01:44:11.472028 messenger.go:270: SENT EST to 0
INFO: 01:44:11.472576 messenger.go:270: SENT EST to 1
INFO: 01:44:11.475440 messenger.go:346: RECEIVED EST from 4
INFO: 01:44:11.476509 messenger.go:270: SENT EST to 7
INFO: 01:44:11.477321 messenger.go:270: SENT EST to 0
INFO: 01:44:11.477480 messenger.go:346: RECEIVED EST from 5
INFO: 01:44:11.477632 messenger.go:346: RECEIVED EST from 4
INFO: 01:44:11.477768 messenger.go:346: RECEIVED EST from 1
INFO: 01:44:11.478394 messenger.go:346: RECEIVED EST from 7
INFO: 01:44:11.481037 messenger.go:270: SENT EST to 3
INFO: 01:44:11.486445 messenger.go:346: RECEIVED EST from 3
INFO: 01:44:11.487749 messenger.go:270: SENT EST to 6
INFO: 01:44:11.488659 messenger.go:270: SENT EST to 9
INFO: 01:44:11.489207 messenger.go:270: SENT EST to 1
INFO: 01:44:11.490144 messenger.go:270: SENT EST to 1
INFO: 01:44:11.493835 messenger.go:346: RECEIVED EST from 6
INFO: 01:44:11.496729 messenger.go:346: RECEIVED EST from 1
INFO: 01:44:11.497421 messenger.go:346: RECEIVED EST from 2
INFO: 01:44:11.500303 messenger.go:270: SENT EST to 2
INFO: 01:44:11.500916 messenger.go:270: SENT EST to 4
INFO: 01:44:11.508009 messenger.go:270: SENT EST to 3
INFO: 01:44:11.521862 messenger.go:346: RECEIVED EST from 0
INFO: 01:44:11.528842 messenger.go:270: SENT EST to 5
INFO: 01:44:11.530739 messenger.go:346: RECEIVED EST from 3
INFO: 01:44:11.532693 messenger.go:270: SENT EST to 7
INFO: 01:44:11.536115 messenger.go:270: SENT EST to 0
INFO: 01:44:11.536690 messenger.go:346: RECEIVED EST from 9
INFO: 01:44:11.537031 messenger.go:346: RECEIVED EST from 5
INFO: 01:44:11.538016 messenger.go:270: SENT EST to 5
INFO: 01:44:11.540193 messenger.go:270: SENT EST to 6
INFO: 01:44:11.556446 messenger.go:346: RECEIVED EST from 7
INFO: 01:44:11.570300 messenger.go:270: SENT EST to 2
INFO: 01:44:11.570964 messenger.go:346: RECEIVED EST from 2
INFO: 01:44:11.573047 messenger.go:346: RECEIVED EST from 4
INFO: 01:44:11.574846 messenger.go:270: SENT EST to 7
INFO: 01:44:11.575234 messenger.go:270: SENT EST to 4
INFO: 01:44:11.578813 messenger.go:346: RECEIVED EST from 3
INFO: 01:44:11.579456 messenger.go:270: SENT EST to 3
INFO: 01:44:11.592927 messenger.go:270: SENT EST to 1
INFO: 01:44:11.593596 messenger.go:346: RECEIVED EST from 0
INFO: 01:44:11.594175 messenger.go:346: RECEIVED EST from 1
INFO: 01:44:11.600972 messenger.go:346: RECEIVED EST from 6
INFO: 01:44:11.602024 messenger.go:346: RECEIVED EST from 7
INFO: 01:44:11.612371 messenger.go:346: RECEIVED EST from 3
INFO: 01:44:11.628896 messenger.go:270: SENT EST to 6
INFO: 01:44:11.629491 messenger.go:346: RECEIVED EST from 1
INFO: 01:44:11.650455 messenger.go:346: RECEIVED EST from 5
INFO: 01:44:11.652058 messenger.go:270: SENT EST to 5
INFO: 01:44:11.652099 messenger.go:270: SENT EST to 2
INFO: 01:44:11.661333 messenger.go:270: SENT EST to 9
INFO: 01:44:11.664729 messenger.go:346: RECEIVED EST from 7
INFO: 01:44:11.665897 messenger.go:346: RECEIVED EST from 6
INFO: 01:44:11.666181 messenger.go:270: SENT EST to 0
INFO: 01:44:11.670627 messenger.go:270: SENT EST to 6
INFO: 01:44:11.677881 messenger.go:270: SENT EST to 1
INFO: 01:44:11.689361 messenger.go:270: SENT EST to 4
INFO: 01:44:11.690393 messenger.go:346: RECEIVED EST from 4
INFO: 01:44:11.699152 messenger.go:270: SENT EST to 9
INFO: 01:44:11.717616 messenger.go:346: RECEIVED EST from 0
INFO: 01:44:11.719333 messenger.go:270: SENT EST to 3
INFO: 01:44:11.721347 messenger.go:346: RECEIVED EST from 9
INFO: 01:44:11.721848 messenger.go:270: SENT EST to 9
INFO: 01:44:11.722454 messenger.go:270: SENT EST to 2
INFO: 01:44:11.727508 messenger.go:346: RECEIVED EST from 5
INFO: 01:44:11.727607 messenger.go:270: SENT EST to 0
INFO: 01:44:11.728781 messenger.go:270: SENT EST to 3
INFO: 01:44:11.728811 messenger.go:270: SENT EST to 4
INFO: 01:44:11.728833 messenger.go:270: SENT EST to 2
INFO: 01:44:11.729116 messenger.go:270: SENT EST to 2
INFO: 01:44:11.730579 messenger.go:346: RECEIVED EST from 2
INFO: 01:44:11.732161 messenger.go:346: RECEIVED EST from 1
INFO: 01:44:11.735758 messenger.go:270: SENT EST to 5
INFO: 01:44:11.736421 messenger.go:270: SENT EST to 5
INFO: 01:44:11.736908 messenger.go:270: SENT EST to 5
INFO: 01:44:11.737791 messenger.go:270: SENT EST to 6
INFO: 01:44:11.738308 messenger.go:270: SENT EST to 4
INFO: 01:44:11.742291 messenger.go:270: SENT EST to 3
INFO: 01:44:11.743369 messenger.go:270: SENT EST to 1
INFO: 01:44:11.754743 messenger.go:346: RECEIVED EST from 6
INFO: 01:44:11.755117 messenger.go:270: SENT EST to 6
INFO: 01:44:11.763981 messenger.go:346: RECEIVED EST from 9
INFO: 01:44:11.770055 messenger.go:346: RECEIVED EST from 2
INFO: 01:44:11.770213 messenger.go:346: RECEIVED EST from 2
INFO: 01:44:11.770347 messenger.go:346: RECEIVED EST from 2
INFO: 01:44:11.770735 messenger.go:346: RECEIVED EST from 3
INFO: 01:44:11.776452 messenger.go:346: RECEIVED EST from 5
INFO: 01:44:11.797213 messenger.go:346: RECEIVED EST from 1
INFO: 01:44:11.797287 messenger.go:270: SENT EST to 7
INFO: 01:44:11.798094 messenger.go:346: RECEIVED EST from 5
INFO: 01:44:11.800804 messenger.go:346: RECEIVED EST from 0
INFO: 01:44:11.800952 messenger.go:346: RECEIVED EST from 7
INFO: 01:44:11.801089 messenger.go:346: RECEIVED EST from 6
INFO: 01:44:11.801317 messenger.go:346: RECEIVED EST from 3
INFO: 01:44:11.801461 messenger.go:270: SENT EST to 7
INFO: 01:44:11.804044 messenger.go:270: SENT EST to 6
INFO: 01:44:11.804298 messenger.go:346: RECEIVED EST from 0
INFO: 01:44:11.804905 messenger.go:270: SENT EST to 0
INFO: 01:44:11.805026 messenger.go:346: RECEIVED EST from 6
INFO: 01:44:11.805182 messenger.go:270: SENT EST to 7
INFO: 01:44:11.805620 messenger.go:346: RECEIVED EST from 0
INFO: 01:44:11.808052 messenger.go:270: SENT EST to 2
INFO: 01:44:11.808189 messenger.go:346: RECEIVED EST from 6
INFO: 01:44:11.808336 messenger.go:346: RECEIVED EST from 9
INFO: 01:44:11.808409 messenger.go:270: SENT EST to 7
INFO: 01:44:11.809814 messenger.go:346: RECEIVED EST from 1
INFO: 01:44:11.811629 messenger.go:270: SENT EST to 1
INFO: 01:44:11.814161 messenger.go:346: RECEIVED EST from 5
INFO: 01:44:11.818867 messenger.go:346: RECEIVED EST from 2
INFO: 01:44:11.830344 messenger.go:270: SENT EST to 3
INFO: 01:44:11.830543 messenger.go:346: RECEIVED EST from 9
INFO: 01:44:11.830935 messenger.go:346: RECEIVED EST from 5
INFO: 01:44:11.831015 messenger.go:270: SENT EST to 5
INFO: 01:44:11.834082 messenger.go:346: RECEIVED EST from 3
INFO: 01:44:11.834921 messenger.go:346: RECEIVED EST from 6
INFO: 01:44:11.834977 messenger.go:270: SENT EST to 4
INFO: 01:44:11.835090 messenger.go:346: RECEIVED EST from 4
INFO: 01:44:11.835588 messenger.go:346: RECEIVED EST from 0
INFO: 01:44:11.835723 messenger.go:346: RECEIVED EST from 1
INFO: 01:44:11.838037 messenger.go:346: RECEIVED EST from 7
INFO: 01:44:11.858065 messenger.go:270: SENT EST to 9
INFO: 01:44:11.861243 messenger.go:346: RECEIVED EST from 1
INFO: 01:44:11.863387 messenger.go:346: RECEIVED EST from 9
INFO: 01:44:11.864151 messenger.go:346: RECEIVED EST from 4
INFO: 01:44:11.864289 messenger.go:346: RECEIVED EST from 7
INFO: 01:44:11.864435 messenger.go:270: SENT EST to 7
INFO: 01:44:11.865193 messenger.go:270: SENT EST to 0
INFO: 01:44:11.865261 messenger.go:270: SENT EST to 2
INFO: 01:44:11.865670 messenger.go:270: SENT EST to 6
INFO: 01:44:11.868335 messenger.go:270: SENT EST to 9
INFO: 01:44:11.872859 messenger.go:270: SENT EST to 4
INFO: 01:44:11.873024 messenger.go:346: RECEIVED EST from 1
INFO: 01:44:11.877741 messenger.go:346: RECEIVED EST from 9
INFO: 01:44:11.877906 messenger.go:346: RECEIVED EST from 4
INFO: 01:44:11.878053 messenger.go:346: RECEIVED EST from 2
INFO: 01:44:11.878141 messenger.go:270: SENT EST to 1
INFO: 01:44:11.883876 messenger.go:346: RECEIVED EST from 3
INFO: 01:44:11.883934 messenger.go:270: SENT EST to 9
INFO: 01:44:11.884051 messenger.go:270: SENT EST to 2
INFO: 01:44:11.888513 messenger.go:270: SENT EST to 3
INFO: 01:44:11.888699 messenger.go:346: RECEIVED EST from 0
INFO: 01:44:11.888849 messenger.go:346: RECEIVED EST from 9
INFO: 01:44:11.889106 messenger.go:346: RECEIVED EST from 3
INFO: 01:44:11.889896 messenger.go:346: RECEIVED EST from 3
INFO: 01:44:11.890095 messenger.go:270: SENT EST to 5
INFO: 01:44:11.890902 messenger.go:346: RECEIVED EST from 7
INFO: 01:44:11.891645 messenger.go:270: SENT EST to 5
INFO: 01:44:11.892161 messenger.go:270: SENT EST to 7
INFO: 01:44:11.892355 messenger.go:346: RECEIVED EST from 5
INFO: 01:44:11.892580 messenger.go:270: SENT EST to 6
INFO: 01:44:11.894018 messenger.go:270: SENT EST to 1
INFO: 01:44:11.894213 messenger.go:270: SENT EST to 0
INFO: 01:44:11.897340 messenger.go:270: SENT EST to 4
INFO: 01:44:11.897490 messenger.go:346: RECEIVED EST from 4
INFO: 01:44:11.897631 messenger.go:346: RECEIVED EST from 7
INFO: 01:44:11.897915 messenger.go:270: SENT EST to 3
INFO: 01:44:11.898820 messenger.go:270: SENT EST to 7
INFO: 01:44:11.899638 messenger.go:270: SENT EST to 3
INFO: 01:44:11.899776 messenger.go:346: RECEIVED EST from 3
INFO: 01:44:11.899907 messenger.go:270: SENT EST to 6
INFO: 01:44:11.901158 messenger.go:270: SENT EST to 0
INFO: 01:44:11.902554 messenger.go:270: SENT EST to 2
INFO: 01:44:11.905687 messenger.go:346: RECEIVED EST from 6
INFO: 01:44:11.905993 messenger.go:346: RECEIVED EST from 0
INFO: 01:44:11.906809 messenger.go:270: SENT EST to 1
INFO: 01:44:11.909318 messenger.go:346: RECEIVED EST from 2
INFO: 01:44:11.918817 messenger.go:270: SENT EST to 5
INFO: 01:44:11.919526 messenger.go:270: SENT EST to 9
INFO: 01:44:11.921748 messenger.go:346: RECEIVED EST from 1
INFO: 01:44:11.922181 messenger.go:270: SENT EST to 0
INFO: 01:44:11.923209 messenger.go:270: SENT EST to 2
INFO: 01:44:11.932551 messenger.go:270: SENT EST to 4
INFO: 01:44:11.932928 messenger.go:270: SENT EST to 1
INFO: 01:44:11.933178 messenger.go:270: SENT EST to 7
INFO: 01:44:11.936892 messenger.go:346: RECEIVED EST from 0
INFO: 01:44:11.937088 messenger.go:346: RECEIVED EST from 4
INFO: 01:44:11.937396 messenger.go:346: RECEIVED EST from 3
INFO: 01:44:11.937543 messenger.go:346: RECEIVED EST from 9
INFO: 01:44:11.937704 messenger.go:346: RECEIVED EST from 6
INFO: 01:44:11.938760 messenger.go:270: SENT EST to 6
INFO: 01:44:11.946305 messenger.go:346: RECEIVED EST from 7
INFO: 01:44:11.949902 messenger.go:270: SENT EST to 5
INFO: 01:44:11.952467 messenger.go:270: SENT EST to 9
INFO: 01:44:11.959755 messenger.go:270: SENT EST to 3
INFO: 01:44:11.981809 messenger.go:270: SENT EST to 9
INFO: 01:44:11.982111 messenger.go:270: SENT EST to 0
INFO: 01:44:11.982268 messenger.go:346: RECEIVED EST from 1
INFO: 01:44:11.982407 messenger.go:346: RECEIVED EST from 5
INFO: 01:44:11.982587 messenger.go:346: RECEIVED EST from 7
INFO: 01:44:11.982764 messenger.go:346: RECEIVED EST from 6
INFO: 01:44:11.984086 messenger.go:346: RECEIVED EST from 0
INFO: 01:44:11.984140 messenger.go:270: SENT EST to 4
INFO: 01:44:11.986922 messenger.go:346: RECEIVED EST from 9
INFO: 01:44:11.988438 messenger.go:346: RECEIVED EST from 2
INFO: 01:44:11.988614 messenger.go:346: RECEIVED EST from 9
INFO: 01:44:11.989669 messenger.go:346: RECEIVED EST from 4
INFO: 01:44:11.990034 messenger.go:270: SENT EST to 0
INFO: 01:44:11.995661 messenger.go:270: SENT EST to 2
INFO: 01:44:11.995870 messenger.go:346: RECEIVED EST from 2
INFO: 01:44:11.996485 messenger.go:346: RECEIVED EST from 7
INFO: 01:44:11.996524 messenger.go:270: SENT EST to 9
INFO: 01:44:11.996527 messenger.go:270: SENT EST to 6
INFO: 01:44:11.996537 messenger.go:270: SENT EST to 7
INFO: 01:44:11.999757 messenger.go:346: RECEIVED EST from 3
INFO: 01:44:11.999814 messenger.go:270: SENT EST to 3
INFO: 01:44:12.000438 messenger.go:346: RECEIVED EST from 5
INFO: 01:44:12.000734 messenger.go:270: SENT EST to 0
INFO: 01:44:12.001330 messenger.go:270: SENT EST to 9
INFO: 01:44:12.010869 messenger.go:346: RECEIVED EST from 6
INFO: 01:44:12.011344 messenger.go:346: RECEIVED EST from 2
INFO: 01:44:12.011435 messenger.go:270: SENT EST to 1
INFO: 01:44:12.011437 messenger.go:346: RECEIVED EST from 7
INFO: 01:44:12.012005 messenger.go:270: SENT EST to 5
INFO: 01:44:12.012225 messenger.go:346: RECEIVED EST from 1
INFO: 01:44:12.012408 messenger.go:346: RECEIVED EST from 9
INFO: 01:44:12.014609 messenger.go:270: SENT EST to 2
INFO: 01:44:12.014758 messenger.go:346: RECEIVED EST from 5
INFO: 01:44:12.015765 messenger.go:270: SENT EST to 1
INFO: 01:44:12.017160 messenger.go:270: SENT EST to 2
INFO: 01:44:12.017590 messenger.go:346: RECEIVED EST from 1
INFO: 01:44:12.021825 messenger.go:346: RECEIVED EST from 5
INFO: 01:44:12.022212 messenger.go:270: SENT EST to 1
INFO: 01:44:12.035533 messenger.go:346: RECEIVED EST from 1
INFO: 01:44:12.035917 messenger.go:270: SENT EST to 4
INFO: 01:44:12.037808 messenger.go:270: SENT EST to 5
INFO: 01:44:12.039339 messenger.go:270: SENT EST to 9
INFO: 01:44:12.040268 messenger.go:270: SENT EST to 0
INFO: 01:44:12.040306 messenger.go:270: SENT EST to 3
INFO: 01:44:12.040324 messenger.go:270: SENT EST to 1
INFO: 01:44:12.040443 messenger.go:346: RECEIVED EST from 4
INFO: 01:44:12.047308 messenger.go:346: RECEIVED EST from 0
INFO: 01:44:12.047738 messenger.go:270: SENT EST to 2
INFO: 01:44:12.049180 messenger.go:346: RECEIVED EST from 9
INFO: 01:44:12.049337 messenger.go:346: RECEIVED EST from 6
INFO: 01:44:12.050126 messenger.go:346: RECEIVED EST from 5
INFO: 01:44:12.050724 messenger.go:270: SENT EST to 6
INFO: 01:44:12.051307 messenger.go:346: RECEIVED EST from 7
INFO: 01:44:12.056849 messenger.go:270: SENT EST to 7
INFO: 01:44:12.060976 messenger.go:270: SENT EST to 3
INFO: 01:44:12.061963 messenger.go:270: SENT EST to 4
INFO: 01:44:12.063806 messenger.go:270: SENT EST to 2
INFO: 01:44:12.063991 messenger.go:270: SENT EST to 5
INFO: 01:44:12.074340 messenger.go:346: RECEIVED EST from 2
INFO: 01:44:12.074646 messenger.go:346: RECEIVED EST from 4
INFO: 01:44:12.076437 messenger.go:270: SENT EST to 7
INFO: 01:44:12.076556 messenger.go:270: SENT EST to 6
INFO: 01:44:12.079517 messenger.go:346: RECEIVED EST from 2
INFO: 01:44:12.079670 messenger.go:346: RECEIVED EST from 6
INFO: 01:44:12.079686 messenger.go:346: RECEIVED EST from 7
INFO: 01:44:12.079812 messenger.go:270: SENT EST to 0
INFO: 01:44:12.080058 messenger.go:346: RECEIVED EST from 0
INFO: 01:44:12.082238 messenger.go:270: SENT EST to 9
INFO: 01:44:12.082256 messenger.go:346: RECEIVED EST from 9
INFO: 01:44:12.084884 messenger.go:270: SENT EST to 1
INFO: 01:44:12.085546 messenger.go:270: SENT EST to 3
INFO: 01:44:12.090200 messenger.go:346: RECEIVED EST from 3
INFO: 01:44:12.093786 messenger.go:270: SENT EST to 4
INFO: 01:44:12.096552 messenger.go:270: SENT EST to 5
INFO: 01:44:12.096975 messenger.go:270: SENT EST to 9
INFO: 01:44:12.102744 messenger.go:270: SENT EST to 7
INFO: 01:44:12.102995 messenger.go:346: RECEIVED EST from 2
INFO: 01:44:12.103762 messenger.go:270: SENT EST to 3
INFO: 01:44:12.104590 messenger.go:270: SENT EST to 6
INFO: 01:44:12.104681 messenger.go:270: SENT EST to 0
INFO: 01:44:12.107182 messenger.go:346: RECEIVED EST from 5
INFO: 01:44:12.107437 messenger.go:270: SENT EST to 2
INFO: 01:44:12.108934 messenger.go:346: RECEIVED EST from 1
INFO: 01:44:12.126019 messenger.go:270: SENT EST to 1
INFO: 01:44:12.126197 messenger.go:270: SENT EST to 4
INFO: 01:44:12.138480 messenger.go:346: RECEIVED EST from 3
INFO: 01:44:12.138816 messenger.go:270: SENT EST to 0
INFO: 01:44:12.139089 messenger.go:270: SENT EST to 2
INFO: 01:44:12.139185 messenger.go:346: RECEIVED EST from 4
INFO: 01:44:12.139700 messenger.go:346: RECEIVED EST from 0
INFO: 01:44:12.139306 messenger.go:346: RECEIVED EST from 6
INFO: 01:44:12.148269 messenger.go:270: SENT EST to 1
INFO: 01:44:12.148293 messenger.go:270: SENT EST to 6
INFO: 01:44:12.148416 messenger.go:346: RECEIVED EST from 1
INFO: 01:44:12.148493 messenger.go:270: SENT EST to 3
INFO: 01:44:12.148767 messenger.go:346: RECEIVED EST from 7
INFO: 01:44:12.152214 messenger.go:270: SENT EST to 7
INFO: 01:44:12.166319 messenger.go:270: SENT EST to 3
INFO: 01:44:12.167088 messenger.go:346: RECEIVED EST from 3
INFO: 01:44:12.167164 messenger.go:270: SENT EST to 4
INFO: 01:44:12.167655 messenger.go:346: RECEIVED EST from 1
INFO: 01:44:12.167839 messenger.go:270: SENT EST to 5
INFO: 01:44:12.167879 messenger.go:346: RECEIVED EST from 4
INFO: 01:44:12.168249 messenger.go:346: RECEIVED EST from 2
INFO: 01:44:12.168372 messenger.go:346: RECEIVED EST from 9
INFO: 01:44:12.168422 messenger.go:270: SENT EST to 9
INFO: 01:44:12.174379 messenger.go:270: SENT EST to 7
INFO: 01:44:12.175188 messenger.go:346: RECEIVED EST from 0
INFO: 01:44:12.175705 messenger.go:270: SENT EST to 0
INFO: 01:44:12.177510 messenger.go:270: SENT EST to 1
INFO: 01:44:12.177553 messenger.go:270: SENT EST to 2
INFO: 01:44:12.177749 messenger.go:346: RECEIVED EST from 3
INFO: 01:44:12.178473 messenger.go:270: SENT EST to 9
INFO: 01:44:12.179594 messenger.go:270: SENT EST to 5
INFO: 01:44:12.179678 messenger.go:346: RECEIVED EST from 5
INFO: 01:44:12.188506 messenger.go:346: RECEIVED EST from 9
INFO: 01:44:12.188917 messenger.go:346: RECEIVED EST from 7
INFO: 01:44:12.195946 messenger.go:270: SENT EST to 3
INFO: 01:44:12.196012 messenger.go:270: SENT EST to 4
INFO: 01:44:12.201571 messenger.go:270: SENT EST to 6
INFO: 01:44:12.201996 messenger.go:346: RECEIVED EST from 6
INFO: 01:44:12.204173 messenger.go:346: RECEIVED EST from 0
INFO: 01:44:12.205989 messenger.go:346: RECEIVED EST from 1
INFO: 01:44:12.206142 messenger.go:346: RECEIVED EST from 6
INFO: 01:44:12.206568 messenger.go:346: RECEIVED EST from 4
INFO: 01:44:12.207312 messenger.go:270: SENT EST to 6
INFO: 01:44:12.207373 messenger.go:270: SENT EST to 0
INFO: 01:44:12.207411 messenger.go:270: SENT EST to 2
INFO: 01:44:12.209728 messenger.go:270: SENT EST to 7
INFO: 01:44:12.210078 messenger.go:346: RECEIVED EST from 2
INFO: 01:44:12.210560 messenger.go:270: SENT EST to 5
INFO: 01:44:12.211426 messenger.go:270: SENT EST to 9
INFO: 01:44:12.220978 messenger.go:346: RECEIVED EST from 7
INFO: 01:44:12.221219 messenger.go:270: SENT EST to 3
INFO: 01:44:12.221313 messenger.go:270: SENT EST to 1
INFO: 01:44:12.221486 messenger.go:346: RECEIVED EST from 3
INFO: 01:44:12.223591 messenger.go:346: RECEIVED EST from 5
INFO: 01:44:12.226988 messenger.go:346: RECEIVED EST from 7
INFO: 01:44:12.228001 messenger.go:346: RECEIVED EST from 9
INFO: 01:44:12.229426 messenger.go:346: RECEIVED EST from 7
INFO: 01:44:12.231563 messenger.go:346: RECEIVED EST from 6
INFO: 01:44:12.236203 messenger.go:346: RECEIVED EST from 0
INFO: 01:44:12.236983 messenger.go:346: RECEIVED EST from 2
INFO: 01:44:12.238939 messenger.go:270: SENT EST to 4
INFO: 01:44:12.248140 messenger.go:346: RECEIVED EST from 6
INFO: 01:44:12.248200 messenger.go:346: RECEIVED EST from 1
INFO: 01:44:12.248318 messenger.go:346: RECEIVED EST from 3
INFO: 01:44:12.248506 messenger.go:270: SENT EST to 0
INFO: 01:44:12.251771 messenger.go:270: SENT EST to 7
INFO: 01:44:12.251839 messenger.go:270: SENT EST to 6
INFO: 01:44:12.251910 messenger.go:270: SENT EST to 1
INFO: 01:44:12.251948 messenger.go:270: SENT EST to 2
INFO: 01:44:12.252132 messenger.go:346: RECEIVED EST from 1
INFO: 01:44:12.252251 messenger.go:270: SENT EST to 3
INFO: 01:44:12.252775 messenger.go:270: SENT EST to 5
INFO: 01:44:12.255281 messenger.go:270: SENT EST to 9
INFO: 01:44:12.262661 messenger.go:346: RECEIVED EST from 7
INFO: 01:44:12.266726 messenger.go:346: RECEIVED EST from 5
INFO: 01:44:12.270315 messenger.go:346: RECEIVED EST from 1
INFO: 01:44:12.270737 messenger.go:346: RECEIVED EST from 3
INFO: 01:44:12.271718 messenger.go:346: RECEIVED EST from 9
INFO: 01:44:12.276585 messenger.go:346: RECEIVED EST from 4
INFO: 01:44:12.283377 messenger.go:270: SENT EST to 4
INFO: 01:44:12.292915 messenger.go:346: RECEIVED EST from 7
INFO: 01:44:12.293169 messenger.go:346: RECEIVED EST from 6
INFO: 01:44:12.293483 messenger.go:346: RECEIVED EST from 4
INFO: 01:44:12.293741 messenger.go:346: RECEIVED EST from 0
INFO: 01:44:12.295640 messenger.go:270: SENT EST to 7
INFO: 01:44:12.295790 messenger.go:346: RECEIVED EST from 3
INFO: 01:44:12.298937 messenger.go:270: SENT EST to 5
INFO: 01:44:12.299112 messenger.go:346: RECEIVED EST from 5
INFO: 01:44:12.299422 messenger.go:346: RECEIVED EST from 2
INFO: 01:44:12.299731 messenger.go:270: SENT EST to 6
INFO: 01:44:12.303131 messenger.go:270: SENT EST to 4
INFO: 01:44:12.303593 messenger.go:346: RECEIVED EST from 4
INFO: 01:44:12.303778 messenger.go:346: RECEIVED EST from 3
INFO: 01:44:12.303915 messenger.go:346: RECEIVED EST from 0
INFO: 01:44:12.305306 messenger.go:270: SENT EST to 3
INFO: 01:44:12.311796 messenger.go:270: SENT EST to 2
INFO: 01:44:12.311921 messenger.go:270: SENT EST to 9
INFO: 01:44:12.312321 messenger.go:270: SENT EST to 0
INFO: 01:44:12.312486 messenger.go:346: RECEIVED EST from 9
INFO: 01:44:12.322262 messenger.go:270: SENT EST to 7
INFO: 01:44:12.325237 messenger.go:270: SENT EST to 4
INFO: 01:44:12.325332 messenger.go:270: SENT EST to 6
INFO: 01:44:12.325513 messenger.go:346: RECEIVED EST from 6
INFO: 01:44:12.325710 messenger.go:346: RECEIVED EST from 3
INFO: 01:44:12.326110 messenger.go:270: SENT EST to 5
INFO: 01:44:12.326374 messenger.go:346: RECEIVED EST from 0
INFO: 01:44:12.326509 messenger.go:346: RECEIVED EST from 2
INFO: 01:44:12.326668 messenger.go:346: RECEIVED EST from 7
INFO: 01:44:12.326803 messenger.go:270: SENT EST to 9
INFO: 01:44:12.328903 messenger.go:270: SENT EST to 0
INFO: 01:44:12.331032 messenger.go:270: SENT EST to 7
INFO: 01:44:12.331441 messenger.go:346: RECEIVED EST from 6
INFO: 01:44:12.333224 messenger.go:346: RECEIVED EST from 2
INFO: 01:44:12.333429 messenger.go:346: RECEIVED EST from 7
INFO: 01:44:12.333556 messenger.go:270: SENT EST to 6
INFO: 01:44:12.336379 messenger.go:270: SENT EST to 1
INFO: 01:44:12.337106 messenger.go:270: SENT EST to 3
INFO: 01:44:12.338562 messenger.go:346: RECEIVED EST from 2
INFO: 01:44:12.340039 messenger.go:270: SENT EST to 0
INFO: 01:44:12.341570 messenger.go:270: SENT EST to 1
INFO: 01:44:12.341821 messenger.go:270: SENT EST to 1
INFO: 01:44:12.344467 messenger.go:346: RECEIVED EST from 1
INFO: 01:44:12.348517 messenger.go:270: SENT EST to 9
INFO: 01:44:12.350671 messenger.go:270: SENT EST to 5
INFO: 01:44:12.351658 messenger.go:270: SENT EST to 2
INFO: 01:44:12.352186 messenger.go:346: RECEIVED EST from 5
INFO: 01:44:12.353223 messenger.go:346: RECEIVED EST from 9
INFO: 01:44:12.353826 messenger.go:346: RECEIVED EST from 0
INFO: 01:44:12.353945 messenger.go:270: SENT EST to 3
INFO: 01:44:12.356512 messenger.go:346: RECEIVED EST from 6
INFO: 01:44:12.359556 messenger.go:270: SENT EST to 2
INFO: 01:44:12.362662 messenger.go:346: RECEIVED EST from 7
INFO: 01:44:12.362819 messenger.go:346: RECEIVED EST from 5
INFO: 01:44:12.376200 messenger.go:346: RECEIVED EST from 3
INFO: 01:44:12.383116 messenger.go:270: SENT EST to 4
INFO: 01:44:12.388580 messenger.go:270: SENT EST to 3
INFO: 01:44:12.388733 messenger.go:270: SENT EST to 6
INFO: 01:44:12.389591 messenger.go:346: RECEIVED EST from 5
INFO: 01:44:12.391760 messenger.go:346: RECEIVED EST from 6
INFO: 01:44:12.402006 messenger.go:346: RECEIVED EST from 9
INFO: 01:44:12.402744 messenger.go:270: SENT EST to 2
INFO: 01:44:12.402945 messenger.go:346: RECEIVED EST from 0
INFO: 01:44:12.403038 messenger.go:270: SENT EST to 5
INFO: 01:44:12.403125 messenger.go:270: SENT EST to 0
INFO: 01:44:12.403554 messenger.go:346: RECEIVED EST from 2
INFO: 01:44:12.406644 messenger.go:270: SENT EST to 9
INFO: 01:44:12.413573 messenger.go:270: SENT EST to 1
INFO: 01:44:12.415070 messenger.go:346: RECEIVED EST from 1
INFO: 01:44:12.420416 messenger.go:270: SENT EST to 7
INFO: 01:44:12.423260 messenger.go:346: RECEIVED EST from 3
INFO: 01:44:12.426339 messenger.go:270: SENT EST to 4
INFO: 01:44:12.430719 messenger.go:346: RECEIVED EST from 4
INFO: 01:44:12.433560 messenger.go:270: SENT EST to 3
INFO: 01:44:12.434480 messenger.go:346: RECEIVED EST from 6
INFO: 01:44:12.436507 messenger.go:346: RECEIVED EST from 5
INFO: 01:44:12.437177 messenger.go:270: SENT EST to 6
INFO: 01:44:12.437570 messenger.go:270: SENT EST to 1
INFO: 01:44:12.437673 messenger.go:346: RECEIVED EST from 2
INFO: 01:44:12.444048 messenger.go:346: RECEIVED EST from 9
INFO: 01:44:12.446598 messenger.go:270: SENT EST to 5
INFO: 01:44:12.446636 messenger.go:270: SENT EST to 2
INFO: 01:44:12.446708 messenger.go:270: SENT EST to 0
INFO: 01:44:12.447125 messenger.go:346: RECEIVED EST from 0
INFO: 01:44:12.447159 messenger.go:270: SENT EST to 9
INFO: 01:44:12.450444 messenger.go:270: SENT EST to 4
INFO: 01:44:12.451652 messenger.go:270: SENT EST to 7
INFO: 01:44:12.454166 messenger.go:346: RECEIVED EST from 7
INFO: 01:44:12.458383 messenger.go:270: SENT EST to 5
INFO: 01:44:12.458886 messenger.go:346: RECEIVED EST from 3
INFO: 01:44:12.458896 messenger.go:270: SENT EST to 3
INFO: 01:44:12.458903 messenger.go:270: SENT EST to 6
INFO: 01:44:12.460485 messenger.go:270: SENT EST to 2
INFO: 01:44:12.484469 messenger.go:270: SENT EST to 9
INFO: 01:44:12.484531 messenger.go:270: SENT EST to 0
INFO: 01:44:12.484697 messenger.go:346: RECEIVED EST from 1
INFO: 01:44:12.484817 messenger.go:270: SENT EST to 7
INFO: 01:44:12.484817 messenger.go:270: SENT EST to 1
INFO: 01:44:12.484874 messenger.go:270: SENT EST to 4
INFO: 01:44:12.485005 messenger.go:346: RECEIVED EST from 2
INFO: 01:44:12.485180 messenger.go:346: RECEIVED EST from 5
INFO: 01:44:12.489262 messenger.go:346: RECEIVED EST from 4
INFO: 01:44:12.489673 messenger.go:346: RECEIVED EST from 0
INFO: 01:44:12.493657 messenger.go:346: RECEIVED EST from 7
INFO: 01:44:12.494217 messenger.go:346: RECEIVED EST from 9
INFO: 01:44:12.494630 messenger.go:346: RECEIVED EST from 2
INFO: 01:44:12.494691 messenger.go:270: SENT EST to 9
INFO: 01:44:12.500736 messenger.go:270: SENT EST to 2
INFO: 01:44:12.507073 messenger.go:270: SENT EST to 5
INFO: 01:44:12.507338 messenger.go:270: SENT EST to 1
INFO: 01:44:12.507354 messenger.go:270: SENT EST to 3
INFO: 01:44:12.507521 messenger.go:346: RECEIVED EST from 5
INFO: 01:44:12.507524 messenger.go:270: SENT EST to 6
INFO: 01:44:12.507604 messenger.go:270: SENT EST to 0
INFO: 01:44:12.507709 messenger.go:346: RECEIVED EST from 3
INFO: 01:44:12.507949 messenger.go:346: RECEIVED EST from 6
INFO: 01:44:12.508307 messenger.go:346: RECEIVED EST from 0
INFO: 01:44:12.524873 messenger.go:346: RECEIVED EST from 1
INFO: 01:44:12.525279 messenger.go:346: RECEIVED EST from 2
INFO: 01:44:12.538534 messenger.go:270: SENT EST to 7
INFO: 01:44:12.538831 messenger.go:346: RECEIVED EST from 7
INFO: 01:44:12.538975 messenger.go:346: RECEIVED EST from 5
INFO: 01:44:12.540225 messenger.go:270: SENT EST to 4
INFO: 01:44:12.544247 messenger.go:346: RECEIVED EST from 4
INFO: 01:44:12.544724 messenger.go:346: RECEIVED EST from 3
INFO: 01:44:12.545549 messenger.go:346: RECEIVED EST from 9
INFO: 01:44:12.547622 messenger.go:346: RECEIVED EST from 6
INFO: 01:44:12.550445 messenger.go:346: RECEIVED EST from 2
INFO: 01:44:12.554784 messenger.go:346: RECEIVED EST from 5
INFO: 01:44:12.569360 messenger.go:270: SENT EST to 2
INFO: 01:44:12.570168 messenger.go:346: RECEIVED EST from 0
INFO: 01:44:12.572446 messenger.go:270: SENT EST to 5
INFO: 01:44:12.575833 messenger.go:346: RECEIVED EST from 7
INFO: 01:44:12.577220 messenger.go:346: RECEIVED EST from 3
INFO: 01:44:12.577608 messenger.go:346: RECEIVED EST from 4
INFO: 01:44:12.577758 messenger.go:346: RECEIVED EST from 1
INFO: 01:44:12.578298 messenger.go:270: SENT EST to 7
INFO: 01:44:12.578340 messenger.go:270: SENT EST to 4
INFO: 01:44:12.578745 messenger.go:270: SENT EST to 3
INFO: 01:44:12.579049 messenger.go:270: SENT EST to 1
INFO: 01:44:12.579333 messenger.go:346: RECEIVED EST from 2
INFO: 01:44:12.580253 messenger.go:346: RECEIVED EST from 9
INFO: 01:44:12.582332 messenger.go:346: RECEIVED EST from 5
INFO: 01:44:12.586272 messenger.go:270: SENT EST to 9
INFO: 01:44:12.587132 messenger.go:270: SENT EST to 0
INFO: 01:44:12.587953 messenger.go:270: SENT EST to 6
INFO: 01:44:12.589052 messenger.go:346: RECEIVED EST from 6
INFO: 01:44:12.599168 messenger.go:270: SENT EST to 5
INFO: 01:44:12.600683 messenger.go:270: SENT EST to 0
INFO: 01:44:12.601175 messenger.go:270: SENT EST to 9
INFO: 01:44:12.601203 messenger.go:270: SENT EST to 6
INFO: 01:44:12.610351 messenger.go:270: SENT EST to 7
INFO: 01:44:12.639153 messenger.go:346: RECEIVED EST from 1
INFO: 01:44:12.639375 messenger.go:346: RECEIVED EST from 7
INFO: 01:44:12.639856 messenger.go:346: RECEIVED EST from 4
INFO: 01:44:12.639998 messenger.go:346: RECEIVED EST from 6
INFO: 01:44:12.640010 messenger.go:346: RECEIVED EST from 3
INFO: 01:44:12.640134 messenger.go:346: RECEIVED EST from 0
INFO: 01:44:12.640301 messenger.go:346: RECEIVED EST from 6
INFO: 01:44:12.640345 messenger.go:270: SENT EST to 4
INFO: 01:44:12.643098 messenger.go:346: RECEIVED EST from 9
INFO: 01:44:12.643276 messenger.go:346: RECEIVED EST from 7
INFO: 01:44:12.643624 messenger.go:346: RECEIVED EST from 2
INFO: 01:44:12.643880 messenger.go:270: SENT EST to 4
INFO: 01:44:12.644200 messenger.go:346: RECEIVED EST from 5
INFO: 01:44:12.645222 messenger.go:346: RECEIVED EST from 0
INFO: 01:44:12.653220 messenger.go:346: RECEIVED EST from 4
INFO: 01:44:12.653300 messenger.go:270: SENT EST to 4
INFO: 01:44:12.657139 messenger.go:346: RECEIVED EST from 3
INFO: 01:44:12.657372 messenger.go:270: SENT EST to 0
INFO: 01:44:12.657563 messenger.go:270: SENT EST to 7
INFO: 01:44:12.658187 messenger.go:346: RECEIVED EST from 4
INFO: 01:44:12.658201 messenger.go:270: SENT EST to 3
INFO: 01:44:12.658453 messenger.go:346: RECEIVED EST from 7
INFO: 01:44:12.658884 messenger.go:346: RECEIVED EST from 3
INFO: 01:44:12.659155 messenger.go:346: RECEIVED EST from 9
INFO: 01:44:12.660467 messenger.go:270: SENT EST to 9
INFO: 01:44:12.660685 messenger.go:270: SENT EST to 2
INFO: 01:44:12.661119 messenger.go:346: RECEIVED EST from 6
INFO: 01:44:12.661845 messenger.go:346: RECEIVED EST from 2
INFO: 01:44:12.670412 messenger.go:270: SENT EST to 5
INFO: 01:44:12.671873 messenger.go:346: RECEIVED EST from 5
INFO: 01:44:12.672097 messenger.go:346: RECEIVED EST from 3
INFO: 01:44:12.675478 messenger.go:346: RECEIVED EST from 1
INFO: 01:44:12.675679 messenger.go:346: RECEIVED EST from 0
INFO: 01:44:12.677572 messenger.go:346: RECEIVED EST from 9
INFO: 01:44:12.682476 messenger.go:270: SENT EST to 6
INFO: 01:44:12.684661 messenger.go:270: SENT EST to 5
INFO: 01:44:12.685441 messenger.go:346: RECEIVED EST from 5
INFO: 01:44:12.685697 messenger.go:346: RECEIVED EST from 9
INFO: 01:44:12.688022 messenger.go:270: SENT EST to 1
INFO: 01:44:12.688970 messenger.go:346: RECEIVED EST from 6
INFO: 01:44:12.689756 messenger.go:346: RECEIVED EST from 5
INFO: 01:44:12.690942 messenger.go:270: SENT EST to 2
INFO: 01:44:12.695574 messenger.go:346: RECEIVED EST from 2
INFO: 01:44:12.696579 messenger.go:270: SENT EST to 9
INFO: 01:44:12.700634 messenger.go:270: SENT EST to 5
INFO: 01:44:12.708150 messenger.go:346: RECEIVED EST from 9
INFO: 01:44:12.709909 messenger.go:346: RECEIVED EST from 2
INFO: 01:44:12.714013 messenger.go:270: SENT EST to 6
INFO: 01:44:12.714644 messenger.go:346: RECEIVED EST from 4
INFO: 01:44:12.715257 messenger.go:270: SENT EST to 4
INFO: 01:44:12.716524 messenger.go:270: SENT EST to 7
INFO: 01:44:12.716845 messenger.go:270: SENT EST to 3
INFO: 01:44:12.716611 messenger.go:270: SENT EST to 0
INFO: 01:44:12.716720 messenger.go:346: RECEIVED EST from 7
INFO: 01:44:12.720163 messenger.go:346: RECEIVED EST from 3
INFO: 01:44:12.727111 messenger.go:346: RECEIVED EST from 0
INFO: 01:44:12.727251 messenger.go:346: RECEIVED EST from 5
INFO: 01:44:12.727944 messenger.go:346: RECEIVED EST from 1
INFO: 01:44:12.728561 messenger.go:270: SENT EST to 7
INFO: 01:44:12.729932 messenger.go:270: SENT EST to 0
INFO: 01:44:12.730065 messenger.go:270: SENT EST to 1
INFO: 01:44:12.738709 messenger.go:346: RECEIVED EST from 6
INFO: 01:44:12.741539 messenger.go:270: SENT EST to 6
INFO: 01:44:12.742455 messenger.go:346: RECEIVED EST from 4
INFO: 01:44:12.743421 messenger.go:346: RECEIVED EST from 7
INFO: 01:44:12.743913 messenger.go:346: RECEIVED EST from 0
INFO: 01:44:12.753187 messenger.go:270: SENT EST to 3
INFO: 01:44:12.754636 messenger.go:270: SENT EST to 4
INFO: 01:44:12.754870 messenger.go:346: RECEIVED EST from 3
INFO: 01:44:12.754936 messenger.go:270: SENT EST to 9
INFO: 01:44:12.759732 messenger.go:270: SENT EST to 2
INFO: 01:44:12.760084 messenger.go:270: SENT EST to 7
INFO: 01:44:12.761547 messenger.go:270: SENT EST to 6
INFO: 01:44:12.761737 messenger.go:346: RECEIVED EST from 0
INFO: 01:44:12.765839 messenger.go:346: RECEIVED EST from 2
INFO: 01:44:12.765913 messenger.go:346: RECEIVED EST from 9
INFO: 01:44:12.769681 messenger.go:346: RECEIVED EST from 5
INFO: 01:44:12.770367 messenger.go:270: SENT EST to 5
INFO: 01:44:12.771525 messenger.go:346: RECEIVED EST from 6
INFO: 01:44:12.771591 messenger.go:270: SENT EST to 1
INFO: 01:44:12.772712 messenger.go:346: RECEIVED EST from 1
INFO: 01:44:12.773153 messenger.go:346: RECEIVED EST from 3
INFO: 01:44:12.773267 messenger.go:270: SENT EST to 9
INFO: 01:44:12.773720 messenger.go:270: SENT EST to 0
INFO: 01:44:12.783345 messenger.go:346: RECEIVED EST from 4
INFO: 01:44:12.787112 messenger.go:270: SENT EST to 7
INFO: 01:44:12.791048 messenger.go:270: SENT EST to 4
INFO: 01:44:12.792053 messenger.go:346: RECEIVED EST from 7
INFO: 01:44:12.792235 messenger.go:270: SENT EST to 0
INFO: 01:44:12.793170 messenger.go:346: RECEIVED EST from 9
INFO: 01:44:12.793532 messenger.go:346: RECEIVED EST from 0
INFO: 01:44:12.797545 messenger.go:346: RECEIVED EST from 2
INFO: 01:44:12.797707 messenger.go:270: SENT EST to 3
INFO: 01:44:12.797752 messenger.go:346: RECEIVED EST from 5
INFO: 01:44:12.800070 messenger.go:270: SENT EST to 5
INFO: 01:44:12.802296 messenger.go:270: SENT EST to 2
INFO: 01:44:12.802762 messenger.go:346: RECEIVED EST from 3
INFO: 01:44:12.803074 messenger.go:270: SENT EST to 9
INFO: 01:44:12.803460 messenger.go:270: SENT EST to 6
INFO: 01:44:12.803856 messenger.go:346: RECEIVED EST from 6
INFO: 01:44:12.804252 messenger.go:270: SENT EST to 1
INFO: 01:44:12.804744 messenger.go:346: RECEIVED EST from 1
INFO: 01:44:12.806124 messenger.go:270: SENT EST to 6
INFO: 01:44:12.807534 messenger.go:270: SENT EST to 1
INFO: 01:44:12.809826 messenger.go:270: SENT EST to 1
INFO: 01:44:12.810032 messenger.go:346: RECEIVED EST from 1
INFO: 01:44:12.810095 messenger.go:270: SENT EST to 9
INFO: 01:44:12.810196 messenger.go:346: RECEIVED EST from 9
INFO: 01:44:12.813570 messenger.go:270: SENT EST to 1
INFO: 01:44:12.814240 messenger.go:346: RECEIVED EST from 4
INFO: 01:44:12.821593 messenger.go:270: SENT EST to 7
INFO: 01:44:12.821869 messenger.go:346: RECEIVED EST from 0
INFO: 01:44:12.826359 messenger.go:270: SENT EST to 4
INFO: 01:44:12.826551 messenger.go:270: SENT EST to 3
INFO: 01:44:12.826820 messenger.go:346: RECEIVED EST from 6
INFO: 01:44:12.829725 messenger.go:270: SENT EST to 0
INFO: 01:44:12.832108 messenger.go:346: RECEIVED EST from 7
INFO: 01:44:12.832376 messenger.go:270: SENT EST to 2
INFO: 01:44:12.832489 messenger.go:346: RECEIVED EST from 2
INFO: 01:44:12.837245 messenger.go:270: SENT EST to 3
INFO: 01:44:12.840428 messenger.go:346: RECEIVED EST from 1
INFO: 01:44:12.841447 messenger.go:270: SENT EST to 4
INFO: 01:44:12.847991 messenger.go:346: RECEIVED EST from 5
INFO: 01:44:12.848277 messenger.go:270: SENT EST to 5
INFO: 01:44:12.851089 messenger.go:346: RECEIVED EST from 0
INFO: 01:44:12.851252 messenger.go:346: RECEIVED EST from 3
INFO: 01:44:12.852727 messenger.go:346: RECEIVED EST from 4
INFO: 01:44:12.853011 messenger.go:270: SENT EST to 1
INFO: 01:44:12.853736 messenger.go:270: SENT EST to 7
INFO: 01:44:12.854235 messenger.go:270: SENT EST to 0
INFO: 01:44:12.859704 messenger.go:270: SENT EST to 6
INFO: 01:44:12.859772 messenger.go:270: SENT EST to 9
INFO: 01:44:12.859938 messenger.go:346: RECEIVED EST from 9
INFO: 01:44:12.863861 messenger.go:346: RECEIVED EST from 7
INFO: 01:44:12.866190 messenger.go:346: RECEIVED EST from 6
INFO: 01:44:12.866507 messenger.go:270: SENT EST to 2
INFO: 01:44:12.880470 messenger.go:270: SENT EST to 2
INFO: 01:44:12.883503 messenger.go:270: SENT EST to 5
INFO: 01:44:12.885142 messenger.go:270: SENT EST to 4
INFO: 01:44:12.886881 messenger.go:346: RECEIVED EST from 2
INFO: 01:44:12.887055 messenger.go:346: RECEIVED EST from 6
INFO: 01:44:12.887278 messenger.go:270: SENT EST to 3
INFO: 01:44:12.891830 messenger.go:346: RECEIVED EST from 0
INFO: 01:44:12.893484 messenger.go:270: SENT EST to 3
INFO: 01:44:12.893629 messenger.go:346: RECEIVED EST from 9
INFO: 01:44:12.893850 messenger.go:346: RECEIVED EST from 5
INFO: 01:44:12.894705 messenger.go:270: SENT EST to 4
INFO: 01:44:12.894823 messenger.go:346: RECEIVED EST from 7
INFO: 01:44:12.894971 messenger.go:346: RECEIVED EST from 1
INFO: 01:44:12.895104 messenger.go:346: RECEIVED EST from 3
INFO: 01:44:12.895249 messenger.go:346: RECEIVED EST from 4
INFO: 01:44:12.895343 messenger.go:270: SENT EST to 0
INFO: 01:44:12.898265 messenger.go:270: SENT EST to 6
INFO: 01:44:12.898404 messenger.go:346: RECEIVED EST from 6
INFO: 01:44:12.919871 messenger.go:270: SENT EST to 2
INFO: 01:44:12.920057 messenger.go:270: SENT EST to 1
INFO: 01:44:12.920170 messenger.go:270: SENT EST to 5
INFO: 01:44:12.920389 messenger.go:270: SENT EST to 7
INFO: 01:44:12.920554 messenger.go:346: RECEIVED EST from 9
INFO: 01:44:12.921042 messenger.go:346: RECEIVED EST from 0
INFO: 01:44:12.921193 messenger.go:346: RECEIVED EST from 2
INFO: 01:44:12.921444 messenger.go:346: RECEIVED EST from 1
INFO: 01:44:12.921838 messenger.go:270: SENT EST to 4
INFO: 01:44:12.922004 messenger.go:346: RECEIVED EST from 4
INFO: 01:44:12.922554 messenger.go:270: SENT EST to 9
INFO: 01:44:12.924613 messenger.go:346: RECEIVED EST from 3
INFO: 01:44:12.925657 messenger.go:270: SENT EST to 0
INFO: 01:44:12.940518 messenger.go:346: RECEIVED EST from 5
INFO: 01:44:12.940701 messenger.go:346: RECEIVED EST from 6
INFO: 01:44:12.940905 messenger.go:346: RECEIVED EST from 7
INFO: 01:44:12.940970 messenger.go:270: SENT EST to 2
INFO: 01:44:12.942981 messenger.go:346: RECEIVED EST from 2
INFO: 01:44:12.943328 messenger.go:270: SENT EST to 9
INFO: 01:44:12.944029 messenger.go:270: SENT EST to 1
INFO: 01:44:12.946292 messenger.go:270: SENT EST to 3
INFO: 01:44:12.946690 messenger.go:270: SENT EST to 5
INFO: 01:44:12.947215 messenger.go:270: SENT EST to 6
INFO: 01:44:12.950390 messenger.go:346: RECEIVED EST from 9
INFO: 01:44:12.955162 messenger.go:270: SENT EST to 7
INFO: 01:44:12.956150 messenger.go:346: RECEIVED EST from 1
INFO: 01:44:12.962812 messenger.go:346: RECEIVED EST from 6
INFO: 01:44:12.962885 messenger.go:270: SENT EST to 3
INFO: 01:44:12.963190 messenger.go:346: RECEIVED EST from 0
INFO: 01:44:12.963477 messenger.go:270: SENT EST to 4
INFO: 01:44:12.963629 messenger.go:346: RECEIVED EST from 4
INFO: 01:44:12.963681 messenger.go:270: SENT EST to 6
INFO: 01:44:12.973389 messenger.go:270: SENT EST to 2
INFO: 01:44:12.973572 messenger.go:270: SENT EST to 0
INFO: 01:44:12.974857 messenger.go:346: RECEIVED EST from 3
INFO: 01:44:12.976654 messenger.go:270: SENT EST to 4
INFO: 01:44:12.978334 messenger.go:270: SENT EST to 9
INFO: 01:44:12.978740 messenger.go:270: SENT EST to 5
INFO: 01:44:12.979311 messenger.go:346: RECEIVED EST from 5
INFO: 01:44:12.979375 messenger.go:270: SENT EST to 3
INFO: 01:44:12.981547 messenger.go:270: SENT EST to 6
INFO: 01:44:12.987759 messenger.go:270: SENT EST to 5
INFO: 01:44:12.988137 messenger.go:270: SENT EST to 5
INFO: 01:44:13.002445 messenger.go:270: SENT EST to 6
INFO: 01:44:13.003120 messenger.go:346: RECEIVED EST from 0
INFO: 01:44:13.003184 messenger.go:270: SENT EST to 7
INFO: 01:44:13.007160 messenger.go:346: RECEIVED EST from 1
INFO: 01:44:13.007889 messenger.go:346: RECEIVED EST from 4
INFO: 01:44:13.011012 messenger.go:346: RECEIVED EST from 7
INFO: 01:44:13.011373 messenger.go:346: RECEIVED EST from 6
INFO: 01:44:13.014390 messenger.go:346: RECEIVED EST from 3
INFO: 01:44:13.014556 messenger.go:346: RECEIVED EST from 2
INFO: 01:44:13.015136 messenger.go:346: RECEIVED EST from 9
INFO: 01:44:13.015779 messenger.go:346: RECEIVED EST from 0
INFO: 01:44:13.015878 messenger.go:346: RECEIVED EST from 5
INFO: 01:44:13.016294 messenger.go:270: SENT EST to 1
INFO: 01:44:13.019039 messenger.go:270: SENT EST to 0
INFO: 01:44:13.019492 messenger.go:270: SENT EST to 2
INFO: 01:44:13.022210 messenger.go:270: SENT EST to 6
INFO: 01:44:13.022262 messenger.go:270: SENT EST to 4
INFO: 01:44:13.022566 messenger.go:270: SENT EST to 3
INFO: 01:44:13.024743 messenger.go:270: SENT EST to 5
INFO: 01:44:13.026232 messenger.go:346: RECEIVED EST from 6
INFO: 01:44:13.026525 messenger.go:346: RECEIVED EST from 4
INFO: 01:44:13.035053 messenger.go:270: SENT EST to 7
INFO: 01:44:13.035385 messenger.go:346: RECEIVED EST from 1
INFO: 01:44:13.035821 messenger.go:346: RECEIVED EST from 7
INFO: 01:44:13.036575 messenger.go:270: SENT EST to 1
INFO: 01:44:13.036732 messenger.go:346: RECEIVED EST from 0
INFO: 01:44:13.037572 messenger.go:346: RECEIVED EST from 3
INFO: 01:44:13.039269 messenger.go:346: RECEIVED EST from 6
INFO: 01:44:13.040360 messenger.go:270: SENT EST to 7
INFO: 01:44:13.040594 messenger.go:346: RECEIVED EST from 7
INFO: 01:44:13.041442 messenger.go:346: RECEIVED EST from 0
INFO: 01:44:13.041663 messenger.go:346: RECEIVED EST from 4
INFO: 01:44:13.041889 messenger.go:270: SENT EST to 7
INFO: 01:44:13.042758 messenger.go:346: RECEIVED EST from 3
INFO: 01:44:13.043502 messenger.go:346: RECEIVED EST from 5
INFO: 01:44:13.044229 messenger.go:270: SENT EST to 2
INFO: 01:44:13.052022 messenger.go:270: SENT EST to 9
INFO: 01:44:13.053952 messenger.go:346: RECEIVED EST from 4
INFO: 01:44:13.054063 messenger.go:346: RECEIVED EST from 1
INFO: 01:44:13.054457 messenger.go:346: RECEIVED EST from 9
INFO: 01:44:13.056247 messenger.go:346: RECEIVED EST from 2
INFO: 01:44:13.056762 messenger.go:270: SENT EST to 3
INFO: 01:44:13.056833 messenger.go:270: SENT EST to 0
INFO: 01:44:13.056930 messenger.go:270: SENT EST to 4
INFO: 01:44:13.058724 messenger.go:270: SENT EST to 6
INFO: 01:44:13.063001 messenger.go:270: SENT EST to 1
INFO: 01:44:13.063109 messenger.go:270: SENT EST to 5
INFO: 01:44:13.063482 messenger.go:346: RECEIVED EST from 7
INFO: 01:44:13.063717 messenger.go:270: SENT EST to 7
INFO: 01:44:13.078480 messenger.go:346: RECEIVED EST from 1
INFO: 01:44:13.078780 messenger.go:270: SENT EST to 9
INFO: 01:44:13.079797 messenger.go:270: SENT EST to 2
INFO: 01:44:13.079945 messenger.go:346: RECEIVED EST from 9
INFO: 01:44:13.080113 messenger.go:346: RECEIVED EST from 3
INFO: 01:44:13.080272 messenger.go:346: RECEIVED EST from 0
INFO: 01:44:13.082143 messenger.go:346: RECEIVED EST from 2
INFO: 01:44:13.082578 messenger.go:346: RECEIVED EST from 5
INFO: 01:44:13.082800 messenger.go:346: RECEIVED EST from 6
INFO: 01:44:13.085325 messenger.go:270: SENT EST to 3
INFO: 01:44:13.089110 messenger.go:346: RECEIVED EST from 4
INFO: 01:44:13.090556 messenger.go:270: SENT EST to 0
INFO: 01:44:13.101082 messenger.go:270: SENT EST to 1
INFO: 01:44:13.102370 messenger.go:270: SENT EST to 4
INFO: 01:44:13.102825 messenger.go:270: SENT EST to 7
INFO: 01:44:13.103308 messenger.go:346: RECEIVED EST from 7
INFO: 01:44:13.106570 messenger.go:346: RECEIVED EST from 6
INFO: 01:44:13.106832 messenger.go:346: RECEIVED EST from 1
INFO: 01:44:13.107866 messenger.go:346: RECEIVED EST from 5
INFO: 01:44:13.108980 messenger.go:270: SENT EST to 9
INFO: 01:44:13.112109 messenger.go:346: RECEIVED EST from 0
INFO: 01:44:13.112645 messenger.go:346: RECEIVED EST from 2
INFO: 01:44:13.115548 messenger.go:270: SENT EST to 5
INFO: 01:44:13.116242 messenger.go:346: RECEIVED EST from 9
INFO: 01:44:13.116487 messenger.go:346: RECEIVED EST from 3
INFO: 01:44:13.124137 messenger.go:270: SENT EST to 6
INFO: 01:44:13.124840 messenger.go:270: SENT EST to 0
INFO: 01:44:13.124941 messenger.go:270: SENT EST to 2
INFO: 01:44:13.125417 messenger.go:270: SENT EST to 1
INFO: 01:44:13.131031 messenger.go:270: SENT EST to 5
INFO: 01:44:13.131269 messenger.go:270: SENT EST to 3
INFO: 01:44:13.135689 messenger.go:270: SENT EST to 4
INFO: 01:44:13.135971 messenger.go:346: RECEIVED EST from 4
INFO: 01:44:13.138524 messenger.go:346: RECEIVED EST from 5
INFO: 01:44:13.146136 messenger.go:270: SENT EST to 6
INFO: 01:44:13.148318 messenger.go:270: SENT EST to 7
INFO: 01:44:13.148370 messenger.go:270: SENT EST to 9
INFO: 01:44:13.151616 messenger.go:270: SENT EST to 9
INFO: 01:44:13.152136 messenger.go:270: SENT EST to 9
INFO: 01:44:13.166280 messenger.go:346: RECEIVED EST from 3
INFO: 01:44:13.167197 messenger.go:346: RECEIVED EST from 2
INFO: 01:44:13.167582 messenger.go:346: RECEIVED EST from 1
INFO: 01:44:13.167297 messenger.go:346: RECEIVED EST from 6
INFO: 01:44:13.167472 messenger.go:346: RECEIVED EST from 7
INFO: 01:44:13.175693 messenger.go:270: SENT EST to 1
INFO: 01:44:13.176137 messenger.go:270: SENT EST to 2
INFO: 01:44:13.179282 messenger.go:270: SENT EST to 3
INFO: 01:44:13.181406 messenger.go:346: RECEIVED EST from 2
INFO: 01:44:13.183100 messenger.go:270: SENT EST to 4
INFO: 01:44:13.183436 messenger.go:270: SENT EST to 2
INFO: 01:44:13.183583 messenger.go:346: RECEIVED EST from 0
INFO: 01:44:13.188875 messenger.go:270: SENT EST to 5
INFO: 01:44:13.193640 messenger.go:346: RECEIVED EST from 5
INFO: 01:44:13.201858 messenger.go:270: SENT EST to 7
INFO: 01:44:13.202469 messenger.go:346: RECEIVED EST from 4
INFO: 01:44:13.202656 messenger.go:346: RECEIVED EST from 9
INFO: 01:44:13.202811 messenger.go:346: RECEIVED EST from 7
INFO: 01:44:13.206883 messenger.go:270: SENT EST to 0
INFO: 01:44:13.217873 messenger.go:346: RECEIVED EST from 1
INFO: 01:44:13.218030 messenger.go:270: SENT EST to 9
INFO: 01:44:13.220447 messenger.go:270: SENT EST to 6
INFO: 01:44:13.222743 messenger.go:346: RECEIVED EST from 6
INFO: 01:44:13.222913 messenger.go:346: RECEIVED EST from 4
INFO: 01:44:13.223790 messenger.go:346: RECEIVED EST from 5
INFO: 01:44:13.225183 messenger.go:270: SENT EST to 4
INFO: 01:44:13.225279 messenger.go:270: SENT EST to 1
INFO: 01:44:13.225323 messenger.go:270: SENT EST to 5
INFO: 01:44:13.225443 messenger.go:270: SENT EST to 3
INFO: 01:44:13.225599 messenger.go:346: RECEIVED EST from 3
INFO: 01:44:13.233761 messenger.go:270: SENT EST to 7
INFO: 01:44:13.236599 messenger.go:270: SENT EST to 0
INFO: 01:44:13.237083 messenger.go:346: RECEIVED EST from 0
INFO: 01:44:13.238004 messenger.go:346: RECEIVED EST from 7
INFO: 01:44:13.250731 messenger.go:346: RECEIVED EST from 5
INFO: 01:44:13.252389 messenger.go:346: RECEIVED EST from 3
INFO: 01:44:13.252555 messenger.go:346: RECEIVED EST from 2
INFO: 01:44:13.254035 messenger.go:270: SENT EST to 6
INFO: 01:44:13.254500 messenger.go:270: SENT EST to 2
INFO: 01:44:13.255291 messenger.go:346: RECEIVED EST from 1
INFO: 01:44:13.257053 messenger.go:270: SENT EST to 1
INFO: 01:44:13.258228 messenger.go:270: SENT EST to 9
INFO: 01:44:13.258400 messenger.go:270: SENT EST to 5
INFO: 01:44:13.258546 messenger.go:346: RECEIVED EST from 1
INFO: 01:44:13.260983 messenger.go:346: RECEIVED EST from 2
INFO: 01:44:13.262983 messenger.go:346: RECEIVED EST from 9
INFO: 01:44:13.263502 messenger.go:346: RECEIVED EST from 7
INFO: 01:44:13.280618 messenger.go:346: RECEIVED EST from 6
INFO: 01:44:13.281276 messenger.go:270: SENT EST to 6
INFO: 01:44:13.281380 messenger.go:270: SENT EST to 2
INFO: 01:44:13.281562 messenger.go:346: RECEIVED EST from 3
INFO: 01:44:13.281717 messenger.go:270: SENT EST to 3
INFO: 01:44:13.282214 messenger.go:346: RECEIVED EST from 4
INFO: 01:44:13.286122 messenger.go:270: SENT EST to 4
INFO: 01:44:13.286627 messenger.go:346: RECEIVED EST from 5
INFO: 01:44:13.286689 messenger.go:270: SENT EST to 7
INFO: 01:44:13.288726 messenger.go:270: SENT EST to 0
INFO: 01:44:13.289854 messenger.go:346: RECEIVED EST from 1
INFO: 01:44:13.290010 messenger.go:346: RECEIVED EST from 2
INFO: 01:44:13.290541 messenger.go:346: RECEIVED EST from 7
INFO: 01:44:13.295668 messenger.go:346: RECEIVED EST from 0
INFO: 01:44:13.295803 messenger.go:270: SENT EST to 9
INFO: 01:44:13.299230 messenger.go:270: SENT EST to 5
INFO: 01:44:13.299374 messenger.go:346: RECEIVED EST from 3
INFO: 01:44:13.299430 messenger.go:270: SENT EST to 1
INFO: 01:44:13.316992 messenger.go:346: RECEIVED EST from 1
INFO: 01:44:13.317195 messenger.go:346: RECEIVED EST from 9
INFO: 01:44:13.321593 messenger.go:270: SENT EST to 7
INFO: 01:44:13.321717 messenger.go:270: SENT EST to 2
INFO: 01:44:13.321962 messenger.go:270: SENT EST to 3
INFO: 01:44:13.322130 messenger.go:346: RECEIVED EST from 7
INFO: 01:44:13.322212 messenger.go:270: SENT EST to 4
INFO: 01:44:13.322292 messenger.go:270: SENT EST to 6
INFO: 01:44:13.322318 messenger.go:346: RECEIVED EST from 2
INFO: 01:44:13.322714 messenger.go:346: RECEIVED EST from 4
INFO: 01:44:13.323850 messenger.go:346: RECEIVED EST from 6
INFO: 01:44:13.324589 messenger.go:270: SENT EST to 0
INFO: 01:44:13.327970 messenger.go:270: SENT EST to 0
INFO: 01:44:13.329787 messenger.go:346: RECEIVED EST from 0
INFO: 01:44:13.329788 messenger.go:346: RECEIVED EST from 5
INFO: 01:44:13.329891 messenger.go:270: SENT EST to 9
INFO: 01:44:13.330409 messenger.go:346: RECEIVED EST from 7
INFO: 01:44:13.331174 messenger.go:270: SENT EST to 1
INFO: 01:44:13.331287 messenger.go:270: SENT EST to 1
INFO: 01:44:13.332546 messenger.go:270: SENT EST to 0
INFO: 01:44:13.333908 messenger.go:346: RECEIVED EST from 9
INFO: 01:44:13.335711 messenger.go:346: RECEIVED EST from 1
INFO: 01:44:13.366724 messenger.go:270: SENT EST to 7
INFO: 01:44:13.367294 messenger.go:270: SENT EST to 2
INFO: 01:44:13.367488 messenger.go:346: RECEIVED EST from 2
INFO: 01:44:13.367513 messenger.go:270: SENT EST to 9
INFO: 01:44:13.367474 messenger.go:346: RECEIVED EST from 9
INFO: 01:44:13.368342 messenger.go:346: RECEIVED EST from 7
INFO: 01:44:13.368396 messenger.go:270: SENT EST to 3
INFO: 01:44:13.368675 messenger.go:346: RECEIVED EST from 3
INFO: 01:44:13.369008 messenger.go:270: SENT EST to 5
INFO: 01:44:13.369148 messenger.go:346: RECEIVED EST from 4
INFO: 01:44:13.369342 messenger.go:346: RECEIVED EST from 5
INFO: 01:44:13.370746 messenger.go:346: RECEIVED EST from 6
INFO: 01:44:13.372104 messenger.go:346: RECEIVED EST from 0
INFO: 01:44:13.375242 messenger.go:270: SENT EST to 1
INFO: 01:44:13.382259 messenger.go:346: RECEIVED EST from 5
INFO: 01:44:13.382827 messenger.go:346: RECEIVED EST from 1
INFO: 01:44:13.382994 messenger.go:270: SENT EST to 0
INFO: 01:44:13.392050 messenger.go:346: RECEIVED EST from 7
INFO: 01:44:13.398501 messenger.go:270: SENT EST to 4
INFO: 01:44:13.400457 messenger.go:270: SENT EST to 2
INFO: 01:44:13.400596 messenger.go:346: RECEIVED EST from 3
INFO: 01:44:13.401509 messenger.go:346: RECEIVED EST from 2
INFO: 01:44:13.402109 messenger.go:270: SENT EST to 5
INFO: 01:44:13.428421 messenger.go:270: SENT EST to 3
INFO: 01:44:13.432487 messenger.go:346: RECEIVED EST from 3
INFO: 01:44:13.432903 messenger.go:270: SENT EST to 6
INFO: 01:44:13.437109 messenger.go:270: SENT EST to 1
INFO: 01:44:13.438250 messenger.go:346: RECEIVED EST from 5
INFO: 01:44:13.438306 messenger.go:270: SENT EST to 0
INFO: 01:44:13.439823 messenger.go:270: SENT EST to 3
INFO: 01:44:13.443939 messenger.go:346: RECEIVED EST from 6
INFO: 01:44:13.456058 messenger.go:346: RECEIVED EST from 0
INFO: 01:44:13.456767 messenger.go:346: RECEIVED EST from 9
INFO: 01:44:13.457065 messenger.go:346: RECEIVED EST from 1
INFO: 01:44:13.470584 messenger.go:346: RECEIVED EST from 4
INFO: 01:44:13.472321 messenger.go:270: SENT EST to 2
INFO: 01:44:13.474529 messenger.go:270: SENT EST to 3
INFO: 01:44:13.488974 messenger.go:270: SENT EST to 7
INFO: 01:44:13.489213 messenger.go:346: RECEIVED EST from 7
INFO: 01:44:13.489322 messenger.go:270: SENT EST to 6
INFO: 01:44:13.491760 messenger.go:270: SENT EST to 9
INFO: 01:44:13.491893 messenger.go:270: SENT EST to 4
INFO: 01:44:13.494764 messenger.go:270: SENT EST to 1
INFO: 01:44:13.500909 messenger.go:270: SENT EST to 4
INFO: 01:44:13.503842 messenger.go:270: SENT EST to 4
INFO: 01:44:13.504677 messenger.go:346: RECEIVED EST from 0
INFO: 01:44:13.505895 messenger.go:346: RECEIVED EST from 3
INFO: 01:44:13.506041 messenger.go:270: SENT EST to 5
INFO: 01:44:13.507712 messenger.go:270: SENT EST to 5
INFO: 01:44:13.506248 messenger.go:346: RECEIVED EST from 5
INFO: 01:44:13.506920 messenger.go:270: SENT EST to 0
INFO: 01:44:13.508278 messenger.go:346: RECEIVED EST from 9
INFO: 01:44:13.511561 messenger.go:346: RECEIVED EST from 1
INFO: 01:44:13.521654 messenger.go:270: SENT EST to 9
INFO: 01:44:13.532907 messenger.go:270: SENT EST to 6
INFO: 01:44:13.535305 messenger.go:346: RECEIVED EST from 4
INFO: 01:44:13.537366 messenger.go:270: SENT EST to 2
INFO: 01:44:13.540251 messenger.go:270: SENT EST to 5
INFO: 01:44:13.542863 messenger.go:270: SENT EST to 4
INFO: 01:44:13.543324 messenger.go:270: SENT EST to 3
INFO: 01:44:13.545175 messenger.go:270: SENT EST to 7
INFO: 01:44:13.544676 messenger.go:346: RECEIVED EST from 9
INFO: 01:44:13.550540 messenger.go:346: RECEIVED EST from 7
INFO: 01:44:13.550648 messenger.go:270: SENT EST to 9
INFO: 01:44:13.550942 messenger.go:270: SENT EST to 0
INFO: 01:44:13.551474 messenger.go:270: SENT EST to 1
INFO: 01:44:13.551623 messenger.go:346: RECEIVED EST from 5
INFO: 01:44:13.556737 messenger.go:346: RECEIVED EST from 3
INFO: 01:44:13.557072 messenger.go:346: RECEIVED EST from 1
INFO: 01:44:13.558652 messenger.go:346: RECEIVED EST from 0
INFO: 01:44:13.561868 messenger.go:346: RECEIVED EST from 6
INFO: 01:44:13.562137 messenger.go:270: SENT EST to 6
INFO: 01:44:13.562231 messenger.go:346: RECEIVED EST from 2
INFO: 01:44:13.571140 messenger.go:346: RECEIVED EST from 9
INFO: 01:44:13.573969 messenger.go:270: SENT EST to 7
