INFO: 21:42:37.031942 main.go:29: ID:9 | N:10 | F:3 | Clients:1 | Scenario:NORMAL | Remote:false

INFO: 21:42:37.036238 messenger.go:90: Receive from Server 0 on tcp://*:4900
INFO: 21:42:37.047522 messenger.go:107: Send to Server 0 on tcp://localhost:4009
INFO: 21:42:37.049152 messenger.go:90: Receive from Server 1 on tcp://*:4901
INFO: 21:42:37.049236 messenger.go:107: Send to Server 1 on tcp://localhost:4109
INFO: 21:42:37.049287 messenger.go:90: Receive from Server 2 on tcp://*:4902
INFO: 21:42:37.049333 messenger.go:107: Send to Server 2 on tcp://localhost:4209
INFO: 21:42:37.049429 messenger.go:90: Receive from Server 3 on tcp://*:4903
INFO: 21:42:37.049482 messenger.go:107: Send to Server 3 on tcp://localhost:4309
INFO: 21:42:37.049626 messenger.go:90: Receive from Server 4 on tcp://*:4904
INFO: 21:42:37.052493 messenger.go:107: Send to Server 4 on tcp://localhost:4409
INFO: 21:42:37.055390 messenger.go:90: Receive from Server 5 on tcp://*:4905
INFO: 21:42:37.055491 messenger.go:107: Send to Server 5 on tcp://localhost:4509
INFO: 21:42:37.055547 messenger.go:90: Receive from Server 6 on tcp://*:4906
INFO: 21:42:37.055592 messenger.go:107: Send to Server 6 on tcp://localhost:4609
INFO: 21:42:37.055644 messenger.go:90: Receive from Server 7 on tcp://*:4907
INFO: 21:42:37.055693 messenger.go:107: Send to Server 7 on tcp://localhost:4709
INFO: 21:42:37.055816 messenger.go:90: Receive from Server 8 on tcp://*:4908
INFO: 21:42:37.055872 messenger.go:107: Send to Server 8 on tcp://localhost:4809
INFO: 21:42:37.055898 messenger.go:113: -----------------------------------------
INFO: 21:42:37.055941 messenger.go:135: Requests from Client 0 on tcp://*:7900
INFO: 21:42:37.055992 messenger.go:152: Response to Client 0 on tcp://*:10900
INFO: 21:42:37.056796 messenger.go:155: -----------------------------------------

INFO: 21:42:37.062566 main.go:83: Initial estimate value:  1
INFO: 21:42:37.096530 messenger.go:270: SENT EST to 1
INFO: 21:42:37.097223 messenger.go:270: SENT EST to 2
INFO: 21:42:37.098031 messenger.go:270: SENT EST to 3
INFO: 21:42:37.098034 messenger.go:270: SENT EST to 6
INFO: 21:42:37.098035 messenger.go:270: SENT EST to 0
INFO: 21:42:37.098036 messenger.go:270: SENT EST to 4
INFO: 21:42:37.098038 messenger.go:270: SENT EST to 5
INFO: 21:42:37.099537 messenger.go:346: RECEIVED EST from 5
INFO: 21:42:37.104362 messenger.go:346: RECEIVED EST from 4
INFO: 21:42:37.104434 messenger.go:270: SENT EST to 8
INFO: 21:42:37.103269 messenger.go:346: RECEIVED EST from 1
INFO: 21:42:37.106495 messenger.go:270: SENT EST to 7
INFO: 21:42:37.151173 messenger.go:346: RECEIVED EST from 8
INFO: 21:42:37.153149 messenger.go:346: RECEIVED EST from 2
INFO: 21:42:37.201091 messenger.go:346: RECEIVED EST from 0
INFO: 21:42:37.203993 messenger.go:346: RECEIVED EST from 6
INFO: 21:42:37.215617 messenger.go:346: RECEIVED EST from 3
INFO: 21:42:37.216446 messenger.go:346: RECEIVED EST from 7
