INFO: 21:43:42.641199 main.go:29: ID:9 | N:10 | F:3 | Clients:1 | Scenario:NORMAL | Remote:false

INFO: 21:43:42.648834 messenger.go:90: Receive from Server 0 on tcp://*:4900
INFO: 21:43:42.649630 messenger.go:107: Send to Server 0 on tcp://localhost:4009
INFO: 21:43:42.650309 messenger.go:90: Receive from Server 1 on tcp://*:4901
INFO: 21:43:42.650926 messenger.go:107: Send to Server 1 on tcp://localhost:4109
INFO: 21:43:42.651034 messenger.go:90: Receive from Server 2 on tcp://*:4902
INFO: 21:43:42.651136 messenger.go:107: Send to Server 2 on tcp://localhost:4209
INFO: 21:43:42.651227 messenger.go:90: Receive from Server 3 on tcp://*:4903
INFO: 21:43:42.651530 messenger.go:107: Send to Server 3 on tcp://localhost:4309
INFO: 21:43:42.651672 messenger.go:90: Receive from Server 4 on tcp://*:4904
INFO: 21:43:42.651721 messenger.go:107: Send to Server 4 on tcp://localhost:4409
INFO: 21:43:42.652653 messenger.go:90: Receive from Server 5 on tcp://*:4905
INFO: 21:43:42.652711 messenger.go:107: Send to Server 5 on tcp://localhost:4509
INFO: 21:43:42.652754 messenger.go:90: Receive from Server 6 on tcp://*:4906
INFO: 21:43:42.652801 messenger.go:107: Send to Server 6 on tcp://localhost:4609
INFO: 21:43:42.652833 messenger.go:90: Receive from Server 7 on tcp://*:4907
INFO: 21:43:42.652870 messenger.go:107: Send to Server 7 on tcp://localhost:4709
INFO: 21:43:42.653948 messenger.go:90: Receive from Server 8 on tcp://*:4908
INFO: 21:43:42.654075 messenger.go:107: Send to Server 8 on tcp://localhost:4809
INFO: 21:43:42.654501 messenger.go:113: -----------------------------------------
INFO: 21:43:42.654559 messenger.go:135: Requests from Client 0 on tcp://*:7900
INFO: 21:43:42.654586 messenger.go:152: Response to Client 0 on tcp://*:10900
INFO: 21:43:42.654592 messenger.go:155: -----------------------------------------

INFO: 21:43:42.658254 main.go:83: Initial estimate value:  1
INFO: 21:43:42.848894 messenger.go:346: RECEIVED EST from 2
INFO: 21:43:42.945868 messenger.go:270: SENT EST to 5
INFO: 21:43:42.946730 messenger.go:270: SENT EST to 3
INFO: 21:43:42.973065 messenger.go:346: RECEIVED EST from 0
INFO: 21:43:42.977793 messenger.go:346: RECEIVED EST from 4
INFO: 21:43:42.975090 messenger.go:346: RECEIVED EST from 6
INFO: 21:43:42.953887 messenger.go:346: RECEIVED EST from 5
INFO: 21:43:42.958285 messenger.go:346: RECEIVED EST from 8
INFO: 21:43:42.971060 messenger.go:270: SENT EST to 7
INFO: 21:43:42.946790 messenger.go:270: SENT EST to 2
INFO: 21:43:42.974380 messenger.go:346: RECEIVED EST from 3
INFO: 21:43:42.974387 messenger.go:270: SENT EST to 1
INFO: 21:43:42.953794 messenger.go:346: RECEIVED EST from 7
INFO: 21:43:42.952065 messenger.go:270: SENT EST to 0
INFO: 21:43:42.953801 messenger.go:270: SENT EST to 8
INFO: 21:43:42.985934 messenger.go:270: SENT EST to 4
INFO: 21:43:42.986188 messenger.go:270: SENT EST to 6
INFO: 21:43:42.995408 messenger.go:346: RECEIVED EST from 1
