INFO: 17:27:48.796546 main.go:29: ID:9 | N:10 | F:3 | Clients:1 | Scenario:NORMAL | Remote:false

INFO: 17:27:48.796969 messenger.go:85: Receive from Server 0 on tcp://*:4900
INFO: 17:27:48.798402 messenger.go:102: Send to Server 0 on tcp://localhost:4009
INFO: 17:27:48.799071 messenger.go:85: Receive from Server 1 on tcp://*:4901
INFO: 17:27:48.799515 messenger.go:102: Send to Server 1 on tcp://localhost:4109
INFO: 17:27:48.799891 messenger.go:85: Receive from Server 2 on tcp://*:4902
INFO: 17:27:48.800599 messenger.go:102: Send to Server 2 on tcp://localhost:4209
INFO: 17:27:48.800920 messenger.go:85: Receive from Server 3 on tcp://*:4903
INFO: 17:27:48.801724 messenger.go:102: Send to Server 3 on tcp://localhost:4309
INFO: 17:27:48.802318 messenger.go:85: Receive from Server 4 on tcp://*:4904
INFO: 17:27:48.802731 messenger.go:102: Send to Server 4 on tcp://localhost:4409
INFO: 17:27:48.803176 messenger.go:85: Receive from Server 5 on tcp://*:4905
INFO: 17:27:48.803402 messenger.go:102: Send to Server 5 on tcp://localhost:4509
INFO: 17:27:48.803739 messenger.go:85: Receive from Server 6 on tcp://*:4906
INFO: 17:27:48.804271 messenger.go:102: Send to Server 6 on tcp://localhost:4609
INFO: 17:27:48.804869 messenger.go:85: Receive from Server 7 on tcp://*:4907
INFO: 17:27:48.805487 messenger.go:102: Send to Server 7 on tcp://localhost:4709
INFO: 17:27:48.806662 messenger.go:85: Receive from Server 8 on tcp://*:4908
INFO: 17:27:48.807148 messenger.go:102: Send to Server 8 on tcp://localhost:4809
INFO: 17:27:48.811756 messenger.go:108: -----------------------------------------
INFO: 17:27:48.812063 messenger.go:130: Requests from Client 0 on tcp://*:7900
INFO: 17:27:48.816632 messenger.go:147: Response to Client 0 on tcp://*:10900
INFO: 17:27:48.818044 messenger.go:150: -----------------------------------------

INFO: 17:27:48.858757 messenger.go:341: RECEIVED BVB from 4
INFO: 17:27:48.859948 main.go:83: Initial estimate value:  1
INFO: 17:27:48.860112 binary_consensus.go:23: 4.BC: bcid-1 round-1
INFO: 17:27:48.875997 messenger.go:341: RECEIVED BVB from 5
INFO: 17:27:48.876137 messenger.go:265: SENT BVB to 0
INFO: 17:27:48.892298 messenger.go:341: RECEIVED BVB from 7
INFO: 17:27:48.913986 messenger.go:341: RECEIVED BVB from 3
INFO: 17:27:48.914849 messenger.go:341: RECEIVED BVB from 1
INFO: 17:27:48.914918 messenger.go:265: SENT BVB to 1
INFO: 17:27:48.928543 messenger.go:341: RECEIVED BVB from 0
INFO: 17:27:48.953707 messenger.go:265: SENT BVB to 2
INFO: 17:27:48.928694 messenger.go:265: SENT BVB to 3
INFO: 17:27:48.928775 messenger.go:341: RECEIVED BVB from 6
INFO: 17:27:48.928777 messenger.go:265: SENT BVB to 8
INFO: 17:27:48.930738 messenger.go:265: SENT BVB to 4
INFO: 17:27:48.953665 messenger.go:341: RECEIVED BVB from 2
INFO: 17:27:48.953670 messenger.go:265: SENT BVB to 7
INFO: 17:27:48.989173 messenger.go:341: RECEIVED BVB from 2
INFO: 17:27:48.989277 messenger.go:341: RECEIVED BVB from 7
INFO: 17:27:48.992715 messenger.go:341: RECEIVED BVB from 4
INFO: 17:27:48.992719 messenger.go:265: SENT BVB to 5
INFO: 17:27:49.001077 messenger.go:265: SENT BVB to 1
INFO: 17:27:49.001394 messenger.go:265: SENT BVB to 4
INFO: 17:27:49.001396 messenger.go:265: SENT BVB to 0
INFO: 17:27:49.002270 messenger.go:341: RECEIVED BVB from 8
INFO: 17:27:49.003594 messenger.go:341: RECEIVED BVB from 3
INFO: 17:27:49.004671 messenger.go:265: SENT BVB to 2
INFO: 17:27:49.010383 messenger.go:265: SENT BVB to 3
INFO: 17:27:49.016191 messenger.go:341: RECEIVED BVB from 1
INFO: 17:27:49.018931 messenger.go:341: RECEIVED BVB from 0
INFO: 17:27:49.024859 messenger.go:341: RECEIVED BC from 4
INFO: 17:27:49.027669 messenger.go:341: RECEIVED BVB from 5
INFO: 17:27:49.028057 messenger.go:265: SENT BVB to 5
INFO: 17:27:49.042242 messenger.go:341: RECEIVED BC from 2
INFO: 17:27:49.044499 messenger.go:265: SENT BVB to 6
INFO: 17:27:49.044946 messenger.go:265: SENT BVB to 6
INFO: 17:27:49.045149 messenger.go:341: RECEIVED BC from 3
INFO: 17:27:49.046526 messenger.go:265: SENT BVB to 7
INFO: 17:27:49.049156 messenger.go:341: RECEIVED BVB from 6
INFO: 17:27:49.051621 messenger.go:341: RECEIVED BC from 0
INFO: 17:27:49.054220 messenger.go:265: SENT BVB to 8
INFO: 17:27:49.054810 messenger.go:341: RECEIVED BC from 7
INFO: 17:27:49.056667 messenger.go:341: RECEIVED BC from 1
INFO: 17:27:49.060755 binary_consensus.go:148: 4.BC: bin_values-[1]
INFO: 17:27:49.060793 binary_consensus.go:148: 4.BC: bin_values-[1 0]
INFO: 17:27:49.062562 messenger.go:341: RECEIVED BC from 6
INFO: 17:27:49.065076 messenger.go:341: RECEIVED BC from 5
INFO: 17:27:49.067706 binary_consensus.go:77: 4.BC: vals-[1] coin-0
INFO: 17:27:49.067755 binary_consensus.go:23: 7.BC: bcid-1 round-2
INFO: 17:27:49.068695 messenger.go:265: SENT BC to 0
INFO: 17:27:49.072491 messenger.go:265: SENT BC to 1
INFO: 17:27:49.084436 messenger.go:265: SENT BC to 4
INFO: 17:27:49.084477 messenger.go:265: SENT BC to 2
INFO: 17:27:49.084500 messenger.go:265: SENT BC to 3
INFO: 17:27:49.085429 messenger.go:341: RECEIVED BVB from 8
INFO: 17:27:49.096719 messenger.go:341: RECEIVED BVB from 4
INFO: 17:27:49.096904 messenger.go:265: SENT BC to 7
INFO: 17:27:49.105915 messenger.go:265: SENT BC to 8
INFO: 17:27:49.105965 messenger.go:265: SENT BC to 6
INFO: 17:27:49.105986 messenger.go:265: SENT BVB to 0
INFO: 17:27:49.105994 messenger.go:265: SENT BVB to 2
INFO: 17:27:49.105999 messenger.go:265: SENT BVB to 1
INFO: 17:27:49.106004 messenger.go:265: SENT BVB to 3
INFO: 17:27:49.114053 messenger.go:341: RECEIVED BVB from 6
INFO: 17:27:49.114232 messenger.go:265: SENT BVB to 4
INFO: 17:27:49.114270 messenger.go:265: SENT BC to 5
INFO: 17:27:49.115404 messenger.go:265: SENT BVB to 6
INFO: 17:27:49.116121 messenger.go:265: SENT BVB to 8
INFO: 17:27:49.116652 messenger.go:265: SENT BVB to 7
INFO: 17:27:49.116740 messenger.go:265: SENT BVB to 5
INFO: 17:27:49.128915 messenger.go:341: RECEIVED BVB from 3
INFO: 17:27:49.129243 messenger.go:341: RECEIVED BVB from 2
INFO: 17:27:49.129820 messenger.go:341: RECEIVED BVB from 5
INFO: 17:27:49.142425 messenger.go:341: RECEIVED BVB from 1
INFO: 17:27:49.147676 messenger.go:341: RECEIVED BC from 8
INFO: 17:27:49.150106 messenger.go:341: RECEIVED BC from 2
INFO: 17:27:49.166115 messenger.go:341: RECEIVED BVB from 0
INFO: 17:27:49.166471 messenger.go:341: RECEIVED BC from 3
INFO: 17:27:49.168713 messenger.go:341: RECEIVED BVB from 7
INFO: 17:27:49.171074 binary_consensus.go:148: 7.BC: bin_values-[1]
INFO: 17:27:49.180234 messenger.go:341: RECEIVED BC from 5
INFO: 17:27:49.184975 messenger.go:265: SENT BC to 0
INFO: 17:27:49.185479 messenger.go:265: SENT BC to 3
INFO: 17:27:49.185539 messenger.go:265: SENT BC to 2
INFO: 17:27:49.185819 messenger.go:265: SENT BC to 7
INFO: 17:27:49.187048 messenger.go:341: RECEIVED BC from 7
INFO: 17:27:49.187182 messenger.go:265: SENT BC to 1
INFO: 17:27:49.187276 messenger.go:265: SENT BC to 5
INFO: 17:27:49.187970 messenger.go:265: SENT BC to 4
INFO: 17:27:49.188238 messenger.go:341: RECEIVED BC from 6
INFO: 17:27:49.189205 messenger.go:341: RECEIVED BVB from 8
INFO: 17:27:49.191505 messenger.go:265: SENT BC to 8
INFO: 17:27:49.192624 messenger.go:341: RECEIVED BC from 4
INFO: 17:27:49.192881 binary_consensus.go:77: 7.BC: vals-[1] coin-1
INFO: 17:27:49.193158 binary_consensus.go:82: 7.BC: decide-1
INFO: 17:27:49.193203 binary_consensus.go:175: My final decision 1
INFO: 17:27:49.195708 messenger.go:341: RECEIVED BC from 0
INFO: 17:27:49.199463 messenger.go:341: RECEIVED BC from 1
INFO: 17:27:49.201734 messenger.go:265: SENT BC to 6
INFO: 17:27:49.204332 messenger.go:341: RECEIVED BC from 8
