INFO: 01:44:09.565718 main.go:29: ID:9 | N:10 | F:3 | Clients:1 | Scenario:NORMAL | Remote:false

INFO: 01:44:09.573245 messenger.go:90: Receive from Server 0 on tcp://*:4900
INFO: 01:44:09.589695 messenger.go:107: Send to Server 0 on tcp://localhost:4009
INFO: 01:44:09.589755 messenger.go:90: Receive from Server 1 on tcp://*:4901
INFO: 01:44:09.589783 messenger.go:107: Send to Server 1 on tcp://localhost:4109
INFO: 01:44:09.589808 messenger.go:90: Receive from Server 2 on tcp://*:4902
INFO: 01:44:09.589830 messenger.go:107: Send to Server 2 on tcp://localhost:4209
INFO: 01:44:09.589939 messenger.go:90: Receive from Server 3 on tcp://*:4903
INFO: 01:44:09.589962 messenger.go:107: Send to Server 3 on tcp://localhost:4309
INFO: 01:44:09.589989 messenger.go:90: Receive from Server 4 on tcp://*:4904
INFO: 01:44:09.590014 messenger.go:107: Send to Server 4 on tcp://localhost:4409
INFO: 01:44:09.590036 messenger.go:90: Receive from Server 5 on tcp://*:4905
INFO: 01:44:09.590057 messenger.go:107: Send to Server 5 on tcp://localhost:4509
INFO: 01:44:09.590082 messenger.go:90: Receive from Server 6 on tcp://*:4906
INFO: 01:44:09.590103 messenger.go:107: Send to Server 6 on tcp://localhost:4609
INFO: 01:44:09.590125 messenger.go:90: Receive from Server 7 on tcp://*:4907
INFO: 01:44:09.590151 messenger.go:107: Send to Server 7 on tcp://localhost:4709
INFO: 01:44:09.590177 messenger.go:90: Receive from Server 8 on tcp://*:4908
INFO: 01:44:09.590208 messenger.go:107: Send to Server 8 on tcp://localhost:4809
INFO: 01:44:09.590214 messenger.go:113: -----------------------------------------
INFO: 01:44:09.590243 messenger.go:135: Requests from Client 0 on tcp://*:7900
INFO: 01:44:09.590267 messenger.go:152: Response to Client 0 on tcp://*:10900
INFO: 01:44:09.590273 messenger.go:155: -----------------------------------------

INFO: 01:44:09.620989 main.go:83: Initial estimate value:  0
INFO: 01:44:09.694421 messenger.go:346: RECEIVED EST from 3
INFO: 01:44:09.798864 messenger.go:346: RECEIVED EST from 7
INFO: 01:44:09.808544 messenger.go:346: RECEIVED EST from 8
INFO: 01:44:09.823882 messenger.go:270: SENT EST to 1
INFO: 01:44:09.824809 messenger.go:346: RECEIVED EST from 1
INFO: 01:44:09.837653 messenger.go:270: SENT EST to 2
INFO: 01:44:09.837817 messenger.go:346: RECEIVED EST from 5
INFO: 01:44:09.837820 messenger.go:270: SENT EST to 5
INFO: 01:44:09.839951 messenger.go:346: RECEIVED EST from 6
INFO: 01:44:09.839955 messenger.go:270: SENT EST to 4
INFO: 01:44:09.842847 messenger.go:346: RECEIVED EST from 4
INFO: 01:44:09.842852 messenger.go:270: SENT EST to 8
INFO: 01:44:09.842853 messenger.go:270: SENT EST to 7
INFO: 01:44:09.843277 messenger.go:270: SENT EST to 6
INFO: 01:44:09.843283 messenger.go:270: SENT EST to 3
INFO: 01:44:09.843288 messenger.go:270: SENT EST to 0
INFO: 01:44:09.844471 messenger.go:346: RECEIVED EST from 2
INFO: 01:44:09.846525 messenger.go:346: RECEIVED EST from 0
INFO: 01:44:09.884789 messenger.go:346: RECEIVED EST from 7
INFO: 01:44:09.891268 messenger.go:270: SENT EST to 1
INFO: 01:44:09.891328 messenger.go:270: SENT EST to 0
INFO: 01:44:09.912251 messenger.go:346: RECEIVED EST from 6
INFO: 01:44:09.912312 messenger.go:270: SENT EST to 2
INFO: 01:44:09.913813 messenger.go:270: SENT EST to 5
INFO: 01:44:09.913868 messenger.go:270: SENT EST to 3
INFO: 01:44:09.916356 messenger.go:270: SENT EST to 6
INFO: 01:44:09.916382 messenger.go:270: SENT EST to 7
INFO: 01:44:09.916391 messenger.go:270: SENT EST to 4
INFO: 01:44:09.926301 messenger.go:346: RECEIVED EST from 5
INFO: 01:44:09.926847 messenger.go:346: RECEIVED EST from 1
INFO: 01:44:09.926974 messenger.go:270: SENT EST to 0
INFO: 01:44:09.928780 messenger.go:346: RECEIVED EST from 0
INFO: 01:44:09.929256 messenger.go:346: RECEIVED EST from 7
INFO: 01:44:09.930294 messenger.go:346: RECEIVED EST from 8
INFO: 01:44:09.930357 messenger.go:270: SENT EST to 1
INFO: 01:44:09.931222 messenger.go:270: SENT EST to 5
INFO: 01:44:09.931358 messenger.go:346: RECEIVED EST from 2
INFO: 01:44:09.932493 messenger.go:270: SENT EST to 6
INFO: 01:44:09.935831 messenger.go:346: RECEIVED EST from 3
INFO: 01:44:09.936187 messenger.go:270: SENT EST to 0
INFO: 01:44:09.939791 messenger.go:270: SENT EST to 7
INFO: 01:44:09.939869 messenger.go:270: SENT EST to 8
INFO: 01:44:09.948929 messenger.go:270: SENT EST to 3
INFO: 01:44:09.949790 messenger.go:270: SENT EST to 2
INFO: 01:44:09.950239 messenger.go:270: SENT EST to 2
INFO: 01:44:09.950446 messenger.go:270: SENT EST to 4
INFO: 01:44:09.965665 messenger.go:270: SENT EST to 1
INFO: 01:44:09.966126 messenger.go:270: SENT EST to 3
INFO: 01:44:09.968170 messenger.go:270: SENT EST to 4
INFO: 01:44:09.968314 messenger.go:346: RECEIVED EST from 0
INFO: 01:44:09.968484 messenger.go:346: RECEIVED EST from 6
INFO: 01:44:09.969847 messenger.go:346: RECEIVED EST from 4
INFO: 01:44:10.000632 messenger.go:346: RECEIVED EST from 7
INFO: 01:44:10.000635 messenger.go:270: SENT EST to 7
INFO: 01:44:10.001768 messenger.go:270: SENT EST to 6
INFO: 01:44:10.001835 messenger.go:270: SENT EST to 1
INFO: 01:44:10.009738 messenger.go:270: SENT EST to 3
INFO: 01:44:10.009948 messenger.go:346: RECEIVED EST from 1
INFO: 01:44:10.011093 messenger.go:270: SENT EST to 4
INFO: 01:44:10.011289 messenger.go:346: RECEIVED EST from 0
INFO: 01:44:10.015808 messenger.go:346: RECEIVED EST from 5
INFO: 01:44:10.015809 messenger.go:346: RECEIVED EST from 3
INFO: 01:44:10.016816 messenger.go:270: SENT EST to 8
INFO: 01:44:10.020007 messenger.go:346: RECEIVED EST from 4
INFO: 01:44:10.016819 messenger.go:270: SENT EST to 2
INFO: 01:44:10.016822 messenger.go:270: SENT EST to 5
INFO: 01:44:10.017481 messenger.go:346: RECEIVED EST from 8
INFO: 01:44:10.017495 messenger.go:270: SENT EST to 0
INFO: 01:44:10.018715 messenger.go:346: RECEIVED EST from 2
INFO: 01:44:10.032101 messenger.go:270: SENT EST to 0
INFO: 01:44:10.032151 messenger.go:270: SENT EST to 7
INFO: 01:44:10.041429 messenger.go:270: SENT EST to 5
INFO: 01:44:10.043807 messenger.go:270: SENT EST to 4
INFO: 01:44:10.047915 messenger.go:346: RECEIVED EST from 7
INFO: 01:44:10.049677 messenger.go:346: RECEIVED EST from 8
INFO: 01:44:10.053262 messenger.go:346: RECEIVED EST from 6
INFO: 01:44:10.053913 messenger.go:346: RECEIVED EST from 4
INFO: 01:44:10.056191 messenger.go:270: SENT EST to 2
INFO: 01:44:10.056446 messenger.go:346: RECEIVED EST from 5
INFO: 01:44:10.066151 messenger.go:346: RECEIVED EST from 7
INFO: 01:44:10.066511 messenger.go:346: RECEIVED EST from 0
INFO: 01:44:10.066813 messenger.go:346: RECEIVED EST from 6
INFO: 01:44:10.067208 messenger.go:346: RECEIVED EST from 2
INFO: 01:44:10.069887 messenger.go:270: SENT EST to 5
INFO: 01:44:10.071465 messenger.go:346: RECEIVED EST from 8
INFO: 01:44:10.073686 messenger.go:346: RECEIVED EST from 4
INFO: 01:44:10.074558 messenger.go:270: SENT EST to 1
INFO: 01:44:10.075426 messenger.go:270: SENT EST to 6
INFO: 01:44:10.075672 messenger.go:270: SENT EST to 8
INFO: 01:44:10.076636 messenger.go:346: RECEIVED EST from 3
INFO: 01:44:10.076848 messenger.go:270: SENT EST to 3
INFO: 01:44:10.079769 messenger.go:346: RECEIVED EST from 8
INFO: 01:44:10.080388 messenger.go:270: SENT EST to 6
INFO: 01:44:10.080700 messenger.go:270: SENT EST to 8
INFO: 01:44:10.082878 messenger.go:270: SENT EST to 1
INFO: 01:44:10.085578 messenger.go:270: SENT EST to 3
INFO: 01:44:10.085612 messenger.go:270: SENT EST to 8
INFO: 01:44:10.090142 messenger.go:270: SENT EST to 0
INFO: 01:44:10.090740 messenger.go:346: RECEIVED EST from 2
INFO: 01:44:10.091429 messenger.go:270: SENT EST to 7
INFO: 01:44:10.094312 messenger.go:346: RECEIVED EST from 0
INFO: 01:44:10.094607 messenger.go:346: RECEIVED EST from 6
INFO: 01:44:10.096231 messenger.go:346: RECEIVED EST from 7
INFO: 01:44:10.096791 messenger.go:270: SENT EST to 0
INFO: 01:44:10.096862 messenger.go:270: SENT EST to 1
INFO: 01:44:10.099230 messenger.go:270: SENT EST to 7
INFO: 01:44:10.099710 messenger.go:270: SENT EST to 2
INFO: 01:44:10.099866 messenger.go:270: SENT EST to 1
INFO: 01:44:10.099880 messenger.go:270: SENT EST to 8
INFO: 01:44:10.099994 messenger.go:346: RECEIVED EST from 7
INFO: 01:44:10.110096 messenger.go:270: SENT EST to 6
INFO: 01:44:10.114540 messenger.go:346: RECEIVED EST from 1
INFO: 01:44:10.128333 messenger.go:346: RECEIVED EST from 3
INFO: 01:44:10.135839 messenger.go:346: RECEIVED EST from 5
INFO: 01:44:10.143384 messenger.go:346: RECEIVED EST from 8
INFO: 01:44:10.143443 messenger.go:270: SENT EST to 0
INFO: 01:44:10.143897 messenger.go:346: RECEIVED EST from 4
INFO: 01:44:10.144012 messenger.go:270: SENT EST to 4
INFO: 01:44:10.144525 messenger.go:270: SENT EST to 5
INFO: 01:44:10.154370 messenger.go:270: SENT EST to 2
INFO: 01:44:10.154556 messenger.go:270: SENT EST to 5
INFO: 01:44:10.157490 messenger.go:346: RECEIVED EST from 5
INFO: 01:44:10.158014 messenger.go:270: SENT EST to 4
INFO: 01:44:10.170049 messenger.go:270: SENT EST to 2
INFO: 01:44:10.162562 messenger.go:270: SENT EST to 3
INFO: 01:44:10.162920 messenger.go:346: RECEIVED EST from 1
INFO: 01:44:10.163759 messenger.go:270: SENT EST to 8
INFO: 01:44:10.164141 messenger.go:346: RECEIVED EST from 0
INFO: 01:44:10.169589 messenger.go:270: SENT EST to 7
INFO: 01:44:10.158019 messenger.go:270: SENT EST to 1
INFO: 01:44:10.158942 messenger.go:346: RECEIVED EST from 1
INFO: 01:44:10.186103 messenger.go:270: SENT EST to 6
INFO: 01:44:10.187105 messenger.go:270: SENT EST to 6
INFO: 01:44:10.192176 messenger.go:346: RECEIVED EST from 3
INFO: 01:44:10.192377 messenger.go:346: RECEIVED EST from 6
INFO: 01:44:10.200333 messenger.go:270: SENT EST to 0
INFO: 01:44:10.200976 messenger.go:346: RECEIVED EST from 2
INFO: 01:44:10.201167 messenger.go:270: SENT EST to 5
INFO: 01:44:10.201549 messenger.go:346: RECEIVED EST from 1
INFO: 01:44:10.203797 messenger.go:270: SENT EST to 8
INFO: 01:44:10.204021 messenger.go:346: RECEIVED EST from 5
INFO: 01:44:10.206180 messenger.go:270: SENT EST to 1
INFO: 01:44:10.214653 messenger.go:346: RECEIVED EST from 5
INFO: 01:44:10.206595 messenger.go:346: RECEIVED EST from 8
INFO: 01:44:10.206427 messenger.go:346: RECEIVED EST from 3
INFO: 01:44:10.211335 messenger.go:270: SENT EST to 0
INFO: 01:44:10.210720 messenger.go:346: RECEIVED EST from 0
INFO: 01:44:10.213642 messenger.go:346: RECEIVED EST from 7
INFO: 01:44:10.216894 messenger.go:270: SENT EST to 7
INFO: 01:44:10.222729 messenger.go:270: SENT EST to 2
INFO: 01:44:10.223069 messenger.go:346: RECEIVED EST from 8
INFO: 01:44:10.232743 messenger.go:346: RECEIVED EST from 4
INFO: 01:44:10.232903 messenger.go:270: SENT EST to 4
INFO: 01:44:10.233005 messenger.go:270: SENT EST to 2
INFO: 01:44:10.233200 messenger.go:346: RECEIVED EST from 6
INFO: 01:44:10.235014 messenger.go:346: RECEIVED EST from 3
INFO: 01:44:10.235068 messenger.go:270: SENT EST to 3
INFO: 01:44:10.241898 messenger.go:270: SENT EST to 8
INFO: 01:44:10.243421 messenger.go:270: SENT EST to 2
INFO: 01:44:10.243613 messenger.go:270: SENT EST to 6
INFO: 01:44:10.243658 messenger.go:270: SENT EST to 1
INFO: 01:44:10.244815 messenger.go:346: RECEIVED EST from 1
INFO: 01:44:10.248390 messenger.go:270: SENT EST to 5
INFO: 01:44:10.250166 messenger.go:270: SENT EST to 0
INFO: 01:44:10.250370 messenger.go:270: SENT EST to 7
INFO: 01:44:10.253542 messenger.go:346: RECEIVED EST from 8
INFO: 01:44:10.260972 messenger.go:270: SENT EST to 4
INFO: 01:44:10.263131 messenger.go:346: RECEIVED EST from 7
INFO: 01:44:10.264573 messenger.go:346: RECEIVED EST from 0
INFO: 01:44:10.271139 messenger.go:270: SENT EST to 3
INFO: 01:44:10.275819 messenger.go:346: RECEIVED EST from 2
INFO: 01:44:10.278101 messenger.go:346: RECEIVED EST from 8
INFO: 01:44:10.278681 messenger.go:346: RECEIVED EST from 6
INFO: 01:44:10.278779 messenger.go:270: SENT EST to 2
INFO: 01:44:10.279100 messenger.go:346: RECEIVED EST from 3
INFO: 01:44:10.283302 messenger.go:270: SENT EST to 6
INFO: 01:44:10.283508 messenger.go:270: SENT EST to 1
INFO: 01:44:10.283567 messenger.go:270: SENT EST to 8
INFO: 01:44:10.284406 messenger.go:346: RECEIVED EST from 5
INFO: 01:44:10.287471 messenger.go:270: SENT EST to 5
INFO: 01:44:10.291904 messenger.go:346: RECEIVED EST from 1
INFO: 01:44:10.294084 messenger.go:270: SENT EST to 7
INFO: 01:44:10.296513 messenger.go:270: SENT EST to 4
INFO: 01:44:10.295499 messenger.go:346: RECEIVED EST from 4
INFO: 01:44:10.299732 messenger.go:270: SENT EST to 0
INFO: 01:44:10.302968 messenger.go:346: RECEIVED EST from 0
INFO: 01:44:10.306061 messenger.go:346: RECEIVED EST from 2
INFO: 01:44:10.307172 messenger.go:346: RECEIVED EST from 2
INFO: 01:44:10.311544 messenger.go:346: RECEIVED EST from 5
INFO: 01:44:10.311555 messenger.go:346: RECEIVED EST from 7
INFO: 01:44:10.317822 messenger.go:346: RECEIVED EST from 4
INFO: 01:44:10.325692 messenger.go:270: SENT EST to 3
INFO: 01:44:10.326658 messenger.go:346: RECEIVED EST from 3
INFO: 01:44:10.327020 messenger.go:346: RECEIVED EST from 8
INFO: 01:44:10.328373 messenger.go:346: RECEIVED EST from 5
INFO: 01:44:10.334090 messenger.go:270: SENT EST to 3
INFO: 01:44:10.337766 messenger.go:270: SENT EST to 0
INFO: 01:44:10.337854 messenger.go:270: SENT EST to 8
INFO: 01:44:10.338260 messenger.go:270: SENT EST to 1
INFO: 01:44:10.343880 messenger.go:270: SENT EST to 5
INFO: 01:44:10.347972 messenger.go:270: SENT EST to 3
INFO: 01:44:10.348079 messenger.go:346: RECEIVED EST from 3
INFO: 01:44:10.349867 messenger.go:270: SENT EST to 7
INFO: 01:44:10.351737 messenger.go:270: SENT EST to 3
INFO: 01:44:10.354242 messenger.go:270: SENT EST to 2
INFO: 01:44:10.362135 messenger.go:346: RECEIVED EST from 8
INFO: 01:44:10.374324 messenger.go:270: SENT EST to 4
INFO: 01:44:10.378606 messenger.go:346: RECEIVED EST from 1
INFO: 01:44:10.380240 messenger.go:346: RECEIVED EST from 4
INFO: 01:44:10.382151 messenger.go:346: RECEIVED EST from 6
INFO: 01:44:10.382773 messenger.go:270: SENT EST to 6
INFO: 01:44:10.387645 messenger.go:270: SENT EST to 5
INFO: 01:44:10.394853 messenger.go:346: RECEIVED EST from 7
INFO: 01:44:10.395213 messenger.go:346: RECEIVED EST from 0
INFO: 01:44:10.395597 messenger.go:270: SENT EST to 1
INFO: 01:44:10.396213 messenger.go:270: SENT EST to 8
INFO: 01:44:10.397477 messenger.go:270: SENT EST to 7
INFO: 01:44:10.398883 messenger.go:270: SENT EST to 0
INFO: 01:44:10.417342 messenger.go:270: SENT EST to 2
INFO: 01:44:10.417648 messenger.go:346: RECEIVED EST from 6
INFO: 01:44:10.440172 messenger.go:270: SENT EST to 6
INFO: 01:44:10.447610 messenger.go:270: SENT EST to 4
INFO: 01:44:10.450008 messenger.go:270: SENT EST to 3
INFO: 01:44:10.450162 messenger.go:346: RECEIVED EST from 3
INFO: 01:44:10.450751 messenger.go:346: RECEIVED EST from 5
INFO: 01:44:10.450952 messenger.go:346: RECEIVED EST from 1
INFO: 01:44:10.451194 messenger.go:346: RECEIVED EST from 2
INFO: 01:44:10.452093 messenger.go:346: RECEIVED EST from 0
INFO: 01:44:10.453758 messenger.go:270: SENT EST to 5
INFO: 01:44:10.457692 messenger.go:346: RECEIVED EST from 7
INFO: 01:44:10.457755 messenger.go:270: SENT EST to 4
INFO: 01:44:10.458168 messenger.go:270: SENT EST to 4
INFO: 01:44:10.458536 messenger.go:270: SENT EST to 5
INFO: 01:44:10.458747 messenger.go:346: RECEIVED EST from 4
INFO: 01:44:10.458822 messenger.go:270: SENT EST to 7
INFO: 01:44:10.461024 messenger.go:270: SENT EST to 5
INFO: 01:44:10.461166 messenger.go:270: SENT EST to 1
INFO: 01:44:10.461499 messenger.go:270: SENT EST to 0
INFO: 01:44:10.463365 messenger.go:270: SENT EST to 4
INFO: 01:44:10.465224 messenger.go:270: SENT EST to 2
INFO: 01:44:10.476272 messenger.go:270: SENT EST to 3
INFO: 01:44:10.476458 messenger.go:346: RECEIVED EST from 1
INFO: 01:44:10.479703 messenger.go:270: SENT EST to 6
INFO: 01:44:10.480769 messenger.go:270: SENT EST to 7
INFO: 01:44:10.487248 messenger.go:270: SENT EST to 6
INFO: 01:44:10.487915 messenger.go:270: SENT EST to 7
INFO: 01:44:10.488734 messenger.go:346: RECEIVED EST from 1
INFO: 01:44:10.490129 messenger.go:346: RECEIVED EST from 6
INFO: 01:44:10.493338 messenger.go:270: SENT EST to 6
INFO: 01:44:10.499535 messenger.go:346: RECEIVED EST from 5
INFO: 01:44:10.505315 messenger.go:346: RECEIVED EST from 5
INFO: 01:44:10.509412 messenger.go:346: RECEIVED EST from 6
INFO: 01:44:10.514108 messenger.go:346: RECEIVED EST from 5
INFO: 01:44:10.521831 messenger.go:346: RECEIVED EST from 8
INFO: 01:44:10.522101 messenger.go:346: RECEIVED EST from 2
INFO: 01:44:10.531885 messenger.go:346: RECEIVED EST from 2
INFO: 01:44:10.531979 messenger.go:270: SENT EST to 8
INFO: 01:44:10.535248 messenger.go:346: RECEIVED EST from 4
INFO: 01:44:10.539587 messenger.go:270: SENT EST to 1
INFO: 01:44:10.539740 messenger.go:346: RECEIVED EST from 1
INFO: 01:44:10.539891 messenger.go:270: SENT EST to 0
INFO: 01:44:10.540150 messenger.go:346: RECEIVED EST from 3
INFO: 01:44:10.542269 messenger.go:346: RECEIVED EST from 5
INFO: 01:44:10.542841 messenger.go:270: SENT EST to 5
INFO: 01:44:10.546059 messenger.go:346: RECEIVED EST from 0
INFO: 01:44:10.549272 messenger.go:346: RECEIVED EST from 7
INFO: 01:44:10.552879 messenger.go:270: SENT EST to 6
INFO: 01:44:10.555237 messenger.go:346: RECEIVED EST from 8
INFO: 01:44:10.555368 messenger.go:270: SENT EST to 8
INFO: 01:44:10.557971 messenger.go:270: SENT EST to 7
INFO: 01:44:10.560607 messenger.go:270: SENT EST to 1
INFO: 01:44:10.560752 messenger.go:346: RECEIVED EST from 2
INFO: 01:44:10.562169 messenger.go:270: SENT EST to 0
INFO: 01:44:10.562361 messenger.go:346: RECEIVED EST from 1
INFO: 01:44:10.564434 messenger.go:346: RECEIVED EST from 6
INFO: 01:44:10.572575 messenger.go:270: SENT EST to 3
INFO: 01:44:10.572623 messenger.go:270: SENT EST to 2
INFO: 01:44:10.573291 messenger.go:270: SENT EST to 4
INFO: 01:44:10.573519 messenger.go:270: SENT EST to 8
INFO: 01:44:10.577555 messenger.go:346: RECEIVED EST from 4
INFO: 01:44:10.578185 messenger.go:346: RECEIVED EST from 3
INFO: 01:44:10.578382 messenger.go:346: RECEIVED EST from 2
INFO: 01:44:10.579541 messenger.go:270: SENT EST to 4
INFO: 01:44:10.580989 messenger.go:346: RECEIVED EST from 1
INFO: 01:44:10.581504 messenger.go:346: RECEIVED EST from 0
INFO: 01:44:10.594655 messenger.go:346: RECEIVED EST from 5
INFO: 01:44:10.594804 messenger.go:270: SENT EST to 8
INFO: 01:44:10.594837 messenger.go:270: SENT EST to 3
INFO: 01:44:10.595040 messenger.go:346: RECEIVED EST from 3
INFO: 01:44:10.596269 messenger.go:346: RECEIVED EST from 4
INFO: 01:44:10.598815 messenger.go:270: SENT EST to 1
INFO: 01:44:10.599920 messenger.go:346: RECEIVED EST from 0
INFO: 01:44:10.600283 messenger.go:270: SENT EST to 0
INFO: 01:44:10.603473 messenger.go:270: SENT EST to 8
INFO: 01:44:10.603496 messenger.go:270: SENT EST to 2
INFO: 01:44:10.604665 messenger.go:270: SENT EST to 3
INFO: 01:44:10.608100 messenger.go:270: SENT EST to 4
INFO: 01:44:10.608473 messenger.go:270: SENT EST to 1
INFO: 01:44:10.610818 messenger.go:346: RECEIVED EST from 7
INFO: 01:44:10.611840 messenger.go:270: SENT EST to 2
INFO: 01:44:10.613049 messenger.go:270: SENT EST to 5
INFO: 01:44:10.613302 messenger.go:270: SENT EST to 4
INFO: 01:44:10.614820 messenger.go:346: RECEIVED EST from 1
INFO: 01:44:10.616148 messenger.go:270: SENT EST to 2
INFO: 01:44:10.617406 messenger.go:270: SENT EST to 3
INFO: 01:44:10.620153 messenger.go:346: RECEIVED EST from 0
INFO: 01:44:10.620287 messenger.go:270: SENT EST to 5
INFO: 01:44:10.620493 messenger.go:270: SENT EST to 0
INFO: 01:44:10.621854 messenger.go:270: SENT EST to 7
INFO: 01:44:10.629621 messenger.go:270: SENT EST to 5
INFO: 01:44:10.630483 messenger.go:346: RECEIVED EST from 7
INFO: 01:44:10.637136 messenger.go:346: RECEIVED EST from 5
INFO: 01:44:10.637744 messenger.go:346: RECEIVED EST from 7
INFO: 01:44:10.645214 messenger.go:346: RECEIVED EST from 3
INFO: 01:44:10.645825 messenger.go:346: RECEIVED EST from 8
INFO: 01:44:10.647679 messenger.go:270: SENT EST to 6
INFO: 01:44:10.650066 messenger.go:346: RECEIVED EST from 6
INFO: 01:44:10.650752 messenger.go:270: SENT EST to 8
INFO: 01:44:10.651097 messenger.go:346: RECEIVED EST from 2
INFO: 01:44:10.651319 messenger.go:270: SENT EST to 3
INFO: 01:44:10.652000 messenger.go:346: RECEIVED EST from 7
INFO: 01:44:10.659487 messenger.go:270: SENT EST to 1
INFO: 01:44:10.659563 messenger.go:270: SENT EST to 0
INFO: 01:44:10.659647 messenger.go:270: SENT EST to 4
INFO: 01:44:10.659828 messenger.go:346: RECEIVED EST from 1
INFO: 01:44:10.659924 messenger.go:270: SENT EST to 2
INFO: 01:44:10.661821 messenger.go:270: SENT EST to 7
INFO: 01:44:10.672540 messenger.go:346: RECEIVED EST from 4
INFO: 01:44:10.672821 messenger.go:346: RECEIVED EST from 8
INFO: 01:44:10.673038 messenger.go:346: RECEIVED EST from 0
INFO: 01:44:10.676167 messenger.go:270: SENT EST to 6
INFO: 01:44:10.680144 messenger.go:346: RECEIVED EST from 5
INFO: 01:44:10.680519 messenger.go:346: RECEIVED EST from 6
INFO: 01:44:10.680882 messenger.go:346: RECEIVED EST from 2
INFO: 01:44:10.682305 messenger.go:270: SENT EST to 8
INFO: 01:44:10.683301 messenger.go:346: RECEIVED EST from 7
INFO: 01:44:10.683747 messenger.go:270: SENT EST to 6
INFO: 01:44:10.687025 messenger.go:346: RECEIVED EST from 3
INFO: 01:44:10.688450 messenger.go:270: SENT EST to 3
INFO: 01:44:10.688566 messenger.go:270: SENT EST to 2
INFO: 01:44:10.695246 messenger.go:270: SENT EST to 1
INFO: 01:44:10.695298 messenger.go:270: SENT EST to 4
INFO: 01:44:10.695958 messenger.go:346: RECEIVED EST from 8
INFO: 01:44:10.696131 messenger.go:346: RECEIVED EST from 1
INFO: 01:44:10.697231 messenger.go:270: SENT EST to 7
INFO: 01:44:10.697518 messenger.go:270: SENT EST to 0
INFO: 01:44:10.697720 messenger.go:270: SENT EST to 8
INFO: 01:44:10.706186 messenger.go:346: RECEIVED EST from 2
INFO: 01:44:10.707306 messenger.go:346: RECEIVED EST from 0
INFO: 01:44:10.708612 messenger.go:270: SENT EST to 3
INFO: 01:44:10.708646 messenger.go:270: SENT EST to 2
INFO: 01:44:10.708670 messenger.go:346: RECEIVED EST from 4
INFO: 01:44:10.708998 messenger.go:270: SENT EST to 0
INFO: 01:44:10.709004 messenger.go:270: SENT EST to 1
INFO: 01:44:10.709046 messenger.go:270: SENT EST to 4
INFO: 01:44:10.713246 messenger.go:270: SENT EST to 5
INFO: 01:44:10.713467 messenger.go:270: SENT EST to 6
INFO: 01:44:10.713922 messenger.go:270: SENT EST to 7
INFO: 01:44:10.736798 messenger.go:346: RECEIVED EST from 1
INFO: 01:44:10.743263 messenger.go:346: RECEIVED EST from 8
INFO: 01:44:10.743266 messenger.go:270: SENT EST to 1
INFO: 01:44:10.746291 messenger.go:346: RECEIVED EST from 1
INFO: 01:44:10.746294 messenger.go:270: SENT EST to 7
INFO: 01:44:10.746648 messenger.go:346: RECEIVED EST from 6
INFO: 01:44:10.747065 messenger.go:346: RECEIVED EST from 4
INFO: 01:44:10.747159 messenger.go:346: RECEIVED EST from 0
INFO: 01:44:10.747162 messenger.go:270: SENT EST to 0
INFO: 01:44:10.747163 messenger.go:270: SENT EST to 6
INFO: 01:44:10.747165 messenger.go:270: SENT EST to 5
INFO: 01:44:10.748403 messenger.go:346: RECEIVED EST from 5
INFO: 01:44:10.748498 messenger.go:270: SENT EST to 4
INFO: 01:44:10.748530 messenger.go:270: SENT EST to 3
INFO: 01:44:10.748641 messenger.go:346: RECEIVED EST from 3
INFO: 01:44:10.768686 messenger.go:270: SENT EST to 8
INFO: 01:44:10.795105 messenger.go:270: SENT EST to 2
INFO: 01:44:10.796274 messenger.go:346: RECEIVED EST from 3
INFO: 01:44:10.797458 messenger.go:346: RECEIVED EST from 1
INFO: 01:44:10.797551 messenger.go:346: RECEIVED EST from 6
INFO: 01:44:10.797730 messenger.go:346: RECEIVED EST from 8
INFO: 01:44:10.799764 messenger.go:346: RECEIVED EST from 2
INFO: 01:44:10.805554 messenger.go:270: SENT EST to 5
INFO: 01:44:10.805933 messenger.go:270: SENT EST to 1
INFO: 01:44:10.805632 messenger.go:270: SENT EST to 7
INFO: 01:44:10.805752 messenger.go:346: RECEIVED EST from 7
INFO: 01:44:10.806062 messenger.go:346: RECEIVED EST from 0
INFO: 01:44:10.805842 messenger.go:346: RECEIVED EST from 4
INFO: 01:44:10.805843 messenger.go:270: SENT EST to 8
INFO: 01:44:10.805892 messenger.go:270: SENT EST to 6
INFO: 01:44:10.806275 messenger.go:270: SENT EST to 2
INFO: 01:44:10.806390 messenger.go:346: RECEIVED EST from 1
INFO: 01:44:10.806496 messenger.go:346: RECEIVED EST from 3
INFO: 01:44:10.806659 messenger.go:346: RECEIVED EST from 5
INFO: 01:44:10.806708 messenger.go:270: SENT EST to 0
INFO: 01:44:10.809243 messenger.go:346: RECEIVED EST from 2
INFO: 01:44:10.810177 messenger.go:346: RECEIVED EST from 8
INFO: 01:44:10.834185 messenger.go:270: SENT EST to 4
INFO: 01:44:10.834414 messenger.go:270: SENT EST to 3
INFO: 01:44:10.834800 messenger.go:270: SENT EST to 5
INFO: 01:44:10.834938 messenger.go:270: SENT EST to 6
INFO: 01:44:10.835248 messenger.go:346: RECEIVED EST from 4
INFO: 01:44:10.835412 messenger.go:346: RECEIVED EST from 7
INFO: 01:44:10.835545 messenger.go:346: RECEIVED EST from 6
INFO: 01:44:10.835705 messenger.go:346: RECEIVED EST from 3
INFO: 01:44:10.835766 messenger.go:346: RECEIVED EST from 0
INFO: 01:44:10.836281 messenger.go:346: RECEIVED EST from 1
INFO: 01:44:10.836457 messenger.go:270: SENT EST to 2
INFO: 01:44:10.836466 messenger.go:270: SENT EST to 8
INFO: 01:44:10.836523 messenger.go:270: SENT EST to 7
INFO: 01:44:10.836656 messenger.go:270: SENT EST to 1
INFO: 01:44:10.838540 messenger.go:346: RECEIVED EST from 5
INFO: 01:44:10.840202 messenger.go:270: SENT EST to 0
INFO: 01:44:10.840204 messenger.go:270: SENT EST to 3
INFO: 01:44:10.848730 messenger.go:270: SENT EST to 4
INFO: 01:44:10.849917 messenger.go:270: SENT EST to 6
INFO: 01:44:10.850062 messenger.go:346: RECEIVED EST from 4
INFO: 01:44:10.850227 messenger.go:270: SENT EST to 3
INFO: 01:44:10.850290 messenger.go:346: RECEIVED EST from 3
INFO: 01:44:10.850357 messenger.go:346: RECEIVED EST from 2
INFO: 01:44:10.850502 messenger.go:270: SENT EST to 2
INFO: 01:44:10.850942 messenger.go:346: RECEIVED EST from 0
INFO: 01:44:10.851306 messenger.go:346: RECEIVED EST from 1
INFO: 01:44:10.851371 messenger.go:270: SENT EST to 1
INFO: 01:44:10.851780 messenger.go:346: RECEIVED EST from 6
INFO: 01:44:10.854430 messenger.go:346: RECEIVED EST from 1
INFO: 01:44:10.856869 messenger.go:346: RECEIVED EST from 0
INFO: 01:44:10.854525 messenger.go:346: RECEIVED EST from 6
INFO: 01:44:10.854622 messenger.go:346: RECEIVED EST from 6
INFO: 01:44:10.865319 messenger.go:270: SENT EST to 7
INFO: 01:44:10.867732 messenger.go:346: RECEIVED EST from 7
INFO: 01:44:10.867878 messenger.go:270: SENT EST to 5
INFO: 01:44:10.875772 messenger.go:346: RECEIVED EST from 5
INFO: 01:44:10.875973 messenger.go:346: RECEIVED EST from 1
INFO: 01:44:10.881776 messenger.go:270: SENT EST to 6
INFO: 01:44:10.882243 messenger.go:346: RECEIVED EST from 7
INFO: 01:44:10.882407 messenger.go:346: RECEIVED EST from 0
INFO: 01:44:10.882949 messenger.go:346: RECEIVED EST from 7
INFO: 01:44:10.883007 messenger.go:270: SENT EST to 5
INFO: 01:44:10.889251 messenger.go:270: SENT EST to 0
INFO: 01:44:10.889402 messenger.go:346: RECEIVED EST from 5
INFO: 01:44:10.940070 messenger.go:346: RECEIVED EST from 4
INFO: 01:44:10.940294 messenger.go:270: SENT EST to 4
INFO: 01:44:10.940808 messenger.go:346: RECEIVED EST from 3
INFO: 01:44:10.941302 messenger.go:346: RECEIVED EST from 8
INFO: 01:44:10.975919 messenger.go:346: RECEIVED EST from 2
INFO: 01:44:10.976544 messenger.go:270: SENT EST to 6
INFO: 01:44:10.976711 messenger.go:346: RECEIVED EST from 6
INFO: 01:44:10.976937 messenger.go:346: RECEIVED EST from 0
INFO: 01:44:10.976997 messenger.go:270: SENT EST to 7
INFO: 01:44:10.978388 messenger.go:346: RECEIVED EST from 1
INFO: 01:44:10.978558 messenger.go:270: SENT EST to 8
INFO: 01:44:11.008993 messenger.go:346: RECEIVED EST from 4
INFO: 01:44:11.009187 messenger.go:346: RECEIVED EST from 0
INFO: 01:44:11.009233 messenger.go:270: SENT EST to 5
INFO: 01:44:11.009500 messenger.go:346: RECEIVED EST from 8
INFO: 01:44:11.012012 messenger.go:346: RECEIVED EST from 5
INFO: 01:44:11.024669 messenger.go:270: SENT EST to 7
INFO: 01:44:11.025700 messenger.go:346: RECEIVED EST from 4
INFO: 01:44:11.025910 messenger.go:270: SENT EST to 5
INFO: 01:44:11.026685 messenger.go:346: RECEIVED EST from 1
INFO: 01:44:11.026816 messenger.go:270: SENT EST to 1
INFO: 01:44:11.028661 messenger.go:270: SENT EST to 0
INFO: 01:44:11.038361 messenger.go:270: SENT EST to 8
INFO: 01:44:11.049852 messenger.go:270: SENT EST to 7
INFO: 01:44:11.050045 messenger.go:346: RECEIVED EST from 2
INFO: 01:44:11.057147 messenger.go:270: SENT EST to 4
INFO: 01:44:11.057401 messenger.go:346: RECEIVED EST from 0
INFO: 01:44:11.061907 messenger.go:270: SENT EST to 3
INFO: 01:44:11.063449 messenger.go:346: RECEIVED EST from 3
INFO: 01:44:11.066578 messenger.go:346: RECEIVED EST from 2
INFO: 01:44:11.074971 messenger.go:270: SENT EST to 2
INFO: 01:44:11.076065 messenger.go:270: SENT EST to 4
INFO: 01:44:11.076266 messenger.go:270: SENT EST to 2
INFO: 01:44:11.076969 messenger.go:346: RECEIVED EST from 8
INFO: 01:44:11.080349 messenger.go:270: SENT EST to 3
INFO: 01:44:11.080592 messenger.go:270: SENT EST to 0
INFO: 01:44:11.081433 messenger.go:346: RECEIVED EST from 6
INFO: 01:44:11.084038 messenger.go:346: RECEIVED EST from 7
INFO: 01:44:11.085300 messenger.go:270: SENT EST to 1
INFO: 01:44:11.086581 messenger.go:346: RECEIVED EST from 5
INFO: 01:44:11.087761 messenger.go:270: SENT EST to 5
INFO: 01:44:11.095404 messenger.go:270: SENT EST to 8
INFO: 01:44:11.098091 messenger.go:270: SENT EST to 8
INFO: 01:44:11.098228 messenger.go:346: RECEIVED EST from 1
INFO: 01:44:11.114952 messenger.go:270: SENT EST to 6
INFO: 01:44:11.115718 messenger.go:346: RECEIVED EST from 2
INFO: 01:44:11.117729 messenger.go:346: RECEIVED EST from 6
INFO: 01:44:11.121405 messenger.go:346: RECEIVED EST from 1
INFO: 01:44:11.121875 messenger.go:346: RECEIVED EST from 4
INFO: 01:44:11.122296 messenger.go:270: SENT EST to 6
INFO: 01:44:11.122725 messenger.go:270: SENT EST to 5
INFO: 01:44:11.122787 messenger.go:270: SENT EST to 1
INFO: 01:44:11.135499 messenger.go:346: RECEIVED EST from 8
INFO: 01:44:11.136825 messenger.go:346: RECEIVED EST from 0
INFO: 01:44:11.136876 messenger.go:270: SENT EST to 6
INFO: 01:44:11.137043 messenger.go:346: RECEIVED EST from 3
INFO: 01:44:11.137360 messenger.go:346: RECEIVED EST from 5
INFO: 01:44:11.137560 messenger.go:346: RECEIVED EST from 7
INFO: 01:44:11.140456 messenger.go:346: RECEIVED EST from 6
INFO: 01:44:11.144084 messenger.go:270: SENT EST to 7
INFO: 01:44:11.144665 messenger.go:270: SENT EST to 8
INFO: 01:44:11.146486 messenger.go:346: RECEIVED EST from 1
INFO: 01:44:11.146687 messenger.go:270: SENT EST to 0
INFO: 01:44:11.147383 messenger.go:270: SENT EST to 2
INFO: 01:44:11.154964 messenger.go:270: SENT EST to 2
INFO: 01:44:11.155552 messenger.go:270: SENT EST to 4
INFO: 01:44:11.182620 messenger.go:346: RECEIVED EST from 8
INFO: 01:44:11.182778 messenger.go:270: SENT EST to 1
INFO: 01:44:11.184140 messenger.go:270: SENT EST to 8
INFO: 01:44:11.184205 messenger.go:270: SENT EST to 0
INFO: 01:44:11.184843 messenger.go:270: SENT EST to 3
INFO: 01:44:11.189974 messenger.go:270: SENT EST to 7
INFO: 01:44:11.190125 messenger.go:346: RECEIVED EST from 3
INFO: 01:44:11.191808 messenger.go:270: SENT EST to 2
INFO: 01:44:11.191938 messenger.go:346: RECEIVED EST from 4
INFO: 01:44:11.192082 messenger.go:346: RECEIVED EST from 2
INFO: 01:44:11.192223 messenger.go:346: RECEIVED EST from 1
INFO: 01:44:11.192399 messenger.go:346: RECEIVED EST from 5
INFO: 01:44:11.193226 messenger.go:346: RECEIVED EST from 0
INFO: 01:44:11.214847 messenger.go:270: SENT EST to 4
INFO: 01:44:11.216492 messenger.go:346: RECEIVED EST from 0
INFO: 01:44:11.216931 messenger.go:346: RECEIVED EST from 4
INFO: 01:44:11.216998 messenger.go:270: SENT EST to 1
INFO: 01:44:11.217025 messenger.go:270: SENT EST to 3
INFO: 01:44:11.217480 messenger.go:270: SENT EST to 0
INFO: 01:44:11.218364 messenger.go:346: RECEIVED EST from 4
INFO: 01:44:11.218376 messenger.go:270: SENT EST to 3
INFO: 01:44:11.218696 messenger.go:346: RECEIVED EST from 7
INFO: 01:44:11.219176 messenger.go:346: RECEIVED EST from 5
INFO: 01:44:11.220038 messenger.go:346: RECEIVED EST from 4
INFO: 01:44:11.220086 messenger.go:270: SENT EST to 5
INFO: 01:44:11.220886 messenger.go:346: RECEIVED EST from 3
INFO: 01:44:11.221763 messenger.go:346: RECEIVED EST from 6
INFO: 01:44:11.221920 messenger.go:346: RECEIVED EST from 1
INFO: 01:44:11.221964 messenger.go:270: SENT EST to 7
INFO: 01:44:11.222103 messenger.go:346: RECEIVED EST from 2
INFO: 01:44:11.226095 messenger.go:270: SENT EST to 4
INFO: 01:44:11.230111 messenger.go:346: RECEIVED EST from 8
INFO: 01:44:11.237469 messenger.go:346: RECEIVED EST from 0
INFO: 01:44:11.242623 messenger.go:346: RECEIVED EST from 5
INFO: 01:44:11.243345 messenger.go:346: RECEIVED EST from 3
INFO: 01:44:11.243748 messenger.go:270: SENT EST to 5
INFO: 01:44:11.244060 messenger.go:346: RECEIVED EST from 1
INFO: 01:44:11.246834 messenger.go:346: RECEIVED EST from 4
INFO: 01:44:11.247191 messenger.go:270: SENT EST to 4
INFO: 01:44:11.247386 messenger.go:346: RECEIVED EST from 2
INFO: 01:44:11.247431 messenger.go:270: SENT EST to 2
INFO: 01:44:11.247440 messenger.go:270: SENT EST to 1
INFO: 01:44:11.247583 messenger.go:346: RECEIVED EST from 7
INFO: 01:44:11.248773 messenger.go:270: SENT EST to 6
INFO: 01:44:11.252399 messenger.go:346: RECEIVED EST from 6
INFO: 01:44:11.252990 messenger.go:346: RECEIVED EST from 4
INFO: 01:44:11.254271 messenger.go:346: RECEIVED EST from 5
INFO: 01:44:11.255808 messenger.go:346: RECEIVED EST from 8
INFO: 01:44:11.255978 messenger.go:270: SENT EST to 7
INFO: 01:44:11.256098 messenger.go:346: RECEIVED EST from 2
INFO: 01:44:11.256993 messenger.go:270: SENT EST to 3
INFO: 01:44:11.259351 messenger.go:270: SENT EST to 6
INFO: 01:44:11.261414 messenger.go:270: SENT EST to 5
INFO: 01:44:11.262125 messenger.go:270: SENT EST to 8
INFO: 01:44:11.264295 messenger.go:346: RECEIVED EST from 0
INFO: 01:44:11.282130 messenger.go:346: RECEIVED EST from 1
INFO: 01:44:11.282729 messenger.go:346: RECEIVED EST from 7
INFO: 01:44:11.282855 messenger.go:270: SENT EST to 6
INFO: 01:44:11.283759 messenger.go:346: RECEIVED EST from 8
INFO: 01:44:11.286208 messenger.go:346: RECEIVED EST from 5
INFO: 01:44:11.286922 messenger.go:270: SENT EST to 7
INFO: 01:44:11.286931 messenger.go:270: SENT EST to 0
INFO: 01:44:11.288776 messenger.go:346: RECEIVED EST from 2
INFO: 01:44:11.291124 messenger.go:346: RECEIVED EST from 6
INFO: 01:44:11.292830 messenger.go:346: RECEIVED EST from 2
INFO: 01:44:11.300813 messenger.go:270: SENT EST to 3
INFO: 01:44:11.300828 messenger.go:270: SENT EST to 6
INFO: 01:44:11.301026 messenger.go:346: RECEIVED EST from 3
INFO: 01:44:11.301238 messenger.go:270: SENT EST to 7
INFO: 01:44:11.301328 messenger.go:346: RECEIVED EST from 7
INFO: 01:44:11.301440 messenger.go:270: SENT EST to 1
INFO: 01:44:11.301604 messenger.go:346: RECEIVED EST from 1
INFO: 01:44:11.301701 messenger.go:270: SENT EST to 2
INFO: 01:44:11.301944 messenger.go:346: RECEIVED EST from 4
INFO: 01:44:11.310673 messenger.go:346: RECEIVED EST from 6
INFO: 01:44:11.312919 messenger.go:346: RECEIVED EST from 8
INFO: 01:44:11.313822 messenger.go:270: SENT EST to 0
INFO: 01:44:11.314228 messenger.go:270: SENT EST to 5
INFO: 01:44:11.316550 messenger.go:270: SENT EST to 8
INFO: 01:44:11.319369 messenger.go:346: RECEIVED EST from 0
INFO: 01:44:11.323059 messenger.go:270: SENT EST to 4
INFO: 01:44:11.324270 messenger.go:346: RECEIVED EST from 7
INFO: 01:44:11.324423 messenger.go:346: RECEIVED EST from 5
INFO: 01:44:11.324623 messenger.go:346: RECEIVED EST from 3
INFO: 01:44:11.324846 messenger.go:346: RECEIVED EST from 1
INFO: 01:44:11.339172 messenger.go:270: SENT EST to 7
INFO: 01:44:11.339899 messenger.go:346: RECEIVED EST from 7
INFO: 01:44:11.341430 messenger.go:270: SENT EST to 2
INFO: 01:44:11.342717 messenger.go:270: SENT EST to 3
INFO: 01:44:11.376896 messenger.go:270: SENT EST to 8
INFO: 01:44:11.377586 messenger.go:346: RECEIVED EST from 2
INFO: 01:44:11.389324 messenger.go:346: RECEIVED EST from 3
INFO: 01:44:11.390056 messenger.go:270: SENT EST to 1
INFO: 01:44:11.390928 messenger.go:270: SENT EST to 4
INFO: 01:44:11.390920 messenger.go:346: RECEIVED EST from 4
INFO: 01:44:11.420720 messenger.go:270: SENT EST to 0
INFO: 01:44:11.424016 messenger.go:346: RECEIVED EST from 0
INFO: 01:44:11.424057 messenger.go:270: SENT EST to 8
INFO: 01:44:11.435087 messenger.go:346: RECEIVED EST from 6
INFO: 01:44:11.435146 messenger.go:270: SENT EST to 6
INFO: 01:44:11.436158 messenger.go:346: RECEIVED EST from 8
INFO: 01:44:11.438359 messenger.go:346: RECEIVED EST from 1
INFO: 01:44:11.443603 messenger.go:270: SENT EST to 5
INFO: 01:44:11.446083 messenger.go:346: RECEIVED EST from 7
INFO: 01:44:11.446096 messenger.go:346: RECEIVED EST from 0
INFO: 01:44:11.446554 messenger.go:346: RECEIVED EST from 4
INFO: 01:44:11.446563 messenger.go:346: RECEIVED EST from 5
INFO: 01:44:11.450529 messenger.go:270: SENT EST to 7
INFO: 01:44:11.451185 messenger.go:270: SENT EST to 8
INFO: 01:44:11.453975 messenger.go:346: RECEIVED EST from 2
INFO: 01:44:11.454129 messenger.go:270: SENT EST to 6
INFO: 01:44:11.455445 messenger.go:346: RECEIVED EST from 6
INFO: 01:44:11.459931 messenger.go:270: SENT EST to 4
INFO: 01:44:11.460277 messenger.go:346: RECEIVED EST from 3
INFO: 01:44:11.461292 messenger.go:270: SENT EST to 8
INFO: 01:44:11.464592 messenger.go:270: SENT EST to 3
INFO: 01:44:11.465174 messenger.go:346: RECEIVED EST from 8
INFO: 01:44:11.465466 messenger.go:270: SENT EST to 0
INFO: 01:44:11.466185 messenger.go:346: RECEIVED EST from 0
INFO: 01:44:11.478993 messenger.go:270: SENT EST to 2
INFO: 01:44:11.480945 messenger.go:346: RECEIVED EST from 8
INFO: 01:44:11.482001 messenger.go:270: SENT EST to 0
INFO: 01:44:11.482419 messenger.go:346: RECEIVED EST from 0
INFO: 01:44:11.483438 messenger.go:270: SENT EST to 5
INFO: 01:44:11.483722 messenger.go:346: RECEIVED EST from 1
INFO: 01:44:11.484195 messenger.go:346: RECEIVED EST from 6
INFO: 01:44:11.486627 messenger.go:346: RECEIVED EST from 4
INFO: 01:44:11.487659 messenger.go:346: RECEIVED EST from 7
INFO: 01:44:11.488125 messenger.go:346: RECEIVED EST from 5
INFO: 01:44:11.495171 messenger.go:346: RECEIVED EST from 3
INFO: 01:44:11.498535 messenger.go:270: SENT EST to 0
INFO: 01:44:11.501229 messenger.go:270: SENT EST to 1
INFO: 01:44:11.501461 messenger.go:346: RECEIVED EST from 1
INFO: 01:44:11.520375 messenger.go:346: RECEIVED EST from 2
INFO: 01:44:11.532284 messenger.go:270: SENT EST to 1
INFO: 01:44:11.545659 messenger.go:270: SENT EST to 0
INFO: 01:44:11.549008 messenger.go:270: SENT EST to 7
INFO: 01:44:11.549286 messenger.go:346: RECEIVED EST from 6
INFO: 01:44:11.549398 messenger.go:270: SENT EST to 5
INFO: 01:44:11.554761 messenger.go:270: SENT EST to 8
INFO: 01:44:11.555031 messenger.go:346: RECEIVED EST from 5
INFO: 01:44:11.555271 messenger.go:346: RECEIVED EST from 3
INFO: 01:44:11.555498 messenger.go:270: SENT EST to 4
INFO: 01:44:11.555661 messenger.go:346: RECEIVED EST from 8
INFO: 01:44:11.555704 messenger.go:270: SENT EST to 6
INFO: 01:44:11.556002 messenger.go:346: RECEIVED EST from 0
INFO: 01:44:11.556082 messenger.go:270: SENT EST to 3
INFO: 01:44:11.635110 messenger.go:346: RECEIVED EST from 7
INFO: 01:44:11.636181 messenger.go:346: RECEIVED EST from 4
INFO: 01:44:11.636526 messenger.go:346: RECEIVED EST from 3
INFO: 01:44:11.637999 messenger.go:346: RECEIVED EST from 2
INFO: 01:44:11.638828 messenger.go:346: RECEIVED EST from 1
INFO: 01:44:11.639586 messenger.go:346: RECEIVED EST from 5
INFO: 01:44:11.640909 messenger.go:270: SENT EST to 2
INFO: 01:44:11.646128 messenger.go:346: RECEIVED EST from 6
INFO: 01:44:11.640974 messenger.go:270: SENT EST to 1
INFO: 01:44:11.689452 messenger.go:270: SENT EST to 3
INFO: 01:44:11.689626 messenger.go:270: SENT EST to 1
INFO: 01:44:11.694936 messenger.go:270: SENT EST to 1
INFO: 01:44:11.695727 messenger.go:270: SENT EST to 4
INFO: 01:44:11.698363 messenger.go:270: SENT EST to 2
INFO: 01:44:11.704965 messenger.go:346: RECEIVED EST from 8
INFO: 01:44:11.714996 messenger.go:346: RECEIVED EST from 0
INFO: 01:44:11.715295 messenger.go:346: RECEIVED EST from 8
INFO: 01:44:11.715351 messenger.go:270: SENT EST to 2
INFO: 01:44:11.716125 messenger.go:346: RECEIVED EST from 3
INFO: 01:44:11.716881 messenger.go:346: RECEIVED EST from 1
INFO: 01:44:11.717455 messenger.go:346: RECEIVED EST from 6
INFO: 01:44:11.717530 messenger.go:270: SENT EST to 0
INFO: 01:44:11.718663 messenger.go:346: RECEIVED EST from 7
INFO: 01:44:11.718957 messenger.go:346: RECEIVED EST from 4
INFO: 01:44:11.719134 messenger.go:270: SENT EST to 2
INFO: 01:44:11.720859 messenger.go:270: SENT EST to 4
INFO: 01:44:11.731007 messenger.go:346: RECEIVED EST from 0
INFO: 01:44:11.731058 messenger.go:270: SENT EST to 3
INFO: 01:44:11.731233 messenger.go:346: RECEIVED EST from 2
INFO: 01:44:11.731371 messenger.go:346: RECEIVED EST from 5
INFO: 01:44:11.731374 messenger.go:270: SENT EST to 8
INFO: 01:44:11.731374 messenger.go:270: SENT EST to 6
INFO: 01:44:11.731743 messenger.go:346: RECEIVED EST from 1
INFO: 01:44:11.734057 messenger.go:270: SENT EST to 4
INFO: 01:44:11.737607 messenger.go:270: SENT EST to 5
INFO: 01:44:11.743770 messenger.go:270: SENT EST to 5
INFO: 01:44:11.744849 messenger.go:270: SENT EST to 3
INFO: 01:44:11.746304 messenger.go:270: SENT EST to 5
INFO: 01:44:11.750419 messenger.go:270: SENT EST to 6
INFO: 01:44:11.755653 messenger.go:270: SENT EST to 7
INFO: 01:44:11.757724 messenger.go:346: RECEIVED EST from 7
INFO: 01:44:11.762597 messenger.go:270: SENT EST to 6
INFO: 01:44:11.763059 messenger.go:346: RECEIVED EST from 6
INFO: 01:44:11.764493 messenger.go:270: SENT EST to 0
INFO: 01:44:11.764855 messenger.go:270: SENT EST to 2
INFO: 01:44:11.765039 messenger.go:270: SENT EST to 1
INFO: 01:44:11.766763 messenger.go:270: SENT EST to 6
INFO: 01:44:11.766805 messenger.go:270: SENT EST to 8
INFO: 01:44:11.766825 messenger.go:346: RECEIVED EST from 2
INFO: 01:44:11.768949 messenger.go:270: SENT EST to 5
INFO: 01:44:11.770587 messenger.go:270: SENT EST to 4
INFO: 01:44:11.771617 messenger.go:346: RECEIVED EST from 3
INFO: 01:44:11.778084 messenger.go:270: SENT EST to 7
INFO: 01:44:11.779774 messenger.go:270: SENT EST to 3
INFO: 01:44:11.782248 messenger.go:346: RECEIVED EST from 1
INFO: 01:44:11.782435 messenger.go:346: RECEIVED EST from 2
INFO: 01:44:11.782582 messenger.go:346: RECEIVED EST from 5
INFO: 01:44:11.788354 messenger.go:270: SENT EST to 1
INFO: 01:44:11.788571 messenger.go:346: RECEIVED EST from 0
INFO: 01:44:11.789776 messenger.go:270: SENT EST to 7
INFO: 01:44:11.790442 messenger.go:346: RECEIVED EST from 7
INFO: 01:44:11.790465 messenger.go:270: SENT EST to 0
INFO: 01:44:11.790570 messenger.go:346: RECEIVED EST from 5
INFO: 01:44:11.790658 messenger.go:346: RECEIVED EST from 3
INFO: 01:44:11.792899 messenger.go:270: SENT EST to 5
INFO: 01:44:11.808855 messenger.go:270: SENT EST to 7
INFO: 01:44:11.808957 messenger.go:270: SENT EST to 8
INFO: 01:44:11.809123 messenger.go:270: SENT EST to 6
INFO: 01:44:11.815131 messenger.go:270: SENT EST to 7
INFO: 01:44:11.815703 messenger.go:346: RECEIVED EST from 6
INFO: 01:44:11.808871 messenger.go:270: SENT EST to 2
INFO: 01:44:11.818615 messenger.go:270: SENT EST to 3
INFO: 01:44:11.818790 messenger.go:346: RECEIVED EST from 1
INFO: 01:44:11.819016 messenger.go:346: RECEIVED EST from 0
INFO: 01:44:11.819191 messenger.go:346: RECEIVED EST from 1
INFO: 01:44:11.819597 messenger.go:270: SENT EST to 1
INFO: 01:44:11.837042 messenger.go:346: RECEIVED EST from 4
INFO: 01:44:11.837669 messenger.go:346: RECEIVED EST from 8
INFO: 01:44:11.837719 messenger.go:270: SENT EST to 4
INFO: 01:44:11.837818 messenger.go:346: RECEIVED EST from 2
INFO: 01:44:11.840505 messenger.go:346: RECEIVED EST from 7
INFO: 01:44:11.840746 messenger.go:346: RECEIVED EST from 6
INFO: 01:44:11.840749 messenger.go:346: RECEIVED EST from 0
INFO: 01:44:11.840752 messenger.go:270: SENT EST to 0
INFO: 01:44:11.840753 messenger.go:270: SENT EST to 8
INFO: 01:44:11.840976 messenger.go:346: RECEIVED EST from 3
INFO: 01:44:11.840755 messenger.go:270: SENT EST to 2
INFO: 01:44:11.846656 messenger.go:346: RECEIVED EST from 4
INFO: 01:44:11.851040 messenger.go:270: SENT EST to 4
INFO: 01:44:11.852354 messenger.go:346: RECEIVED EST from 2
INFO: 01:44:11.852661 messenger.go:346: RECEIVED EST from 5
INFO: 01:44:11.852671 messenger.go:270: SENT EST to 5
INFO: 01:44:11.852688 messenger.go:270: SENT EST to 7
INFO: 01:44:11.853138 messenger.go:346: RECEIVED EST from 6
INFO: 01:44:11.853200 messenger.go:270: SENT EST to 1
INFO: 01:44:11.853773 messenger.go:346: RECEIVED EST from 1
INFO: 01:44:11.854166 messenger.go:346: RECEIVED EST from 0
INFO: 01:44:11.854310 messenger.go:270: SENT EST to 2
INFO: 01:44:11.854460 messenger.go:346: RECEIVED EST from 5
INFO: 01:44:11.854886 messenger.go:346: RECEIVED EST from 7
INFO: 01:44:11.864742 messenger.go:270: SENT EST to 6
INFO: 01:44:11.865321 messenger.go:270: SENT EST to 0
INFO: 01:44:11.866395 messenger.go:346: RECEIVED EST from 2
INFO: 01:44:11.866889 messenger.go:346: RECEIVED EST from 8
INFO: 01:44:11.867016 messenger.go:270: SENT EST to 8
INFO: 01:44:11.878735 messenger.go:270: SENT EST to 3
INFO: 01:44:11.878841 messenger.go:270: SENT EST to 8
INFO: 01:44:11.879955 messenger.go:346: RECEIVED EST from 3
INFO: 01:44:11.880065 messenger.go:346: RECEIVED EST from 1
INFO: 01:44:11.881188 messenger.go:346: RECEIVED EST from 8
INFO: 01:44:11.893887 messenger.go:270: SENT EST to 7
INFO: 01:44:11.894178 messenger.go:270: SENT EST to 0
INFO: 01:44:11.894390 messenger.go:346: RECEIVED EST from 3
INFO: 01:44:11.895822 messenger.go:346: RECEIVED EST from 0
INFO: 01:44:11.897697 messenger.go:270: SENT EST to 8
INFO: 01:44:11.897698 messenger.go:270: SENT EST to 3
INFO: 01:44:11.898085 messenger.go:346: RECEIVED EST from 7
INFO: 01:44:11.898088 messenger.go:270: SENT EST to 2
INFO: 01:44:11.900149 messenger.go:346: RECEIVED EST from 8
INFO: 01:44:11.910217 messenger.go:270: SENT EST to 1
INFO: 01:44:11.910469 messenger.go:346: RECEIVED EST from 5
INFO: 01:44:11.914620 messenger.go:270: SENT EST to 6
INFO: 01:44:11.914849 messenger.go:346: RECEIVED EST from 4
INFO: 01:44:11.915073 messenger.go:346: RECEIVED EST from 6
INFO: 01:44:11.915564 messenger.go:346: RECEIVED EST from 2
INFO: 01:44:11.915627 messenger.go:270: SENT EST to 4
INFO: 01:44:11.922937 messenger.go:270: SENT EST to 5
INFO: 01:44:11.925737 messenger.go:346: RECEIVED EST from 3
INFO: 01:44:11.926003 messenger.go:346: RECEIVED EST from 0
INFO: 01:44:11.928979 messenger.go:270: SENT EST to 1
INFO: 01:44:11.929115 messenger.go:346: RECEIVED EST from 7
INFO: 01:44:11.929255 messenger.go:270: SENT EST to 2
INFO: 01:44:11.929333 messenger.go:270: SENT EST to 0
INFO: 01:44:11.929447 messenger.go:346: RECEIVED EST from 6
INFO: 01:44:11.929592 messenger.go:270: SENT EST to 3
INFO: 01:44:11.930168 messenger.go:270: SENT EST to 5
INFO: 01:44:11.930375 messenger.go:346: RECEIVED EST from 1
INFO: 01:44:11.930611 messenger.go:270: SENT EST to 4
INFO: 01:44:11.930819 messenger.go:346: RECEIVED EST from 4
INFO: 01:44:11.933583 messenger.go:346: RECEIVED EST from 8
INFO: 01:44:11.947580 messenger.go:270: SENT EST to 4
INFO: 01:44:11.947893 messenger.go:270: SENT EST to 6
INFO: 01:44:11.948031 messenger.go:270: SENT EST to 1
INFO: 01:44:11.948088 messenger.go:270: SENT EST to 5
INFO: 01:44:11.948242 messenger.go:346: RECEIVED EST from 7
INFO: 01:44:11.948364 messenger.go:346: RECEIVED EST from 6
INFO: 01:44:11.947903 messenger.go:270: SENT EST to 7
INFO: 01:44:11.951146 messenger.go:346: RECEIVED EST from 0
INFO: 01:44:11.951203 messenger.go:270: SENT EST to 2
INFO: 01:44:11.951317 messenger.go:346: RECEIVED EST from 3
INFO: 01:44:11.951361 messenger.go:270: SENT EST to 3
INFO: 01:44:11.957329 messenger.go:346: RECEIVED EST from 4
INFO: 01:44:11.957398 messenger.go:270: SENT EST to 0
INFO: 01:44:11.957433 messenger.go:270: SENT EST to 8
INFO: 01:44:11.959629 messenger.go:270: SENT EST to 5
INFO: 01:44:11.959675 messenger.go:270: SENT EST to 7
INFO: 01:44:11.959683 messenger.go:270: SENT EST to 6
INFO: 01:44:11.961144 messenger.go:346: RECEIVED EST from 3
INFO: 01:44:11.962275 messenger.go:346: RECEIVED EST from 1
INFO: 01:44:11.962823 messenger.go:346: RECEIVED EST from 5
INFO: 01:44:11.963176 messenger.go:346: RECEIVED EST from 8
INFO: 01:44:11.964274 messenger.go:270: SENT EST to 4
INFO: 01:44:11.964501 messenger.go:346: RECEIVED EST from 4
INFO: 01:44:11.964633 messenger.go:270: SENT EST to 1
INFO: 01:44:11.972067 messenger.go:270: SENT EST to 7
INFO: 01:44:11.972407 messenger.go:346: RECEIVED EST from 2
INFO: 01:44:11.974623 messenger.go:270: SENT EST to 2
INFO: 01:44:11.977518 messenger.go:346: RECEIVED EST from 7
INFO: 01:44:11.980338 messenger.go:270: SENT EST to 6
INFO: 01:44:11.980549 messenger.go:346: RECEIVED EST from 6
INFO: 01:44:11.987957 messenger.go:270: SENT EST to 0
INFO: 01:44:11.988264 messenger.go:270: SENT EST to 8
INFO: 01:44:11.988854 messenger.go:270: SENT EST to 8
INFO: 01:44:11.989242 messenger.go:346: RECEIVED EST from 0
INFO: 01:44:11.989840 messenger.go:346: RECEIVED EST from 8
INFO: 01:44:11.999603 messenger.go:346: RECEIVED EST from 2
INFO: 01:44:12.000044 messenger.go:346: RECEIVED EST from 7
INFO: 01:44:12.000283 messenger.go:346: RECEIVED EST from 8
INFO: 01:44:12.000594 messenger.go:270: SENT EST to 3
INFO: 01:44:12.001813 messenger.go:346: RECEIVED EST from 3
INFO: 01:44:12.012262 messenger.go:346: RECEIVED EST from 6
INFO: 01:44:12.012719 messenger.go:270: SENT EST to 0
INFO: 01:44:12.012791 messenger.go:346: RECEIVED EST from 7
INFO: 01:44:12.013159 messenger.go:346: RECEIVED EST from 1
INFO: 01:44:12.013330 messenger.go:346: RECEIVED EST from 2
INFO: 01:44:12.013872 messenger.go:346: RECEIVED EST from 5
INFO: 01:44:12.016548 messenger.go:270: SENT EST to 6
INFO: 01:44:12.017393 messenger.go:270: SENT EST to 8
INFO: 01:44:12.017477 messenger.go:270: SENT EST to 7
INFO: 01:44:12.017708 messenger.go:270: SENT EST to 1
INFO: 01:44:12.018025 messenger.go:270: SENT EST to 5
INFO: 01:44:12.018087 messenger.go:270: SENT EST to 0
INFO: 01:44:12.022675 messenger.go:270: SENT EST to 1
INFO: 01:44:12.022901 messenger.go:346: RECEIVED EST from 5
INFO: 01:44:12.023230 messenger.go:346: RECEIVED EST from 1
INFO: 01:44:12.023317 messenger.go:270: SENT EST to 2
INFO: 01:44:12.028124 messenger.go:346: RECEIVED EST from 5
INFO: 01:44:12.036096 messenger.go:270: SENT EST to 3
INFO: 01:44:12.037882 messenger.go:270: SENT EST to 2
INFO: 01:44:12.041369 messenger.go:270: SENT EST to 4
INFO: 01:44:12.041509 messenger.go:346: RECEIVED EST from 8
INFO: 01:44:12.041704 messenger.go:346: RECEIVED EST from 1
INFO: 01:44:12.045472 messenger.go:346: RECEIVED EST from 4
INFO: 01:44:12.048604 messenger.go:346: RECEIVED EST from 0
INFO: 01:44:12.049534 messenger.go:270: SENT EST to 2
INFO: 01:44:12.050362 messenger.go:270: SENT EST to 8
INFO: 01:44:12.050581 messenger.go:270: SENT EST to 0
INFO: 01:44:12.050791 messenger.go:346: RECEIVED EST from 6
INFO: 01:44:12.051558 messenger.go:270: SENT EST to 5
INFO: 01:44:12.051756 messenger.go:346: RECEIVED EST from 5
INFO: 01:44:12.057257 messenger.go:346: RECEIVED EST from 7
INFO: 01:44:12.057311 messenger.go:270: SENT EST to 7
INFO: 01:44:12.057377 messenger.go:270: SENT EST to 6
INFO: 01:44:12.059610 messenger.go:346: RECEIVED EST from 2
INFO: 01:44:12.059789 messenger.go:270: SENT EST to 1
INFO: 01:44:12.061162 messenger.go:270: SENT EST to 3
INFO: 01:44:12.065518 messenger.go:270: SENT EST to 3
INFO: 01:44:12.067258 messenger.go:270: SENT EST to 4
INFO: 01:44:12.076707 messenger.go:346: RECEIVED EST from 8
INFO: 01:44:12.082850 messenger.go:346: RECEIVED EST from 7
INFO: 01:44:12.083028 messenger.go:346: RECEIVED EST from 2
INFO: 01:44:12.083180 messenger.go:346: RECEIVED EST from 0
INFO: 01:44:12.083348 messenger.go:346: RECEIVED EST from 6
INFO: 01:44:12.085129 messenger.go:270: SENT EST to 0
INFO: 01:44:12.085235 messenger.go:270: SENT EST to 8
INFO: 01:44:12.085287 messenger.go:270: SENT EST to 7
INFO: 01:44:12.085340 messenger.go:270: SENT EST to 6
INFO: 01:44:12.085434 messenger.go:270: SENT EST to 5
INFO: 01:44:12.086186 messenger.go:270: SENT EST to 2
INFO: 01:44:12.090002 messenger.go:346: RECEIVED EST from 3
INFO: 01:44:12.094506 messenger.go:270: SENT EST to 3
INFO: 01:44:12.097703 messenger.go:346: RECEIVED EST from 8
INFO: 01:44:12.097836 messenger.go:270: SENT EST to 1
INFO: 01:44:12.098057 messenger.go:346: RECEIVED EST from 4
INFO: 01:44:12.107525 messenger.go:270: SENT EST to 3
INFO: 01:44:12.107822 messenger.go:346: RECEIVED EST from 5
INFO: 01:44:12.108248 messenger.go:346: RECEIVED EST from 2
INFO: 01:44:12.108482 messenger.go:346: RECEIVED EST from 1
INFO: 01:44:12.130793 messenger.go:270: SENT EST to 4
INFO: 01:44:12.133711 messenger.go:346: RECEIVED EST from 4
INFO: 01:44:12.138137 messenger.go:346: RECEIVED EST from 3
INFO: 01:44:12.149119 messenger.go:346: RECEIVED EST from 8
INFO: 01:44:12.150062 messenger.go:346: RECEIVED EST from 0
INFO: 01:44:12.150259 messenger.go:346: RECEIVED EST from 6
INFO: 01:44:12.156153 messenger.go:346: RECEIVED EST from 1
INFO: 01:44:12.156330 messenger.go:346: RECEIVED EST from 7
INFO: 01:44:12.166532 messenger.go:270: SENT EST to 2
INFO: 01:44:12.167676 messenger.go:270: SENT EST to 6
INFO: 01:44:12.167712 messenger.go:270: SENT EST to 0
INFO: 01:44:12.167766 messenger.go:270: SENT EST to 1
INFO: 01:44:12.178104 messenger.go:270: SENT EST to 7
INFO: 01:44:12.178118 messenger.go:346: RECEIVED EST from 3
INFO: 01:44:12.178176 messenger.go:270: SENT EST to 4
INFO: 01:44:12.178302 messenger.go:346: RECEIVED EST from 2
INFO: 01:44:12.178476 messenger.go:346: RECEIVED EST from 8
INFO: 01:44:12.178623 messenger.go:270: SENT EST to 5
INFO: 01:44:12.178709 messenger.go:270: SENT EST to 8
INFO: 01:44:12.179780 messenger.go:346: RECEIVED EST from 1
INFO: 01:44:12.180048 messenger.go:346: RECEIVED EST from 0
INFO: 01:44:12.180234 messenger.go:346: RECEIVED EST from 4
INFO: 01:44:12.180359 messenger.go:270: SENT EST to 3
INFO: 01:44:12.180724 messenger.go:346: RECEIVED EST from 5
INFO: 01:44:12.182572 messenger.go:270: SENT EST to 5
INFO: 01:44:12.186842 messenger.go:270: SENT EST to 2
INFO: 01:44:12.186901 messenger.go:270: SENT EST to 0
INFO: 01:44:12.207688 messenger.go:346: RECEIVED EST from 7
INFO: 01:44:12.208354 messenger.go:270: SENT EST to 7
INFO: 01:44:12.209669 messenger.go:270: SENT EST to 8
INFO: 01:44:12.209890 messenger.go:270: SENT EST to 1
INFO: 01:44:12.210323 messenger.go:270: SENT EST to 4
INFO: 01:44:12.210560 messenger.go:346: RECEIVED EST from 3
INFO: 01:44:12.211041 messenger.go:270: SENT EST to 6
INFO: 01:44:12.214129 messenger.go:346: RECEIVED EST from 8
INFO: 01:44:12.216737 messenger.go:346: RECEIVED EST from 6
INFO: 01:44:12.216989 messenger.go:346: RECEIVED EST from 0
INFO: 01:44:12.217128 messenger.go:346: RECEIVED EST from 1
INFO: 01:44:12.217567 messenger.go:346: RECEIVED EST from 4
INFO: 01:44:12.219309 messenger.go:346: RECEIVED EST from 2
INFO: 01:44:12.213809 messenger.go:270: SENT EST to 3
INFO: 01:44:12.224520 messenger.go:346: RECEIVED EST from 3
INFO: 01:44:12.224755 messenger.go:346: RECEIVED EST from 6
INFO: 01:44:12.224895 messenger.go:346: RECEIVED EST from 7
INFO: 01:44:12.225039 messenger.go:346: RECEIVED EST from 5
INFO: 01:44:12.225088 messenger.go:270: SENT EST to 5
INFO: 01:44:12.227095 messenger.go:270: SENT EST to 6
INFO: 01:44:12.227358 messenger.go:346: RECEIVED EST from 7
INFO: 01:44:12.228022 messenger.go:270: SENT EST to 8
INFO: 01:44:12.230394 messenger.go:270: SENT EST to 7
INFO: 01:44:12.232510 messenger.go:346: RECEIVED EST from 7
INFO: 01:44:12.232694 messenger.go:346: RECEIVED EST from 6
INFO: 01:44:12.237486 messenger.go:270: SENT EST to 0
INFO: 01:44:12.237932 messenger.go:346: RECEIVED EST from 2
INFO: 01:44:12.237970 messenger.go:270: SENT EST to 2
INFO: 01:44:12.238192 messenger.go:346: RECEIVED EST from 0
INFO: 01:44:12.252702 messenger.go:346: RECEIVED EST from 1
INFO: 01:44:12.252905 messenger.go:270: SENT EST to 1
INFO: 01:44:12.253091 messenger.go:346: RECEIVED EST from 6
INFO: 01:44:12.253404 messenger.go:270: SENT EST to 3
INFO: 01:44:12.253535 messenger.go:346: RECEIVED EST from 8
INFO: 01:44:12.253950 messenger.go:346: RECEIVED EST from 3
INFO: 01:44:12.266536 messenger.go:270: SENT EST to 4
INFO: 01:44:12.270629 messenger.go:270: SENT EST to 5
INFO: 01:44:12.270762 messenger.go:346: RECEIVED EST from 1
INFO: 01:44:12.271103 messenger.go:346: RECEIVED EST from 3
INFO: 01:44:12.271761 messenger.go:270: SENT EST to 8
INFO: 01:44:12.272012 messenger.go:346: RECEIVED EST from 5
INFO: 01:44:12.272082 messenger.go:270: SENT EST to 2
INFO: 01:44:12.272423 messenger.go:346: RECEIVED EST from 7
INFO: 01:44:12.272661 messenger.go:346: RECEIVED EST from 4
INFO: 01:44:12.274000 messenger.go:270: SENT EST to 0
INFO: 01:44:12.275072 messenger.go:270: SENT EST to 6
INFO: 01:44:12.275632 messenger.go:270: SENT EST to 7
INFO: 01:44:12.299180 messenger.go:270: SENT EST to 4
INFO: 01:44:12.301192 messenger.go:270: SENT EST to 3
INFO: 01:44:12.305548 messenger.go:346: RECEIVED EST from 6
INFO: 01:44:12.305793 messenger.go:346: RECEIVED EST from 0
INFO: 01:44:12.306066 messenger.go:346: RECEIVED EST from 4
INFO: 01:44:12.306128 messenger.go:346: RECEIVED EST from 8
INFO: 01:44:12.306266 messenger.go:346: RECEIVED EST from 2
INFO: 01:44:12.306275 messenger.go:346: RECEIVED EST from 7
INFO: 01:44:12.318642 messenger.go:346: RECEIVED EST from 0
INFO: 01:44:12.318719 messenger.go:270: SENT EST to 7
INFO: 01:44:12.318721 messenger.go:270: SENT EST to 4
INFO: 01:44:12.318746 messenger.go:270: SENT EST to 0
INFO: 01:44:12.318826 messenger.go:346: RECEIVED EST from 4
INFO: 01:44:12.318851 messenger.go:346: RECEIVED EST from 5
INFO: 01:44:12.318930 messenger.go:346: RECEIVED EST from 6
INFO: 01:44:12.318961 messenger.go:346: RECEIVED EST from 2
INFO: 01:44:12.319007 messenger.go:270: SENT EST to 5
INFO: 01:44:12.323104 messenger.go:270: SENT EST to 8
INFO: 01:44:12.323253 messenger.go:346: RECEIVED EST from 8
INFO: 01:44:12.323408 messenger.go:346: RECEIVED EST from 7
INFO: 01:44:12.323927 messenger.go:346: RECEIVED EST from 0
INFO: 01:44:12.325414 messenger.go:270: SENT EST to 5
INFO: 01:44:12.334152 messenger.go:346: RECEIVED EST from 8
INFO: 01:44:12.344605 messenger.go:270: SENT EST to 6
INFO: 01:44:12.347318 messenger.go:346: RECEIVED EST from 1
INFO: 01:44:12.344990 messenger.go:346: RECEIVED EST from 2
INFO: 01:44:12.345125 messenger.go:346: RECEIVED EST from 6
INFO: 01:44:12.345028 messenger.go:270: SENT EST to 1
INFO: 01:44:12.345068 messenger.go:346: RECEIVED EST from 7
INFO: 01:44:12.352579 messenger.go:346: RECEIVED EST from 2
INFO: 01:44:12.352821 messenger.go:346: RECEIVED EST from 5
INFO: 01:44:12.354973 messenger.go:346: RECEIVED EST from 0
INFO: 01:44:12.355236 messenger.go:270: SENT EST to 8
INFO: 01:44:12.355293 messenger.go:270: SENT EST to 3
INFO: 01:44:12.366128 messenger.go:346: RECEIVED EST from 3
INFO: 01:44:12.366472 messenger.go:270: SENT EST to 2
INFO: 01:44:12.366621 messenger.go:270: SENT EST to 0
INFO: 01:44:12.366767 messenger.go:346: RECEIVED EST from 7
INFO: 01:44:12.367699 messenger.go:346: RECEIVED EST from 6
INFO: 01:44:12.368305 messenger.go:270: SENT EST to 6
INFO: 01:44:12.369760 messenger.go:346: RECEIVED EST from 1
INFO: 01:44:12.368310 messenger.go:270: SENT EST to 1
INFO: 01:44:12.369205 messenger.go:346: RECEIVED EST from 5
INFO: 01:44:12.368309 messenger.go:270: SENT EST to 7
INFO: 01:44:12.376511 messenger.go:346: RECEIVED EST from 3
INFO: 01:44:12.378082 messenger.go:346: RECEIVED EST from 3
INFO: 01:44:12.380359 messenger.go:270: SENT EST to 2
INFO: 01:44:12.380487 messenger.go:270: SENT EST to 4
INFO: 01:44:12.395885 messenger.go:346: RECEIVED EST from 3
INFO: 01:44:12.401529 messenger.go:270: SENT EST to 3
INFO: 01:44:12.401991 messenger.go:346: RECEIVED EST from 8
INFO: 01:44:12.403645 messenger.go:346: RECEIVED EST from 5
INFO: 01:44:12.404122 messenger.go:346: RECEIVED EST from 6
INFO: 01:44:12.405412 messenger.go:270: SENT EST to 5
INFO: 01:44:12.405481 messenger.go:270: SENT EST to 1
INFO: 01:44:12.406137 messenger.go:270: SENT EST to 8
INFO: 01:44:12.407397 messenger.go:346: RECEIVED EST from 2
INFO: 01:44:12.407996 messenger.go:346: RECEIVED EST from 0
INFO: 01:44:12.408576 messenger.go:270: SENT EST to 0
INFO: 01:44:12.410056 messenger.go:270: SENT EST to 2
INFO: 01:44:12.410578 messenger.go:270: SENT EST to 6
INFO: 01:44:12.411793 messenger.go:270: SENT EST to 3
INFO: 01:44:12.414169 messenger.go:346: RECEIVED EST from 1
INFO: 01:44:12.417153 messenger.go:270: SENT EST to 1
INFO: 01:44:12.423732 messenger.go:346: RECEIVED EST from 3
INFO: 01:44:12.431015 messenger.go:270: SENT EST to 7
INFO: 01:44:12.431359 messenger.go:346: RECEIVED EST from 4
INFO: 01:44:12.431530 messenger.go:270: SENT EST to 4
INFO: 01:44:12.431592 messenger.go:346: RECEIVED EST from 5
INFO: 01:44:12.438823 messenger.go:346: RECEIVED EST from 2
INFO: 01:44:12.439556 messenger.go:346: RECEIVED EST from 6
INFO: 01:44:12.440180 messenger.go:270: SENT EST to 5
INFO: 01:44:12.440289 messenger.go:346: RECEIVED EST from 7
INFO: 01:44:12.440400 messenger.go:346: RECEIVED EST from 8
INFO: 01:44:12.440551 messenger.go:270: SENT EST to 2
INFO: 01:44:12.443868 messenger.go:270: SENT EST to 0
INFO: 01:44:12.445848 messenger.go:346: RECEIVED EST from 0
INFO: 01:44:12.447395 messenger.go:270: SENT EST to 8
INFO: 01:44:12.447915 messenger.go:270: SENT EST to 6
INFO: 01:44:12.449286 messenger.go:270: SENT EST to 3
INFO: 01:44:12.464890 messenger.go:346: RECEIVED EST from 1
INFO: 01:44:12.464957 messenger.go:270: SENT EST to 1
INFO: 01:44:12.465091 messenger.go:346: RECEIVED EST from 3
INFO: 01:44:12.465134 messenger.go:270: SENT EST to 7
INFO: 01:44:12.465259 messenger.go:346: RECEIVED EST from 8
INFO: 01:44:12.467963 messenger.go:270: SENT EST to 4
INFO: 01:44:12.471400 messenger.go:270: SENT EST to 5
INFO: 01:44:12.471582 messenger.go:346: RECEIVED EST from 5
INFO: 01:44:12.472910 messenger.go:270: SENT EST to 7
INFO: 01:44:12.473047 messenger.go:346: RECEIVED EST from 7
INFO: 01:44:12.474327 messenger.go:346: RECEIVED EST from 2
INFO: 01:44:12.475158 messenger.go:270: SENT EST to 4
INFO: 01:44:12.480165 messenger.go:270: SENT EST to 4
INFO: 01:44:12.481065 messenger.go:270: SENT EST to 4
INFO: 01:44:12.481765 messenger.go:346: RECEIVED EST from 4
INFO: 01:44:12.489352 messenger.go:270: SENT EST to 5
INFO: 01:44:12.489777 messenger.go:270: SENT EST to 6
INFO: 01:44:12.492191 messenger.go:270: SENT EST to 2
INFO: 01:44:12.492443 messenger.go:346: RECEIVED EST from 8
INFO: 01:44:12.492646 messenger.go:270: SENT EST to 0
INFO: 01:44:12.492831 messenger.go:346: RECEIVED EST from 0
INFO: 01:44:12.493454 messenger.go:346: RECEIVED EST from 2
INFO: 01:44:12.499511 messenger.go:346: RECEIVED EST from 6
INFO: 01:44:12.499716 messenger.go:346: RECEIVED EST from 5
INFO: 01:44:12.499807 messenger.go:270: SENT EST to 3
INFO: 01:44:12.499894 messenger.go:270: SENT EST to 5
INFO: 01:44:12.500626 messenger.go:346: RECEIVED EST from 3
INFO: 01:44:12.508129 messenger.go:270: SENT EST to 7
INFO: 01:44:12.508208 messenger.go:270: SENT EST to 6
INFO: 01:44:12.508539 messenger.go:270: SENT EST to 8
INFO: 01:44:12.510550 messenger.go:270: SENT EST to 1
INFO: 01:44:12.537797 messenger.go:346: RECEIVED EST from 1
INFO: 01:44:12.539837 messenger.go:346: RECEIVED EST from 7
INFO: 01:44:12.540090 messenger.go:346: RECEIVED EST from 5
INFO: 01:44:12.540614 messenger.go:346: RECEIVED EST from 3
INFO: 01:44:12.544001 messenger.go:270: SENT EST to 6
INFO: 01:44:12.544578 messenger.go:346: RECEIVED EST from 2
INFO: 01:44:12.546834 messenger.go:270: SENT EST to 7
INFO: 01:44:12.547987 messenger.go:270: SENT EST to 5
INFO: 01:44:12.548324 messenger.go:270: SENT EST to 3
INFO: 01:44:12.549887 messenger.go:346: RECEIVED EST from 4
INFO: 01:44:12.550380 messenger.go:270: SENT EST to 4
INFO: 01:44:12.551575 messenger.go:346: RECEIVED EST from 0
INFO: 01:44:12.551755 messenger.go:346: RECEIVED EST from 6
INFO: 01:44:12.551863 messenger.go:270: SENT EST to 8
INFO: 01:44:12.552095 messenger.go:270: SENT EST to 0
INFO: 01:44:12.568252 messenger.go:270: SENT EST to 1
INFO: 01:44:12.568648 messenger.go:270: SENT EST to 2
INFO: 01:44:12.569981 messenger.go:346: RECEIVED EST from 5
INFO: 01:44:12.572140 messenger.go:346: RECEIVED EST from 8
INFO: 01:44:12.579370 messenger.go:270: SENT EST to 7
INFO: 01:44:12.579814 messenger.go:346: RECEIVED EST from 3
INFO: 01:44:12.579971 messenger.go:346: RECEIVED EST from 7
INFO: 01:44:12.580135 messenger.go:346: RECEIVED EST from 1
INFO: 01:44:12.581945 messenger.go:346: RECEIVED EST from 2
INFO: 01:44:12.583875 messenger.go:270: SENT EST to 6
INFO: 01:44:12.585577 messenger.go:346: RECEIVED EST from 4
INFO: 01:44:12.586186 messenger.go:346: RECEIVED EST from 6
INFO: 01:44:12.593235 messenger.go:270: SENT EST to 1
INFO: 01:44:12.593593 messenger.go:270: SENT EST to 8
INFO: 01:44:12.594064 messenger.go:270: SENT EST to 5
INFO: 01:44:12.597207 messenger.go:270: SENT EST to 2
INFO: 01:44:12.600626 messenger.go:270: SENT EST to 6
INFO: 01:44:12.600629 messenger.go:346: RECEIVED EST from 5
INFO: 01:44:12.603141 messenger.go:346: RECEIVED EST from 8
INFO: 01:44:12.603144 messenger.go:270: SENT EST to 0
INFO: 01:44:12.603812 messenger.go:346: RECEIVED EST from 0
INFO: 01:44:12.606376 messenger.go:346: RECEIVED EST from 2
INFO: 01:44:12.610475 messenger.go:270: SENT EST to 3
INFO: 01:44:12.610597 messenger.go:270: SENT EST to 7
INFO: 01:44:12.610756 messenger.go:346: RECEIVED EST from 7
INFO: 01:44:12.611299 messenger.go:346: RECEIVED EST from 3
INFO: 01:44:12.612924 messenger.go:346: RECEIVED EST from 6
INFO: 01:44:12.613915 messenger.go:346: RECEIVED EST from 0
INFO: 01:44:12.614149 messenger.go:346: RECEIVED EST from 5
INFO: 01:44:12.617748 messenger.go:270: SENT EST to 2
INFO: 01:44:12.618019 messenger.go:346: RECEIVED EST from 2
INFO: 01:44:12.619552 messenger.go:270: SENT EST to 4
INFO: 01:44:12.620163 messenger.go:270: SENT EST to 0
INFO: 01:44:12.620320 messenger.go:346: RECEIVED EST from 4
INFO: 01:44:12.620998 messenger.go:270: SENT EST to 5
INFO: 01:44:12.621227 messenger.go:270: SENT EST to 6
INFO: 01:44:12.627852 messenger.go:346: RECEIVED EST from 6
INFO: 01:44:12.628347 messenger.go:270: SENT EST to 3
INFO: 01:44:12.631727 messenger.go:346: RECEIVED EST from 1
INFO: 01:44:12.631878 messenger.go:270: SENT EST to 4
INFO: 01:44:12.635940 messenger.go:270: SENT EST to 7
INFO: 01:44:12.637564 messenger.go:270: SENT EST to 1
INFO: 01:44:12.637694 messenger.go:346: RECEIVED EST from 0
INFO: 01:44:12.641556 messenger.go:346: RECEIVED EST from 7
INFO: 01:44:12.645004 messenger.go:270: SENT EST to 8
INFO: 01:44:12.659580 messenger.go:346: RECEIVED EST from 8
INFO: 01:44:12.659839 messenger.go:346: RECEIVED EST from 4
INFO: 01:44:12.660166 messenger.go:346: RECEIVED EST from 7
INFO: 01:44:12.660406 messenger.go:346: RECEIVED EST from 3
INFO: 01:44:12.660779 messenger.go:270: SENT EST to 8
INFO: 01:44:12.663146 messenger.go:346: RECEIVED EST from 2
INFO: 01:44:12.663205 messenger.go:270: SENT EST to 2
INFO: 01:44:12.663337 messenger.go:346: RECEIVED EST from 6
INFO: 01:44:12.670008 messenger.go:270: SENT EST to 5
INFO: 01:44:12.672188 messenger.go:346: RECEIVED EST from 4
INFO: 01:44:12.674657 messenger.go:346: RECEIVED EST from 3
INFO: 01:44:12.674771 messenger.go:270: SENT EST to 7
INFO: 01:44:12.675090 messenger.go:270: SENT EST to 0
INFO: 01:44:12.675204 messenger.go:270: SENT EST to 4
INFO: 01:44:12.676068 messenger.go:270: SENT EST to 3
INFO: 01:44:12.676998 messenger.go:346: RECEIVED EST from 1
INFO: 01:44:12.680829 messenger.go:346: RECEIVED EST from 0
INFO: 01:44:12.682671 messenger.go:346: RECEIVED EST from 5
INFO: 01:44:12.682734 messenger.go:270: SENT EST to 8
INFO: 01:44:12.686878 messenger.go:270: SENT EST to 1
INFO: 01:44:12.690220 messenger.go:270: SENT EST to 8
INFO: 01:44:12.690553 messenger.go:346: RECEIVED EST from 6
INFO: 01:44:12.691517 messenger.go:346: RECEIVED EST from 3
INFO: 01:44:12.691704 messenger.go:346: RECEIVED EST from 8
INFO: 01:44:12.688666 messenger.go:346: RECEIVED EST from 2
INFO: 01:44:12.691890 messenger.go:270: SENT EST to 6
INFO: 01:44:12.699237 messenger.go:346: RECEIVED EST from 5
INFO: 01:44:12.707468 messenger.go:270: SENT EST to 2
INFO: 01:44:12.708182 messenger.go:346: RECEIVED EST from 5
INFO: 01:44:12.712381 messenger.go:346: RECEIVED EST from 4
INFO: 01:44:12.712811 messenger.go:270: SENT EST to 7
INFO: 01:44:12.712898 messenger.go:270: SENT EST to 4
INFO: 01:44:12.713346 messenger.go:270: SENT EST to 0
INFO: 01:44:12.713679 messenger.go:346: RECEIVED EST from 7
INFO: 01:44:12.714841 messenger.go:346: RECEIVED EST from 2
INFO: 01:44:12.715783 messenger.go:346: RECEIVED EST from 0
INFO: 01:44:12.716123 messenger.go:270: SENT EST to 5
INFO: 01:44:12.721453 messenger.go:346: RECEIVED EST from 3
INFO: 01:44:12.721613 messenger.go:270: SENT EST to 3
INFO: 01:44:12.724874 messenger.go:346: RECEIVED EST from 1
INFO: 01:44:12.725065 messenger.go:270: SENT EST to 1
INFO: 01:44:12.726752 messenger.go:270: SENT EST to 0
INFO: 01:44:12.727780 messenger.go:270: SENT EST to 8
INFO: 01:44:12.740286 messenger.go:346: RECEIVED EST from 8
INFO: 01:44:12.741172 messenger.go:346: RECEIVED EST from 0
INFO: 01:44:12.741973 messenger.go:346: RECEIVED EST from 3
INFO: 01:44:12.743593 messenger.go:270: SENT EST to 4
INFO: 01:44:12.743647 messenger.go:270: SENT EST to 3
INFO: 01:44:12.746679 messenger.go:270: SENT EST to 6
INFO: 01:44:12.747275 messenger.go:346: RECEIVED EST from 6
INFO: 01:44:12.747452 messenger.go:346: RECEIVED EST from 7
INFO: 01:44:12.748656 messenger.go:270: SENT EST to 0
INFO: 01:44:12.749712 messenger.go:346: RECEIVED EST from 4
INFO: 01:44:12.754400 messenger.go:346: RECEIVED EST from 5
INFO: 01:44:12.754928 messenger.go:270: SENT EST to 7
INFO: 01:44:12.758620 messenger.go:270: SENT EST to 2
INFO: 01:44:12.759666 messenger.go:270: SENT EST to 0
INFO: 01:44:12.759937 messenger.go:346: RECEIVED EST from 2
INFO: 01:44:12.759957 messenger.go:346: RECEIVED EST from 0
INFO: 01:44:12.760347 messenger.go:346: RECEIVED EST from 8
INFO: 01:44:12.761309 messenger.go:270: SENT EST to 5
INFO: 01:44:12.766693 messenger.go:270: SENT EST to 1
INFO: 01:44:12.770108 messenger.go:346: RECEIVED EST from 1
INFO: 01:44:12.771347 messenger.go:346: RECEIVED EST from 3
INFO: 01:44:12.772930 messenger.go:270: SENT EST to 5
INFO: 01:44:12.773529 messenger.go:346: RECEIVED EST from 5
INFO: 01:44:12.774778 messenger.go:270: SENT EST to 2
INFO: 01:44:12.780173 messenger.go:270: SENT EST to 6
INFO: 01:44:12.780965 messenger.go:346: RECEIVED EST from 6
INFO: 01:44:12.783176 messenger.go:270: SENT EST to 4
INFO: 01:44:12.786742 messenger.go:346: RECEIVED EST from 4
INFO: 01:44:12.787524 messenger.go:270: SENT EST to 8
INFO: 01:44:12.790535 messenger.go:346: RECEIVED EST from 8
INFO: 01:44:12.796960 messenger.go:270: SENT EST to 7
INFO: 01:44:12.798506 messenger.go:346: RECEIVED EST from 7
INFO: 01:44:12.798615 messenger.go:270: SENT EST to 3
INFO: 01:44:12.799156 messenger.go:270: SENT EST to 0
INFO: 01:44:12.799232 messenger.go:270: SENT EST to 1
INFO: 01:44:12.799287 messenger.go:346: RECEIVED EST from 0
INFO: 01:44:12.799452 messenger.go:346: RECEIVED EST from 2
INFO: 01:44:12.803209 messenger.go:270: SENT EST to 8
INFO: 01:44:12.803351 messenger.go:346: RECEIVED EST from 3
INFO: 01:44:12.804563 messenger.go:346: RECEIVED EST from 1
INFO: 01:44:12.805462 messenger.go:270: SENT EST to 6
INFO: 01:44:12.805941 messenger.go:270: SENT EST to 1
INFO: 01:44:12.806523 messenger.go:270: SENT EST to 1
INFO: 01:44:12.806702 messenger.go:346: RECEIVED EST from 6
INFO: 01:44:12.808952 messenger.go:270: SENT EST to 6
INFO: 01:44:12.810251 messenger.go:270: SENT EST to 8
INFO: 01:44:12.810413 messenger.go:346: RECEIVED EST from 8
INFO: 01:44:12.810781 messenger.go:346: RECEIVED EST from 1
INFO: 01:44:12.813193 messenger.go:270: SENT EST to 1
INFO: 01:44:12.814000 messenger.go:346: RECEIVED EST from 4
INFO: 01:44:12.816361 messenger.go:270: SENT EST to 4
INFO: 01:44:12.825958 messenger.go:270: SENT EST to 7
INFO: 01:44:12.826107 messenger.go:346: RECEIVED EST from 0
INFO: 01:44:12.827140 messenger.go:346: RECEIVED EST from 6
INFO: 01:44:12.827297 messenger.go:346: RECEIVED EST from 5
INFO: 01:44:12.827351 messenger.go:270: SENT EST to 3
INFO: 01:44:12.831576 messenger.go:270: SENT EST to 0
INFO: 01:44:12.832195 messenger.go:270: SENT EST to 2
INFO: 01:44:12.832933 messenger.go:346: RECEIVED EST from 2
INFO: 01:44:12.834536 messenger.go:346: RECEIVED EST from 7
INFO: 01:44:12.837834 messenger.go:270: SENT EST to 3
INFO: 01:44:12.841728 messenger.go:346: RECEIVED EST from 1
INFO: 01:44:12.855154 messenger.go:270: SENT EST to 5
INFO: 01:44:12.855254 messenger.go:270: SENT EST to 4
INFO: 01:44:12.856001 messenger.go:346: RECEIVED EST from 8
INFO: 01:44:12.856998 messenger.go:346: RECEIVED EST from 0
INFO: 01:44:12.857140 messenger.go:346: RECEIVED EST from 4
INFO: 01:44:12.857279 messenger.go:346: RECEIVED EST from 3
INFO: 01:44:12.857492 messenger.go:270: SENT EST to 6
INFO: 01:44:12.859632 messenger.go:346: RECEIVED EST from 5
INFO: 01:44:12.864327 messenger.go:270: SENT EST to 7
INFO: 01:44:12.864421 messenger.go:270: SENT EST to 0
INFO: 01:44:12.864600 messenger.go:346: RECEIVED EST from 7
INFO: 01:44:12.864648 messenger.go:270: SENT EST to 8
INFO: 01:44:12.864922 messenger.go:270: SENT EST to 2
INFO: 01:44:12.865451 messenger.go:346: RECEIVED EST from 6
INFO: 01:44:12.865696 messenger.go:270: SENT EST to 1
INFO: 01:44:12.867773 messenger.go:270: SENT EST to 3
INFO: 01:44:12.867912 messenger.go:270: SENT EST to 4
INFO: 01:44:12.868858 messenger.go:270: SENT EST to 5
INFO: 01:44:12.870272 messenger.go:270: SENT EST to 2
INFO: 01:44:12.872683 messenger.go:270: SENT EST to 5
INFO: 01:44:12.873044 messenger.go:270: SENT EST to 2
INFO: 01:44:12.874465 messenger.go:270: SENT EST to 6
INFO: 01:44:12.878567 messenger.go:346: RECEIVED EST from 6
INFO: 01:44:12.878643 messenger.go:270: SENT EST to 6
INFO: 01:44:12.888767 messenger.go:270: SENT EST to 4
INFO: 01:44:12.889728 messenger.go:270: SENT EST to 3
INFO: 01:44:12.891326 messenger.go:346: RECEIVED EST from 5
INFO: 01:44:12.891520 messenger.go:346: RECEIVED EST from 0
INFO: 01:44:12.892321 messenger.go:346: RECEIVED EST from 1
INFO: 01:44:12.892889 messenger.go:346: RECEIVED EST from 7
INFO: 01:44:12.892941 messenger.go:270: SENT EST to 0
INFO: 01:44:12.897767 messenger.go:346: RECEIVED EST from 3
INFO: 01:44:12.899199 messenger.go:346: RECEIVED EST from 4
INFO: 01:44:12.899804 messenger.go:346: RECEIVED EST from 8
INFO: 01:44:12.902317 messenger.go:270: SENT EST to 5
INFO: 01:44:12.903285 messenger.go:346: RECEIVED EST from 2
INFO: 01:44:12.904770 messenger.go:270: SENT EST to 8
INFO: 01:44:12.906014 messenger.go:270: SENT EST to 3
INFO: 01:44:12.908308 messenger.go:270: SENT EST to 7
INFO: 01:44:12.908438 messenger.go:270: SENT EST to 2
INFO: 01:44:12.909135 messenger.go:270: SENT EST to 4
INFO: 01:44:12.909785 messenger.go:346: RECEIVED EST from 6
INFO: 01:44:12.913833 messenger.go:270: SENT EST to 5
INFO: 01:44:12.913881 messenger.go:270: SENT EST to 6
INFO: 01:44:12.915661 messenger.go:346: RECEIVED EST from 2
INFO: 01:44:12.916243 messenger.go:270: SENT EST to 1
INFO: 01:44:12.926068 messenger.go:270: SENT EST to 8
INFO: 01:44:12.928976 messenger.go:346: RECEIVED EST from 0
INFO: 01:44:12.932729 messenger.go:346: RECEIVED EST from 4
INFO: 01:44:12.934231 messenger.go:346: RECEIVED EST from 8
INFO: 01:44:12.934401 messenger.go:346: RECEIVED EST from 3
INFO: 01:44:12.934464 messenger.go:346: RECEIVED EST from 7
INFO: 01:44:12.935918 messenger.go:346: RECEIVED EST from 6
INFO: 01:44:12.936583 messenger.go:346: RECEIVED EST from 5
INFO: 01:44:12.936669 messenger.go:270: SENT EST to 0
INFO: 01:44:12.936682 messenger.go:346: RECEIVED EST from 1
INFO: 01:44:12.937809 messenger.go:270: SENT EST to 7
INFO: 01:44:12.944323 messenger.go:346: RECEIVED EST from 2
INFO: 01:44:12.945078 messenger.go:270: SENT EST to 6
INFO: 01:44:12.950907 messenger.go:270: SENT EST to 2
INFO: 01:44:12.951525 messenger.go:270: SENT EST to 3
INFO: 01:44:12.951903 messenger.go:270: SENT EST to 4
INFO: 01:44:12.952104 messenger.go:270: SENT EST to 0
INFO: 01:44:12.965457 messenger.go:270: SENT EST to 5
INFO: 01:44:12.965822 messenger.go:270: SENT EST to 7
INFO: 01:44:12.966983 messenger.go:346: RECEIVED EST from 0
INFO: 01:44:12.968180 messenger.go:346: RECEIVED EST from 1
INFO: 01:44:12.968300 messenger.go:270: SENT EST to 1
INFO: 01:44:12.969014 messenger.go:270: SENT EST to 8
INFO: 01:44:12.969050 messenger.go:346: RECEIVED EST from 8
INFO: 01:44:12.972419 messenger.go:346: RECEIVED EST from 4
INFO: 01:44:13.025394 messenger.go:270: SENT EST to 7
INFO: 01:44:13.025623 messenger.go:270: SENT EST to 6
INFO: 01:44:13.025852 messenger.go:346: RECEIVED EST from 7
INFO: 01:44:13.026155 messenger.go:346: RECEIVED EST from 0
INFO: 01:44:13.026344 messenger.go:346: RECEIVED EST from 6
INFO: 01:44:13.026533 messenger.go:346: RECEIVED EST from 3
INFO: 01:44:13.026746 messenger.go:346: RECEIVED EST from 5
INFO: 01:44:13.028193 messenger.go:270: SENT EST to 8
INFO: 01:44:13.028296 messenger.go:270: SENT EST to 2
INFO: 01:44:13.032831 messenger.go:346: RECEIVED EST from 8
INFO: 01:44:13.032929 messenger.go:270: SENT EST to 0
INFO: 01:44:13.042894 messenger.go:270: SENT EST to 4
INFO: 01:44:13.043134 messenger.go:346: RECEIVED EST from 4
INFO: 01:44:13.043268 messenger.go:270: SENT EST to 3
INFO: 01:44:13.043562 messenger.go:270: SENT EST to 5
INFO: 01:44:13.043741 messenger.go:346: RECEIVED EST from 2
INFO: 01:44:13.053346 messenger.go:346: RECEIVED EST from 1
INFO: 01:44:13.053432 messenger.go:270: SENT EST to 1
INFO: 01:44:13.056096 messenger.go:270: SENT EST to 7
INFO: 01:44:13.056752 messenger.go:346: RECEIVED EST from 6
INFO: 01:44:13.056954 messenger.go:346: RECEIVED EST from 0
INFO: 01:44:13.057128 messenger.go:346: RECEIVED EST from 3
INFO: 01:44:13.067322 messenger.go:270: SENT EST to 8
INFO: 01:44:13.067504 messenger.go:270: SENT EST to 0
INFO: 01:44:13.067946 messenger.go:346: RECEIVED EST from 7
INFO: 01:44:13.067329 messenger.go:346: RECEIVED EST from 8
INFO: 01:44:13.070732 messenger.go:346: RECEIVED EST from 4
INFO: 01:44:13.080712 messenger.go:346: RECEIVED EST from 2
INFO: 01:44:13.080922 messenger.go:270: SENT EST to 1
INFO: 01:44:13.081241 messenger.go:270: SENT EST to 6
INFO: 01:44:13.081383 messenger.go:346: RECEIVED EST from 1
INFO: 01:44:13.081573 messenger.go:346: RECEIVED EST from 5
INFO: 01:44:13.086086 messenger.go:270: SENT EST to 7
INFO: 01:44:13.086747 messenger.go:270: SENT EST to 5
INFO: 01:44:13.086901 messenger.go:346: RECEIVED EST from 0
INFO: 01:44:13.086968 messenger.go:270: SENT EST to 4
INFO: 01:44:13.087098 messenger.go:270: SENT EST to 2
INFO: 01:44:13.087341 messenger.go:346: RECEIVED EST from 6
INFO: 01:44:13.087397 messenger.go:270: SENT EST to 3
INFO: 01:44:13.087522 messenger.go:346: RECEIVED EST from 3
INFO: 01:44:13.102723 messenger.go:346: RECEIVED EST from 8
INFO: 01:44:13.102916 messenger.go:346: RECEIVED EST from 7
INFO: 01:44:13.102980 messenger.go:270: SENT EST to 8
INFO: 01:44:13.105046 messenger.go:270: SENT EST to 0
INFO: 01:44:13.105280 messenger.go:270: SENT EST to 1
INFO: 01:44:13.108484 messenger.go:346: RECEIVED EST from 0
INFO: 01:44:13.108799 messenger.go:346: RECEIVED EST from 4
INFO: 01:44:13.109135 messenger.go:346: RECEIVED EST from 5
INFO: 01:44:13.109967 messenger.go:346: RECEIVED EST from 1
INFO: 01:44:13.110138 messenger.go:346: RECEIVED EST from 6
INFO: 01:44:13.126254 messenger.go:270: SENT EST to 4
INFO: 01:44:13.130531 messenger.go:270: SENT EST to 3
INFO: 01:44:13.133563 messenger.go:346: RECEIVED EST from 3
INFO: 01:44:13.133870 messenger.go:346: RECEIVED EST from 8
INFO: 01:44:13.134017 messenger.go:270: SENT EST to 5
INFO: 01:44:13.135433 messenger.go:270: SENT EST to 6
INFO: 01:44:13.135518 messenger.go:270: SENT EST to 7
INFO: 01:44:13.138266 messenger.go:346: RECEIVED EST from 7
INFO: 01:44:13.145735 messenger.go:346: RECEIVED EST from 2
INFO: 01:44:13.146768 messenger.go:270: SENT EST to 8
INFO: 01:44:13.151425 messenger.go:346: RECEIVED EST from 8
INFO: 01:44:13.151989 messenger.go:346: RECEIVED EST from 8
INFO: 01:44:13.161471 messenger.go:270: SENT EST to 1
INFO: 01:44:13.162004 messenger.go:346: RECEIVED EST from 5
INFO: 01:44:13.162178 messenger.go:346: RECEIVED EST from 0
INFO: 01:44:13.162242 messenger.go:270: SENT EST to 2
INFO: 01:44:13.163109 messenger.go:346: RECEIVED EST from 1
INFO: 01:44:13.169922 messenger.go:346: RECEIVED EST from 5
INFO: 01:44:13.180969 messenger.go:346: RECEIVED EST from 3
INFO: 01:44:13.184219 messenger.go:346: RECEIVED EST from 6
INFO: 01:44:13.184713 messenger.go:346: RECEIVED EST from 4
INFO: 01:44:13.184716 messenger.go:270: SENT EST to 0
INFO: 01:44:13.185213 messenger.go:270: SENT EST to 1
INFO: 01:44:13.185237 messenger.go:270: SENT EST to 2
INFO: 01:44:13.186270 messenger.go:346: RECEIVED EST from 1
INFO: 01:44:13.186441 messenger.go:346: RECEIVED EST from 7
INFO: 01:44:13.186574 messenger.go:346: RECEIVED EST from 2
INFO: 01:44:13.187823 messenger.go:346: RECEIVED EST from 3
INFO: 01:44:13.188066 messenger.go:346: RECEIVED EST from 5
INFO: 01:44:13.189102 messenger.go:270: SENT EST to 3
INFO: 01:44:13.201690 messenger.go:270: SENT EST to 4
INFO: 01:44:13.201979 messenger.go:346: RECEIVED EST from 8
INFO: 01:44:13.204852 messenger.go:270: SENT EST to 2
INFO: 01:44:13.204917 messenger.go:270: SENT EST to 7
INFO: 01:44:13.205217 messenger.go:346: RECEIVED EST from 4
INFO: 01:44:13.209338 messenger.go:346: RECEIVED EST from 1
INFO: 01:44:13.209459 messenger.go:270: SENT EST to 8
INFO: 01:44:13.209750 messenger.go:346: RECEIVED EST from 2
INFO: 01:44:13.210283 messenger.go:270: SENT EST to 1
INFO: 01:44:13.210410 messenger.go:346: RECEIVED EST from 5
INFO: 01:44:13.210413 messenger.go:346: RECEIVED EST from 0
INFO: 01:44:13.210711 messenger.go:346: RECEIVED EST from 3
INFO: 01:44:13.210855 messenger.go:346: RECEIVED EST from 7
INFO: 01:44:13.211261 messenger.go:270: SENT EST to 0
INFO: 01:44:13.211353 messenger.go:270: SENT EST to 4
INFO: 01:44:13.217283 messenger.go:270: SENT EST to 5
INFO: 01:44:13.217425 messenger.go:270: SENT EST to 3
INFO: 01:44:13.228599 messenger.go:346: RECEIVED EST from 1
INFO: 01:44:13.228613 messenger.go:346: RECEIVED EST from 4
INFO: 01:44:13.237056 messenger.go:270: SENT EST to 6
INFO: 01:44:13.240302 messenger.go:270: SENT EST to 2
INFO: 01:44:13.241903 messenger.go:346: RECEIVED EST from 6
INFO: 01:44:13.251796 messenger.go:346: RECEIVED EST from 8
INFO: 01:44:13.254715 messenger.go:346: RECEIVED EST from 5
INFO: 01:44:13.258759 messenger.go:346: RECEIVED EST from 7
INFO: 01:44:13.258820 messenger.go:270: SENT EST to 4
INFO: 01:44:13.260129 messenger.go:346: RECEIVED EST from 2
INFO: 01:44:13.260459 messenger.go:346: RECEIVED EST from 3
INFO: 01:44:13.260822 messenger.go:270: SENT EST to 5
INFO: 01:44:13.262746 messenger.go:270: SENT EST to 3
INFO: 01:44:13.262836 messenger.go:270: SENT EST to 7
INFO: 01:44:13.267409 messenger.go:346: RECEIVED EST from 5
INFO: 01:44:13.267447 messenger.go:270: SENT EST to 6
INFO: 01:44:13.267469 messenger.go:270: SENT EST to 2
INFO: 01:44:13.267477 messenger.go:270: SENT EST to 1
INFO: 01:44:13.267607 messenger.go:346: RECEIVED EST from 1
INFO: 01:44:13.269784 messenger.go:346: RECEIVED EST from 4
INFO: 01:44:13.269948 messenger.go:346: RECEIVED EST from 0
INFO: 01:44:13.270056 messenger.go:346: RECEIVED EST from 8
INFO: 01:44:13.283011 messenger.go:346: RECEIVED EST from 7
INFO: 01:44:13.287667 messenger.go:346: RECEIVED EST from 6
INFO: 01:44:13.288641 messenger.go:346: RECEIVED EST from 2
INFO: 01:44:13.292279 messenger.go:346: RECEIVED EST from 3
INFO: 01:44:13.292581 messenger.go:270: SENT EST to 8
INFO: 01:44:13.296025 messenger.go:270: SENT EST to 0
INFO: 01:44:13.298320 messenger.go:346: RECEIVED EST from 7
INFO: 01:44:13.298646 messenger.go:270: SENT EST to 5
INFO: 01:44:13.298787 messenger.go:270: SENT EST to 3
INFO: 01:44:13.298961 messenger.go:346: RECEIVED EST from 5
INFO: 01:44:13.299094 messenger.go:346: RECEIVED EST from 1
INFO: 01:44:13.299488 messenger.go:270: SENT EST to 4
INFO: 01:44:13.302077 messenger.go:346: RECEIVED EST from 4
INFO: 01:44:13.316532 messenger.go:270: SENT EST to 7
INFO: 01:44:13.316764 messenger.go:270: SENT EST to 6
INFO: 01:44:13.319912 messenger.go:346: RECEIVED EST from 7
INFO: 01:44:13.326289 messenger.go:346: RECEIVED EST from 6
INFO: 01:44:13.326398 messenger.go:270: SENT EST to 0
INFO: 01:44:13.326514 messenger.go:346: RECEIVED EST from 3
INFO: 01:44:13.326563 messenger.go:270: SENT EST to 2
INFO: 01:44:13.326585 messenger.go:270: SENT EST to 1
INFO: 01:44:13.326687 messenger.go:346: RECEIVED EST from 2
INFO: 01:44:13.326824 messenger.go:270: SENT EST to 8
INFO: 01:44:13.327153 messenger.go:346: RECEIVED EST from 7
INFO: 01:44:13.329087 messenger.go:346: RECEIVED EST from 0
INFO: 01:44:13.329239 messenger.go:346: RECEIVED EST from 8
INFO: 01:44:13.330206 messenger.go:346: RECEIVED EST from 5
INFO: 01:44:13.330285 messenger.go:346: RECEIVED EST from 1
INFO: 01:44:13.330532 messenger.go:270: SENT EST to 6
INFO: 01:44:13.330566 messenger.go:270: SENT EST to 7
INFO: 01:44:13.330636 messenger.go:270: SENT EST to 5
INFO: 01:44:13.332969 messenger.go:270: SENT EST to 0
INFO: 01:44:13.333921 messenger.go:346: RECEIVED EST from 0
INFO: 01:44:13.333994 messenger.go:270: SENT EST to 8
INFO: 01:44:13.335908 messenger.go:346: RECEIVED EST from 8
INFO: 01:44:13.336091 messenger.go:346: RECEIVED EST from 5
INFO: 01:44:13.344338 messenger.go:270: SENT EST to 1
INFO: 01:44:13.345054 messenger.go:270: SENT EST to 7
INFO: 01:44:13.346458 messenger.go:346: RECEIVED EST from 7
INFO: 01:44:13.350295 messenger.go:270: SENT EST to 4
INFO: 01:44:13.350471 messenger.go:346: RECEIVED EST from 6
INFO: 01:44:13.350621 messenger.go:270: SENT EST to 2
INFO: 01:44:13.350668 messenger.go:346: RECEIVED EST from 2
INFO: 01:44:13.351343 messenger.go:346: RECEIVED EST from 4
INFO: 01:44:13.351685 messenger.go:346: RECEIVED EST from 7
INFO: 01:44:13.352083 messenger.go:270: SENT EST to 3
INFO: 01:44:13.353086 messenger.go:346: RECEIVED EST from 3
INFO: 01:44:13.355419 messenger.go:346: RECEIVED EST from 6
INFO: 01:44:13.355923 messenger.go:270: SENT EST to 3
INFO: 01:44:13.358597 messenger.go:346: RECEIVED EST from 3
INFO: 01:44:13.359015 messenger.go:346: RECEIVED EST from 2
INFO: 01:44:13.359354 messenger.go:270: SENT EST to 2
INFO: 01:44:13.359589 messenger.go:346: RECEIVED EST from 4
INFO: 01:44:13.360293 messenger.go:270: SENT EST to 6
INFO: 01:44:13.364443 messenger.go:346: RECEIVED EST from 6
INFO: 01:44:13.366328 messenger.go:346: RECEIVED EST from 2
INFO: 01:44:13.391440 messenger.go:270: SENT EST to 5
INFO: 01:44:13.393082 messenger.go:346: RECEIVED EST from 1
INFO: 01:44:13.393685 messenger.go:270: SENT EST to 4
INFO: 01:44:13.399425 messenger.go:270: SENT EST to 3
INFO: 01:44:13.399886 messenger.go:346: RECEIVED EST from 4
INFO: 01:44:13.401704 messenger.go:270: SENT EST to 1
INFO: 01:44:13.401733 messenger.go:270: SENT EST to 8
INFO: 01:44:13.401866 messenger.go:270: SENT EST to 0
INFO: 01:44:13.404195 messenger.go:346: RECEIVED EST from 0
INFO: 01:44:13.452299 messenger.go:346: RECEIVED EST from 5
INFO: 01:44:13.452602 messenger.go:346: RECEIVED EST from 7
INFO: 01:44:13.471232 messenger.go:270: SENT EST to 5
INFO: 01:44:13.472615 messenger.go:346: RECEIVED EST from 1
INFO: 01:44:13.472664 messenger.go:346: RECEIVED EST from 8
INFO: 01:44:13.472852 messenger.go:346: RECEIVED EST from 3
INFO: 01:44:13.492406 messenger.go:346: RECEIVED EST from 6
INFO: 01:44:13.495558 messenger.go:270: SENT EST to 7
INFO: 01:44:13.496562 messenger.go:270: SENT EST to 6
INFO: 01:44:13.496861 messenger.go:270: SENT EST to 8
INFO: 01:44:13.501712 messenger.go:346: RECEIVED EST from 2
INFO: 01:44:13.504450 messenger.go:270: SENT EST to 0
INFO: 01:44:13.504452 messenger.go:270: SENT EST to 1
INFO: 01:44:13.514319 messenger.go:270: SENT EST to 3
INFO: 01:44:13.514875 messenger.go:270: SENT EST to 5
INFO: 01:44:13.515213 messenger.go:270: SENT EST to 1
INFO: 01:44:13.515786 messenger.go:270: SENT EST to 8
INFO: 01:44:13.516226 messenger.go:346: RECEIVED EST from 0
INFO: 01:44:13.518673 messenger.go:346: RECEIVED EST from 5
INFO: 01:44:13.518827 messenger.go:346: RECEIVED EST from 0
INFO: 01:44:13.520253 messenger.go:346: RECEIVED EST from 1
INFO: 01:44:13.521424 messenger.go:346: RECEIVED EST from 1
INFO: 01:44:13.523896 messenger.go:346: RECEIVED EST from 5
INFO: 01:44:13.524062 messenger.go:346: RECEIVED EST from 3
INFO: 01:44:13.524113 messenger.go:270: SENT EST to 4
INFO: 01:44:13.524931 messenger.go:270: SENT EST to 0
INFO: 01:44:13.525310 messenger.go:346: RECEIVED EST from 8
INFO: 01:44:13.525412 messenger.go:346: RECEIVED EST from 1
INFO: 01:44:13.525448 messenger.go:346: RECEIVED EST from 0
INFO: 01:44:13.525961 messenger.go:346: RECEIVED EST from 4
INFO: 01:44:13.526554 messenger.go:270: SENT EST to 4
INFO: 01:44:13.526585 messenger.go:270: SENT EST to 5
INFO: 01:44:13.526724 messenger.go:346: RECEIVED EST from 3
INFO: 01:44:13.529628 messenger.go:346: RECEIVED EST from 7
INFO: 01:44:13.531790 messenger.go:270: SENT EST to 2
INFO: 01:44:13.533649 messenger.go:270: SENT EST to 6
INFO: 01:44:13.533660 messenger.go:270: SENT EST to 7
INFO: 01:44:13.535866 messenger.go:346: RECEIVED EST from 4
INFO: 01:44:13.543759 messenger.go:270: SENT EST to 3
INFO: 01:44:13.544052 messenger.go:270: SENT EST to 4
INFO: 01:44:13.544054 messenger.go:270: SENT EST to 5
INFO: 01:44:13.544895 messenger.go:346: RECEIVED EST from 5
INFO: 01:44:13.545285 messenger.go:270: SENT EST to 8
INFO: 01:44:13.549908 messenger.go:270: SENT EST to 0
INFO: 01:44:13.550635 messenger.go:346: RECEIVED EST from 8
INFO: 01:44:13.551311 messenger.go:270: SENT EST to 1
INFO: 01:44:13.554616 messenger.go:346: RECEIVED EST from 2
INFO: 01:44:13.554817 messenger.go:346: RECEIVED EST from 1
INFO: 01:44:13.557842 messenger.go:346: RECEIVED EST from 3
INFO: 01:44:13.559353 messenger.go:346: RECEIVED EST from 0
INFO: 01:44:13.561404 messenger.go:270: SENT EST to 6
INFO: 01:44:13.563389 messenger.go:346: RECEIVED EST from 6
INFO: 01:44:13.563606 messenger.go:346: RECEIVED EST from 7
INFO: 01:44:13.568664 messenger.go:270: SENT EST to 7
INFO: 01:44:13.571136 messenger.go:270: SENT EST to 8
INFO: 01:44:13.571544 messenger.go:270: SENT EST to 0
INFO: 01:44:13.571616 messenger.go:270: SENT EST to 1
