INFO: 00:38:55.839727 main.go:29: ID:9 | N:10 | F:3 | Clients:1 | Scenario:NORMAL | Remote:false

INFO: 00:38:55.840130 messenger.go:90: Receive from Server 0 on tcp://*:4900
INFO: 00:38:55.840288 messenger.go:107: Send to Server 0 on tcp://localhost:4009
INFO: 00:38:55.840326 messenger.go:90: Receive from Server 1 on tcp://*:4901
INFO: 00:38:55.840350 messenger.go:107: Send to Server 1 on tcp://localhost:4109
INFO: 00:38:55.840373 messenger.go:90: Receive from Server 2 on tcp://*:4902
INFO: 00:38:55.840394 messenger.go:107: Send to Server 2 on tcp://localhost:4209
INFO: 00:38:55.840415 messenger.go:90: Receive from Server 3 on tcp://*:4903
INFO: 00:38:55.840435 messenger.go:107: Send to Server 3 on tcp://localhost:4309
INFO: 00:38:55.883525 messenger.go:90: Receive from Server 4 on tcp://*:4904
INFO: 00:38:55.883965 messenger.go:107: Send to Server 4 on tcp://localhost:4409
INFO: 00:38:55.884236 messenger.go:90: Receive from Server 5 on tcp://*:4905
INFO: 00:38:55.884423 messenger.go:107: Send to Server 5 on tcp://localhost:4509
INFO: 00:38:55.884591 messenger.go:90: Receive from Server 6 on tcp://*:4906
INFO: 00:38:55.884718 messenger.go:107: Send to Server 6 on tcp://localhost:4609
INFO: 00:38:55.884860 messenger.go:90: Receive from Server 7 on tcp://*:4907
INFO: 00:38:55.885560 messenger.go:107: Send to Server 7 on tcp://localhost:4709
INFO: 00:38:55.886155 messenger.go:90: Receive from Server 8 on tcp://*:4908
INFO: 00:38:55.886512 messenger.go:107: Send to Server 8 on tcp://localhost:4809
INFO: 00:38:55.887471 messenger.go:113: -----------------------------------------
INFO: 00:38:55.887805 messenger.go:135: Requests from Client 0 on tcp://*:7900
INFO: 00:38:55.887935 messenger.go:152: Response to Client 0 on tcp://*:10900
INFO: 00:38:55.888013 messenger.go:155: -----------------------------------------

INFO: 00:38:56.123472 messenger.go:346: RECEIVED EST from 4
INFO: 00:38:56.148652 messenger.go:346: RECEIVED EST from 6
INFO: 00:38:56.272239 main.go:83: Initial estimate value:  1
INFO: 00:38:56.394403 messenger.go:270: SENT EST to 8
INFO: 00:38:56.394699 messenger.go:346: RECEIVED EST from 5
INFO: 00:38:56.272792 messenger.go:346: RECEIVED EST from 1
INFO: 00:38:56.300035 messenger.go:346: RECEIVED EST from 8
INFO: 00:38:56.416870 messenger.go:346: RECEIVED EST from 0
INFO: 00:38:56.549186 messenger.go:346: RECEIVED EST from 2
INFO: 00:38:56.585951 messenger.go:270: SENT EST to 2
INFO: 00:38:56.781474 messenger.go:270: SENT EST to 0
INFO: 00:38:56.787537 messenger.go:270: SENT EST to 4
INFO: 00:38:56.791123 messenger.go:270: SENT EST to 5
INFO: 00:38:56.810253 messenger.go:346: RECEIVED EST from 3
INFO: 00:38:56.812478 messenger.go:270: SENT EST to 7
INFO: 00:38:56.812583 messenger.go:270: SENT EST to 1
INFO: 00:38:56.812730 messenger.go:346: RECEIVED EST from 7
INFO: 00:38:56.822947 messenger.go:270: SENT EST to 3
INFO: 00:38:56.827935 messenger.go:270: SENT EST to 6
